<?xml version="1.0" encoding="UTF-8"?>
<!--
  ~ Copyright  2016  Department of Biomedical Informatics, University of Utah
  ~ <p>
  ~ Licensed under the Apache License, Version 2.0 (the "License");
  ~ you may not use this file except in compliance with the License.
  ~ You may obtain a copy of the License at
  ~ <p>
  ~ http://www.apache.org/licenses/LICENSE-2.0
  ~ <p>
  ~ Unless required by applicable law or agreed to in writing, software
  ~ distributed under the License is distributed on an "AS IS" BASIS,
  ~ WITHOUT WARRANTIES OR CONDITIONS OF ANY KIND, either express or implied.
  ~ See the License for the specific language governing permissions and
  ~ limitations under the License.
  -->

<testsuite name="edu.utah.blulab.domainontology.AppTest" tests="1" skipped="0" failures="0" errors="0" timestamp="2017-05-02T20:01:50" hostname="brokenjade-ThinkPad-L530" time="0.002">
  <properties/>
  <testcase name="testApp" classname="edu.utah.blulab.domainontology.AppTest" time="0.002"/>
  <system-out><![CDATA[]]></system-out>
  <system-err><![CDATA[]]></system-err>
</testsuite>
