<?xml version="1.0" encoding="UTF-8"?>
<testsuite name="edu.utah.blulab.domainontology.AppTest" tests="1" skipped="0" failures="0" errors="0" timestamp="2016-12-14T17:36:15" hostname="DESKTOP-FKG400I" time="0.001">
  <properties/>
  <testcase name="testApp" classname="edu.utah.blulab.domainontology.AppTest" time="0.001"/>
  <system-out><![CDATA[]]></system-out>
  <system-err><![CDATA[]]></system-err>
</testsuite>
