<?xml version="1.0" encoding="UTF-8"?>
<!--
  ~ Copyright  2016  Department of Biomedical Informatics, University of Utah
  ~ <p>
  ~ Licensed under the Apache License, Version 2.0 (the "License");
  ~ you may not use this file except in compliance with the License.
  ~ You may obtain a copy of the License at
  ~ <p>
  ~ http://www.apache.org/licenses/LICENSE-2.0
  ~ <p>
  ~ Unless required by applicable law or agreed to in writing, software
  ~ distributed under the License is distributed on an "AS IS" BASIS,
  ~ WITHOUT WARRANTIES OR CONDITIONS OF ANY KIND, either express or implied.
  ~ See the License for the specific language governing permissions and
  ~ limitations under the License.
  -->

<testsuite name="edu.utah.blulab.domainontology.DomainOntologyTest" tests="1" skipped="0" failures="0" errors="0" timestamp="2017-05-02T20:01:50" hostname="brokenjade-ThinkPad-L530" time="3.735">
  <properties/>
  <testcase name="test" classname="edu.utah.blulab.domainontology.DomainOntologyTest" time="3.735"/>
  <system-out><![CDATA[Loaded ontology:http://blulab.chpc.utah.edu/ontologies/schema/endo/colonoscopyQuality.owl
Loaded imports: 
http://blulab.chpc.utah.edu/ontologies/v2/Schema.owl
http://blulab.chpc.utah.edu/ontologies/TermMapping.owl
http://blulab.chpc.utah.edu/ontologies/v2/SemanticType.owl
http://blulab.chpc.utah.edu/ontologies/v2/ConText.owl
Variable [varID=http://blulab.chpc.utah.edu/ontologies/schema/endo/colonoscopyQuality.owl#KA_1000, varName=Polyp Retrieval Finding, type= , anchor=[LogicExpression [type=SINGLE, toString()=[Anchor [prefTerm=Polyp, prefCode=C0032584, pseudos=[]]]]]
	, modifiers={http://blulab.chpc.utah.edu/ontologies/v2/Schema.owl#hasTemporality=LogicExpression [type=SINGLE, toString()=[
	Modifier: Overlap_DocTimeRel, uri=http://blulab.chpc.utah.edu/ontologies/schema/endo/colonoscopyQuality.owl#Overlap_DocTimeRel, type= Linguistic, classPath= [<http://blulab.chpc.utah.edu/ontologies/v2/ConText.owl#Lexicon> -> <http://blulab.chpc.utah.edu/ontologies/v2/ConText.owl#Modifier> -> <http://blulab.chpc.utah.edu/ontologies/v2/ConText.owl#LinguisticModifier> -> <http://blulab.chpc.utah.edu/ontologies/v2/ConText.owl#Temporality> -> <http://blulab.chpc.utah.edu/ontologies/schema/endo/colonoscopyQuality.owl#Overlap_DocTimeRel>]]]], http://blulab.chpc.utah.edu/ontologies/v2/Schema.owl#hasExperiencer=LogicExpression [type=SINGLE, toString()=[
	Modifier: Patient_Experiencer, uri=http://blulab.chpc.utah.edu/ontologies/schema/endo/colonoscopyQuality.owl#Patient_Experiencer, type= Linguistic, classPath= [<http://blulab.chpc.utah.edu/ontologies/v2/ConText.owl#Lexicon> -> <http://blulab.chpc.utah.edu/ontologies/v2/ConText.owl#Modifier> -> <http://blulab.chpc.utah.edu/ontologies/v2/ConText.owl#LinguisticModifier> -> <http://blulab.chpc.utah.edu/ontologies/v2/ConText.owl#Experiencer> -> <http://blulab.chpc.utah.edu/ontologies/schema/endo/colonoscopyQuality.owl#Patient_Experiencer>]]]], http://blulab.chpc.utah.edu/ontologies/v2/Schema.owl#hasCertainty=LogicExpression [type=SINGLE, toString()=[
	Modifier: DefiniteExistence_Certainty, uri=http://blulab.chpc.utah.edu/ontologies/schema/endo/colonoscopyQuality.owl#DefiniteExistence_Certainty, type= Linguistic, classPath= [<http://blulab.chpc.utah.edu/ontologies/v2/ConText.owl#Lexicon> -> <http://blulab.chpc.utah.edu/ontologies/v2/ConText.owl#Modifier> -> <http://blulab.chpc.utah.edu/ontologies/v2/ConText.owl#LinguisticModifier> -> <http://blulab.chpc.utah.edu/ontologies/v2/ConText.owl#Certainty> -> <http://blulab.chpc.utah.edu/ontologies/schema/endo/colonoscopyQuality.owl#DefiniteExistence_Certainty>]]]]}
	, numerics=[]]
Variable [varID=http://blulab.chpc.utah.edu/ontologies/schema/endo/colonoscopyQuality.owl#KA_1001, varName=Bowel Preparation, type= , anchor=[LogicExpression [type=SINGLE, toString()=[Anchor [prefTerm=Bowel preparation, prefCode=C0455052, pseudos=[]]]]]
	, modifiers={http://blulab.chpc.utah.edu/ontologies/v2/Schema.owl#hasTemporality=LogicExpression [type=SINGLE, toString()=[
	Modifier: Overlap_DocTimeRel, uri=http://blulab.chpc.utah.edu/ontologies/schema/endo/colonoscopyQuality.owl#Overlap_DocTimeRel, type= Linguistic, classPath= [<http://blulab.chpc.utah.edu/ontologies/v2/ConText.owl#Lexicon> -> <http://blulab.chpc.utah.edu/ontologies/v2/ConText.owl#Modifier> -> <http://blulab.chpc.utah.edu/ontologies/v2/ConText.owl#LinguisticModifier> -> <http://blulab.chpc.utah.edu/ontologies/v2/ConText.owl#Temporality> -> <http://blulab.chpc.utah.edu/ontologies/schema/endo/colonoscopyQuality.owl#Overlap_DocTimeRel>]]]], http://blulab.chpc.utah.edu/ontologies/v2/Schema.owl#hasInterpretation=LogicExpression [type=SINGLE, toString()=[
	Modifier: OrdinalInterpretation, uri=http://blulab.chpc.utah.edu/ontologies/v2/ConText.owl#OrdinalInterpretation, type= Semantic, classPath= [<http://blulab.chpc.utah.edu/ontologies/v2/ConText.owl#Lexicon> -> <http://blulab.chpc.utah.edu/ontologies/v2/ConText.owl#Modifier> -> <http://blulab.chpc.utah.edu/ontologies/v2/ConText.owl#SemanticModifier> -> <http://blulab.chpc.utah.edu/ontologies/v2/ConText.owl#OrdinalInterpretation>]]]], http://blulab.chpc.utah.edu/ontologies/v2/Schema.owl#hasExperiencer=LogicExpression [type=SINGLE, toString()=[
	Modifier: Patient_Experiencer, uri=http://blulab.chpc.utah.edu/ontologies/schema/endo/colonoscopyQuality.owl#Patient_Experiencer, type= Linguistic, classPath= [<http://blulab.chpc.utah.edu/ontologies/v2/ConText.owl#Lexicon> -> <http://blulab.chpc.utah.edu/ontologies/v2/ConText.owl#Modifier> -> <http://blulab.chpc.utah.edu/ontologies/v2/ConText.owl#LinguisticModifier> -> <http://blulab.chpc.utah.edu/ontologies/v2/ConText.owl#Experiencer> -> <http://blulab.chpc.utah.edu/ontologies/schema/endo/colonoscopyQuality.owl#Patient_Experiencer>]]]], http://blulab.chpc.utah.edu/ontologies/v2/Schema.owl#hasCertainty=LogicExpression [type=SINGLE, toString()=[
	Modifier: DefiniteExistence_Certainty, uri=http://blulab.chpc.utah.edu/ontologies/schema/endo/colonoscopyQuality.owl#DefiniteExistence_Certainty, type= Linguistic, classPath= [<http://blulab.chpc.utah.edu/ontologies/v2/ConText.owl#Lexicon> -> <http://blulab.chpc.utah.edu/ontologies/v2/ConText.owl#Modifier> -> <http://blulab.chpc.utah.edu/ontologies/v2/ConText.owl#LinguisticModifier> -> <http://blulab.chpc.utah.edu/ontologies/v2/ConText.owl#Certainty> -> <http://blulab.chpc.utah.edu/ontologies/schema/endo/colonoscopyQuality.owl#DefiniteExistence_Certainty>]]]]}
	, numerics=[Numeric Value: Quantity, uri= http://blulab.chpc.utah.edu/ontologies/v2/ConText.owl#Quantity, type= Quantity, values= []]]
Variable [varID=http://blulab.chpc.utah.edu/ontologies/schema/endo/colonoscopyQuality.owl#KA_1002, varName=Colonoscopy Extent Observation, type= , anchor=[LogicExpression [type=SINGLE, toString()=[Anchor [prefTerm=colonoscopy extent, prefCode=, pseudos=[]]]]]
	, modifiers={http://blulab.chpc.utah.edu/ontologies/v2/Schema.owl#hasTemporality=LogicExpression [type=SINGLE, toString()=[
	Modifier: Overlap_DocTimeRel, uri=http://blulab.chpc.utah.edu/ontologies/schema/endo/colonoscopyQuality.owl#Overlap_DocTimeRel, type= Linguistic, classPath= [<http://blulab.chpc.utah.edu/ontologies/v2/ConText.owl#Lexicon> -> <http://blulab.chpc.utah.edu/ontologies/v2/ConText.owl#Modifier> -> <http://blulab.chpc.utah.edu/ontologies/v2/ConText.owl#LinguisticModifier> -> <http://blulab.chpc.utah.edu/ontologies/v2/ConText.owl#Temporality> -> <http://blulab.chpc.utah.edu/ontologies/schema/endo/colonoscopyQuality.owl#Overlap_DocTimeRel>]]]], http://blulab.chpc.utah.edu/ontologies/v2/Schema.owl#hasExperiencer=LogicExpression [type=SINGLE, toString()=[
	Modifier: Patient_Experiencer, uri=http://blulab.chpc.utah.edu/ontologies/schema/endo/colonoscopyQuality.owl#Patient_Experiencer, type= Linguistic, classPath= [<http://blulab.chpc.utah.edu/ontologies/v2/ConText.owl#Lexicon> -> <http://blulab.chpc.utah.edu/ontologies/v2/ConText.owl#Modifier> -> <http://blulab.chpc.utah.edu/ontologies/v2/ConText.owl#LinguisticModifier> -> <http://blulab.chpc.utah.edu/ontologies/v2/ConText.owl#Experiencer> -> <http://blulab.chpc.utah.edu/ontologies/schema/endo/colonoscopyQuality.owl#Patient_Experiencer>]]]], http://blulab.chpc.utah.edu/ontologies/v2/Schema.owl#hasCertainty=LogicExpression [type=SINGLE, toString()=[
	Modifier: DefiniteExistence_Certainty, uri=http://blulab.chpc.utah.edu/ontologies/schema/endo/colonoscopyQuality.owl#DefiniteExistence_Certainty, type= Linguistic, classPath= [<http://blulab.chpc.utah.edu/ontologies/v2/ConText.owl#Lexicon> -> <http://blulab.chpc.utah.edu/ontologies/v2/ConText.owl#Modifier> -> <http://blulab.chpc.utah.edu/ontologies/v2/ConText.owl#LinguisticModifier> -> <http://blulab.chpc.utah.edu/ontologies/v2/ConText.owl#Certainty> -> <http://blulab.chpc.utah.edu/ontologies/schema/endo/colonoscopyQuality.owl#DefiniteExistence_Certainty>]]]], http://blulab.chpc.utah.edu/ontologies/v2/Schema.owl#hasBodySite=LogicExpression [type=OR, toString()=[
	Modifier: Anatomical_anastomosis, uri=http://blulab.chpc.utah.edu/ontologies/schema/endo/colonoscopyQuality.owl#Anatomical_anastomosis, type= Semantic, classPath= [<http://blulab.chpc.utah.edu/ontologies/v2/ConText.owl#Lexicon> -> <http://blulab.chpc.utah.edu/ontologies/v2/ConText.owl#Modifier> -> <http://blulab.chpc.utah.edu/ontologies/v2/ConText.owl#SemanticModifier> -> <http://blulab.chpc.utah.edu/ontologies/v2/ConText.owl#BodySite> -> <http://blulab.chpc.utah.edu/ontologies/schema/endo/colonoscopyQuality.owl#Anatomical_anastomosis>]], 
	Modifier: Cecum, uri=http://blulab.chpc.utah.edu/ontologies/schema/endo/colonoscopyQuality.owl#Cecum, type= Semantic, classPath= [<http://blulab.chpc.utah.edu/ontologies/v2/ConText.owl#Lexicon> -> <http://blulab.chpc.utah.edu/ontologies/v2/ConText.owl#Modifier> -> <http://blulab.chpc.utah.edu/ontologies/v2/ConText.owl#SemanticModifier> -> <http://blulab.chpc.utah.edu/ontologies/v2/ConText.owl#BodySite> -> <http://blulab.chpc.utah.edu/ontologies/schema/endo/colonoscopyQuality.owl#Colon_structure> -> <http://blulab.chpc.utah.edu/ontologies/schema/endo/colonoscopyQuality.owl#Cecum>]], 
	Modifier: Colon_structure, uri=http://blulab.chpc.utah.edu/ontologies/schema/endo/colonoscopyQuality.owl#Colon_structure, type= Semantic, classPath= [<http://blulab.chpc.utah.edu/ontologies/v2/ConText.owl#Lexicon> -> <http://blulab.chpc.utah.edu/ontologies/v2/ConText.owl#Modifier> -> <http://blulab.chpc.utah.edu/ontologies/v2/ConText.owl#SemanticModifier> -> <http://blulab.chpc.utah.edu/ontologies/v2/ConText.owl#BodySite> -> <http://blulab.chpc.utah.edu/ontologies/schema/endo/colonoscopyQuality.owl#Colon_structure>]], 
	Modifier: Rectum, uri=http://blulab.chpc.utah.edu/ontologies/schema/endo/colonoscopyQuality.owl#Rectum, type= Semantic, classPath= [<http://blulab.chpc.utah.edu/ontologies/v2/ConText.owl#Lexicon> -> <http://blulab.chpc.utah.edu/ontologies/v2/ConText.owl#Modifier> -> <http://blulab.chpc.utah.edu/ontologies/v2/ConText.owl#SemanticModifier> -> <http://blulab.chpc.utah.edu/ontologies/v2/ConText.owl#BodySite> -> <http://blulab.chpc.utah.edu/ontologies/schema/endo/colonoscopyQuality.owl#Rectum>]], 
	Modifier: ileum, uri=http://blulab.chpc.utah.edu/ontologies/schema/endo/colonoscopyQuality.owl#ileum, type= Semantic, classPath= [<http://blulab.chpc.utah.edu/ontologies/v2/ConText.owl#Lexicon> -> <http://blulab.chpc.utah.edu/ontologies/v2/ConText.owl#Modifier> -> <http://blulab.chpc.utah.edu/ontologies/v2/ConText.owl#SemanticModifier> -> <http://blulab.chpc.utah.edu/ontologies/v2/ConText.owl#BodySite> -> <http://blulab.chpc.utah.edu/ontologies/schema/endo/colonoscopyQuality.owl#ileum>]]]]}
	, numerics=[Numeric Value: ExamExtentDistance, uri= http://blulab.chpc.utah.edu/ontologies/schema/endo/colonoscopyQuality.owl#ExamExtentDistance, type= Quantity, values= []]]
Variable [varID=http://blulab.chpc.utah.edu/ontologies/schema/endo/colonoscopyQuality.owl#KA_1003, varName=Polyp Location, type= , anchor=[LogicExpression [type=SINGLE, toString()=[Anchor [prefTerm=Polyp, prefCode=C0032584, pseudos=[]]]]]
	, modifiers={http://blulab.chpc.utah.edu/ontologies/v2/Schema.owl#hasTemporality=LogicExpression [type=SINGLE, toString()=[
	Modifier: Overlap_DocTimeRel, uri=http://blulab.chpc.utah.edu/ontologies/schema/endo/colonoscopyQuality.owl#Overlap_DocTimeRel, type= Linguistic, classPath= [<http://blulab.chpc.utah.edu/ontologies/v2/ConText.owl#Lexicon> -> <http://blulab.chpc.utah.edu/ontologies/v2/ConText.owl#Modifier> -> <http://blulab.chpc.utah.edu/ontologies/v2/ConText.owl#LinguisticModifier> -> <http://blulab.chpc.utah.edu/ontologies/v2/ConText.owl#Temporality> -> <http://blulab.chpc.utah.edu/ontologies/schema/endo/colonoscopyQuality.owl#Overlap_DocTimeRel>]]]], http://blulab.chpc.utah.edu/ontologies/v2/Schema.owl#hasExperiencer=LogicExpression [type=SINGLE, toString()=[
	Modifier: Patient_Experiencer, uri=http://blulab.chpc.utah.edu/ontologies/schema/endo/colonoscopyQuality.owl#Patient_Experiencer, type= Linguistic, classPath= [<http://blulab.chpc.utah.edu/ontologies/v2/ConText.owl#Lexicon> -> <http://blulab.chpc.utah.edu/ontologies/v2/ConText.owl#Modifier> -> <http://blulab.chpc.utah.edu/ontologies/v2/ConText.owl#LinguisticModifier> -> <http://blulab.chpc.utah.edu/ontologies/v2/ConText.owl#Experiencer> -> <http://blulab.chpc.utah.edu/ontologies/schema/endo/colonoscopyQuality.owl#Patient_Experiencer>]]]], http://blulab.chpc.utah.edu/ontologies/v2/Schema.owl#hasCertainty=LogicExpression [type=SINGLE, toString()=[
	Modifier: DefiniteExistence_Certainty, uri=http://blulab.chpc.utah.edu/ontologies/schema/endo/colonoscopyQuality.owl#DefiniteExistence_Certainty, type= Linguistic, classPath= [<http://blulab.chpc.utah.edu/ontologies/v2/ConText.owl#Lexicon> -> <http://blulab.chpc.utah.edu/ontologies/v2/ConText.owl#Modifier> -> <http://blulab.chpc.utah.edu/ontologies/v2/ConText.owl#LinguisticModifier> -> <http://blulab.chpc.utah.edu/ontologies/v2/ConText.owl#Certainty> -> <http://blulab.chpc.utah.edu/ontologies/schema/endo/colonoscopyQuality.owl#DefiniteExistence_Certainty>]]]], http://blulab.chpc.utah.edu/ontologies/v2/Schema.owl#hasBodySite=LogicExpression [type=OR, toString()=[
	Modifier: Cecum, uri=http://blulab.chpc.utah.edu/ontologies/schema/endo/colonoscopyQuality.owl#Cecum, type= Semantic, classPath= [<http://blulab.chpc.utah.edu/ontologies/v2/ConText.owl#Lexicon> -> <http://blulab.chpc.utah.edu/ontologies/v2/ConText.owl#Modifier> -> <http://blulab.chpc.utah.edu/ontologies/v2/ConText.owl#SemanticModifier> -> <http://blulab.chpc.utah.edu/ontologies/v2/ConText.owl#BodySite> -> <http://blulab.chpc.utah.edu/ontologies/schema/endo/colonoscopyQuality.owl#Colon_structure> -> <http://blulab.chpc.utah.edu/ontologies/schema/endo/colonoscopyQuality.owl#Cecum>]], 
	Modifier: Colon_structure, uri=http://blulab.chpc.utah.edu/ontologies/schema/endo/colonoscopyQuality.owl#Colon_structure, type= Semantic, classPath= [<http://blulab.chpc.utah.edu/ontologies/v2/ConText.owl#Lexicon> -> <http://blulab.chpc.utah.edu/ontologies/v2/ConText.owl#Modifier> -> <http://blulab.chpc.utah.edu/ontologies/v2/ConText.owl#SemanticModifier> -> <http://blulab.chpc.utah.edu/ontologies/v2/ConText.owl#BodySite> -> <http://blulab.chpc.utah.edu/ontologies/schema/endo/colonoscopyQuality.owl#Colon_structure>]], 
	Modifier: Rectum, uri=http://blulab.chpc.utah.edu/ontologies/schema/endo/colonoscopyQuality.owl#Rectum, type= Semantic, classPath= [<http://blulab.chpc.utah.edu/ontologies/v2/ConText.owl#Lexicon> -> <http://blulab.chpc.utah.edu/ontologies/v2/ConText.owl#Modifier> -> <http://blulab.chpc.utah.edu/ontologies/v2/ConText.owl#SemanticModifier> -> <http://blulab.chpc.utah.edu/ontologies/v2/ConText.owl#BodySite> -> <http://blulab.chpc.utah.edu/ontologies/schema/endo/colonoscopyQuality.owl#Rectum>]], 
	Modifier: ileum, uri=http://blulab.chpc.utah.edu/ontologies/schema/endo/colonoscopyQuality.owl#ileum, type= Semantic, classPath= [<http://blulab.chpc.utah.edu/ontologies/v2/ConText.owl#Lexicon> -> <http://blulab.chpc.utah.edu/ontologies/v2/ConText.owl#Modifier> -> <http://blulab.chpc.utah.edu/ontologies/v2/ConText.owl#SemanticModifier> -> <http://blulab.chpc.utah.edu/ontologies/v2/ConText.owl#BodySite> -> <http://blulab.chpc.utah.edu/ontologies/schema/endo/colonoscopyQuality.owl#ileum>]]]]}
	, numerics=[Numeric Value: LocationDistance, uri= http://blulab.chpc.utah.edu/ontologies/schema/endo/colonoscopyQuality.owl#LocationDistance, type= Quantity, values= []]]
Variable [varID=http://blulab.chpc.utah.edu/ontologies/schema/endo/colonoscopyQuality.owl#KA_1004, varName=Polyp Number, type= , anchor=[LogicExpression [type=SINGLE, toString()=[Anchor [prefTerm=Polyp, prefCode=C0032584, pseudos=[]]]]]
	, modifiers={http://blulab.chpc.utah.edu/ontologies/v2/Schema.owl#hasTemporality=LogicExpression [type=SINGLE, toString()=[
	Modifier: Overlap_DocTimeRel, uri=http://blulab.chpc.utah.edu/ontologies/schema/endo/colonoscopyQuality.owl#Overlap_DocTimeRel, type= Linguistic, classPath= [<http://blulab.chpc.utah.edu/ontologies/v2/ConText.owl#Lexicon> -> <http://blulab.chpc.utah.edu/ontologies/v2/ConText.owl#Modifier> -> <http://blulab.chpc.utah.edu/ontologies/v2/ConText.owl#LinguisticModifier> -> <http://blulab.chpc.utah.edu/ontologies/v2/ConText.owl#Temporality> -> <http://blulab.chpc.utah.edu/ontologies/schema/endo/colonoscopyQuality.owl#Overlap_DocTimeRel>]]]], http://blulab.chpc.utah.edu/ontologies/v2/Schema.owl#hasInterpretation=LogicExpression [type=SINGLE, toString()=[
	Modifier: NumberCategory, uri=http://blulab.chpc.utah.edu/ontologies/schema/endo/colonoscopyQuality.owl#NumberCategory, type= Semantic, classPath= [<http://blulab.chpc.utah.edu/ontologies/v2/ConText.owl#Lexicon> -> <http://blulab.chpc.utah.edu/ontologies/v2/ConText.owl#Modifier> -> <http://blulab.chpc.utah.edu/ontologies/v2/ConText.owl#SemanticModifier> -> <http://blulab.chpc.utah.edu/ontologies/schema/endo/colonoscopyQuality.owl#NumberCategory>]]]], http://blulab.chpc.utah.edu/ontologies/v2/Schema.owl#hasExperiencer=LogicExpression [type=SINGLE, toString()=[
	Modifier: Patient_Experiencer, uri=http://blulab.chpc.utah.edu/ontologies/schema/endo/colonoscopyQuality.owl#Patient_Experiencer, type= Linguistic, classPath= [<http://blulab.chpc.utah.edu/ontologies/v2/ConText.owl#Lexicon> -> <http://blulab.chpc.utah.edu/ontologies/v2/ConText.owl#Modifier> -> <http://blulab.chpc.utah.edu/ontologies/v2/ConText.owl#LinguisticModifier> -> <http://blulab.chpc.utah.edu/ontologies/v2/ConText.owl#Experiencer> -> <http://blulab.chpc.utah.edu/ontologies/schema/endo/colonoscopyQuality.owl#Patient_Experiencer>]]]], http://blulab.chpc.utah.edu/ontologies/v2/Schema.owl#hasCertainty=LogicExpression [type=SINGLE, toString()=[
	Modifier: DefiniteExistence_Certainty, uri=http://blulab.chpc.utah.edu/ontologies/schema/endo/colonoscopyQuality.owl#DefiniteExistence_Certainty, type= Linguistic, classPath= [<http://blulab.chpc.utah.edu/ontologies/v2/ConText.owl#Lexicon> -> <http://blulab.chpc.utah.edu/ontologies/v2/ConText.owl#Modifier> -> <http://blulab.chpc.utah.edu/ontologies/v2/ConText.owl#LinguisticModifier> -> <http://blulab.chpc.utah.edu/ontologies/v2/ConText.owl#Certainty> -> <http://blulab.chpc.utah.edu/ontologies/schema/endo/colonoscopyQuality.owl#DefiniteExistence_Certainty>]]]]}
	, numerics=[]]
Variable [varID=http://blulab.chpc.utah.edu/ontologies/schema/endo/colonoscopyQuality.owl#KA_1005, varName=Polyp Size, type= , anchor=[LogicExpression [type=SINGLE, toString()=[Anchor [prefTerm=Polyp, prefCode=C0032584, pseudos=[]]]]]
	, modifiers={http://blulab.chpc.utah.edu/ontologies/v2/Schema.owl#hasTemporality=LogicExpression [type=SINGLE, toString()=[
	Modifier: Overlap_DocTimeRel, uri=http://blulab.chpc.utah.edu/ontologies/schema/endo/colonoscopyQuality.owl#Overlap_DocTimeRel, type= Linguistic, classPath= [<http://blulab.chpc.utah.edu/ontologies/v2/ConText.owl#Lexicon> -> <http://blulab.chpc.utah.edu/ontologies/v2/ConText.owl#Modifier> -> <http://blulab.chpc.utah.edu/ontologies/v2/ConText.owl#LinguisticModifier> -> <http://blulab.chpc.utah.edu/ontologies/v2/ConText.owl#Temporality> -> <http://blulab.chpc.utah.edu/ontologies/schema/endo/colonoscopyQuality.owl#Overlap_DocTimeRel>]]]], http://blulab.chpc.utah.edu/ontologies/v2/Schema.owl#hasInterpretation=LogicExpression [type=SINGLE, toString()=[
	Modifier: SizeCategory, uri=http://blulab.chpc.utah.edu/ontologies/schema/endo/colonoscopyQuality.owl#SizeCategory, type= Semantic, classPath= [<http://blulab.chpc.utah.edu/ontologies/v2/ConText.owl#Lexicon> -> <http://blulab.chpc.utah.edu/ontologies/v2/ConText.owl#Modifier> -> <http://blulab.chpc.utah.edu/ontologies/v2/ConText.owl#SemanticModifier> -> <http://blulab.chpc.utah.edu/ontologies/schema/endo/colonoscopyQuality.owl#SizeCategory>]]]], http://blulab.chpc.utah.edu/ontologies/v2/Schema.owl#hasExperiencer=LogicExpression [type=SINGLE, toString()=[
	Modifier: Patient_Experiencer, uri=http://blulab.chpc.utah.edu/ontologies/schema/endo/colonoscopyQuality.owl#Patient_Experiencer, type= Linguistic, classPath= [<http://blulab.chpc.utah.edu/ontologies/v2/ConText.owl#Lexicon> -> <http://blulab.chpc.utah.edu/ontologies/v2/ConText.owl#Modifier> -> <http://blulab.chpc.utah.edu/ontologies/v2/ConText.owl#LinguisticModifier> -> <http://blulab.chpc.utah.edu/ontologies/v2/ConText.owl#Experiencer> -> <http://blulab.chpc.utah.edu/ontologies/schema/endo/colonoscopyQuality.owl#Patient_Experiencer>]]]], http://blulab.chpc.utah.edu/ontologies/v2/Schema.owl#hasCertainty=LogicExpression [type=SINGLE, toString()=[
	Modifier: DefiniteExistence_Certainty, uri=http://blulab.chpc.utah.edu/ontologies/schema/endo/colonoscopyQuality.owl#DefiniteExistence_Certainty, type= Linguistic, classPath= [<http://blulab.chpc.utah.edu/ontologies/v2/ConText.owl#Lexicon> -> <http://blulab.chpc.utah.edu/ontologies/v2/ConText.owl#Modifier> -> <http://blulab.chpc.utah.edu/ontologies/v2/ConText.owl#LinguisticModifier> -> <http://blulab.chpc.utah.edu/ontologies/v2/ConText.owl#Certainty> -> <http://blulab.chpc.utah.edu/ontologies/schema/endo/colonoscopyQuality.owl#DefiniteExistence_Certainty>]]]]}
	, numerics=[]]
Variable [varID=http://blulab.chpc.utah.edu/ontologies/schema/endo/colonoscopyQuality.owl#KA_1006, varName=Polyp Resection, type= , anchor=[LogicExpression [type=SINGLE, toString()=[Anchor [prefTerm=Polypectomy, prefCode=C0521210, pseudos=[]]]]]
	, modifiers={http://blulab.chpc.utah.edu/ontologies/v2/Schema.owl#hasMethod=LogicExpression [type=SINGLE, toString()=[
	Modifier: ProcedureMethod, uri=http://blulab.chpc.utah.edu/ontologies/schema/endo/colonoscopyQuality.owl#ProcedureMethod, type= Semantic, classPath= [<http://blulab.chpc.utah.edu/ontologies/v2/ConText.owl#Lexicon> -> <http://blulab.chpc.utah.edu/ontologies/v2/ConText.owl#Modifier> -> <http://blulab.chpc.utah.edu/ontologies/v2/ConText.owl#SemanticModifier> -> <http://blulab.chpc.utah.edu/ontologies/schema/endo/colonoscopyQuality.owl#ProcedureMethod>]]]], http://blulab.chpc.utah.edu/ontologies/v2/Schema.owl#hasTemporality=LogicExpression [type=SINGLE, toString()=[
	Modifier: Overlap_DocTimeRel, uri=http://blulab.chpc.utah.edu/ontologies/schema/endo/colonoscopyQuality.owl#Overlap_DocTimeRel, type= Linguistic, classPath= [<http://blulab.chpc.utah.edu/ontologies/v2/ConText.owl#Lexicon> -> <http://blulab.chpc.utah.edu/ontologies/v2/ConText.owl#Modifier> -> <http://blulab.chpc.utah.edu/ontologies/v2/ConText.owl#LinguisticModifier> -> <http://blulab.chpc.utah.edu/ontologies/v2/ConText.owl#Temporality> -> <http://blulab.chpc.utah.edu/ontologies/schema/endo/colonoscopyQuality.owl#Overlap_DocTimeRel>]]]], http://blulab.chpc.utah.edu/ontologies/v2/Schema.owl#hasExperiencer=LogicExpression [type=SINGLE, toString()=[
	Modifier: Patient_Experiencer, uri=http://blulab.chpc.utah.edu/ontologies/schema/endo/colonoscopyQuality.owl#Patient_Experiencer, type= Linguistic, classPath= [<http://blulab.chpc.utah.edu/ontologies/v2/ConText.owl#Lexicon> -> <http://blulab.chpc.utah.edu/ontologies/v2/ConText.owl#Modifier> -> <http://blulab.chpc.utah.edu/ontologies/v2/ConText.owl#LinguisticModifier> -> <http://blulab.chpc.utah.edu/ontologies/v2/ConText.owl#Experiencer> -> <http://blulab.chpc.utah.edu/ontologies/schema/endo/colonoscopyQuality.owl#Patient_Experiencer>]]]], http://blulab.chpc.utah.edu/ontologies/v2/Schema.owl#hasCertainty=LogicExpression [type=SINGLE, toString()=[
	Modifier: DefiniteExistence_Certainty, uri=http://blulab.chpc.utah.edu/ontologies/schema/endo/colonoscopyQuality.owl#DefiniteExistence_Certainty, type= Linguistic, classPath= [<http://blulab.chpc.utah.edu/ontologies/v2/ConText.owl#Lexicon> -> <http://blulab.chpc.utah.edu/ontologies/v2/ConText.owl#Modifier> -> <http://blulab.chpc.utah.edu/ontologies/v2/ConText.owl#LinguisticModifier> -> <http://blulab.chpc.utah.edu/ontologies/v2/ConText.owl#Certainty> -> <http://blulab.chpc.utah.edu/ontologies/schema/endo/colonoscopyQuality.owl#DefiniteExistence_Certainty>]]]]}
	, numerics=[]]
********** Modifier Dictionary: **********

	Modifier: DefiniteExistence_Certainty, uri=http://blulab.chpc.utah.edu/ontologies/schema/endo/colonoscopyQuality.owl#DefiniteExistence_Certainty, type= Linguistic, classPath= [<http://blulab.chpc.utah.edu/ontologies/v2/ConText.owl#Lexicon> -> <http://blulab.chpc.utah.edu/ontologies/v2/ConText.owl#Modifier> -> <http://blulab.chpc.utah.edu/ontologies/v2/ConText.owl#LinguisticModifier> -> <http://blulab.chpc.utah.edu/ontologies/v2/ConText.owl#Certainty> -> <http://blulab.chpc.utah.edu/ontologies/schema/endo/colonoscopyQuality.owl#DefiniteExistence_Certainty>]]

	Modifier: DefiniteNegatedExistence_Certainty, uri=http://blulab.chpc.utah.edu/ontologies/schema/endo/colonoscopyQuality.owl#DefiniteNegatedExistence_Certainty, type= Linguistic, classPath= [<http://blulab.chpc.utah.edu/ontologies/v2/ConText.owl#Lexicon> -> <http://blulab.chpc.utah.edu/ontologies/v2/ConText.owl#Modifier> -> <http://blulab.chpc.utah.edu/ontologies/v2/ConText.owl#LinguisticModifier> -> <http://blulab.chpc.utah.edu/ontologies/v2/ConText.owl#Certainty> -> <http://blulab.chpc.utah.edu/ontologies/schema/endo/colonoscopyQuality.owl#DefiniteNegatedExistence_Certainty>]]

	Modifier: ProbableExistence_Certainty, uri=http://blulab.chpc.utah.edu/ontologies/schema/endo/colonoscopyQuality.owl#ProbableExistence_Certainty, type= Linguistic, classPath= [<http://blulab.chpc.utah.edu/ontologies/v2/ConText.owl#Lexicon> -> <http://blulab.chpc.utah.edu/ontologies/v2/ConText.owl#Modifier> -> <http://blulab.chpc.utah.edu/ontologies/v2/ConText.owl#LinguisticModifier> -> <http://blulab.chpc.utah.edu/ontologies/v2/ConText.owl#Certainty> -> <http://blulab.chpc.utah.edu/ontologies/schema/endo/colonoscopyQuality.owl#ProbableExistence_Certainty>]]

	Modifier: ProbableNegatedExistence_Certainty, uri=http://blulab.chpc.utah.edu/ontologies/schema/endo/colonoscopyQuality.owl#ProbableNegatedExistence_Certainty, type= Linguistic, classPath= [<http://blulab.chpc.utah.edu/ontologies/v2/ConText.owl#Lexicon> -> <http://blulab.chpc.utah.edu/ontologies/v2/ConText.owl#Modifier> -> <http://blulab.chpc.utah.edu/ontologies/v2/ConText.owl#LinguisticModifier> -> <http://blulab.chpc.utah.edu/ontologies/v2/ConText.owl#Certainty> -> <http://blulab.chpc.utah.edu/ontologies/schema/endo/colonoscopyQuality.owl#ProbableNegatedExistence_Certainty>]]

	Modifier: Uncertain_Certainty, uri=http://blulab.chpc.utah.edu/ontologies/schema/endo/colonoscopyQuality.owl#Uncertain_Certainty, type= Linguistic, classPath= [<http://blulab.chpc.utah.edu/ontologies/v2/ConText.owl#Lexicon> -> <http://blulab.chpc.utah.edu/ontologies/v2/ConText.owl#Modifier> -> <http://blulab.chpc.utah.edu/ontologies/v2/ConText.owl#LinguisticModifier> -> <http://blulab.chpc.utah.edu/ontologies/v2/ConText.owl#Certainty> -> <http://blulab.chpc.utah.edu/ontologies/schema/endo/colonoscopyQuality.owl#Uncertain_Certainty>]]

	Modifier: DonorFamilyMember_Experiencer, uri=http://blulab.chpc.utah.edu/ontologies/schema/endo/colonoscopyQuality.owl#DonorFamilyMember_Experiencer, type= Linguistic, classPath= [<http://blulab.chpc.utah.edu/ontologies/v2/ConText.owl#Lexicon> -> <http://blulab.chpc.utah.edu/ontologies/v2/ConText.owl#Modifier> -> <http://blulab.chpc.utah.edu/ontologies/v2/ConText.owl#LinguisticModifier> -> <http://blulab.chpc.utah.edu/ontologies/v2/ConText.owl#Experiencer> -> <http://blulab.chpc.utah.edu/ontologies/schema/endo/colonoscopyQuality.owl#DonorFamilyMember_Experiencer>]]

	Modifier: DonorOtherMember_Experiencer, uri=http://blulab.chpc.utah.edu/ontologies/schema/endo/colonoscopyQuality.owl#DonorOtherMember_Experiencer, type= Linguistic, classPath= [<http://blulab.chpc.utah.edu/ontologies/v2/ConText.owl#Lexicon> -> <http://blulab.chpc.utah.edu/ontologies/v2/ConText.owl#Modifier> -> <http://blulab.chpc.utah.edu/ontologies/v2/ConText.owl#LinguisticModifier> -> <http://blulab.chpc.utah.edu/ontologies/v2/ConText.owl#Experiencer> -> <http://blulab.chpc.utah.edu/ontologies/schema/endo/colonoscopyQuality.owl#DonorOtherMember_Experiencer>]]

	Modifier: FamilyMember_Experiencer, uri=http://blulab.chpc.utah.edu/ontologies/schema/endo/colonoscopyQuality.owl#FamilyMember_Experiencer, type= Linguistic, classPath= [<http://blulab.chpc.utah.edu/ontologies/v2/ConText.owl#Lexicon> -> <http://blulab.chpc.utah.edu/ontologies/v2/ConText.owl#Modifier> -> <http://blulab.chpc.utah.edu/ontologies/v2/ConText.owl#LinguisticModifier> -> <http://blulab.chpc.utah.edu/ontologies/v2/ConText.owl#Experiencer> -> <http://blulab.chpc.utah.edu/ontologies/schema/endo/colonoscopyQuality.owl#FamilyMember_Experiencer>]]

	Modifier: OtherMember_Experiencer, uri=http://blulab.chpc.utah.edu/ontologies/schema/endo/colonoscopyQuality.owl#OtherMember_Experiencer, type= Linguistic, classPath= [<http://blulab.chpc.utah.edu/ontologies/v2/ConText.owl#Lexicon> -> <http://blulab.chpc.utah.edu/ontologies/v2/ConText.owl#Modifier> -> <http://blulab.chpc.utah.edu/ontologies/v2/ConText.owl#LinguisticModifier> -> <http://blulab.chpc.utah.edu/ontologies/v2/ConText.owl#Experiencer> -> <http://blulab.chpc.utah.edu/ontologies/schema/endo/colonoscopyQuality.owl#OtherMember_Experiencer>]]

	Modifier: Patient_Experiencer, uri=http://blulab.chpc.utah.edu/ontologies/schema/endo/colonoscopyQuality.owl#Patient_Experiencer, type= Linguistic, classPath= [<http://blulab.chpc.utah.edu/ontologies/v2/ConText.owl#Lexicon> -> <http://blulab.chpc.utah.edu/ontologies/v2/ConText.owl#Modifier> -> <http://blulab.chpc.utah.edu/ontologies/v2/ConText.owl#LinguisticModifier> -> <http://blulab.chpc.utah.edu/ontologies/v2/ConText.owl#Experiencer> -> <http://blulab.chpc.utah.edu/ontologies/schema/endo/colonoscopyQuality.owl#Patient_Experiencer>]]

	Modifier: After_DocTimeRel, uri=http://blulab.chpc.utah.edu/ontologies/schema/endo/colonoscopyQuality.owl#After_DocTimeRel, type= Linguistic, classPath= [<http://blulab.chpc.utah.edu/ontologies/v2/ConText.owl#Lexicon> -> <http://blulab.chpc.utah.edu/ontologies/v2/ConText.owl#Modifier> -> <http://blulab.chpc.utah.edu/ontologies/v2/ConText.owl#LinguisticModifier> -> <http://blulab.chpc.utah.edu/ontologies/v2/ConText.owl#Temporality> -> <http://blulab.chpc.utah.edu/ontologies/schema/endo/colonoscopyQuality.owl#After_DocTimeRel>]]

	Modifier: Before-Overlap_DocTimeRel, uri=http://blulab.chpc.utah.edu/ontologies/schema/endo/colonoscopyQuality.owl#Before-Overlap_DocTimeRel, type= Linguistic, classPath= [<http://blulab.chpc.utah.edu/ontologies/v2/ConText.owl#Lexicon> -> <http://blulab.chpc.utah.edu/ontologies/v2/ConText.owl#Modifier> -> <http://blulab.chpc.utah.edu/ontologies/v2/ConText.owl#LinguisticModifier> -> <http://blulab.chpc.utah.edu/ontologies/v2/ConText.owl#Temporality> -> <http://blulab.chpc.utah.edu/ontologies/schema/endo/colonoscopyQuality.owl#Before-Overlap_DocTimeRel>]]

	Modifier: Before_DocTimeRel, uri=http://blulab.chpc.utah.edu/ontologies/schema/endo/colonoscopyQuality.owl#Before_DocTimeRel, type= Linguistic, classPath= [<http://blulab.chpc.utah.edu/ontologies/v2/ConText.owl#Lexicon> -> <http://blulab.chpc.utah.edu/ontologies/v2/ConText.owl#Modifier> -> <http://blulab.chpc.utah.edu/ontologies/v2/ConText.owl#LinguisticModifier> -> <http://blulab.chpc.utah.edu/ontologies/v2/ConText.owl#Temporality> -> <http://blulab.chpc.utah.edu/ontologies/schema/endo/colonoscopyQuality.owl#Before_DocTimeRel>]]

	Modifier: Overlap_DocTimeRel, uri=http://blulab.chpc.utah.edu/ontologies/schema/endo/colonoscopyQuality.owl#Overlap_DocTimeRel, type= Linguistic, classPath= [<http://blulab.chpc.utah.edu/ontologies/v2/ConText.owl#Lexicon> -> <http://blulab.chpc.utah.edu/ontologies/v2/ConText.owl#Modifier> -> <http://blulab.chpc.utah.edu/ontologies/v2/ConText.owl#LinguisticModifier> -> <http://blulab.chpc.utah.edu/ontologies/v2/ConText.owl#Temporality> -> <http://blulab.chpc.utah.edu/ontologies/schema/endo/colonoscopyQuality.owl#Overlap_DocTimeRel>]]

	Modifier: NumberCategory, uri=http://blulab.chpc.utah.edu/ontologies/schema/endo/colonoscopyQuality.owl#NumberCategory, type= Semantic, classPath= [<http://blulab.chpc.utah.edu/ontologies/v2/ConText.owl#Lexicon> -> <http://blulab.chpc.utah.edu/ontologies/v2/ConText.owl#Modifier> -> <http://blulab.chpc.utah.edu/ontologies/v2/ConText.owl#SemanticModifier> -> <http://blulab.chpc.utah.edu/ontologies/schema/endo/colonoscopyQuality.owl#NumberCategory>]]

	Modifier: Few, uri=http://blulab.chpc.utah.edu/ontologies/schema/endo/colonoscopyQuality.owl#Few, type= Semantic, classPath= [<http://blulab.chpc.utah.edu/ontologies/v2/ConText.owl#Lexicon> -> <http://blulab.chpc.utah.edu/ontologies/v2/ConText.owl#Modifier> -> <http://blulab.chpc.utah.edu/ontologies/v2/ConText.owl#SemanticModifier> -> <http://blulab.chpc.utah.edu/ontologies/schema/endo/colonoscopyQuality.owl#NumberCategory> -> <http://blulab.chpc.utah.edu/ontologies/schema/endo/colonoscopyQuality.owl#Few>]]

	Modifier: Many, uri=http://blulab.chpc.utah.edu/ontologies/schema/endo/colonoscopyQuality.owl#Many, type= Semantic, classPath= [<http://blulab.chpc.utah.edu/ontologies/v2/ConText.owl#Lexicon> -> <http://blulab.chpc.utah.edu/ontologies/v2/ConText.owl#Modifier> -> <http://blulab.chpc.utah.edu/ontologies/v2/ConText.owl#SemanticModifier> -> <http://blulab.chpc.utah.edu/ontologies/schema/endo/colonoscopyQuality.owl#NumberCategory> -> <http://blulab.chpc.utah.edu/ontologies/schema/endo/colonoscopyQuality.owl#Many>]]

	Modifier: Several, uri=http://blulab.chpc.utah.edu/ontologies/schema/endo/colonoscopyQuality.owl#Several, type= Semantic, classPath= [<http://blulab.chpc.utah.edu/ontologies/v2/ConText.owl#Lexicon> -> <http://blulab.chpc.utah.edu/ontologies/v2/ConText.owl#Modifier> -> <http://blulab.chpc.utah.edu/ontologies/v2/ConText.owl#SemanticModifier> -> <http://blulab.chpc.utah.edu/ontologies/schema/endo/colonoscopyQuality.owl#NumberCategory> -> <http://blulab.chpc.utah.edu/ontologies/schema/endo/colonoscopyQuality.owl#Several>]]

	Modifier: Singular, uri=http://blulab.chpc.utah.edu/ontologies/schema/endo/colonoscopyQuality.owl#Singular, type= Semantic, classPath= [<http://blulab.chpc.utah.edu/ontologies/v2/ConText.owl#Lexicon> -> <http://blulab.chpc.utah.edu/ontologies/v2/ConText.owl#Modifier> -> <http://blulab.chpc.utah.edu/ontologies/v2/ConText.owl#SemanticModifier> -> <http://blulab.chpc.utah.edu/ontologies/schema/endo/colonoscopyQuality.owl#NumberCategory> -> <http://blulab.chpc.utah.edu/ontologies/schema/endo/colonoscopyQuality.owl#Singular>]]

	Modifier: PolypRetrieval, uri=http://blulab.chpc.utah.edu/ontologies/schema/endo/colonoscopyQuality.owl#PolypRetrieval, type= Semantic, classPath= [<http://blulab.chpc.utah.edu/ontologies/v2/ConText.owl#Lexicon> -> <http://blulab.chpc.utah.edu/ontologies/v2/ConText.owl#Modifier> -> <http://blulab.chpc.utah.edu/ontologies/v2/ConText.owl#SemanticModifier> -> <http://blulab.chpc.utah.edu/ontologies/schema/endo/colonoscopyQuality.owl#PolypRetrieval>]]

	Modifier: NotRetrieved, uri=http://blulab.chpc.utah.edu/ontologies/schema/endo/colonoscopyQuality.owl#NotRetrieved, type= Semantic, classPath= [<http://blulab.chpc.utah.edu/ontologies/v2/ConText.owl#Lexicon> -> <http://blulab.chpc.utah.edu/ontologies/v2/ConText.owl#Modifier> -> <http://blulab.chpc.utah.edu/ontologies/v2/ConText.owl#SemanticModifier> -> <http://blulab.chpc.utah.edu/ontologies/schema/endo/colonoscopyQuality.owl#PolypRetrieval> -> <http://blulab.chpc.utah.edu/ontologies/schema/endo/colonoscopyQuality.owl#NotRetrieved>]]

	Modifier: Retrieved, uri=http://blulab.chpc.utah.edu/ontologies/schema/endo/colonoscopyQuality.owl#Retrieved, type= Semantic, classPath= [<http://blulab.chpc.utah.edu/ontologies/v2/ConText.owl#Lexicon> -> <http://blulab.chpc.utah.edu/ontologies/v2/ConText.owl#Modifier> -> <http://blulab.chpc.utah.edu/ontologies/v2/ConText.owl#SemanticModifier> -> <http://blulab.chpc.utah.edu/ontologies/schema/endo/colonoscopyQuality.owl#PolypRetrieval> -> <http://blulab.chpc.utah.edu/ontologies/schema/endo/colonoscopyQuality.owl#Retrieved>]]

	Modifier: ProcedureMethod, uri=http://blulab.chpc.utah.edu/ontologies/schema/endo/colonoscopyQuality.owl#ProcedureMethod, type= Semantic, classPath= [<http://blulab.chpc.utah.edu/ontologies/v2/ConText.owl#Lexicon> -> <http://blulab.chpc.utah.edu/ontologies/v2/ConText.owl#Modifier> -> <http://blulab.chpc.utah.edu/ontologies/v2/ConText.owl#SemanticModifier> -> <http://blulab.chpc.utah.edu/ontologies/schema/endo/colonoscopyQuality.owl#ProcedureMethod>]]

	Modifier: Biopsy_forceps, uri=http://blulab.chpc.utah.edu/ontologies/schema/endo/colonoscopyQuality.owl#Biopsy_forceps, type= Semantic, classPath= [<http://blulab.chpc.utah.edu/ontologies/v2/ConText.owl#Lexicon> -> <http://blulab.chpc.utah.edu/ontologies/v2/ConText.owl#Modifier> -> <http://blulab.chpc.utah.edu/ontologies/v2/ConText.owl#SemanticModifier> -> <http://blulab.chpc.utah.edu/ontologies/schema/endo/colonoscopyQuality.owl#ProcedureMethod> -> <http://blulab.chpc.utah.edu/ontologies/schema/endo/colonoscopyQuality.owl#Biopsy_forceps>]]

	Modifier: Cervical_biopsy_forceps, uri=http://blulab.chpc.utah.edu/ontologies/schema/endo/colonoscopyQuality.owl#Cervical_biopsy_forceps, type= Semantic, classPath= [<http://blulab.chpc.utah.edu/ontologies/v2/ConText.owl#Lexicon> -> <http://blulab.chpc.utah.edu/ontologies/v2/ConText.owl#Modifier> -> <http://blulab.chpc.utah.edu/ontologies/v2/ConText.owl#SemanticModifier> -> <http://blulab.chpc.utah.edu/ontologies/schema/endo/colonoscopyQuality.owl#ProcedureMethod> -> <http://blulab.chpc.utah.edu/ontologies/schema/endo/colonoscopyQuality.owl#Biopsy_forceps> -> <http://blulab.chpc.utah.edu/ontologies/schema/endo/colonoscopyQuality.owl#Cervical_biopsy_forceps>]]

	Modifier: Kevorkian_cervical_biopsy_forceps, uri=http://blulab.chpc.utah.edu/ontologies/schema/endo/colonoscopyQuality.owl#Kevorkian_cervical_biopsy_forceps, type= Semantic, classPath= [<http://blulab.chpc.utah.edu/ontologies/v2/ConText.owl#Lexicon> -> <http://blulab.chpc.utah.edu/ontologies/v2/ConText.owl#Modifier> -> <http://blulab.chpc.utah.edu/ontologies/v2/ConText.owl#SemanticModifier> -> <http://blulab.chpc.utah.edu/ontologies/schema/endo/colonoscopyQuality.owl#ProcedureMethod> -> <http://blulab.chpc.utah.edu/ontologies/schema/endo/colonoscopyQuality.owl#Biopsy_forceps> -> <http://blulab.chpc.utah.edu/ontologies/schema/endo/colonoscopyQuality.owl#Cervical_biopsy_forceps> -> <http://blulab.chpc.utah.edu/ontologies/schema/endo/colonoscopyQuality.owl#Kevorkian_cervical_biopsy_forceps>]]

	Modifier: Tischler_cervical_biopsy_forceps_device, uri=http://blulab.chpc.utah.edu/ontologies/schema/endo/colonoscopyQuality.owl#Tischler_cervical_biopsy_forceps_device, type= Semantic, classPath= [<http://blulab.chpc.utah.edu/ontologies/v2/ConText.owl#Lexicon> -> <http://blulab.chpc.utah.edu/ontologies/v2/ConText.owl#Modifier> -> <http://blulab.chpc.utah.edu/ontologies/v2/ConText.owl#SemanticModifier> -> <http://blulab.chpc.utah.edu/ontologies/schema/endo/colonoscopyQuality.owl#ProcedureMethod> -> <http://blulab.chpc.utah.edu/ontologies/schema/endo/colonoscopyQuality.owl#Biopsy_forceps> -> <http://blulab.chpc.utah.edu/ontologies/schema/endo/colonoscopyQuality.owl#Cervical_biopsy_forceps> -> <http://blulab.chpc.utah.edu/ontologies/schema/endo/colonoscopyQuality.owl#Tischler_cervical_biopsy_forceps_device>]]

	Modifier: Cold_biopsy_forceps, uri=http://blulab.chpc.utah.edu/ontologies/schema/endo/colonoscopyQuality.owl#Cold_biopsy_forceps, type= Semantic, classPath= [<http://blulab.chpc.utah.edu/ontologies/v2/ConText.owl#Lexicon> -> <http://blulab.chpc.utah.edu/ontologies/v2/ConText.owl#Modifier> -> <http://blulab.chpc.utah.edu/ontologies/v2/ConText.owl#SemanticModifier> -> <http://blulab.chpc.utah.edu/ontologies/schema/endo/colonoscopyQuality.owl#ProcedureMethod> -> <http://blulab.chpc.utah.edu/ontologies/schema/endo/colonoscopyQuality.owl#Biopsy_forceps> -> <http://blulab.chpc.utah.edu/ontologies/schema/endo/colonoscopyQuality.owl#Cold_biopsy_forceps>]]

	Modifier: DEVICE_BIOPSY_ENDOMYOCARDIAL, uri=http://blulab.chpc.utah.edu/ontologies/schema/endo/colonoscopyQuality.owl#DEVICE_BIOPSY_ENDOMYOCARDIAL, type= Semantic, classPath= [<http://blulab.chpc.utah.edu/ontologies/v2/ConText.owl#Lexicon> -> <http://blulab.chpc.utah.edu/ontologies/v2/ConText.owl#Modifier> -> <http://blulab.chpc.utah.edu/ontologies/v2/ConText.owl#SemanticModifier> -> <http://blulab.chpc.utah.edu/ontologies/schema/endo/colonoscopyQuality.owl#ProcedureMethod> -> <http://blulab.chpc.utah.edu/ontologies/schema/endo/colonoscopyQuality.owl#Biopsy_forceps> -> <http://blulab.chpc.utah.edu/ontologies/schema/endo/colonoscopyQuality.owl#DEVICE_BIOPSY_ENDOMYOCARDIAL>]]

	Modifier: FORCEPS_BIOPSY_ELECTRIC, uri=http://blulab.chpc.utah.edu/ontologies/schema/endo/colonoscopyQuality.owl#FORCEPS_BIOPSY_ELECTRIC, type= Semantic, classPath= [<http://blulab.chpc.utah.edu/ontologies/v2/ConText.owl#Lexicon> -> <http://blulab.chpc.utah.edu/ontologies/v2/ConText.owl#Modifier> -> <http://blulab.chpc.utah.edu/ontologies/v2/ConText.owl#SemanticModifier> -> <http://blulab.chpc.utah.edu/ontologies/schema/endo/colonoscopyQuality.owl#ProcedureMethod> -> <http://blulab.chpc.utah.edu/ontologies/schema/endo/colonoscopyQuality.owl#Biopsy_forceps> -> <http://blulab.chpc.utah.edu/ontologies/schema/endo/colonoscopyQuality.owl#FORCEPS_BIOPSY_ELECTRIC>]]

	Modifier: FORCEPS_BIOPSY_ELECTRIC_REPROCESSED, uri=http://blulab.chpc.utah.edu/ontologies/schema/endo/colonoscopyQuality.owl#FORCEPS_BIOPSY_ELECTRIC_REPROCESSED, type= Semantic, classPath= [<http://blulab.chpc.utah.edu/ontologies/v2/ConText.owl#Lexicon> -> <http://blulab.chpc.utah.edu/ontologies/v2/ConText.owl#Modifier> -> <http://blulab.chpc.utah.edu/ontologies/v2/ConText.owl#SemanticModifier> -> <http://blulab.chpc.utah.edu/ontologies/schema/endo/colonoscopyQuality.owl#ProcedureMethod> -> <http://blulab.chpc.utah.edu/ontologies/schema/endo/colonoscopyQuality.owl#Biopsy_forceps> -> <http://blulab.chpc.utah.edu/ontologies/schema/endo/colonoscopyQuality.owl#FORCEPS_BIOPSY_ELECTRIC> -> <http://blulab.chpc.utah.edu/ontologies/schema/endo/colonoscopyQuality.owl#FORCEPS_BIOPSY_ELECTRIC_REPROCESSED>]]

	Modifier: FORCEPS_BIOPSY_GYNECOLOGICAL, uri=http://blulab.chpc.utah.edu/ontologies/schema/endo/colonoscopyQuality.owl#FORCEPS_BIOPSY_GYNECOLOGICAL, type= Semantic, classPath= [<http://blulab.chpc.utah.edu/ontologies/v2/ConText.owl#Lexicon> -> <http://blulab.chpc.utah.edu/ontologies/v2/ConText.owl#Modifier> -> <http://blulab.chpc.utah.edu/ontologies/v2/ConText.owl#SemanticModifier> -> <http://blulab.chpc.utah.edu/ontologies/schema/endo/colonoscopyQuality.owl#ProcedureMethod> -> <http://blulab.chpc.utah.edu/ontologies/schema/endo/colonoscopyQuality.owl#Biopsy_forceps> -> <http://blulab.chpc.utah.edu/ontologies/schema/endo/colonoscopyQuality.owl#FORCEPS_BIOPSY_GYNECOLOGICAL>]]

	Modifier: FORCEPS_BIOPSY_GYNECOLOGICAL_REPROCESSED, uri=http://blulab.chpc.utah.edu/ontologies/schema/endo/colonoscopyQuality.owl#FORCEPS_BIOPSY_GYNECOLOGICAL_REPROCESSED, type= Semantic, classPath= [<http://blulab.chpc.utah.edu/ontologies/v2/ConText.owl#Lexicon> -> <http://blulab.chpc.utah.edu/ontologies/v2/ConText.owl#Modifier> -> <http://blulab.chpc.utah.edu/ontologies/v2/ConText.owl#SemanticModifier> -> <http://blulab.chpc.utah.edu/ontologies/schema/endo/colonoscopyQuality.owl#ProcedureMethod> -> <http://blulab.chpc.utah.edu/ontologies/schema/endo/colonoscopyQuality.owl#Biopsy_forceps> -> <http://blulab.chpc.utah.edu/ontologies/schema/endo/colonoscopyQuality.owl#FORCEPS_BIOPSY_GYNECOLOGICAL> -> <http://blulab.chpc.utah.edu/ontologies/schema/endo/colonoscopyQuality.owl#FORCEPS_BIOPSY_GYNECOLOGICAL_REPROCESSED>]]

	Modifier: FORCEPS_BIOPSY_NON_ELECTRIC, uri=http://blulab.chpc.utah.edu/ontologies/schema/endo/colonoscopyQuality.owl#FORCEPS_BIOPSY_NON_ELECTRIC, type= Semantic, classPath= [<http://blulab.chpc.utah.edu/ontologies/v2/ConText.owl#Lexicon> -> <http://blulab.chpc.utah.edu/ontologies/v2/ConText.owl#Modifier> -> <http://blulab.chpc.utah.edu/ontologies/v2/ConText.owl#SemanticModifier> -> <http://blulab.chpc.utah.edu/ontologies/schema/endo/colonoscopyQuality.owl#ProcedureMethod> -> <http://blulab.chpc.utah.edu/ontologies/schema/endo/colonoscopyQuality.owl#Biopsy_forceps> -> <http://blulab.chpc.utah.edu/ontologies/schema/endo/colonoscopyQuality.owl#FORCEPS_BIOPSY_NON_ELECTRIC>]]

	Modifier: Forceps_Biopsy_Flexible_Endoscopic, uri=http://blulab.chpc.utah.edu/ontologies/schema/endo/colonoscopyQuality.owl#Forceps_Biopsy_Flexible_Endoscopic, type= Semantic, classPath= [<http://blulab.chpc.utah.edu/ontologies/v2/ConText.owl#Lexicon> -> <http://blulab.chpc.utah.edu/ontologies/v2/ConText.owl#Modifier> -> <http://blulab.chpc.utah.edu/ontologies/v2/ConText.owl#SemanticModifier> -> <http://blulab.chpc.utah.edu/ontologies/schema/endo/colonoscopyQuality.owl#ProcedureMethod> -> <http://blulab.chpc.utah.edu/ontologies/schema/endo/colonoscopyQuality.owl#Biopsy_forceps> -> <http://blulab.chpc.utah.edu/ontologies/schema/endo/colonoscopyQuality.owl#Forceps_Biopsy_Flexible_Endoscopic>]]

	Modifier: FORCEPS_BIOPSY_BRONCHOSCOPE, uri=http://blulab.chpc.utah.edu/ontologies/schema/endo/colonoscopyQuality.owl#FORCEPS_BIOPSY_BRONCHOSCOPE, type= Semantic, classPath= [<http://blulab.chpc.utah.edu/ontologies/v2/ConText.owl#Lexicon> -> <http://blulab.chpc.utah.edu/ontologies/v2/ConText.owl#Modifier> -> <http://blulab.chpc.utah.edu/ontologies/v2/ConText.owl#SemanticModifier> -> <http://blulab.chpc.utah.edu/ontologies/schema/endo/colonoscopyQuality.owl#ProcedureMethod> -> <http://blulab.chpc.utah.edu/ontologies/schema/endo/colonoscopyQuality.owl#Biopsy_forceps> -> <http://blulab.chpc.utah.edu/ontologies/schema/endo/colonoscopyQuality.owl#Forceps_Biopsy_Flexible_Endoscopic> -> <http://blulab.chpc.utah.edu/ontologies/schema/endo/colonoscopyQuality.owl#FORCEPS_BIOPSY_BRONCHOSCOPE>, <http://blulab.chpc.utah.edu/ontologies/v2/ConText.owl#Lexicon> -> <http://blulab.chpc.utah.edu/ontologies/v2/ConText.owl#Modifier> -> <http://blulab.chpc.utah.edu/ontologies/v2/ConText.owl#SemanticModifier> -> <http://blulab.chpc.utah.edu/ontologies/schema/endo/colonoscopyQuality.owl#ProcedureMethod> -> <http://blulab.chpc.utah.edu/ontologies/schema/endo/colonoscopyQuality.owl#Biopsy_forceps> -> <http://blulab.chpc.utah.edu/ontologies/schema/endo/colonoscopyQuality.owl#Forceps_Biopsy_Rigid_Endoscopic> -> <http://blulab.chpc.utah.edu/ontologies/schema/endo/colonoscopyQuality.owl#FORCEPS_BIOPSY_BRONCHOSCOPE>]]

	Modifier: Forceps_Biopsy_Other, uri=http://blulab.chpc.utah.edu/ontologies/schema/endo/colonoscopyQuality.owl#Forceps_Biopsy_Other, type= Semantic, classPath= [<http://blulab.chpc.utah.edu/ontologies/v2/ConText.owl#Lexicon> -> <http://blulab.chpc.utah.edu/ontologies/v2/ConText.owl#Modifier> -> <http://blulab.chpc.utah.edu/ontologies/v2/ConText.owl#SemanticModifier> -> <http://blulab.chpc.utah.edu/ontologies/schema/endo/colonoscopyQuality.owl#ProcedureMethod> -> <http://blulab.chpc.utah.edu/ontologies/schema/endo/colonoscopyQuality.owl#Biopsy_forceps> -> <http://blulab.chpc.utah.edu/ontologies/schema/endo/colonoscopyQuality.owl#Forceps_Biopsy_Other>]]

	Modifier: Forceps_Biopsy_Rigid_Endoscopic, uri=http://blulab.chpc.utah.edu/ontologies/schema/endo/colonoscopyQuality.owl#Forceps_Biopsy_Rigid_Endoscopic, type= Semantic, classPath= [<http://blulab.chpc.utah.edu/ontologies/v2/ConText.owl#Lexicon> -> <http://blulab.chpc.utah.edu/ontologies/v2/ConText.owl#Modifier> -> <http://blulab.chpc.utah.edu/ontologies/v2/ConText.owl#SemanticModifier> -> <http://blulab.chpc.utah.edu/ontologies/schema/endo/colonoscopyQuality.owl#ProcedureMethod> -> <http://blulab.chpc.utah.edu/ontologies/schema/endo/colonoscopyQuality.owl#Biopsy_forceps> -> <http://blulab.chpc.utah.edu/ontologies/schema/endo/colonoscopyQuality.owl#Forceps_Biopsy_Rigid_Endoscopic>]]

	Modifier: FORCEPS_BIOPSY_BRONCHOSCOPE, uri=http://blulab.chpc.utah.edu/ontologies/schema/endo/colonoscopyQuality.owl#FORCEPS_BIOPSY_BRONCHOSCOPE, type= Semantic, classPath= [<http://blulab.chpc.utah.edu/ontologies/v2/ConText.owl#Lexicon> -> <http://blulab.chpc.utah.edu/ontologies/v2/ConText.owl#Modifier> -> <http://blulab.chpc.utah.edu/ontologies/v2/ConText.owl#SemanticModifier> -> <http://blulab.chpc.utah.edu/ontologies/schema/endo/colonoscopyQuality.owl#ProcedureMethod> -> <http://blulab.chpc.utah.edu/ontologies/schema/endo/colonoscopyQuality.owl#Biopsy_forceps> -> <http://blulab.chpc.utah.edu/ontologies/schema/endo/colonoscopyQuality.owl#Forceps_Biopsy_Flexible_Endoscopic> -> <http://blulab.chpc.utah.edu/ontologies/schema/endo/colonoscopyQuality.owl#FORCEPS_BIOPSY_BRONCHOSCOPE>, <http://blulab.chpc.utah.edu/ontologies/v2/ConText.owl#Lexicon> -> <http://blulab.chpc.utah.edu/ontologies/v2/ConText.owl#Modifier> -> <http://blulab.chpc.utah.edu/ontologies/v2/ConText.owl#SemanticModifier> -> <http://blulab.chpc.utah.edu/ontologies/schema/endo/colonoscopyQuality.owl#ProcedureMethod> -> <http://blulab.chpc.utah.edu/ontologies/schema/endo/colonoscopyQuality.owl#Biopsy_forceps> -> <http://blulab.chpc.utah.edu/ontologies/schema/endo/colonoscopyQuality.owl#Forceps_Biopsy_Rigid_Endoscopic> -> <http://blulab.chpc.utah.edu/ontologies/schema/endo/colonoscopyQuality.owl#FORCEPS_BIOPSY_BRONCHOSCOPE>]]

	Modifier: Cold_snare, uri=http://blulab.chpc.utah.edu/ontologies/schema/endo/colonoscopyQuality.owl#Cold_snare, type= Semantic, classPath= [<http://blulab.chpc.utah.edu/ontologies/v2/ConText.owl#Lexicon> -> <http://blulab.chpc.utah.edu/ontologies/v2/ConText.owl#Modifier> -> <http://blulab.chpc.utah.edu/ontologies/v2/ConText.owl#SemanticModifier> -> <http://blulab.chpc.utah.edu/ontologies/schema/endo/colonoscopyQuality.owl#ProcedureMethod> -> <http://blulab.chpc.utah.edu/ontologies/schema/endo/colonoscopyQuality.owl#Cold_snare>, <http://blulab.chpc.utah.edu/ontologies/v2/ConText.owl#Lexicon> -> <http://blulab.chpc.utah.edu/ontologies/v2/ConText.owl#Modifier> -> <http://blulab.chpc.utah.edu/ontologies/v2/ConText.owl#SemanticModifier> -> <http://blulab.chpc.utah.edu/ontologies/schema/endo/colonoscopyQuality.owl#ProcedureMethod> -> <http://blulab.chpc.utah.edu/ontologies/schema/endo/colonoscopyQuality.owl#Snare_instrument> -> <http://blulab.chpc.utah.edu/ontologies/schema/endo/colonoscopyQuality.owl#Cold_snare>]]

	Modifier: Endoscopic_mucosal_resection, uri=http://blulab.chpc.utah.edu/ontologies/schema/endo/colonoscopyQuality.owl#Endoscopic_mucosal_resection, type= Semantic, classPath= [<http://blulab.chpc.utah.edu/ontologies/v2/ConText.owl#Lexicon> -> <http://blulab.chpc.utah.edu/ontologies/v2/ConText.owl#Modifier> -> <http://blulab.chpc.utah.edu/ontologies/v2/ConText.owl#SemanticModifier> -> <http://blulab.chpc.utah.edu/ontologies/schema/endo/colonoscopyQuality.owl#ProcedureMethod> -> <http://blulab.chpc.utah.edu/ontologies/schema/endo/colonoscopyQuality.owl#Endoscopic_mucosal_resection>]]

	Modifier: Snare_instrument, uri=http://blulab.chpc.utah.edu/ontologies/schema/endo/colonoscopyQuality.owl#Snare_instrument, type= Semantic, classPath= [<http://blulab.chpc.utah.edu/ontologies/v2/ConText.owl#Lexicon> -> <http://blulab.chpc.utah.edu/ontologies/v2/ConText.owl#Modifier> -> <http://blulab.chpc.utah.edu/ontologies/v2/ConText.owl#SemanticModifier> -> <http://blulab.chpc.utah.edu/ontologies/schema/endo/colonoscopyQuality.owl#ProcedureMethod> -> <http://blulab.chpc.utah.edu/ontologies/schema/endo/colonoscopyQuality.owl#Snare_instrument>]]

	Modifier: Catheters_Vascular_Retrieval_Snare, uri=http://blulab.chpc.utah.edu/ontologies/schema/endo/colonoscopyQuality.owl#Catheters_Vascular_Retrieval_Snare, type= Semantic, classPath= [<http://blulab.chpc.utah.edu/ontologies/v2/ConText.owl#Lexicon> -> <http://blulab.chpc.utah.edu/ontologies/v2/ConText.owl#Modifier> -> <http://blulab.chpc.utah.edu/ontologies/v2/ConText.owl#SemanticModifier> -> <http://blulab.chpc.utah.edu/ontologies/schema/endo/colonoscopyQuality.owl#ProcedureMethod> -> <http://blulab.chpc.utah.edu/ontologies/schema/endo/colonoscopyQuality.owl#Snare_instrument> -> <http://blulab.chpc.utah.edu/ontologies/schema/endo/colonoscopyQuality.owl#Catheters_Vascular_Retrieval_Snare>]]

	Modifier: Goose_Neck_Retrieval_Catheters, uri=http://blulab.chpc.utah.edu/ontologies/schema/endo/colonoscopyQuality.owl#Goose_Neck_Retrieval_Catheters, type= Semantic, classPath= [<http://blulab.chpc.utah.edu/ontologies/v2/ConText.owl#Lexicon> -> <http://blulab.chpc.utah.edu/ontologies/v2/ConText.owl#Modifier> -> <http://blulab.chpc.utah.edu/ontologies/v2/ConText.owl#SemanticModifier> -> <http://blulab.chpc.utah.edu/ontologies/schema/endo/colonoscopyQuality.owl#ProcedureMethod> -> <http://blulab.chpc.utah.edu/ontologies/schema/endo/colonoscopyQuality.owl#Snare_instrument> -> <http://blulab.chpc.utah.edu/ontologies/schema/endo/colonoscopyQuality.owl#Catheters_Vascular_Retrieval_Snare> -> <http://blulab.chpc.utah.edu/ontologies/schema/endo/colonoscopyQuality.owl#Goose_Neck_Retrieval_Catheters>]]

	Modifier: Cold_snare, uri=http://blulab.chpc.utah.edu/ontologies/schema/endo/colonoscopyQuality.owl#Cold_snare, type= Semantic, classPath= [<http://blulab.chpc.utah.edu/ontologies/v2/ConText.owl#Lexicon> -> <http://blulab.chpc.utah.edu/ontologies/v2/ConText.owl#Modifier> -> <http://blulab.chpc.utah.edu/ontologies/v2/ConText.owl#SemanticModifier> -> <http://blulab.chpc.utah.edu/ontologies/schema/endo/colonoscopyQuality.owl#ProcedureMethod> -> <http://blulab.chpc.utah.edu/ontologies/schema/endo/colonoscopyQuality.owl#Cold_snare>, <http://blulab.chpc.utah.edu/ontologies/v2/ConText.owl#Lexicon> -> <http://blulab.chpc.utah.edu/ontologies/v2/ConText.owl#Modifier> -> <http://blulab.chpc.utah.edu/ontologies/v2/ConText.owl#SemanticModifier> -> <http://blulab.chpc.utah.edu/ontologies/schema/endo/colonoscopyQuality.owl#ProcedureMethod> -> <http://blulab.chpc.utah.edu/ontologies/schema/endo/colonoscopyQuality.owl#Snare_instrument> -> <http://blulab.chpc.utah.edu/ontologies/schema/endo/colonoscopyQuality.owl#Cold_snare>]]

	Modifier: SNARE_ENUCLEATING, uri=http://blulab.chpc.utah.edu/ontologies/schema/endo/colonoscopyQuality.owl#SNARE_ENUCLEATING, type= Semantic, classPath= [<http://blulab.chpc.utah.edu/ontologies/v2/ConText.owl#Lexicon> -> <http://blulab.chpc.utah.edu/ontologies/v2/ConText.owl#Modifier> -> <http://blulab.chpc.utah.edu/ontologies/v2/ConText.owl#SemanticModifier> -> <http://blulab.chpc.utah.edu/ontologies/schema/endo/colonoscopyQuality.owl#ProcedureMethod> -> <http://blulab.chpc.utah.edu/ontologies/schema/endo/colonoscopyQuality.owl#Snare_instrument> -> <http://blulab.chpc.utah.edu/ontologies/schema/endo/colonoscopyQuality.owl#SNARE_ENUCLEATING>]]

	Modifier: SNARE_NON_ELECTRICAL, uri=http://blulab.chpc.utah.edu/ontologies/schema/endo/colonoscopyQuality.owl#SNARE_NON_ELECTRICAL, type= Semantic, classPath= [<http://blulab.chpc.utah.edu/ontologies/v2/ConText.owl#Lexicon> -> <http://blulab.chpc.utah.edu/ontologies/v2/ConText.owl#Modifier> -> <http://blulab.chpc.utah.edu/ontologies/v2/ConText.owl#SemanticModifier> -> <http://blulab.chpc.utah.edu/ontologies/schema/endo/colonoscopyQuality.owl#ProcedureMethod> -> <http://blulab.chpc.utah.edu/ontologies/schema/endo/colonoscopyQuality.owl#Snare_instrument> -> <http://blulab.chpc.utah.edu/ontologies/schema/endo/colonoscopyQuality.owl#SNARE_NON_ELECTRICAL>]]

	Modifier: Snares_Colonoscope, uri=http://blulab.chpc.utah.edu/ontologies/schema/endo/colonoscopyQuality.owl#Snares_Colonoscope, type= Semantic, classPath= [<http://blulab.chpc.utah.edu/ontologies/v2/ConText.owl#Lexicon> -> <http://blulab.chpc.utah.edu/ontologies/v2/ConText.owl#Modifier> -> <http://blulab.chpc.utah.edu/ontologies/v2/ConText.owl#SemanticModifier> -> <http://blulab.chpc.utah.edu/ontologies/schema/endo/colonoscopyQuality.owl#ProcedureMethod> -> <http://blulab.chpc.utah.edu/ontologies/schema/endo/colonoscopyQuality.owl#Snare_instrument> -> <http://blulab.chpc.utah.edu/ontologies/schema/endo/colonoscopyQuality.owl#Snares_Colonoscope>]]

	Modifier: Snares_Ear, uri=http://blulab.chpc.utah.edu/ontologies/schema/endo/colonoscopyQuality.owl#Snares_Ear, type= Semantic, classPath= [<http://blulab.chpc.utah.edu/ontologies/v2/ConText.owl#Lexicon> -> <http://blulab.chpc.utah.edu/ontologies/v2/ConText.owl#Modifier> -> <http://blulab.chpc.utah.edu/ontologies/v2/ConText.owl#SemanticModifier> -> <http://blulab.chpc.utah.edu/ontologies/schema/endo/colonoscopyQuality.owl#ProcedureMethod> -> <http://blulab.chpc.utah.edu/ontologies/schema/endo/colonoscopyQuality.owl#Snare_instrument> -> <http://blulab.chpc.utah.edu/ontologies/schema/endo/colonoscopyQuality.owl#Snares_Ear>, <http://blulab.chpc.utah.edu/ontologies/v2/ConText.owl#Lexicon> -> <http://blulab.chpc.utah.edu/ontologies/v2/ConText.owl#Modifier> -> <http://blulab.chpc.utah.edu/ontologies/v2/ConText.owl#SemanticModifier> -> <http://blulab.chpc.utah.edu/ontologies/schema/endo/colonoscopyQuality.owl#ProcedureMethod> -> <http://blulab.chpc.utah.edu/ontologies/schema/endo/colonoscopyQuality.owl#Snare_instrument> -> <http://blulab.chpc.utah.edu/ontologies/schema/endo/colonoscopyQuality.owl#Snares_Polyp> -> <http://blulab.chpc.utah.edu/ontologies/schema/endo/colonoscopyQuality.owl#Snares_Ear>]]

	Modifier: Snares_Endoscopic, uri=http://blulab.chpc.utah.edu/ontologies/schema/endo/colonoscopyQuality.owl#Snares_Endoscopic, type= Semantic, classPath= [<http://blulab.chpc.utah.edu/ontologies/v2/ConText.owl#Lexicon> -> <http://blulab.chpc.utah.edu/ontologies/v2/ConText.owl#Modifier> -> <http://blulab.chpc.utah.edu/ontologies/v2/ConText.owl#SemanticModifier> -> <http://blulab.chpc.utah.edu/ontologies/schema/endo/colonoscopyQuality.owl#ProcedureMethod> -> <http://blulab.chpc.utah.edu/ontologies/schema/endo/colonoscopyQuality.owl#Snare_instrument> -> <http://blulab.chpc.utah.edu/ontologies/schema/endo/colonoscopyQuality.owl#Snares_Endoscopic>]]

	Modifier: SNARE_FLEXIBLE, uri=http://blulab.chpc.utah.edu/ontologies/schema/endo/colonoscopyQuality.owl#SNARE_FLEXIBLE, type= Semantic, classPath= [<http://blulab.chpc.utah.edu/ontologies/v2/ConText.owl#Lexicon> -> <http://blulab.chpc.utah.edu/ontologies/v2/ConText.owl#Modifier> -> <http://blulab.chpc.utah.edu/ontologies/v2/ConText.owl#SemanticModifier> -> <http://blulab.chpc.utah.edu/ontologies/schema/endo/colonoscopyQuality.owl#ProcedureMethod> -> <http://blulab.chpc.utah.edu/ontologies/schema/endo/colonoscopyQuality.owl#Snare_instrument> -> <http://blulab.chpc.utah.edu/ontologies/schema/endo/colonoscopyQuality.owl#Snares_Endoscopic> -> <http://blulab.chpc.utah.edu/ontologies/schema/endo/colonoscopyQuality.owl#SNARE_FLEXIBLE>]]

	Modifier: SNARE_RIGID_SELF_OPENING, uri=http://blulab.chpc.utah.edu/ontologies/schema/endo/colonoscopyQuality.owl#SNARE_RIGID_SELF_OPENING, type= Semantic, classPath= [<http://blulab.chpc.utah.edu/ontologies/v2/ConText.owl#Lexicon> -> <http://blulab.chpc.utah.edu/ontologies/v2/ConText.owl#Modifier> -> <http://blulab.chpc.utah.edu/ontologies/v2/ConText.owl#SemanticModifier> -> <http://blulab.chpc.utah.edu/ontologies/schema/endo/colonoscopyQuality.owl#ProcedureMethod> -> <http://blulab.chpc.utah.edu/ontologies/schema/endo/colonoscopyQuality.owl#Snare_instrument> -> <http://blulab.chpc.utah.edu/ontologies/schema/endo/colonoscopyQuality.owl#Snares_Endoscopic> -> <http://blulab.chpc.utah.edu/ontologies/schema/endo/colonoscopyQuality.owl#SNARE_RIGID_SELF_OPENING>]]

	Modifier: Snares_Gastrointestinal_Tract_Endoscopic, uri=http://blulab.chpc.utah.edu/ontologies/schema/endo/colonoscopyQuality.owl#Snares_Gastrointestinal_Tract_Endoscopic, type= Semantic, classPath= [<http://blulab.chpc.utah.edu/ontologies/v2/ConText.owl#Lexicon> -> <http://blulab.chpc.utah.edu/ontologies/v2/ConText.owl#Modifier> -> <http://blulab.chpc.utah.edu/ontologies/v2/ConText.owl#SemanticModifier> -> <http://blulab.chpc.utah.edu/ontologies/schema/endo/colonoscopyQuality.owl#ProcedureMethod> -> <http://blulab.chpc.utah.edu/ontologies/schema/endo/colonoscopyQuality.owl#Snare_instrument> -> <http://blulab.chpc.utah.edu/ontologies/schema/endo/colonoscopyQuality.owl#Snares_Gastrointestinal_Tract_Endoscopic>, <http://blulab.chpc.utah.edu/ontologies/v2/ConText.owl#Lexicon> -> <http://blulab.chpc.utah.edu/ontologies/v2/ConText.owl#Modifier> -> <http://blulab.chpc.utah.edu/ontologies/v2/ConText.owl#SemanticModifier> -> <http://blulab.chpc.utah.edu/ontologies/schema/endo/colonoscopyQuality.owl#ProcedureMethod> -> <http://blulab.chpc.utah.edu/ontologies/schema/endo/colonoscopyQuality.owl#Snare_instrument> -> <http://blulab.chpc.utah.edu/ontologies/schema/endo/colonoscopyQuality.owl#Snares_Endoscopic> -> <http://blulab.chpc.utah.edu/ontologies/schema/endo/colonoscopyQuality.owl#Snares_Gastrointestinal_Tract_Endoscopic>, <http://blulab.chpc.utah.edu/ontologies/v2/ConText.owl#Lexicon> -> <http://blulab.chpc.utah.edu/ontologies/v2/ConText.owl#Modifier> -> <http://blulab.chpc.utah.edu/ontologies/v2/ConText.owl#SemanticModifier> -> <http://blulab.chpc.utah.edu/ontologies/schema/endo/colonoscopyQuality.owl#ProcedureMethod> -> <http://blulab.chpc.utah.edu/ontologies/schema/endo/colonoscopyQuality.owl#Snare_instrument> -> <http://blulab.chpc.utah.edu/ontologies/schema/endo/colonoscopyQuality.owl#Snares_Polyp> -> <http://blulab.chpc.utah.edu/ontologies/schema/endo/colonoscopyQuality.owl#Snares_Gastrointestinal_Tract_Endoscopic>]]

	Modifier: Snares_Respiratory_Tract_Endoscopic, uri=http://blulab.chpc.utah.edu/ontologies/schema/endo/colonoscopyQuality.owl#Snares_Respiratory_Tract_Endoscopic, type= Semantic, classPath= [<http://blulab.chpc.utah.edu/ontologies/v2/ConText.owl#Lexicon> -> <http://blulab.chpc.utah.edu/ontologies/v2/ConText.owl#Modifier> -> <http://blulab.chpc.utah.edu/ontologies/v2/ConText.owl#SemanticModifier> -> <http://blulab.chpc.utah.edu/ontologies/schema/endo/colonoscopyQuality.owl#ProcedureMethod> -> <http://blulab.chpc.utah.edu/ontologies/schema/endo/colonoscopyQuality.owl#Snare_instrument> -> <http://blulab.chpc.utah.edu/ontologies/schema/endo/colonoscopyQuality.owl#Snares_Respiratory_Tract_Endoscopic>, <http://blulab.chpc.utah.edu/ontologies/v2/ConText.owl#Lexicon> -> <http://blulab.chpc.utah.edu/ontologies/v2/ConText.owl#Modifier> -> <http://blulab.chpc.utah.edu/ontologies/v2/ConText.owl#SemanticModifier> -> <http://blulab.chpc.utah.edu/ontologies/schema/endo/colonoscopyQuality.owl#ProcedureMethod> -> <http://blulab.chpc.utah.edu/ontologies/schema/endo/colonoscopyQuality.owl#Snare_instrument> -> <http://blulab.chpc.utah.edu/ontologies/schema/endo/colonoscopyQuality.owl#Snares_Endoscopic> -> <http://blulab.chpc.utah.edu/ontologies/schema/endo/colonoscopyQuality.owl#Snares_Respiratory_Tract_Endoscopic>, <http://blulab.chpc.utah.edu/ontologies/v2/ConText.owl#Lexicon> -> <http://blulab.chpc.utah.edu/ontologies/v2/ConText.owl#Modifier> -> <http://blulab.chpc.utah.edu/ontologies/v2/ConText.owl#SemanticModifier> -> <http://blulab.chpc.utah.edu/ontologies/schema/endo/colonoscopyQuality.owl#ProcedureMethod> -> <http://blulab.chpc.utah.edu/ontologies/schema/endo/colonoscopyQuality.owl#Snare_instrument> -> <http://blulab.chpc.utah.edu/ontologies/schema/endo/colonoscopyQuality.owl#Snares_Polyp> -> <http://blulab.chpc.utah.edu/ontologies/schema/endo/colonoscopyQuality.owl#Snares_Respiratory_Tract_Endoscopic>]]

	Modifier: Snares_Urinary_Tract_Endoscopic, uri=http://blulab.chpc.utah.edu/ontologies/schema/endo/colonoscopyQuality.owl#Snares_Urinary_Tract_Endoscopic, type= Semantic, classPath= [<http://blulab.chpc.utah.edu/ontologies/v2/ConText.owl#Lexicon> -> <http://blulab.chpc.utah.edu/ontologies/v2/ConText.owl#Modifier> -> <http://blulab.chpc.utah.edu/ontologies/v2/ConText.owl#SemanticModifier> -> <http://blulab.chpc.utah.edu/ontologies/schema/endo/colonoscopyQuality.owl#ProcedureMethod> -> <http://blulab.chpc.utah.edu/ontologies/schema/endo/colonoscopyQuality.owl#Snare_instrument> -> <http://blulab.chpc.utah.edu/ontologies/schema/endo/colonoscopyQuality.owl#Snares_Urinary_Tract_Endoscopic>, <http://blulab.chpc.utah.edu/ontologies/v2/ConText.owl#Lexicon> -> <http://blulab.chpc.utah.edu/ontologies/v2/ConText.owl#Modifier> -> <http://blulab.chpc.utah.edu/ontologies/v2/ConText.owl#SemanticModifier> -> <http://blulab.chpc.utah.edu/ontologies/schema/endo/colonoscopyQuality.owl#ProcedureMethod> -> <http://blulab.chpc.utah.edu/ontologies/schema/endo/colonoscopyQuality.owl#Snare_instrument> -> <http://blulab.chpc.utah.edu/ontologies/schema/endo/colonoscopyQuality.owl#Snares_Endoscopic> -> <http://blulab.chpc.utah.edu/ontologies/schema/endo/colonoscopyQuality.owl#Snares_Urinary_Tract_Endoscopic>, <http://blulab.chpc.utah.edu/ontologies/v2/ConText.owl#Lexicon> -> <http://blulab.chpc.utah.edu/ontologies/v2/ConText.owl#Modifier> -> <http://blulab.chpc.utah.edu/ontologies/v2/ConText.owl#SemanticModifier> -> <http://blulab.chpc.utah.edu/ontologies/schema/endo/colonoscopyQuality.owl#ProcedureMethod> -> <http://blulab.chpc.utah.edu/ontologies/schema/endo/colonoscopyQuality.owl#Snare_instrument> -> <http://blulab.chpc.utah.edu/ontologies/schema/endo/colonoscopyQuality.owl#Snares_Polyp> -> <http://blulab.chpc.utah.edu/ontologies/schema/endo/colonoscopyQuality.owl#Snares_Urinary_Tract_Endoscopic>]]

	Modifier: Snares_Uterine_Endoscopic, uri=http://blulab.chpc.utah.edu/ontologies/schema/endo/colonoscopyQuality.owl#Snares_Uterine_Endoscopic, type= Semantic, classPath= [<http://blulab.chpc.utah.edu/ontologies/v2/ConText.owl#Lexicon> -> <http://blulab.chpc.utah.edu/ontologies/v2/ConText.owl#Modifier> -> <http://blulab.chpc.utah.edu/ontologies/v2/ConText.owl#SemanticModifier> -> <http://blulab.chpc.utah.edu/ontologies/schema/endo/colonoscopyQuality.owl#ProcedureMethod> -> <http://blulab.chpc.utah.edu/ontologies/schema/endo/colonoscopyQuality.owl#Snare_instrument> -> <http://blulab.chpc.utah.edu/ontologies/schema/endo/colonoscopyQuality.owl#Snares_Uterine_Endoscopic>, <http://blulab.chpc.utah.edu/ontologies/v2/ConText.owl#Lexicon> -> <http://blulab.chpc.utah.edu/ontologies/v2/ConText.owl#Modifier> -> <http://blulab.chpc.utah.edu/ontologies/v2/ConText.owl#SemanticModifier> -> <http://blulab.chpc.utah.edu/ontologies/schema/endo/colonoscopyQuality.owl#ProcedureMethod> -> <http://blulab.chpc.utah.edu/ontologies/schema/endo/colonoscopyQuality.owl#Snare_instrument> -> <http://blulab.chpc.utah.edu/ontologies/schema/endo/colonoscopyQuality.owl#Snares_Endoscopic> -> <http://blulab.chpc.utah.edu/ontologies/schema/endo/colonoscopyQuality.owl#Snares_Uterine_Endoscopic>, <http://blulab.chpc.utah.edu/ontologies/v2/ConText.owl#Lexicon> -> <http://blulab.chpc.utah.edu/ontologies/v2/ConText.owl#Modifier> -> <http://blulab.chpc.utah.edu/ontologies/v2/ConText.owl#SemanticModifier> -> <http://blulab.chpc.utah.edu/ontologies/schema/endo/colonoscopyQuality.owl#ProcedureMethod> -> <http://blulab.chpc.utah.edu/ontologies/schema/endo/colonoscopyQuality.owl#Snare_instrument> -> <http://blulab.chpc.utah.edu/ontologies/schema/endo/colonoscopyQuality.owl#Snares_Polyp> -> <http://blulab.chpc.utah.edu/ontologies/schema/endo/colonoscopyQuality.owl#Snares_Uterine_Endoscopic>]]

	Modifier: Snares_Eye_Enucleation, uri=http://blulab.chpc.utah.edu/ontologies/schema/endo/colonoscopyQuality.owl#Snares_Eye_Enucleation, type= Semantic, classPath= [<http://blulab.chpc.utah.edu/ontologies/v2/ConText.owl#Lexicon> -> <http://blulab.chpc.utah.edu/ontologies/v2/ConText.owl#Modifier> -> <http://blulab.chpc.utah.edu/ontologies/v2/ConText.owl#SemanticModifier> -> <http://blulab.chpc.utah.edu/ontologies/schema/endo/colonoscopyQuality.owl#ProcedureMethod> -> <http://blulab.chpc.utah.edu/ontologies/schema/endo/colonoscopyQuality.owl#Snare_instrument> -> <http://blulab.chpc.utah.edu/ontologies/schema/endo/colonoscopyQuality.owl#Snares_Eye_Enucleation>]]

	Modifier: Snares_Gastrointestinal_Tract_Endoscopic, uri=http://blulab.chpc.utah.edu/ontologies/schema/endo/colonoscopyQuality.owl#Snares_Gastrointestinal_Tract_Endoscopic, type= Semantic, classPath= [<http://blulab.chpc.utah.edu/ontologies/v2/ConText.owl#Lexicon> -> <http://blulab.chpc.utah.edu/ontologies/v2/ConText.owl#Modifier> -> <http://blulab.chpc.utah.edu/ontologies/v2/ConText.owl#SemanticModifier> -> <http://blulab.chpc.utah.edu/ontologies/schema/endo/colonoscopyQuality.owl#ProcedureMethod> -> <http://blulab.chpc.utah.edu/ontologies/schema/endo/colonoscopyQuality.owl#Snare_instrument> -> <http://blulab.chpc.utah.edu/ontologies/schema/endo/colonoscopyQuality.owl#Snares_Gastrointestinal_Tract_Endoscopic>, <http://blulab.chpc.utah.edu/ontologies/v2/ConText.owl#Lexicon> -> <http://blulab.chpc.utah.edu/ontologies/v2/ConText.owl#Modifier> -> <http://blulab.chpc.utah.edu/ontologies/v2/ConText.owl#SemanticModifier> -> <http://blulab.chpc.utah.edu/ontologies/schema/endo/colonoscopyQuality.owl#ProcedureMethod> -> <http://blulab.chpc.utah.edu/ontologies/schema/endo/colonoscopyQuality.owl#Snare_instrument> -> <http://blulab.chpc.utah.edu/ontologies/schema/endo/colonoscopyQuality.owl#Snares_Endoscopic> -> <http://blulab.chpc.utah.edu/ontologies/schema/endo/colonoscopyQuality.owl#Snares_Gastrointestinal_Tract_Endoscopic>, <http://blulab.chpc.utah.edu/ontologies/v2/ConText.owl#Lexicon> -> <http://blulab.chpc.utah.edu/ontologies/v2/ConText.owl#Modifier> -> <http://blulab.chpc.utah.edu/ontologies/v2/ConText.owl#SemanticModifier> -> <http://blulab.chpc.utah.edu/ontologies/schema/endo/colonoscopyQuality.owl#ProcedureMethod> -> <http://blulab.chpc.utah.edu/ontologies/schema/endo/colonoscopyQuality.owl#Snare_instrument> -> <http://blulab.chpc.utah.edu/ontologies/schema/endo/colonoscopyQuality.owl#Snares_Polyp> -> <http://blulab.chpc.utah.edu/ontologies/schema/endo/colonoscopyQuality.owl#Snares_Gastrointestinal_Tract_Endoscopic>]]

	Modifier: Snares_Nasal, uri=http://blulab.chpc.utah.edu/ontologies/schema/endo/colonoscopyQuality.owl#Snares_Nasal, type= Semantic, classPath= [<http://blulab.chpc.utah.edu/ontologies/v2/ConText.owl#Lexicon> -> <http://blulab.chpc.utah.edu/ontologies/v2/ConText.owl#Modifier> -> <http://blulab.chpc.utah.edu/ontologies/v2/ConText.owl#SemanticModifier> -> <http://blulab.chpc.utah.edu/ontologies/schema/endo/colonoscopyQuality.owl#ProcedureMethod> -> <http://blulab.chpc.utah.edu/ontologies/schema/endo/colonoscopyQuality.owl#Snare_instrument> -> <http://blulab.chpc.utah.edu/ontologies/schema/endo/colonoscopyQuality.owl#Snares_Nasal>, <http://blulab.chpc.utah.edu/ontologies/v2/ConText.owl#Lexicon> -> <http://blulab.chpc.utah.edu/ontologies/v2/ConText.owl#Modifier> -> <http://blulab.chpc.utah.edu/ontologies/v2/ConText.owl#SemanticModifier> -> <http://blulab.chpc.utah.edu/ontologies/schema/endo/colonoscopyQuality.owl#ProcedureMethod> -> <http://blulab.chpc.utah.edu/ontologies/schema/endo/colonoscopyQuality.owl#Snare_instrument> -> <http://blulab.chpc.utah.edu/ontologies/schema/endo/colonoscopyQuality.owl#Snares_Polyp> -> <http://blulab.chpc.utah.edu/ontologies/schema/endo/colonoscopyQuality.owl#Snares_Nasal>]]

	Modifier: Snares_Other, uri=http://blulab.chpc.utah.edu/ontologies/schema/endo/colonoscopyQuality.owl#Snares_Other, type= Semantic, classPath= [<http://blulab.chpc.utah.edu/ontologies/v2/ConText.owl#Lexicon> -> <http://blulab.chpc.utah.edu/ontologies/v2/ConText.owl#Modifier> -> <http://blulab.chpc.utah.edu/ontologies/v2/ConText.owl#SemanticModifier> -> <http://blulab.chpc.utah.edu/ontologies/schema/endo/colonoscopyQuality.owl#ProcedureMethod> -> <http://blulab.chpc.utah.edu/ontologies/schema/endo/colonoscopyQuality.owl#Snare_instrument> -> <http://blulab.chpc.utah.edu/ontologies/schema/endo/colonoscopyQuality.owl#Snares_Other>]]

	Modifier: Snares_Polyp, uri=http://blulab.chpc.utah.edu/ontologies/schema/endo/colonoscopyQuality.owl#Snares_Polyp, type= Semantic, classPath= [<http://blulab.chpc.utah.edu/ontologies/v2/ConText.owl#Lexicon> -> <http://blulab.chpc.utah.edu/ontologies/v2/ConText.owl#Modifier> -> <http://blulab.chpc.utah.edu/ontologies/v2/ConText.owl#SemanticModifier> -> <http://blulab.chpc.utah.edu/ontologies/schema/endo/colonoscopyQuality.owl#ProcedureMethod> -> <http://blulab.chpc.utah.edu/ontologies/schema/endo/colonoscopyQuality.owl#Snare_instrument> -> <http://blulab.chpc.utah.edu/ontologies/schema/endo/colonoscopyQuality.owl#Snares_Polyp>]]

	Modifier: Snares_Ear, uri=http://blulab.chpc.utah.edu/ontologies/schema/endo/colonoscopyQuality.owl#Snares_Ear, type= Semantic, classPath= [<http://blulab.chpc.utah.edu/ontologies/v2/ConText.owl#Lexicon> -> <http://blulab.chpc.utah.edu/ontologies/v2/ConText.owl#Modifier> -> <http://blulab.chpc.utah.edu/ontologies/v2/ConText.owl#SemanticModifier> -> <http://blulab.chpc.utah.edu/ontologies/schema/endo/colonoscopyQuality.owl#ProcedureMethod> -> <http://blulab.chpc.utah.edu/ontologies/schema/endo/colonoscopyQuality.owl#Snare_instrument> -> <http://blulab.chpc.utah.edu/ontologies/schema/endo/colonoscopyQuality.owl#Snares_Ear>, <http://blulab.chpc.utah.edu/ontologies/v2/ConText.owl#Lexicon> -> <http://blulab.chpc.utah.edu/ontologies/v2/ConText.owl#Modifier> -> <http://blulab.chpc.utah.edu/ontologies/v2/ConText.owl#SemanticModifier> -> <http://blulab.chpc.utah.edu/ontologies/schema/endo/colonoscopyQuality.owl#ProcedureMethod> -> <http://blulab.chpc.utah.edu/ontologies/schema/endo/colonoscopyQuality.owl#Snare_instrument> -> <http://blulab.chpc.utah.edu/ontologies/schema/endo/colonoscopyQuality.owl#Snares_Polyp> -> <http://blulab.chpc.utah.edu/ontologies/schema/endo/colonoscopyQuality.owl#Snares_Ear>]]

	Modifier: Snares_Gastrointestinal_Tract_Endoscopic, uri=http://blulab.chpc.utah.edu/ontologies/schema/endo/colonoscopyQuality.owl#Snares_Gastrointestinal_Tract_Endoscopic, type= Semantic, classPath= [<http://blulab.chpc.utah.edu/ontologies/v2/ConText.owl#Lexicon> -> <http://blulab.chpc.utah.edu/ontologies/v2/ConText.owl#Modifier> -> <http://blulab.chpc.utah.edu/ontologies/v2/ConText.owl#SemanticModifier> -> <http://blulab.chpc.utah.edu/ontologies/schema/endo/colonoscopyQuality.owl#ProcedureMethod> -> <http://blulab.chpc.utah.edu/ontologies/schema/endo/colonoscopyQuality.owl#Snare_instrument> -> <http://blulab.chpc.utah.edu/ontologies/schema/endo/colonoscopyQuality.owl#Snares_Gastrointestinal_Tract_Endoscopic>, <http://blulab.chpc.utah.edu/ontologies/v2/ConText.owl#Lexicon> -> <http://blulab.chpc.utah.edu/ontologies/v2/ConText.owl#Modifier> -> <http://blulab.chpc.utah.edu/ontologies/v2/ConText.owl#SemanticModifier> -> <http://blulab.chpc.utah.edu/ontologies/schema/endo/colonoscopyQuality.owl#ProcedureMethod> -> <http://blulab.chpc.utah.edu/ontologies/schema/endo/colonoscopyQuality.owl#Snare_instrument> -> <http://blulab.chpc.utah.edu/ontologies/schema/endo/colonoscopyQuality.owl#Snares_Endoscopic> -> <http://blulab.chpc.utah.edu/ontologies/schema/endo/colonoscopyQuality.owl#Snares_Gastrointestinal_Tract_Endoscopic>, <http://blulab.chpc.utah.edu/ontologies/v2/ConText.owl#Lexicon> -> <http://blulab.chpc.utah.edu/ontologies/v2/ConText.owl#Modifier> -> <http://blulab.chpc.utah.edu/ontologies/v2/ConText.owl#SemanticModifier> -> <http://blulab.chpc.utah.edu/ontologies/schema/endo/colonoscopyQuality.owl#ProcedureMethod> -> <http://blulab.chpc.utah.edu/ontologies/schema/endo/colonoscopyQuality.owl#Snare_instrument> -> <http://blulab.chpc.utah.edu/ontologies/schema/endo/colonoscopyQuality.owl#Snares_Polyp> -> <http://blulab.chpc.utah.edu/ontologies/schema/endo/colonoscopyQuality.owl#Snares_Gastrointestinal_Tract_Endoscopic>]]

	Modifier: Snares_Nasal, uri=http://blulab.chpc.utah.edu/ontologies/schema/endo/colonoscopyQuality.owl#Snares_Nasal, type= Semantic, classPath= [<http://blulab.chpc.utah.edu/ontologies/v2/ConText.owl#Lexicon> -> <http://blulab.chpc.utah.edu/ontologies/v2/ConText.owl#Modifier> -> <http://blulab.chpc.utah.edu/ontologies/v2/ConText.owl#SemanticModifier> -> <http://blulab.chpc.utah.edu/ontologies/schema/endo/colonoscopyQuality.owl#ProcedureMethod> -> <http://blulab.chpc.utah.edu/ontologies/schema/endo/colonoscopyQuality.owl#Snare_instrument> -> <http://blulab.chpc.utah.edu/ontologies/schema/endo/colonoscopyQuality.owl#Snares_Nasal>, <http://blulab.chpc.utah.edu/ontologies/v2/ConText.owl#Lexicon> -> <http://blulab.chpc.utah.edu/ontologies/v2/ConText.owl#Modifier> -> <http://blulab.chpc.utah.edu/ontologies/v2/ConText.owl#SemanticModifier> -> <http://blulab.chpc.utah.edu/ontologies/schema/endo/colonoscopyQuality.owl#ProcedureMethod> -> <http://blulab.chpc.utah.edu/ontologies/schema/endo/colonoscopyQuality.owl#Snare_instrument> -> <http://blulab.chpc.utah.edu/ontologies/schema/endo/colonoscopyQuality.owl#Snares_Polyp> -> <http://blulab.chpc.utah.edu/ontologies/schema/endo/colonoscopyQuality.owl#Snares_Nasal>]]

	Modifier: Snares_Rectal, uri=http://blulab.chpc.utah.edu/ontologies/schema/endo/colonoscopyQuality.owl#Snares_Rectal, type= Semantic, classPath= [<http://blulab.chpc.utah.edu/ontologies/v2/ConText.owl#Lexicon> -> <http://blulab.chpc.utah.edu/ontologies/v2/ConText.owl#Modifier> -> <http://blulab.chpc.utah.edu/ontologies/v2/ConText.owl#SemanticModifier> -> <http://blulab.chpc.utah.edu/ontologies/schema/endo/colonoscopyQuality.owl#ProcedureMethod> -> <http://blulab.chpc.utah.edu/ontologies/schema/endo/colonoscopyQuality.owl#Snare_instrument> -> <http://blulab.chpc.utah.edu/ontologies/schema/endo/colonoscopyQuality.owl#Snares_Rectal>, <http://blulab.chpc.utah.edu/ontologies/v2/ConText.owl#Lexicon> -> <http://blulab.chpc.utah.edu/ontologies/v2/ConText.owl#Modifier> -> <http://blulab.chpc.utah.edu/ontologies/v2/ConText.owl#SemanticModifier> -> <http://blulab.chpc.utah.edu/ontologies/schema/endo/colonoscopyQuality.owl#ProcedureMethod> -> <http://blulab.chpc.utah.edu/ontologies/schema/endo/colonoscopyQuality.owl#Snare_instrument> -> <http://blulab.chpc.utah.edu/ontologies/schema/endo/colonoscopyQuality.owl#Snares_Polyp> -> <http://blulab.chpc.utah.edu/ontologies/schema/endo/colonoscopyQuality.owl#Snares_Rectal>]]

	Modifier: Snares_Respiratory_Tract_Endoscopic, uri=http://blulab.chpc.utah.edu/ontologies/schema/endo/colonoscopyQuality.owl#Snares_Respiratory_Tract_Endoscopic, type= Semantic, classPath= [<http://blulab.chpc.utah.edu/ontologies/v2/ConText.owl#Lexicon> -> <http://blulab.chpc.utah.edu/ontologies/v2/ConText.owl#Modifier> -> <http://blulab.chpc.utah.edu/ontologies/v2/ConText.owl#SemanticModifier> -> <http://blulab.chpc.utah.edu/ontologies/schema/endo/colonoscopyQuality.owl#ProcedureMethod> -> <http://blulab.chpc.utah.edu/ontologies/schema/endo/colonoscopyQuality.owl#Snare_instrument> -> <http://blulab.chpc.utah.edu/ontologies/schema/endo/colonoscopyQuality.owl#Snares_Respiratory_Tract_Endoscopic>, <http://blulab.chpc.utah.edu/ontologies/v2/ConText.owl#Lexicon> -> <http://blulab.chpc.utah.edu/ontologies/v2/ConText.owl#Modifier> -> <http://blulab.chpc.utah.edu/ontologies/v2/ConText.owl#SemanticModifier> -> <http://blulab.chpc.utah.edu/ontologies/schema/endo/colonoscopyQuality.owl#ProcedureMethod> -> <http://blulab.chpc.utah.edu/ontologies/schema/endo/colonoscopyQuality.owl#Snare_instrument> -> <http://blulab.chpc.utah.edu/ontologies/schema/endo/colonoscopyQuality.owl#Snares_Endoscopic> -> <http://blulab.chpc.utah.edu/ontologies/schema/endo/colonoscopyQuality.owl#Snares_Respiratory_Tract_Endoscopic>, <http://blulab.chpc.utah.edu/ontologies/v2/ConText.owl#Lexicon> -> <http://blulab.chpc.utah.edu/ontologies/v2/ConText.owl#Modifier> -> <http://blulab.chpc.utah.edu/ontologies/v2/ConText.owl#SemanticModifier> -> <http://blulab.chpc.utah.edu/ontologies/schema/endo/colonoscopyQuality.owl#ProcedureMethod> -> <http://blulab.chpc.utah.edu/ontologies/schema/endo/colonoscopyQuality.owl#Snare_instrument> -> <http://blulab.chpc.utah.edu/ontologies/schema/endo/colonoscopyQuality.owl#Snares_Polyp> -> <http://blulab.chpc.utah.edu/ontologies/schema/endo/colonoscopyQuality.owl#Snares_Respiratory_Tract_Endoscopic>]]

	Modifier: Snares_Urinary_Tract_Endoscopic, uri=http://blulab.chpc.utah.edu/ontologies/schema/endo/colonoscopyQuality.owl#Snares_Urinary_Tract_Endoscopic, type= Semantic, classPath= [<http://blulab.chpc.utah.edu/ontologies/v2/ConText.owl#Lexicon> -> <http://blulab.chpc.utah.edu/ontologies/v2/ConText.owl#Modifier> -> <http://blulab.chpc.utah.edu/ontologies/v2/ConText.owl#SemanticModifier> -> <http://blulab.chpc.utah.edu/ontologies/schema/endo/colonoscopyQuality.owl#ProcedureMethod> -> <http://blulab.chpc.utah.edu/ontologies/schema/endo/colonoscopyQuality.owl#Snare_instrument> -> <http://blulab.chpc.utah.edu/ontologies/schema/endo/colonoscopyQuality.owl#Snares_Urinary_Tract_Endoscopic>, <http://blulab.chpc.utah.edu/ontologies/v2/ConText.owl#Lexicon> -> <http://blulab.chpc.utah.edu/ontologies/v2/ConText.owl#Modifier> -> <http://blulab.chpc.utah.edu/ontologies/v2/ConText.owl#SemanticModifier> -> <http://blulab.chpc.utah.edu/ontologies/schema/endo/colonoscopyQuality.owl#ProcedureMethod> -> <http://blulab.chpc.utah.edu/ontologies/schema/endo/colonoscopyQuality.owl#Snare_instrument> -> <http://blulab.chpc.utah.edu/ontologies/schema/endo/colonoscopyQuality.owl#Snares_Endoscopic> -> <http://blulab.chpc.utah.edu/ontologies/schema/endo/colonoscopyQuality.owl#Snares_Urinary_Tract_Endoscopic>, <http://blulab.chpc.utah.edu/ontologies/v2/ConText.owl#Lexicon> -> <http://blulab.chpc.utah.edu/ontologies/v2/ConText.owl#Modifier> -> <http://blulab.chpc.utah.edu/ontologies/v2/ConText.owl#SemanticModifier> -> <http://blulab.chpc.utah.edu/ontologies/schema/endo/colonoscopyQuality.owl#ProcedureMethod> -> <http://blulab.chpc.utah.edu/ontologies/schema/endo/colonoscopyQuality.owl#Snare_instrument> -> <http://blulab.chpc.utah.edu/ontologies/schema/endo/colonoscopyQuality.owl#Snares_Polyp> -> <http://blulab.chpc.utah.edu/ontologies/schema/endo/colonoscopyQuality.owl#Snares_Urinary_Tract_Endoscopic>]]

	Modifier: Snares_Uterine_Endoscopic, uri=http://blulab.chpc.utah.edu/ontologies/schema/endo/colonoscopyQuality.owl#Snares_Uterine_Endoscopic, type= Semantic, classPath= [<http://blulab.chpc.utah.edu/ontologies/v2/ConText.owl#Lexicon> -> <http://blulab.chpc.utah.edu/ontologies/v2/ConText.owl#Modifier> -> <http://blulab.chpc.utah.edu/ontologies/v2/ConText.owl#SemanticModifier> -> <http://blulab.chpc.utah.edu/ontologies/schema/endo/colonoscopyQuality.owl#ProcedureMethod> -> <http://blulab.chpc.utah.edu/ontologies/schema/endo/colonoscopyQuality.owl#Snare_instrument> -> <http://blulab.chpc.utah.edu/ontologies/schema/endo/colonoscopyQuality.owl#Snares_Uterine_Endoscopic>, <http://blulab.chpc.utah.edu/ontologies/v2/ConText.owl#Lexicon> -> <http://blulab.chpc.utah.edu/ontologies/v2/ConText.owl#Modifier> -> <http://blulab.chpc.utah.edu/ontologies/v2/ConText.owl#SemanticModifier> -> <http://blulab.chpc.utah.edu/ontologies/schema/endo/colonoscopyQuality.owl#ProcedureMethod> -> <http://blulab.chpc.utah.edu/ontologies/schema/endo/colonoscopyQuality.owl#Snare_instrument> -> <http://blulab.chpc.utah.edu/ontologies/schema/endo/colonoscopyQuality.owl#Snares_Endoscopic> -> <http://blulab.chpc.utah.edu/ontologies/schema/endo/colonoscopyQuality.owl#Snares_Uterine_Endoscopic>, <http://blulab.chpc.utah.edu/ontologies/v2/ConText.owl#Lexicon> -> <http://blulab.chpc.utah.edu/ontologies/v2/ConText.owl#Modifier> -> <http://blulab.chpc.utah.edu/ontologies/v2/ConText.owl#SemanticModifier> -> <http://blulab.chpc.utah.edu/ontologies/schema/endo/colonoscopyQuality.owl#ProcedureMethod> -> <http://blulab.chpc.utah.edu/ontologies/schema/endo/colonoscopyQuality.owl#Snare_instrument> -> <http://blulab.chpc.utah.edu/ontologies/schema/endo/colonoscopyQuality.owl#Snares_Polyp> -> <http://blulab.chpc.utah.edu/ontologies/schema/endo/colonoscopyQuality.owl#Snares_Uterine_Endoscopic>]]

	Modifier: Snares_Rectal, uri=http://blulab.chpc.utah.edu/ontologies/schema/endo/colonoscopyQuality.owl#Snares_Rectal, type= Semantic, classPath= [<http://blulab.chpc.utah.edu/ontologies/v2/ConText.owl#Lexicon> -> <http://blulab.chpc.utah.edu/ontologies/v2/ConText.owl#Modifier> -> <http://blulab.chpc.utah.edu/ontologies/v2/ConText.owl#SemanticModifier> -> <http://blulab.chpc.utah.edu/ontologies/schema/endo/colonoscopyQuality.owl#ProcedureMethod> -> <http://blulab.chpc.utah.edu/ontologies/schema/endo/colonoscopyQuality.owl#Snare_instrument> -> <http://blulab.chpc.utah.edu/ontologies/schema/endo/colonoscopyQuality.owl#Snares_Rectal>, <http://blulab.chpc.utah.edu/ontologies/v2/ConText.owl#Lexicon> -> <http://blulab.chpc.utah.edu/ontologies/v2/ConText.owl#Modifier> -> <http://blulab.chpc.utah.edu/ontologies/v2/ConText.owl#SemanticModifier> -> <http://blulab.chpc.utah.edu/ontologies/schema/endo/colonoscopyQuality.owl#ProcedureMethod> -> <http://blulab.chpc.utah.edu/ontologies/schema/endo/colonoscopyQuality.owl#Snare_instrument> -> <http://blulab.chpc.utah.edu/ontologies/schema/endo/colonoscopyQuality.owl#Snares_Polyp> -> <http://blulab.chpc.utah.edu/ontologies/schema/endo/colonoscopyQuality.owl#Snares_Rectal>]]

	Modifier: Snares_Respiratory_Tract_Endoscopic, uri=http://blulab.chpc.utah.edu/ontologies/schema/endo/colonoscopyQuality.owl#Snares_Respiratory_Tract_Endoscopic, type= Semantic, classPath= [<http://blulab.chpc.utah.edu/ontologies/v2/ConText.owl#Lexicon> -> <http://blulab.chpc.utah.edu/ontologies/v2/ConText.owl#Modifier> -> <http://blulab.chpc.utah.edu/ontologies/v2/ConText.owl#SemanticModifier> -> <http://blulab.chpc.utah.edu/ontologies/schema/endo/colonoscopyQuality.owl#ProcedureMethod> -> <http://blulab.chpc.utah.edu/ontologies/schema/endo/colonoscopyQuality.owl#Snare_instrument> -> <http://blulab.chpc.utah.edu/ontologies/schema/endo/colonoscopyQuality.owl#Snares_Respiratory_Tract_Endoscopic>, <http://blulab.chpc.utah.edu/ontologies/v2/ConText.owl#Lexicon> -> <http://blulab.chpc.utah.edu/ontologies/v2/ConText.owl#Modifier> -> <http://blulab.chpc.utah.edu/ontologies/v2/ConText.owl#SemanticModifier> -> <http://blulab.chpc.utah.edu/ontologies/schema/endo/colonoscopyQuality.owl#ProcedureMethod> -> <http://blulab.chpc.utah.edu/ontologies/schema/endo/colonoscopyQuality.owl#Snare_instrument> -> <http://blulab.chpc.utah.edu/ontologies/schema/endo/colonoscopyQuality.owl#Snares_Endoscopic> -> <http://blulab.chpc.utah.edu/ontologies/schema/endo/colonoscopyQuality.owl#Snares_Respiratory_Tract_Endoscopic>, <http://blulab.chpc.utah.edu/ontologies/v2/ConText.owl#Lexicon> -> <http://blulab.chpc.utah.edu/ontologies/v2/ConText.owl#Modifier> -> <http://blulab.chpc.utah.edu/ontologies/v2/ConText.owl#SemanticModifier> -> <http://blulab.chpc.utah.edu/ontologies/schema/endo/colonoscopyQuality.owl#ProcedureMethod> -> <http://blulab.chpc.utah.edu/ontologies/schema/endo/colonoscopyQuality.owl#Snare_instrument> -> <http://blulab.chpc.utah.edu/ontologies/schema/endo/colonoscopyQuality.owl#Snares_Polyp> -> <http://blulab.chpc.utah.edu/ontologies/schema/endo/colonoscopyQuality.owl#Snares_Respiratory_Tract_Endoscopic>]]

	Modifier: Snares_Tonsil, uri=http://blulab.chpc.utah.edu/ontologies/schema/endo/colonoscopyQuality.owl#Snares_Tonsil, type= Semantic, classPath= [<http://blulab.chpc.utah.edu/ontologies/v2/ConText.owl#Lexicon> -> <http://blulab.chpc.utah.edu/ontologies/v2/ConText.owl#Modifier> -> <http://blulab.chpc.utah.edu/ontologies/v2/ConText.owl#SemanticModifier> -> <http://blulab.chpc.utah.edu/ontologies/schema/endo/colonoscopyQuality.owl#ProcedureMethod> -> <http://blulab.chpc.utah.edu/ontologies/schema/endo/colonoscopyQuality.owl#Snare_instrument> -> <http://blulab.chpc.utah.edu/ontologies/schema/endo/colonoscopyQuality.owl#Snares_Tonsil>]]

	Modifier: Snares_Urinary_Tract_Endoscopic, uri=http://blulab.chpc.utah.edu/ontologies/schema/endo/colonoscopyQuality.owl#Snares_Urinary_Tract_Endoscopic, type= Semantic, classPath= [<http://blulab.chpc.utah.edu/ontologies/v2/ConText.owl#Lexicon> -> <http://blulab.chpc.utah.edu/ontologies/v2/ConText.owl#Modifier> -> <http://blulab.chpc.utah.edu/ontologies/v2/ConText.owl#SemanticModifier> -> <http://blulab.chpc.utah.edu/ontologies/schema/endo/colonoscopyQuality.owl#ProcedureMethod> -> <http://blulab.chpc.utah.edu/ontologies/schema/endo/colonoscopyQuality.owl#Snare_instrument> -> <http://blulab.chpc.utah.edu/ontologies/schema/endo/colonoscopyQuality.owl#Snares_Urinary_Tract_Endoscopic>, <http://blulab.chpc.utah.edu/ontologies/v2/ConText.owl#Lexicon> -> <http://blulab.chpc.utah.edu/ontologies/v2/ConText.owl#Modifier> -> <http://blulab.chpc.utah.edu/ontologies/v2/ConText.owl#SemanticModifier> -> <http://blulab.chpc.utah.edu/ontologies/schema/endo/colonoscopyQuality.owl#ProcedureMethod> -> <http://blulab.chpc.utah.edu/ontologies/schema/endo/colonoscopyQuality.owl#Snare_instrument> -> <http://blulab.chpc.utah.edu/ontologies/schema/endo/colonoscopyQuality.owl#Snares_Endoscopic> -> <http://blulab.chpc.utah.edu/ontologies/schema/endo/colonoscopyQuality.owl#Snares_Urinary_Tract_Endoscopic>, <http://blulab.chpc.utah.edu/ontologies/v2/ConText.owl#Lexicon> -> <http://blulab.chpc.utah.edu/ontologies/v2/ConText.owl#Modifier> -> <http://blulab.chpc.utah.edu/ontologies/v2/ConText.owl#SemanticModifier> -> <http://blulab.chpc.utah.edu/ontologies/schema/endo/colonoscopyQuality.owl#ProcedureMethod> -> <http://blulab.chpc.utah.edu/ontologies/schema/endo/colonoscopyQuality.owl#Snare_instrument> -> <http://blulab.chpc.utah.edu/ontologies/schema/endo/colonoscopyQuality.owl#Snares_Polyp> -> <http://blulab.chpc.utah.edu/ontologies/schema/endo/colonoscopyQuality.owl#Snares_Urinary_Tract_Endoscopic>]]

	Modifier: Snares_Uterine_Endoscopic, uri=http://blulab.chpc.utah.edu/ontologies/schema/endo/colonoscopyQuality.owl#Snares_Uterine_Endoscopic, type= Semantic, classPath= [<http://blulab.chpc.utah.edu/ontologies/v2/ConText.owl#Lexicon> -> <http://blulab.chpc.utah.edu/ontologies/v2/ConText.owl#Modifier> -> <http://blulab.chpc.utah.edu/ontologies/v2/ConText.owl#SemanticModifier> -> <http://blulab.chpc.utah.edu/ontologies/schema/endo/colonoscopyQuality.owl#ProcedureMethod> -> <http://blulab.chpc.utah.edu/ontologies/schema/endo/colonoscopyQuality.owl#Snare_instrument> -> <http://blulab.chpc.utah.edu/ontologies/schema/endo/colonoscopyQuality.owl#Snares_Uterine_Endoscopic>, <http://blulab.chpc.utah.edu/ontologies/v2/ConText.owl#Lexicon> -> <http://blulab.chpc.utah.edu/ontologies/v2/ConText.owl#Modifier> -> <http://blulab.chpc.utah.edu/ontologies/v2/ConText.owl#SemanticModifier> -> <http://blulab.chpc.utah.edu/ontologies/schema/endo/colonoscopyQuality.owl#ProcedureMethod> -> <http://blulab.chpc.utah.edu/ontologies/schema/endo/colonoscopyQuality.owl#Snare_instrument> -> <http://blulab.chpc.utah.edu/ontologies/schema/endo/colonoscopyQuality.owl#Snares_Endoscopic> -> <http://blulab.chpc.utah.edu/ontologies/schema/endo/colonoscopyQuality.owl#Snares_Uterine_Endoscopic>, <http://blulab.chpc.utah.edu/ontologies/v2/ConText.owl#Lexicon> -> <http://blulab.chpc.utah.edu/ontologies/v2/ConText.owl#Modifier> -> <http://blulab.chpc.utah.edu/ontologies/v2/ConText.owl#SemanticModifier> -> <http://blulab.chpc.utah.edu/ontologies/schema/endo/colonoscopyQuality.owl#ProcedureMethod> -> <http://blulab.chpc.utah.edu/ontologies/schema/endo/colonoscopyQuality.owl#Snare_instrument> -> <http://blulab.chpc.utah.edu/ontologies/schema/endo/colonoscopyQuality.owl#Snares_Polyp> -> <http://blulab.chpc.utah.edu/ontologies/schema/endo/colonoscopyQuality.owl#Snares_Uterine_Endoscopic>]]

	Modifier: Shape, uri=http://blulab.chpc.utah.edu/ontologies/schema/endo/colonoscopyQuality.owl#Shape, type= Semantic, classPath= [<http://blulab.chpc.utah.edu/ontologies/v2/ConText.owl#Lexicon> -> <http://blulab.chpc.utah.edu/ontologies/v2/ConText.owl#Modifier> -> <http://blulab.chpc.utah.edu/ontologies/v2/ConText.owl#SemanticModifier> -> <http://blulab.chpc.utah.edu/ontologies/schema/endo/colonoscopyQuality.owl#Shape>]]

	Modifier: Depressed, uri=http://blulab.chpc.utah.edu/ontologies/schema/endo/colonoscopyQuality.owl#Depressed, type= Semantic, classPath= [<http://blulab.chpc.utah.edu/ontologies/v2/ConText.owl#Lexicon> -> <http://blulab.chpc.utah.edu/ontologies/v2/ConText.owl#Modifier> -> <http://blulab.chpc.utah.edu/ontologies/v2/ConText.owl#SemanticModifier> -> <http://blulab.chpc.utah.edu/ontologies/schema/endo/colonoscopyQuality.owl#Shape> -> <http://blulab.chpc.utah.edu/ontologies/schema/endo/colonoscopyQuality.owl#Depressed>]]

	Modifier: Flat_shape, uri=http://blulab.chpc.utah.edu/ontologies/schema/endo/colonoscopyQuality.owl#Flat_shape, type= Semantic, classPath= [<http://blulab.chpc.utah.edu/ontologies/v2/ConText.owl#Lexicon> -> <http://blulab.chpc.utah.edu/ontologies/v2/ConText.owl#Modifier> -> <http://blulab.chpc.utah.edu/ontologies/v2/ConText.owl#SemanticModifier> -> <http://blulab.chpc.utah.edu/ontologies/schema/endo/colonoscopyQuality.owl#Shape> -> <http://blulab.chpc.utah.edu/ontologies/schema/endo/colonoscopyQuality.owl#Flat_shape>]]

	Modifier: Mass, uri=http://blulab.chpc.utah.edu/ontologies/schema/endo/colonoscopyQuality.owl#Mass, type= Semantic, classPath= [<http://blulab.chpc.utah.edu/ontologies/v2/ConText.owl#Lexicon> -> <http://blulab.chpc.utah.edu/ontologies/v2/ConText.owl#Modifier> -> <http://blulab.chpc.utah.edu/ontologies/v2/ConText.owl#SemanticModifier> -> <http://blulab.chpc.utah.edu/ontologies/schema/endo/colonoscopyQuality.owl#Shape> -> <http://blulab.chpc.utah.edu/ontologies/schema/endo/colonoscopyQuality.owl#Mass>]]

	Modifier: Pedunculated, uri=http://blulab.chpc.utah.edu/ontologies/schema/endo/colonoscopyQuality.owl#Pedunculated, type= Semantic, classPath= [<http://blulab.chpc.utah.edu/ontologies/v2/ConText.owl#Lexicon> -> <http://blulab.chpc.utah.edu/ontologies/v2/ConText.owl#Modifier> -> <http://blulab.chpc.utah.edu/ontologies/v2/ConText.owl#SemanticModifier> -> <http://blulab.chpc.utah.edu/ontologies/schema/endo/colonoscopyQuality.owl#Shape> -> <http://blulab.chpc.utah.edu/ontologies/schema/endo/colonoscopyQuality.owl#Pedunculated>]]

	Modifier: Sessile, uri=http://blulab.chpc.utah.edu/ontologies/schema/endo/colonoscopyQuality.owl#Sessile, type= Semantic, classPath= [<http://blulab.chpc.utah.edu/ontologies/v2/ConText.owl#Lexicon> -> <http://blulab.chpc.utah.edu/ontologies/v2/ConText.owl#Modifier> -> <http://blulab.chpc.utah.edu/ontologies/v2/ConText.owl#SemanticModifier> -> <http://blulab.chpc.utah.edu/ontologies/schema/endo/colonoscopyQuality.owl#Shape> -> <http://blulab.chpc.utah.edu/ontologies/schema/endo/colonoscopyQuality.owl#Sessile>]]

	Modifier: SizeCategory, uri=http://blulab.chpc.utah.edu/ontologies/schema/endo/colonoscopyQuality.owl#SizeCategory, type= Semantic, classPath= [<http://blulab.chpc.utah.edu/ontologies/v2/ConText.owl#Lexicon> -> <http://blulab.chpc.utah.edu/ontologies/v2/ConText.owl#Modifier> -> <http://blulab.chpc.utah.edu/ontologies/v2/ConText.owl#SemanticModifier> -> <http://blulab.chpc.utah.edu/ontologies/schema/endo/colonoscopyQuality.owl#SizeCategory>]]

	Modifier: Large, uri=http://blulab.chpc.utah.edu/ontologies/schema/endo/colonoscopyQuality.owl#Large, type= Semantic, classPath= [<http://blulab.chpc.utah.edu/ontologies/v2/ConText.owl#Lexicon> -> <http://blulab.chpc.utah.edu/ontologies/v2/ConText.owl#Modifier> -> <http://blulab.chpc.utah.edu/ontologies/v2/ConText.owl#SemanticModifier> -> <http://blulab.chpc.utah.edu/ontologies/schema/endo/colonoscopyQuality.owl#SizeCategory> -> <http://blulab.chpc.utah.edu/ontologies/schema/endo/colonoscopyQuality.owl#Large>]]

	Modifier: Very_large, uri=http://blulab.chpc.utah.edu/ontologies/schema/endo/colonoscopyQuality.owl#Very_large, type= Semantic, classPath= [<http://blulab.chpc.utah.edu/ontologies/v2/ConText.owl#Lexicon> -> <http://blulab.chpc.utah.edu/ontologies/v2/ConText.owl#Modifier> -> <http://blulab.chpc.utah.edu/ontologies/v2/ConText.owl#SemanticModifier> -> <http://blulab.chpc.utah.edu/ontologies/schema/endo/colonoscopyQuality.owl#SizeCategory> -> <http://blulab.chpc.utah.edu/ontologies/schema/endo/colonoscopyQuality.owl#Large> -> <http://blulab.chpc.utah.edu/ontologies/schema/endo/colonoscopyQuality.owl#Very_large>]]

	Modifier: Medium, uri=http://blulab.chpc.utah.edu/ontologies/schema/endo/colonoscopyQuality.owl#Medium, type= Semantic, classPath= [<http://blulab.chpc.utah.edu/ontologies/v2/ConText.owl#Lexicon> -> <http://blulab.chpc.utah.edu/ontologies/v2/ConText.owl#Modifier> -> <http://blulab.chpc.utah.edu/ontologies/v2/ConText.owl#SemanticModifier> -> <http://blulab.chpc.utah.edu/ontologies/schema/endo/colonoscopyQuality.owl#SizeCategory> -> <http://blulab.chpc.utah.edu/ontologies/schema/endo/colonoscopyQuality.owl#Medium>]]

	Modifier: Minute, uri=http://blulab.chpc.utah.edu/ontologies/schema/endo/colonoscopyQuality.owl#Minute, type= Semantic, classPath= [<http://blulab.chpc.utah.edu/ontologies/v2/ConText.owl#Lexicon> -> <http://blulab.chpc.utah.edu/ontologies/v2/ConText.owl#Modifier> -> <http://blulab.chpc.utah.edu/ontologies/v2/ConText.owl#SemanticModifier> -> <http://blulab.chpc.utah.edu/ontologies/schema/endo/colonoscopyQuality.owl#SizeCategory> -> <http://blulab.chpc.utah.edu/ontologies/schema/endo/colonoscopyQuality.owl#Minute>]]

	Modifier: Small, uri=http://blulab.chpc.utah.edu/ontologies/schema/endo/colonoscopyQuality.owl#Small, type= Semantic, classPath= [<http://blulab.chpc.utah.edu/ontologies/v2/ConText.owl#Lexicon> -> <http://blulab.chpc.utah.edu/ontologies/v2/ConText.owl#Modifier> -> <http://blulab.chpc.utah.edu/ontologies/v2/ConText.owl#SemanticModifier> -> <http://blulab.chpc.utah.edu/ontologies/schema/endo/colonoscopyQuality.owl#SizeCategory> -> <http://blulab.chpc.utah.edu/ontologies/schema/endo/colonoscopyQuality.owl#Small>]]

	Modifier: Microscopic, uri=http://blulab.chpc.utah.edu/ontologies/schema/endo/colonoscopyQuality.owl#Microscopic, type= Semantic, classPath= [<http://blulab.chpc.utah.edu/ontologies/v2/ConText.owl#Lexicon> -> <http://blulab.chpc.utah.edu/ontologies/v2/ConText.owl#Modifier> -> <http://blulab.chpc.utah.edu/ontologies/v2/ConText.owl#SemanticModifier> -> <http://blulab.chpc.utah.edu/ontologies/schema/endo/colonoscopyQuality.owl#SizeCategory> -> <http://blulab.chpc.utah.edu/ontologies/schema/endo/colonoscopyQuality.owl#Small> -> <http://blulab.chpc.utah.edu/ontologies/schema/endo/colonoscopyQuality.owl#Microscopic>]]

	Modifier: Slight, uri=http://blulab.chpc.utah.edu/ontologies/schema/endo/colonoscopyQuality.owl#Slight, type= Semantic, classPath= [<http://blulab.chpc.utah.edu/ontologies/v2/ConText.owl#Lexicon> -> <http://blulab.chpc.utah.edu/ontologies/v2/ConText.owl#Modifier> -> <http://blulab.chpc.utah.edu/ontologies/v2/ConText.owl#SemanticModifier> -> <http://blulab.chpc.utah.edu/ontologies/schema/endo/colonoscopyQuality.owl#SizeCategory> -> <http://blulab.chpc.utah.edu/ontologies/schema/endo/colonoscopyQuality.owl#Small> -> <http://blulab.chpc.utah.edu/ontologies/schema/endo/colonoscopyQuality.owl#Slight>]]

	Modifier: Anatomical_anastomosis, uri=http://blulab.chpc.utah.edu/ontologies/schema/endo/colonoscopyQuality.owl#Anatomical_anastomosis, type= Semantic, classPath= [<http://blulab.chpc.utah.edu/ontologies/v2/ConText.owl#Lexicon> -> <http://blulab.chpc.utah.edu/ontologies/v2/ConText.owl#Modifier> -> <http://blulab.chpc.utah.edu/ontologies/v2/ConText.owl#SemanticModifier> -> <http://blulab.chpc.utah.edu/ontologies/v2/ConText.owl#BodySite> -> <http://blulab.chpc.utah.edu/ontologies/schema/endo/colonoscopyQuality.owl#Anatomical_anastomosis>]]

	Modifier: Colon_structure, uri=http://blulab.chpc.utah.edu/ontologies/schema/endo/colonoscopyQuality.owl#Colon_structure, type= Semantic, classPath= [<http://blulab.chpc.utah.edu/ontologies/v2/ConText.owl#Lexicon> -> <http://blulab.chpc.utah.edu/ontologies/v2/ConText.owl#Modifier> -> <http://blulab.chpc.utah.edu/ontologies/v2/ConText.owl#SemanticModifier> -> <http://blulab.chpc.utah.edu/ontologies/v2/ConText.owl#BodySite> -> <http://blulab.chpc.utah.edu/ontologies/schema/endo/colonoscopyQuality.owl#Colon_structure>]]

	Modifier: Ampulla_coli, uri=http://blulab.chpc.utah.edu/ontologies/schema/endo/colonoscopyQuality.owl#Ampulla_coli, type= Semantic, classPath= [<http://blulab.chpc.utah.edu/ontologies/v2/ConText.owl#Lexicon> -> <http://blulab.chpc.utah.edu/ontologies/v2/ConText.owl#Modifier> -> <http://blulab.chpc.utah.edu/ontologies/v2/ConText.owl#SemanticModifier> -> <http://blulab.chpc.utah.edu/ontologies/v2/ConText.owl#BodySite> -> <http://blulab.chpc.utah.edu/ontologies/schema/endo/colonoscopyQuality.owl#Colon_structure> -> <http://blulab.chpc.utah.edu/ontologies/schema/endo/colonoscopyQuality.owl#Ampulla_coli>, <http://blulab.chpc.utah.edu/ontologies/v2/ConText.owl#Lexicon> -> <http://blulab.chpc.utah.edu/ontologies/v2/ConText.owl#Modifier> -> <http://blulab.chpc.utah.edu/ontologies/v2/ConText.owl#SemanticModifier> -> <http://blulab.chpc.utah.edu/ontologies/v2/ConText.owl#BodySite> -> <http://blulab.chpc.utah.edu/ontologies/schema/endo/colonoscopyQuality.owl#Colon_structure> -> <http://blulab.chpc.utah.edu/ontologies/schema/endo/colonoscopyQuality.owl#Entire_colon> -> <http://blulab.chpc.utah.edu/ontologies/schema/endo/colonoscopyQuality.owl#Ampulla_coli>]]

	Modifier: Appendix, uri=http://blulab.chpc.utah.edu/ontologies/schema/endo/colonoscopyQuality.owl#Appendix, type= Semantic, classPath= [<http://blulab.chpc.utah.edu/ontologies/v2/ConText.owl#Lexicon> -> <http://blulab.chpc.utah.edu/ontologies/v2/ConText.owl#Modifier> -> <http://blulab.chpc.utah.edu/ontologies/v2/ConText.owl#SemanticModifier> -> <http://blulab.chpc.utah.edu/ontologies/v2/ConText.owl#BodySite> -> <http://blulab.chpc.utah.edu/ontologies/schema/endo/colonoscopyQuality.owl#Colon_structure> -> <http://blulab.chpc.utah.edu/ontologies/schema/endo/colonoscopyQuality.owl#Cecum> -> <http://blulab.chpc.utah.edu/ontologies/schema/endo/colonoscopyQuality.owl#Appendix>, <http://blulab.chpc.utah.edu/ontologies/v2/ConText.owl#Lexicon> -> <http://blulab.chpc.utah.edu/ontologies/v2/ConText.owl#Modifier> -> <http://blulab.chpc.utah.edu/ontologies/v2/ConText.owl#SemanticModifier> -> <http://blulab.chpc.utah.edu/ontologies/v2/ConText.owl#BodySite> -> <http://blulab.chpc.utah.edu/ontologies/schema/endo/colonoscopyQuality.owl#Colon_structure> -> <http://blulab.chpc.utah.edu/ontologies/schema/endo/colonoscopyQuality.owl#Appendix>]]

	Modifier: Appendectomy, uri=http://blulab.chpc.utah.edu/ontologies/schema/endo/colonoscopyQuality.owl#Appendectomy, type= Semantic, classPath= [<http://blulab.chpc.utah.edu/ontologies/v2/ConText.owl#Lexicon> -> <http://blulab.chpc.utah.edu/ontologies/v2/ConText.owl#Modifier> -> <http://blulab.chpc.utah.edu/ontologies/v2/ConText.owl#SemanticModifier> -> <http://blulab.chpc.utah.edu/ontologies/v2/ConText.owl#BodySite> -> <http://blulab.chpc.utah.edu/ontologies/schema/endo/colonoscopyQuality.owl#Colon_structure> -> <http://blulab.chpc.utah.edu/ontologies/schema/endo/colonoscopyQuality.owl#Cecum> -> <http://blulab.chpc.utah.edu/ontologies/schema/endo/colonoscopyQuality.owl#Appendix> -> <http://blulab.chpc.utah.edu/ontologies/schema/endo/colonoscopyQuality.owl#Appendectomy>, <http://blulab.chpc.utah.edu/ontologies/v2/ConText.owl#Lexicon> -> <http://blulab.chpc.utah.edu/ontologies/v2/ConText.owl#Modifier> -> <http://blulab.chpc.utah.edu/ontologies/v2/ConText.owl#SemanticModifier> -> <http://blulab.chpc.utah.edu/ontologies/v2/ConText.owl#BodySite> -> <http://blulab.chpc.utah.edu/ontologies/schema/endo/colonoscopyQuality.owl#Colon_structure> -> <http://blulab.chpc.utah.edu/ontologies/schema/endo/colonoscopyQuality.owl#Appendix> -> <http://blulab.chpc.utah.edu/ontologies/schema/endo/colonoscopyQuality.owl#Appendectomy>]]

	Modifier: Appendectomy_with_drainage, uri=http://blulab.chpc.utah.edu/ontologies/schema/endo/colonoscopyQuality.owl#Appendectomy_with_drainage, type= Semantic, classPath= [<http://blulab.chpc.utah.edu/ontologies/v2/ConText.owl#Lexicon> -> <http://blulab.chpc.utah.edu/ontologies/v2/ConText.owl#Modifier> -> <http://blulab.chpc.utah.edu/ontologies/v2/ConText.owl#SemanticModifier> -> <http://blulab.chpc.utah.edu/ontologies/v2/ConText.owl#BodySite> -> <http://blulab.chpc.utah.edu/ontologies/schema/endo/colonoscopyQuality.owl#Colon_structure> -> <http://blulab.chpc.utah.edu/ontologies/schema/endo/colonoscopyQuality.owl#Cecum> -> <http://blulab.chpc.utah.edu/ontologies/schema/endo/colonoscopyQuality.owl#Appendix> -> <http://blulab.chpc.utah.edu/ontologies/schema/endo/colonoscopyQuality.owl#Appendectomy> -> <http://blulab.chpc.utah.edu/ontologies/schema/endo/colonoscopyQuality.owl#Appendectomy_with_drainage>, <http://blulab.chpc.utah.edu/ontologies/v2/ConText.owl#Lexicon> -> <http://blulab.chpc.utah.edu/ontologies/v2/ConText.owl#Modifier> -> <http://blulab.chpc.utah.edu/ontologies/v2/ConText.owl#SemanticModifier> -> <http://blulab.chpc.utah.edu/ontologies/v2/ConText.owl#BodySite> -> <http://blulab.chpc.utah.edu/ontologies/schema/endo/colonoscopyQuality.owl#Colon_structure> -> <http://blulab.chpc.utah.edu/ontologies/schema/endo/colonoscopyQuality.owl#Appendix> -> <http://blulab.chpc.utah.edu/ontologies/schema/endo/colonoscopyQuality.owl#Appendectomy> -> <http://blulab.chpc.utah.edu/ontologies/schema/endo/colonoscopyQuality.owl#Appendectomy_with_drainage>]]

	Modifier: Emergency_appendectomy, uri=http://blulab.chpc.utah.edu/ontologies/schema/endo/colonoscopyQuality.owl#Emergency_appendectomy, type= Semantic, classPath= [<http://blulab.chpc.utah.edu/ontologies/v2/ConText.owl#Lexicon> -> <http://blulab.chpc.utah.edu/ontologies/v2/ConText.owl#Modifier> -> <http://blulab.chpc.utah.edu/ontologies/v2/ConText.owl#SemanticModifier> -> <http://blulab.chpc.utah.edu/ontologies/v2/ConText.owl#BodySite> -> <http://blulab.chpc.utah.edu/ontologies/schema/endo/colonoscopyQuality.owl#Colon_structure> -> <http://blulab.chpc.utah.edu/ontologies/schema/endo/colonoscopyQuality.owl#Cecum> -> <http://blulab.chpc.utah.edu/ontologies/schema/endo/colonoscopyQuality.owl#Appendix> -> <http://blulab.chpc.utah.edu/ontologies/schema/endo/colonoscopyQuality.owl#Appendectomy> -> <http://blulab.chpc.utah.edu/ontologies/schema/endo/colonoscopyQuality.owl#Emergency_appendectomy>, <http://blulab.chpc.utah.edu/ontologies/v2/ConText.owl#Lexicon> -> <http://blulab.chpc.utah.edu/ontologies/v2/ConText.owl#Modifier> -> <http://blulab.chpc.utah.edu/ontologies/v2/ConText.owl#SemanticModifier> -> <http://blulab.chpc.utah.edu/ontologies/v2/ConText.owl#BodySite> -> <http://blulab.chpc.utah.edu/ontologies/schema/endo/colonoscopyQuality.owl#Colon_structure> -> <http://blulab.chpc.utah.edu/ontologies/schema/endo/colonoscopyQuality.owl#Appendix> -> <http://blulab.chpc.utah.edu/ontologies/schema/endo/colonoscopyQuality.owl#Appendectomy> -> <http://blulab.chpc.utah.edu/ontologies/schema/endo/colonoscopyQuality.owl#Emergency_appendectomy>]]

	Modifier: Emergency_excision_of_normal_appendix, uri=http://blulab.chpc.utah.edu/ontologies/schema/endo/colonoscopyQuality.owl#Emergency_excision_of_normal_appendix, type= Semantic, classPath= [<http://blulab.chpc.utah.edu/ontologies/v2/ConText.owl#Lexicon> -> <http://blulab.chpc.utah.edu/ontologies/v2/ConText.owl#Modifier> -> <http://blulab.chpc.utah.edu/ontologies/v2/ConText.owl#SemanticModifier> -> <http://blulab.chpc.utah.edu/ontologies/v2/ConText.owl#BodySite> -> <http://blulab.chpc.utah.edu/ontologies/schema/endo/colonoscopyQuality.owl#Colon_structure> -> <http://blulab.chpc.utah.edu/ontologies/schema/endo/colonoscopyQuality.owl#Cecum> -> <http://blulab.chpc.utah.edu/ontologies/schema/endo/colonoscopyQuality.owl#Appendix> -> <http://blulab.chpc.utah.edu/ontologies/schema/endo/colonoscopyQuality.owl#Appendectomy> -> <http://blulab.chpc.utah.edu/ontologies/schema/endo/colonoscopyQuality.owl#Emergency_appendectomy> -> <http://blulab.chpc.utah.edu/ontologies/schema/endo/colonoscopyQuality.owl#Emergency_excision_of_normal_appendix>, <http://blulab.chpc.utah.edu/ontologies/v2/ConText.owl#Lexicon> -> <http://blulab.chpc.utah.edu/ontologies/v2/ConText.owl#Modifier> -> <http://blulab.chpc.utah.edu/ontologies/v2/ConText.owl#SemanticModifier> -> <http://blulab.chpc.utah.edu/ontologies/v2/ConText.owl#BodySite> -> <http://blulab.chpc.utah.edu/ontologies/schema/endo/colonoscopyQuality.owl#Colon_structure> -> <http://blulab.chpc.utah.edu/ontologies/schema/endo/colonoscopyQuality.owl#Appendix> -> <http://blulab.chpc.utah.edu/ontologies/schema/endo/colonoscopyQuality.owl#Appendectomy> -> <http://blulab.chpc.utah.edu/ontologies/schema/endo/colonoscopyQuality.owl#Emergency_appendectomy> -> <http://blulab.chpc.utah.edu/ontologies/schema/endo/colonoscopyQuality.owl#Emergency_excision_of_normal_appendix>]]

	Modifier: Laparoscopic_emergency_appendectomy, uri=http://blulab.chpc.utah.edu/ontologies/schema/endo/colonoscopyQuality.owl#Laparoscopic_emergency_appendectomy, type= Semantic, classPath= [<http://blulab.chpc.utah.edu/ontologies/v2/ConText.owl#Lexicon> -> <http://blulab.chpc.utah.edu/ontologies/v2/ConText.owl#Modifier> -> <http://blulab.chpc.utah.edu/ontologies/v2/ConText.owl#SemanticModifier> -> <http://blulab.chpc.utah.edu/ontologies/v2/ConText.owl#BodySite> -> <http://blulab.chpc.utah.edu/ontologies/schema/endo/colonoscopyQuality.owl#Colon_structure> -> <http://blulab.chpc.utah.edu/ontologies/schema/endo/colonoscopyQuality.owl#Cecum> -> <http://blulab.chpc.utah.edu/ontologies/schema/endo/colonoscopyQuality.owl#Appendix> -> <http://blulab.chpc.utah.edu/ontologies/schema/endo/colonoscopyQuality.owl#Appendectomy> -> <http://blulab.chpc.utah.edu/ontologies/schema/endo/colonoscopyQuality.owl#Emergency_appendectomy> -> <http://blulab.chpc.utah.edu/ontologies/schema/endo/colonoscopyQuality.owl#Laparoscopic_emergency_appendectomy>, <http://blulab.chpc.utah.edu/ontologies/v2/ConText.owl#Lexicon> -> <http://blulab.chpc.utah.edu/ontologies/v2/ConText.owl#Modifier> -> <http://blulab.chpc.utah.edu/ontologies/v2/ConText.owl#SemanticModifier> -> <http://blulab.chpc.utah.edu/ontologies/v2/ConText.owl#BodySite> -> <http://blulab.chpc.utah.edu/ontologies/schema/endo/colonoscopyQuality.owl#Colon_structure> -> <http://blulab.chpc.utah.edu/ontologies/schema/endo/colonoscopyQuality.owl#Cecum> -> <http://blulab.chpc.utah.edu/ontologies/schema/endo/colonoscopyQuality.owl#Appendix> -> <http://blulab.chpc.utah.edu/ontologies/schema/endo/colonoscopyQuality.owl#Appendectomy> -> <http://blulab.chpc.utah.edu/ontologies/schema/endo/colonoscopyQuality.owl#Laparoscopic_Appendectomy> -> <http://blulab.chpc.utah.edu/ontologies/schema/endo/colonoscopyQuality.owl#Laparoscopic_emergency_appendectomy>, <http://blulab.chpc.utah.edu/ontologies/v2/ConText.owl#Lexicon> -> <http://blulab.chpc.utah.edu/ontologies/v2/ConText.owl#Modifier> -> <http://blulab.chpc.utah.edu/ontologies/v2/ConText.owl#SemanticModifier> -> <http://blulab.chpc.utah.edu/ontologies/v2/ConText.owl#BodySite> -> <http://blulab.chpc.utah.edu/ontologies/schema/endo/colonoscopyQuality.owl#Colon_structure> -> <http://blulab.chpc.utah.edu/ontologies/schema/endo/colonoscopyQuality.owl#Appendix> -> <http://blulab.chpc.utah.edu/ontologies/schema/endo/colonoscopyQuality.owl#Appendectomy> -> <http://blulab.chpc.utah.edu/ontologies/schema/endo/colonoscopyQuality.owl#Laparoscopic_Appendectomy> -> <http://blulab.chpc.utah.edu/ontologies/schema/endo/colonoscopyQuality.owl#Laparoscopic_emergency_appendectomy>, <http://blulab.chpc.utah.edu/ontologies/v2/ConText.owl#Lexicon> -> <http://blulab.chpc.utah.edu/ontologies/v2/ConText.owl#Modifier> -> <http://blulab.chpc.utah.edu/ontologies/v2/ConText.owl#SemanticModifier> -> <http://blulab.chpc.utah.edu/ontologies/v2/ConText.owl#BodySite> -> <http://blulab.chpc.utah.edu/ontologies/schema/endo/colonoscopyQuality.owl#Colon_structure> -> <http://blulab.chpc.utah.edu/ontologies/schema/endo/colonoscopyQuality.owl#Appendix> -> <http://blulab.chpc.utah.edu/ontologies/schema/endo/colonoscopyQuality.owl#Appendectomy> -> <http://blulab.chpc.utah.edu/ontologies/schema/endo/colonoscopyQuality.owl#Emergency_appendectomy> -> <http://blulab.chpc.utah.edu/ontologies/schema/endo/colonoscopyQuality.owl#Laparoscopic_emergency_appendectomy>]]

	Modifier: Excision_of_appendiceal_stump, uri=http://blulab.chpc.utah.edu/ontologies/schema/endo/colonoscopyQuality.owl#Excision_of_appendiceal_stump, type= Semantic, classPath= [<http://blulab.chpc.utah.edu/ontologies/v2/ConText.owl#Lexicon> -> <http://blulab.chpc.utah.edu/ontologies/v2/ConText.owl#Modifier> -> <http://blulab.chpc.utah.edu/ontologies/v2/ConText.owl#SemanticModifier> -> <http://blulab.chpc.utah.edu/ontologies/v2/ConText.owl#BodySite> -> <http://blulab.chpc.utah.edu/ontologies/schema/endo/colonoscopyQuality.owl#Colon_structure> -> <http://blulab.chpc.utah.edu/ontologies/schema/endo/colonoscopyQuality.owl#Cecum> -> <http://blulab.chpc.utah.edu/ontologies/schema/endo/colonoscopyQuality.owl#Appendix> -> <http://blulab.chpc.utah.edu/ontologies/schema/endo/colonoscopyQuality.owl#Appendectomy> -> <http://blulab.chpc.utah.edu/ontologies/schema/endo/colonoscopyQuality.owl#Excision_of_appendiceal_stump>, <http://blulab.chpc.utah.edu/ontologies/v2/ConText.owl#Lexicon> -> <http://blulab.chpc.utah.edu/ontologies/v2/ConText.owl#Modifier> -> <http://blulab.chpc.utah.edu/ontologies/v2/ConText.owl#SemanticModifier> -> <http://blulab.chpc.utah.edu/ontologies/v2/ConText.owl#BodySite> -> <http://blulab.chpc.utah.edu/ontologies/schema/endo/colonoscopyQuality.owl#Colon_structure> -> <http://blulab.chpc.utah.edu/ontologies/schema/endo/colonoscopyQuality.owl#Appendix> -> <http://blulab.chpc.utah.edu/ontologies/schema/endo/colonoscopyQuality.owl#Appendectomy> -> <http://blulab.chpc.utah.edu/ontologies/schema/endo/colonoscopyQuality.owl#Excision_of_appendiceal_stump>]]

	Modifier: Excision_of_ruptured_appendix_by_open_approach, uri=http://blulab.chpc.utah.edu/ontologies/schema/endo/colonoscopyQuality.owl#Excision_of_ruptured_appendix_by_open_approach, type= Semantic, classPath= [<http://blulab.chpc.utah.edu/ontologies/v2/ConText.owl#Lexicon> -> <http://blulab.chpc.utah.edu/ontologies/v2/ConText.owl#Modifier> -> <http://blulab.chpc.utah.edu/ontologies/v2/ConText.owl#SemanticModifier> -> <http://blulab.chpc.utah.edu/ontologies/v2/ConText.owl#BodySite> -> <http://blulab.chpc.utah.edu/ontologies/schema/endo/colonoscopyQuality.owl#Colon_structure> -> <http://blulab.chpc.utah.edu/ontologies/schema/endo/colonoscopyQuality.owl#Cecum> -> <http://blulab.chpc.utah.edu/ontologies/schema/endo/colonoscopyQuality.owl#Appendix> -> <http://blulab.chpc.utah.edu/ontologies/schema/endo/colonoscopyQuality.owl#Appendectomy> -> <http://blulab.chpc.utah.edu/ontologies/schema/endo/colonoscopyQuality.owl#Excision_of_ruptured_appendix_by_open_approach>, <http://blulab.chpc.utah.edu/ontologies/v2/ConText.owl#Lexicon> -> <http://blulab.chpc.utah.edu/ontologies/v2/ConText.owl#Modifier> -> <http://blulab.chpc.utah.edu/ontologies/v2/ConText.owl#SemanticModifier> -> <http://blulab.chpc.utah.edu/ontologies/v2/ConText.owl#BodySite> -> <http://blulab.chpc.utah.edu/ontologies/schema/endo/colonoscopyQuality.owl#Colon_structure> -> <http://blulab.chpc.utah.edu/ontologies/schema/endo/colonoscopyQuality.owl#Appendix> -> <http://blulab.chpc.utah.edu/ontologies/schema/endo/colonoscopyQuality.owl#Appendectomy> -> <http://blulab.chpc.utah.edu/ontologies/schema/endo/colonoscopyQuality.owl#Excision_of_ruptured_appendix_by_open_approach>]]

	Modifier: Incidental_Appendectomy, uri=http://blulab.chpc.utah.edu/ontologies/schema/endo/colonoscopyQuality.owl#Incidental_Appendectomy, type= Semantic, classPath= [<http://blulab.chpc.utah.edu/ontologies/v2/ConText.owl#Lexicon> -> <http://blulab.chpc.utah.edu/ontologies/v2/ConText.owl#Modifier> -> <http://blulab.chpc.utah.edu/ontologies/v2/ConText.owl#SemanticModifier> -> <http://blulab.chpc.utah.edu/ontologies/v2/ConText.owl#BodySite> -> <http://blulab.chpc.utah.edu/ontologies/schema/endo/colonoscopyQuality.owl#Colon_structure> -> <http://blulab.chpc.utah.edu/ontologies/schema/endo/colonoscopyQuality.owl#Cecum> -> <http://blulab.chpc.utah.edu/ontologies/schema/endo/colonoscopyQuality.owl#Appendix> -> <http://blulab.chpc.utah.edu/ontologies/schema/endo/colonoscopyQuality.owl#Appendectomy> -> <http://blulab.chpc.utah.edu/ontologies/schema/endo/colonoscopyQuality.owl#Incidental_Appendectomy>, <http://blulab.chpc.utah.edu/ontologies/v2/ConText.owl#Lexicon> -> <http://blulab.chpc.utah.edu/ontologies/v2/ConText.owl#Modifier> -> <http://blulab.chpc.utah.edu/ontologies/v2/ConText.owl#SemanticModifier> -> <http://blulab.chpc.utah.edu/ontologies/v2/ConText.owl#BodySite> -> <http://blulab.chpc.utah.edu/ontologies/schema/endo/colonoscopyQuality.owl#Colon_structure> -> <http://blulab.chpc.utah.edu/ontologies/schema/endo/colonoscopyQuality.owl#Appendix> -> <http://blulab.chpc.utah.edu/ontologies/schema/endo/colonoscopyQuality.owl#Appendectomy> -> <http://blulab.chpc.utah.edu/ontologies/schema/endo/colonoscopyQuality.owl#Incidental_Appendectomy>]]

	Modifier: Laparoscopic_incidental_appendectomy, uri=http://blulab.chpc.utah.edu/ontologies/schema/endo/colonoscopyQuality.owl#Laparoscopic_incidental_appendectomy, type= Semantic, classPath= [<http://blulab.chpc.utah.edu/ontologies/v2/ConText.owl#Lexicon> -> <http://blulab.chpc.utah.edu/ontologies/v2/ConText.owl#Modifier> -> <http://blulab.chpc.utah.edu/ontologies/v2/ConText.owl#SemanticModifier> -> <http://blulab.chpc.utah.edu/ontologies/v2/ConText.owl#BodySite> -> <http://blulab.chpc.utah.edu/ontologies/schema/endo/colonoscopyQuality.owl#Colon_structure> -> <http://blulab.chpc.utah.edu/ontologies/schema/endo/colonoscopyQuality.owl#Cecum> -> <http://blulab.chpc.utah.edu/ontologies/schema/endo/colonoscopyQuality.owl#Appendix> -> <http://blulab.chpc.utah.edu/ontologies/schema/endo/colonoscopyQuality.owl#Appendectomy> -> <http://blulab.chpc.utah.edu/ontologies/schema/endo/colonoscopyQuality.owl#Incidental_Appendectomy> -> <http://blulab.chpc.utah.edu/ontologies/schema/endo/colonoscopyQuality.owl#Laparoscopic_incidental_appendectomy>, <http://blulab.chpc.utah.edu/ontologies/v2/ConText.owl#Lexicon> -> <http://blulab.chpc.utah.edu/ontologies/v2/ConText.owl#Modifier> -> <http://blulab.chpc.utah.edu/ontologies/v2/ConText.owl#SemanticModifier> -> <http://blulab.chpc.utah.edu/ontologies/v2/ConText.owl#BodySite> -> <http://blulab.chpc.utah.edu/ontologies/schema/endo/colonoscopyQuality.owl#Colon_structure> -> <http://blulab.chpc.utah.edu/ontologies/schema/endo/colonoscopyQuality.owl#Appendix> -> <http://blulab.chpc.utah.edu/ontologies/schema/endo/colonoscopyQuality.owl#Appendectomy> -> <http://blulab.chpc.utah.edu/ontologies/schema/endo/colonoscopyQuality.owl#Incidental_Appendectomy> -> <http://blulab.chpc.utah.edu/ontologies/schema/endo/colonoscopyQuality.owl#Laparoscopic_incidental_appendectomy>]]

	Modifier: Other_incidental_appendectomy, uri=http://blulab.chpc.utah.edu/ontologies/schema/endo/colonoscopyQuality.owl#Other_incidental_appendectomy, type= Semantic, classPath= [<http://blulab.chpc.utah.edu/ontologies/v2/ConText.owl#Lexicon> -> <http://blulab.chpc.utah.edu/ontologies/v2/ConText.owl#Modifier> -> <http://blulab.chpc.utah.edu/ontologies/v2/ConText.owl#SemanticModifier> -> <http://blulab.chpc.utah.edu/ontologies/v2/ConText.owl#BodySite> -> <http://blulab.chpc.utah.edu/ontologies/schema/endo/colonoscopyQuality.owl#Colon_structure> -> <http://blulab.chpc.utah.edu/ontologies/schema/endo/colonoscopyQuality.owl#Cecum> -> <http://blulab.chpc.utah.edu/ontologies/schema/endo/colonoscopyQuality.owl#Appendix> -> <http://blulab.chpc.utah.edu/ontologies/schema/endo/colonoscopyQuality.owl#Appendectomy> -> <http://blulab.chpc.utah.edu/ontologies/schema/endo/colonoscopyQuality.owl#Incidental_Appendectomy> -> <http://blulab.chpc.utah.edu/ontologies/schema/endo/colonoscopyQuality.owl#Other_incidental_appendectomy>, <http://blulab.chpc.utah.edu/ontologies/v2/ConText.owl#Lexicon> -> <http://blulab.chpc.utah.edu/ontologies/v2/ConText.owl#Modifier> -> <http://blulab.chpc.utah.edu/ontologies/v2/ConText.owl#SemanticModifier> -> <http://blulab.chpc.utah.edu/ontologies/v2/ConText.owl#BodySite> -> <http://blulab.chpc.utah.edu/ontologies/schema/endo/colonoscopyQuality.owl#Colon_structure> -> <http://blulab.chpc.utah.edu/ontologies/schema/endo/colonoscopyQuality.owl#Appendix> -> <http://blulab.chpc.utah.edu/ontologies/schema/endo/colonoscopyQuality.owl#Appendectomy> -> <http://blulab.chpc.utah.edu/ontologies/schema/endo/colonoscopyQuality.owl#Incidental_Appendectomy> -> <http://blulab.chpc.utah.edu/ontologies/schema/endo/colonoscopyQuality.owl#Other_incidental_appendectomy>]]

	Modifier: Interval_appendectomy, uri=http://blulab.chpc.utah.edu/ontologies/schema/endo/colonoscopyQuality.owl#Interval_appendectomy, type= Semantic, classPath= [<http://blulab.chpc.utah.edu/ontologies/v2/ConText.owl#Lexicon> -> <http://blulab.chpc.utah.edu/ontologies/v2/ConText.owl#Modifier> -> <http://blulab.chpc.utah.edu/ontologies/v2/ConText.owl#SemanticModifier> -> <http://blulab.chpc.utah.edu/ontologies/v2/ConText.owl#BodySite> -> <http://blulab.chpc.utah.edu/ontologies/schema/endo/colonoscopyQuality.owl#Colon_structure> -> <http://blulab.chpc.utah.edu/ontologies/schema/endo/colonoscopyQuality.owl#Cecum> -> <http://blulab.chpc.utah.edu/ontologies/schema/endo/colonoscopyQuality.owl#Appendix> -> <http://blulab.chpc.utah.edu/ontologies/schema/endo/colonoscopyQuality.owl#Appendectomy> -> <http://blulab.chpc.utah.edu/ontologies/schema/endo/colonoscopyQuality.owl#Interval_appendectomy>, <http://blulab.chpc.utah.edu/ontologies/v2/ConText.owl#Lexicon> -> <http://blulab.chpc.utah.edu/ontologies/v2/ConText.owl#Modifier> -> <http://blulab.chpc.utah.edu/ontologies/v2/ConText.owl#SemanticModifier> -> <http://blulab.chpc.utah.edu/ontologies/v2/ConText.owl#BodySite> -> <http://blulab.chpc.utah.edu/ontologies/schema/endo/colonoscopyQuality.owl#Colon_structure> -> <http://blulab.chpc.utah.edu/ontologies/schema/endo/colonoscopyQuality.owl#Appendix> -> <http://blulab.chpc.utah.edu/ontologies/schema/endo/colonoscopyQuality.owl#Appendectomy> -> <http://blulab.chpc.utah.edu/ontologies/schema/endo/colonoscopyQuality.owl#Interval_appendectomy>]]

	Modifier: Laparoscopic_Appendectomy, uri=http://blulab.chpc.utah.edu/ontologies/schema/endo/colonoscopyQuality.owl#Laparoscopic_Appendectomy, type= Semantic, classPath= [<http://blulab.chpc.utah.edu/ontologies/v2/ConText.owl#Lexicon> -> <http://blulab.chpc.utah.edu/ontologies/v2/ConText.owl#Modifier> -> <http://blulab.chpc.utah.edu/ontologies/v2/ConText.owl#SemanticModifier> -> <http://blulab.chpc.utah.edu/ontologies/v2/ConText.owl#BodySite> -> <http://blulab.chpc.utah.edu/ontologies/schema/endo/colonoscopyQuality.owl#Colon_structure> -> <http://blulab.chpc.utah.edu/ontologies/schema/endo/colonoscopyQuality.owl#Cecum> -> <http://blulab.chpc.utah.edu/ontologies/schema/endo/colonoscopyQuality.owl#Appendix> -> <http://blulab.chpc.utah.edu/ontologies/schema/endo/colonoscopyQuality.owl#Appendectomy> -> <http://blulab.chpc.utah.edu/ontologies/schema/endo/colonoscopyQuality.owl#Laparoscopic_Appendectomy>, <http://blulab.chpc.utah.edu/ontologies/v2/ConText.owl#Lexicon> -> <http://blulab.chpc.utah.edu/ontologies/v2/ConText.owl#Modifier> -> <http://blulab.chpc.utah.edu/ontologies/v2/ConText.owl#SemanticModifier> -> <http://blulab.chpc.utah.edu/ontologies/v2/ConText.owl#BodySite> -> <http://blulab.chpc.utah.edu/ontologies/schema/endo/colonoscopyQuality.owl#Colon_structure> -> <http://blulab.chpc.utah.edu/ontologies/schema/endo/colonoscopyQuality.owl#Appendix> -> <http://blulab.chpc.utah.edu/ontologies/schema/endo/colonoscopyQuality.owl#Appendectomy> -> <http://blulab.chpc.utah.edu/ontologies/schema/endo/colonoscopyQuality.owl#Laparoscopic_Appendectomy>]]

	Modifier: Laparoscopic_emergency_appendectomy, uri=http://blulab.chpc.utah.edu/ontologies/schema/endo/colonoscopyQuality.owl#Laparoscopic_emergency_appendectomy, type= Semantic, classPath= [<http://blulab.chpc.utah.edu/ontologies/v2/ConText.owl#Lexicon> -> <http://blulab.chpc.utah.edu/ontologies/v2/ConText.owl#Modifier> -> <http://blulab.chpc.utah.edu/ontologies/v2/ConText.owl#SemanticModifier> -> <http://blulab.chpc.utah.edu/ontologies/v2/ConText.owl#BodySite> -> <http://blulab.chpc.utah.edu/ontologies/schema/endo/colonoscopyQuality.owl#Colon_structure> -> <http://blulab.chpc.utah.edu/ontologies/schema/endo/colonoscopyQuality.owl#Cecum> -> <http://blulab.chpc.utah.edu/ontologies/schema/endo/colonoscopyQuality.owl#Appendix> -> <http://blulab.chpc.utah.edu/ontologies/schema/endo/colonoscopyQuality.owl#Appendectomy> -> <http://blulab.chpc.utah.edu/ontologies/schema/endo/colonoscopyQuality.owl#Emergency_appendectomy> -> <http://blulab.chpc.utah.edu/ontologies/schema/endo/colonoscopyQuality.owl#Laparoscopic_emergency_appendectomy>, <http://blulab.chpc.utah.edu/ontologies/v2/ConText.owl#Lexicon> -> <http://blulab.chpc.utah.edu/ontologies/v2/ConText.owl#Modifier> -> <http://blulab.chpc.utah.edu/ontologies/v2/ConText.owl#SemanticModifier> -> <http://blulab.chpc.utah.edu/ontologies/v2/ConText.owl#BodySite> -> <http://blulab.chpc.utah.edu/ontologies/schema/endo/colonoscopyQuality.owl#Colon_structure> -> <http://blulab.chpc.utah.edu/ontologies/schema/endo/colonoscopyQuality.owl#Cecum> -> <http://blulab.chpc.utah.edu/ontologies/schema/endo/colonoscopyQuality.owl#Appendix> -> <http://blulab.chpc.utah.edu/ontologies/schema/endo/colonoscopyQuality.owl#Appendectomy> -> <http://blulab.chpc.utah.edu/ontologies/schema/endo/colonoscopyQuality.owl#Laparoscopic_Appendectomy> -> <http://blulab.chpc.utah.edu/ontologies/schema/endo/colonoscopyQuality.owl#Laparoscopic_emergency_appendectomy>, <http://blulab.chpc.utah.edu/ontologies/v2/ConText.owl#Lexicon> -> <http://blulab.chpc.utah.edu/ontologies/v2/ConText.owl#Modifier> -> <http://blulab.chpc.utah.edu/ontologies/v2/ConText.owl#SemanticModifier> -> <http://blulab.chpc.utah.edu/ontologies/v2/ConText.owl#BodySite> -> <http://blulab.chpc.utah.edu/ontologies/schema/endo/colonoscopyQuality.owl#Colon_structure> -> <http://blulab.chpc.utah.edu/ontologies/schema/endo/colonoscopyQuality.owl#Appendix> -> <http://blulab.chpc.utah.edu/ontologies/schema/endo/colonoscopyQuality.owl#Appendectomy> -> <http://blulab.chpc.utah.edu/ontologies/schema/endo/colonoscopyQuality.owl#Laparoscopic_Appendectomy> -> <http://blulab.chpc.utah.edu/ontologies/schema/endo/colonoscopyQuality.owl#Laparoscopic_emergency_appendectomy>, <http://blulab.chpc.utah.edu/ontologies/v2/ConText.owl#Lexicon> -> <http://blulab.chpc.utah.edu/ontologies/v2/ConText.owl#Modifier> -> <http://blulab.chpc.utah.edu/ontologies/v2/ConText.owl#SemanticModifier> -> <http://blulab.chpc.utah.edu/ontologies/v2/ConText.owl#BodySite> -> <http://blulab.chpc.utah.edu/ontologies/schema/endo/colonoscopyQuality.owl#Colon_structure> -> <http://blulab.chpc.utah.edu/ontologies/schema/endo/colonoscopyQuality.owl#Appendix> -> <http://blulab.chpc.utah.edu/ontologies/schema/endo/colonoscopyQuality.owl#Appendectomy> -> <http://blulab.chpc.utah.edu/ontologies/schema/endo/colonoscopyQuality.owl#Emergency_appendectomy> -> <http://blulab.chpc.utah.edu/ontologies/schema/endo/colonoscopyQuality.owl#Laparoscopic_emergency_appendectomy>]]

	Modifier: Laparoscopic_interval_appendectomy, uri=http://blulab.chpc.utah.edu/ontologies/schema/endo/colonoscopyQuality.owl#Laparoscopic_interval_appendectomy, type= Semantic, classPath= [<http://blulab.chpc.utah.edu/ontologies/v2/ConText.owl#Lexicon> -> <http://blulab.chpc.utah.edu/ontologies/v2/ConText.owl#Modifier> -> <http://blulab.chpc.utah.edu/ontologies/v2/ConText.owl#SemanticModifier> -> <http://blulab.chpc.utah.edu/ontologies/v2/ConText.owl#BodySite> -> <http://blulab.chpc.utah.edu/ontologies/schema/endo/colonoscopyQuality.owl#Colon_structure> -> <http://blulab.chpc.utah.edu/ontologies/schema/endo/colonoscopyQuality.owl#Cecum> -> <http://blulab.chpc.utah.edu/ontologies/schema/endo/colonoscopyQuality.owl#Appendix> -> <http://blulab.chpc.utah.edu/ontologies/schema/endo/colonoscopyQuality.owl#Appendectomy> -> <http://blulab.chpc.utah.edu/ontologies/schema/endo/colonoscopyQuality.owl#Laparoscopic_Appendectomy> -> <http://blulab.chpc.utah.edu/ontologies/schema/endo/colonoscopyQuality.owl#Laparoscopic_interval_appendectomy>, <http://blulab.chpc.utah.edu/ontologies/v2/ConText.owl#Lexicon> -> <http://blulab.chpc.utah.edu/ontologies/v2/ConText.owl#Modifier> -> <http://blulab.chpc.utah.edu/ontologies/v2/ConText.owl#SemanticModifier> -> <http://blulab.chpc.utah.edu/ontologies/v2/ConText.owl#BodySite> -> <http://blulab.chpc.utah.edu/ontologies/schema/endo/colonoscopyQuality.owl#Colon_structure> -> <http://blulab.chpc.utah.edu/ontologies/schema/endo/colonoscopyQuality.owl#Appendix> -> <http://blulab.chpc.utah.edu/ontologies/schema/endo/colonoscopyQuality.owl#Appendectomy> -> <http://blulab.chpc.utah.edu/ontologies/schema/endo/colonoscopyQuality.owl#Laparoscopic_Appendectomy> -> <http://blulab.chpc.utah.edu/ontologies/schema/endo/colonoscopyQuality.owl#Laparoscopic_interval_appendectomy>]]

	Modifier: Non_emergency_appendectomy, uri=http://blulab.chpc.utah.edu/ontologies/schema/endo/colonoscopyQuality.owl#Non_emergency_appendectomy, type= Semantic, classPath= [<http://blulab.chpc.utah.edu/ontologies/v2/ConText.owl#Lexicon> -> <http://blulab.chpc.utah.edu/ontologies/v2/ConText.owl#Modifier> -> <http://blulab.chpc.utah.edu/ontologies/v2/ConText.owl#SemanticModifier> -> <http://blulab.chpc.utah.edu/ontologies/v2/ConText.owl#BodySite> -> <http://blulab.chpc.utah.edu/ontologies/schema/endo/colonoscopyQuality.owl#Colon_structure> -> <http://blulab.chpc.utah.edu/ontologies/schema/endo/colonoscopyQuality.owl#Cecum> -> <http://blulab.chpc.utah.edu/ontologies/schema/endo/colonoscopyQuality.owl#Appendix> -> <http://blulab.chpc.utah.edu/ontologies/schema/endo/colonoscopyQuality.owl#Appendectomy> -> <http://blulab.chpc.utah.edu/ontologies/schema/endo/colonoscopyQuality.owl#Non_emergency_appendectomy>, <http://blulab.chpc.utah.edu/ontologies/v2/ConText.owl#Lexicon> -> <http://blulab.chpc.utah.edu/ontologies/v2/ConText.owl#Modifier> -> <http://blulab.chpc.utah.edu/ontologies/v2/ConText.owl#SemanticModifier> -> <http://blulab.chpc.utah.edu/ontologies/v2/ConText.owl#BodySite> -> <http://blulab.chpc.utah.edu/ontologies/schema/endo/colonoscopyQuality.owl#Colon_structure> -> <http://blulab.chpc.utah.edu/ontologies/schema/endo/colonoscopyQuality.owl#Appendix> -> <http://blulab.chpc.utah.edu/ontologies/schema/endo/colonoscopyQuality.owl#Appendectomy> -> <http://blulab.chpc.utah.edu/ontologies/schema/endo/colonoscopyQuality.owl#Non_emergency_appendectomy>]]

	Modifier: Other_appendectomy, uri=http://blulab.chpc.utah.edu/ontologies/schema/endo/colonoscopyQuality.owl#Other_appendectomy, type= Semantic, classPath= [<http://blulab.chpc.utah.edu/ontologies/v2/ConText.owl#Lexicon> -> <http://blulab.chpc.utah.edu/ontologies/v2/ConText.owl#Modifier> -> <http://blulab.chpc.utah.edu/ontologies/v2/ConText.owl#SemanticModifier> -> <http://blulab.chpc.utah.edu/ontologies/v2/ConText.owl#BodySite> -> <http://blulab.chpc.utah.edu/ontologies/schema/endo/colonoscopyQuality.owl#Colon_structure> -> <http://blulab.chpc.utah.edu/ontologies/schema/endo/colonoscopyQuality.owl#Cecum> -> <http://blulab.chpc.utah.edu/ontologies/schema/endo/colonoscopyQuality.owl#Appendix> -> <http://blulab.chpc.utah.edu/ontologies/schema/endo/colonoscopyQuality.owl#Appendectomy> -> <http://blulab.chpc.utah.edu/ontologies/schema/endo/colonoscopyQuality.owl#Other_appendectomy>, <http://blulab.chpc.utah.edu/ontologies/v2/ConText.owl#Lexicon> -> <http://blulab.chpc.utah.edu/ontologies/v2/ConText.owl#Modifier> -> <http://blulab.chpc.utah.edu/ontologies/v2/ConText.owl#SemanticModifier> -> <http://blulab.chpc.utah.edu/ontologies/v2/ConText.owl#BodySite> -> <http://blulab.chpc.utah.edu/ontologies/schema/endo/colonoscopyQuality.owl#Colon_structure> -> <http://blulab.chpc.utah.edu/ontologies/schema/endo/colonoscopyQuality.owl#Appendix> -> <http://blulab.chpc.utah.edu/ontologies/schema/endo/colonoscopyQuality.owl#Appendectomy> -> <http://blulab.chpc.utah.edu/ontologies/schema/endo/colonoscopyQuality.owl#Other_appendectomy>]]

	Modifier: Appendiceal_Tip, uri=http://blulab.chpc.utah.edu/ontologies/schema/endo/colonoscopyQuality.owl#Appendiceal_Tip, type= Semantic, classPath= [<http://blulab.chpc.utah.edu/ontologies/v2/ConText.owl#Lexicon> -> <http://blulab.chpc.utah.edu/ontologies/v2/ConText.owl#Modifier> -> <http://blulab.chpc.utah.edu/ontologies/v2/ConText.owl#SemanticModifier> -> <http://blulab.chpc.utah.edu/ontologies/v2/ConText.owl#BodySite> -> <http://blulab.chpc.utah.edu/ontologies/schema/endo/colonoscopyQuality.owl#Colon_structure> -> <http://blulab.chpc.utah.edu/ontologies/schema/endo/colonoscopyQuality.owl#Cecum> -> <http://blulab.chpc.utah.edu/ontologies/schema/endo/colonoscopyQuality.owl#Appendix> -> <http://blulab.chpc.utah.edu/ontologies/schema/endo/colonoscopyQuality.owl#Appendiceal_Tip>, <http://blulab.chpc.utah.edu/ontologies/v2/ConText.owl#Lexicon> -> <http://blulab.chpc.utah.edu/ontologies/v2/ConText.owl#Modifier> -> <http://blulab.chpc.utah.edu/ontologies/v2/ConText.owl#SemanticModifier> -> <http://blulab.chpc.utah.edu/ontologies/v2/ConText.owl#BodySite> -> <http://blulab.chpc.utah.edu/ontologies/schema/endo/colonoscopyQuality.owl#Colon_structure> -> <http://blulab.chpc.utah.edu/ontologies/schema/endo/colonoscopyQuality.owl#Appendix> -> <http://blulab.chpc.utah.edu/ontologies/schema/endo/colonoscopyQuality.owl#Appendiceal_Tip>]]

	Modifier: Appendiceal_lymphoid_nodule, uri=http://blulab.chpc.utah.edu/ontologies/schema/endo/colonoscopyQuality.owl#Appendiceal_lymphoid_nodule, type= Semantic, classPath= [<http://blulab.chpc.utah.edu/ontologies/v2/ConText.owl#Lexicon> -> <http://blulab.chpc.utah.edu/ontologies/v2/ConText.owl#Modifier> -> <http://blulab.chpc.utah.edu/ontologies/v2/ConText.owl#SemanticModifier> -> <http://blulab.chpc.utah.edu/ontologies/v2/ConText.owl#BodySite> -> <http://blulab.chpc.utah.edu/ontologies/schema/endo/colonoscopyQuality.owl#Colon_structure> -> <http://blulab.chpc.utah.edu/ontologies/schema/endo/colonoscopyQuality.owl#Cecum> -> <http://blulab.chpc.utah.edu/ontologies/schema/endo/colonoscopyQuality.owl#Appendix> -> <http://blulab.chpc.utah.edu/ontologies/schema/endo/colonoscopyQuality.owl#Appendiceal_lymphoid_nodule>, <http://blulab.chpc.utah.edu/ontologies/v2/ConText.owl#Lexicon> -> <http://blulab.chpc.utah.edu/ontologies/v2/ConText.owl#Modifier> -> <http://blulab.chpc.utah.edu/ontologies/v2/ConText.owl#SemanticModifier> -> <http://blulab.chpc.utah.edu/ontologies/v2/ConText.owl#BodySite> -> <http://blulab.chpc.utah.edu/ontologies/schema/endo/colonoscopyQuality.owl#Colon_structure> -> <http://blulab.chpc.utah.edu/ontologies/schema/endo/colonoscopyQuality.owl#Cecum> -> <http://blulab.chpc.utah.edu/ontologies/schema/endo/colonoscopyQuality.owl#Appendix> -> <http://blulab.chpc.utah.edu/ontologies/schema/endo/colonoscopyQuality.owl#Entire_appendix> -> <http://blulab.chpc.utah.edu/ontologies/schema/endo/colonoscopyQuality.owl#Appendiceal_lymphoid_nodule>, <http://blulab.chpc.utah.edu/ontologies/v2/ConText.owl#Lexicon> -> <http://blulab.chpc.utah.edu/ontologies/v2/ConText.owl#Modifier> -> <http://blulab.chpc.utah.edu/ontologies/v2/ConText.owl#SemanticModifier> -> <http://blulab.chpc.utah.edu/ontologies/v2/ConText.owl#BodySite> -> <http://blulab.chpc.utah.edu/ontologies/schema/endo/colonoscopyQuality.owl#Colon_structure> -> <http://blulab.chpc.utah.edu/ontologies/schema/endo/colonoscopyQuality.owl#Appendix> -> <http://blulab.chpc.utah.edu/ontologies/schema/endo/colonoscopyQuality.owl#Entire_appendix> -> <http://blulab.chpc.utah.edu/ontologies/schema/endo/colonoscopyQuality.owl#Appendiceal_lymphoid_nodule>, <http://blulab.chpc.utah.edu/ontologies/v2/ConText.owl#Lexicon> -> <http://blulab.chpc.utah.edu/ontologies/v2/ConText.owl#Modifier> -> <http://blulab.chpc.utah.edu/ontologies/v2/ConText.owl#SemanticModifier> -> <http://blulab.chpc.utah.edu/ontologies/v2/ConText.owl#BodySite> -> <http://blulab.chpc.utah.edu/ontologies/schema/endo/colonoscopyQuality.owl#Colon_structure> -> <http://blulab.chpc.utah.edu/ontologies/schema/endo/colonoscopyQuality.owl#Appendix> -> <http://blulab.chpc.utah.edu/ontologies/schema/endo/colonoscopyQuality.owl#Appendiceal_lymphoid_nodule>]]

	Modifier: Appendix_proper, uri=http://blulab.chpc.utah.edu/ontologies/schema/endo/colonoscopyQuality.owl#Appendix_proper, type= Semantic, classPath= [<http://blulab.chpc.utah.edu/ontologies/v2/ConText.owl#Lexicon> -> <http://blulab.chpc.utah.edu/ontologies/v2/ConText.owl#Modifier> -> <http://blulab.chpc.utah.edu/ontologies/v2/ConText.owl#SemanticModifier> -> <http://blulab.chpc.utah.edu/ontologies/v2/ConText.owl#BodySite> -> <http://blulab.chpc.utah.edu/ontologies/schema/endo/colonoscopyQuality.owl#Colon_structure> -> <http://blulab.chpc.utah.edu/ontologies/schema/endo/colonoscopyQuality.owl#Cecum> -> <http://blulab.chpc.utah.edu/ontologies/schema/endo/colonoscopyQuality.owl#Appendix> -> <http://blulab.chpc.utah.edu/ontologies/schema/endo/colonoscopyQuality.owl#Appendix_proper>, <http://blulab.chpc.utah.edu/ontologies/v2/ConText.owl#Lexicon> -> <http://blulab.chpc.utah.edu/ontologies/v2/ConText.owl#Modifier> -> <http://blulab.chpc.utah.edu/ontologies/v2/ConText.owl#SemanticModifier> -> <http://blulab.chpc.utah.edu/ontologies/v2/ConText.owl#BodySite> -> <http://blulab.chpc.utah.edu/ontologies/schema/endo/colonoscopyQuality.owl#Colon_structure> -> <http://blulab.chpc.utah.edu/ontologies/schema/endo/colonoscopyQuality.owl#Appendix> -> <http://blulab.chpc.utah.edu/ontologies/schema/endo/colonoscopyQuality.owl#Appendix_proper>]]

	Modifier: Base_of_appendix, uri=http://blulab.chpc.utah.edu/ontologies/schema/endo/colonoscopyQuality.owl#Base_of_appendix, type= Semantic, classPath= [<http://blulab.chpc.utah.edu/ontologies/v2/ConText.owl#Lexicon> -> <http://blulab.chpc.utah.edu/ontologies/v2/ConText.owl#Modifier> -> <http://blulab.chpc.utah.edu/ontologies/v2/ConText.owl#SemanticModifier> -> <http://blulab.chpc.utah.edu/ontologies/v2/ConText.owl#BodySite> -> <http://blulab.chpc.utah.edu/ontologies/schema/endo/colonoscopyQuality.owl#Colon_structure> -> <http://blulab.chpc.utah.edu/ontologies/schema/endo/colonoscopyQuality.owl#Cecum> -> <http://blulab.chpc.utah.edu/ontologies/schema/endo/colonoscopyQuality.owl#Appendix> -> <http://blulab.chpc.utah.edu/ontologies/schema/endo/colonoscopyQuality.owl#Base_of_appendix>, <http://blulab.chpc.utah.edu/ontologies/v2/ConText.owl#Lexicon> -> <http://blulab.chpc.utah.edu/ontologies/v2/ConText.owl#Modifier> -> <http://blulab.chpc.utah.edu/ontologies/v2/ConText.owl#SemanticModifier> -> <http://blulab.chpc.utah.edu/ontologies/v2/ConText.owl#BodySite> -> <http://blulab.chpc.utah.edu/ontologies/schema/endo/colonoscopyQuality.owl#Colon_structure> -> <http://blulab.chpc.utah.edu/ontologies/schema/endo/colonoscopyQuality.owl#Appendix> -> <http://blulab.chpc.utah.edu/ontologies/schema/endo/colonoscopyQuality.owl#Base_of_appendix>]]

	Modifier: Distal_half_of_appendix_structure, uri=http://blulab.chpc.utah.edu/ontologies/schema/endo/colonoscopyQuality.owl#Distal_half_of_appendix_structure, type= Semantic, classPath= [<http://blulab.chpc.utah.edu/ontologies/v2/ConText.owl#Lexicon> -> <http://blulab.chpc.utah.edu/ontologies/v2/ConText.owl#Modifier> -> <http://blulab.chpc.utah.edu/ontologies/v2/ConText.owl#SemanticModifier> -> <http://blulab.chpc.utah.edu/ontologies/v2/ConText.owl#BodySite> -> <http://blulab.chpc.utah.edu/ontologies/schema/endo/colonoscopyQuality.owl#Colon_structure> -> <http://blulab.chpc.utah.edu/ontologies/schema/endo/colonoscopyQuality.owl#Cecum> -> <http://blulab.chpc.utah.edu/ontologies/schema/endo/colonoscopyQuality.owl#Appendix> -> <http://blulab.chpc.utah.edu/ontologies/schema/endo/colonoscopyQuality.owl#Distal_half_of_appendix_structure>, <http://blulab.chpc.utah.edu/ontologies/v2/ConText.owl#Lexicon> -> <http://blulab.chpc.utah.edu/ontologies/v2/ConText.owl#Modifier> -> <http://blulab.chpc.utah.edu/ontologies/v2/ConText.owl#SemanticModifier> -> <http://blulab.chpc.utah.edu/ontologies/v2/ConText.owl#BodySite> -> <http://blulab.chpc.utah.edu/ontologies/schema/endo/colonoscopyQuality.owl#Colon_structure> -> <http://blulab.chpc.utah.edu/ontologies/schema/endo/colonoscopyQuality.owl#Appendix> -> <http://blulab.chpc.utah.edu/ontologies/schema/endo/colonoscopyQuality.owl#Distal_half_of_appendix_structure>]]

	Modifier: Entire_appendix, uri=http://blulab.chpc.utah.edu/ontologies/schema/endo/colonoscopyQuality.owl#Entire_appendix, type= Semantic, classPath= [<http://blulab.chpc.utah.edu/ontologies/v2/ConText.owl#Lexicon> -> <http://blulab.chpc.utah.edu/ontologies/v2/ConText.owl#Modifier> -> <http://blulab.chpc.utah.edu/ontologies/v2/ConText.owl#SemanticModifier> -> <http://blulab.chpc.utah.edu/ontologies/v2/ConText.owl#BodySite> -> <http://blulab.chpc.utah.edu/ontologies/schema/endo/colonoscopyQuality.owl#Colon_structure> -> <http://blulab.chpc.utah.edu/ontologies/schema/endo/colonoscopyQuality.owl#Cecum> -> <http://blulab.chpc.utah.edu/ontologies/schema/endo/colonoscopyQuality.owl#Appendix> -> <http://blulab.chpc.utah.edu/ontologies/schema/endo/colonoscopyQuality.owl#Entire_appendix>, <http://blulab.chpc.utah.edu/ontologies/v2/ConText.owl#Lexicon> -> <http://blulab.chpc.utah.edu/ontologies/v2/ConText.owl#Modifier> -> <http://blulab.chpc.utah.edu/ontologies/v2/ConText.owl#SemanticModifier> -> <http://blulab.chpc.utah.edu/ontologies/v2/ConText.owl#BodySite> -> <http://blulab.chpc.utah.edu/ontologies/schema/endo/colonoscopyQuality.owl#Colon_structure> -> <http://blulab.chpc.utah.edu/ontologies/schema/endo/colonoscopyQuality.owl#Appendix> -> <http://blulab.chpc.utah.edu/ontologies/schema/endo/colonoscopyQuality.owl#Entire_appendix>]]

	Modifier: Appendiceal_lymphoid_nodule, uri=http://blulab.chpc.utah.edu/ontologies/schema/endo/colonoscopyQuality.owl#Appendiceal_lymphoid_nodule, type= Semantic, classPath= [<http://blulab.chpc.utah.edu/ontologies/v2/ConText.owl#Lexicon> -> <http://blulab.chpc.utah.edu/ontologies/v2/ConText.owl#Modifier> -> <http://blulab.chpc.utah.edu/ontologies/v2/ConText.owl#SemanticModifier> -> <http://blulab.chpc.utah.edu/ontologies/v2/ConText.owl#BodySite> -> <http://blulab.chpc.utah.edu/ontologies/schema/endo/colonoscopyQuality.owl#Colon_structure> -> <http://blulab.chpc.utah.edu/ontologies/schema/endo/colonoscopyQuality.owl#Cecum> -> <http://blulab.chpc.utah.edu/ontologies/schema/endo/colonoscopyQuality.owl#Appendix> -> <http://blulab.chpc.utah.edu/ontologies/schema/endo/colonoscopyQuality.owl#Appendiceal_lymphoid_nodule>, <http://blulab.chpc.utah.edu/ontologies/v2/ConText.owl#Lexicon> -> <http://blulab.chpc.utah.edu/ontologies/v2/ConText.owl#Modifier> -> <http://blulab.chpc.utah.edu/ontologies/v2/ConText.owl#SemanticModifier> -> <http://blulab.chpc.utah.edu/ontologies/v2/ConText.owl#BodySite> -> <http://blulab.chpc.utah.edu/ontologies/schema/endo/colonoscopyQuality.owl#Colon_structure> -> <http://blulab.chpc.utah.edu/ontologies/schema/endo/colonoscopyQuality.owl#Cecum> -> <http://blulab.chpc.utah.edu/ontologies/schema/endo/colonoscopyQuality.owl#Appendix> -> <http://blulab.chpc.utah.edu/ontologies/schema/endo/colonoscopyQuality.owl#Entire_appendix> -> <http://blulab.chpc.utah.edu/ontologies/schema/endo/colonoscopyQuality.owl#Appendiceal_lymphoid_nodule>, <http://blulab.chpc.utah.edu/ontologies/v2/ConText.owl#Lexicon> -> <http://blulab.chpc.utah.edu/ontologies/v2/ConText.owl#Modifier> -> <http://blulab.chpc.utah.edu/ontologies/v2/ConText.owl#SemanticModifier> -> <http://blulab.chpc.utah.edu/ontologies/v2/ConText.owl#BodySite> -> <http://blulab.chpc.utah.edu/ontologies/schema/endo/colonoscopyQuality.owl#Colon_structure> -> <http://blulab.chpc.utah.edu/ontologies/schema/endo/colonoscopyQuality.owl#Appendix> -> <http://blulab.chpc.utah.edu/ontologies/schema/endo/colonoscopyQuality.owl#Entire_appendix> -> <http://blulab.chpc.utah.edu/ontologies/schema/endo/colonoscopyQuality.owl#Appendiceal_lymphoid_nodule>, <http://blulab.chpc.utah.edu/ontologies/v2/ConText.owl#Lexicon> -> <http://blulab.chpc.utah.edu/ontologies/v2/ConText.owl#Modifier> -> <http://blulab.chpc.utah.edu/ontologies/v2/ConText.owl#SemanticModifier> -> <http://blulab.chpc.utah.edu/ontologies/v2/ConText.owl#BodySite> -> <http://blulab.chpc.utah.edu/ontologies/schema/endo/colonoscopyQuality.owl#Colon_structure> -> <http://blulab.chpc.utah.edu/ontologies/schema/endo/colonoscopyQuality.owl#Appendix> -> <http://blulab.chpc.utah.edu/ontologies/schema/endo/colonoscopyQuality.owl#Appendiceal_lymphoid_nodule>]]

	Modifier: Appendiceal_mucous_membrane, uri=http://blulab.chpc.utah.edu/ontologies/schema/endo/colonoscopyQuality.owl#Appendiceal_mucous_membrane, type= Semantic, classPath= [<http://blulab.chpc.utah.edu/ontologies/v2/ConText.owl#Lexicon> -> <http://blulab.chpc.utah.edu/ontologies/v2/ConText.owl#Modifier> -> <http://blulab.chpc.utah.edu/ontologies/v2/ConText.owl#SemanticModifier> -> <http://blulab.chpc.utah.edu/ontologies/v2/ConText.owl#BodySite> -> <http://blulab.chpc.utah.edu/ontologies/schema/endo/colonoscopyQuality.owl#Colon_structure> -> <http://blulab.chpc.utah.edu/ontologies/schema/endo/colonoscopyQuality.owl#Cecum> -> <http://blulab.chpc.utah.edu/ontologies/schema/endo/colonoscopyQuality.owl#Appendix> -> <http://blulab.chpc.utah.edu/ontologies/schema/endo/colonoscopyQuality.owl#Entire_appendix> -> <http://blulab.chpc.utah.edu/ontologies/schema/endo/colonoscopyQuality.owl#Appendiceal_mucous_membrane>, <http://blulab.chpc.utah.edu/ontologies/v2/ConText.owl#Lexicon> -> <http://blulab.chpc.utah.edu/ontologies/v2/ConText.owl#Modifier> -> <http://blulab.chpc.utah.edu/ontologies/v2/ConText.owl#SemanticModifier> -> <http://blulab.chpc.utah.edu/ontologies/v2/ConText.owl#BodySite> -> <http://blulab.chpc.utah.edu/ontologies/schema/endo/colonoscopyQuality.owl#Colon_structure> -> <http://blulab.chpc.utah.edu/ontologies/schema/endo/colonoscopyQuality.owl#Cecum> -> <http://blulab.chpc.utah.edu/ontologies/schema/endo/colonoscopyQuality.owl#Appendix> -> <http://blulab.chpc.utah.edu/ontologies/schema/endo/colonoscopyQuality.owl#Wall_of_appendix> -> <http://blulab.chpc.utah.edu/ontologies/schema/endo/colonoscopyQuality.owl#Appendiceal_mucous_membrane>, <http://blulab.chpc.utah.edu/ontologies/v2/ConText.owl#Lexicon> -> <http://blulab.chpc.utah.edu/ontologies/v2/ConText.owl#Modifier> -> <http://blulab.chpc.utah.edu/ontologies/v2/ConText.owl#SemanticModifier> -> <http://blulab.chpc.utah.edu/ontologies/v2/ConText.owl#BodySite> -> <http://blulab.chpc.utah.edu/ontologies/schema/endo/colonoscopyQuality.owl#Colon_structure> -> <http://blulab.chpc.utah.edu/ontologies/schema/endo/colonoscopyQuality.owl#Appendix> -> <http://blulab.chpc.utah.edu/ontologies/schema/endo/colonoscopyQuality.owl#Wall_of_appendix> -> <http://blulab.chpc.utah.edu/ontologies/schema/endo/colonoscopyQuality.owl#Appendiceal_mucous_membrane>, <http://blulab.chpc.utah.edu/ontologies/v2/ConText.owl#Lexicon> -> <http://blulab.chpc.utah.edu/ontologies/v2/ConText.owl#Modifier> -> <http://blulab.chpc.utah.edu/ontologies/v2/ConText.owl#SemanticModifier> -> <http://blulab.chpc.utah.edu/ontologies/v2/ConText.owl#BodySite> -> <http://blulab.chpc.utah.edu/ontologies/schema/endo/colonoscopyQuality.owl#Colon_structure> -> <http://blulab.chpc.utah.edu/ontologies/schema/endo/colonoscopyQuality.owl#Appendix> -> <http://blulab.chpc.utah.edu/ontologies/schema/endo/colonoscopyQuality.owl#Entire_appendix> -> <http://blulab.chpc.utah.edu/ontologies/schema/endo/colonoscopyQuality.owl#Appendiceal_mucous_membrane>]]

	Modifier: Appendiceal_crypt_of_Lieberk_hn, uri=http://blulab.chpc.utah.edu/ontologies/schema/endo/colonoscopyQuality.owl#Appendiceal_crypt_of_Lieberk_hn, type= Semantic, classPath= [<http://blulab.chpc.utah.edu/ontologies/v2/ConText.owl#Lexicon> -> <http://blulab.chpc.utah.edu/ontologies/v2/ConText.owl#Modifier> -> <http://blulab.chpc.utah.edu/ontologies/v2/ConText.owl#SemanticModifier> -> <http://blulab.chpc.utah.edu/ontologies/v2/ConText.owl#BodySite> -> <http://blulab.chpc.utah.edu/ontologies/schema/endo/colonoscopyQuality.owl#Colon_structure> -> <http://blulab.chpc.utah.edu/ontologies/schema/endo/colonoscopyQuality.owl#Cecum> -> <http://blulab.chpc.utah.edu/ontologies/schema/endo/colonoscopyQuality.owl#Appendix> -> <http://blulab.chpc.utah.edu/ontologies/schema/endo/colonoscopyQuality.owl#Entire_appendix> -> <http://blulab.chpc.utah.edu/ontologies/schema/endo/colonoscopyQuality.owl#Appendiceal_mucous_membrane> -> <http://blulab.chpc.utah.edu/ontologies/schema/endo/colonoscopyQuality.owl#Appendiceal_crypt_of_Lieberk_hn>, <http://blulab.chpc.utah.edu/ontologies/v2/ConText.owl#Lexicon> -> <http://blulab.chpc.utah.edu/ontologies/v2/ConText.owl#Modifier> -> <http://blulab.chpc.utah.edu/ontologies/v2/ConText.owl#SemanticModifier> -> <http://blulab.chpc.utah.edu/ontologies/v2/ConText.owl#BodySite> -> <http://blulab.chpc.utah.edu/ontologies/schema/endo/colonoscopyQuality.owl#Colon_structure> -> <http://blulab.chpc.utah.edu/ontologies/schema/endo/colonoscopyQuality.owl#Cecum> -> <http://blulab.chpc.utah.edu/ontologies/schema/endo/colonoscopyQuality.owl#Appendix> -> <http://blulab.chpc.utah.edu/ontologies/schema/endo/colonoscopyQuality.owl#Wall_of_appendix> -> <http://blulab.chpc.utah.edu/ontologies/schema/endo/colonoscopyQuality.owl#Appendiceal_mucous_membrane> -> <http://blulab.chpc.utah.edu/ontologies/schema/endo/colonoscopyQuality.owl#Appendiceal_crypt_of_Lieberk_hn>, <http://blulab.chpc.utah.edu/ontologies/v2/ConText.owl#Lexicon> -> <http://blulab.chpc.utah.edu/ontologies/v2/ConText.owl#Modifier> -> <http://blulab.chpc.utah.edu/ontologies/v2/ConText.owl#SemanticModifier> -> <http://blulab.chpc.utah.edu/ontologies/v2/ConText.owl#BodySite> -> <http://blulab.chpc.utah.edu/ontologies/schema/endo/colonoscopyQuality.owl#Colon_structure> -> <http://blulab.chpc.utah.edu/ontologies/schema/endo/colonoscopyQuality.owl#Appendix> -> <http://blulab.chpc.utah.edu/ontologies/schema/endo/colonoscopyQuality.owl#Wall_of_appendix> -> <http://blulab.chpc.utah.edu/ontologies/schema/endo/colonoscopyQuality.owl#Appendiceal_mucous_membrane> -> <http://blulab.chpc.utah.edu/ontologies/schema/endo/colonoscopyQuality.owl#Appendiceal_crypt_of_Lieberk_hn>, <http://blulab.chpc.utah.edu/ontologies/v2/ConText.owl#Lexicon> -> <http://blulab.chpc.utah.edu/ontologies/v2/ConText.owl#Modifier> -> <http://blulab.chpc.utah.edu/ontologies/v2/ConText.owl#SemanticModifier> -> <http://blulab.chpc.utah.edu/ontologies/v2/ConText.owl#BodySite> -> <http://blulab.chpc.utah.edu/ontologies/schema/endo/colonoscopyQuality.owl#Colon_structure> -> <http://blulab.chpc.utah.edu/ontologies/schema/endo/colonoscopyQuality.owl#Appendix> -> <http://blulab.chpc.utah.edu/ontologies/schema/endo/colonoscopyQuality.owl#Entire_appendix> -> <http://blulab.chpc.utah.edu/ontologies/schema/endo/colonoscopyQuality.owl#Appendiceal_mucous_membrane> -> <http://blulab.chpc.utah.edu/ontologies/schema/endo/colonoscopyQuality.owl#Appendiceal_crypt_of_Lieberk_hn>]]

	Modifier: Entire_appendiceal_mucous_membrane, uri=http://blulab.chpc.utah.edu/ontologies/schema/endo/colonoscopyQuality.owl#Entire_appendiceal_mucous_membrane, type= Semantic, classPath= [<http://blulab.chpc.utah.edu/ontologies/v2/ConText.owl#Lexicon> -> <http://blulab.chpc.utah.edu/ontologies/v2/ConText.owl#Modifier> -> <http://blulab.chpc.utah.edu/ontologies/v2/ConText.owl#SemanticModifier> -> <http://blulab.chpc.utah.edu/ontologies/v2/ConText.owl#BodySite> -> <http://blulab.chpc.utah.edu/ontologies/schema/endo/colonoscopyQuality.owl#Colon_structure> -> <http://blulab.chpc.utah.edu/ontologies/schema/endo/colonoscopyQuality.owl#Cecum> -> <http://blulab.chpc.utah.edu/ontologies/schema/endo/colonoscopyQuality.owl#Appendix> -> <http://blulab.chpc.utah.edu/ontologies/schema/endo/colonoscopyQuality.owl#Entire_appendix> -> <http://blulab.chpc.utah.edu/ontologies/schema/endo/colonoscopyQuality.owl#Appendiceal_mucous_membrane> -> <http://blulab.chpc.utah.edu/ontologies/schema/endo/colonoscopyQuality.owl#Entire_appendiceal_mucous_membrane>, <http://blulab.chpc.utah.edu/ontologies/v2/ConText.owl#Lexicon> -> <http://blulab.chpc.utah.edu/ontologies/v2/ConText.owl#Modifier> -> <http://blulab.chpc.utah.edu/ontologies/v2/ConText.owl#SemanticModifier> -> <http://blulab.chpc.utah.edu/ontologies/v2/ConText.owl#BodySite> -> <http://blulab.chpc.utah.edu/ontologies/schema/endo/colonoscopyQuality.owl#Colon_structure> -> <http://blulab.chpc.utah.edu/ontologies/schema/endo/colonoscopyQuality.owl#Cecum> -> <http://blulab.chpc.utah.edu/ontologies/schema/endo/colonoscopyQuality.owl#Appendix> -> <http://blulab.chpc.utah.edu/ontologies/schema/endo/colonoscopyQuality.owl#Wall_of_appendix> -> <http://blulab.chpc.utah.edu/ontologies/schema/endo/colonoscopyQuality.owl#Appendiceal_mucous_membrane> -> <http://blulab.chpc.utah.edu/ontologies/schema/endo/colonoscopyQuality.owl#Entire_appendiceal_mucous_membrane>, <http://blulab.chpc.utah.edu/ontologies/v2/ConText.owl#Lexicon> -> <http://blulab.chpc.utah.edu/ontologies/v2/ConText.owl#Modifier> -> <http://blulab.chpc.utah.edu/ontologies/v2/ConText.owl#SemanticModifier> -> <http://blulab.chpc.utah.edu/ontologies/v2/ConText.owl#BodySite> -> <http://blulab.chpc.utah.edu/ontologies/schema/endo/colonoscopyQuality.owl#Colon_structure> -> <http://blulab.chpc.utah.edu/ontologies/schema/endo/colonoscopyQuality.owl#Appendix> -> <http://blulab.chpc.utah.edu/ontologies/schema/endo/colonoscopyQuality.owl#Wall_of_appendix> -> <http://blulab.chpc.utah.edu/ontologies/schema/endo/colonoscopyQuality.owl#Appendiceal_mucous_membrane> -> <http://blulab.chpc.utah.edu/ontologies/schema/endo/colonoscopyQuality.owl#Entire_appendiceal_mucous_membrane>, <http://blulab.chpc.utah.edu/ontologies/v2/ConText.owl#Lexicon> -> <http://blulab.chpc.utah.edu/ontologies/v2/ConText.owl#Modifier> -> <http://blulab.chpc.utah.edu/ontologies/v2/ConText.owl#SemanticModifier> -> <http://blulab.chpc.utah.edu/ontologies/v2/ConText.owl#BodySite> -> <http://blulab.chpc.utah.edu/ontologies/schema/endo/colonoscopyQuality.owl#Colon_structure> -> <http://blulab.chpc.utah.edu/ontologies/schema/endo/colonoscopyQuality.owl#Appendix> -> <http://blulab.chpc.utah.edu/ontologies/schema/endo/colonoscopyQuality.owl#Entire_appendix> -> <http://blulab.chpc.utah.edu/ontologies/schema/endo/colonoscopyQuality.owl#Appendiceal_mucous_membrane> -> <http://blulab.chpc.utah.edu/ontologies/schema/endo/colonoscopyQuality.owl#Entire_appendiceal_mucous_membrane>]]

	Modifier: Epithelium_of_appendix, uri=http://blulab.chpc.utah.edu/ontologies/schema/endo/colonoscopyQuality.owl#Epithelium_of_appendix, type= Semantic, classPath= [<http://blulab.chpc.utah.edu/ontologies/v2/ConText.owl#Lexicon> -> <http://blulab.chpc.utah.edu/ontologies/v2/ConText.owl#Modifier> -> <http://blulab.chpc.utah.edu/ontologies/v2/ConText.owl#SemanticModifier> -> <http://blulab.chpc.utah.edu/ontologies/v2/ConText.owl#BodySite> -> <http://blulab.chpc.utah.edu/ontologies/schema/endo/colonoscopyQuality.owl#Colon_structure> -> <http://blulab.chpc.utah.edu/ontologies/schema/endo/colonoscopyQuality.owl#Cecum> -> <http://blulab.chpc.utah.edu/ontologies/schema/endo/colonoscopyQuality.owl#Appendix> -> <http://blulab.chpc.utah.edu/ontologies/schema/endo/colonoscopyQuality.owl#Entire_appendix> -> <http://blulab.chpc.utah.edu/ontologies/schema/endo/colonoscopyQuality.owl#Appendiceal_mucous_membrane> -> <http://blulab.chpc.utah.edu/ontologies/schema/endo/colonoscopyQuality.owl#Epithelium_of_appendix>, <http://blulab.chpc.utah.edu/ontologies/v2/ConText.owl#Lexicon> -> <http://blulab.chpc.utah.edu/ontologies/v2/ConText.owl#Modifier> -> <http://blulab.chpc.utah.edu/ontologies/v2/ConText.owl#SemanticModifier> -> <http://blulab.chpc.utah.edu/ontologies/v2/ConText.owl#BodySite> -> <http://blulab.chpc.utah.edu/ontologies/schema/endo/colonoscopyQuality.owl#Colon_structure> -> <http://blulab.chpc.utah.edu/ontologies/schema/endo/colonoscopyQuality.owl#Cecum> -> <http://blulab.chpc.utah.edu/ontologies/schema/endo/colonoscopyQuality.owl#Appendix> -> <http://blulab.chpc.utah.edu/ontologies/schema/endo/colonoscopyQuality.owl#Wall_of_appendix> -> <http://blulab.chpc.utah.edu/ontologies/schema/endo/colonoscopyQuality.owl#Appendiceal_mucous_membrane> -> <http://blulab.chpc.utah.edu/ontologies/schema/endo/colonoscopyQuality.owl#Epithelium_of_appendix>, <http://blulab.chpc.utah.edu/ontologies/v2/ConText.owl#Lexicon> -> <http://blulab.chpc.utah.edu/ontologies/v2/ConText.owl#Modifier> -> <http://blulab.chpc.utah.edu/ontologies/v2/ConText.owl#SemanticModifier> -> <http://blulab.chpc.utah.edu/ontologies/v2/ConText.owl#BodySite> -> <http://blulab.chpc.utah.edu/ontologies/schema/endo/colonoscopyQuality.owl#Colon_structure> -> <http://blulab.chpc.utah.edu/ontologies/schema/endo/colonoscopyQuality.owl#Appendix> -> <http://blulab.chpc.utah.edu/ontologies/schema/endo/colonoscopyQuality.owl#Wall_of_appendix> -> <http://blulab.chpc.utah.edu/ontologies/schema/endo/colonoscopyQuality.owl#Appendiceal_mucous_membrane> -> <http://blulab.chpc.utah.edu/ontologies/schema/endo/colonoscopyQuality.owl#Epithelium_of_appendix>, <http://blulab.chpc.utah.edu/ontologies/v2/ConText.owl#Lexicon> -> <http://blulab.chpc.utah.edu/ontologies/v2/ConText.owl#Modifier> -> <http://blulab.chpc.utah.edu/ontologies/v2/ConText.owl#SemanticModifier> -> <http://blulab.chpc.utah.edu/ontologies/v2/ConText.owl#BodySite> -> <http://blulab.chpc.utah.edu/ontologies/schema/endo/colonoscopyQuality.owl#Colon_structure> -> <http://blulab.chpc.utah.edu/ontologies/schema/endo/colonoscopyQuality.owl#Appendix> -> <http://blulab.chpc.utah.edu/ontologies/schema/endo/colonoscopyQuality.owl#Entire_appendix> -> <http://blulab.chpc.utah.edu/ontologies/schema/endo/colonoscopyQuality.owl#Appendiceal_mucous_membrane> -> <http://blulab.chpc.utah.edu/ontologies/schema/endo/colonoscopyQuality.owl#Epithelium_of_appendix>]]

	Modifier: Lamina_propria_mucosae_of_appendix, uri=http://blulab.chpc.utah.edu/ontologies/schema/endo/colonoscopyQuality.owl#Lamina_propria_mucosae_of_appendix, type= Semantic, classPath= [<http://blulab.chpc.utah.edu/ontologies/v2/ConText.owl#Lexicon> -> <http://blulab.chpc.utah.edu/ontologies/v2/ConText.owl#Modifier> -> <http://blulab.chpc.utah.edu/ontologies/v2/ConText.owl#SemanticModifier> -> <http://blulab.chpc.utah.edu/ontologies/v2/ConText.owl#BodySite> -> <http://blulab.chpc.utah.edu/ontologies/schema/endo/colonoscopyQuality.owl#Colon_structure> -> <http://blulab.chpc.utah.edu/ontologies/schema/endo/colonoscopyQuality.owl#Cecum> -> <http://blulab.chpc.utah.edu/ontologies/schema/endo/colonoscopyQuality.owl#Appendix> -> <http://blulab.chpc.utah.edu/ontologies/schema/endo/colonoscopyQuality.owl#Entire_appendix> -> <http://blulab.chpc.utah.edu/ontologies/schema/endo/colonoscopyQuality.owl#Appendiceal_mucous_membrane> -> <http://blulab.chpc.utah.edu/ontologies/schema/endo/colonoscopyQuality.owl#Lamina_propria_mucosae_of_appendix>, <http://blulab.chpc.utah.edu/ontologies/v2/ConText.owl#Lexicon> -> <http://blulab.chpc.utah.edu/ontologies/v2/ConText.owl#Modifier> -> <http://blulab.chpc.utah.edu/ontologies/v2/ConText.owl#SemanticModifier> -> <http://blulab.chpc.utah.edu/ontologies/v2/ConText.owl#BodySite> -> <http://blulab.chpc.utah.edu/ontologies/schema/endo/colonoscopyQuality.owl#Colon_structure> -> <http://blulab.chpc.utah.edu/ontologies/schema/endo/colonoscopyQuality.owl#Cecum> -> <http://blulab.chpc.utah.edu/ontologies/schema/endo/colonoscopyQuality.owl#Appendix> -> <http://blulab.chpc.utah.edu/ontologies/schema/endo/colonoscopyQuality.owl#Wall_of_appendix> -> <http://blulab.chpc.utah.edu/ontologies/schema/endo/colonoscopyQuality.owl#Appendiceal_mucous_membrane> -> <http://blulab.chpc.utah.edu/ontologies/schema/endo/colonoscopyQuality.owl#Lamina_propria_mucosae_of_appendix>, <http://blulab.chpc.utah.edu/ontologies/v2/ConText.owl#Lexicon> -> <http://blulab.chpc.utah.edu/ontologies/v2/ConText.owl#Modifier> -> <http://blulab.chpc.utah.edu/ontologies/v2/ConText.owl#SemanticModifier> -> <http://blulab.chpc.utah.edu/ontologies/v2/ConText.owl#BodySite> -> <http://blulab.chpc.utah.edu/ontologies/schema/endo/colonoscopyQuality.owl#Colon_structure> -> <http://blulab.chpc.utah.edu/ontologies/schema/endo/colonoscopyQuality.owl#Appendix> -> <http://blulab.chpc.utah.edu/ontologies/schema/endo/colonoscopyQuality.owl#Wall_of_appendix> -> <http://blulab.chpc.utah.edu/ontologies/schema/endo/colonoscopyQuality.owl#Appendiceal_mucous_membrane> -> <http://blulab.chpc.utah.edu/ontologies/schema/endo/colonoscopyQuality.owl#Lamina_propria_mucosae_of_appendix>, <http://blulab.chpc.utah.edu/ontologies/v2/ConText.owl#Lexicon> -> <http://blulab.chpc.utah.edu/ontologies/v2/ConText.owl#Modifier> -> <http://blulab.chpc.utah.edu/ontologies/v2/ConText.owl#SemanticModifier> -> <http://blulab.chpc.utah.edu/ontologies/v2/ConText.owl#BodySite> -> <http://blulab.chpc.utah.edu/ontologies/schema/endo/colonoscopyQuality.owl#Colon_structure> -> <http://blulab.chpc.utah.edu/ontologies/schema/endo/colonoscopyQuality.owl#Appendix> -> <http://blulab.chpc.utah.edu/ontologies/schema/endo/colonoscopyQuality.owl#Entire_appendix> -> <http://blulab.chpc.utah.edu/ontologies/schema/endo/colonoscopyQuality.owl#Appendiceal_mucous_membrane> -> <http://blulab.chpc.utah.edu/ontologies/schema/endo/colonoscopyQuality.owl#Lamina_propria_mucosae_of_appendix>]]

	Modifier: Muscularis_mucosae_of_appendix, uri=http://blulab.chpc.utah.edu/ontologies/schema/endo/colonoscopyQuality.owl#Muscularis_mucosae_of_appendix, type= Semantic, classPath= [<http://blulab.chpc.utah.edu/ontologies/v2/ConText.owl#Lexicon> -> <http://blulab.chpc.utah.edu/ontologies/v2/ConText.owl#Modifier> -> <http://blulab.chpc.utah.edu/ontologies/v2/ConText.owl#SemanticModifier> -> <http://blulab.chpc.utah.edu/ontologies/v2/ConText.owl#BodySite> -> <http://blulab.chpc.utah.edu/ontologies/schema/endo/colonoscopyQuality.owl#Colon_structure> -> <http://blulab.chpc.utah.edu/ontologies/schema/endo/colonoscopyQuality.owl#Cecum> -> <http://blulab.chpc.utah.edu/ontologies/schema/endo/colonoscopyQuality.owl#Appendix> -> <http://blulab.chpc.utah.edu/ontologies/schema/endo/colonoscopyQuality.owl#Entire_appendix> -> <http://blulab.chpc.utah.edu/ontologies/schema/endo/colonoscopyQuality.owl#Appendiceal_mucous_membrane> -> <http://blulab.chpc.utah.edu/ontologies/schema/endo/colonoscopyQuality.owl#Muscularis_mucosae_of_appendix>, <http://blulab.chpc.utah.edu/ontologies/v2/ConText.owl#Lexicon> -> <http://blulab.chpc.utah.edu/ontologies/v2/ConText.owl#Modifier> -> <http://blulab.chpc.utah.edu/ontologies/v2/ConText.owl#SemanticModifier> -> <http://blulab.chpc.utah.edu/ontologies/v2/ConText.owl#BodySite> -> <http://blulab.chpc.utah.edu/ontologies/schema/endo/colonoscopyQuality.owl#Colon_structure> -> <http://blulab.chpc.utah.edu/ontologies/schema/endo/colonoscopyQuality.owl#Cecum> -> <http://blulab.chpc.utah.edu/ontologies/schema/endo/colonoscopyQuality.owl#Appendix> -> <http://blulab.chpc.utah.edu/ontologies/schema/endo/colonoscopyQuality.owl#Wall_of_appendix> -> <http://blulab.chpc.utah.edu/ontologies/schema/endo/colonoscopyQuality.owl#Appendiceal_mucous_membrane> -> <http://blulab.chpc.utah.edu/ontologies/schema/endo/colonoscopyQuality.owl#Muscularis_mucosae_of_appendix>, <http://blulab.chpc.utah.edu/ontologies/v2/ConText.owl#Lexicon> -> <http://blulab.chpc.utah.edu/ontologies/v2/ConText.owl#Modifier> -> <http://blulab.chpc.utah.edu/ontologies/v2/ConText.owl#SemanticModifier> -> <http://blulab.chpc.utah.edu/ontologies/v2/ConText.owl#BodySite> -> <http://blulab.chpc.utah.edu/ontologies/schema/endo/colonoscopyQuality.owl#Colon_structure> -> <http://blulab.chpc.utah.edu/ontologies/schema/endo/colonoscopyQuality.owl#Appendix> -> <http://blulab.chpc.utah.edu/ontologies/schema/endo/colonoscopyQuality.owl#Wall_of_appendix> -> <http://blulab.chpc.utah.edu/ontologies/schema/endo/colonoscopyQuality.owl#Appendiceal_mucous_membrane> -> <http://blulab.chpc.utah.edu/ontologies/schema/endo/colonoscopyQuality.owl#Muscularis_mucosae_of_appendix>, <http://blulab.chpc.utah.edu/ontologies/v2/ConText.owl#Lexicon> -> <http://blulab.chpc.utah.edu/ontologies/v2/ConText.owl#Modifier> -> <http://blulab.chpc.utah.edu/ontologies/v2/ConText.owl#SemanticModifier> -> <http://blulab.chpc.utah.edu/ontologies/v2/ConText.owl#BodySite> -> <http://blulab.chpc.utah.edu/ontologies/schema/endo/colonoscopyQuality.owl#Colon_structure> -> <http://blulab.chpc.utah.edu/ontologies/schema/endo/colonoscopyQuality.owl#Appendix> -> <http://blulab.chpc.utah.edu/ontologies/schema/endo/colonoscopyQuality.owl#Entire_appendix> -> <http://blulab.chpc.utah.edu/ontologies/schema/endo/colonoscopyQuality.owl#Appendiceal_mucous_membrane> -> <http://blulab.chpc.utah.edu/ontologies/schema/endo/colonoscopyQuality.owl#Muscularis_mucosae_of_appendix>]]

	Modifier: lamina_propria_of_appendix, uri=http://blulab.chpc.utah.edu/ontologies/schema/endo/colonoscopyQuality.owl#lamina_propria_of_appendix, type= Semantic, classPath= [<http://blulab.chpc.utah.edu/ontologies/v2/ConText.owl#Lexicon> -> <http://blulab.chpc.utah.edu/ontologies/v2/ConText.owl#Modifier> -> <http://blulab.chpc.utah.edu/ontologies/v2/ConText.owl#SemanticModifier> -> <http://blulab.chpc.utah.edu/ontologies/v2/ConText.owl#BodySite> -> <http://blulab.chpc.utah.edu/ontologies/schema/endo/colonoscopyQuality.owl#Colon_structure> -> <http://blulab.chpc.utah.edu/ontologies/schema/endo/colonoscopyQuality.owl#Cecum> -> <http://blulab.chpc.utah.edu/ontologies/schema/endo/colonoscopyQuality.owl#Appendix> -> <http://blulab.chpc.utah.edu/ontologies/schema/endo/colonoscopyQuality.owl#Entire_appendix> -> <http://blulab.chpc.utah.edu/ontologies/schema/endo/colonoscopyQuality.owl#Appendiceal_mucous_membrane> -> <http://blulab.chpc.utah.edu/ontologies/schema/endo/colonoscopyQuality.owl#lamina_propria_of_appendix>, <http://blulab.chpc.utah.edu/ontologies/v2/ConText.owl#Lexicon> -> <http://blulab.chpc.utah.edu/ontologies/v2/ConText.owl#Modifier> -> <http://blulab.chpc.utah.edu/ontologies/v2/ConText.owl#SemanticModifier> -> <http://blulab.chpc.utah.edu/ontologies/v2/ConText.owl#BodySite> -> <http://blulab.chpc.utah.edu/ontologies/schema/endo/colonoscopyQuality.owl#Colon_structure> -> <http://blulab.chpc.utah.edu/ontologies/schema/endo/colonoscopyQuality.owl#Cecum> -> <http://blulab.chpc.utah.edu/ontologies/schema/endo/colonoscopyQuality.owl#Appendix> -> <http://blulab.chpc.utah.edu/ontologies/schema/endo/colonoscopyQuality.owl#Wall_of_appendix> -> <http://blulab.chpc.utah.edu/ontologies/schema/endo/colonoscopyQuality.owl#Appendiceal_mucous_membrane> -> <http://blulab.chpc.utah.edu/ontologies/schema/endo/colonoscopyQuality.owl#lamina_propria_of_appendix>, <http://blulab.chpc.utah.edu/ontologies/v2/ConText.owl#Lexicon> -> <http://blulab.chpc.utah.edu/ontologies/v2/ConText.owl#Modifier> -> <http://blulab.chpc.utah.edu/ontologies/v2/ConText.owl#SemanticModifier> -> <http://blulab.chpc.utah.edu/ontologies/v2/ConText.owl#BodySite> -> <http://blulab.chpc.utah.edu/ontologies/schema/endo/colonoscopyQuality.owl#Colon_structure> -> <http://blulab.chpc.utah.edu/ontologies/schema/endo/colonoscopyQuality.owl#Appendix> -> <http://blulab.chpc.utah.edu/ontologies/schema/endo/colonoscopyQuality.owl#Wall_of_appendix> -> <http://blulab.chpc.utah.edu/ontologies/schema/endo/colonoscopyQuality.owl#Appendiceal_mucous_membrane> -> <http://blulab.chpc.utah.edu/ontologies/schema/endo/colonoscopyQuality.owl#lamina_propria_of_appendix>, <http://blulab.chpc.utah.edu/ontologies/v2/ConText.owl#Lexicon> -> <http://blulab.chpc.utah.edu/ontologies/v2/ConText.owl#Modifier> -> <http://blulab.chpc.utah.edu/ontologies/v2/ConText.owl#SemanticModifier> -> <http://blulab.chpc.utah.edu/ontologies/v2/ConText.owl#BodySite> -> <http://blulab.chpc.utah.edu/ontologies/schema/endo/colonoscopyQuality.owl#Colon_structure> -> <http://blulab.chpc.utah.edu/ontologies/schema/endo/colonoscopyQuality.owl#Appendix> -> <http://blulab.chpc.utah.edu/ontologies/schema/endo/colonoscopyQuality.owl#Entire_appendix> -> <http://blulab.chpc.utah.edu/ontologies/schema/endo/colonoscopyQuality.owl#Appendiceal_mucous_membrane> -> <http://blulab.chpc.utah.edu/ontologies/schema/endo/colonoscopyQuality.owl#lamina_propria_of_appendix>]]

	Modifier: Appendiceal_muscularis_propria, uri=http://blulab.chpc.utah.edu/ontologies/schema/endo/colonoscopyQuality.owl#Appendiceal_muscularis_propria, type= Semantic, classPath= [<http://blulab.chpc.utah.edu/ontologies/v2/ConText.owl#Lexicon> -> <http://blulab.chpc.utah.edu/ontologies/v2/ConText.owl#Modifier> -> <http://blulab.chpc.utah.edu/ontologies/v2/ConText.owl#SemanticModifier> -> <http://blulab.chpc.utah.edu/ontologies/v2/ConText.owl#BodySite> -> <http://blulab.chpc.utah.edu/ontologies/schema/endo/colonoscopyQuality.owl#Colon_structure> -> <http://blulab.chpc.utah.edu/ontologies/schema/endo/colonoscopyQuality.owl#Cecum> -> <http://blulab.chpc.utah.edu/ontologies/schema/endo/colonoscopyQuality.owl#Appendix> -> <http://blulab.chpc.utah.edu/ontologies/schema/endo/colonoscopyQuality.owl#Entire_appendix> -> <http://blulab.chpc.utah.edu/ontologies/schema/endo/colonoscopyQuality.owl#Appendiceal_muscularis_propria>, <http://blulab.chpc.utah.edu/ontologies/v2/ConText.owl#Lexicon> -> <http://blulab.chpc.utah.edu/ontologies/v2/ConText.owl#Modifier> -> <http://blulab.chpc.utah.edu/ontologies/v2/ConText.owl#SemanticModifier> -> <http://blulab.chpc.utah.edu/ontologies/v2/ConText.owl#BodySite> -> <http://blulab.chpc.utah.edu/ontologies/schema/endo/colonoscopyQuality.owl#Colon_structure> -> <http://blulab.chpc.utah.edu/ontologies/schema/endo/colonoscopyQuality.owl#Cecum> -> <http://blulab.chpc.utah.edu/ontologies/schema/endo/colonoscopyQuality.owl#Appendix> -> <http://blulab.chpc.utah.edu/ontologies/schema/endo/colonoscopyQuality.owl#Wall_of_appendix> -> <http://blulab.chpc.utah.edu/ontologies/schema/endo/colonoscopyQuality.owl#Appendiceal_muscularis_propria>, <http://blulab.chpc.utah.edu/ontologies/v2/ConText.owl#Lexicon> -> <http://blulab.chpc.utah.edu/ontologies/v2/ConText.owl#Modifier> -> <http://blulab.chpc.utah.edu/ontologies/v2/ConText.owl#SemanticModifier> -> <http://blulab.chpc.utah.edu/ontologies/v2/ConText.owl#BodySite> -> <http://blulab.chpc.utah.edu/ontologies/schema/endo/colonoscopyQuality.owl#Colon_structure> -> <http://blulab.chpc.utah.edu/ontologies/schema/endo/colonoscopyQuality.owl#Appendix> -> <http://blulab.chpc.utah.edu/ontologies/schema/endo/colonoscopyQuality.owl#Wall_of_appendix> -> <http://blulab.chpc.utah.edu/ontologies/schema/endo/colonoscopyQuality.owl#Appendiceal_muscularis_propria>, <http://blulab.chpc.utah.edu/ontologies/v2/ConText.owl#Lexicon> -> <http://blulab.chpc.utah.edu/ontologies/v2/ConText.owl#Modifier> -> <http://blulab.chpc.utah.edu/ontologies/v2/ConText.owl#SemanticModifier> -> <http://blulab.chpc.utah.edu/ontologies/v2/ConText.owl#BodySite> -> <http://blulab.chpc.utah.edu/ontologies/schema/endo/colonoscopyQuality.owl#Colon_structure> -> <http://blulab.chpc.utah.edu/ontologies/schema/endo/colonoscopyQuality.owl#Appendix> -> <http://blulab.chpc.utah.edu/ontologies/schema/endo/colonoscopyQuality.owl#Entire_appendix> -> <http://blulab.chpc.utah.edu/ontologies/schema/endo/colonoscopyQuality.owl#Appendiceal_muscularis_propria>]]

	Modifier: Circular_muscle_layer_of_appendix, uri=http://blulab.chpc.utah.edu/ontologies/schema/endo/colonoscopyQuality.owl#Circular_muscle_layer_of_appendix, type= Semantic, classPath= [<http://blulab.chpc.utah.edu/ontologies/v2/ConText.owl#Lexicon> -> <http://blulab.chpc.utah.edu/ontologies/v2/ConText.owl#Modifier> -> <http://blulab.chpc.utah.edu/ontologies/v2/ConText.owl#SemanticModifier> -> <http://blulab.chpc.utah.edu/ontologies/v2/ConText.owl#BodySite> -> <http://blulab.chpc.utah.edu/ontologies/schema/endo/colonoscopyQuality.owl#Colon_structure> -> <http://blulab.chpc.utah.edu/ontologies/schema/endo/colonoscopyQuality.owl#Cecum> -> <http://blulab.chpc.utah.edu/ontologies/schema/endo/colonoscopyQuality.owl#Appendix> -> <http://blulab.chpc.utah.edu/ontologies/schema/endo/colonoscopyQuality.owl#Entire_appendix> -> <http://blulab.chpc.utah.edu/ontologies/schema/endo/colonoscopyQuality.owl#Appendiceal_muscularis_propria> -> <http://blulab.chpc.utah.edu/ontologies/schema/endo/colonoscopyQuality.owl#Circular_muscle_layer_of_appendix>, <http://blulab.chpc.utah.edu/ontologies/v2/ConText.owl#Lexicon> -> <http://blulab.chpc.utah.edu/ontologies/v2/ConText.owl#Modifier> -> <http://blulab.chpc.utah.edu/ontologies/v2/ConText.owl#SemanticModifier> -> <http://blulab.chpc.utah.edu/ontologies/v2/ConText.owl#BodySite> -> <http://blulab.chpc.utah.edu/ontologies/schema/endo/colonoscopyQuality.owl#Colon_structure> -> <http://blulab.chpc.utah.edu/ontologies/schema/endo/colonoscopyQuality.owl#Cecum> -> <http://blulab.chpc.utah.edu/ontologies/schema/endo/colonoscopyQuality.owl#Appendix> -> <http://blulab.chpc.utah.edu/ontologies/schema/endo/colonoscopyQuality.owl#Wall_of_appendix> -> <http://blulab.chpc.utah.edu/ontologies/schema/endo/colonoscopyQuality.owl#Appendiceal_muscularis_propria> -> <http://blulab.chpc.utah.edu/ontologies/schema/endo/colonoscopyQuality.owl#Circular_muscle_layer_of_appendix>, <http://blulab.chpc.utah.edu/ontologies/v2/ConText.owl#Lexicon> -> <http://blulab.chpc.utah.edu/ontologies/v2/ConText.owl#Modifier> -> <http://blulab.chpc.utah.edu/ontologies/v2/ConText.owl#SemanticModifier> -> <http://blulab.chpc.utah.edu/ontologies/v2/ConText.owl#BodySite> -> <http://blulab.chpc.utah.edu/ontologies/schema/endo/colonoscopyQuality.owl#Colon_structure> -> <http://blulab.chpc.utah.edu/ontologies/schema/endo/colonoscopyQuality.owl#Appendix> -> <http://blulab.chpc.utah.edu/ontologies/schema/endo/colonoscopyQuality.owl#Wall_of_appendix> -> <http://blulab.chpc.utah.edu/ontologies/schema/endo/colonoscopyQuality.owl#Appendiceal_muscularis_propria> -> <http://blulab.chpc.utah.edu/ontologies/schema/endo/colonoscopyQuality.owl#Circular_muscle_layer_of_appendix>, <http://blulab.chpc.utah.edu/ontologies/v2/ConText.owl#Lexicon> -> <http://blulab.chpc.utah.edu/ontologies/v2/ConText.owl#Modifier> -> <http://blulab.chpc.utah.edu/ontologies/v2/ConText.owl#SemanticModifier> -> <http://blulab.chpc.utah.edu/ontologies/v2/ConText.owl#BodySite> -> <http://blulab.chpc.utah.edu/ontologies/schema/endo/colonoscopyQuality.owl#Colon_structure> -> <http://blulab.chpc.utah.edu/ontologies/schema/endo/colonoscopyQuality.owl#Appendix> -> <http://blulab.chpc.utah.edu/ontologies/schema/endo/colonoscopyQuality.owl#Entire_appendix> -> <http://blulab.chpc.utah.edu/ontologies/schema/endo/colonoscopyQuality.owl#Appendiceal_muscularis_propria> -> <http://blulab.chpc.utah.edu/ontologies/schema/endo/colonoscopyQuality.owl#Circular_muscle_layer_of_appendix>]]

	Modifier: Longitudinal_muscle_layer_of_appendix, uri=http://blulab.chpc.utah.edu/ontologies/schema/endo/colonoscopyQuality.owl#Longitudinal_muscle_layer_of_appendix, type= Semantic, classPath= [<http://blulab.chpc.utah.edu/ontologies/v2/ConText.owl#Lexicon> -> <http://blulab.chpc.utah.edu/ontologies/v2/ConText.owl#Modifier> -> <http://blulab.chpc.utah.edu/ontologies/v2/ConText.owl#SemanticModifier> -> <http://blulab.chpc.utah.edu/ontologies/v2/ConText.owl#BodySite> -> <http://blulab.chpc.utah.edu/ontologies/schema/endo/colonoscopyQuality.owl#Colon_structure> -> <http://blulab.chpc.utah.edu/ontologies/schema/endo/colonoscopyQuality.owl#Cecum> -> <http://blulab.chpc.utah.edu/ontologies/schema/endo/colonoscopyQuality.owl#Appendix> -> <http://blulab.chpc.utah.edu/ontologies/schema/endo/colonoscopyQuality.owl#Entire_appendix> -> <http://blulab.chpc.utah.edu/ontologies/schema/endo/colonoscopyQuality.owl#Appendiceal_muscularis_propria> -> <http://blulab.chpc.utah.edu/ontologies/schema/endo/colonoscopyQuality.owl#Longitudinal_muscle_layer_of_appendix>, <http://blulab.chpc.utah.edu/ontologies/v2/ConText.owl#Lexicon> -> <http://blulab.chpc.utah.edu/ontologies/v2/ConText.owl#Modifier> -> <http://blulab.chpc.utah.edu/ontologies/v2/ConText.owl#SemanticModifier> -> <http://blulab.chpc.utah.edu/ontologies/v2/ConText.owl#BodySite> -> <http://blulab.chpc.utah.edu/ontologies/schema/endo/colonoscopyQuality.owl#Colon_structure> -> <http://blulab.chpc.utah.edu/ontologies/schema/endo/colonoscopyQuality.owl#Cecum> -> <http://blulab.chpc.utah.edu/ontologies/schema/endo/colonoscopyQuality.owl#Appendix> -> <http://blulab.chpc.utah.edu/ontologies/schema/endo/colonoscopyQuality.owl#Wall_of_appendix> -> <http://blulab.chpc.utah.edu/ontologies/schema/endo/colonoscopyQuality.owl#Appendiceal_muscularis_propria> -> <http://blulab.chpc.utah.edu/ontologies/schema/endo/colonoscopyQuality.owl#Longitudinal_muscle_layer_of_appendix>, <http://blulab.chpc.utah.edu/ontologies/v2/ConText.owl#Lexicon> -> <http://blulab.chpc.utah.edu/ontologies/v2/ConText.owl#Modifier> -> <http://blulab.chpc.utah.edu/ontologies/v2/ConText.owl#SemanticModifier> -> <http://blulab.chpc.utah.edu/ontologies/v2/ConText.owl#BodySite> -> <http://blulab.chpc.utah.edu/ontologies/schema/endo/colonoscopyQuality.owl#Colon_structure> -> <http://blulab.chpc.utah.edu/ontologies/schema/endo/colonoscopyQuality.owl#Appendix> -> <http://blulab.chpc.utah.edu/ontologies/schema/endo/colonoscopyQuality.owl#Wall_of_appendix> -> <http://blulab.chpc.utah.edu/ontologies/schema/endo/colonoscopyQuality.owl#Appendiceal_muscularis_propria> -> <http://blulab.chpc.utah.edu/ontologies/schema/endo/colonoscopyQuality.owl#Longitudinal_muscle_layer_of_appendix>, <http://blulab.chpc.utah.edu/ontologies/v2/ConText.owl#Lexicon> -> <http://blulab.chpc.utah.edu/ontologies/v2/ConText.owl#Modifier> -> <http://blulab.chpc.utah.edu/ontologies/v2/ConText.owl#SemanticModifier> -> <http://blulab.chpc.utah.edu/ontologies/v2/ConText.owl#BodySite> -> <http://blulab.chpc.utah.edu/ontologies/schema/endo/colonoscopyQuality.owl#Colon_structure> -> <http://blulab.chpc.utah.edu/ontologies/schema/endo/colonoscopyQuality.owl#Appendix> -> <http://blulab.chpc.utah.edu/ontologies/schema/endo/colonoscopyQuality.owl#Entire_appendix> -> <http://blulab.chpc.utah.edu/ontologies/schema/endo/colonoscopyQuality.owl#Appendiceal_muscularis_propria> -> <http://blulab.chpc.utah.edu/ontologies/schema/endo/colonoscopyQuality.owl#Longitudinal_muscle_layer_of_appendix>]]

	Modifier: Appendiceal_serosa, uri=http://blulab.chpc.utah.edu/ontologies/schema/endo/colonoscopyQuality.owl#Appendiceal_serosa, type= Semantic, classPath= [<http://blulab.chpc.utah.edu/ontologies/v2/ConText.owl#Lexicon> -> <http://blulab.chpc.utah.edu/ontologies/v2/ConText.owl#Modifier> -> <http://blulab.chpc.utah.edu/ontologies/v2/ConText.owl#SemanticModifier> -> <http://blulab.chpc.utah.edu/ontologies/v2/ConText.owl#BodySite> -> <http://blulab.chpc.utah.edu/ontologies/schema/endo/colonoscopyQuality.owl#Colon_structure> -> <http://blulab.chpc.utah.edu/ontologies/schema/endo/colonoscopyQuality.owl#Cecum> -> <http://blulab.chpc.utah.edu/ontologies/schema/endo/colonoscopyQuality.owl#Appendix> -> <http://blulab.chpc.utah.edu/ontologies/schema/endo/colonoscopyQuality.owl#Entire_appendix> -> <http://blulab.chpc.utah.edu/ontologies/schema/endo/colonoscopyQuality.owl#Appendiceal_serosa>, <http://blulab.chpc.utah.edu/ontologies/v2/ConText.owl#Lexicon> -> <http://blulab.chpc.utah.edu/ontologies/v2/ConText.owl#Modifier> -> <http://blulab.chpc.utah.edu/ontologies/v2/ConText.owl#SemanticModifier> -> <http://blulab.chpc.utah.edu/ontologies/v2/ConText.owl#BodySite> -> <http://blulab.chpc.utah.edu/ontologies/schema/endo/colonoscopyQuality.owl#Colon_structure> -> <http://blulab.chpc.utah.edu/ontologies/schema/endo/colonoscopyQuality.owl#Cecum> -> <http://blulab.chpc.utah.edu/ontologies/schema/endo/colonoscopyQuality.owl#Appendix> -> <http://blulab.chpc.utah.edu/ontologies/schema/endo/colonoscopyQuality.owl#Wall_of_appendix> -> <http://blulab.chpc.utah.edu/ontologies/schema/endo/colonoscopyQuality.owl#Appendiceal_serosa>, <http://blulab.chpc.utah.edu/ontologies/v2/ConText.owl#Lexicon> -> <http://blulab.chpc.utah.edu/ontologies/v2/ConText.owl#Modifier> -> <http://blulab.chpc.utah.edu/ontologies/v2/ConText.owl#SemanticModifier> -> <http://blulab.chpc.utah.edu/ontologies/v2/ConText.owl#BodySite> -> <http://blulab.chpc.utah.edu/ontologies/schema/endo/colonoscopyQuality.owl#Colon_structure> -> <http://blulab.chpc.utah.edu/ontologies/schema/endo/colonoscopyQuality.owl#Appendix> -> <http://blulab.chpc.utah.edu/ontologies/schema/endo/colonoscopyQuality.owl#Wall_of_appendix> -> <http://blulab.chpc.utah.edu/ontologies/schema/endo/colonoscopyQuality.owl#Appendiceal_serosa>, <http://blulab.chpc.utah.edu/ontologies/v2/ConText.owl#Lexicon> -> <http://blulab.chpc.utah.edu/ontologies/v2/ConText.owl#Modifier> -> <http://blulab.chpc.utah.edu/ontologies/v2/ConText.owl#SemanticModifier> -> <http://blulab.chpc.utah.edu/ontologies/v2/ConText.owl#BodySite> -> <http://blulab.chpc.utah.edu/ontologies/schema/endo/colonoscopyQuality.owl#Colon_structure> -> <http://blulab.chpc.utah.edu/ontologies/schema/endo/colonoscopyQuality.owl#Appendix> -> <http://blulab.chpc.utah.edu/ontologies/schema/endo/colonoscopyQuality.owl#Entire_appendix> -> <http://blulab.chpc.utah.edu/ontologies/schema/endo/colonoscopyQuality.owl#Appendiceal_serosa>]]

	Modifier: Connective_tissue_of_serosa_of_appendix, uri=http://blulab.chpc.utah.edu/ontologies/schema/endo/colonoscopyQuality.owl#Connective_tissue_of_serosa_of_appendix, type= Semantic, classPath= [<http://blulab.chpc.utah.edu/ontologies/v2/ConText.owl#Lexicon> -> <http://blulab.chpc.utah.edu/ontologies/v2/ConText.owl#Modifier> -> <http://blulab.chpc.utah.edu/ontologies/v2/ConText.owl#SemanticModifier> -> <http://blulab.chpc.utah.edu/ontologies/v2/ConText.owl#BodySite> -> <http://blulab.chpc.utah.edu/ontologies/schema/endo/colonoscopyQuality.owl#Colon_structure> -> <http://blulab.chpc.utah.edu/ontologies/schema/endo/colonoscopyQuality.owl#Cecum> -> <http://blulab.chpc.utah.edu/ontologies/schema/endo/colonoscopyQuality.owl#Appendix> -> <http://blulab.chpc.utah.edu/ontologies/schema/endo/colonoscopyQuality.owl#Entire_appendix> -> <http://blulab.chpc.utah.edu/ontologies/schema/endo/colonoscopyQuality.owl#Appendiceal_serosa> -> <http://blulab.chpc.utah.edu/ontologies/schema/endo/colonoscopyQuality.owl#Connective_tissue_of_serosa_of_appendix>, <http://blulab.chpc.utah.edu/ontologies/v2/ConText.owl#Lexicon> -> <http://blulab.chpc.utah.edu/ontologies/v2/ConText.owl#Modifier> -> <http://blulab.chpc.utah.edu/ontologies/v2/ConText.owl#SemanticModifier> -> <http://blulab.chpc.utah.edu/ontologies/v2/ConText.owl#BodySite> -> <http://blulab.chpc.utah.edu/ontologies/schema/endo/colonoscopyQuality.owl#Colon_structure> -> <http://blulab.chpc.utah.edu/ontologies/schema/endo/colonoscopyQuality.owl#Cecum> -> <http://blulab.chpc.utah.edu/ontologies/schema/endo/colonoscopyQuality.owl#Appendix> -> <http://blulab.chpc.utah.edu/ontologies/schema/endo/colonoscopyQuality.owl#Wall_of_appendix> -> <http://blulab.chpc.utah.edu/ontologies/schema/endo/colonoscopyQuality.owl#Appendiceal_serosa> -> <http://blulab.chpc.utah.edu/ontologies/schema/endo/colonoscopyQuality.owl#Connective_tissue_of_serosa_of_appendix>, <http://blulab.chpc.utah.edu/ontologies/v2/ConText.owl#Lexicon> -> <http://blulab.chpc.utah.edu/ontologies/v2/ConText.owl#Modifier> -> <http://blulab.chpc.utah.edu/ontologies/v2/ConText.owl#SemanticModifier> -> <http://blulab.chpc.utah.edu/ontologies/v2/ConText.owl#BodySite> -> <http://blulab.chpc.utah.edu/ontologies/schema/endo/colonoscopyQuality.owl#Colon_structure> -> <http://blulab.chpc.utah.edu/ontologies/schema/endo/colonoscopyQuality.owl#Appendix> -> <http://blulab.chpc.utah.edu/ontologies/schema/endo/colonoscopyQuality.owl#Wall_of_appendix> -> <http://blulab.chpc.utah.edu/ontologies/schema/endo/colonoscopyQuality.owl#Appendiceal_serosa> -> <http://blulab.chpc.utah.edu/ontologies/schema/endo/colonoscopyQuality.owl#Connective_tissue_of_serosa_of_appendix>, <http://blulab.chpc.utah.edu/ontologies/v2/ConText.owl#Lexicon> -> <http://blulab.chpc.utah.edu/ontologies/v2/ConText.owl#Modifier> -> <http://blulab.chpc.utah.edu/ontologies/v2/ConText.owl#SemanticModifier> -> <http://blulab.chpc.utah.edu/ontologies/v2/ConText.owl#BodySite> -> <http://blulab.chpc.utah.edu/ontologies/schema/endo/colonoscopyQuality.owl#Colon_structure> -> <http://blulab.chpc.utah.edu/ontologies/schema/endo/colonoscopyQuality.owl#Appendix> -> <http://blulab.chpc.utah.edu/ontologies/schema/endo/colonoscopyQuality.owl#Entire_appendix> -> <http://blulab.chpc.utah.edu/ontologies/schema/endo/colonoscopyQuality.owl#Appendiceal_serosa> -> <http://blulab.chpc.utah.edu/ontologies/schema/endo/colonoscopyQuality.owl#Connective_tissue_of_serosa_of_appendix>]]

	Modifier: Connective_tissue_of_visceral_peritoneum, uri=http://blulab.chpc.utah.edu/ontologies/schema/endo/colonoscopyQuality.owl#Connective_tissue_of_visceral_peritoneum, type= Semantic, classPath= [<http://blulab.chpc.utah.edu/ontologies/v2/ConText.owl#Lexicon> -> <http://blulab.chpc.utah.edu/ontologies/v2/ConText.owl#Modifier> -> <http://blulab.chpc.utah.edu/ontologies/v2/ConText.owl#SemanticModifier> -> <http://blulab.chpc.utah.edu/ontologies/v2/ConText.owl#BodySite> -> <http://blulab.chpc.utah.edu/ontologies/schema/endo/colonoscopyQuality.owl#Colon_structure> -> <http://blulab.chpc.utah.edu/ontologies/schema/endo/colonoscopyQuality.owl#Cecum> -> <http://blulab.chpc.utah.edu/ontologies/schema/endo/colonoscopyQuality.owl#Appendix> -> <http://blulab.chpc.utah.edu/ontologies/schema/endo/colonoscopyQuality.owl#Entire_appendix> -> <http://blulab.chpc.utah.edu/ontologies/schema/endo/colonoscopyQuality.owl#Appendiceal_serosa> -> <http://blulab.chpc.utah.edu/ontologies/schema/endo/colonoscopyQuality.owl#Connective_tissue_of_visceral_peritoneum>, <http://blulab.chpc.utah.edu/ontologies/v2/ConText.owl#Lexicon> -> <http://blulab.chpc.utah.edu/ontologies/v2/ConText.owl#Modifier> -> <http://blulab.chpc.utah.edu/ontologies/v2/ConText.owl#SemanticModifier> -> <http://blulab.chpc.utah.edu/ontologies/v2/ConText.owl#BodySite> -> <http://blulab.chpc.utah.edu/ontologies/schema/endo/colonoscopyQuality.owl#Colon_structure> -> <http://blulab.chpc.utah.edu/ontologies/schema/endo/colonoscopyQuality.owl#Wall_of_colon> -> <http://blulab.chpc.utah.edu/ontologies/schema/endo/colonoscopyQuality.owl#Colonic_serosa> -> <http://blulab.chpc.utah.edu/ontologies/schema/endo/colonoscopyQuality.owl#Connective_tissue_of_visceral_peritoneum>, <http://blulab.chpc.utah.edu/ontologies/v2/ConText.owl#Lexicon> -> <http://blulab.chpc.utah.edu/ontologies/v2/ConText.owl#Modifier> -> <http://blulab.chpc.utah.edu/ontologies/v2/ConText.owl#SemanticModifier> -> <http://blulab.chpc.utah.edu/ontologies/v2/ConText.owl#BodySite> -> <http://blulab.chpc.utah.edu/ontologies/schema/endo/colonoscopyQuality.owl#Colon_structure> -> <http://blulab.chpc.utah.edu/ontologies/schema/endo/colonoscopyQuality.owl#Entire_colon> -> <http://blulab.chpc.utah.edu/ontologies/schema/endo/colonoscopyQuality.owl#Colonic_serosa> -> <http://blulab.chpc.utah.edu/ontologies/schema/endo/colonoscopyQuality.owl#Connective_tissue_of_visceral_peritoneum>, <http://blulab.chpc.utah.edu/ontologies/v2/ConText.owl#Lexicon> -> <http://blulab.chpc.utah.edu/ontologies/v2/ConText.owl#Modifier> -> <http://blulab.chpc.utah.edu/ontologies/v2/ConText.owl#SemanticModifier> -> <http://blulab.chpc.utah.edu/ontologies/v2/ConText.owl#BodySite> -> <http://blulab.chpc.utah.edu/ontologies/schema/endo/colonoscopyQuality.owl#Colon_structure> -> <http://blulab.chpc.utah.edu/ontologies/schema/endo/colonoscopyQuality.owl#Cecum> -> <http://blulab.chpc.utah.edu/ontologies/schema/endo/colonoscopyQuality.owl#Wall_of_cecum> -> <http://blulab.chpc.utah.edu/ontologies/schema/endo/colonoscopyQuality.owl#Serosa_of_cecum> -> <http://blulab.chpc.utah.edu/ontologies/schema/endo/colonoscopyQuality.owl#Connective_tissue_of_visceral_peritoneum>, <http://blulab.chpc.utah.edu/ontologies/v2/ConText.owl#Lexicon> -> <http://blulab.chpc.utah.edu/ontologies/v2/ConText.owl#Modifier> -> <http://blulab.chpc.utah.edu/ontologies/v2/ConText.owl#SemanticModifier> -> <http://blulab.chpc.utah.edu/ontologies/v2/ConText.owl#BodySite> -> <http://blulab.chpc.utah.edu/ontologies/schema/endo/colonoscopyQuality.owl#Colon_structure> -> <http://blulab.chpc.utah.edu/ontologies/schema/endo/colonoscopyQuality.owl#Descending_colon> -> <http://blulab.chpc.utah.edu/ontologies/schema/endo/colonoscopyQuality.owl#Wall_of_descending_colon> -> <http://blulab.chpc.utah.edu/ontologies/schema/endo/colonoscopyQuality.owl#Serosa_of_descending_colon> -> <http://blulab.chpc.utah.edu/ontologies/schema/endo/colonoscopyQuality.owl#Connective_tissue_of_visceral_peritoneum>, <http://blulab.chpc.utah.edu/ontologies/v2/ConText.owl#Lexicon> -> <http://blulab.chpc.utah.edu/ontologies/v2/ConText.owl#Modifier> -> <http://blulab.chpc.utah.edu/ontologies/v2/ConText.owl#SemanticModifier> -> <http://blulab.chpc.utah.edu/ontologies/v2/ConText.owl#BodySite> -> <http://blulab.chpc.utah.edu/ontologies/schema/endo/colonoscopyQuality.owl#Colon_structure> -> <http://blulab.chpc.utah.edu/ontologies/schema/endo/colonoscopyQuality.owl#Left_colon> -> <http://blulab.chpc.utah.edu/ontologies/schema/endo/colonoscopyQuality.owl#Entire_left_colon> -> <http://blulab.chpc.utah.edu/ontologies/schema/endo/colonoscopyQuality.owl#Descending_colon> -> <http://blulab.chpc.utah.edu/ontologies/schema/endo/colonoscopyQuality.owl#Wall_of_descending_colon> -> <http://blulab.chpc.utah.edu/ontologies/schema/endo/colonoscopyQuality.owl#Serosa_of_descending_colon> -> <http://blulab.chpc.utah.edu/ontologies/schema/endo/colonoscopyQuality.owl#Connective_tissue_of_visceral_peritoneum>, <http://blulab.chpc.utah.edu/ontologies/v2/ConText.owl#Lexicon> -> <http://blulab.chpc.utah.edu/ontologies/v2/ConText.owl#Modifier> -> <http://blulab.chpc.utah.edu/ontologies/v2/ConText.owl#SemanticModifier> -> <http://blulab.chpc.utah.edu/ontologies/v2/ConText.owl#BodySite> -> <http://blulab.chpc.utah.edu/ontologies/schema/endo/colonoscopyQuality.owl#Colon_structure> -> <http://blulab.chpc.utah.edu/ontologies/schema/endo/colonoscopyQuality.owl#Entire_colon> -> <http://blulab.chpc.utah.edu/ontologies/schema/endo/colonoscopyQuality.owl#Left_colon> -> <http://blulab.chpc.utah.edu/ontologies/schema/endo/colonoscopyQuality.owl#Entire_left_colon> -> <http://blulab.chpc.utah.edu/ontologies/schema/endo/colonoscopyQuality.owl#Descending_colon> -> <http://blulab.chpc.utah.edu/ontologies/schema/endo/colonoscopyQuality.owl#Wall_of_descending_colon> -> <http://blulab.chpc.utah.edu/ontologies/schema/endo/colonoscopyQuality.owl#Serosa_of_descending_colon> -> <http://blulab.chpc.utah.edu/ontologies/schema/endo/colonoscopyQuality.owl#Connective_tissue_of_visceral_peritoneum>, <http://blulab.chpc.utah.edu/ontologies/v2/ConText.owl#Lexicon> -> <http://blulab.chpc.utah.edu/ontologies/v2/ConText.owl#Modifier> -> <http://blulab.chpc.utah.edu/ontologies/v2/ConText.owl#SemanticModifier> -> <http://blulab.chpc.utah.edu/ontologies/v2/ConText.owl#BodySite> -> <http://blulab.chpc.utah.edu/ontologies/schema/endo/colonoscopyQuality.owl#Colon_structure> -> <http://blulab.chpc.utah.edu/ontologies/schema/endo/colonoscopyQuality.owl#Entire_colon> -> <http://blulab.chpc.utah.edu/ontologies/schema/endo/colonoscopyQuality.owl#Left_colon> -> <http://blulab.chpc.utah.edu/ontologies/schema/endo/colonoscopyQuality.owl#Descending_colon> -> <http://blulab.chpc.utah.edu/ontologies/schema/endo/colonoscopyQuality.owl#Wall_of_descending_colon> -> <http://blulab.chpc.utah.edu/ontologies/schema/endo/colonoscopyQuality.owl#Serosa_of_descending_colon> -> <http://blulab.chpc.utah.edu/ontologies/schema/endo/colonoscopyQuality.owl#Connective_tissue_of_visceral_peritoneum>, <http://blulab.chpc.utah.edu/ontologies/v2/ConText.owl#Lexicon> -> <http://blulab.chpc.utah.edu/ontologies/v2/ConText.owl#Modifier> -> <http://blulab.chpc.utah.edu/ontologies/v2/ConText.owl#SemanticModifier> -> <http://blulab.chpc.utah.edu/ontologies/v2/ConText.owl#BodySite> -> <http://blulab.chpc.utah.edu/ontologies/schema/endo/colonoscopyQuality.owl#Colon_structure> -> <http://blulab.chpc.utah.edu/ontologies/schema/endo/colonoscopyQuality.owl#Left_colon> -> <http://blulab.chpc.utah.edu/ontologies/schema/endo/colonoscopyQuality.owl#Descending_colon> -> <http://blulab.chpc.utah.edu/ontologies/schema/endo/colonoscopyQuality.owl#Wall_of_descending_colon> -> <http://blulab.chpc.utah.edu/ontologies/schema/endo/colonoscopyQuality.owl#Serosa_of_descending_colon> -> <http://blulab.chpc.utah.edu/ontologies/schema/endo/colonoscopyQuality.owl#Connective_tissue_of_visceral_peritoneum>, <http://blulab.chpc.utah.edu/ontologies/v2/ConText.owl#Lexicon> -> <http://blulab.chpc.utah.edu/ontologies/v2/ConText.owl#Modifier> -> <http://blulab.chpc.utah.edu/ontologies/v2/ConText.owl#SemanticModifier> -> <http://blulab.chpc.utah.edu/ontologies/v2/ConText.owl#BodySite> -> <http://blulab.chpc.utah.edu/ontologies/schema/endo/colonoscopyQuality.owl#Colon_structure> -> <http://blulab.chpc.utah.edu/ontologies/schema/endo/colonoscopyQuality.owl#Region_of_colon> -> <http://blulab.chpc.utah.edu/ontologies/schema/endo/colonoscopyQuality.owl#Descending_colon> -> <http://blulab.chpc.utah.edu/ontologies/schema/endo/colonoscopyQuality.owl#Wall_of_descending_colon> -> <http://blulab.chpc.utah.edu/ontologies/schema/endo/colonoscopyQuality.owl#Serosa_of_descending_colon> -> <http://blulab.chpc.utah.edu/ontologies/schema/endo/colonoscopyQuality.owl#Connective_tissue_of_visceral_peritoneum>, <http://blulab.chpc.utah.edu/ontologies/v2/ConText.owl#Lexicon> -> <http://blulab.chpc.utah.edu/ontologies/v2/ConText.owl#Modifier> -> <http://blulab.chpc.utah.edu/ontologies/v2/ConText.owl#SemanticModifier> -> <http://blulab.chpc.utah.edu/ontologies/v2/ConText.owl#BodySite> -> <http://blulab.chpc.utah.edu/ontologies/schema/endo/colonoscopyQuality.owl#ileum> -> <http://blulab.chpc.utah.edu/ontologies/schema/endo/colonoscopyQuality.owl#Region_of_ileum> -> <http://blulab.chpc.utah.edu/ontologies/schema/endo/colonoscopyQuality.owl#Wall_of_ileum> -> <http://blulab.chpc.utah.edu/ontologies/schema/endo/colonoscopyQuality.owl#Serosa_of_ileum> -> <http://blulab.chpc.utah.edu/ontologies/schema/endo/colonoscopyQuality.owl#Connective_tissue_of_visceral_peritoneum>, <http://blulab.chpc.utah.edu/ontologies/v2/ConText.owl#Lexicon> -> <http://blulab.chpc.utah.edu/ontologies/v2/ConText.owl#Modifier> -> <http://blulab.chpc.utah.edu/ontologies/v2/ConText.owl#SemanticModifier> -> <http://blulab.chpc.utah.edu/ontologies/v2/ConText.owl#BodySite> -> <http://blulab.chpc.utah.edu/ontologies/schema/endo/colonoscopyQuality.owl#ileum> -> <http://blulab.chpc.utah.edu/ontologies/schema/endo/colonoscopyQuality.owl#Wall_of_ileum> -> <http://blulab.chpc.utah.edu/ontologies/schema/endo/colonoscopyQuality.owl#Serosa_of_ileum> -> <http://blulab.chpc.utah.edu/ontologies/schema/endo/colonoscopyQuality.owl#Connective_tissue_of_visceral_peritoneum>, <http://blulab.chpc.utah.edu/ontologies/v2/ConText.owl#Lexicon> -> <http://blulab.chpc.utah.edu/ontologies/v2/ConText.owl#Modifier> -> <http://blulab.chpc.utah.edu/ontologies/v2/ConText.owl#SemanticModifier> -> <http://blulab.chpc.utah.edu/ontologies/v2/ConText.owl#BodySite> -> <http://blulab.chpc.utah.edu/ontologies/schema/endo/colonoscopyQuality.owl#Colon_structure> -> <http://blulab.chpc.utah.edu/ontologies/schema/endo/colonoscopyQuality.owl#Sigmoid_colon> -> <http://blulab.chpc.utah.edu/ontologies/schema/endo/colonoscopyQuality.owl#Wall_of_sigmoid_colon> -> <http://blulab.chpc.utah.edu/ontologies/schema/endo/colonoscopyQuality.owl#Serosa_of_sigmoid_colon> -> <http://blulab.chpc.utah.edu/ontologies/schema/endo/colonoscopyQuality.owl#Connective_tissue_of_visceral_peritoneum>, <http://blulab.chpc.utah.edu/ontologies/v2/ConText.owl#Lexicon> -> <http://blulab.chpc.utah.edu/ontologies/v2/ConText.owl#Modifier> -> <http://blulab.chpc.utah.edu/ontologies/v2/ConText.owl#SemanticModifier> -> <http://blulab.chpc.utah.edu/ontologies/v2/ConText.owl#BodySite> -> <http://blulab.chpc.utah.edu/ontologies/schema/endo/colonoscopyQuality.owl#Colon_structure> -> <http://blulab.chpc.utah.edu/ontologies/schema/endo/colonoscopyQuality.owl#Entire_colon> -> <http://blulab.chpc.utah.edu/ontologies/schema/endo/colonoscopyQuality.owl#Sigmoid_colon> -> <http://blulab.chpc.utah.edu/ontologies/schema/endo/colonoscopyQuality.owl#Wall_of_sigmoid_colon> -> <http://blulab.chpc.utah.edu/ontologies/schema/endo/colonoscopyQuality.owl#Serosa_of_sigmoid_colon> -> <http://blulab.chpc.utah.edu/ontologies/schema/endo/colonoscopyQuality.owl#Connective_tissue_of_visceral_peritoneum>, <http://blulab.chpc.utah.edu/ontologies/v2/ConText.owl#Lexicon> -> <http://blulab.chpc.utah.edu/ontologies/v2/ConText.owl#Modifier> -> <http://blulab.chpc.utah.edu/ontologies/v2/ConText.owl#SemanticModifier> -> <http://blulab.chpc.utah.edu/ontologies/v2/ConText.owl#BodySite> -> <http://blulab.chpc.utah.edu/ontologies/schema/endo/colonoscopyQuality.owl#Colon_structure> -> <http://blulab.chpc.utah.edu/ontologies/schema/endo/colonoscopyQuality.owl#Region_of_colon> -> <http://blulab.chpc.utah.edu/ontologies/schema/endo/colonoscopyQuality.owl#Sigmoid_colon> -> <http://blulab.chpc.utah.edu/ontologies/schema/endo/colonoscopyQuality.owl#Wall_of_sigmoid_colon> -> <http://blulab.chpc.utah.edu/ontologies/schema/endo/colonoscopyQuality.owl#Serosa_of_sigmoid_colon> -> <http://blulab.chpc.utah.edu/ontologies/schema/endo/colonoscopyQuality.owl#Connective_tissue_of_visceral_peritoneum>, <http://blulab.chpc.utah.edu/ontologies/v2/ConText.owl#Lexicon> -> <http://blulab.chpc.utah.edu/ontologies/v2/ConText.owl#Modifier> -> <http://blulab.chpc.utah.edu/ontologies/v2/ConText.owl#SemanticModifier> -> <http://blulab.chpc.utah.edu/ontologies/v2/ConText.owl#BodySite> -> <http://blulab.chpc.utah.edu/ontologies/schema/endo/colonoscopyQuality.owl#Colon_structure> -> <http://blulab.chpc.utah.edu/ontologies/schema/endo/colonoscopyQuality.owl#Transverse_colon> -> <http://blulab.chpc.utah.edu/ontologies/schema/endo/colonoscopyQuality.owl#Wall_of_transverse_colon> -> <http://blulab.chpc.utah.edu/ontologies/schema/endo/colonoscopyQuality.owl#Serosa_of_transverse_colon> -> <http://blulab.chpc.utah.edu/ontologies/schema/endo/colonoscopyQuality.owl#Connective_tissue_of_visceral_peritoneum>, <http://blulab.chpc.utah.edu/ontologies/v2/ConText.owl#Lexicon> -> <http://blulab.chpc.utah.edu/ontologies/v2/ConText.owl#Modifier> -> <http://blulab.chpc.utah.edu/ontologies/v2/ConText.owl#SemanticModifier> -> <http://blulab.chpc.utah.edu/ontologies/v2/ConText.owl#BodySite> -> <http://blulab.chpc.utah.edu/ontologies/schema/endo/colonoscopyQuality.owl#Colon_structure> -> <http://blulab.chpc.utah.edu/ontologies/schema/endo/colonoscopyQuality.owl#Entire_colon> -> <http://blulab.chpc.utah.edu/ontologies/schema/endo/colonoscopyQuality.owl#Transverse_colon> -> <http://blulab.chpc.utah.edu/ontologies/schema/endo/colonoscopyQuality.owl#Wall_of_transverse_colon> -> <http://blulab.chpc.utah.edu/ontologies/schema/endo/colonoscopyQuality.owl#Serosa_of_transverse_colon> -> <http://blulab.chpc.utah.edu/ontologies/schema/endo/colonoscopyQuality.owl#Connective_tissue_of_visceral_peritoneum>, <http://blulab.chpc.utah.edu/ontologies/v2/ConText.owl#Lexicon> -> <http://blulab.chpc.utah.edu/ontologies/v2/ConText.owl#Modifier> -> <http://blulab.chpc.utah.edu/ontologies/v2/ConText.owl#SemanticModifier> -> <http://blulab.chpc.utah.edu/ontologies/v2/ConText.owl#BodySite> -> <http://blulab.chpc.utah.edu/ontologies/schema/endo/colonoscopyQuality.owl#Colon_structure> -> <http://blulab.chpc.utah.edu/ontologies/schema/endo/colonoscopyQuality.owl#Region_of_colon> -> <http://blulab.chpc.utah.edu/ontologies/schema/endo/colonoscopyQuality.owl#Transverse_colon> -> <http://blulab.chpc.utah.edu/ontologies/schema/endo/colonoscopyQuality.owl#Wall_of_transverse_colon> -> <http://blulab.chpc.utah.edu/ontologies/schema/endo/colonoscopyQuality.owl#Serosa_of_transverse_colon> -> <http://blulab.chpc.utah.edu/ontologies/schema/endo/colonoscopyQuality.owl#Connective_tissue_of_visceral_peritoneum>, <http://blulab.chpc.utah.edu/ontologies/v2/ConText.owl#Lexicon> -> <http://blulab.chpc.utah.edu/ontologies/v2/ConText.owl#Modifier> -> <http://blulab.chpc.utah.edu/ontologies/v2/ConText.owl#SemanticModifier> -> <http://blulab.chpc.utah.edu/ontologies/v2/ConText.owl#BodySite> -> <http://blulab.chpc.utah.edu/ontologies/schema/endo/colonoscopyQuality.owl#Colon_structure> -> <http://blulab.chpc.utah.edu/ontologies/schema/endo/colonoscopyQuality.owl#Cecum> -> <http://blulab.chpc.utah.edu/ontologies/schema/endo/colonoscopyQuality.owl#Appendix> -> <http://blulab.chpc.utah.edu/ontologies/schema/endo/colonoscopyQuality.owl#Wall_of_appendix> -> <http://blulab.chpc.utah.edu/ontologies/schema/endo/colonoscopyQuality.owl#Appendiceal_serosa> -> <http://blulab.chpc.utah.edu/ontologies/schema/endo/colonoscopyQuality.owl#Connective_tissue_of_visceral_peritoneum>, <http://blulab.chpc.utah.edu/ontologies/v2/ConText.owl#Lexicon> -> <http://blulab.chpc.utah.edu/ontologies/v2/ConText.owl#Modifier> -> <http://blulab.chpc.utah.edu/ontologies/v2/ConText.owl#SemanticModifier> -> <http://blulab.chpc.utah.edu/ontologies/v2/ConText.owl#BodySite> -> <http://blulab.chpc.utah.edu/ontologies/schema/endo/colonoscopyQuality.owl#Colon_structure> -> <http://blulab.chpc.utah.edu/ontologies/schema/endo/colonoscopyQuality.owl#Appendix> -> <http://blulab.chpc.utah.edu/ontologies/schema/endo/colonoscopyQuality.owl#Wall_of_appendix> -> <http://blulab.chpc.utah.edu/ontologies/schema/endo/colonoscopyQuality.owl#Appendiceal_serosa> -> <http://blulab.chpc.utah.edu/ontologies/schema/endo/colonoscopyQuality.owl#Connective_tissue_of_visceral_peritoneum>, <http://blulab.chpc.utah.edu/ontologies/v2/ConText.owl#Lexicon> -> <http://blulab.chpc.utah.edu/ontologies/v2/ConText.owl#Modifier> -> <http://blulab.chpc.utah.edu/ontologies/v2/ConText.owl#SemanticModifier> -> <http://blulab.chpc.utah.edu/ontologies/v2/ConText.owl#BodySite> -> <http://blulab.chpc.utah.edu/ontologies/schema/endo/colonoscopyQuality.owl#Colon_structure> -> <http://blulab.chpc.utah.edu/ontologies/schema/endo/colonoscopyQuality.owl#Appendix> -> <http://blulab.chpc.utah.edu/ontologies/schema/endo/colonoscopyQuality.owl#Entire_appendix> -> <http://blulab.chpc.utah.edu/ontologies/schema/endo/colonoscopyQuality.owl#Appendiceal_serosa> -> <http://blulab.chpc.utah.edu/ontologies/schema/endo/colonoscopyQuality.owl#Connective_tissue_of_visceral_peritoneum>]]

	Modifier: Mesothelium_of_serosa_of_appendix, uri=http://blulab.chpc.utah.edu/ontologies/schema/endo/colonoscopyQuality.owl#Mesothelium_of_serosa_of_appendix, type= Semantic, classPath= [<http://blulab.chpc.utah.edu/ontologies/v2/ConText.owl#Lexicon> -> <http://blulab.chpc.utah.edu/ontologies/v2/ConText.owl#Modifier> -> <http://blulab.chpc.utah.edu/ontologies/v2/ConText.owl#SemanticModifier> -> <http://blulab.chpc.utah.edu/ontologies/v2/ConText.owl#BodySite> -> <http://blulab.chpc.utah.edu/ontologies/schema/endo/colonoscopyQuality.owl#Colon_structure> -> <http://blulab.chpc.utah.edu/ontologies/schema/endo/colonoscopyQuality.owl#Cecum> -> <http://blulab.chpc.utah.edu/ontologies/schema/endo/colonoscopyQuality.owl#Appendix> -> <http://blulab.chpc.utah.edu/ontologies/schema/endo/colonoscopyQuality.owl#Entire_appendix> -> <http://blulab.chpc.utah.edu/ontologies/schema/endo/colonoscopyQuality.owl#Appendiceal_serosa> -> <http://blulab.chpc.utah.edu/ontologies/schema/endo/colonoscopyQuality.owl#Mesothelium_of_serosa_of_appendix>, <http://blulab.chpc.utah.edu/ontologies/v2/ConText.owl#Lexicon> -> <http://blulab.chpc.utah.edu/ontologies/v2/ConText.owl#Modifier> -> <http://blulab.chpc.utah.edu/ontologies/v2/ConText.owl#SemanticModifier> -> <http://blulab.chpc.utah.edu/ontologies/v2/ConText.owl#BodySite> -> <http://blulab.chpc.utah.edu/ontologies/schema/endo/colonoscopyQuality.owl#Colon_structure> -> <http://blulab.chpc.utah.edu/ontologies/schema/endo/colonoscopyQuality.owl#Cecum> -> <http://blulab.chpc.utah.edu/ontologies/schema/endo/colonoscopyQuality.owl#Appendix> -> <http://blulab.chpc.utah.edu/ontologies/schema/endo/colonoscopyQuality.owl#Wall_of_appendix> -> <http://blulab.chpc.utah.edu/ontologies/schema/endo/colonoscopyQuality.owl#Appendiceal_serosa> -> <http://blulab.chpc.utah.edu/ontologies/schema/endo/colonoscopyQuality.owl#Mesothelium_of_serosa_of_appendix>, <http://blulab.chpc.utah.edu/ontologies/v2/ConText.owl#Lexicon> -> <http://blulab.chpc.utah.edu/ontologies/v2/ConText.owl#Modifier> -> <http://blulab.chpc.utah.edu/ontologies/v2/ConText.owl#SemanticModifier> -> <http://blulab.chpc.utah.edu/ontologies/v2/ConText.owl#BodySite> -> <http://blulab.chpc.utah.edu/ontologies/schema/endo/colonoscopyQuality.owl#Colon_structure> -> <http://blulab.chpc.utah.edu/ontologies/schema/endo/colonoscopyQuality.owl#Appendix> -> <http://blulab.chpc.utah.edu/ontologies/schema/endo/colonoscopyQuality.owl#Wall_of_appendix> -> <http://blulab.chpc.utah.edu/ontologies/schema/endo/colonoscopyQuality.owl#Appendiceal_serosa> -> <http://blulab.chpc.utah.edu/ontologies/schema/endo/colonoscopyQuality.owl#Mesothelium_of_serosa_of_appendix>, <http://blulab.chpc.utah.edu/ontologies/v2/ConText.owl#Lexicon> -> <http://blulab.chpc.utah.edu/ontologies/v2/ConText.owl#Modifier> -> <http://blulab.chpc.utah.edu/ontologies/v2/ConText.owl#SemanticModifier> -> <http://blulab.chpc.utah.edu/ontologies/v2/ConText.owl#BodySite> -> <http://blulab.chpc.utah.edu/ontologies/schema/endo/colonoscopyQuality.owl#Colon_structure> -> <http://blulab.chpc.utah.edu/ontologies/schema/endo/colonoscopyQuality.owl#Appendix> -> <http://blulab.chpc.utah.edu/ontologies/schema/endo/colonoscopyQuality.owl#Entire_appendix> -> <http://blulab.chpc.utah.edu/ontologies/schema/endo/colonoscopyQuality.owl#Appendiceal_serosa> -> <http://blulab.chpc.utah.edu/ontologies/schema/endo/colonoscopyQuality.owl#Mesothelium_of_serosa_of_appendix>]]

	Modifier: Mesothelium_of_visceral_peritoneum, uri=http://blulab.chpc.utah.edu/ontologies/schema/endo/colonoscopyQuality.owl#Mesothelium_of_visceral_peritoneum, type= Semantic, classPath= [<http://blulab.chpc.utah.edu/ontologies/v2/ConText.owl#Lexicon> -> <http://blulab.chpc.utah.edu/ontologies/v2/ConText.owl#Modifier> -> <http://blulab.chpc.utah.edu/ontologies/v2/ConText.owl#SemanticModifier> -> <http://blulab.chpc.utah.edu/ontologies/v2/ConText.owl#BodySite> -> <http://blulab.chpc.utah.edu/ontologies/schema/endo/colonoscopyQuality.owl#Colon_structure> -> <http://blulab.chpc.utah.edu/ontologies/schema/endo/colonoscopyQuality.owl#Cecum> -> <http://blulab.chpc.utah.edu/ontologies/schema/endo/colonoscopyQuality.owl#Appendix> -> <http://blulab.chpc.utah.edu/ontologies/schema/endo/colonoscopyQuality.owl#Entire_appendix> -> <http://blulab.chpc.utah.edu/ontologies/schema/endo/colonoscopyQuality.owl#Appendiceal_serosa> -> <http://blulab.chpc.utah.edu/ontologies/schema/endo/colonoscopyQuality.owl#Mesothelium_of_visceral_peritoneum>, <http://blulab.chpc.utah.edu/ontologies/v2/ConText.owl#Lexicon> -> <http://blulab.chpc.utah.edu/ontologies/v2/ConText.owl#Modifier> -> <http://blulab.chpc.utah.edu/ontologies/v2/ConText.owl#SemanticModifier> -> <http://blulab.chpc.utah.edu/ontologies/v2/ConText.owl#BodySite> -> <http://blulab.chpc.utah.edu/ontologies/schema/endo/colonoscopyQuality.owl#Colon_structure> -> <http://blulab.chpc.utah.edu/ontologies/schema/endo/colonoscopyQuality.owl#Wall_of_colon> -> <http://blulab.chpc.utah.edu/ontologies/schema/endo/colonoscopyQuality.owl#Colonic_serosa> -> <http://blulab.chpc.utah.edu/ontologies/schema/endo/colonoscopyQuality.owl#Mesothelium_of_visceral_peritoneum>, <http://blulab.chpc.utah.edu/ontologies/v2/ConText.owl#Lexicon> -> <http://blulab.chpc.utah.edu/ontologies/v2/ConText.owl#Modifier> -> <http://blulab.chpc.utah.edu/ontologies/v2/ConText.owl#SemanticModifier> -> <http://blulab.chpc.utah.edu/ontologies/v2/ConText.owl#BodySite> -> <http://blulab.chpc.utah.edu/ontologies/schema/endo/colonoscopyQuality.owl#Colon_structure> -> <http://blulab.chpc.utah.edu/ontologies/schema/endo/colonoscopyQuality.owl#Entire_colon> -> <http://blulab.chpc.utah.edu/ontologies/schema/endo/colonoscopyQuality.owl#Colonic_serosa> -> <http://blulab.chpc.utah.edu/ontologies/schema/endo/colonoscopyQuality.owl#Mesothelium_of_visceral_peritoneum>, <http://blulab.chpc.utah.edu/ontologies/v2/ConText.owl#Lexicon> -> <http://blulab.chpc.utah.edu/ontologies/v2/ConText.owl#Modifier> -> <http://blulab.chpc.utah.edu/ontologies/v2/ConText.owl#SemanticModifier> -> <http://blulab.chpc.utah.edu/ontologies/v2/ConText.owl#BodySite> -> <http://blulab.chpc.utah.edu/ontologies/schema/endo/colonoscopyQuality.owl#Colon_structure> -> <http://blulab.chpc.utah.edu/ontologies/schema/endo/colonoscopyQuality.owl#Cecum> -> <http://blulab.chpc.utah.edu/ontologies/schema/endo/colonoscopyQuality.owl#Wall_of_cecum> -> <http://blulab.chpc.utah.edu/ontologies/schema/endo/colonoscopyQuality.owl#Serosa_of_cecum> -> <http://blulab.chpc.utah.edu/ontologies/schema/endo/colonoscopyQuality.owl#Mesothelium_of_visceral_peritoneum>, <http://blulab.chpc.utah.edu/ontologies/v2/ConText.owl#Lexicon> -> <http://blulab.chpc.utah.edu/ontologies/v2/ConText.owl#Modifier> -> <http://blulab.chpc.utah.edu/ontologies/v2/ConText.owl#SemanticModifier> -> <http://blulab.chpc.utah.edu/ontologies/v2/ConText.owl#BodySite> -> <http://blulab.chpc.utah.edu/ontologies/schema/endo/colonoscopyQuality.owl#Colon_structure> -> <http://blulab.chpc.utah.edu/ontologies/schema/endo/colonoscopyQuality.owl#Descending_colon> -> <http://blulab.chpc.utah.edu/ontologies/schema/endo/colonoscopyQuality.owl#Wall_of_descending_colon> -> <http://blulab.chpc.utah.edu/ontologies/schema/endo/colonoscopyQuality.owl#Serosa_of_descending_colon> -> <http://blulab.chpc.utah.edu/ontologies/schema/endo/colonoscopyQuality.owl#Mesothelium_of_visceral_peritoneum>, <http://blulab.chpc.utah.edu/ontologies/v2/ConText.owl#Lexicon> -> <http://blulab.chpc.utah.edu/ontologies/v2/ConText.owl#Modifier> -> <http://blulab.chpc.utah.edu/ontologies/v2/ConText.owl#SemanticModifier> -> <http://blulab.chpc.utah.edu/ontologies/v2/ConText.owl#BodySite> -> <http://blulab.chpc.utah.edu/ontologies/schema/endo/colonoscopyQuality.owl#Colon_structure> -> <http://blulab.chpc.utah.edu/ontologies/schema/endo/colonoscopyQuality.owl#Left_colon> -> <http://blulab.chpc.utah.edu/ontologies/schema/endo/colonoscopyQuality.owl#Entire_left_colon> -> <http://blulab.chpc.utah.edu/ontologies/schema/endo/colonoscopyQuality.owl#Descending_colon> -> <http://blulab.chpc.utah.edu/ontologies/schema/endo/colonoscopyQuality.owl#Wall_of_descending_colon> -> <http://blulab.chpc.utah.edu/ontologies/schema/endo/colonoscopyQuality.owl#Serosa_of_descending_colon> -> <http://blulab.chpc.utah.edu/ontologies/schema/endo/colonoscopyQuality.owl#Mesothelium_of_visceral_peritoneum>, <http://blulab.chpc.utah.edu/ontologies/v2/ConText.owl#Lexicon> -> <http://blulab.chpc.utah.edu/ontologies/v2/ConText.owl#Modifier> -> <http://blulab.chpc.utah.edu/ontologies/v2/ConText.owl#SemanticModifier> -> <http://blulab.chpc.utah.edu/ontologies/v2/ConText.owl#BodySite> -> <http://blulab.chpc.utah.edu/ontologies/schema/endo/colonoscopyQuality.owl#Colon_structure> -> <http://blulab.chpc.utah.edu/ontologies/schema/endo/colonoscopyQuality.owl#Entire_colon> -> <http://blulab.chpc.utah.edu/ontologies/schema/endo/colonoscopyQuality.owl#Left_colon> -> <http://blulab.chpc.utah.edu/ontologies/schema/endo/colonoscopyQuality.owl#Entire_left_colon> -> <http://blulab.chpc.utah.edu/ontologies/schema/endo/colonoscopyQuality.owl#Descending_colon> -> <http://blulab.chpc.utah.edu/ontologies/schema/endo/colonoscopyQuality.owl#Wall_of_descending_colon> -> <http://blulab.chpc.utah.edu/ontologies/schema/endo/colonoscopyQuality.owl#Serosa_of_descending_colon> -> <http://blulab.chpc.utah.edu/ontologies/schema/endo/colonoscopyQuality.owl#Mesothelium_of_visceral_peritoneum>, <http://blulab.chpc.utah.edu/ontologies/v2/ConText.owl#Lexicon> -> <http://blulab.chpc.utah.edu/ontologies/v2/ConText.owl#Modifier> -> <http://blulab.chpc.utah.edu/ontologies/v2/ConText.owl#SemanticModifier> -> <http://blulab.chpc.utah.edu/ontologies/v2/ConText.owl#BodySite> -> <http://blulab.chpc.utah.edu/ontologies/schema/endo/colonoscopyQuality.owl#Colon_structure> -> <http://blulab.chpc.utah.edu/ontologies/schema/endo/colonoscopyQuality.owl#Entire_colon> -> <http://blulab.chpc.utah.edu/ontologies/schema/endo/colonoscopyQuality.owl#Left_colon> -> <http://blulab.chpc.utah.edu/ontologies/schema/endo/colonoscopyQuality.owl#Descending_colon> -> <http://blulab.chpc.utah.edu/ontologies/schema/endo/colonoscopyQuality.owl#Wall_of_descending_colon> -> <http://blulab.chpc.utah.edu/ontologies/schema/endo/colonoscopyQuality.owl#Serosa_of_descending_colon> -> <http://blulab.chpc.utah.edu/ontologies/schema/endo/colonoscopyQuality.owl#Mesothelium_of_visceral_peritoneum>, <http://blulab.chpc.utah.edu/ontologies/v2/ConText.owl#Lexicon> -> <http://blulab.chpc.utah.edu/ontologies/v2/ConText.owl#Modifier> -> <http://blulab.chpc.utah.edu/ontologies/v2/ConText.owl#SemanticModifier> -> <http://blulab.chpc.utah.edu/ontologies/v2/ConText.owl#BodySite> -> <http://blulab.chpc.utah.edu/ontologies/schema/endo/colonoscopyQuality.owl#Colon_structure> -> <http://blulab.chpc.utah.edu/ontologies/schema/endo/colonoscopyQuality.owl#Left_colon> -> <http://blulab.chpc.utah.edu/ontologies/schema/endo/colonoscopyQuality.owl#Descending_colon> -> <http://blulab.chpc.utah.edu/ontologies/schema/endo/colonoscopyQuality.owl#Wall_of_descending_colon> -> <http://blulab.chpc.utah.edu/ontologies/schema/endo/colonoscopyQuality.owl#Serosa_of_descending_colon> -> <http://blulab.chpc.utah.edu/ontologies/schema/endo/colonoscopyQuality.owl#Mesothelium_of_visceral_peritoneum>, <http://blulab.chpc.utah.edu/ontologies/v2/ConText.owl#Lexicon> -> <http://blulab.chpc.utah.edu/ontologies/v2/ConText.owl#Modifier> -> <http://blulab.chpc.utah.edu/ontologies/v2/ConText.owl#SemanticModifier> -> <http://blulab.chpc.utah.edu/ontologies/v2/ConText.owl#BodySite> -> <http://blulab.chpc.utah.edu/ontologies/schema/endo/colonoscopyQuality.owl#Colon_structure> -> <http://blulab.chpc.utah.edu/ontologies/schema/endo/colonoscopyQuality.owl#Region_of_colon> -> <http://blulab.chpc.utah.edu/ontologies/schema/endo/colonoscopyQuality.owl#Descending_colon> -> <http://blulab.chpc.utah.edu/ontologies/schema/endo/colonoscopyQuality.owl#Wall_of_descending_colon> -> <http://blulab.chpc.utah.edu/ontologies/schema/endo/colonoscopyQuality.owl#Serosa_of_descending_colon> -> <http://blulab.chpc.utah.edu/ontologies/schema/endo/colonoscopyQuality.owl#Mesothelium_of_visceral_peritoneum>, <http://blulab.chpc.utah.edu/ontologies/v2/ConText.owl#Lexicon> -> <http://blulab.chpc.utah.edu/ontologies/v2/ConText.owl#Modifier> -> <http://blulab.chpc.utah.edu/ontologies/v2/ConText.owl#SemanticModifier> -> <http://blulab.chpc.utah.edu/ontologies/v2/ConText.owl#BodySite> -> <http://blulab.chpc.utah.edu/ontologies/schema/endo/colonoscopyQuality.owl#ileum> -> <http://blulab.chpc.utah.edu/ontologies/schema/endo/colonoscopyQuality.owl#Region_of_ileum> -> <http://blulab.chpc.utah.edu/ontologies/schema/endo/colonoscopyQuality.owl#Wall_of_ileum> -> <http://blulab.chpc.utah.edu/ontologies/schema/endo/colonoscopyQuality.owl#Serosa_of_ileum> -> <http://blulab.chpc.utah.edu/ontologies/schema/endo/colonoscopyQuality.owl#Mesothelium_of_visceral_peritoneum>, <http://blulab.chpc.utah.edu/ontologies/v2/ConText.owl#Lexicon> -> <http://blulab.chpc.utah.edu/ontologies/v2/ConText.owl#Modifier> -> <http://blulab.chpc.utah.edu/ontologies/v2/ConText.owl#SemanticModifier> -> <http://blulab.chpc.utah.edu/ontologies/v2/ConText.owl#BodySite> -> <http://blulab.chpc.utah.edu/ontologies/schema/endo/colonoscopyQuality.owl#ileum> -> <http://blulab.chpc.utah.edu/ontologies/schema/endo/colonoscopyQuality.owl#Wall_of_ileum> -> <http://blulab.chpc.utah.edu/ontologies/schema/endo/colonoscopyQuality.owl#Serosa_of_ileum> -> <http://blulab.chpc.utah.edu/ontologies/schema/endo/colonoscopyQuality.owl#Mesothelium_of_visceral_peritoneum>, <http://blulab.chpc.utah.edu/ontologies/v2/ConText.owl#Lexicon> -> <http://blulab.chpc.utah.edu/ontologies/v2/ConText.owl#Modifier> -> <http://blulab.chpc.utah.edu/ontologies/v2/ConText.owl#SemanticModifier> -> <http://blulab.chpc.utah.edu/ontologies/v2/ConText.owl#BodySite> -> <http://blulab.chpc.utah.edu/ontologies/schema/endo/colonoscopyQuality.owl#Colon_structure> -> <http://blulab.chpc.utah.edu/ontologies/schema/endo/colonoscopyQuality.owl#Sigmoid_colon> -> <http://blulab.chpc.utah.edu/ontologies/schema/endo/colonoscopyQuality.owl#Wall_of_sigmoid_colon> -> <http://blulab.chpc.utah.edu/ontologies/schema/endo/colonoscopyQuality.owl#Serosa_of_sigmoid_colon> -> <http://blulab.chpc.utah.edu/ontologies/schema/endo/colonoscopyQuality.owl#Mesothelium_of_visceral_peritoneum>, <http://blulab.chpc.utah.edu/ontologies/v2/ConText.owl#Lexicon> -> <http://blulab.chpc.utah.edu/ontologies/v2/ConText.owl#Modifier> -> <http://blulab.chpc.utah.edu/ontologies/v2/ConText.owl#SemanticModifier> -> <http://blulab.chpc.utah.edu/ontologies/v2/ConText.owl#BodySite> -> <http://blulab.chpc.utah.edu/ontologies/schema/endo/colonoscopyQuality.owl#Colon_structure> -> <http://blulab.chpc.utah.edu/ontologies/schema/endo/colonoscopyQuality.owl#Entire_colon> -> <http://blulab.chpc.utah.edu/ontologies/schema/endo/colonoscopyQuality.owl#Sigmoid_colon> -> <http://blulab.chpc.utah.edu/ontologies/schema/endo/colonoscopyQuality.owl#Wall_of_sigmoid_colon> -> <http://blulab.chpc.utah.edu/ontologies/schema/endo/colonoscopyQuality.owl#Serosa_of_sigmoid_colon> -> <http://blulab.chpc.utah.edu/ontologies/schema/endo/colonoscopyQuality.owl#Mesothelium_of_visceral_peritoneum>, <http://blulab.chpc.utah.edu/ontologies/v2/ConText.owl#Lexicon> -> <http://blulab.chpc.utah.edu/ontologies/v2/ConText.owl#Modifier> -> <http://blulab.chpc.utah.edu/ontologies/v2/ConText.owl#SemanticModifier> -> <http://blulab.chpc.utah.edu/ontologies/v2/ConText.owl#BodySite> -> <http://blulab.chpc.utah.edu/ontologies/schema/endo/colonoscopyQuality.owl#Colon_structure> -> <http://blulab.chpc.utah.edu/ontologies/schema/endo/colonoscopyQuality.owl#Region_of_colon> -> <http://blulab.chpc.utah.edu/ontologies/schema/endo/colonoscopyQuality.owl#Sigmoid_colon> -> <http://blulab.chpc.utah.edu/ontologies/schema/endo/colonoscopyQuality.owl#Wall_of_sigmoid_colon> -> <http://blulab.chpc.utah.edu/ontologies/schema/endo/colonoscopyQuality.owl#Serosa_of_sigmoid_colon> -> <http://blulab.chpc.utah.edu/ontologies/schema/endo/colonoscopyQuality.owl#Mesothelium_of_visceral_peritoneum>, <http://blulab.chpc.utah.edu/ontologies/v2/ConText.owl#Lexicon> -> <http://blulab.chpc.utah.edu/ontologies/v2/ConText.owl#Modifier> -> <http://blulab.chpc.utah.edu/ontologies/v2/ConText.owl#SemanticModifier> -> <http://blulab.chpc.utah.edu/ontologies/v2/ConText.owl#BodySite> -> <http://blulab.chpc.utah.edu/ontologies/schema/endo/colonoscopyQuality.owl#Colon_structure> -> <http://blulab.chpc.utah.edu/ontologies/schema/endo/colonoscopyQuality.owl#Transverse_colon> -> <http://blulab.chpc.utah.edu/ontologies/schema/endo/colonoscopyQuality.owl#Wall_of_transverse_colon> -> <http://blulab.chpc.utah.edu/ontologies/schema/endo/colonoscopyQuality.owl#Serosa_of_transverse_colon> -> <http://blulab.chpc.utah.edu/ontologies/schema/endo/colonoscopyQuality.owl#Mesothelium_of_visceral_peritoneum>, <http://blulab.chpc.utah.edu/ontologies/v2/ConText.owl#Lexicon> -> <http://blulab.chpc.utah.edu/ontologies/v2/ConText.owl#Modifier> -> <http://blulab.chpc.utah.edu/ontologies/v2/ConText.owl#SemanticModifier> -> <http://blulab.chpc.utah.edu/ontologies/v2/ConText.owl#BodySite> -> <http://blulab.chpc.utah.edu/ontologies/schema/endo/colonoscopyQuality.owl#Colon_structure> -> <http://blulab.chpc.utah.edu/ontologies/schema/endo/colonoscopyQuality.owl#Entire_colon> -> <http://blulab.chpc.utah.edu/ontologies/schema/endo/colonoscopyQuality.owl#Transverse_colon> -> <http://blulab.chpc.utah.edu/ontologies/schema/endo/colonoscopyQuality.owl#Wall_of_transverse_colon> -> <http://blulab.chpc.utah.edu/ontologies/schema/endo/colonoscopyQuality.owl#Serosa_of_transverse_colon> -> <http://blulab.chpc.utah.edu/ontologies/schema/endo/colonoscopyQuality.owl#Mesothelium_of_visceral_peritoneum>, <http://blulab.chpc.utah.edu/ontologies/v2/ConText.owl#Lexicon> -> <http://blulab.chpc.utah.edu/ontologies/v2/ConText.owl#Modifier> -> <http://blulab.chpc.utah.edu/ontologies/v2/ConText.owl#SemanticModifier> -> <http://blulab.chpc.utah.edu/ontologies/v2/ConText.owl#BodySite> -> <http://blulab.chpc.utah.edu/ontologies/schema/endo/colonoscopyQuality.owl#Colon_structure> -> <http://blulab.chpc.utah.edu/ontologies/schema/endo/colonoscopyQuality.owl#Region_of_colon> -> <http://blulab.chpc.utah.edu/ontologies/schema/endo/colonoscopyQuality.owl#Transverse_colon> -> <http://blulab.chpc.utah.edu/ontologies/schema/endo/colonoscopyQuality.owl#Wall_of_transverse_colon> -> <http://blulab.chpc.utah.edu/ontologies/schema/endo/colonoscopyQuality.owl#Serosa_of_transverse_colon> -> <http://blulab.chpc.utah.edu/ontologies/schema/endo/colonoscopyQuality.owl#Mesothelium_of_visceral_peritoneum>, <http://blulab.chpc.utah.edu/ontologies/v2/ConText.owl#Lexicon> -> <http://blulab.chpc.utah.edu/ontologies/v2/ConText.owl#Modifier> -> <http://blulab.chpc.utah.edu/ontologies/v2/ConText.owl#SemanticModifier> -> <http://blulab.chpc.utah.edu/ontologies/v2/ConText.owl#BodySite> -> <http://blulab.chpc.utah.edu/ontologies/schema/endo/colonoscopyQuality.owl#Colon_structure> -> <http://blulab.chpc.utah.edu/ontologies/schema/endo/colonoscopyQuality.owl#Cecum> -> <http://blulab.chpc.utah.edu/ontologies/schema/endo/colonoscopyQuality.owl#Appendix> -> <http://blulab.chpc.utah.edu/ontologies/schema/endo/colonoscopyQuality.owl#Wall_of_appendix> -> <http://blulab.chpc.utah.edu/ontologies/schema/endo/colonoscopyQuality.owl#Appendiceal_serosa> -> <http://blulab.chpc.utah.edu/ontologies/schema/endo/colonoscopyQuality.owl#Mesothelium_of_visceral_peritoneum>, <http://blulab.chpc.utah.edu/ontologies/v2/ConText.owl#Lexicon> -> <http://blulab.chpc.utah.edu/ontologies/v2/ConText.owl#Modifier> -> <http://blulab.chpc.utah.edu/ontologies/v2/ConText.owl#SemanticModifier> -> <http://blulab.chpc.utah.edu/ontologies/v2/ConText.owl#BodySite> -> <http://blulab.chpc.utah.edu/ontologies/schema/endo/colonoscopyQuality.owl#Colon_structure> -> <http://blulab.chpc.utah.edu/ontologies/schema/endo/colonoscopyQuality.owl#Appendix> -> <http://blulab.chpc.utah.edu/ontologies/schema/endo/colonoscopyQuality.owl#Wall_of_appendix> -> <http://blulab.chpc.utah.edu/ontologies/schema/endo/colonoscopyQuality.owl#Appendiceal_serosa> -> <http://blulab.chpc.utah.edu/ontologies/schema/endo/colonoscopyQuality.owl#Mesothelium_of_visceral_peritoneum>, <http://blulab.chpc.utah.edu/ontologies/v2/ConText.owl#Lexicon> -> <http://blulab.chpc.utah.edu/ontologies/v2/ConText.owl#Modifier> -> <http://blulab.chpc.utah.edu/ontologies/v2/ConText.owl#SemanticModifier> -> <http://blulab.chpc.utah.edu/ontologies/v2/ConText.owl#BodySite> -> <http://blulab.chpc.utah.edu/ontologies/schema/endo/colonoscopyQuality.owl#Colon_structure> -> <http://blulab.chpc.utah.edu/ontologies/schema/endo/colonoscopyQuality.owl#Appendix> -> <http://blulab.chpc.utah.edu/ontologies/schema/endo/colonoscopyQuality.owl#Entire_appendix> -> <http://blulab.chpc.utah.edu/ontologies/schema/endo/colonoscopyQuality.owl#Appendiceal_serosa> -> <http://blulab.chpc.utah.edu/ontologies/schema/endo/colonoscopyQuality.owl#Mesothelium_of_visceral_peritoneum>]]

	Modifier: Appendiceal_submucosa, uri=http://blulab.chpc.utah.edu/ontologies/schema/endo/colonoscopyQuality.owl#Appendiceal_submucosa, type= Semantic, classPath= [<http://blulab.chpc.utah.edu/ontologies/v2/ConText.owl#Lexicon> -> <http://blulab.chpc.utah.edu/ontologies/v2/ConText.owl#Modifier> -> <http://blulab.chpc.utah.edu/ontologies/v2/ConText.owl#SemanticModifier> -> <http://blulab.chpc.utah.edu/ontologies/v2/ConText.owl#BodySite> -> <http://blulab.chpc.utah.edu/ontologies/schema/endo/colonoscopyQuality.owl#Colon_structure> -> <http://blulab.chpc.utah.edu/ontologies/schema/endo/colonoscopyQuality.owl#Cecum> -> <http://blulab.chpc.utah.edu/ontologies/schema/endo/colonoscopyQuality.owl#Appendix> -> <http://blulab.chpc.utah.edu/ontologies/schema/endo/colonoscopyQuality.owl#Entire_appendix> -> <http://blulab.chpc.utah.edu/ontologies/schema/endo/colonoscopyQuality.owl#Appendiceal_submucosa>, <http://blulab.chpc.utah.edu/ontologies/v2/ConText.owl#Lexicon> -> <http://blulab.chpc.utah.edu/ontologies/v2/ConText.owl#Modifier> -> <http://blulab.chpc.utah.edu/ontologies/v2/ConText.owl#SemanticModifier> -> <http://blulab.chpc.utah.edu/ontologies/v2/ConText.owl#BodySite> -> <http://blulab.chpc.utah.edu/ontologies/schema/endo/colonoscopyQuality.owl#Colon_structure> -> <http://blulab.chpc.utah.edu/ontologies/schema/endo/colonoscopyQuality.owl#Cecum> -> <http://blulab.chpc.utah.edu/ontologies/schema/endo/colonoscopyQuality.owl#Appendix> -> <http://blulab.chpc.utah.edu/ontologies/schema/endo/colonoscopyQuality.owl#Wall_of_appendix> -> <http://blulab.chpc.utah.edu/ontologies/schema/endo/colonoscopyQuality.owl#Appendiceal_submucosa>, <http://blulab.chpc.utah.edu/ontologies/v2/ConText.owl#Lexicon> -> <http://blulab.chpc.utah.edu/ontologies/v2/ConText.owl#Modifier> -> <http://blulab.chpc.utah.edu/ontologies/v2/ConText.owl#SemanticModifier> -> <http://blulab.chpc.utah.edu/ontologies/v2/ConText.owl#BodySite> -> <http://blulab.chpc.utah.edu/ontologies/schema/endo/colonoscopyQuality.owl#Colon_structure> -> <http://blulab.chpc.utah.edu/ontologies/schema/endo/colonoscopyQuality.owl#Appendix> -> <http://blulab.chpc.utah.edu/ontologies/schema/endo/colonoscopyQuality.owl#Wall_of_appendix> -> <http://blulab.chpc.utah.edu/ontologies/schema/endo/colonoscopyQuality.owl#Appendiceal_submucosa>, <http://blulab.chpc.utah.edu/ontologies/v2/ConText.owl#Lexicon> -> <http://blulab.chpc.utah.edu/ontologies/v2/ConText.owl#Modifier> -> <http://blulab.chpc.utah.edu/ontologies/v2/ConText.owl#SemanticModifier> -> <http://blulab.chpc.utah.edu/ontologies/v2/ConText.owl#BodySite> -> <http://blulab.chpc.utah.edu/ontologies/schema/endo/colonoscopyQuality.owl#Colon_structure> -> <http://blulab.chpc.utah.edu/ontologies/schema/endo/colonoscopyQuality.owl#Appendix> -> <http://blulab.chpc.utah.edu/ontologies/schema/endo/colonoscopyQuality.owl#Entire_appendix> -> <http://blulab.chpc.utah.edu/ontologies/schema/endo/colonoscopyQuality.owl#Appendiceal_submucosa>]]

	Modifier: Dense_elastic_connective_tissue, uri=http://blulab.chpc.utah.edu/ontologies/schema/endo/colonoscopyQuality.owl#Dense_elastic_connective_tissue, type= Semantic, classPath= [<http://blulab.chpc.utah.edu/ontologies/v2/ConText.owl#Lexicon> -> <http://blulab.chpc.utah.edu/ontologies/v2/ConText.owl#Modifier> -> <http://blulab.chpc.utah.edu/ontologies/v2/ConText.owl#SemanticModifier> -> <http://blulab.chpc.utah.edu/ontologies/v2/ConText.owl#BodySite> -> <http://blulab.chpc.utah.edu/ontologies/schema/endo/colonoscopyQuality.owl#Colon_structure> -> <http://blulab.chpc.utah.edu/ontologies/schema/endo/colonoscopyQuality.owl#Cecum> -> <http://blulab.chpc.utah.edu/ontologies/schema/endo/colonoscopyQuality.owl#Appendix> -> <http://blulab.chpc.utah.edu/ontologies/schema/endo/colonoscopyQuality.owl#Entire_appendix> -> <http://blulab.chpc.utah.edu/ontologies/schema/endo/colonoscopyQuality.owl#Appendiceal_submucosa> -> <http://blulab.chpc.utah.edu/ontologies/schema/endo/colonoscopyQuality.owl#Dense_elastic_connective_tissue>, <http://blulab.chpc.utah.edu/ontologies/v2/ConText.owl#Lexicon> -> <http://blulab.chpc.utah.edu/ontologies/v2/ConText.owl#Modifier> -> <http://blulab.chpc.utah.edu/ontologies/v2/ConText.owl#SemanticModifier> -> <http://blulab.chpc.utah.edu/ontologies/v2/ConText.owl#BodySite> -> <http://blulab.chpc.utah.edu/ontologies/schema/endo/colonoscopyQuality.owl#Colon_structure> -> <http://blulab.chpc.utah.edu/ontologies/schema/endo/colonoscopyQuality.owl#Sigmoid_colon> -> <http://blulab.chpc.utah.edu/ontologies/schema/endo/colonoscopyQuality.owl#Wall_of_sigmoid_colon> -> <http://blulab.chpc.utah.edu/ontologies/schema/endo/colonoscopyQuality.owl#Submucosa_of_sigmoid_colon> -> <http://blulab.chpc.utah.edu/ontologies/schema/endo/colonoscopyQuality.owl#Dense_elastic_connective_tissue>, <http://blulab.chpc.utah.edu/ontologies/v2/ConText.owl#Lexicon> -> <http://blulab.chpc.utah.edu/ontologies/v2/ConText.owl#Modifier> -> <http://blulab.chpc.utah.edu/ontologies/v2/ConText.owl#SemanticModifier> -> <http://blulab.chpc.utah.edu/ontologies/v2/ConText.owl#BodySite> -> <http://blulab.chpc.utah.edu/ontologies/schema/endo/colonoscopyQuality.owl#Colon_structure> -> <http://blulab.chpc.utah.edu/ontologies/schema/endo/colonoscopyQuality.owl#Entire_colon> -> <http://blulab.chpc.utah.edu/ontologies/schema/endo/colonoscopyQuality.owl#Sigmoid_colon> -> <http://blulab.chpc.utah.edu/ontologies/schema/endo/colonoscopyQuality.owl#Wall_of_sigmoid_colon> -> <http://blulab.chpc.utah.edu/ontologies/schema/endo/colonoscopyQuality.owl#Submucosa_of_sigmoid_colon> -> <http://blulab.chpc.utah.edu/ontologies/schema/endo/colonoscopyQuality.owl#Dense_elastic_connective_tissue>, <http://blulab.chpc.utah.edu/ontologies/v2/ConText.owl#Lexicon> -> <http://blulab.chpc.utah.edu/ontologies/v2/ConText.owl#Modifier> -> <http://blulab.chpc.utah.edu/ontologies/v2/ConText.owl#SemanticModifier> -> <http://blulab.chpc.utah.edu/ontologies/v2/ConText.owl#BodySite> -> <http://blulab.chpc.utah.edu/ontologies/schema/endo/colonoscopyQuality.owl#Colon_structure> -> <http://blulab.chpc.utah.edu/ontologies/schema/endo/colonoscopyQuality.owl#Region_of_colon> -> <http://blulab.chpc.utah.edu/ontologies/schema/endo/colonoscopyQuality.owl#Sigmoid_colon> -> <http://blulab.chpc.utah.edu/ontologies/schema/endo/colonoscopyQuality.owl#Wall_of_sigmoid_colon> -> <http://blulab.chpc.utah.edu/ontologies/schema/endo/colonoscopyQuality.owl#Submucosa_of_sigmoid_colon> -> <http://blulab.chpc.utah.edu/ontologies/schema/endo/colonoscopyQuality.owl#Dense_elastic_connective_tissue>, <http://blulab.chpc.utah.edu/ontologies/v2/ConText.owl#Lexicon> -> <http://blulab.chpc.utah.edu/ontologies/v2/ConText.owl#Modifier> -> <http://blulab.chpc.utah.edu/ontologies/v2/ConText.owl#SemanticModifier> -> <http://blulab.chpc.utah.edu/ontologies/v2/ConText.owl#BodySite> -> <http://blulab.chpc.utah.edu/ontologies/schema/endo/colonoscopyQuality.owl#Colon_structure> -> <http://blulab.chpc.utah.edu/ontologies/schema/endo/colonoscopyQuality.owl#Cecum> -> <http://blulab.chpc.utah.edu/ontologies/schema/endo/colonoscopyQuality.owl#Appendix> -> <http://blulab.chpc.utah.edu/ontologies/schema/endo/colonoscopyQuality.owl#Wall_of_appendix> -> <http://blulab.chpc.utah.edu/ontologies/schema/endo/colonoscopyQuality.owl#Appendiceal_submucosa> -> <http://blulab.chpc.utah.edu/ontologies/schema/endo/colonoscopyQuality.owl#Dense_elastic_connective_tissue>, <http://blulab.chpc.utah.edu/ontologies/v2/ConText.owl#Lexicon> -> <http://blulab.chpc.utah.edu/ontologies/v2/ConText.owl#Modifier> -> <http://blulab.chpc.utah.edu/ontologies/v2/ConText.owl#SemanticModifier> -> <http://blulab.chpc.utah.edu/ontologies/v2/ConText.owl#BodySite> -> <http://blulab.chpc.utah.edu/ontologies/schema/endo/colonoscopyQuality.owl#Colon_structure> -> <http://blulab.chpc.utah.edu/ontologies/schema/endo/colonoscopyQuality.owl#Appendix> -> <http://blulab.chpc.utah.edu/ontologies/schema/endo/colonoscopyQuality.owl#Wall_of_appendix> -> <http://blulab.chpc.utah.edu/ontologies/schema/endo/colonoscopyQuality.owl#Appendiceal_submucosa> -> <http://blulab.chpc.utah.edu/ontologies/schema/endo/colonoscopyQuality.owl#Dense_elastic_connective_tissue>, <http://blulab.chpc.utah.edu/ontologies/v2/ConText.owl#Lexicon> -> <http://blulab.chpc.utah.edu/ontologies/v2/ConText.owl#Modifier> -> <http://blulab.chpc.utah.edu/ontologies/v2/ConText.owl#SemanticModifier> -> <http://blulab.chpc.utah.edu/ontologies/v2/ConText.owl#BodySite> -> <http://blulab.chpc.utah.edu/ontologies/schema/endo/colonoscopyQuality.owl#Colon_structure> -> <http://blulab.chpc.utah.edu/ontologies/schema/endo/colonoscopyQuality.owl#Appendix> -> <http://blulab.chpc.utah.edu/ontologies/schema/endo/colonoscopyQuality.owl#Entire_appendix> -> <http://blulab.chpc.utah.edu/ontologies/schema/endo/colonoscopyQuality.owl#Appendiceal_submucosa> -> <http://blulab.chpc.utah.edu/ontologies/schema/endo/colonoscopyQuality.owl#Dense_elastic_connective_tissue>]]

	Modifier: Solitary_lymphoid_follicle_of_appendix, uri=http://blulab.chpc.utah.edu/ontologies/schema/endo/colonoscopyQuality.owl#Solitary_lymphoid_follicle_of_appendix, type= Semantic, classPath= [<http://blulab.chpc.utah.edu/ontologies/v2/ConText.owl#Lexicon> -> <http://blulab.chpc.utah.edu/ontologies/v2/ConText.owl#Modifier> -> <http://blulab.chpc.utah.edu/ontologies/v2/ConText.owl#SemanticModifier> -> <http://blulab.chpc.utah.edu/ontologies/v2/ConText.owl#BodySite> -> <http://blulab.chpc.utah.edu/ontologies/schema/endo/colonoscopyQuality.owl#Colon_structure> -> <http://blulab.chpc.utah.edu/ontologies/schema/endo/colonoscopyQuality.owl#Cecum> -> <http://blulab.chpc.utah.edu/ontologies/schema/endo/colonoscopyQuality.owl#Appendix> -> <http://blulab.chpc.utah.edu/ontologies/schema/endo/colonoscopyQuality.owl#Entire_appendix> -> <http://blulab.chpc.utah.edu/ontologies/schema/endo/colonoscopyQuality.owl#Appendiceal_submucosa> -> <http://blulab.chpc.utah.edu/ontologies/schema/endo/colonoscopyQuality.owl#Solitary_lymphoid_follicle_of_appendix>, <http://blulab.chpc.utah.edu/ontologies/v2/ConText.owl#Lexicon> -> <http://blulab.chpc.utah.edu/ontologies/v2/ConText.owl#Modifier> -> <http://blulab.chpc.utah.edu/ontologies/v2/ConText.owl#SemanticModifier> -> <http://blulab.chpc.utah.edu/ontologies/v2/ConText.owl#BodySite> -> <http://blulab.chpc.utah.edu/ontologies/schema/endo/colonoscopyQuality.owl#Colon_structure> -> <http://blulab.chpc.utah.edu/ontologies/schema/endo/colonoscopyQuality.owl#Cecum> -> <http://blulab.chpc.utah.edu/ontologies/schema/endo/colonoscopyQuality.owl#Appendix> -> <http://blulab.chpc.utah.edu/ontologies/schema/endo/colonoscopyQuality.owl#Wall_of_appendix> -> <http://blulab.chpc.utah.edu/ontologies/schema/endo/colonoscopyQuality.owl#Appendiceal_submucosa> -> <http://blulab.chpc.utah.edu/ontologies/schema/endo/colonoscopyQuality.owl#Solitary_lymphoid_follicle_of_appendix>, <http://blulab.chpc.utah.edu/ontologies/v2/ConText.owl#Lexicon> -> <http://blulab.chpc.utah.edu/ontologies/v2/ConText.owl#Modifier> -> <http://blulab.chpc.utah.edu/ontologies/v2/ConText.owl#SemanticModifier> -> <http://blulab.chpc.utah.edu/ontologies/v2/ConText.owl#BodySite> -> <http://blulab.chpc.utah.edu/ontologies/schema/endo/colonoscopyQuality.owl#Colon_structure> -> <http://blulab.chpc.utah.edu/ontologies/schema/endo/colonoscopyQuality.owl#Appendix> -> <http://blulab.chpc.utah.edu/ontologies/schema/endo/colonoscopyQuality.owl#Wall_of_appendix> -> <http://blulab.chpc.utah.edu/ontologies/schema/endo/colonoscopyQuality.owl#Appendiceal_submucosa> -> <http://blulab.chpc.utah.edu/ontologies/schema/endo/colonoscopyQuality.owl#Solitary_lymphoid_follicle_of_appendix>, <http://blulab.chpc.utah.edu/ontologies/v2/ConText.owl#Lexicon> -> <http://blulab.chpc.utah.edu/ontologies/v2/ConText.owl#Modifier> -> <http://blulab.chpc.utah.edu/ontologies/v2/ConText.owl#SemanticModifier> -> <http://blulab.chpc.utah.edu/ontologies/v2/ConText.owl#BodySite> -> <http://blulab.chpc.utah.edu/ontologies/schema/endo/colonoscopyQuality.owl#Colon_structure> -> <http://blulab.chpc.utah.edu/ontologies/schema/endo/colonoscopyQuality.owl#Appendix> -> <http://blulab.chpc.utah.edu/ontologies/schema/endo/colonoscopyQuality.owl#Entire_appendix> -> <http://blulab.chpc.utah.edu/ontologies/schema/endo/colonoscopyQuality.owl#Appendiceal_submucosa> -> <http://blulab.chpc.utah.edu/ontologies/schema/endo/colonoscopyQuality.owl#Solitary_lymphoid_follicle_of_appendix>]]

	Modifier: Appendiceal_subserosa, uri=http://blulab.chpc.utah.edu/ontologies/schema/endo/colonoscopyQuality.owl#Appendiceal_subserosa, type= Semantic, classPath= [<http://blulab.chpc.utah.edu/ontologies/v2/ConText.owl#Lexicon> -> <http://blulab.chpc.utah.edu/ontologies/v2/ConText.owl#Modifier> -> <http://blulab.chpc.utah.edu/ontologies/v2/ConText.owl#SemanticModifier> -> <http://blulab.chpc.utah.edu/ontologies/v2/ConText.owl#BodySite> -> <http://blulab.chpc.utah.edu/ontologies/schema/endo/colonoscopyQuality.owl#Colon_structure> -> <http://blulab.chpc.utah.edu/ontologies/schema/endo/colonoscopyQuality.owl#Cecum> -> <http://blulab.chpc.utah.edu/ontologies/schema/endo/colonoscopyQuality.owl#Appendix> -> <http://blulab.chpc.utah.edu/ontologies/schema/endo/colonoscopyQuality.owl#Entire_appendix> -> <http://blulab.chpc.utah.edu/ontologies/schema/endo/colonoscopyQuality.owl#Appendiceal_subserosa>, <http://blulab.chpc.utah.edu/ontologies/v2/ConText.owl#Lexicon> -> <http://blulab.chpc.utah.edu/ontologies/v2/ConText.owl#Modifier> -> <http://blulab.chpc.utah.edu/ontologies/v2/ConText.owl#SemanticModifier> -> <http://blulab.chpc.utah.edu/ontologies/v2/ConText.owl#BodySite> -> <http://blulab.chpc.utah.edu/ontologies/schema/endo/colonoscopyQuality.owl#Colon_structure> -> <http://blulab.chpc.utah.edu/ontologies/schema/endo/colonoscopyQuality.owl#Cecum> -> <http://blulab.chpc.utah.edu/ontologies/schema/endo/colonoscopyQuality.owl#Appendix> -> <http://blulab.chpc.utah.edu/ontologies/schema/endo/colonoscopyQuality.owl#Wall_of_appendix> -> <http://blulab.chpc.utah.edu/ontologies/schema/endo/colonoscopyQuality.owl#Appendiceal_subserosa>, <http://blulab.chpc.utah.edu/ontologies/v2/ConText.owl#Lexicon> -> <http://blulab.chpc.utah.edu/ontologies/v2/ConText.owl#Modifier> -> <http://blulab.chpc.utah.edu/ontologies/v2/ConText.owl#SemanticModifier> -> <http://blulab.chpc.utah.edu/ontologies/v2/ConText.owl#BodySite> -> <http://blulab.chpc.utah.edu/ontologies/schema/endo/colonoscopyQuality.owl#Colon_structure> -> <http://blulab.chpc.utah.edu/ontologies/schema/endo/colonoscopyQuality.owl#Appendix> -> <http://blulab.chpc.utah.edu/ontologies/schema/endo/colonoscopyQuality.owl#Wall_of_appendix> -> <http://blulab.chpc.utah.edu/ontologies/schema/endo/colonoscopyQuality.owl#Appendiceal_subserosa>, <http://blulab.chpc.utah.edu/ontologies/v2/ConText.owl#Lexicon> -> <http://blulab.chpc.utah.edu/ontologies/v2/ConText.owl#Modifier> -> <http://blulab.chpc.utah.edu/ontologies/v2/ConText.owl#SemanticModifier> -> <http://blulab.chpc.utah.edu/ontologies/v2/ConText.owl#BodySite> -> <http://blulab.chpc.utah.edu/ontologies/schema/endo/colonoscopyQuality.owl#Colon_structure> -> <http://blulab.chpc.utah.edu/ontologies/schema/endo/colonoscopyQuality.owl#Appendix> -> <http://blulab.chpc.utah.edu/ontologies/schema/endo/colonoscopyQuality.owl#Entire_appendix> -> <http://blulab.chpc.utah.edu/ontologies/schema/endo/colonoscopyQuality.owl#Appendiceal_subserosa>]]

	Modifier: Structure_of_ostium_appendicis_vermiformis, uri=http://blulab.chpc.utah.edu/ontologies/schema/endo/colonoscopyQuality.owl#Structure_of_ostium_appendicis_vermiformis, type= Semantic, classPath= [<http://blulab.chpc.utah.edu/ontologies/v2/ConText.owl#Lexicon> -> <http://blulab.chpc.utah.edu/ontologies/v2/ConText.owl#Modifier> -> <http://blulab.chpc.utah.edu/ontologies/v2/ConText.owl#SemanticModifier> -> <http://blulab.chpc.utah.edu/ontologies/v2/ConText.owl#BodySite> -> <http://blulab.chpc.utah.edu/ontologies/schema/endo/colonoscopyQuality.owl#Colon_structure> -> <http://blulab.chpc.utah.edu/ontologies/schema/endo/colonoscopyQuality.owl#Cecum> -> <http://blulab.chpc.utah.edu/ontologies/schema/endo/colonoscopyQuality.owl#Appendix> -> <http://blulab.chpc.utah.edu/ontologies/schema/endo/colonoscopyQuality.owl#Entire_appendix> -> <http://blulab.chpc.utah.edu/ontologies/schema/endo/colonoscopyQuality.owl#Structure_of_ostium_appendicis_vermiformis>, <http://blulab.chpc.utah.edu/ontologies/v2/ConText.owl#Lexicon> -> <http://blulab.chpc.utah.edu/ontologies/v2/ConText.owl#Modifier> -> <http://blulab.chpc.utah.edu/ontologies/v2/ConText.owl#SemanticModifier> -> <http://blulab.chpc.utah.edu/ontologies/v2/ConText.owl#BodySite> -> <http://blulab.chpc.utah.edu/ontologies/schema/endo/colonoscopyQuality.owl#Colon_structure> -> <http://blulab.chpc.utah.edu/ontologies/schema/endo/colonoscopyQuality.owl#Cecum> -> <http://blulab.chpc.utah.edu/ontologies/schema/endo/colonoscopyQuality.owl#Appendix> -> <http://blulab.chpc.utah.edu/ontologies/schema/endo/colonoscopyQuality.owl#Lumen_of_appendix> -> <http://blulab.chpc.utah.edu/ontologies/schema/endo/colonoscopyQuality.owl#Structure_of_ostium_appendicis_vermiformis>, <http://blulab.chpc.utah.edu/ontologies/v2/ConText.owl#Lexicon> -> <http://blulab.chpc.utah.edu/ontologies/v2/ConText.owl#Modifier> -> <http://blulab.chpc.utah.edu/ontologies/v2/ConText.owl#SemanticModifier> -> <http://blulab.chpc.utah.edu/ontologies/v2/ConText.owl#BodySite> -> <http://blulab.chpc.utah.edu/ontologies/schema/endo/colonoscopyQuality.owl#Colon_structure> -> <http://blulab.chpc.utah.edu/ontologies/schema/endo/colonoscopyQuality.owl#Appendix> -> <http://blulab.chpc.utah.edu/ontologies/schema/endo/colonoscopyQuality.owl#Lumen_of_appendix> -> <http://blulab.chpc.utah.edu/ontologies/schema/endo/colonoscopyQuality.owl#Structure_of_ostium_appendicis_vermiformis>, <http://blulab.chpc.utah.edu/ontologies/v2/ConText.owl#Lexicon> -> <http://blulab.chpc.utah.edu/ontologies/v2/ConText.owl#Modifier> -> <http://blulab.chpc.utah.edu/ontologies/v2/ConText.owl#SemanticModifier> -> <http://blulab.chpc.utah.edu/ontologies/v2/ConText.owl#BodySite> -> <http://blulab.chpc.utah.edu/ontologies/schema/endo/colonoscopyQuality.owl#Colon_structure> -> <http://blulab.chpc.utah.edu/ontologies/schema/endo/colonoscopyQuality.owl#Cecum> -> <http://blulab.chpc.utah.edu/ontologies/schema/endo/colonoscopyQuality.owl#Lumen_of_cecum> -> <http://blulab.chpc.utah.edu/ontologies/schema/endo/colonoscopyQuality.owl#Structure_of_ostium_appendicis_vermiformis>, <http://blulab.chpc.utah.edu/ontologies/v2/ConText.owl#Lexicon> -> <http://blulab.chpc.utah.edu/ontologies/v2/ConText.owl#Modifier> -> <http://blulab.chpc.utah.edu/ontologies/v2/ConText.owl#SemanticModifier> -> <http://blulab.chpc.utah.edu/ontologies/v2/ConText.owl#BodySite> -> <http://blulab.chpc.utah.edu/ontologies/schema/endo/colonoscopyQuality.owl#Colon_structure> -> <http://blulab.chpc.utah.edu/ontologies/schema/endo/colonoscopyQuality.owl#Appendix> -> <http://blulab.chpc.utah.edu/ontologies/schema/endo/colonoscopyQuality.owl#Entire_appendix> -> <http://blulab.chpc.utah.edu/ontologies/schema/endo/colonoscopyQuality.owl#Structure_of_ostium_appendicis_vermiformis>]]

	Modifier: Entire_ostium_appendicis_vermiformis, uri=http://blulab.chpc.utah.edu/ontologies/schema/endo/colonoscopyQuality.owl#Entire_ostium_appendicis_vermiformis, type= Semantic, classPath= [<http://blulab.chpc.utah.edu/ontologies/v2/ConText.owl#Lexicon> -> <http://blulab.chpc.utah.edu/ontologies/v2/ConText.owl#Modifier> -> <http://blulab.chpc.utah.edu/ontologies/v2/ConText.owl#SemanticModifier> -> <http://blulab.chpc.utah.edu/ontologies/v2/ConText.owl#BodySite> -> <http://blulab.chpc.utah.edu/ontologies/schema/endo/colonoscopyQuality.owl#Colon_structure> -> <http://blulab.chpc.utah.edu/ontologies/schema/endo/colonoscopyQuality.owl#Cecum> -> <http://blulab.chpc.utah.edu/ontologies/schema/endo/colonoscopyQuality.owl#Appendix> -> <http://blulab.chpc.utah.edu/ontologies/schema/endo/colonoscopyQuality.owl#Entire_appendix> -> <http://blulab.chpc.utah.edu/ontologies/schema/endo/colonoscopyQuality.owl#Structure_of_ostium_appendicis_vermiformis> -> <http://blulab.chpc.utah.edu/ontologies/schema/endo/colonoscopyQuality.owl#Entire_ostium_appendicis_vermiformis>, <http://blulab.chpc.utah.edu/ontologies/v2/ConText.owl#Lexicon> -> <http://blulab.chpc.utah.edu/ontologies/v2/ConText.owl#Modifier> -> <http://blulab.chpc.utah.edu/ontologies/v2/ConText.owl#SemanticModifier> -> <http://blulab.chpc.utah.edu/ontologies/v2/ConText.owl#BodySite> -> <http://blulab.chpc.utah.edu/ontologies/schema/endo/colonoscopyQuality.owl#Colon_structure> -> <http://blulab.chpc.utah.edu/ontologies/schema/endo/colonoscopyQuality.owl#Cecum> -> <http://blulab.chpc.utah.edu/ontologies/schema/endo/colonoscopyQuality.owl#Appendix> -> <http://blulab.chpc.utah.edu/ontologies/schema/endo/colonoscopyQuality.owl#Lumen_of_appendix> -> <http://blulab.chpc.utah.edu/ontologies/schema/endo/colonoscopyQuality.owl#Structure_of_ostium_appendicis_vermiformis> -> <http://blulab.chpc.utah.edu/ontologies/schema/endo/colonoscopyQuality.owl#Entire_ostium_appendicis_vermiformis>, <http://blulab.chpc.utah.edu/ontologies/v2/ConText.owl#Lexicon> -> <http://blulab.chpc.utah.edu/ontologies/v2/ConText.owl#Modifier> -> <http://blulab.chpc.utah.edu/ontologies/v2/ConText.owl#SemanticModifier> -> <http://blulab.chpc.utah.edu/ontologies/v2/ConText.owl#BodySite> -> <http://blulab.chpc.utah.edu/ontologies/schema/endo/colonoscopyQuality.owl#Colon_structure> -> <http://blulab.chpc.utah.edu/ontologies/schema/endo/colonoscopyQuality.owl#Appendix> -> <http://blulab.chpc.utah.edu/ontologies/schema/endo/colonoscopyQuality.owl#Lumen_of_appendix> -> <http://blulab.chpc.utah.edu/ontologies/schema/endo/colonoscopyQuality.owl#Structure_of_ostium_appendicis_vermiformis> -> <http://blulab.chpc.utah.edu/ontologies/schema/endo/colonoscopyQuality.owl#Entire_ostium_appendicis_vermiformis>, <http://blulab.chpc.utah.edu/ontologies/v2/ConText.owl#Lexicon> -> <http://blulab.chpc.utah.edu/ontologies/v2/ConText.owl#Modifier> -> <http://blulab.chpc.utah.edu/ontologies/v2/ConText.owl#SemanticModifier> -> <http://blulab.chpc.utah.edu/ontologies/v2/ConText.owl#BodySite> -> <http://blulab.chpc.utah.edu/ontologies/schema/endo/colonoscopyQuality.owl#Colon_structure> -> <http://blulab.chpc.utah.edu/ontologies/schema/endo/colonoscopyQuality.owl#Cecum> -> <http://blulab.chpc.utah.edu/ontologies/schema/endo/colonoscopyQuality.owl#Lumen_of_cecum> -> <http://blulab.chpc.utah.edu/ontologies/schema/endo/colonoscopyQuality.owl#Structure_of_ostium_appendicis_vermiformis> -> <http://blulab.chpc.utah.edu/ontologies/schema/endo/colonoscopyQuality.owl#Entire_ostium_appendicis_vermiformis>, <http://blulab.chpc.utah.edu/ontologies/v2/ConText.owl#Lexicon> -> <http://blulab.chpc.utah.edu/ontologies/v2/ConText.owl#Modifier> -> <http://blulab.chpc.utah.edu/ontologies/v2/ConText.owl#SemanticModifier> -> <http://blulab.chpc.utah.edu/ontologies/v2/ConText.owl#BodySite> -> <http://blulab.chpc.utah.edu/ontologies/schema/endo/colonoscopyQuality.owl#Colon_structure> -> <http://blulab.chpc.utah.edu/ontologies/schema/endo/colonoscopyQuality.owl#Appendix> -> <http://blulab.chpc.utah.edu/ontologies/schema/endo/colonoscopyQuality.owl#Entire_appendix> -> <http://blulab.chpc.utah.edu/ontologies/schema/endo/colonoscopyQuality.owl#Structure_of_ostium_appendicis_vermiformis> -> <http://blulab.chpc.utah.edu/ontologies/schema/endo/colonoscopyQuality.owl#Entire_ostium_appendicis_vermiformis>]]

	Modifier: Lumen_of_appendix, uri=http://blulab.chpc.utah.edu/ontologies/schema/endo/colonoscopyQuality.owl#Lumen_of_appendix, type= Semantic, classPath= [<http://blulab.chpc.utah.edu/ontologies/v2/ConText.owl#Lexicon> -> <http://blulab.chpc.utah.edu/ontologies/v2/ConText.owl#Modifier> -> <http://blulab.chpc.utah.edu/ontologies/v2/ConText.owl#SemanticModifier> -> <http://blulab.chpc.utah.edu/ontologies/v2/ConText.owl#BodySite> -> <http://blulab.chpc.utah.edu/ontologies/schema/endo/colonoscopyQuality.owl#Colon_structure> -> <http://blulab.chpc.utah.edu/ontologies/schema/endo/colonoscopyQuality.owl#Cecum> -> <http://blulab.chpc.utah.edu/ontologies/schema/endo/colonoscopyQuality.owl#Appendix> -> <http://blulab.chpc.utah.edu/ontologies/schema/endo/colonoscopyQuality.owl#Lumen_of_appendix>, <http://blulab.chpc.utah.edu/ontologies/v2/ConText.owl#Lexicon> -> <http://blulab.chpc.utah.edu/ontologies/v2/ConText.owl#Modifier> -> <http://blulab.chpc.utah.edu/ontologies/v2/ConText.owl#SemanticModifier> -> <http://blulab.chpc.utah.edu/ontologies/v2/ConText.owl#BodySite> -> <http://blulab.chpc.utah.edu/ontologies/schema/endo/colonoscopyQuality.owl#Colon_structure> -> <http://blulab.chpc.utah.edu/ontologies/schema/endo/colonoscopyQuality.owl#Appendix> -> <http://blulab.chpc.utah.edu/ontologies/schema/endo/colonoscopyQuality.owl#Lumen_of_appendix>]]

	Modifier: Structure_of_ostium_appendicis_vermiformis, uri=http://blulab.chpc.utah.edu/ontologies/schema/endo/colonoscopyQuality.owl#Structure_of_ostium_appendicis_vermiformis, type= Semantic, classPath= [<http://blulab.chpc.utah.edu/ontologies/v2/ConText.owl#Lexicon> -> <http://blulab.chpc.utah.edu/ontologies/v2/ConText.owl#Modifier> -> <http://blulab.chpc.utah.edu/ontologies/v2/ConText.owl#SemanticModifier> -> <http://blulab.chpc.utah.edu/ontologies/v2/ConText.owl#BodySite> -> <http://blulab.chpc.utah.edu/ontologies/schema/endo/colonoscopyQuality.owl#Colon_structure> -> <http://blulab.chpc.utah.edu/ontologies/schema/endo/colonoscopyQuality.owl#Cecum> -> <http://blulab.chpc.utah.edu/ontologies/schema/endo/colonoscopyQuality.owl#Appendix> -> <http://blulab.chpc.utah.edu/ontologies/schema/endo/colonoscopyQuality.owl#Entire_appendix> -> <http://blulab.chpc.utah.edu/ontologies/schema/endo/colonoscopyQuality.owl#Structure_of_ostium_appendicis_vermiformis>, <http://blulab.chpc.utah.edu/ontologies/v2/ConText.owl#Lexicon> -> <http://blulab.chpc.utah.edu/ontologies/v2/ConText.owl#Modifier> -> <http://blulab.chpc.utah.edu/ontologies/v2/ConText.owl#SemanticModifier> -> <http://blulab.chpc.utah.edu/ontologies/v2/ConText.owl#BodySite> -> <http://blulab.chpc.utah.edu/ontologies/schema/endo/colonoscopyQuality.owl#Colon_structure> -> <http://blulab.chpc.utah.edu/ontologies/schema/endo/colonoscopyQuality.owl#Cecum> -> <http://blulab.chpc.utah.edu/ontologies/schema/endo/colonoscopyQuality.owl#Appendix> -> <http://blulab.chpc.utah.edu/ontologies/schema/endo/colonoscopyQuality.owl#Lumen_of_appendix> -> <http://blulab.chpc.utah.edu/ontologies/schema/endo/colonoscopyQuality.owl#Structure_of_ostium_appendicis_vermiformis>, <http://blulab.chpc.utah.edu/ontologies/v2/ConText.owl#Lexicon> -> <http://blulab.chpc.utah.edu/ontologies/v2/ConText.owl#Modifier> -> <http://blulab.chpc.utah.edu/ontologies/v2/ConText.owl#SemanticModifier> -> <http://blulab.chpc.utah.edu/ontologies/v2/ConText.owl#BodySite> -> <http://blulab.chpc.utah.edu/ontologies/schema/endo/colonoscopyQuality.owl#Colon_structure> -> <http://blulab.chpc.utah.edu/ontologies/schema/endo/colonoscopyQuality.owl#Appendix> -> <http://blulab.chpc.utah.edu/ontologies/schema/endo/colonoscopyQuality.owl#Lumen_of_appendix> -> <http://blulab.chpc.utah.edu/ontologies/schema/endo/colonoscopyQuality.owl#Structure_of_ostium_appendicis_vermiformis>, <http://blulab.chpc.utah.edu/ontologies/v2/ConText.owl#Lexicon> -> <http://blulab.chpc.utah.edu/ontologies/v2/ConText.owl#Modifier> -> <http://blulab.chpc.utah.edu/ontologies/v2/ConText.owl#SemanticModifier> -> <http://blulab.chpc.utah.edu/ontologies/v2/ConText.owl#BodySite> -> <http://blulab.chpc.utah.edu/ontologies/schema/endo/colonoscopyQuality.owl#Colon_structure> -> <http://blulab.chpc.utah.edu/ontologies/schema/endo/colonoscopyQuality.owl#Cecum> -> <http://blulab.chpc.utah.edu/ontologies/schema/endo/colonoscopyQuality.owl#Lumen_of_cecum> -> <http://blulab.chpc.utah.edu/ontologies/schema/endo/colonoscopyQuality.owl#Structure_of_ostium_appendicis_vermiformis>, <http://blulab.chpc.utah.edu/ontologies/v2/ConText.owl#Lexicon> -> <http://blulab.chpc.utah.edu/ontologies/v2/ConText.owl#Modifier> -> <http://blulab.chpc.utah.edu/ontologies/v2/ConText.owl#SemanticModifier> -> <http://blulab.chpc.utah.edu/ontologies/v2/ConText.owl#BodySite> -> <http://blulab.chpc.utah.edu/ontologies/schema/endo/colonoscopyQuality.owl#Colon_structure> -> <http://blulab.chpc.utah.edu/ontologies/schema/endo/colonoscopyQuality.owl#Appendix> -> <http://blulab.chpc.utah.edu/ontologies/schema/endo/colonoscopyQuality.owl#Entire_appendix> -> <http://blulab.chpc.utah.edu/ontologies/schema/endo/colonoscopyQuality.owl#Structure_of_ostium_appendicis_vermiformis>]]

	Modifier: Pelvic_appendix, uri=http://blulab.chpc.utah.edu/ontologies/schema/endo/colonoscopyQuality.owl#Pelvic_appendix, type= Semantic, classPath= [<http://blulab.chpc.utah.edu/ontologies/v2/ConText.owl#Lexicon> -> <http://blulab.chpc.utah.edu/ontologies/v2/ConText.owl#Modifier> -> <http://blulab.chpc.utah.edu/ontologies/v2/ConText.owl#SemanticModifier> -> <http://blulab.chpc.utah.edu/ontologies/v2/ConText.owl#BodySite> -> <http://blulab.chpc.utah.edu/ontologies/schema/endo/colonoscopyQuality.owl#Colon_structure> -> <http://blulab.chpc.utah.edu/ontologies/schema/endo/colonoscopyQuality.owl#Cecum> -> <http://blulab.chpc.utah.edu/ontologies/schema/endo/colonoscopyQuality.owl#Appendix> -> <http://blulab.chpc.utah.edu/ontologies/schema/endo/colonoscopyQuality.owl#Pelvic_appendix>, <http://blulab.chpc.utah.edu/ontologies/v2/ConText.owl#Lexicon> -> <http://blulab.chpc.utah.edu/ontologies/v2/ConText.owl#Modifier> -> <http://blulab.chpc.utah.edu/ontologies/v2/ConText.owl#SemanticModifier> -> <http://blulab.chpc.utah.edu/ontologies/v2/ConText.owl#BodySite> -> <http://blulab.chpc.utah.edu/ontologies/schema/endo/colonoscopyQuality.owl#Colon_structure> -> <http://blulab.chpc.utah.edu/ontologies/schema/endo/colonoscopyQuality.owl#Appendix> -> <http://blulab.chpc.utah.edu/ontologies/schema/endo/colonoscopyQuality.owl#Pelvic_appendix>]]

	Modifier: Proximal_half_of_appendix_structure, uri=http://blulab.chpc.utah.edu/ontologies/schema/endo/colonoscopyQuality.owl#Proximal_half_of_appendix_structure, type= Semantic, classPath= [<http://blulab.chpc.utah.edu/ontologies/v2/ConText.owl#Lexicon> -> <http://blulab.chpc.utah.edu/ontologies/v2/ConText.owl#Modifier> -> <http://blulab.chpc.utah.edu/ontologies/v2/ConText.owl#SemanticModifier> -> <http://blulab.chpc.utah.edu/ontologies/v2/ConText.owl#BodySite> -> <http://blulab.chpc.utah.edu/ontologies/schema/endo/colonoscopyQuality.owl#Colon_structure> -> <http://blulab.chpc.utah.edu/ontologies/schema/endo/colonoscopyQuality.owl#Cecum> -> <http://blulab.chpc.utah.edu/ontologies/schema/endo/colonoscopyQuality.owl#Appendix> -> <http://blulab.chpc.utah.edu/ontologies/schema/endo/colonoscopyQuality.owl#Proximal_half_of_appendix_structure>, <http://blulab.chpc.utah.edu/ontologies/v2/ConText.owl#Lexicon> -> <http://blulab.chpc.utah.edu/ontologies/v2/ConText.owl#Modifier> -> <http://blulab.chpc.utah.edu/ontologies/v2/ConText.owl#SemanticModifier> -> <http://blulab.chpc.utah.edu/ontologies/v2/ConText.owl#BodySite> -> <http://blulab.chpc.utah.edu/ontologies/schema/endo/colonoscopyQuality.owl#Colon_structure> -> <http://blulab.chpc.utah.edu/ontologies/schema/endo/colonoscopyQuality.owl#Appendix> -> <http://blulab.chpc.utah.edu/ontologies/schema/endo/colonoscopyQuality.owl#Proximal_half_of_appendix_structure>]]

	Modifier: Structure_of_retrocecal_appendix, uri=http://blulab.chpc.utah.edu/ontologies/schema/endo/colonoscopyQuality.owl#Structure_of_retrocecal_appendix, type= Semantic, classPath= [<http://blulab.chpc.utah.edu/ontologies/v2/ConText.owl#Lexicon> -> <http://blulab.chpc.utah.edu/ontologies/v2/ConText.owl#Modifier> -> <http://blulab.chpc.utah.edu/ontologies/v2/ConText.owl#SemanticModifier> -> <http://blulab.chpc.utah.edu/ontologies/v2/ConText.owl#BodySite> -> <http://blulab.chpc.utah.edu/ontologies/schema/endo/colonoscopyQuality.owl#Colon_structure> -> <http://blulab.chpc.utah.edu/ontologies/schema/endo/colonoscopyQuality.owl#Cecum> -> <http://blulab.chpc.utah.edu/ontologies/schema/endo/colonoscopyQuality.owl#Appendix> -> <http://blulab.chpc.utah.edu/ontologies/schema/endo/colonoscopyQuality.owl#Structure_of_retrocecal_appendix>, <http://blulab.chpc.utah.edu/ontologies/v2/ConText.owl#Lexicon> -> <http://blulab.chpc.utah.edu/ontologies/v2/ConText.owl#Modifier> -> <http://blulab.chpc.utah.edu/ontologies/v2/ConText.owl#SemanticModifier> -> <http://blulab.chpc.utah.edu/ontologies/v2/ConText.owl#BodySite> -> <http://blulab.chpc.utah.edu/ontologies/schema/endo/colonoscopyQuality.owl#Colon_structure> -> <http://blulab.chpc.utah.edu/ontologies/schema/endo/colonoscopyQuality.owl#Appendix> -> <http://blulab.chpc.utah.edu/ontologies/schema/endo/colonoscopyQuality.owl#Structure_of_retrocecal_appendix>]]

	Modifier: Entire_retrocecal_appendix, uri=http://blulab.chpc.utah.edu/ontologies/schema/endo/colonoscopyQuality.owl#Entire_retrocecal_appendix, type= Semantic, classPath= [<http://blulab.chpc.utah.edu/ontologies/v2/ConText.owl#Lexicon> -> <http://blulab.chpc.utah.edu/ontologies/v2/ConText.owl#Modifier> -> <http://blulab.chpc.utah.edu/ontologies/v2/ConText.owl#SemanticModifier> -> <http://blulab.chpc.utah.edu/ontologies/v2/ConText.owl#BodySite> -> <http://blulab.chpc.utah.edu/ontologies/schema/endo/colonoscopyQuality.owl#Colon_structure> -> <http://blulab.chpc.utah.edu/ontologies/schema/endo/colonoscopyQuality.owl#Cecum> -> <http://blulab.chpc.utah.edu/ontologies/schema/endo/colonoscopyQuality.owl#Appendix> -> <http://blulab.chpc.utah.edu/ontologies/schema/endo/colonoscopyQuality.owl#Structure_of_retrocecal_appendix> -> <http://blulab.chpc.utah.edu/ontologies/schema/endo/colonoscopyQuality.owl#Entire_retrocecal_appendix>, <http://blulab.chpc.utah.edu/ontologies/v2/ConText.owl#Lexicon> -> <http://blulab.chpc.utah.edu/ontologies/v2/ConText.owl#Modifier> -> <http://blulab.chpc.utah.edu/ontologies/v2/ConText.owl#SemanticModifier> -> <http://blulab.chpc.utah.edu/ontologies/v2/ConText.owl#BodySite> -> <http://blulab.chpc.utah.edu/ontologies/schema/endo/colonoscopyQuality.owl#Colon_structure> -> <http://blulab.chpc.utah.edu/ontologies/schema/endo/colonoscopyQuality.owl#Appendix> -> <http://blulab.chpc.utah.edu/ontologies/schema/endo/colonoscopyQuality.owl#Structure_of_retrocecal_appendix> -> <http://blulab.chpc.utah.edu/ontologies/schema/endo/colonoscopyQuality.owl#Entire_retrocecal_appendix>]]

	Modifier: Wall_of_appendix, uri=http://blulab.chpc.utah.edu/ontologies/schema/endo/colonoscopyQuality.owl#Wall_of_appendix, type= Semantic, classPath= [<http://blulab.chpc.utah.edu/ontologies/v2/ConText.owl#Lexicon> -> <http://blulab.chpc.utah.edu/ontologies/v2/ConText.owl#Modifier> -> <http://blulab.chpc.utah.edu/ontologies/v2/ConText.owl#SemanticModifier> -> <http://blulab.chpc.utah.edu/ontologies/v2/ConText.owl#BodySite> -> <http://blulab.chpc.utah.edu/ontologies/schema/endo/colonoscopyQuality.owl#Colon_structure> -> <http://blulab.chpc.utah.edu/ontologies/schema/endo/colonoscopyQuality.owl#Cecum> -> <http://blulab.chpc.utah.edu/ontologies/schema/endo/colonoscopyQuality.owl#Appendix> -> <http://blulab.chpc.utah.edu/ontologies/schema/endo/colonoscopyQuality.owl#Wall_of_appendix>, <http://blulab.chpc.utah.edu/ontologies/v2/ConText.owl#Lexicon> -> <http://blulab.chpc.utah.edu/ontologies/v2/ConText.owl#Modifier> -> <http://blulab.chpc.utah.edu/ontologies/v2/ConText.owl#SemanticModifier> -> <http://blulab.chpc.utah.edu/ontologies/v2/ConText.owl#BodySite> -> <http://blulab.chpc.utah.edu/ontologies/schema/endo/colonoscopyQuality.owl#Colon_structure> -> <http://blulab.chpc.utah.edu/ontologies/schema/endo/colonoscopyQuality.owl#Appendix> -> <http://blulab.chpc.utah.edu/ontologies/schema/endo/colonoscopyQuality.owl#Wall_of_appendix>]]

	Modifier: Appendiceal_mucous_membrane, uri=http://blulab.chpc.utah.edu/ontologies/schema/endo/colonoscopyQuality.owl#Appendiceal_mucous_membrane, type= Semantic, classPath= [<http://blulab.chpc.utah.edu/ontologies/v2/ConText.owl#Lexicon> -> <http://blulab.chpc.utah.edu/ontologies/v2/ConText.owl#Modifier> -> <http://blulab.chpc.utah.edu/ontologies/v2/ConText.owl#SemanticModifier> -> <http://blulab.chpc.utah.edu/ontologies/v2/ConText.owl#BodySite> -> <http://blulab.chpc.utah.edu/ontologies/schema/endo/colonoscopyQuality.owl#Colon_structure> -> <http://blulab.chpc.utah.edu/ontologies/schema/endo/colonoscopyQuality.owl#Cecum> -> <http://blulab.chpc.utah.edu/ontologies/schema/endo/colonoscopyQuality.owl#Appendix> -> <http://blulab.chpc.utah.edu/ontologies/schema/endo/colonoscopyQuality.owl#Entire_appendix> -> <http://blulab.chpc.utah.edu/ontologies/schema/endo/colonoscopyQuality.owl#Appendiceal_mucous_membrane>, <http://blulab.chpc.utah.edu/ontologies/v2/ConText.owl#Lexicon> -> <http://blulab.chpc.utah.edu/ontologies/v2/ConText.owl#Modifier> -> <http://blulab.chpc.utah.edu/ontologies/v2/ConText.owl#SemanticModifier> -> <http://blulab.chpc.utah.edu/ontologies/v2/ConText.owl#BodySite> -> <http://blulab.chpc.utah.edu/ontologies/schema/endo/colonoscopyQuality.owl#Colon_structure> -> <http://blulab.chpc.utah.edu/ontologies/schema/endo/colonoscopyQuality.owl#Cecum> -> <http://blulab.chpc.utah.edu/ontologies/schema/endo/colonoscopyQuality.owl#Appendix> -> <http://blulab.chpc.utah.edu/ontologies/schema/endo/colonoscopyQuality.owl#Wall_of_appendix> -> <http://blulab.chpc.utah.edu/ontologies/schema/endo/colonoscopyQuality.owl#Appendiceal_mucous_membrane>, <http://blulab.chpc.utah.edu/ontologies/v2/ConText.owl#Lexicon> -> <http://blulab.chpc.utah.edu/ontologies/v2/ConText.owl#Modifier> -> <http://blulab.chpc.utah.edu/ontologies/v2/ConText.owl#SemanticModifier> -> <http://blulab.chpc.utah.edu/ontologies/v2/ConText.owl#BodySite> -> <http://blulab.chpc.utah.edu/ontologies/schema/endo/colonoscopyQuality.owl#Colon_structure> -> <http://blulab.chpc.utah.edu/ontologies/schema/endo/colonoscopyQuality.owl#Appendix> -> <http://blulab.chpc.utah.edu/ontologies/schema/endo/colonoscopyQuality.owl#Wall_of_appendix> -> <http://blulab.chpc.utah.edu/ontologies/schema/endo/colonoscopyQuality.owl#Appendiceal_mucous_membrane>, <http://blulab.chpc.utah.edu/ontologies/v2/ConText.owl#Lexicon> -> <http://blulab.chpc.utah.edu/ontologies/v2/ConText.owl#Modifier> -> <http://blulab.chpc.utah.edu/ontologies/v2/ConText.owl#SemanticModifier> -> <http://blulab.chpc.utah.edu/ontologies/v2/ConText.owl#BodySite> -> <http://blulab.chpc.utah.edu/ontologies/schema/endo/colonoscopyQuality.owl#Colon_structure> -> <http://blulab.chpc.utah.edu/ontologies/schema/endo/colonoscopyQuality.owl#Appendix> -> <http://blulab.chpc.utah.edu/ontologies/schema/endo/colonoscopyQuality.owl#Entire_appendix> -> <http://blulab.chpc.utah.edu/ontologies/schema/endo/colonoscopyQuality.owl#Appendiceal_mucous_membrane>]]

	Modifier: Appendiceal_muscularis_propria, uri=http://blulab.chpc.utah.edu/ontologies/schema/endo/colonoscopyQuality.owl#Appendiceal_muscularis_propria, type= Semantic, classPath= [<http://blulab.chpc.utah.edu/ontologies/v2/ConText.owl#Lexicon> -> <http://blulab.chpc.utah.edu/ontologies/v2/ConText.owl#Modifier> -> <http://blulab.chpc.utah.edu/ontologies/v2/ConText.owl#SemanticModifier> -> <http://blulab.chpc.utah.edu/ontologies/v2/ConText.owl#BodySite> -> <http://blulab.chpc.utah.edu/ontologies/schema/endo/colonoscopyQuality.owl#Colon_structure> -> <http://blulab.chpc.utah.edu/ontologies/schema/endo/colonoscopyQuality.owl#Cecum> -> <http://blulab.chpc.utah.edu/ontologies/schema/endo/colonoscopyQuality.owl#Appendix> -> <http://blulab.chpc.utah.edu/ontologies/schema/endo/colonoscopyQuality.owl#Entire_appendix> -> <http://blulab.chpc.utah.edu/ontologies/schema/endo/colonoscopyQuality.owl#Appendiceal_muscularis_propria>, <http://blulab.chpc.utah.edu/ontologies/v2/ConText.owl#Lexicon> -> <http://blulab.chpc.utah.edu/ontologies/v2/ConText.owl#Modifier> -> <http://blulab.chpc.utah.edu/ontologies/v2/ConText.owl#SemanticModifier> -> <http://blulab.chpc.utah.edu/ontologies/v2/ConText.owl#BodySite> -> <http://blulab.chpc.utah.edu/ontologies/schema/endo/colonoscopyQuality.owl#Colon_structure> -> <http://blulab.chpc.utah.edu/ontologies/schema/endo/colonoscopyQuality.owl#Cecum> -> <http://blulab.chpc.utah.edu/ontologies/schema/endo/colonoscopyQuality.owl#Appendix> -> <http://blulab.chpc.utah.edu/ontologies/schema/endo/colonoscopyQuality.owl#Wall_of_appendix> -> <http://blulab.chpc.utah.edu/ontologies/schema/endo/colonoscopyQuality.owl#Appendiceal_muscularis_propria>, <http://blulab.chpc.utah.edu/ontologies/v2/ConText.owl#Lexicon> -> <http://blulab.chpc.utah.edu/ontologies/v2/ConText.owl#Modifier> -> <http://blulab.chpc.utah.edu/ontologies/v2/ConText.owl#SemanticModifier> -> <http://blulab.chpc.utah.edu/ontologies/v2/ConText.owl#BodySite> -> <http://blulab.chpc.utah.edu/ontologies/schema/endo/colonoscopyQuality.owl#Colon_structure> -> <http://blulab.chpc.utah.edu/ontologies/schema/endo/colonoscopyQuality.owl#Appendix> -> <http://blulab.chpc.utah.edu/ontologies/schema/endo/colonoscopyQuality.owl#Wall_of_appendix> -> <http://blulab.chpc.utah.edu/ontologies/schema/endo/colonoscopyQuality.owl#Appendiceal_muscularis_propria>, <http://blulab.chpc.utah.edu/ontologies/v2/ConText.owl#Lexicon> -> <http://blulab.chpc.utah.edu/ontologies/v2/ConText.owl#Modifier> -> <http://blulab.chpc.utah.edu/ontologies/v2/ConText.owl#SemanticModifier> -> <http://blulab.chpc.utah.edu/ontologies/v2/ConText.owl#BodySite> -> <http://blulab.chpc.utah.edu/ontologies/schema/endo/colonoscopyQuality.owl#Colon_structure> -> <http://blulab.chpc.utah.edu/ontologies/schema/endo/colonoscopyQuality.owl#Appendix> -> <http://blulab.chpc.utah.edu/ontologies/schema/endo/colonoscopyQuality.owl#Entire_appendix> -> <http://blulab.chpc.utah.edu/ontologies/schema/endo/colonoscopyQuality.owl#Appendiceal_muscularis_propria>]]

	Modifier: Appendiceal_serosa, uri=http://blulab.chpc.utah.edu/ontologies/schema/endo/colonoscopyQuality.owl#Appendiceal_serosa, type= Semantic, classPath= [<http://blulab.chpc.utah.edu/ontologies/v2/ConText.owl#Lexicon> -> <http://blulab.chpc.utah.edu/ontologies/v2/ConText.owl#Modifier> -> <http://blulab.chpc.utah.edu/ontologies/v2/ConText.owl#SemanticModifier> -> <http://blulab.chpc.utah.edu/ontologies/v2/ConText.owl#BodySite> -> <http://blulab.chpc.utah.edu/ontologies/schema/endo/colonoscopyQuality.owl#Colon_structure> -> <http://blulab.chpc.utah.edu/ontologies/schema/endo/colonoscopyQuality.owl#Cecum> -> <http://blulab.chpc.utah.edu/ontologies/schema/endo/colonoscopyQuality.owl#Appendix> -> <http://blulab.chpc.utah.edu/ontologies/schema/endo/colonoscopyQuality.owl#Entire_appendix> -> <http://blulab.chpc.utah.edu/ontologies/schema/endo/colonoscopyQuality.owl#Appendiceal_serosa>, <http://blulab.chpc.utah.edu/ontologies/v2/ConText.owl#Lexicon> -> <http://blulab.chpc.utah.edu/ontologies/v2/ConText.owl#Modifier> -> <http://blulab.chpc.utah.edu/ontologies/v2/ConText.owl#SemanticModifier> -> <http://blulab.chpc.utah.edu/ontologies/v2/ConText.owl#BodySite> -> <http://blulab.chpc.utah.edu/ontologies/schema/endo/colonoscopyQuality.owl#Colon_structure> -> <http://blulab.chpc.utah.edu/ontologies/schema/endo/colonoscopyQuality.owl#Cecum> -> <http://blulab.chpc.utah.edu/ontologies/schema/endo/colonoscopyQuality.owl#Appendix> -> <http://blulab.chpc.utah.edu/ontologies/schema/endo/colonoscopyQuality.owl#Wall_of_appendix> -> <http://blulab.chpc.utah.edu/ontologies/schema/endo/colonoscopyQuality.owl#Appendiceal_serosa>, <http://blulab.chpc.utah.edu/ontologies/v2/ConText.owl#Lexicon> -> <http://blulab.chpc.utah.edu/ontologies/v2/ConText.owl#Modifier> -> <http://blulab.chpc.utah.edu/ontologies/v2/ConText.owl#SemanticModifier> -> <http://blulab.chpc.utah.edu/ontologies/v2/ConText.owl#BodySite> -> <http://blulab.chpc.utah.edu/ontologies/schema/endo/colonoscopyQuality.owl#Colon_structure> -> <http://blulab.chpc.utah.edu/ontologies/schema/endo/colonoscopyQuality.owl#Appendix> -> <http://blulab.chpc.utah.edu/ontologies/schema/endo/colonoscopyQuality.owl#Wall_of_appendix> -> <http://blulab.chpc.utah.edu/ontologies/schema/endo/colonoscopyQuality.owl#Appendiceal_serosa>, <http://blulab.chpc.utah.edu/ontologies/v2/ConText.owl#Lexicon> -> <http://blulab.chpc.utah.edu/ontologies/v2/ConText.owl#Modifier> -> <http://blulab.chpc.utah.edu/ontologies/v2/ConText.owl#SemanticModifier> -> <http://blulab.chpc.utah.edu/ontologies/v2/ConText.owl#BodySite> -> <http://blulab.chpc.utah.edu/ontologies/schema/endo/colonoscopyQuality.owl#Colon_structure> -> <http://blulab.chpc.utah.edu/ontologies/schema/endo/colonoscopyQuality.owl#Appendix> -> <http://blulab.chpc.utah.edu/ontologies/schema/endo/colonoscopyQuality.owl#Entire_appendix> -> <http://blulab.chpc.utah.edu/ontologies/schema/endo/colonoscopyQuality.owl#Appendiceal_serosa>]]

	Modifier: Appendiceal_submucosa, uri=http://blulab.chpc.utah.edu/ontologies/schema/endo/colonoscopyQuality.owl#Appendiceal_submucosa, type= Semantic, classPath= [<http://blulab.chpc.utah.edu/ontologies/v2/ConText.owl#Lexicon> -> <http://blulab.chpc.utah.edu/ontologies/v2/ConText.owl#Modifier> -> <http://blulab.chpc.utah.edu/ontologies/v2/ConText.owl#SemanticModifier> -> <http://blulab.chpc.utah.edu/ontologies/v2/ConText.owl#BodySite> -> <http://blulab.chpc.utah.edu/ontologies/schema/endo/colonoscopyQuality.owl#Colon_structure> -> <http://blulab.chpc.utah.edu/ontologies/schema/endo/colonoscopyQuality.owl#Cecum> -> <http://blulab.chpc.utah.edu/ontologies/schema/endo/colonoscopyQuality.owl#Appendix> -> <http://blulab.chpc.utah.edu/ontologies/schema/endo/colonoscopyQuality.owl#Entire_appendix> -> <http://blulab.chpc.utah.edu/ontologies/schema/endo/colonoscopyQuality.owl#Appendiceal_submucosa>, <http://blulab.chpc.utah.edu/ontologies/v2/ConText.owl#Lexicon> -> <http://blulab.chpc.utah.edu/ontologies/v2/ConText.owl#Modifier> -> <http://blulab.chpc.utah.edu/ontologies/v2/ConText.owl#SemanticModifier> -> <http://blulab.chpc.utah.edu/ontologies/v2/ConText.owl#BodySite> -> <http://blulab.chpc.utah.edu/ontologies/schema/endo/colonoscopyQuality.owl#Colon_structure> -> <http://blulab.chpc.utah.edu/ontologies/schema/endo/colonoscopyQuality.owl#Cecum> -> <http://blulab.chpc.utah.edu/ontologies/schema/endo/colonoscopyQuality.owl#Appendix> -> <http://blulab.chpc.utah.edu/ontologies/schema/endo/colonoscopyQuality.owl#Wall_of_appendix> -> <http://blulab.chpc.utah.edu/ontologies/schema/endo/colonoscopyQuality.owl#Appendiceal_submucosa>, <http://blulab.chpc.utah.edu/ontologies/v2/ConText.owl#Lexicon> -> <http://blulab.chpc.utah.edu/ontologies/v2/ConText.owl#Modifier> -> <http://blulab.chpc.utah.edu/ontologies/v2/ConText.owl#SemanticModifier> -> <http://blulab.chpc.utah.edu/ontologies/v2/ConText.owl#BodySite> -> <http://blulab.chpc.utah.edu/ontologies/schema/endo/colonoscopyQuality.owl#Colon_structure> -> <http://blulab.chpc.utah.edu/ontologies/schema/endo/colonoscopyQuality.owl#Appendix> -> <http://blulab.chpc.utah.edu/ontologies/schema/endo/colonoscopyQuality.owl#Wall_of_appendix> -> <http://blulab.chpc.utah.edu/ontologies/schema/endo/colonoscopyQuality.owl#Appendiceal_submucosa>, <http://blulab.chpc.utah.edu/ontologies/v2/ConText.owl#Lexicon> -> <http://blulab.chpc.utah.edu/ontologies/v2/ConText.owl#Modifier> -> <http://blulab.chpc.utah.edu/ontologies/v2/ConText.owl#SemanticModifier> -> <http://blulab.chpc.utah.edu/ontologies/v2/ConText.owl#BodySite> -> <http://blulab.chpc.utah.edu/ontologies/schema/endo/colonoscopyQuality.owl#Colon_structure> -> <http://blulab.chpc.utah.edu/ontologies/schema/endo/colonoscopyQuality.owl#Appendix> -> <http://blulab.chpc.utah.edu/ontologies/schema/endo/colonoscopyQuality.owl#Entire_appendix> -> <http://blulab.chpc.utah.edu/ontologies/schema/endo/colonoscopyQuality.owl#Appendiceal_submucosa>]]

	Modifier: Appendiceal_subserosa, uri=http://blulab.chpc.utah.edu/ontologies/schema/endo/colonoscopyQuality.owl#Appendiceal_subserosa, type= Semantic, classPath= [<http://blulab.chpc.utah.edu/ontologies/v2/ConText.owl#Lexicon> -> <http://blulab.chpc.utah.edu/ontologies/v2/ConText.owl#Modifier> -> <http://blulab.chpc.utah.edu/ontologies/v2/ConText.owl#SemanticModifier> -> <http://blulab.chpc.utah.edu/ontologies/v2/ConText.owl#BodySite> -> <http://blulab.chpc.utah.edu/ontologies/schema/endo/colonoscopyQuality.owl#Colon_structure> -> <http://blulab.chpc.utah.edu/ontologies/schema/endo/colonoscopyQuality.owl#Cecum> -> <http://blulab.chpc.utah.edu/ontologies/schema/endo/colonoscopyQuality.owl#Appendix> -> <http://blulab.chpc.utah.edu/ontologies/schema/endo/colonoscopyQuality.owl#Entire_appendix> -> <http://blulab.chpc.utah.edu/ontologies/schema/endo/colonoscopyQuality.owl#Appendiceal_subserosa>, <http://blulab.chpc.utah.edu/ontologies/v2/ConText.owl#Lexicon> -> <http://blulab.chpc.utah.edu/ontologies/v2/ConText.owl#Modifier> -> <http://blulab.chpc.utah.edu/ontologies/v2/ConText.owl#SemanticModifier> -> <http://blulab.chpc.utah.edu/ontologies/v2/ConText.owl#BodySite> -> <http://blulab.chpc.utah.edu/ontologies/schema/endo/colonoscopyQuality.owl#Colon_structure> -> <http://blulab.chpc.utah.edu/ontologies/schema/endo/colonoscopyQuality.owl#Cecum> -> <http://blulab.chpc.utah.edu/ontologies/schema/endo/colonoscopyQuality.owl#Appendix> -> <http://blulab.chpc.utah.edu/ontologies/schema/endo/colonoscopyQuality.owl#Wall_of_appendix> -> <http://blulab.chpc.utah.edu/ontologies/schema/endo/colonoscopyQuality.owl#Appendiceal_subserosa>, <http://blulab.chpc.utah.edu/ontologies/v2/ConText.owl#Lexicon> -> <http://blulab.chpc.utah.edu/ontologies/v2/ConText.owl#Modifier> -> <http://blulab.chpc.utah.edu/ontologies/v2/ConText.owl#SemanticModifier> -> <http://blulab.chpc.utah.edu/ontologies/v2/ConText.owl#BodySite> -> <http://blulab.chpc.utah.edu/ontologies/schema/endo/colonoscopyQuality.owl#Colon_structure> -> <http://blulab.chpc.utah.edu/ontologies/schema/endo/colonoscopyQuality.owl#Appendix> -> <http://blulab.chpc.utah.edu/ontologies/schema/endo/colonoscopyQuality.owl#Wall_of_appendix> -> <http://blulab.chpc.utah.edu/ontologies/schema/endo/colonoscopyQuality.owl#Appendiceal_subserosa>, <http://blulab.chpc.utah.edu/ontologies/v2/ConText.owl#Lexicon> -> <http://blulab.chpc.utah.edu/ontologies/v2/ConText.owl#Modifier> -> <http://blulab.chpc.utah.edu/ontologies/v2/ConText.owl#SemanticModifier> -> <http://blulab.chpc.utah.edu/ontologies/v2/ConText.owl#BodySite> -> <http://blulab.chpc.utah.edu/ontologies/schema/endo/colonoscopyQuality.owl#Colon_structure> -> <http://blulab.chpc.utah.edu/ontologies/schema/endo/colonoscopyQuality.owl#Appendix> -> <http://blulab.chpc.utah.edu/ontologies/schema/endo/colonoscopyQuality.owl#Entire_appendix> -> <http://blulab.chpc.utah.edu/ontologies/schema/endo/colonoscopyQuality.owl#Appendiceal_subserosa>]]

	Modifier: Ascending_colon, uri=http://blulab.chpc.utah.edu/ontologies/schema/endo/colonoscopyQuality.owl#Ascending_colon, type= Semantic, classPath= [<http://blulab.chpc.utah.edu/ontologies/v2/ConText.owl#Lexicon> -> <http://blulab.chpc.utah.edu/ontologies/v2/ConText.owl#Modifier> -> <http://blulab.chpc.utah.edu/ontologies/v2/ConText.owl#SemanticModifier> -> <http://blulab.chpc.utah.edu/ontologies/v2/ConText.owl#BodySite> -> <http://blulab.chpc.utah.edu/ontologies/schema/endo/colonoscopyQuality.owl#Colon_structure> -> <http://blulab.chpc.utah.edu/ontologies/schema/endo/colonoscopyQuality.owl#Ascending_colon>, <http://blulab.chpc.utah.edu/ontologies/v2/ConText.owl#Lexicon> -> <http://blulab.chpc.utah.edu/ontologies/v2/ConText.owl#Modifier> -> <http://blulab.chpc.utah.edu/ontologies/v2/ConText.owl#SemanticModifier> -> <http://blulab.chpc.utah.edu/ontologies/v2/ConText.owl#BodySite> -> <http://blulab.chpc.utah.edu/ontologies/schema/endo/colonoscopyQuality.owl#Colon_structure> -> <http://blulab.chpc.utah.edu/ontologies/schema/endo/colonoscopyQuality.owl#Entire_colon> -> <http://blulab.chpc.utah.edu/ontologies/schema/endo/colonoscopyQuality.owl#Right_colon> -> <http://blulab.chpc.utah.edu/ontologies/schema/endo/colonoscopyQuality.owl#Entire_right_colon> -> <http://blulab.chpc.utah.edu/ontologies/schema/endo/colonoscopyQuality.owl#Ascending_colon>, <http://blulab.chpc.utah.edu/ontologies/v2/ConText.owl#Lexicon> -> <http://blulab.chpc.utah.edu/ontologies/v2/ConText.owl#Modifier> -> <http://blulab.chpc.utah.edu/ontologies/v2/ConText.owl#SemanticModifier> -> <http://blulab.chpc.utah.edu/ontologies/v2/ConText.owl#BodySite> -> <http://blulab.chpc.utah.edu/ontologies/schema/endo/colonoscopyQuality.owl#Colon_structure> -> <http://blulab.chpc.utah.edu/ontologies/schema/endo/colonoscopyQuality.owl#Entire_colon> -> <http://blulab.chpc.utah.edu/ontologies/schema/endo/colonoscopyQuality.owl#Entire_right_colon> -> <http://blulab.chpc.utah.edu/ontologies/schema/endo/colonoscopyQuality.owl#Ascending_colon>, <http://blulab.chpc.utah.edu/ontologies/v2/ConText.owl#Lexicon> -> <http://blulab.chpc.utah.edu/ontologies/v2/ConText.owl#Modifier> -> <http://blulab.chpc.utah.edu/ontologies/v2/ConText.owl#SemanticModifier> -> <http://blulab.chpc.utah.edu/ontologies/v2/ConText.owl#BodySite> -> <http://blulab.chpc.utah.edu/ontologies/schema/endo/colonoscopyQuality.owl#Colon_structure> -> <http://blulab.chpc.utah.edu/ontologies/schema/endo/colonoscopyQuality.owl#Region_of_colon> -> <http://blulab.chpc.utah.edu/ontologies/schema/endo/colonoscopyQuality.owl#Ascending_colon>, <http://blulab.chpc.utah.edu/ontologies/v2/ConText.owl#Lexicon> -> <http://blulab.chpc.utah.edu/ontologies/v2/ConText.owl#Modifier> -> <http://blulab.chpc.utah.edu/ontologies/v2/ConText.owl#SemanticModifier> -> <http://blulab.chpc.utah.edu/ontologies/v2/ConText.owl#BodySite> -> <http://blulab.chpc.utah.edu/ontologies/schema/endo/colonoscopyQuality.owl#Colon_structure> -> <http://blulab.chpc.utah.edu/ontologies/schema/endo/colonoscopyQuality.owl#Entire_colon> -> <http://blulab.chpc.utah.edu/ontologies/schema/endo/colonoscopyQuality.owl#Right_colon> -> <http://blulab.chpc.utah.edu/ontologies/schema/endo/colonoscopyQuality.owl#Ascending_colon>]]

	Modifier: Ascending_colon_proper, uri=http://blulab.chpc.utah.edu/ontologies/schema/endo/colonoscopyQuality.owl#Ascending_colon_proper, type= Semantic, classPath= [<http://blulab.chpc.utah.edu/ontologies/v2/ConText.owl#Lexicon> -> <http://blulab.chpc.utah.edu/ontologies/v2/ConText.owl#Modifier> -> <http://blulab.chpc.utah.edu/ontologies/v2/ConText.owl#SemanticModifier> -> <http://blulab.chpc.utah.edu/ontologies/v2/ConText.owl#BodySite> -> <http://blulab.chpc.utah.edu/ontologies/schema/endo/colonoscopyQuality.owl#Colon_structure> -> <http://blulab.chpc.utah.edu/ontologies/schema/endo/colonoscopyQuality.owl#Ascending_colon> -> <http://blulab.chpc.utah.edu/ontologies/schema/endo/colonoscopyQuality.owl#Ascending_colon_proper>, <http://blulab.chpc.utah.edu/ontologies/v2/ConText.owl#Lexicon> -> <http://blulab.chpc.utah.edu/ontologies/v2/ConText.owl#Modifier> -> <http://blulab.chpc.utah.edu/ontologies/v2/ConText.owl#SemanticModifier> -> <http://blulab.chpc.utah.edu/ontologies/v2/ConText.owl#BodySite> -> <http://blulab.chpc.utah.edu/ontologies/schema/endo/colonoscopyQuality.owl#Colon_structure> -> <http://blulab.chpc.utah.edu/ontologies/schema/endo/colonoscopyQuality.owl#Entire_colon> -> <http://blulab.chpc.utah.edu/ontologies/schema/endo/colonoscopyQuality.owl#Right_colon> -> <http://blulab.chpc.utah.edu/ontologies/schema/endo/colonoscopyQuality.owl#Entire_right_colon> -> <http://blulab.chpc.utah.edu/ontologies/schema/endo/colonoscopyQuality.owl#Ascending_colon> -> <http://blulab.chpc.utah.edu/ontologies/schema/endo/colonoscopyQuality.owl#Ascending_colon_proper>, <http://blulab.chpc.utah.edu/ontologies/v2/ConText.owl#Lexicon> -> <http://blulab.chpc.utah.edu/ontologies/v2/ConText.owl#Modifier> -> <http://blulab.chpc.utah.edu/ontologies/v2/ConText.owl#SemanticModifier> -> <http://blulab.chpc.utah.edu/ontologies/v2/ConText.owl#BodySite> -> <http://blulab.chpc.utah.edu/ontologies/schema/endo/colonoscopyQuality.owl#Colon_structure> -> <http://blulab.chpc.utah.edu/ontologies/schema/endo/colonoscopyQuality.owl#Entire_colon> -> <http://blulab.chpc.utah.edu/ontologies/schema/endo/colonoscopyQuality.owl#Entire_right_colon> -> <http://blulab.chpc.utah.edu/ontologies/schema/endo/colonoscopyQuality.owl#Ascending_colon> -> <http://blulab.chpc.utah.edu/ontologies/schema/endo/colonoscopyQuality.owl#Ascending_colon_proper>, <http://blulab.chpc.utah.edu/ontologies/v2/ConText.owl#Lexicon> -> <http://blulab.chpc.utah.edu/ontologies/v2/ConText.owl#Modifier> -> <http://blulab.chpc.utah.edu/ontologies/v2/ConText.owl#SemanticModifier> -> <http://blulab.chpc.utah.edu/ontologies/v2/ConText.owl#BodySite> -> <http://blulab.chpc.utah.edu/ontologies/schema/endo/colonoscopyQuality.owl#Colon_structure> -> <http://blulab.chpc.utah.edu/ontologies/schema/endo/colonoscopyQuality.owl#Region_of_colon> -> <http://blulab.chpc.utah.edu/ontologies/schema/endo/colonoscopyQuality.owl#Ascending_colon> -> <http://blulab.chpc.utah.edu/ontologies/schema/endo/colonoscopyQuality.owl#Ascending_colon_proper>, <http://blulab.chpc.utah.edu/ontologies/v2/ConText.owl#Lexicon> -> <http://blulab.chpc.utah.edu/ontologies/v2/ConText.owl#Modifier> -> <http://blulab.chpc.utah.edu/ontologies/v2/ConText.owl#SemanticModifier> -> <http://blulab.chpc.utah.edu/ontologies/v2/ConText.owl#BodySite> -> <http://blulab.chpc.utah.edu/ontologies/schema/endo/colonoscopyQuality.owl#Colon_structure> -> <http://blulab.chpc.utah.edu/ontologies/schema/endo/colonoscopyQuality.owl#Entire_colon> -> <http://blulab.chpc.utah.edu/ontologies/schema/endo/colonoscopyQuality.owl#Right_colon> -> <http://blulab.chpc.utah.edu/ontologies/schema/endo/colonoscopyQuality.owl#Ascending_colon> -> <http://blulab.chpc.utah.edu/ontologies/schema/endo/colonoscopyQuality.owl#Ascending_colon_proper>]]

	Modifier: Distal_part_of_ascending_colon, uri=http://blulab.chpc.utah.edu/ontologies/schema/endo/colonoscopyQuality.owl#Distal_part_of_ascending_colon, type= Semantic, classPath= [<http://blulab.chpc.utah.edu/ontologies/v2/ConText.owl#Lexicon> -> <http://blulab.chpc.utah.edu/ontologies/v2/ConText.owl#Modifier> -> <http://blulab.chpc.utah.edu/ontologies/v2/ConText.owl#SemanticModifier> -> <http://blulab.chpc.utah.edu/ontologies/v2/ConText.owl#BodySite> -> <http://blulab.chpc.utah.edu/ontologies/schema/endo/colonoscopyQuality.owl#Colon_structure> -> <http://blulab.chpc.utah.edu/ontologies/schema/endo/colonoscopyQuality.owl#Ascending_colon> -> <http://blulab.chpc.utah.edu/ontologies/schema/endo/colonoscopyQuality.owl#Distal_part_of_ascending_colon>, <http://blulab.chpc.utah.edu/ontologies/v2/ConText.owl#Lexicon> -> <http://blulab.chpc.utah.edu/ontologies/v2/ConText.owl#Modifier> -> <http://blulab.chpc.utah.edu/ontologies/v2/ConText.owl#SemanticModifier> -> <http://blulab.chpc.utah.edu/ontologies/v2/ConText.owl#BodySite> -> <http://blulab.chpc.utah.edu/ontologies/schema/endo/colonoscopyQuality.owl#Colon_structure> -> <http://blulab.chpc.utah.edu/ontologies/schema/endo/colonoscopyQuality.owl#Entire_colon> -> <http://blulab.chpc.utah.edu/ontologies/schema/endo/colonoscopyQuality.owl#Right_colon> -> <http://blulab.chpc.utah.edu/ontologies/schema/endo/colonoscopyQuality.owl#Entire_right_colon> -> <http://blulab.chpc.utah.edu/ontologies/schema/endo/colonoscopyQuality.owl#Ascending_colon> -> <http://blulab.chpc.utah.edu/ontologies/schema/endo/colonoscopyQuality.owl#Distal_part_of_ascending_colon>, <http://blulab.chpc.utah.edu/ontologies/v2/ConText.owl#Lexicon> -> <http://blulab.chpc.utah.edu/ontologies/v2/ConText.owl#Modifier> -> <http://blulab.chpc.utah.edu/ontologies/v2/ConText.owl#SemanticModifier> -> <http://blulab.chpc.utah.edu/ontologies/v2/ConText.owl#BodySite> -> <http://blulab.chpc.utah.edu/ontologies/schema/endo/colonoscopyQuality.owl#Colon_structure> -> <http://blulab.chpc.utah.edu/ontologies/schema/endo/colonoscopyQuality.owl#Entire_colon> -> <http://blulab.chpc.utah.edu/ontologies/schema/endo/colonoscopyQuality.owl#Entire_right_colon> -> <http://blulab.chpc.utah.edu/ontologies/schema/endo/colonoscopyQuality.owl#Ascending_colon> -> <http://blulab.chpc.utah.edu/ontologies/schema/endo/colonoscopyQuality.owl#Distal_part_of_ascending_colon>, <http://blulab.chpc.utah.edu/ontologies/v2/ConText.owl#Lexicon> -> <http://blulab.chpc.utah.edu/ontologies/v2/ConText.owl#Modifier> -> <http://blulab.chpc.utah.edu/ontologies/v2/ConText.owl#SemanticModifier> -> <http://blulab.chpc.utah.edu/ontologies/v2/ConText.owl#BodySite> -> <http://blulab.chpc.utah.edu/ontologies/schema/endo/colonoscopyQuality.owl#Colon_structure> -> <http://blulab.chpc.utah.edu/ontologies/schema/endo/colonoscopyQuality.owl#Region_of_colon> -> <http://blulab.chpc.utah.edu/ontologies/schema/endo/colonoscopyQuality.owl#Ascending_colon> -> <http://blulab.chpc.utah.edu/ontologies/schema/endo/colonoscopyQuality.owl#Distal_part_of_ascending_colon>, <http://blulab.chpc.utah.edu/ontologies/v2/ConText.owl#Lexicon> -> <http://blulab.chpc.utah.edu/ontologies/v2/ConText.owl#Modifier> -> <http://blulab.chpc.utah.edu/ontologies/v2/ConText.owl#SemanticModifier> -> <http://blulab.chpc.utah.edu/ontologies/v2/ConText.owl#BodySite> -> <http://blulab.chpc.utah.edu/ontologies/schema/endo/colonoscopyQuality.owl#Colon_structure> -> <http://blulab.chpc.utah.edu/ontologies/schema/endo/colonoscopyQuality.owl#Entire_colon> -> <http://blulab.chpc.utah.edu/ontologies/schema/endo/colonoscopyQuality.owl#Right_colon> -> <http://blulab.chpc.utah.edu/ontologies/schema/endo/colonoscopyQuality.owl#Ascending_colon> -> <http://blulab.chpc.utah.edu/ontologies/schema/endo/colonoscopyQuality.owl#Distal_part_of_ascending_colon>]]

	Modifier: Entire_ascending_colon, uri=http://blulab.chpc.utah.edu/ontologies/schema/endo/colonoscopyQuality.owl#Entire_ascending_colon, type= Semantic, classPath= [<http://blulab.chpc.utah.edu/ontologies/v2/ConText.owl#Lexicon> -> <http://blulab.chpc.utah.edu/ontologies/v2/ConText.owl#Modifier> -> <http://blulab.chpc.utah.edu/ontologies/v2/ConText.owl#SemanticModifier> -> <http://blulab.chpc.utah.edu/ontologies/v2/ConText.owl#BodySite> -> <http://blulab.chpc.utah.edu/ontologies/schema/endo/colonoscopyQuality.owl#Colon_structure> -> <http://blulab.chpc.utah.edu/ontologies/schema/endo/colonoscopyQuality.owl#Ascending_colon> -> <http://blulab.chpc.utah.edu/ontologies/schema/endo/colonoscopyQuality.owl#Entire_ascending_colon>, <http://blulab.chpc.utah.edu/ontologies/v2/ConText.owl#Lexicon> -> <http://blulab.chpc.utah.edu/ontologies/v2/ConText.owl#Modifier> -> <http://blulab.chpc.utah.edu/ontologies/v2/ConText.owl#SemanticModifier> -> <http://blulab.chpc.utah.edu/ontologies/v2/ConText.owl#BodySite> -> <http://blulab.chpc.utah.edu/ontologies/schema/endo/colonoscopyQuality.owl#Colon_structure> -> <http://blulab.chpc.utah.edu/ontologies/schema/endo/colonoscopyQuality.owl#Entire_colon> -> <http://blulab.chpc.utah.edu/ontologies/schema/endo/colonoscopyQuality.owl#Right_colon> -> <http://blulab.chpc.utah.edu/ontologies/schema/endo/colonoscopyQuality.owl#Entire_right_colon> -> <http://blulab.chpc.utah.edu/ontologies/schema/endo/colonoscopyQuality.owl#Ascending_colon> -> <http://blulab.chpc.utah.edu/ontologies/schema/endo/colonoscopyQuality.owl#Entire_ascending_colon>, <http://blulab.chpc.utah.edu/ontologies/v2/ConText.owl#Lexicon> -> <http://blulab.chpc.utah.edu/ontologies/v2/ConText.owl#Modifier> -> <http://blulab.chpc.utah.edu/ontologies/v2/ConText.owl#SemanticModifier> -> <http://blulab.chpc.utah.edu/ontologies/v2/ConText.owl#BodySite> -> <http://blulab.chpc.utah.edu/ontologies/schema/endo/colonoscopyQuality.owl#Colon_structure> -> <http://blulab.chpc.utah.edu/ontologies/schema/endo/colonoscopyQuality.owl#Entire_colon> -> <http://blulab.chpc.utah.edu/ontologies/schema/endo/colonoscopyQuality.owl#Entire_right_colon> -> <http://blulab.chpc.utah.edu/ontologies/schema/endo/colonoscopyQuality.owl#Ascending_colon> -> <http://blulab.chpc.utah.edu/ontologies/schema/endo/colonoscopyQuality.owl#Entire_ascending_colon>, <http://blulab.chpc.utah.edu/ontologies/v2/ConText.owl#Lexicon> -> <http://blulab.chpc.utah.edu/ontologies/v2/ConText.owl#Modifier> -> <http://blulab.chpc.utah.edu/ontologies/v2/ConText.owl#SemanticModifier> -> <http://blulab.chpc.utah.edu/ontologies/v2/ConText.owl#BodySite> -> <http://blulab.chpc.utah.edu/ontologies/schema/endo/colonoscopyQuality.owl#Colon_structure> -> <http://blulab.chpc.utah.edu/ontologies/schema/endo/colonoscopyQuality.owl#Region_of_colon> -> <http://blulab.chpc.utah.edu/ontologies/schema/endo/colonoscopyQuality.owl#Ascending_colon> -> <http://blulab.chpc.utah.edu/ontologies/schema/endo/colonoscopyQuality.owl#Entire_ascending_colon>, <http://blulab.chpc.utah.edu/ontologies/v2/ConText.owl#Lexicon> -> <http://blulab.chpc.utah.edu/ontologies/v2/ConText.owl#Modifier> -> <http://blulab.chpc.utah.edu/ontologies/v2/ConText.owl#SemanticModifier> -> <http://blulab.chpc.utah.edu/ontologies/v2/ConText.owl#BodySite> -> <http://blulab.chpc.utah.edu/ontologies/schema/endo/colonoscopyQuality.owl#Colon_structure> -> <http://blulab.chpc.utah.edu/ontologies/schema/endo/colonoscopyQuality.owl#Entire_colon> -> <http://blulab.chpc.utah.edu/ontologies/schema/endo/colonoscopyQuality.owl#Right_colon> -> <http://blulab.chpc.utah.edu/ontologies/schema/endo/colonoscopyQuality.owl#Ascending_colon> -> <http://blulab.chpc.utah.edu/ontologies/schema/endo/colonoscopyQuality.owl#Entire_ascending_colon>]]

	Modifier: Hepatic_flexure_of_colon, uri=http://blulab.chpc.utah.edu/ontologies/schema/endo/colonoscopyQuality.owl#Hepatic_flexure_of_colon, type= Semantic, classPath= [<http://blulab.chpc.utah.edu/ontologies/v2/ConText.owl#Lexicon> -> <http://blulab.chpc.utah.edu/ontologies/v2/ConText.owl#Modifier> -> <http://blulab.chpc.utah.edu/ontologies/v2/ConText.owl#SemanticModifier> -> <http://blulab.chpc.utah.edu/ontologies/v2/ConText.owl#BodySite> -> <http://blulab.chpc.utah.edu/ontologies/schema/endo/colonoscopyQuality.owl#Colon_structure> -> <http://blulab.chpc.utah.edu/ontologies/schema/endo/colonoscopyQuality.owl#Ascending_colon> -> <http://blulab.chpc.utah.edu/ontologies/schema/endo/colonoscopyQuality.owl#Hepatic_flexure_of_colon>, <http://blulab.chpc.utah.edu/ontologies/v2/ConText.owl#Lexicon> -> <http://blulab.chpc.utah.edu/ontologies/v2/ConText.owl#Modifier> -> <http://blulab.chpc.utah.edu/ontologies/v2/ConText.owl#SemanticModifier> -> <http://blulab.chpc.utah.edu/ontologies/v2/ConText.owl#BodySite> -> <http://blulab.chpc.utah.edu/ontologies/schema/endo/colonoscopyQuality.owl#Colon_structure> -> <http://blulab.chpc.utah.edu/ontologies/schema/endo/colonoscopyQuality.owl#Ascending_colon> -> <http://blulab.chpc.utah.edu/ontologies/schema/endo/colonoscopyQuality.owl#Entire_ascending_colon> -> <http://blulab.chpc.utah.edu/ontologies/schema/endo/colonoscopyQuality.owl#Hepatic_flexure_of_colon>, <http://blulab.chpc.utah.edu/ontologies/v2/ConText.owl#Lexicon> -> <http://blulab.chpc.utah.edu/ontologies/v2/ConText.owl#Modifier> -> <http://blulab.chpc.utah.edu/ontologies/v2/ConText.owl#SemanticModifier> -> <http://blulab.chpc.utah.edu/ontologies/v2/ConText.owl#BodySite> -> <http://blulab.chpc.utah.edu/ontologies/schema/endo/colonoscopyQuality.owl#Colon_structure> -> <http://blulab.chpc.utah.edu/ontologies/schema/endo/colonoscopyQuality.owl#Entire_colon> -> <http://blulab.chpc.utah.edu/ontologies/schema/endo/colonoscopyQuality.owl#Right_colon> -> <http://blulab.chpc.utah.edu/ontologies/schema/endo/colonoscopyQuality.owl#Entire_right_colon> -> <http://blulab.chpc.utah.edu/ontologies/schema/endo/colonoscopyQuality.owl#Ascending_colon> -> <http://blulab.chpc.utah.edu/ontologies/schema/endo/colonoscopyQuality.owl#Entire_ascending_colon> -> <http://blulab.chpc.utah.edu/ontologies/schema/endo/colonoscopyQuality.owl#Hepatic_flexure_of_colon>, <http://blulab.chpc.utah.edu/ontologies/v2/ConText.owl#Lexicon> -> <http://blulab.chpc.utah.edu/ontologies/v2/ConText.owl#Modifier> -> <http://blulab.chpc.utah.edu/ontologies/v2/ConText.owl#SemanticModifier> -> <http://blulab.chpc.utah.edu/ontologies/v2/ConText.owl#BodySite> -> <http://blulab.chpc.utah.edu/ontologies/schema/endo/colonoscopyQuality.owl#Colon_structure> -> <http://blulab.chpc.utah.edu/ontologies/schema/endo/colonoscopyQuality.owl#Entire_colon> -> <http://blulab.chpc.utah.edu/ontologies/schema/endo/colonoscopyQuality.owl#Entire_right_colon> -> <http://blulab.chpc.utah.edu/ontologies/schema/endo/colonoscopyQuality.owl#Ascending_colon> -> <http://blulab.chpc.utah.edu/ontologies/schema/endo/colonoscopyQuality.owl#Entire_ascending_colon> -> <http://blulab.chpc.utah.edu/ontologies/schema/endo/colonoscopyQuality.owl#Hepatic_flexure_of_colon>, <http://blulab.chpc.utah.edu/ontologies/v2/ConText.owl#Lexicon> -> <http://blulab.chpc.utah.edu/ontologies/v2/ConText.owl#Modifier> -> <http://blulab.chpc.utah.edu/ontologies/v2/ConText.owl#SemanticModifier> -> <http://blulab.chpc.utah.edu/ontologies/v2/ConText.owl#BodySite> -> <http://blulab.chpc.utah.edu/ontologies/schema/endo/colonoscopyQuality.owl#Colon_structure> -> <http://blulab.chpc.utah.edu/ontologies/schema/endo/colonoscopyQuality.owl#Region_of_colon> -> <http://blulab.chpc.utah.edu/ontologies/schema/endo/colonoscopyQuality.owl#Ascending_colon> -> <http://blulab.chpc.utah.edu/ontologies/schema/endo/colonoscopyQuality.owl#Entire_ascending_colon> -> <http://blulab.chpc.utah.edu/ontologies/schema/endo/colonoscopyQuality.owl#Hepatic_flexure_of_colon>, <http://blulab.chpc.utah.edu/ontologies/v2/ConText.owl#Lexicon> -> <http://blulab.chpc.utah.edu/ontologies/v2/ConText.owl#Modifier> -> <http://blulab.chpc.utah.edu/ontologies/v2/ConText.owl#SemanticModifier> -> <http://blulab.chpc.utah.edu/ontologies/v2/ConText.owl#BodySite> -> <http://blulab.chpc.utah.edu/ontologies/schema/endo/colonoscopyQuality.owl#Colon_structure> -> <http://blulab.chpc.utah.edu/ontologies/schema/endo/colonoscopyQuality.owl#Entire_colon> -> <http://blulab.chpc.utah.edu/ontologies/schema/endo/colonoscopyQuality.owl#Right_colon> -> <http://blulab.chpc.utah.edu/ontologies/schema/endo/colonoscopyQuality.owl#Ascending_colon> -> <http://blulab.chpc.utah.edu/ontologies/schema/endo/colonoscopyQuality.owl#Entire_ascending_colon> -> <http://blulab.chpc.utah.edu/ontologies/schema/endo/colonoscopyQuality.owl#Hepatic_flexure_of_colon>, <http://blulab.chpc.utah.edu/ontologies/v2/ConText.owl#Lexicon> -> <http://blulab.chpc.utah.edu/ontologies/v2/ConText.owl#Modifier> -> <http://blulab.chpc.utah.edu/ontologies/v2/ConText.owl#SemanticModifier> -> <http://blulab.chpc.utah.edu/ontologies/v2/ConText.owl#BodySite> -> <http://blulab.chpc.utah.edu/ontologies/schema/endo/colonoscopyQuality.owl#Colon_structure> -> <http://blulab.chpc.utah.edu/ontologies/schema/endo/colonoscopyQuality.owl#Entire_colon> -> <http://blulab.chpc.utah.edu/ontologies/schema/endo/colonoscopyQuality.owl#Structure_of_colic_flexure> -> <http://blulab.chpc.utah.edu/ontologies/schema/endo/colonoscopyQuality.owl#Entire_colic_flexure> -> <http://blulab.chpc.utah.edu/ontologies/schema/endo/colonoscopyQuality.owl#Hepatic_flexure_of_colon>, <http://blulab.chpc.utah.edu/ontologies/v2/ConText.owl#Lexicon> -> <http://blulab.chpc.utah.edu/ontologies/v2/ConText.owl#Modifier> -> <http://blulab.chpc.utah.edu/ontologies/v2/ConText.owl#SemanticModifier> -> <http://blulab.chpc.utah.edu/ontologies/v2/ConText.owl#BodySite> -> <http://blulab.chpc.utah.edu/ontologies/schema/endo/colonoscopyQuality.owl#Colon_structure> -> <http://blulab.chpc.utah.edu/ontologies/schema/endo/colonoscopyQuality.owl#Region_of_colon> -> <http://blulab.chpc.utah.edu/ontologies/schema/endo/colonoscopyQuality.owl#Structure_of_colic_flexure> -> <http://blulab.chpc.utah.edu/ontologies/schema/endo/colonoscopyQuality.owl#Entire_colic_flexure> -> <http://blulab.chpc.utah.edu/ontologies/schema/endo/colonoscopyQuality.owl#Hepatic_flexure_of_colon>, <http://blulab.chpc.utah.edu/ontologies/v2/ConText.owl#Lexicon> -> <http://blulab.chpc.utah.edu/ontologies/v2/ConText.owl#Modifier> -> <http://blulab.chpc.utah.edu/ontologies/v2/ConText.owl#SemanticModifier> -> <http://blulab.chpc.utah.edu/ontologies/v2/ConText.owl#BodySite> -> <http://blulab.chpc.utah.edu/ontologies/schema/endo/colonoscopyQuality.owl#Colon_structure> -> <http://blulab.chpc.utah.edu/ontologies/schema/endo/colonoscopyQuality.owl#Descending_colon> -> <http://blulab.chpc.utah.edu/ontologies/schema/endo/colonoscopyQuality.owl#Left_colic_flexure> -> <http://blulab.chpc.utah.edu/ontologies/schema/endo/colonoscopyQuality.owl#Entire_transverse_colon> -> <http://blulab.chpc.utah.edu/ontologies/schema/endo/colonoscopyQuality.owl#Hepatic_flexure_of_colon>, <http://blulab.chpc.utah.edu/ontologies/v2/ConText.owl#Lexicon> -> <http://blulab.chpc.utah.edu/ontologies/v2/ConText.owl#Modifier> -> <http://blulab.chpc.utah.edu/ontologies/v2/ConText.owl#SemanticModifier> -> <http://blulab.chpc.utah.edu/ontologies/v2/ConText.owl#BodySite> -> <http://blulab.chpc.utah.edu/ontologies/schema/endo/colonoscopyQuality.owl#Colon_structure> -> <http://blulab.chpc.utah.edu/ontologies/schema/endo/colonoscopyQuality.owl#Descending_colon> -> <http://blulab.chpc.utah.edu/ontologies/schema/endo/colonoscopyQuality.owl#Entire_descending_colon> -> <http://blulab.chpc.utah.edu/ontologies/schema/endo/colonoscopyQuality.owl#Left_colic_flexure> -> <http://blulab.chpc.utah.edu/ontologies/schema/endo/colonoscopyQuality.owl#Entire_transverse_colon> -> <http://blulab.chpc.utah.edu/ontologies/schema/endo/colonoscopyQuality.owl#Hepatic_flexure_of_colon>, <http://blulab.chpc.utah.edu/ontologies/v2/ConText.owl#Lexicon> -> <http://blulab.chpc.utah.edu/ontologies/v2/ConText.owl#Modifier> -> <http://blulab.chpc.utah.edu/ontologies/v2/ConText.owl#SemanticModifier> -> <http://blulab.chpc.utah.edu/ontologies/v2/ConText.owl#BodySite> -> <http://blulab.chpc.utah.edu/ontologies/schema/endo/colonoscopyQuality.owl#Colon_structure> -> <http://blulab.chpc.utah.edu/ontologies/schema/endo/colonoscopyQuality.owl#Left_colon> -> <http://blulab.chpc.utah.edu/ontologies/schema/endo/colonoscopyQuality.owl#Entire_left_colon> -> <http://blulab.chpc.utah.edu/ontologies/schema/endo/colonoscopyQuality.owl#Descending_colon> -> <http://blulab.chpc.utah.edu/ontologies/schema/endo/colonoscopyQuality.owl#Entire_descending_colon> -> <http://blulab.chpc.utah.edu/ontologies/schema/endo/colonoscopyQuality.owl#Left_colic_flexure> -> <http://blulab.chpc.utah.edu/ontologies/schema/endo/colonoscopyQuality.owl#Entire_transverse_colon> -> <http://blulab.chpc.utah.edu/ontologies/schema/endo/colonoscopyQuality.owl#Hepatic_flexure_of_colon>, <http://blulab.chpc.utah.edu/ontologies/v2/ConText.owl#Lexicon> -> <http://blulab.chpc.utah.edu/ontologies/v2/ConText.owl#Modifier> -> <http://blulab.chpc.utah.edu/ontologies/v2/ConText.owl#SemanticModifier> -> <http://blulab.chpc.utah.edu/ontologies/v2/ConText.owl#BodySite> -> <http://blulab.chpc.utah.edu/ontologies/schema/endo/colonoscopyQuality.owl#Colon_structure> -> <http://blulab.chpc.utah.edu/ontologies/schema/endo/colonoscopyQuality.owl#Entire_colon> -> <http://blulab.chpc.utah.edu/ontologies/schema/endo/colonoscopyQuality.owl#Left_colon> -> <http://blulab.chpc.utah.edu/ontologies/schema/endo/colonoscopyQuality.owl#Entire_left_colon> -> <http://blulab.chpc.utah.edu/ontologies/schema/endo/colonoscopyQuality.owl#Descending_colon> -> <http://blulab.chpc.utah.edu/ontologies/schema/endo/colonoscopyQuality.owl#Entire_descending_colon> -> <http://blulab.chpc.utah.edu/ontologies/schema/endo/colonoscopyQuality.owl#Left_colic_flexure> -> <http://blulab.chpc.utah.edu/ontologies/schema/endo/colonoscopyQuality.owl#Entire_transverse_colon> -> <http://blulab.chpc.utah.edu/ontologies/schema/endo/colonoscopyQuality.owl#Hepatic_flexure_of_colon>, <http://blulab.chpc.utah.edu/ontologies/v2/ConText.owl#Lexicon> -> <http://blulab.chpc.utah.edu/ontologies/v2/ConText.owl#Modifier> -> <http://blulab.chpc.utah.edu/ontologies/v2/ConText.owl#SemanticModifier> -> <http://blulab.chpc.utah.edu/ontologies/v2/ConText.owl#BodySite> -> <http://blulab.chpc.utah.edu/ontologies/schema/endo/colonoscopyQuality.owl#Colon_structure> -> <http://blulab.chpc.utah.edu/ontologies/schema/endo/colonoscopyQuality.owl#Entire_colon> -> <http://blulab.chpc.utah.edu/ontologies/schema/endo/colonoscopyQuality.owl#Left_colon> -> <http://blulab.chpc.utah.edu/ontologies/schema/endo/colonoscopyQuality.owl#Descending_colon> -> <http://blulab.chpc.utah.edu/ontologies/schema/endo/colonoscopyQuality.owl#Entire_descending_colon> -> <http://blulab.chpc.utah.edu/ontologies/schema/endo/colonoscopyQuality.owl#Left_colic_flexure> -> <http://blulab.chpc.utah.edu/ontologies/schema/endo/colonoscopyQuality.owl#Entire_transverse_colon> -> <http://blulab.chpc.utah.edu/ontologies/schema/endo/colonoscopyQuality.owl#Hepatic_flexure_of_colon>, <http://blulab.chpc.utah.edu/ontologies/v2/ConText.owl#Lexicon> -> <http://blulab.chpc.utah.edu/ontologies/v2/ConText.owl#Modifier> -> <http://blulab.chpc.utah.edu/ontologies/v2/ConText.owl#SemanticModifier> -> <http://blulab.chpc.utah.edu/ontologies/v2/ConText.owl#BodySite> -> <http://blulab.chpc.utah.edu/ontologies/schema/endo/colonoscopyQuality.owl#Colon_structure> -> <http://blulab.chpc.utah.edu/ontologies/schema/endo/colonoscopyQuality.owl#Left_colon> -> <http://blulab.chpc.utah.edu/ontologies/schema/endo/colonoscopyQuality.owl#Descending_colon> -> <http://blulab.chpc.utah.edu/ontologies/schema/endo/colonoscopyQuality.owl#Entire_descending_colon> -> <http://blulab.chpc.utah.edu/ontologies/schema/endo/colonoscopyQuality.owl#Left_colic_flexure> -> <http://blulab.chpc.utah.edu/ontologies/schema/endo/colonoscopyQuality.owl#Entire_transverse_colon> -> <http://blulab.chpc.utah.edu/ontologies/schema/endo/colonoscopyQuality.owl#Hepatic_flexure_of_colon>, <http://blulab.chpc.utah.edu/ontologies/v2/ConText.owl#Lexicon> -> <http://blulab.chpc.utah.edu/ontologies/v2/ConText.owl#Modifier> -> <http://blulab.chpc.utah.edu/ontologies/v2/ConText.owl#SemanticModifier> -> <http://blulab.chpc.utah.edu/ontologies/v2/ConText.owl#BodySite> -> <http://blulab.chpc.utah.edu/ontologies/schema/endo/colonoscopyQuality.owl#Colon_structure> -> <http://blulab.chpc.utah.edu/ontologies/schema/endo/colonoscopyQuality.owl#Region_of_colon> -> <http://blulab.chpc.utah.edu/ontologies/schema/endo/colonoscopyQuality.owl#Descending_colon> -> <http://blulab.chpc.utah.edu/ontologies/schema/endo/colonoscopyQuality.owl#Entire_descending_colon> -> <http://blulab.chpc.utah.edu/ontologies/schema/endo/colonoscopyQuality.owl#Left_colic_flexure> -> <http://blulab.chpc.utah.edu/ontologies/schema/endo/colonoscopyQuality.owl#Entire_transverse_colon> -> <http://blulab.chpc.utah.edu/ontologies/schema/endo/colonoscopyQuality.owl#Hepatic_flexure_of_colon>, <http://blulab.chpc.utah.edu/ontologies/v2/ConText.owl#Lexicon> -> <http://blulab.chpc.utah.edu/ontologies/v2/ConText.owl#Modifier> -> <http://blulab.chpc.utah.edu/ontologies/v2/ConText.owl#SemanticModifier> -> <http://blulab.chpc.utah.edu/ontologies/v2/ConText.owl#BodySite> -> <http://blulab.chpc.utah.edu/ontologies/schema/endo/colonoscopyQuality.owl#Colon_structure> -> <http://blulab.chpc.utah.edu/ontologies/schema/endo/colonoscopyQuality.owl#Region_of_colon> -> <http://blulab.chpc.utah.edu/ontologies/schema/endo/colonoscopyQuality.owl#Structure_of_colic_flexure> -> <http://blulab.chpc.utah.edu/ontologies/schema/endo/colonoscopyQuality.owl#Left_colic_flexure> -> <http://blulab.chpc.utah.edu/ontologies/schema/endo/colonoscopyQuality.owl#Entire_transverse_colon> -> <http://blulab.chpc.utah.edu/ontologies/schema/endo/colonoscopyQuality.owl#Hepatic_flexure_of_colon>, <http://blulab.chpc.utah.edu/ontologies/v2/ConText.owl#Lexicon> -> <http://blulab.chpc.utah.edu/ontologies/v2/ConText.owl#Modifier> -> <http://blulab.chpc.utah.edu/ontologies/v2/ConText.owl#SemanticModifier> -> <http://blulab.chpc.utah.edu/ontologies/v2/ConText.owl#BodySite> -> <http://blulab.chpc.utah.edu/ontologies/schema/endo/colonoscopyQuality.owl#Colon_structure> -> <http://blulab.chpc.utah.edu/ontologies/schema/endo/colonoscopyQuality.owl#Entire_colon> -> <http://blulab.chpc.utah.edu/ontologies/schema/endo/colonoscopyQuality.owl#Structure_of_colic_flexure> -> <http://blulab.chpc.utah.edu/ontologies/schema/endo/colonoscopyQuality.owl#Left_colic_flexure> -> <http://blulab.chpc.utah.edu/ontologies/schema/endo/colonoscopyQuality.owl#Entire_transverse_colon> -> <http://blulab.chpc.utah.edu/ontologies/schema/endo/colonoscopyQuality.owl#Hepatic_flexure_of_colon>, <http://blulab.chpc.utah.edu/ontologies/v2/ConText.owl#Lexicon> -> <http://blulab.chpc.utah.edu/ontologies/v2/ConText.owl#Modifier> -> <http://blulab.chpc.utah.edu/ontologies/v2/ConText.owl#SemanticModifier> -> <http://blulab.chpc.utah.edu/ontologies/v2/ConText.owl#BodySite> -> <http://blulab.chpc.utah.edu/ontologies/schema/endo/colonoscopyQuality.owl#Colon_structure> -> <http://blulab.chpc.utah.edu/ontologies/schema/endo/colonoscopyQuality.owl#Entire_colon> -> <http://blulab.chpc.utah.edu/ontologies/schema/endo/colonoscopyQuality.owl#Transverse_colon> -> <http://blulab.chpc.utah.edu/ontologies/schema/endo/colonoscopyQuality.owl#Left_colic_flexure> -> <http://blulab.chpc.utah.edu/ontologies/schema/endo/colonoscopyQuality.owl#Entire_transverse_colon> -> <http://blulab.chpc.utah.edu/ontologies/schema/endo/colonoscopyQuality.owl#Hepatic_flexure_of_colon>, <http://blulab.chpc.utah.edu/ontologies/v2/ConText.owl#Lexicon> -> <http://blulab.chpc.utah.edu/ontologies/v2/ConText.owl#Modifier> -> <http://blulab.chpc.utah.edu/ontologies/v2/ConText.owl#SemanticModifier> -> <http://blulab.chpc.utah.edu/ontologies/v2/ConText.owl#BodySite> -> <http://blulab.chpc.utah.edu/ontologies/schema/endo/colonoscopyQuality.owl#Colon_structure> -> <http://blulab.chpc.utah.edu/ontologies/schema/endo/colonoscopyQuality.owl#Region_of_colon> -> <http://blulab.chpc.utah.edu/ontologies/schema/endo/colonoscopyQuality.owl#Transverse_colon> -> <http://blulab.chpc.utah.edu/ontologies/schema/endo/colonoscopyQuality.owl#Left_colic_flexure> -> <http://blulab.chpc.utah.edu/ontologies/schema/endo/colonoscopyQuality.owl#Entire_transverse_colon> -> <http://blulab.chpc.utah.edu/ontologies/schema/endo/colonoscopyQuality.owl#Hepatic_flexure_of_colon>, <http://blulab.chpc.utah.edu/ontologies/v2/ConText.owl#Lexicon> -> <http://blulab.chpc.utah.edu/ontologies/v2/ConText.owl#Modifier> -> <http://blulab.chpc.utah.edu/ontologies/v2/ConText.owl#SemanticModifier> -> <http://blulab.chpc.utah.edu/ontologies/v2/ConText.owl#BodySite> -> <http://blulab.chpc.utah.edu/ontologies/schema/endo/colonoscopyQuality.owl#Colon_structure> -> <http://blulab.chpc.utah.edu/ontologies/schema/endo/colonoscopyQuality.owl#Transverse_colon> -> <http://blulab.chpc.utah.edu/ontologies/schema/endo/colonoscopyQuality.owl#Left_colic_flexure> -> <http://blulab.chpc.utah.edu/ontologies/schema/endo/colonoscopyQuality.owl#Entire_transverse_colon> -> <http://blulab.chpc.utah.edu/ontologies/schema/endo/colonoscopyQuality.owl#Hepatic_flexure_of_colon>, <http://blulab.chpc.utah.edu/ontologies/v2/ConText.owl#Lexicon> -> <http://blulab.chpc.utah.edu/ontologies/v2/ConText.owl#Modifier> -> <http://blulab.chpc.utah.edu/ontologies/v2/ConText.owl#SemanticModifier> -> <http://blulab.chpc.utah.edu/ontologies/v2/ConText.owl#BodySite> -> <http://blulab.chpc.utah.edu/ontologies/schema/endo/colonoscopyQuality.owl#Colon_structure> -> <http://blulab.chpc.utah.edu/ontologies/schema/endo/colonoscopyQuality.owl#Left_colon> -> <http://blulab.chpc.utah.edu/ontologies/schema/endo/colonoscopyQuality.owl#Entire_left_colon> -> <http://blulab.chpc.utah.edu/ontologies/schema/endo/colonoscopyQuality.owl#Descending_colon> -> <http://blulab.chpc.utah.edu/ontologies/schema/endo/colonoscopyQuality.owl#Left_colic_flexure> -> <http://blulab.chpc.utah.edu/ontologies/schema/endo/colonoscopyQuality.owl#Entire_transverse_colon> -> <http://blulab.chpc.utah.edu/ontologies/schema/endo/colonoscopyQuality.owl#Hepatic_flexure_of_colon>, <http://blulab.chpc.utah.edu/ontologies/v2/ConText.owl#Lexicon> -> <http://blulab.chpc.utah.edu/ontologies/v2/ConText.owl#Modifier> -> <http://blulab.chpc.utah.edu/ontologies/v2/ConText.owl#SemanticModifier> -> <http://blulab.chpc.utah.edu/ontologies/v2/ConText.owl#BodySite> -> <http://blulab.chpc.utah.edu/ontologies/schema/endo/colonoscopyQuality.owl#Colon_structure> -> <http://blulab.chpc.utah.edu/ontologies/schema/endo/colonoscopyQuality.owl#Entire_colon> -> <http://blulab.chpc.utah.edu/ontologies/schema/endo/colonoscopyQuality.owl#Left_colon> -> <http://blulab.chpc.utah.edu/ontologies/schema/endo/colonoscopyQuality.owl#Entire_left_colon> -> <http://blulab.chpc.utah.edu/ontologies/schema/endo/colonoscopyQuality.owl#Descending_colon> -> <http://blulab.chpc.utah.edu/ontologies/schema/endo/colonoscopyQuality.owl#Left_colic_flexure> -> <http://blulab.chpc.utah.edu/ontologies/schema/endo/colonoscopyQuality.owl#Entire_transverse_colon> -> <http://blulab.chpc.utah.edu/ontologies/schema/endo/colonoscopyQuality.owl#Hepatic_flexure_of_colon>, <http://blulab.chpc.utah.edu/ontologies/v2/ConText.owl#Lexicon> -> <http://blulab.chpc.utah.edu/ontologies/v2/ConText.owl#Modifier> -> <http://blulab.chpc.utah.edu/ontologies/v2/ConText.owl#SemanticModifier> -> <http://blulab.chpc.utah.edu/ontologies/v2/ConText.owl#BodySite> -> <http://blulab.chpc.utah.edu/ontologies/schema/endo/colonoscopyQuality.owl#Colon_structure> -> <http://blulab.chpc.utah.edu/ontologies/schema/endo/colonoscopyQuality.owl#Entire_colon> -> <http://blulab.chpc.utah.edu/ontologies/schema/endo/colonoscopyQuality.owl#Left_colon> -> <http://blulab.chpc.utah.edu/ontologies/schema/endo/colonoscopyQuality.owl#Descending_colon> -> <http://blulab.chpc.utah.edu/ontologies/schema/endo/colonoscopyQuality.owl#Left_colic_flexure> -> <http://blulab.chpc.utah.edu/ontologies/schema/endo/colonoscopyQuality.owl#Entire_transverse_colon> -> <http://blulab.chpc.utah.edu/ontologies/schema/endo/colonoscopyQuality.owl#Hepatic_flexure_of_colon>, <http://blulab.chpc.utah.edu/ontologies/v2/ConText.owl#Lexicon> -> <http://blulab.chpc.utah.edu/ontologies/v2/ConText.owl#Modifier> -> <http://blulab.chpc.utah.edu/ontologies/v2/ConText.owl#SemanticModifier> -> <http://blulab.chpc.utah.edu/ontologies/v2/ConText.owl#BodySite> -> <http://blulab.chpc.utah.edu/ontologies/schema/endo/colonoscopyQuality.owl#Colon_structure> -> <http://blulab.chpc.utah.edu/ontologies/schema/endo/colonoscopyQuality.owl#Left_colon> -> <http://blulab.chpc.utah.edu/ontologies/schema/endo/colonoscopyQuality.owl#Descending_colon> -> <http://blulab.chpc.utah.edu/ontologies/schema/endo/colonoscopyQuality.owl#Left_colic_flexure> -> <http://blulab.chpc.utah.edu/ontologies/schema/endo/colonoscopyQuality.owl#Entire_transverse_colon> -> <http://blulab.chpc.utah.edu/ontologies/schema/endo/colonoscopyQuality.owl#Hepatic_flexure_of_colon>, <http://blulab.chpc.utah.edu/ontologies/v2/ConText.owl#Lexicon> -> <http://blulab.chpc.utah.edu/ontologies/v2/ConText.owl#Modifier> -> <http://blulab.chpc.utah.edu/ontologies/v2/ConText.owl#SemanticModifier> -> <http://blulab.chpc.utah.edu/ontologies/v2/ConText.owl#BodySite> -> <http://blulab.chpc.utah.edu/ontologies/schema/endo/colonoscopyQuality.owl#Colon_structure> -> <http://blulab.chpc.utah.edu/ontologies/schema/endo/colonoscopyQuality.owl#Region_of_colon> -> <http://blulab.chpc.utah.edu/ontologies/schema/endo/colonoscopyQuality.owl#Descending_colon> -> <http://blulab.chpc.utah.edu/ontologies/schema/endo/colonoscopyQuality.owl#Left_colic_flexure> -> <http://blulab.chpc.utah.edu/ontologies/schema/endo/colonoscopyQuality.owl#Entire_transverse_colon> -> <http://blulab.chpc.utah.edu/ontologies/schema/endo/colonoscopyQuality.owl#Hepatic_flexure_of_colon>, <http://blulab.chpc.utah.edu/ontologies/v2/ConText.owl#Lexicon> -> <http://blulab.chpc.utah.edu/ontologies/v2/ConText.owl#Modifier> -> <http://blulab.chpc.utah.edu/ontologies/v2/ConText.owl#SemanticModifier> -> <http://blulab.chpc.utah.edu/ontologies/v2/ConText.owl#BodySite> -> <http://blulab.chpc.utah.edu/ontologies/schema/endo/colonoscopyQuality.owl#Colon_structure> -> <http://blulab.chpc.utah.edu/ontologies/schema/endo/colonoscopyQuality.owl#Region_of_colon> -> <http://blulab.chpc.utah.edu/ontologies/schema/endo/colonoscopyQuality.owl#Structure_of_colic_flexure> -> <http://blulab.chpc.utah.edu/ontologies/schema/endo/colonoscopyQuality.owl#Hepatic_flexure_of_colon>, <http://blulab.chpc.utah.edu/ontologies/v2/ConText.owl#Lexicon> -> <http://blulab.chpc.utah.edu/ontologies/v2/ConText.owl#Modifier> -> <http://blulab.chpc.utah.edu/ontologies/v2/ConText.owl#SemanticModifier> -> <http://blulab.chpc.utah.edu/ontologies/v2/ConText.owl#BodySite> -> <http://blulab.chpc.utah.edu/ontologies/schema/endo/colonoscopyQuality.owl#Colon_structure> -> <http://blulab.chpc.utah.edu/ontologies/schema/endo/colonoscopyQuality.owl#Entire_colon> -> <http://blulab.chpc.utah.edu/ontologies/schema/endo/colonoscopyQuality.owl#Structure_of_colic_flexure> -> <http://blulab.chpc.utah.edu/ontologies/schema/endo/colonoscopyQuality.owl#Hepatic_flexure_of_colon>, <http://blulab.chpc.utah.edu/ontologies/v2/ConText.owl#Lexicon> -> <http://blulab.chpc.utah.edu/ontologies/v2/ConText.owl#Modifier> -> <http://blulab.chpc.utah.edu/ontologies/v2/ConText.owl#SemanticModifier> -> <http://blulab.chpc.utah.edu/ontologies/v2/ConText.owl#BodySite> -> <http://blulab.chpc.utah.edu/ontologies/schema/endo/colonoscopyQuality.owl#Colon_structure> -> <http://blulab.chpc.utah.edu/ontologies/schema/endo/colonoscopyQuality.owl#Entire_colon> -> <http://blulab.chpc.utah.edu/ontologies/schema/endo/colonoscopyQuality.owl#Transverse_colon> -> <http://blulab.chpc.utah.edu/ontologies/schema/endo/colonoscopyQuality.owl#Hepatic_flexure_of_colon>, <http://blulab.chpc.utah.edu/ontologies/v2/ConText.owl#Lexicon> -> <http://blulab.chpc.utah.edu/ontologies/v2/ConText.owl#Modifier> -> <http://blulab.chpc.utah.edu/ontologies/v2/ConText.owl#SemanticModifier> -> <http://blulab.chpc.utah.edu/ontologies/v2/ConText.owl#BodySite> -> <http://blulab.chpc.utah.edu/ontologies/schema/endo/colonoscopyQuality.owl#Colon_structure> -> <http://blulab.chpc.utah.edu/ontologies/schema/endo/colonoscopyQuality.owl#Region_of_colon> -> <http://blulab.chpc.utah.edu/ontologies/schema/endo/colonoscopyQuality.owl#Transverse_colon> -> <http://blulab.chpc.utah.edu/ontologies/schema/endo/colonoscopyQuality.owl#Hepatic_flexure_of_colon>, <http://blulab.chpc.utah.edu/ontologies/v2/ConText.owl#Lexicon> -> <http://blulab.chpc.utah.edu/ontologies/v2/ConText.owl#Modifier> -> <http://blulab.chpc.utah.edu/ontologies/v2/ConText.owl#SemanticModifier> -> <http://blulab.chpc.utah.edu/ontologies/v2/ConText.owl#BodySite> -> <http://blulab.chpc.utah.edu/ontologies/schema/endo/colonoscopyQuality.owl#Colon_structure> -> <http://blulab.chpc.utah.edu/ontologies/schema/endo/colonoscopyQuality.owl#Transverse_colon> -> <http://blulab.chpc.utah.edu/ontologies/schema/endo/colonoscopyQuality.owl#Hepatic_flexure_of_colon>, <http://blulab.chpc.utah.edu/ontologies/v2/ConText.owl#Lexicon> -> <http://blulab.chpc.utah.edu/ontologies/v2/ConText.owl#Modifier> -> <http://blulab.chpc.utah.edu/ontologies/v2/ConText.owl#SemanticModifier> -> <http://blulab.chpc.utah.edu/ontologies/v2/ConText.owl#BodySite> -> <http://blulab.chpc.utah.edu/ontologies/schema/endo/colonoscopyQuality.owl#Colon_structure> -> <http://blulab.chpc.utah.edu/ontologies/schema/endo/colonoscopyQuality.owl#Entire_colon> -> <http://blulab.chpc.utah.edu/ontologies/schema/endo/colonoscopyQuality.owl#Right_colon> -> <http://blulab.chpc.utah.edu/ontologies/schema/endo/colonoscopyQuality.owl#Entire_right_colon> -> <http://blulab.chpc.utah.edu/ontologies/schema/endo/colonoscopyQuality.owl#Ascending_colon> -> <http://blulab.chpc.utah.edu/ontologies/schema/endo/colonoscopyQuality.owl#Hepatic_flexure_of_colon>, <http://blulab.chpc.utah.edu/ontologies/v2/ConText.owl#Lexicon> -> <http://blulab.chpc.utah.edu/ontologies/v2/ConText.owl#Modifier> -> <http://blulab.chpc.utah.edu/ontologies/v2/ConText.owl#SemanticModifier> -> <http://blulab.chpc.utah.edu/ontologies/v2/ConText.owl#BodySite> -> <http://blulab.chpc.utah.edu/ontologies/schema/endo/colonoscopyQuality.owl#Colon_structure> -> <http://blulab.chpc.utah.edu/ontologies/schema/endo/colonoscopyQuality.owl#Entire_colon> -> <http://blulab.chpc.utah.edu/ontologies/schema/endo/colonoscopyQuality.owl#Entire_right_colon> -> <http://blulab.chpc.utah.edu/ontologies/schema/endo/colonoscopyQuality.owl#Ascending_colon> -> <http://blulab.chpc.utah.edu/ontologies/schema/endo/colonoscopyQuality.owl#Hepatic_flexure_of_colon>, <http://blulab.chpc.utah.edu/ontologies/v2/ConText.owl#Lexicon> -> <http://blulab.chpc.utah.edu/ontologies/v2/ConText.owl#Modifier> -> <http://blulab.chpc.utah.edu/ontologies/v2/ConText.owl#SemanticModifier> -> <http://blulab.chpc.utah.edu/ontologies/v2/ConText.owl#BodySite> -> <http://blulab.chpc.utah.edu/ontologies/schema/endo/colonoscopyQuality.owl#Colon_structure> -> <http://blulab.chpc.utah.edu/ontologies/schema/endo/colonoscopyQuality.owl#Region_of_colon> -> <http://blulab.chpc.utah.edu/ontologies/schema/endo/colonoscopyQuality.owl#Ascending_colon> -> <http://blulab.chpc.utah.edu/ontologies/schema/endo/colonoscopyQuality.owl#Hepatic_flexure_of_colon>, <http://blulab.chpc.utah.edu/ontologies/v2/ConText.owl#Lexicon> -> <http://blulab.chpc.utah.edu/ontologies/v2/ConText.owl#Modifier> -> <http://blulab.chpc.utah.edu/ontologies/v2/ConText.owl#SemanticModifier> -> <http://blulab.chpc.utah.edu/ontologies/v2/ConText.owl#BodySite> -> <http://blulab.chpc.utah.edu/ontologies/schema/endo/colonoscopyQuality.owl#Colon_structure> -> <http://blulab.chpc.utah.edu/ontologies/schema/endo/colonoscopyQuality.owl#Entire_colon> -> <http://blulab.chpc.utah.edu/ontologies/schema/endo/colonoscopyQuality.owl#Right_colon> -> <http://blulab.chpc.utah.edu/ontologies/schema/endo/colonoscopyQuality.owl#Ascending_colon> -> <http://blulab.chpc.utah.edu/ontologies/schema/endo/colonoscopyQuality.owl#Hepatic_flexure_of_colon>]]

	Modifier: Entire_right_colic_flexure, uri=http://blulab.chpc.utah.edu/ontologies/schema/endo/colonoscopyQuality.owl#Entire_right_colic_flexure, type= Semantic, classPath= [<http://blulab.chpc.utah.edu/ontologies/v2/ConText.owl#Lexicon> -> <http://blulab.chpc.utah.edu/ontologies/v2/ConText.owl#Modifier> -> <http://blulab.chpc.utah.edu/ontologies/v2/ConText.owl#SemanticModifier> -> <http://blulab.chpc.utah.edu/ontologies/v2/ConText.owl#BodySite> -> <http://blulab.chpc.utah.edu/ontologies/schema/endo/colonoscopyQuality.owl#Colon_structure> -> <http://blulab.chpc.utah.edu/ontologies/schema/endo/colonoscopyQuality.owl#Ascending_colon> -> <http://blulab.chpc.utah.edu/ontologies/schema/endo/colonoscopyQuality.owl#Hepatic_flexure_of_colon> -> <http://blulab.chpc.utah.edu/ontologies/schema/endo/colonoscopyQuality.owl#Entire_right_colic_flexure>, <http://blulab.chpc.utah.edu/ontologies/v2/ConText.owl#Lexicon> -> <http://blulab.chpc.utah.edu/ontologies/v2/ConText.owl#Modifier> -> <http://blulab.chpc.utah.edu/ontologies/v2/ConText.owl#SemanticModifier> -> <http://blulab.chpc.utah.edu/ontologies/v2/ConText.owl#BodySite> -> <http://blulab.chpc.utah.edu/ontologies/schema/endo/colonoscopyQuality.owl#Colon_structure> -> <http://blulab.chpc.utah.edu/ontologies/schema/endo/colonoscopyQuality.owl#Ascending_colon> -> <http://blulab.chpc.utah.edu/ontologies/schema/endo/colonoscopyQuality.owl#Entire_ascending_colon> -> <http://blulab.chpc.utah.edu/ontologies/schema/endo/colonoscopyQuality.owl#Hepatic_flexure_of_colon> -> <http://blulab.chpc.utah.edu/ontologies/schema/endo/colonoscopyQuality.owl#Entire_right_colic_flexure>, <http://blulab.chpc.utah.edu/ontologies/v2/ConText.owl#Lexicon> -> <http://blulab.chpc.utah.edu/ontologies/v2/ConText.owl#Modifier> -> <http://blulab.chpc.utah.edu/ontologies/v2/ConText.owl#SemanticModifier> -> <http://blulab.chpc.utah.edu/ontologies/v2/ConText.owl#BodySite> -> <http://blulab.chpc.utah.edu/ontologies/schema/endo/colonoscopyQuality.owl#Colon_structure> -> <http://blulab.chpc.utah.edu/ontologies/schema/endo/colonoscopyQuality.owl#Entire_colon> -> <http://blulab.chpc.utah.edu/ontologies/schema/endo/colonoscopyQuality.owl#Right_colon> -> <http://blulab.chpc.utah.edu/ontologies/schema/endo/colonoscopyQuality.owl#Entire_right_colon> -> <http://blulab.chpc.utah.edu/ontologies/schema/endo/colonoscopyQuality.owl#Ascending_colon> -> <http://blulab.chpc.utah.edu/ontologies/schema/endo/colonoscopyQuality.owl#Entire_ascending_colon> -> <http://blulab.chpc.utah.edu/ontologies/schema/endo/colonoscopyQuality.owl#Hepatic_flexure_of_colon> -> <http://blulab.chpc.utah.edu/ontologies/schema/endo/colonoscopyQuality.owl#Entire_right_colic_flexure>, <http://blulab.chpc.utah.edu/ontologies/v2/ConText.owl#Lexicon> -> <http://blulab.chpc.utah.edu/ontologies/v2/ConText.owl#Modifier> -> <http://blulab.chpc.utah.edu/ontologies/v2/ConText.owl#SemanticModifier> -> <http://blulab.chpc.utah.edu/ontologies/v2/ConText.owl#BodySite> -> <http://blulab.chpc.utah.edu/ontologies/schema/endo/colonoscopyQuality.owl#Colon_structure> -> <http://blulab.chpc.utah.edu/ontologies/schema/endo/colonoscopyQuality.owl#Entire_colon> -> <http://blulab.chpc.utah.edu/ontologies/schema/endo/colonoscopyQuality.owl#Entire_right_colon> -> <http://blulab.chpc.utah.edu/ontologies/schema/endo/colonoscopyQuality.owl#Ascending_colon> -> <http://blulab.chpc.utah.edu/ontologies/schema/endo/colonoscopyQuality.owl#Entire_ascending_colon> -> <http://blulab.chpc.utah.edu/ontologies/schema/endo/colonoscopyQuality.owl#Hepatic_flexure_of_colon> -> <http://blulab.chpc.utah.edu/ontologies/schema/endo/colonoscopyQuality.owl#Entire_right_colic_flexure>, <http://blulab.chpc.utah.edu/ontologies/v2/ConText.owl#Lexicon> -> <http://blulab.chpc.utah.edu/ontologies/v2/ConText.owl#Modifier> -> <http://blulab.chpc.utah.edu/ontologies/v2/ConText.owl#SemanticModifier> -> <http://blulab.chpc.utah.edu/ontologies/v2/ConText.owl#BodySite> -> <http://blulab.chpc.utah.edu/ontologies/schema/endo/colonoscopyQuality.owl#Colon_structure> -> <http://blulab.chpc.utah.edu/ontologies/schema/endo/colonoscopyQuality.owl#Region_of_colon> -> <http://blulab.chpc.utah.edu/ontologies/schema/endo/colonoscopyQuality.owl#Ascending_colon> -> <http://blulab.chpc.utah.edu/ontologies/schema/endo/colonoscopyQuality.owl#Entire_ascending_colon> -> <http://blulab.chpc.utah.edu/ontologies/schema/endo/colonoscopyQuality.owl#Hepatic_flexure_of_colon> -> <http://blulab.chpc.utah.edu/ontologies/schema/endo/colonoscopyQuality.owl#Entire_right_colic_flexure>, <http://blulab.chpc.utah.edu/ontologies/v2/ConText.owl#Lexicon> -> <http://blulab.chpc.utah.edu/ontologies/v2/ConText.owl#Modifier> -> <http://blulab.chpc.utah.edu/ontologies/v2/ConText.owl#SemanticModifier> -> <http://blulab.chpc.utah.edu/ontologies/v2/ConText.owl#BodySite> -> <http://blulab.chpc.utah.edu/ontologies/schema/endo/colonoscopyQuality.owl#Colon_structure> -> <http://blulab.chpc.utah.edu/ontologies/schema/endo/colonoscopyQuality.owl#Entire_colon> -> <http://blulab.chpc.utah.edu/ontologies/schema/endo/colonoscopyQuality.owl#Right_colon> -> <http://blulab.chpc.utah.edu/ontologies/schema/endo/colonoscopyQuality.owl#Ascending_colon> -> <http://blulab.chpc.utah.edu/ontologies/schema/endo/colonoscopyQuality.owl#Entire_ascending_colon> -> <http://blulab.chpc.utah.edu/ontologies/schema/endo/colonoscopyQuality.owl#Hepatic_flexure_of_colon> -> <http://blulab.chpc.utah.edu/ontologies/schema/endo/colonoscopyQuality.owl#Entire_right_colic_flexure>, <http://blulab.chpc.utah.edu/ontologies/v2/ConText.owl#Lexicon> -> <http://blulab.chpc.utah.edu/ontologies/v2/ConText.owl#Modifier> -> <http://blulab.chpc.utah.edu/ontologies/v2/ConText.owl#SemanticModifier> -> <http://blulab.chpc.utah.edu/ontologies/v2/ConText.owl#BodySite> -> <http://blulab.chpc.utah.edu/ontologies/schema/endo/colonoscopyQuality.owl#Colon_structure> -> <http://blulab.chpc.utah.edu/ontologies/schema/endo/colonoscopyQuality.owl#Entire_colon> -> <http://blulab.chpc.utah.edu/ontologies/schema/endo/colonoscopyQuality.owl#Structure_of_colic_flexure> -> <http://blulab.chpc.utah.edu/ontologies/schema/endo/colonoscopyQuality.owl#Entire_colic_flexure> -> <http://blulab.chpc.utah.edu/ontologies/schema/endo/colonoscopyQuality.owl#Hepatic_flexure_of_colon> -> <http://blulab.chpc.utah.edu/ontologies/schema/endo/colonoscopyQuality.owl#Entire_right_colic_flexure>, <http://blulab.chpc.utah.edu/ontologies/v2/ConText.owl#Lexicon> -> <http://blulab.chpc.utah.edu/ontologies/v2/ConText.owl#Modifier> -> <http://blulab.chpc.utah.edu/ontologies/v2/ConText.owl#SemanticModifier> -> <http://blulab.chpc.utah.edu/ontologies/v2/ConText.owl#BodySite> -> <http://blulab.chpc.utah.edu/ontologies/schema/endo/colonoscopyQuality.owl#Colon_structure> -> <http://blulab.chpc.utah.edu/ontologies/schema/endo/colonoscopyQuality.owl#Region_of_colon> -> <http://blulab.chpc.utah.edu/ontologies/schema/endo/colonoscopyQuality.owl#Structure_of_colic_flexure> -> <http://blulab.chpc.utah.edu/ontologies/schema/endo/colonoscopyQuality.owl#Entire_colic_flexure> -> <http://blulab.chpc.utah.edu/ontologies/schema/endo/colonoscopyQuality.owl#Hepatic_flexure_of_colon> -> <http://blulab.chpc.utah.edu/ontologies/schema/endo/colonoscopyQuality.owl#Entire_right_colic_flexure>, <http://blulab.chpc.utah.edu/ontologies/v2/ConText.owl#Lexicon> -> <http://blulab.chpc.utah.edu/ontologies/v2/ConText.owl#Modifier> -> <http://blulab.chpc.utah.edu/ontologies/v2/ConText.owl#SemanticModifier> -> <http://blulab.chpc.utah.edu/ontologies/v2/ConText.owl#BodySite> -> <http://blulab.chpc.utah.edu/ontologies/schema/endo/colonoscopyQuality.owl#Colon_structure> -> <http://blulab.chpc.utah.edu/ontologies/schema/endo/colonoscopyQuality.owl#Descending_colon> -> <http://blulab.chpc.utah.edu/ontologies/schema/endo/colonoscopyQuality.owl#Left_colic_flexure> -> <http://blulab.chpc.utah.edu/ontologies/schema/endo/colonoscopyQuality.owl#Entire_transverse_colon> -> <http://blulab.chpc.utah.edu/ontologies/schema/endo/colonoscopyQuality.owl#Hepatic_flexure_of_colon> -> <http://blulab.chpc.utah.edu/ontologies/schema/endo/colonoscopyQuality.owl#Entire_right_colic_flexure>, <http://blulab.chpc.utah.edu/ontologies/v2/ConText.owl#Lexicon> -> <http://blulab.chpc.utah.edu/ontologies/v2/ConText.owl#Modifier> -> <http://blulab.chpc.utah.edu/ontologies/v2/ConText.owl#SemanticModifier> -> <http://blulab.chpc.utah.edu/ontologies/v2/ConText.owl#BodySite> -> <http://blulab.chpc.utah.edu/ontologies/schema/endo/colonoscopyQuality.owl#Colon_structure> -> <http://blulab.chpc.utah.edu/ontologies/schema/endo/colonoscopyQuality.owl#Descending_colon> -> <http://blulab.chpc.utah.edu/ontologies/schema/endo/colonoscopyQuality.owl#Entire_descending_colon> -> <http://blulab.chpc.utah.edu/ontologies/schema/endo/colonoscopyQuality.owl#Left_colic_flexure> -> <http://blulab.chpc.utah.edu/ontologies/schema/endo/colonoscopyQuality.owl#Entire_transverse_colon> -> <http://blulab.chpc.utah.edu/ontologies/schema/endo/colonoscopyQuality.owl#Hepatic_flexure_of_colon> -> <http://blulab.chpc.utah.edu/ontologies/schema/endo/colonoscopyQuality.owl#Entire_right_colic_flexure>, <http://blulab.chpc.utah.edu/ontologies/v2/ConText.owl#Lexicon> -> <http://blulab.chpc.utah.edu/ontologies/v2/ConText.owl#Modifier> -> <http://blulab.chpc.utah.edu/ontologies/v2/ConText.owl#SemanticModifier> -> <http://blulab.chpc.utah.edu/ontologies/v2/ConText.owl#BodySite> -> <http://blulab.chpc.utah.edu/ontologies/schema/endo/colonoscopyQuality.owl#Colon_structure> -> <http://blulab.chpc.utah.edu/ontologies/schema/endo/colonoscopyQuality.owl#Left_colon> -> <http://blulab.chpc.utah.edu/ontologies/schema/endo/colonoscopyQuality.owl#Entire_left_colon> -> <http://blulab.chpc.utah.edu/ontologies/schema/endo/colonoscopyQuality.owl#Descending_colon> -> <http://blulab.chpc.utah.edu/ontologies/schema/endo/colonoscopyQuality.owl#Entire_descending_colon> -> <http://blulab.chpc.utah.edu/ontologies/schema/endo/colonoscopyQuality.owl#Left_colic_flexure> -> <http://blulab.chpc.utah.edu/ontologies/schema/endo/colonoscopyQuality.owl#Entire_transverse_colon> -> <http://blulab.chpc.utah.edu/ontologies/schema/endo/colonoscopyQuality.owl#Hepatic_flexure_of_colon> -> <http://blulab.chpc.utah.edu/ontologies/schema/endo/colonoscopyQuality.owl#Entire_right_colic_flexure>, <http://blulab.chpc.utah.edu/ontologies/v2/ConText.owl#Lexicon> -> <http://blulab.chpc.utah.edu/ontologies/v2/ConText.owl#Modifier> -> <http://blulab.chpc.utah.edu/ontologies/v2/ConText.owl#SemanticModifier> -> <http://blulab.chpc.utah.edu/ontologies/v2/ConText.owl#BodySite> -> <http://blulab.chpc.utah.edu/ontologies/schema/endo/colonoscopyQuality.owl#Colon_structure> -> <http://blulab.chpc.utah.edu/ontologies/schema/endo/colonoscopyQuality.owl#Entire_colon> -> <http://blulab.chpc.utah.edu/ontologies/schema/endo/colonoscopyQuality.owl#Left_colon> -> <http://blulab.chpc.utah.edu/ontologies/schema/endo/colonoscopyQuality.owl#Entire_left_colon> -> <http://blulab.chpc.utah.edu/ontologies/schema/endo/colonoscopyQuality.owl#Descending_colon> -> <http://blulab.chpc.utah.edu/ontologies/schema/endo/colonoscopyQuality.owl#Entire_descending_colon> -> <http://blulab.chpc.utah.edu/ontologies/schema/endo/colonoscopyQuality.owl#Left_colic_flexure> -> <http://blulab.chpc.utah.edu/ontologies/schema/endo/colonoscopyQuality.owl#Entire_transverse_colon> -> <http://blulab.chpc.utah.edu/ontologies/schema/endo/colonoscopyQuality.owl#Hepatic_flexure_of_colon> -> <http://blulab.chpc.utah.edu/ontologies/schema/endo/colonoscopyQuality.owl#Entire_right_colic_flexure>, <http://blulab.chpc.utah.edu/ontologies/v2/ConText.owl#Lexicon> -> <http://blulab.chpc.utah.edu/ontologies/v2/ConText.owl#Modifier> -> <http://blulab.chpc.utah.edu/ontologies/v2/ConText.owl#SemanticModifier> -> <http://blulab.chpc.utah.edu/ontologies/v2/ConText.owl#BodySite> -> <http://blulab.chpc.utah.edu/ontologies/schema/endo/colonoscopyQuality.owl#Colon_structure> -> <http://blulab.chpc.utah.edu/ontologies/schema/endo/colonoscopyQuality.owl#Entire_colon> -> <http://blulab.chpc.utah.edu/ontologies/schema/endo/colonoscopyQuality.owl#Left_colon> -> <http://blulab.chpc.utah.edu/ontologies/schema/endo/colonoscopyQuality.owl#Descending_colon> -> <http://blulab.chpc.utah.edu/ontologies/schema/endo/colonoscopyQuality.owl#Entire_descending_colon> -> <http://blulab.chpc.utah.edu/ontologies/schema/endo/colonoscopyQuality.owl#Left_colic_flexure> -> <http://blulab.chpc.utah.edu/ontologies/schema/endo/colonoscopyQuality.owl#Entire_transverse_colon> -> <http://blulab.chpc.utah.edu/ontologies/schema/endo/colonoscopyQuality.owl#Hepatic_flexure_of_colon> -> <http://blulab.chpc.utah.edu/ontologies/schema/endo/colonoscopyQuality.owl#Entire_right_colic_flexure>, <http://blulab.chpc.utah.edu/ontologies/v2/ConText.owl#Lexicon> -> <http://blulab.chpc.utah.edu/ontologies/v2/ConText.owl#Modifier> -> <http://blulab.chpc.utah.edu/ontologies/v2/ConText.owl#SemanticModifier> -> <http://blulab.chpc.utah.edu/ontologies/v2/ConText.owl#BodySite> -> <http://blulab.chpc.utah.edu/ontologies/schema/endo/colonoscopyQuality.owl#Colon_structure> -> <http://blulab.chpc.utah.edu/ontologies/schema/endo/colonoscopyQuality.owl#Left_colon> -> <http://blulab.chpc.utah.edu/ontologies/schema/endo/colonoscopyQuality.owl#Descending_colon> -> <http://blulab.chpc.utah.edu/ontologies/schema/endo/colonoscopyQuality.owl#Entire_descending_colon> -> <http://blulab.chpc.utah.edu/ontologies/schema/endo/colonoscopyQuality.owl#Left_colic_flexure> -> <http://blulab.chpc.utah.edu/ontologies/schema/endo/colonoscopyQuality.owl#Entire_transverse_colon> -> <http://blulab.chpc.utah.edu/ontologies/schema/endo/colonoscopyQuality.owl#Hepatic_flexure_of_colon> -> <http://blulab.chpc.utah.edu/ontologies/schema/endo/colonoscopyQuality.owl#Entire_right_colic_flexure>, <http://blulab.chpc.utah.edu/ontologies/v2/ConText.owl#Lexicon> -> <http://blulab.chpc.utah.edu/ontologies/v2/ConText.owl#Modifier> -> <http://blulab.chpc.utah.edu/ontologies/v2/ConText.owl#SemanticModifier> -> <http://blulab.chpc.utah.edu/ontologies/v2/ConText.owl#BodySite> -> <http://blulab.chpc.utah.edu/ontologies/schema/endo/colonoscopyQuality.owl#Colon_structure> -> <http://blulab.chpc.utah.edu/ontologies/schema/endo/colonoscopyQuality.owl#Region_of_colon> -> <http://blulab.chpc.utah.edu/ontologies/schema/endo/colonoscopyQuality.owl#Descending_colon> -> <http://blulab.chpc.utah.edu/ontologies/schema/endo/colonoscopyQuality.owl#Entire_descending_colon> -> <http://blulab.chpc.utah.edu/ontologies/schema/endo/colonoscopyQuality.owl#Left_colic_flexure> -> <http://blulab.chpc.utah.edu/ontologies/schema/endo/colonoscopyQuality.owl#Entire_transverse_colon> -> <http://blulab.chpc.utah.edu/ontologies/schema/endo/colonoscopyQuality.owl#Hepatic_flexure_of_colon> -> <http://blulab.chpc.utah.edu/ontologies/schema/endo/colonoscopyQuality.owl#Entire_right_colic_flexure>, <http://blulab.chpc.utah.edu/ontologies/v2/ConText.owl#Lexicon> -> <http://blulab.chpc.utah.edu/ontologies/v2/ConText.owl#Modifier> -> <http://blulab.chpc.utah.edu/ontologies/v2/ConText.owl#SemanticModifier> -> <http://blulab.chpc.utah.edu/ontologies/v2/ConText.owl#BodySite> -> <http://blulab.chpc.utah.edu/ontologies/schema/endo/colonoscopyQuality.owl#Colon_structure> -> <http://blulab.chpc.utah.edu/ontologies/schema/endo/colonoscopyQuality.owl#Region_of_colon> -> <http://blulab.chpc.utah.edu/ontologies/schema/endo/colonoscopyQuality.owl#Structure_of_colic_flexure> -> <http://blulab.chpc.utah.edu/ontologies/schema/endo/colonoscopyQuality.owl#Left_colic_flexure> -> <http://blulab.chpc.utah.edu/ontologies/schema/endo/colonoscopyQuality.owl#Entire_transverse_colon> -> <http://blulab.chpc.utah.edu/ontologies/schema/endo/colonoscopyQuality.owl#Hepatic_flexure_of_colon> -> <http://blulab.chpc.utah.edu/ontologies/schema/endo/colonoscopyQuality.owl#Entire_right_colic_flexure>, <http://blulab.chpc.utah.edu/ontologies/v2/ConText.owl#Lexicon> -> <http://blulab.chpc.utah.edu/ontologies/v2/ConText.owl#Modifier> -> <http://blulab.chpc.utah.edu/ontologies/v2/ConText.owl#SemanticModifier> -> <http://blulab.chpc.utah.edu/ontologies/v2/ConText.owl#BodySite> -> <http://blulab.chpc.utah.edu/ontologies/schema/endo/colonoscopyQuality.owl#Colon_structure> -> <http://blulab.chpc.utah.edu/ontologies/schema/endo/colonoscopyQuality.owl#Entire_colon> -> <http://blulab.chpc.utah.edu/ontologies/schema/endo/colonoscopyQuality.owl#Structure_of_colic_flexure> -> <http://blulab.chpc.utah.edu/ontologies/schema/endo/colonoscopyQuality.owl#Left_colic_flexure> -> <http://blulab.chpc.utah.edu/ontologies/schema/endo/colonoscopyQuality.owl#Entire_transverse_colon> -> <http://blulab.chpc.utah.edu/ontologies/schema/endo/colonoscopyQuality.owl#Hepatic_flexure_of_colon> -> <http://blulab.chpc.utah.edu/ontologies/schema/endo/colonoscopyQuality.owl#Entire_right_colic_flexure>, <http://blulab.chpc.utah.edu/ontologies/v2/ConText.owl#Lexicon> -> <http://blulab.chpc.utah.edu/ontologies/v2/ConText.owl#Modifier> -> <http://blulab.chpc.utah.edu/ontologies/v2/ConText.owl#SemanticModifier> -> <http://blulab.chpc.utah.edu/ontologies/v2/ConText.owl#BodySite> -> <http://blulab.chpc.utah.edu/ontologies/schema/endo/colonoscopyQuality.owl#Colon_structure> -> <http://blulab.chpc.utah.edu/ontologies/schema/endo/colonoscopyQuality.owl#Entire_colon> -> <http://blulab.chpc.utah.edu/ontologies/schema/endo/colonoscopyQuality.owl#Transverse_colon> -> <http://blulab.chpc.utah.edu/ontologies/schema/endo/colonoscopyQuality.owl#Left_colic_flexure> -> <http://blulab.chpc.utah.edu/ontologies/schema/endo/colonoscopyQuality.owl#Entire_transverse_colon> -> <http://blulab.chpc.utah.edu/ontologies/schema/endo/colonoscopyQuality.owl#Hepatic_flexure_of_colon> -> <http://blulab.chpc.utah.edu/ontologies/schema/endo/colonoscopyQuality.owl#Entire_right_colic_flexure>, <http://blulab.chpc.utah.edu/ontologies/v2/ConText.owl#Lexicon> -> <http://blulab.chpc.utah.edu/ontologies/v2/ConText.owl#Modifier> -> <http://blulab.chpc.utah.edu/ontologies/v2/ConText.owl#SemanticModifier> -> <http://blulab.chpc.utah.edu/ontologies/v2/ConText.owl#BodySite> -> <http://blulab.chpc.utah.edu/ontologies/schema/endo/colonoscopyQuality.owl#Colon_structure> -> <http://blulab.chpc.utah.edu/ontologies/schema/endo/colonoscopyQuality.owl#Region_of_colon> -> <http://blulab.chpc.utah.edu/ontologies/schema/endo/colonoscopyQuality.owl#Transverse_colon> -> <http://blulab.chpc.utah.edu/ontologies/schema/endo/colonoscopyQuality.owl#Left_colic_flexure> -> <http://blulab.chpc.utah.edu/ontologies/schema/endo/colonoscopyQuality.owl#Entire_transverse_colon> -> <http://blulab.chpc.utah.edu/ontologies/schema/endo/colonoscopyQuality.owl#Hepatic_flexure_of_colon> -> <http://blulab.chpc.utah.edu/ontologies/schema/endo/colonoscopyQuality.owl#Entire_right_colic_flexure>, <http://blulab.chpc.utah.edu/ontologies/v2/ConText.owl#Lexicon> -> <http://blulab.chpc.utah.edu/ontologies/v2/ConText.owl#Modifier> -> <http://blulab.chpc.utah.edu/ontologies/v2/ConText.owl#SemanticModifier> -> <http://blulab.chpc.utah.edu/ontologies/v2/ConText.owl#BodySite> -> <http://blulab.chpc.utah.edu/ontologies/schema/endo/colonoscopyQuality.owl#Colon_structure> -> <http://blulab.chpc.utah.edu/ontologies/schema/endo/colonoscopyQuality.owl#Transverse_colon> -> <http://blulab.chpc.utah.edu/ontologies/schema/endo/colonoscopyQuality.owl#Left_colic_flexure> -> <http://blulab.chpc.utah.edu/ontologies/schema/endo/colonoscopyQuality.owl#Entire_transverse_colon> -> <http://blulab.chpc.utah.edu/ontologies/schema/endo/colonoscopyQuality.owl#Hepatic_flexure_of_colon> -> <http://blulab.chpc.utah.edu/ontologies/schema/endo/colonoscopyQuality.owl#Entire_right_colic_flexure>, <http://blulab.chpc.utah.edu/ontologies/v2/ConText.owl#Lexicon> -> <http://blulab.chpc.utah.edu/ontologies/v2/ConText.owl#Modifier> -> <http://blulab.chpc.utah.edu/ontologies/v2/ConText.owl#SemanticModifier> -> <http://blulab.chpc.utah.edu/ontologies/v2/ConText.owl#BodySite> -> <http://blulab.chpc.utah.edu/ontologies/schema/endo/colonoscopyQuality.owl#Colon_structure> -> <http://blulab.chpc.utah.edu/ontologies/schema/endo/colonoscopyQuality.owl#Left_colon> -> <http://blulab.chpc.utah.edu/ontologies/schema/endo/colonoscopyQuality.owl#Entire_left_colon> -> <http://blulab.chpc.utah.edu/ontologies/schema/endo/colonoscopyQuality.owl#Descending_colon> -> <http://blulab.chpc.utah.edu/ontologies/schema/endo/colonoscopyQuality.owl#Left_colic_flexure> -> <http://blulab.chpc.utah.edu/ontologies/schema/endo/colonoscopyQuality.owl#Entire_transverse_colon> -> <http://blulab.chpc.utah.edu/ontologies/schema/endo/colonoscopyQuality.owl#Hepatic_flexure_of_colon> -> <http://blulab.chpc.utah.edu/ontologies/schema/endo/colonoscopyQuality.owl#Entire_right_colic_flexure>, <http://blulab.chpc.utah.edu/ontologies/v2/ConText.owl#Lexicon> -> <http://blulab.chpc.utah.edu/ontologies/v2/ConText.owl#Modifier> -> <http://blulab.chpc.utah.edu/ontologies/v2/ConText.owl#SemanticModifier> -> <http://blulab.chpc.utah.edu/ontologies/v2/ConText.owl#BodySite> -> <http://blulab.chpc.utah.edu/ontologies/schema/endo/colonoscopyQuality.owl#Colon_structure> -> <http://blulab.chpc.utah.edu/ontologies/schema/endo/colonoscopyQuality.owl#Entire_colon> -> <http://blulab.chpc.utah.edu/ontologies/schema/endo/colonoscopyQuality.owl#Left_colon> -> <http://blulab.chpc.utah.edu/ontologies/schema/endo/colonoscopyQuality.owl#Entire_left_colon> -> <http://blulab.chpc.utah.edu/ontologies/schema/endo/colonoscopyQuality.owl#Descending_colon> -> <http://blulab.chpc.utah.edu/ontologies/schema/endo/colonoscopyQuality.owl#Left_colic_flexure> -> <http://blulab.chpc.utah.edu/ontologies/schema/endo/colonoscopyQuality.owl#Entire_transverse_colon> -> <http://blulab.chpc.utah.edu/ontologies/schema/endo/colonoscopyQuality.owl#Hepatic_flexure_of_colon> -> <http://blulab.chpc.utah.edu/ontologies/schema/endo/colonoscopyQuality.owl#Entire_right_colic_flexure>, <http://blulab.chpc.utah.edu/ontologies/v2/ConText.owl#Lexicon> -> <http://blulab.chpc.utah.edu/ontologies/v2/ConText.owl#Modifier> -> <http://blulab.chpc.utah.edu/ontologies/v2/ConText.owl#SemanticModifier> -> <http://blulab.chpc.utah.edu/ontologies/v2/ConText.owl#BodySite> -> <http://blulab.chpc.utah.edu/ontologies/schema/endo/colonoscopyQuality.owl#Colon_structure> -> <http://blulab.chpc.utah.edu/ontologies/schema/endo/colonoscopyQuality.owl#Entire_colon> -> <http://blulab.chpc.utah.edu/ontologies/schema/endo/colonoscopyQuality.owl#Left_colon> -> <http://blulab.chpc.utah.edu/ontologies/schema/endo/colonoscopyQuality.owl#Descending_colon> -> <http://blulab.chpc.utah.edu/ontologies/schema/endo/colonoscopyQuality.owl#Left_colic_flexure> -> <http://blulab.chpc.utah.edu/ontologies/schema/endo/colonoscopyQuality.owl#Entire_transverse_colon> -> <http://blulab.chpc.utah.edu/ontologies/schema/endo/colonoscopyQuality.owl#Hepatic_flexure_of_colon> -> <http://blulab.chpc.utah.edu/ontologies/schema/endo/colonoscopyQuality.owl#Entire_right_colic_flexure>, <http://blulab.chpc.utah.edu/ontologies/v2/ConText.owl#Lexicon> -> <http://blulab.chpc.utah.edu/ontologies/v2/ConText.owl#Modifier> -> <http://blulab.chpc.utah.edu/ontologies/v2/ConText.owl#SemanticModifier> -> <http://blulab.chpc.utah.edu/ontologies/v2/ConText.owl#BodySite> -> <http://blulab.chpc.utah.edu/ontologies/schema/endo/colonoscopyQuality.owl#Colon_structure> -> <http://blulab.chpc.utah.edu/ontologies/schema/endo/colonoscopyQuality.owl#Left_colon> -> <http://blulab.chpc.utah.edu/ontologies/schema/endo/colonoscopyQuality.owl#Descending_colon> -> <http://blulab.chpc.utah.edu/ontologies/schema/endo/colonoscopyQuality.owl#Left_colic_flexure> -> <http://blulab.chpc.utah.edu/ontologies/schema/endo/colonoscopyQuality.owl#Entire_transverse_colon> -> <http://blulab.chpc.utah.edu/ontologies/schema/endo/colonoscopyQuality.owl#Hepatic_flexure_of_colon> -> <http://blulab.chpc.utah.edu/ontologies/schema/endo/colonoscopyQuality.owl#Entire_right_colic_flexure>, <http://blulab.chpc.utah.edu/ontologies/v2/ConText.owl#Lexicon> -> <http://blulab.chpc.utah.edu/ontologies/v2/ConText.owl#Modifier> -> <http://blulab.chpc.utah.edu/ontologies/v2/ConText.owl#SemanticModifier> -> <http://blulab.chpc.utah.edu/ontologies/v2/ConText.owl#BodySite> -> <http://blulab.chpc.utah.edu/ontologies/schema/endo/colonoscopyQuality.owl#Colon_structure> -> <http://blulab.chpc.utah.edu/ontologies/schema/endo/colonoscopyQuality.owl#Region_of_colon> -> <http://blulab.chpc.utah.edu/ontologies/schema/endo/colonoscopyQuality.owl#Descending_colon> -> <http://blulab.chpc.utah.edu/ontologies/schema/endo/colonoscopyQuality.owl#Left_colic_flexure> -> <http://blulab.chpc.utah.edu/ontologies/schema/endo/colonoscopyQuality.owl#Entire_transverse_colon> -> <http://blulab.chpc.utah.edu/ontologies/schema/endo/colonoscopyQuality.owl#Hepatic_flexure_of_colon> -> <http://blulab.chpc.utah.edu/ontologies/schema/endo/colonoscopyQuality.owl#Entire_right_colic_flexure>, <http://blulab.chpc.utah.edu/ontologies/v2/ConText.owl#Lexicon> -> <http://blulab.chpc.utah.edu/ontologies/v2/ConText.owl#Modifier> -> <http://blulab.chpc.utah.edu/ontologies/v2/ConText.owl#SemanticModifier> -> <http://blulab.chpc.utah.edu/ontologies/v2/ConText.owl#BodySite> -> <http://blulab.chpc.utah.edu/ontologies/schema/endo/colonoscopyQuality.owl#Colon_structure> -> <http://blulab.chpc.utah.edu/ontologies/schema/endo/colonoscopyQuality.owl#Region_of_colon> -> <http://blulab.chpc.utah.edu/ontologies/schema/endo/colonoscopyQuality.owl#Structure_of_colic_flexure> -> <http://blulab.chpc.utah.edu/ontologies/schema/endo/colonoscopyQuality.owl#Hepatic_flexure_of_colon> -> <http://blulab.chpc.utah.edu/ontologies/schema/endo/colonoscopyQuality.owl#Entire_right_colic_flexure>, <http://blulab.chpc.utah.edu/ontologies/v2/ConText.owl#Lexicon> -> <http://blulab.chpc.utah.edu/ontologies/v2/ConText.owl#Modifier> -> <http://blulab.chpc.utah.edu/ontologies/v2/ConText.owl#SemanticModifier> -> <http://blulab.chpc.utah.edu/ontologies/v2/ConText.owl#BodySite> -> <http://blulab.chpc.utah.edu/ontologies/schema/endo/colonoscopyQuality.owl#Colon_structure> -> <http://blulab.chpc.utah.edu/ontologies/schema/endo/colonoscopyQuality.owl#Entire_colon> -> <http://blulab.chpc.utah.edu/ontologies/schema/endo/colonoscopyQuality.owl#Structure_of_colic_flexure> -> <http://blulab.chpc.utah.edu/ontologies/schema/endo/colonoscopyQuality.owl#Hepatic_flexure_of_colon> -> <http://blulab.chpc.utah.edu/ontologies/schema/endo/colonoscopyQuality.owl#Entire_right_colic_flexure>, <http://blulab.chpc.utah.edu/ontologies/v2/ConText.owl#Lexicon> -> <http://blulab.chpc.utah.edu/ontologies/v2/ConText.owl#Modifier> -> <http://blulab.chpc.utah.edu/ontologies/v2/ConText.owl#SemanticModifier> -> <http://blulab.chpc.utah.edu/ontologies/v2/ConText.owl#BodySite> -> <http://blulab.chpc.utah.edu/ontologies/schema/endo/colonoscopyQuality.owl#Colon_structure> -> <http://blulab.chpc.utah.edu/ontologies/schema/endo/colonoscopyQuality.owl#Entire_colon> -> <http://blulab.chpc.utah.edu/ontologies/schema/endo/colonoscopyQuality.owl#Transverse_colon> -> <http://blulab.chpc.utah.edu/ontologies/schema/endo/colonoscopyQuality.owl#Hepatic_flexure_of_colon> -> <http://blulab.chpc.utah.edu/ontologies/schema/endo/colonoscopyQuality.owl#Entire_right_colic_flexure>, <http://blulab.chpc.utah.edu/ontologies/v2/ConText.owl#Lexicon> -> <http://blulab.chpc.utah.edu/ontologies/v2/ConText.owl#Modifier> -> <http://blulab.chpc.utah.edu/ontologies/v2/ConText.owl#SemanticModifier> -> <http://blulab.chpc.utah.edu/ontologies/v2/ConText.owl#BodySite> -> <http://blulab.chpc.utah.edu/ontologies/schema/endo/colonoscopyQuality.owl#Colon_structure> -> <http://blulab.chpc.utah.edu/ontologies/schema/endo/colonoscopyQuality.owl#Region_of_colon> -> <http://blulab.chpc.utah.edu/ontologies/schema/endo/colonoscopyQuality.owl#Transverse_colon> -> <http://blulab.chpc.utah.edu/ontologies/schema/endo/colonoscopyQuality.owl#Hepatic_flexure_of_colon> -> <http://blulab.chpc.utah.edu/ontologies/schema/endo/colonoscopyQuality.owl#Entire_right_colic_flexure>, <http://blulab.chpc.utah.edu/ontologies/v2/ConText.owl#Lexicon> -> <http://blulab.chpc.utah.edu/ontologies/v2/ConText.owl#Modifier> -> <http://blulab.chpc.utah.edu/ontologies/v2/ConText.owl#SemanticModifier> -> <http://blulab.chpc.utah.edu/ontologies/v2/ConText.owl#BodySite> -> <http://blulab.chpc.utah.edu/ontologies/schema/endo/colonoscopyQuality.owl#Colon_structure> -> <http://blulab.chpc.utah.edu/ontologies/schema/endo/colonoscopyQuality.owl#Transverse_colon> -> <http://blulab.chpc.utah.edu/ontologies/schema/endo/colonoscopyQuality.owl#Hepatic_flexure_of_colon> -> <http://blulab.chpc.utah.edu/ontologies/schema/endo/colonoscopyQuality.owl#Entire_right_colic_flexure>, <http://blulab.chpc.utah.edu/ontologies/v2/ConText.owl#Lexicon> -> <http://blulab.chpc.utah.edu/ontologies/v2/ConText.owl#Modifier> -> <http://blulab.chpc.utah.edu/ontologies/v2/ConText.owl#SemanticModifier> -> <http://blulab.chpc.utah.edu/ontologies/v2/ConText.owl#BodySite> -> <http://blulab.chpc.utah.edu/ontologies/schema/endo/colonoscopyQuality.owl#Colon_structure> -> <http://blulab.chpc.utah.edu/ontologies/schema/endo/colonoscopyQuality.owl#Entire_colon> -> <http://blulab.chpc.utah.edu/ontologies/schema/endo/colonoscopyQuality.owl#Right_colon> -> <http://blulab.chpc.utah.edu/ontologies/schema/endo/colonoscopyQuality.owl#Entire_right_colon> -> <http://blulab.chpc.utah.edu/ontologies/schema/endo/colonoscopyQuality.owl#Ascending_colon> -> <http://blulab.chpc.utah.edu/ontologies/schema/endo/colonoscopyQuality.owl#Hepatic_flexure_of_colon> -> <http://blulab.chpc.utah.edu/ontologies/schema/endo/colonoscopyQuality.owl#Entire_right_colic_flexure>, <http://blulab.chpc.utah.edu/ontologies/v2/ConText.owl#Lexicon> -> <http://blulab.chpc.utah.edu/ontologies/v2/ConText.owl#Modifier> -> <http://blulab.chpc.utah.edu/ontologies/v2/ConText.owl#SemanticModifier> -> <http://blulab.chpc.utah.edu/ontologies/v2/ConText.owl#BodySite> -> <http://blulab.chpc.utah.edu/ontologies/schema/endo/colonoscopyQuality.owl#Colon_structure> -> <http://blulab.chpc.utah.edu/ontologies/schema/endo/colonoscopyQuality.owl#Entire_colon> -> <http://blulab.chpc.utah.edu/ontologies/schema/endo/colonoscopyQuality.owl#Entire_right_colon> -> <http://blulab.chpc.utah.edu/ontologies/schema/endo/colonoscopyQuality.owl#Ascending_colon> -> <http://blulab.chpc.utah.edu/ontologies/schema/endo/colonoscopyQuality.owl#Hepatic_flexure_of_colon> -> <http://blulab.chpc.utah.edu/ontologies/schema/endo/colonoscopyQuality.owl#Entire_right_colic_flexure>, <http://blulab.chpc.utah.edu/ontologies/v2/ConText.owl#Lexicon> -> <http://blulab.chpc.utah.edu/ontologies/v2/ConText.owl#Modifier> -> <http://blulab.chpc.utah.edu/ontologies/v2/ConText.owl#SemanticModifier> -> <http://blulab.chpc.utah.edu/ontologies/v2/ConText.owl#BodySite> -> <http://blulab.chpc.utah.edu/ontologies/schema/endo/colonoscopyQuality.owl#Colon_structure> -> <http://blulab.chpc.utah.edu/ontologies/schema/endo/colonoscopyQuality.owl#Region_of_colon> -> <http://blulab.chpc.utah.edu/ontologies/schema/endo/colonoscopyQuality.owl#Ascending_colon> -> <http://blulab.chpc.utah.edu/ontologies/schema/endo/colonoscopyQuality.owl#Hepatic_flexure_of_colon> -> <http://blulab.chpc.utah.edu/ontologies/schema/endo/colonoscopyQuality.owl#Entire_right_colic_flexure>, <http://blulab.chpc.utah.edu/ontologies/v2/ConText.owl#Lexicon> -> <http://blulab.chpc.utah.edu/ontologies/v2/ConText.owl#Modifier> -> <http://blulab.chpc.utah.edu/ontologies/v2/ConText.owl#SemanticModifier> -> <http://blulab.chpc.utah.edu/ontologies/v2/ConText.owl#BodySite> -> <http://blulab.chpc.utah.edu/ontologies/schema/endo/colonoscopyQuality.owl#Colon_structure> -> <http://blulab.chpc.utah.edu/ontologies/schema/endo/colonoscopyQuality.owl#Entire_colon> -> <http://blulab.chpc.utah.edu/ontologies/schema/endo/colonoscopyQuality.owl#Right_colon> -> <http://blulab.chpc.utah.edu/ontologies/schema/endo/colonoscopyQuality.owl#Ascending_colon> -> <http://blulab.chpc.utah.edu/ontologies/schema/endo/colonoscopyQuality.owl#Hepatic_flexure_of_colon> -> <http://blulab.chpc.utah.edu/ontologies/schema/endo/colonoscopyQuality.owl#Entire_right_colic_flexure>]]

	Modifier: Hepatic_flexure_of_colon, uri=http://blulab.chpc.utah.edu/ontologies/schema/endo/colonoscopyQuality.owl#Hepatic_flexure_of_colon, type= Semantic, classPath= [<http://blulab.chpc.utah.edu/ontologies/v2/ConText.owl#Lexicon> -> <http://blulab.chpc.utah.edu/ontologies/v2/ConText.owl#Modifier> -> <http://blulab.chpc.utah.edu/ontologies/v2/ConText.owl#SemanticModifier> -> <http://blulab.chpc.utah.edu/ontologies/v2/ConText.owl#BodySite> -> <http://blulab.chpc.utah.edu/ontologies/schema/endo/colonoscopyQuality.owl#Colon_structure> -> <http://blulab.chpc.utah.edu/ontologies/schema/endo/colonoscopyQuality.owl#Ascending_colon> -> <http://blulab.chpc.utah.edu/ontologies/schema/endo/colonoscopyQuality.owl#Hepatic_flexure_of_colon>, <http://blulab.chpc.utah.edu/ontologies/v2/ConText.owl#Lexicon> -> <http://blulab.chpc.utah.edu/ontologies/v2/ConText.owl#Modifier> -> <http://blulab.chpc.utah.edu/ontologies/v2/ConText.owl#SemanticModifier> -> <http://blulab.chpc.utah.edu/ontologies/v2/ConText.owl#BodySite> -> <http://blulab.chpc.utah.edu/ontologies/schema/endo/colonoscopyQuality.owl#Colon_structure> -> <http://blulab.chpc.utah.edu/ontologies/schema/endo/colonoscopyQuality.owl#Ascending_colon> -> <http://blulab.chpc.utah.edu/ontologies/schema/endo/colonoscopyQuality.owl#Entire_ascending_colon> -> <http://blulab.chpc.utah.edu/ontologies/schema/endo/colonoscopyQuality.owl#Hepatic_flexure_of_colon>, <http://blulab.chpc.utah.edu/ontologies/v2/ConText.owl#Lexicon> -> <http://blulab.chpc.utah.edu/ontologies/v2/ConText.owl#Modifier> -> <http://blulab.chpc.utah.edu/ontologies/v2/ConText.owl#SemanticModifier> -> <http://blulab.chpc.utah.edu/ontologies/v2/ConText.owl#BodySite> -> <http://blulab.chpc.utah.edu/ontologies/schema/endo/colonoscopyQuality.owl#Colon_structure> -> <http://blulab.chpc.utah.edu/ontologies/schema/endo/colonoscopyQuality.owl#Entire_colon> -> <http://blulab.chpc.utah.edu/ontologies/schema/endo/colonoscopyQuality.owl#Right_colon> -> <http://blulab.chpc.utah.edu/ontologies/schema/endo/colonoscopyQuality.owl#Entire_right_colon> -> <http://blulab.chpc.utah.edu/ontologies/schema/endo/colonoscopyQuality.owl#Ascending_colon> -> <http://blulab.chpc.utah.edu/ontologies/schema/endo/colonoscopyQuality.owl#Entire_ascending_colon> -> <http://blulab.chpc.utah.edu/ontologies/schema/endo/colonoscopyQuality.owl#Hepatic_flexure_of_colon>, <http://blulab.chpc.utah.edu/ontologies/v2/ConText.owl#Lexicon> -> <http://blulab.chpc.utah.edu/ontologies/v2/ConText.owl#Modifier> -> <http://blulab.chpc.utah.edu/ontologies/v2/ConText.owl#SemanticModifier> -> <http://blulab.chpc.utah.edu/ontologies/v2/ConText.owl#BodySite> -> <http://blulab.chpc.utah.edu/ontologies/schema/endo/colonoscopyQuality.owl#Colon_structure> -> <http://blulab.chpc.utah.edu/ontologies/schema/endo/colonoscopyQuality.owl#Entire_colon> -> <http://blulab.chpc.utah.edu/ontologies/schema/endo/colonoscopyQuality.owl#Entire_right_colon> -> <http://blulab.chpc.utah.edu/ontologies/schema/endo/colonoscopyQuality.owl#Ascending_colon> -> <http://blulab.chpc.utah.edu/ontologies/schema/endo/colonoscopyQuality.owl#Entire_ascending_colon> -> <http://blulab.chpc.utah.edu/ontologies/schema/endo/colonoscopyQuality.owl#Hepatic_flexure_of_colon>, <http://blulab.chpc.utah.edu/ontologies/v2/ConText.owl#Lexicon> -> <http://blulab.chpc.utah.edu/ontologies/v2/ConText.owl#Modifier> -> <http://blulab.chpc.utah.edu/ontologies/v2/ConText.owl#SemanticModifier> -> <http://blulab.chpc.utah.edu/ontologies/v2/ConText.owl#BodySite> -> <http://blulab.chpc.utah.edu/ontologies/schema/endo/colonoscopyQuality.owl#Colon_structure> -> <http://blulab.chpc.utah.edu/ontologies/schema/endo/colonoscopyQuality.owl#Region_of_colon> -> <http://blulab.chpc.utah.edu/ontologies/schema/endo/colonoscopyQuality.owl#Ascending_colon> -> <http://blulab.chpc.utah.edu/ontologies/schema/endo/colonoscopyQuality.owl#Entire_ascending_colon> -> <http://blulab.chpc.utah.edu/ontologies/schema/endo/colonoscopyQuality.owl#Hepatic_flexure_of_colon>, <http://blulab.chpc.utah.edu/ontologies/v2/ConText.owl#Lexicon> -> <http://blulab.chpc.utah.edu/ontologies/v2/ConText.owl#Modifier> -> <http://blulab.chpc.utah.edu/ontologies/v2/ConText.owl#SemanticModifier> -> <http://blulab.chpc.utah.edu/ontologies/v2/ConText.owl#BodySite> -> <http://blulab.chpc.utah.edu/ontologies/schema/endo/colonoscopyQuality.owl#Colon_structure> -> <http://blulab.chpc.utah.edu/ontologies/schema/endo/colonoscopyQuality.owl#Entire_colon> -> <http://blulab.chpc.utah.edu/ontologies/schema/endo/colonoscopyQuality.owl#Right_colon> -> <http://blulab.chpc.utah.edu/ontologies/schema/endo/colonoscopyQuality.owl#Ascending_colon> -> <http://blulab.chpc.utah.edu/ontologies/schema/endo/colonoscopyQuality.owl#Entire_ascending_colon> -> <http://blulab.chpc.utah.edu/ontologies/schema/endo/colonoscopyQuality.owl#Hepatic_flexure_of_colon>, <http://blulab.chpc.utah.edu/ontologies/v2/ConText.owl#Lexicon> -> <http://blulab.chpc.utah.edu/ontologies/v2/ConText.owl#Modifier> -> <http://blulab.chpc.utah.edu/ontologies/v2/ConText.owl#SemanticModifier> -> <http://blulab.chpc.utah.edu/ontologies/v2/ConText.owl#BodySite> -> <http://blulab.chpc.utah.edu/ontologies/schema/endo/colonoscopyQuality.owl#Colon_structure> -> <http://blulab.chpc.utah.edu/ontologies/schema/endo/colonoscopyQuality.owl#Entire_colon> -> <http://blulab.chpc.utah.edu/ontologies/schema/endo/colonoscopyQuality.owl#Structure_of_colic_flexure> -> <http://blulab.chpc.utah.edu/ontologies/schema/endo/colonoscopyQuality.owl#Entire_colic_flexure> -> <http://blulab.chpc.utah.edu/ontologies/schema/endo/colonoscopyQuality.owl#Hepatic_flexure_of_colon>, <http://blulab.chpc.utah.edu/ontologies/v2/ConText.owl#Lexicon> -> <http://blulab.chpc.utah.edu/ontologies/v2/ConText.owl#Modifier> -> <http://blulab.chpc.utah.edu/ontologies/v2/ConText.owl#SemanticModifier> -> <http://blulab.chpc.utah.edu/ontologies/v2/ConText.owl#BodySite> -> <http://blulab.chpc.utah.edu/ontologies/schema/endo/colonoscopyQuality.owl#Colon_structure> -> <http://blulab.chpc.utah.edu/ontologies/schema/endo/colonoscopyQuality.owl#Region_of_colon> -> <http://blulab.chpc.utah.edu/ontologies/schema/endo/colonoscopyQuality.owl#Structure_of_colic_flexure> -> <http://blulab.chpc.utah.edu/ontologies/schema/endo/colonoscopyQuality.owl#Entire_colic_flexure> -> <http://blulab.chpc.utah.edu/ontologies/schema/endo/colonoscopyQuality.owl#Hepatic_flexure_of_colon>, <http://blulab.chpc.utah.edu/ontologies/v2/ConText.owl#Lexicon> -> <http://blulab.chpc.utah.edu/ontologies/v2/ConText.owl#Modifier> -> <http://blulab.chpc.utah.edu/ontologies/v2/ConText.owl#SemanticModifier> -> <http://blulab.chpc.utah.edu/ontologies/v2/ConText.owl#BodySite> -> <http://blulab.chpc.utah.edu/ontologies/schema/endo/colonoscopyQuality.owl#Colon_structure> -> <http://blulab.chpc.utah.edu/ontologies/schema/endo/colonoscopyQuality.owl#Descending_colon> -> <http://blulab.chpc.utah.edu/ontologies/schema/endo/colonoscopyQuality.owl#Left_colic_flexure> -> <http://blulab.chpc.utah.edu/ontologies/schema/endo/colonoscopyQuality.owl#Entire_transverse_colon> -> <http://blulab.chpc.utah.edu/ontologies/schema/endo/colonoscopyQuality.owl#Hepatic_flexure_of_colon>, <http://blulab.chpc.utah.edu/ontologies/v2/ConText.owl#Lexicon> -> <http://blulab.chpc.utah.edu/ontologies/v2/ConText.owl#Modifier> -> <http://blulab.chpc.utah.edu/ontologies/v2/ConText.owl#SemanticModifier> -> <http://blulab.chpc.utah.edu/ontologies/v2/ConText.owl#BodySite> -> <http://blulab.chpc.utah.edu/ontologies/schema/endo/colonoscopyQuality.owl#Colon_structure> -> <http://blulab.chpc.utah.edu/ontologies/schema/endo/colonoscopyQuality.owl#Descending_colon> -> <http://blulab.chpc.utah.edu/ontologies/schema/endo/colonoscopyQuality.owl#Entire_descending_colon> -> <http://blulab.chpc.utah.edu/ontologies/schema/endo/colonoscopyQuality.owl#Left_colic_flexure> -> <http://blulab.chpc.utah.edu/ontologies/schema/endo/colonoscopyQuality.owl#Entire_transverse_colon> -> <http://blulab.chpc.utah.edu/ontologies/schema/endo/colonoscopyQuality.owl#Hepatic_flexure_of_colon>, <http://blulab.chpc.utah.edu/ontologies/v2/ConText.owl#Lexicon> -> <http://blulab.chpc.utah.edu/ontologies/v2/ConText.owl#Modifier> -> <http://blulab.chpc.utah.edu/ontologies/v2/ConText.owl#SemanticModifier> -> <http://blulab.chpc.utah.edu/ontologies/v2/ConText.owl#BodySite> -> <http://blulab.chpc.utah.edu/ontologies/schema/endo/colonoscopyQuality.owl#Colon_structure> -> <http://blulab.chpc.utah.edu/ontologies/schema/endo/colonoscopyQuality.owl#Left_colon> -> <http://blulab.chpc.utah.edu/ontologies/schema/endo/colonoscopyQuality.owl#Entire_left_colon> -> <http://blulab.chpc.utah.edu/ontologies/schema/endo/colonoscopyQuality.owl#Descending_colon> -> <http://blulab.chpc.utah.edu/ontologies/schema/endo/colonoscopyQuality.owl#Entire_descending_colon> -> <http://blulab.chpc.utah.edu/ontologies/schema/endo/colonoscopyQuality.owl#Left_colic_flexure> -> <http://blulab.chpc.utah.edu/ontologies/schema/endo/colonoscopyQuality.owl#Entire_transverse_colon> -> <http://blulab.chpc.utah.edu/ontologies/schema/endo/colonoscopyQuality.owl#Hepatic_flexure_of_colon>, <http://blulab.chpc.utah.edu/ontologies/v2/ConText.owl#Lexicon> -> <http://blulab.chpc.utah.edu/ontologies/v2/ConText.owl#Modifier> -> <http://blulab.chpc.utah.edu/ontologies/v2/ConText.owl#SemanticModifier> -> <http://blulab.chpc.utah.edu/ontologies/v2/ConText.owl#BodySite> -> <http://blulab.chpc.utah.edu/ontologies/schema/endo/colonoscopyQuality.owl#Colon_structure> -> <http://blulab.chpc.utah.edu/ontologies/schema/endo/colonoscopyQuality.owl#Entire_colon> -> <http://blulab.chpc.utah.edu/ontologies/schema/endo/colonoscopyQuality.owl#Left_colon> -> <http://blulab.chpc.utah.edu/ontologies/schema/endo/colonoscopyQuality.owl#Entire_left_colon> -> <http://blulab.chpc.utah.edu/ontologies/schema/endo/colonoscopyQuality.owl#Descending_colon> -> <http://blulab.chpc.utah.edu/ontologies/schema/endo/colonoscopyQuality.owl#Entire_descending_colon> -> <http://blulab.chpc.utah.edu/ontologies/schema/endo/colonoscopyQuality.owl#Left_colic_flexure> -> <http://blulab.chpc.utah.edu/ontologies/schema/endo/colonoscopyQuality.owl#Entire_transverse_colon> -> <http://blulab.chpc.utah.edu/ontologies/schema/endo/colonoscopyQuality.owl#Hepatic_flexure_of_colon>, <http://blulab.chpc.utah.edu/ontologies/v2/ConText.owl#Lexicon> -> <http://blulab.chpc.utah.edu/ontologies/v2/ConText.owl#Modifier> -> <http://blulab.chpc.utah.edu/ontologies/v2/ConText.owl#SemanticModifier> -> <http://blulab.chpc.utah.edu/ontologies/v2/ConText.owl#BodySite> -> <http://blulab.chpc.utah.edu/ontologies/schema/endo/colonoscopyQuality.owl#Colon_structure> -> <http://blulab.chpc.utah.edu/ontologies/schema/endo/colonoscopyQuality.owl#Entire_colon> -> <http://blulab.chpc.utah.edu/ontologies/schema/endo/colonoscopyQuality.owl#Left_colon> -> <http://blulab.chpc.utah.edu/ontologies/schema/endo/colonoscopyQuality.owl#Descending_colon> -> <http://blulab.chpc.utah.edu/ontologies/schema/endo/colonoscopyQuality.owl#Entire_descending_colon> -> <http://blulab.chpc.utah.edu/ontologies/schema/endo/colonoscopyQuality.owl#Left_colic_flexure> -> <http://blulab.chpc.utah.edu/ontologies/schema/endo/colonoscopyQuality.owl#Entire_transverse_colon> -> <http://blulab.chpc.utah.edu/ontologies/schema/endo/colonoscopyQuality.owl#Hepatic_flexure_of_colon>, <http://blulab.chpc.utah.edu/ontologies/v2/ConText.owl#Lexicon> -> <http://blulab.chpc.utah.edu/ontologies/v2/ConText.owl#Modifier> -> <http://blulab.chpc.utah.edu/ontologies/v2/ConText.owl#SemanticModifier> -> <http://blulab.chpc.utah.edu/ontologies/v2/ConText.owl#BodySite> -> <http://blulab.chpc.utah.edu/ontologies/schema/endo/colonoscopyQuality.owl#Colon_structure> -> <http://blulab.chpc.utah.edu/ontologies/schema/endo/colonoscopyQuality.owl#Left_colon> -> <http://blulab.chpc.utah.edu/ontologies/schema/endo/colonoscopyQuality.owl#Descending_colon> -> <http://blulab.chpc.utah.edu/ontologies/schema/endo/colonoscopyQuality.owl#Entire_descending_colon> -> <http://blulab.chpc.utah.edu/ontologies/schema/endo/colonoscopyQuality.owl#Left_colic_flexure> -> <http://blulab.chpc.utah.edu/ontologies/schema/endo/colonoscopyQuality.owl#Entire_transverse_colon> -> <http://blulab.chpc.utah.edu/ontologies/schema/endo/colonoscopyQuality.owl#Hepatic_flexure_of_colon>, <http://blulab.chpc.utah.edu/ontologies/v2/ConText.owl#Lexicon> -> <http://blulab.chpc.utah.edu/ontologies/v2/ConText.owl#Modifier> -> <http://blulab.chpc.utah.edu/ontologies/v2/ConText.owl#SemanticModifier> -> <http://blulab.chpc.utah.edu/ontologies/v2/ConText.owl#BodySite> -> <http://blulab.chpc.utah.edu/ontologies/schema/endo/colonoscopyQuality.owl#Colon_structure> -> <http://blulab.chpc.utah.edu/ontologies/schema/endo/colonoscopyQuality.owl#Region_of_colon> -> <http://blulab.chpc.utah.edu/ontologies/schema/endo/colonoscopyQuality.owl#Descending_colon> -> <http://blulab.chpc.utah.edu/ontologies/schema/endo/colonoscopyQuality.owl#Entire_descending_colon> -> <http://blulab.chpc.utah.edu/ontologies/schema/endo/colonoscopyQuality.owl#Left_colic_flexure> -> <http://blulab.chpc.utah.edu/ontologies/schema/endo/colonoscopyQuality.owl#Entire_transverse_colon> -> <http://blulab.chpc.utah.edu/ontologies/schema/endo/colonoscopyQuality.owl#Hepatic_flexure_of_colon>, <http://blulab.chpc.utah.edu/ontologies/v2/ConText.owl#Lexicon> -> <http://blulab.chpc.utah.edu/ontologies/v2/ConText.owl#Modifier> -> <http://blulab.chpc.utah.edu/ontologies/v2/ConText.owl#SemanticModifier> -> <http://blulab.chpc.utah.edu/ontologies/v2/ConText.owl#BodySite> -> <http://blulab.chpc.utah.edu/ontologies/schema/endo/colonoscopyQuality.owl#Colon_structure> -> <http://blulab.chpc.utah.edu/ontologies/schema/endo/colonoscopyQuality.owl#Region_of_colon> -> <http://blulab.chpc.utah.edu/ontologies/schema/endo/colonoscopyQuality.owl#Structure_of_colic_flexure> -> <http://blulab.chpc.utah.edu/ontologies/schema/endo/colonoscopyQuality.owl#Left_colic_flexure> -> <http://blulab.chpc.utah.edu/ontologies/schema/endo/colonoscopyQuality.owl#Entire_transverse_colon> -> <http://blulab.chpc.utah.edu/ontologies/schema/endo/colonoscopyQuality.owl#Hepatic_flexure_of_colon>, <http://blulab.chpc.utah.edu/ontologies/v2/ConText.owl#Lexicon> -> <http://blulab.chpc.utah.edu/ontologies/v2/ConText.owl#Modifier> -> <http://blulab.chpc.utah.edu/ontologies/v2/ConText.owl#SemanticModifier> -> <http://blulab.chpc.utah.edu/ontologies/v2/ConText.owl#BodySite> -> <http://blulab.chpc.utah.edu/ontologies/schema/endo/colonoscopyQuality.owl#Colon_structure> -> <http://blulab.chpc.utah.edu/ontologies/schema/endo/colonoscopyQuality.owl#Entire_colon> -> <http://blulab.chpc.utah.edu/ontologies/schema/endo/colonoscopyQuality.owl#Structure_of_colic_flexure> -> <http://blulab.chpc.utah.edu/ontologies/schema/endo/colonoscopyQuality.owl#Left_colic_flexure> -> <http://blulab.chpc.utah.edu/ontologies/schema/endo/colonoscopyQuality.owl#Entire_transverse_colon> -> <http://blulab.chpc.utah.edu/ontologies/schema/endo/colonoscopyQuality.owl#Hepatic_flexure_of_colon>, <http://blulab.chpc.utah.edu/ontologies/v2/ConText.owl#Lexicon> -> <http://blulab.chpc.utah.edu/ontologies/v2/ConText.owl#Modifier> -> <http://blulab.chpc.utah.edu/ontologies/v2/ConText.owl#SemanticModifier> -> <http://blulab.chpc.utah.edu/ontologies/v2/ConText.owl#BodySite> -> <http://blulab.chpc.utah.edu/ontologies/schema/endo/colonoscopyQuality.owl#Colon_structure> -> <http://blulab.chpc.utah.edu/ontologies/schema/endo/colonoscopyQuality.owl#Entire_colon> -> <http://blulab.chpc.utah.edu/ontologies/schema/endo/colonoscopyQuality.owl#Transverse_colon> -> <http://blulab.chpc.utah.edu/ontologies/schema/endo/colonoscopyQuality.owl#Left_colic_flexure> -> <http://blulab.chpc.utah.edu/ontologies/schema/endo/colonoscopyQuality.owl#Entire_transverse_colon> -> <http://blulab.chpc.utah.edu/ontologies/schema/endo/colonoscopyQuality.owl#Hepatic_flexure_of_colon>, <http://blulab.chpc.utah.edu/ontologies/v2/ConText.owl#Lexicon> -> <http://blulab.chpc.utah.edu/ontologies/v2/ConText.owl#Modifier> -> <http://blulab.chpc.utah.edu/ontologies/v2/ConText.owl#SemanticModifier> -> <http://blulab.chpc.utah.edu/ontologies/v2/ConText.owl#BodySite> -> <http://blulab.chpc.utah.edu/ontologies/schema/endo/colonoscopyQuality.owl#Colon_structure> -> <http://blulab.chpc.utah.edu/ontologies/schema/endo/colonoscopyQuality.owl#Region_of_colon> -> <http://blulab.chpc.utah.edu/ontologies/schema/endo/colonoscopyQuality.owl#Transverse_colon> -> <http://blulab.chpc.utah.edu/ontologies/schema/endo/colonoscopyQuality.owl#Left_colic_flexure> -> <http://blulab.chpc.utah.edu/ontologies/schema/endo/colonoscopyQuality.owl#Entire_transverse_colon> -> <http://blulab.chpc.utah.edu/ontologies/schema/endo/colonoscopyQuality.owl#Hepatic_flexure_of_colon>, <http://blulab.chpc.utah.edu/ontologies/v2/ConText.owl#Lexicon> -> <http://blulab.chpc.utah.edu/ontologies/v2/ConText.owl#Modifier> -> <http://blulab.chpc.utah.edu/ontologies/v2/ConText.owl#SemanticModifier> -> <http://blulab.chpc.utah.edu/ontologies/v2/ConText.owl#BodySite> -> <http://blulab.chpc.utah.edu/ontologies/schema/endo/colonoscopyQuality.owl#Colon_structure> -> <http://blulab.chpc.utah.edu/ontologies/schema/endo/colonoscopyQuality.owl#Transverse_colon> -> <http://blulab.chpc.utah.edu/ontologies/schema/endo/colonoscopyQuality.owl#Left_colic_flexure> -> <http://blulab.chpc.utah.edu/ontologies/schema/endo/colonoscopyQuality.owl#Entire_transverse_colon> -> <http://blulab.chpc.utah.edu/ontologies/schema/endo/colonoscopyQuality.owl#Hepatic_flexure_of_colon>, <http://blulab.chpc.utah.edu/ontologies/v2/ConText.owl#Lexicon> -> <http://blulab.chpc.utah.edu/ontologies/v2/ConText.owl#Modifier> -> <http://blulab.chpc.utah.edu/ontologies/v2/ConText.owl#SemanticModifier> -> <http://blulab.chpc.utah.edu/ontologies/v2/ConText.owl#BodySite> -> <http://blulab.chpc.utah.edu/ontologies/schema/endo/colonoscopyQuality.owl#Colon_structure> -> <http://blulab.chpc.utah.edu/ontologies/schema/endo/colonoscopyQuality.owl#Left_colon> -> <http://blulab.chpc.utah.edu/ontologies/schema/endo/colonoscopyQuality.owl#Entire_left_colon> -> <http://blulab.chpc.utah.edu/ontologies/schema/endo/colonoscopyQuality.owl#Descending_colon> -> <http://blulab.chpc.utah.edu/ontologies/schema/endo/colonoscopyQuality.owl#Left_colic_flexure> -> <http://blulab.chpc.utah.edu/ontologies/schema/endo/colonoscopyQuality.owl#Entire_transverse_colon> -> <http://blulab.chpc.utah.edu/ontologies/schema/endo/colonoscopyQuality.owl#Hepatic_flexure_of_colon>, <http://blulab.chpc.utah.edu/ontologies/v2/ConText.owl#Lexicon> -> <http://blulab.chpc.utah.edu/ontologies/v2/ConText.owl#Modifier> -> <http://blulab.chpc.utah.edu/ontologies/v2/ConText.owl#SemanticModifier> -> <http://blulab.chpc.utah.edu/ontologies/v2/ConText.owl#BodySite> -> <http://blulab.chpc.utah.edu/ontologies/schema/endo/colonoscopyQuality.owl#Colon_structure> -> <http://blulab.chpc.utah.edu/ontologies/schema/endo/colonoscopyQuality.owl#Entire_colon> -> <http://blulab.chpc.utah.edu/ontologies/schema/endo/colonoscopyQuality.owl#Left_colon> -> <http://blulab.chpc.utah.edu/ontologies/schema/endo/colonoscopyQuality.owl#Entire_left_colon> -> <http://blulab.chpc.utah.edu/ontologies/schema/endo/colonoscopyQuality.owl#Descending_colon> -> <http://blulab.chpc.utah.edu/ontologies/schema/endo/colonoscopyQuality.owl#Left_colic_flexure> -> <http://blulab.chpc.utah.edu/ontologies/schema/endo/colonoscopyQuality.owl#Entire_transverse_colon> -> <http://blulab.chpc.utah.edu/ontologies/schema/endo/colonoscopyQuality.owl#Hepatic_flexure_of_colon>, <http://blulab.chpc.utah.edu/ontologies/v2/ConText.owl#Lexicon> -> <http://blulab.chpc.utah.edu/ontologies/v2/ConText.owl#Modifier> -> <http://blulab.chpc.utah.edu/ontologies/v2/ConText.owl#SemanticModifier> -> <http://blulab.chpc.utah.edu/ontologies/v2/ConText.owl#BodySite> -> <http://blulab.chpc.utah.edu/ontologies/schema/endo/colonoscopyQuality.owl#Colon_structure> -> <http://blulab.chpc.utah.edu/ontologies/schema/endo/colonoscopyQuality.owl#Entire_colon> -> <http://blulab.chpc.utah.edu/ontologies/schema/endo/colonoscopyQuality.owl#Left_colon> -> <http://blulab.chpc.utah.edu/ontologies/schema/endo/colonoscopyQuality.owl#Descending_colon> -> <http://blulab.chpc.utah.edu/ontologies/schema/endo/colonoscopyQuality.owl#Left_colic_flexure> -> <http://blulab.chpc.utah.edu/ontologies/schema/endo/colonoscopyQuality.owl#Entire_transverse_colon> -> <http://blulab.chpc.utah.edu/ontologies/schema/endo/colonoscopyQuality.owl#Hepatic_flexure_of_colon>, <http://blulab.chpc.utah.edu/ontologies/v2/ConText.owl#Lexicon> -> <http://blulab.chpc.utah.edu/ontologies/v2/ConText.owl#Modifier> -> <http://blulab.chpc.utah.edu/ontologies/v2/ConText.owl#SemanticModifier> -> <http://blulab.chpc.utah.edu/ontologies/v2/ConText.owl#BodySite> -> <http://blulab.chpc.utah.edu/ontologies/schema/endo/colonoscopyQuality.owl#Colon_structure> -> <http://blulab.chpc.utah.edu/ontologies/schema/endo/colonoscopyQuality.owl#Left_colon> -> <http://blulab.chpc.utah.edu/ontologies/schema/endo/colonoscopyQuality.owl#Descending_colon> -> <http://blulab.chpc.utah.edu/ontologies/schema/endo/colonoscopyQuality.owl#Left_colic_flexure> -> <http://blulab.chpc.utah.edu/ontologies/schema/endo/colonoscopyQuality.owl#Entire_transverse_colon> -> <http://blulab.chpc.utah.edu/ontologies/schema/endo/colonoscopyQuality.owl#Hepatic_flexure_of_colon>, <http://blulab.chpc.utah.edu/ontologies/v2/ConText.owl#Lexicon> -> <http://blulab.chpc.utah.edu/ontologies/v2/ConText.owl#Modifier> -> <http://blulab.chpc.utah.edu/ontologies/v2/ConText.owl#SemanticModifier> -> <http://blulab.chpc.utah.edu/ontologies/v2/ConText.owl#BodySite> -> <http://blulab.chpc.utah.edu/ontologies/schema/endo/colonoscopyQuality.owl#Colon_structure> -> <http://blulab.chpc.utah.edu/ontologies/schema/endo/colonoscopyQuality.owl#Region_of_colon> -> <http://blulab.chpc.utah.edu/ontologies/schema/endo/colonoscopyQuality.owl#Descending_colon> -> <http://blulab.chpc.utah.edu/ontologies/schema/endo/colonoscopyQuality.owl#Left_colic_flexure> -> <http://blulab.chpc.utah.edu/ontologies/schema/endo/colonoscopyQuality.owl#Entire_transverse_colon> -> <http://blulab.chpc.utah.edu/ontologies/schema/endo/colonoscopyQuality.owl#Hepatic_flexure_of_colon>, <http://blulab.chpc.utah.edu/ontologies/v2/ConText.owl#Lexicon> -> <http://blulab.chpc.utah.edu/ontologies/v2/ConText.owl#Modifier> -> <http://blulab.chpc.utah.edu/ontologies/v2/ConText.owl#SemanticModifier> -> <http://blulab.chpc.utah.edu/ontologies/v2/ConText.owl#BodySite> -> <http://blulab.chpc.utah.edu/ontologies/schema/endo/colonoscopyQuality.owl#Colon_structure> -> <http://blulab.chpc.utah.edu/ontologies/schema/endo/colonoscopyQuality.owl#Region_of_colon> -> <http://blulab.chpc.utah.edu/ontologies/schema/endo/colonoscopyQuality.owl#Structure_of_colic_flexure> -> <http://blulab.chpc.utah.edu/ontologies/schema/endo/colonoscopyQuality.owl#Hepatic_flexure_of_colon>, <http://blulab.chpc.utah.edu/ontologies/v2/ConText.owl#Lexicon> -> <http://blulab.chpc.utah.edu/ontologies/v2/ConText.owl#Modifier> -> <http://blulab.chpc.utah.edu/ontologies/v2/ConText.owl#SemanticModifier> -> <http://blulab.chpc.utah.edu/ontologies/v2/ConText.owl#BodySite> -> <http://blulab.chpc.utah.edu/ontologies/schema/endo/colonoscopyQuality.owl#Colon_structure> -> <http://blulab.chpc.utah.edu/ontologies/schema/endo/colonoscopyQuality.owl#Entire_colon> -> <http://blulab.chpc.utah.edu/ontologies/schema/endo/colonoscopyQuality.owl#Structure_of_colic_flexure> -> <http://blulab.chpc.utah.edu/ontologies/schema/endo/colonoscopyQuality.owl#Hepatic_flexure_of_colon>, <http://blulab.chpc.utah.edu/ontologies/v2/ConText.owl#Lexicon> -> <http://blulab.chpc.utah.edu/ontologies/v2/ConText.owl#Modifier> -> <http://blulab.chpc.utah.edu/ontologies/v2/ConText.owl#SemanticModifier> -> <http://blulab.chpc.utah.edu/ontologies/v2/ConText.owl#BodySite> -> <http://blulab.chpc.utah.edu/ontologies/schema/endo/colonoscopyQuality.owl#Colon_structure> -> <http://blulab.chpc.utah.edu/ontologies/schema/endo/colonoscopyQuality.owl#Entire_colon> -> <http://blulab.chpc.utah.edu/ontologies/schema/endo/colonoscopyQuality.owl#Transverse_colon> -> <http://blulab.chpc.utah.edu/ontologies/schema/endo/colonoscopyQuality.owl#Hepatic_flexure_of_colon>, <http://blulab.chpc.utah.edu/ontologies/v2/ConText.owl#Lexicon> -> <http://blulab.chpc.utah.edu/ontologies/v2/ConText.owl#Modifier> -> <http://blulab.chpc.utah.edu/ontologies/v2/ConText.owl#SemanticModifier> -> <http://blulab.chpc.utah.edu/ontologies/v2/ConText.owl#BodySite> -> <http://blulab.chpc.utah.edu/ontologies/schema/endo/colonoscopyQuality.owl#Colon_structure> -> <http://blulab.chpc.utah.edu/ontologies/schema/endo/colonoscopyQuality.owl#Region_of_colon> -> <http://blulab.chpc.utah.edu/ontologies/schema/endo/colonoscopyQuality.owl#Transverse_colon> -> <http://blulab.chpc.utah.edu/ontologies/schema/endo/colonoscopyQuality.owl#Hepatic_flexure_of_colon>, <http://blulab.chpc.utah.edu/ontologies/v2/ConText.owl#Lexicon> -> <http://blulab.chpc.utah.edu/ontologies/v2/ConText.owl#Modifier> -> <http://blulab.chpc.utah.edu/ontologies/v2/ConText.owl#SemanticModifier> -> <http://blulab.chpc.utah.edu/ontologies/v2/ConText.owl#BodySite> -> <http://blulab.chpc.utah.edu/ontologies/schema/endo/colonoscopyQuality.owl#Colon_structure> -> <http://blulab.chpc.utah.edu/ontologies/schema/endo/colonoscopyQuality.owl#Transverse_colon> -> <http://blulab.chpc.utah.edu/ontologies/schema/endo/colonoscopyQuality.owl#Hepatic_flexure_of_colon>, <http://blulab.chpc.utah.edu/ontologies/v2/ConText.owl#Lexicon> -> <http://blulab.chpc.utah.edu/ontologies/v2/ConText.owl#Modifier> -> <http://blulab.chpc.utah.edu/ontologies/v2/ConText.owl#SemanticModifier> -> <http://blulab.chpc.utah.edu/ontologies/v2/ConText.owl#BodySite> -> <http://blulab.chpc.utah.edu/ontologies/schema/endo/colonoscopyQuality.owl#Colon_structure> -> <http://blulab.chpc.utah.edu/ontologies/schema/endo/colonoscopyQuality.owl#Entire_colon> -> <http://blulab.chpc.utah.edu/ontologies/schema/endo/colonoscopyQuality.owl#Right_colon> -> <http://blulab.chpc.utah.edu/ontologies/schema/endo/colonoscopyQuality.owl#Entire_right_colon> -> <http://blulab.chpc.utah.edu/ontologies/schema/endo/colonoscopyQuality.owl#Ascending_colon> -> <http://blulab.chpc.utah.edu/ontologies/schema/endo/colonoscopyQuality.owl#Hepatic_flexure_of_colon>, <http://blulab.chpc.utah.edu/ontologies/v2/ConText.owl#Lexicon> -> <http://blulab.chpc.utah.edu/ontologies/v2/ConText.owl#Modifier> -> <http://blulab.chpc.utah.edu/ontologies/v2/ConText.owl#SemanticModifier> -> <http://blulab.chpc.utah.edu/ontologies/v2/ConText.owl#BodySite> -> <http://blulab.chpc.utah.edu/ontologies/schema/endo/colonoscopyQuality.owl#Colon_structure> -> <http://blulab.chpc.utah.edu/ontologies/schema/endo/colonoscopyQuality.owl#Entire_colon> -> <http://blulab.chpc.utah.edu/ontologies/schema/endo/colonoscopyQuality.owl#Entire_right_colon> -> <http://blulab.chpc.utah.edu/ontologies/schema/endo/colonoscopyQuality.owl#Ascending_colon> -> <http://blulab.chpc.utah.edu/ontologies/schema/endo/colonoscopyQuality.owl#Hepatic_flexure_of_colon>, <http://blulab.chpc.utah.edu/ontologies/v2/ConText.owl#Lexicon> -> <http://blulab.chpc.utah.edu/ontologies/v2/ConText.owl#Modifier> -> <http://blulab.chpc.utah.edu/ontologies/v2/ConText.owl#SemanticModifier> -> <http://blulab.chpc.utah.edu/ontologies/v2/ConText.owl#BodySite> -> <http://blulab.chpc.utah.edu/ontologies/schema/endo/colonoscopyQuality.owl#Colon_structure> -> <http://blulab.chpc.utah.edu/ontologies/schema/endo/colonoscopyQuality.owl#Region_of_colon> -> <http://blulab.chpc.utah.edu/ontologies/schema/endo/colonoscopyQuality.owl#Ascending_colon> -> <http://blulab.chpc.utah.edu/ontologies/schema/endo/colonoscopyQuality.owl#Hepatic_flexure_of_colon>, <http://blulab.chpc.utah.edu/ontologies/v2/ConText.owl#Lexicon> -> <http://blulab.chpc.utah.edu/ontologies/v2/ConText.owl#Modifier> -> <http://blulab.chpc.utah.edu/ontologies/v2/ConText.owl#SemanticModifier> -> <http://blulab.chpc.utah.edu/ontologies/v2/ConText.owl#BodySite> -> <http://blulab.chpc.utah.edu/ontologies/schema/endo/colonoscopyQuality.owl#Colon_structure> -> <http://blulab.chpc.utah.edu/ontologies/schema/endo/colonoscopyQuality.owl#Entire_colon> -> <http://blulab.chpc.utah.edu/ontologies/schema/endo/colonoscopyQuality.owl#Right_colon> -> <http://blulab.chpc.utah.edu/ontologies/schema/endo/colonoscopyQuality.owl#Ascending_colon> -> <http://blulab.chpc.utah.edu/ontologies/schema/endo/colonoscopyQuality.owl#Hepatic_flexure_of_colon>]]

	Modifier: Lumen_of_ascending_colon, uri=http://blulab.chpc.utah.edu/ontologies/schema/endo/colonoscopyQuality.owl#Lumen_of_ascending_colon, type= Semantic, classPath= [<http://blulab.chpc.utah.edu/ontologies/v2/ConText.owl#Lexicon> -> <http://blulab.chpc.utah.edu/ontologies/v2/ConText.owl#Modifier> -> <http://blulab.chpc.utah.edu/ontologies/v2/ConText.owl#SemanticModifier> -> <http://blulab.chpc.utah.edu/ontologies/v2/ConText.owl#BodySite> -> <http://blulab.chpc.utah.edu/ontologies/schema/endo/colonoscopyQuality.owl#Colon_structure> -> <http://blulab.chpc.utah.edu/ontologies/schema/endo/colonoscopyQuality.owl#Ascending_colon> -> <http://blulab.chpc.utah.edu/ontologies/schema/endo/colonoscopyQuality.owl#Lumen_of_ascending_colon>, <http://blulab.chpc.utah.edu/ontologies/v2/ConText.owl#Lexicon> -> <http://blulab.chpc.utah.edu/ontologies/v2/ConText.owl#Modifier> -> <http://blulab.chpc.utah.edu/ontologies/v2/ConText.owl#SemanticModifier> -> <http://blulab.chpc.utah.edu/ontologies/v2/ConText.owl#BodySite> -> <http://blulab.chpc.utah.edu/ontologies/schema/endo/colonoscopyQuality.owl#Colon_structure> -> <http://blulab.chpc.utah.edu/ontologies/schema/endo/colonoscopyQuality.owl#Entire_colon> -> <http://blulab.chpc.utah.edu/ontologies/schema/endo/colonoscopyQuality.owl#Colonic_lumen> -> <http://blulab.chpc.utah.edu/ontologies/schema/endo/colonoscopyQuality.owl#Lumen_of_ascending_colon>, <http://blulab.chpc.utah.edu/ontologies/v2/ConText.owl#Lexicon> -> <http://blulab.chpc.utah.edu/ontologies/v2/ConText.owl#Modifier> -> <http://blulab.chpc.utah.edu/ontologies/v2/ConText.owl#SemanticModifier> -> <http://blulab.chpc.utah.edu/ontologies/v2/ConText.owl#BodySite> -> <http://blulab.chpc.utah.edu/ontologies/schema/endo/colonoscopyQuality.owl#Colon_structure> -> <http://blulab.chpc.utah.edu/ontologies/schema/endo/colonoscopyQuality.owl#Colonic_lumen> -> <http://blulab.chpc.utah.edu/ontologies/schema/endo/colonoscopyQuality.owl#Lumen_of_ascending_colon>, <http://blulab.chpc.utah.edu/ontologies/v2/ConText.owl#Lexicon> -> <http://blulab.chpc.utah.edu/ontologies/v2/ConText.owl#Modifier> -> <http://blulab.chpc.utah.edu/ontologies/v2/ConText.owl#SemanticModifier> -> <http://blulab.chpc.utah.edu/ontologies/v2/ConText.owl#BodySite> -> <http://blulab.chpc.utah.edu/ontologies/schema/endo/colonoscopyQuality.owl#Colon_structure> -> <http://blulab.chpc.utah.edu/ontologies/schema/endo/colonoscopyQuality.owl#Entire_colon> -> <http://blulab.chpc.utah.edu/ontologies/schema/endo/colonoscopyQuality.owl#Right_colon> -> <http://blulab.chpc.utah.edu/ontologies/schema/endo/colonoscopyQuality.owl#Entire_right_colon> -> <http://blulab.chpc.utah.edu/ontologies/schema/endo/colonoscopyQuality.owl#Ascending_colon> -> <http://blulab.chpc.utah.edu/ontologies/schema/endo/colonoscopyQuality.owl#Lumen_of_ascending_colon>, <http://blulab.chpc.utah.edu/ontologies/v2/ConText.owl#Lexicon> -> <http://blulab.chpc.utah.edu/ontologies/v2/ConText.owl#Modifier> -> <http://blulab.chpc.utah.edu/ontologies/v2/ConText.owl#SemanticModifier> -> <http://blulab.chpc.utah.edu/ontologies/v2/ConText.owl#BodySite> -> <http://blulab.chpc.utah.edu/ontologies/schema/endo/colonoscopyQuality.owl#Colon_structure> -> <http://blulab.chpc.utah.edu/ontologies/schema/endo/colonoscopyQuality.owl#Entire_colon> -> <http://blulab.chpc.utah.edu/ontologies/schema/endo/colonoscopyQuality.owl#Entire_right_colon> -> <http://blulab.chpc.utah.edu/ontologies/schema/endo/colonoscopyQuality.owl#Ascending_colon> -> <http://blulab.chpc.utah.edu/ontologies/schema/endo/colonoscopyQuality.owl#Lumen_of_ascending_colon>, <http://blulab.chpc.utah.edu/ontologies/v2/ConText.owl#Lexicon> -> <http://blulab.chpc.utah.edu/ontologies/v2/ConText.owl#Modifier> -> <http://blulab.chpc.utah.edu/ontologies/v2/ConText.owl#SemanticModifier> -> <http://blulab.chpc.utah.edu/ontologies/v2/ConText.owl#BodySite> -> <http://blulab.chpc.utah.edu/ontologies/schema/endo/colonoscopyQuality.owl#Colon_structure> -> <http://blulab.chpc.utah.edu/ontologies/schema/endo/colonoscopyQuality.owl#Region_of_colon> -> <http://blulab.chpc.utah.edu/ontologies/schema/endo/colonoscopyQuality.owl#Ascending_colon> -> <http://blulab.chpc.utah.edu/ontologies/schema/endo/colonoscopyQuality.owl#Lumen_of_ascending_colon>, <http://blulab.chpc.utah.edu/ontologies/v2/ConText.owl#Lexicon> -> <http://blulab.chpc.utah.edu/ontologies/v2/ConText.owl#Modifier> -> <http://blulab.chpc.utah.edu/ontologies/v2/ConText.owl#SemanticModifier> -> <http://blulab.chpc.utah.edu/ontologies/v2/ConText.owl#BodySite> -> <http://blulab.chpc.utah.edu/ontologies/schema/endo/colonoscopyQuality.owl#Colon_structure> -> <http://blulab.chpc.utah.edu/ontologies/schema/endo/colonoscopyQuality.owl#Entire_colon> -> <http://blulab.chpc.utah.edu/ontologies/schema/endo/colonoscopyQuality.owl#Right_colon> -> <http://blulab.chpc.utah.edu/ontologies/schema/endo/colonoscopyQuality.owl#Ascending_colon> -> <http://blulab.chpc.utah.edu/ontologies/schema/endo/colonoscopyQuality.owl#Lumen_of_ascending_colon>]]

	Modifier: Proximal_part_of_ascending_colon, uri=http://blulab.chpc.utah.edu/ontologies/schema/endo/colonoscopyQuality.owl#Proximal_part_of_ascending_colon, type= Semantic, classPath= [<http://blulab.chpc.utah.edu/ontologies/v2/ConText.owl#Lexicon> -> <http://blulab.chpc.utah.edu/ontologies/v2/ConText.owl#Modifier> -> <http://blulab.chpc.utah.edu/ontologies/v2/ConText.owl#SemanticModifier> -> <http://blulab.chpc.utah.edu/ontologies/v2/ConText.owl#BodySite> -> <http://blulab.chpc.utah.edu/ontologies/schema/endo/colonoscopyQuality.owl#Colon_structure> -> <http://blulab.chpc.utah.edu/ontologies/schema/endo/colonoscopyQuality.owl#Ascending_colon> -> <http://blulab.chpc.utah.edu/ontologies/schema/endo/colonoscopyQuality.owl#Proximal_part_of_ascending_colon>, <http://blulab.chpc.utah.edu/ontologies/v2/ConText.owl#Lexicon> -> <http://blulab.chpc.utah.edu/ontologies/v2/ConText.owl#Modifier> -> <http://blulab.chpc.utah.edu/ontologies/v2/ConText.owl#SemanticModifier> -> <http://blulab.chpc.utah.edu/ontologies/v2/ConText.owl#BodySite> -> <http://blulab.chpc.utah.edu/ontologies/schema/endo/colonoscopyQuality.owl#Colon_structure> -> <http://blulab.chpc.utah.edu/ontologies/schema/endo/colonoscopyQuality.owl#Entire_colon> -> <http://blulab.chpc.utah.edu/ontologies/schema/endo/colonoscopyQuality.owl#Right_colon> -> <http://blulab.chpc.utah.edu/ontologies/schema/endo/colonoscopyQuality.owl#Entire_right_colon> -> <http://blulab.chpc.utah.edu/ontologies/schema/endo/colonoscopyQuality.owl#Ascending_colon> -> <http://blulab.chpc.utah.edu/ontologies/schema/endo/colonoscopyQuality.owl#Proximal_part_of_ascending_colon>, <http://blulab.chpc.utah.edu/ontologies/v2/ConText.owl#Lexicon> -> <http://blulab.chpc.utah.edu/ontologies/v2/ConText.owl#Modifier> -> <http://blulab.chpc.utah.edu/ontologies/v2/ConText.owl#SemanticModifier> -> <http://blulab.chpc.utah.edu/ontologies/v2/ConText.owl#BodySite> -> <http://blulab.chpc.utah.edu/ontologies/schema/endo/colonoscopyQuality.owl#Colon_structure> -> <http://blulab.chpc.utah.edu/ontologies/schema/endo/colonoscopyQuality.owl#Entire_colon> -> <http://blulab.chpc.utah.edu/ontologies/schema/endo/colonoscopyQuality.owl#Entire_right_colon> -> <http://blulab.chpc.utah.edu/ontologies/schema/endo/colonoscopyQuality.owl#Ascending_colon> -> <http://blulab.chpc.utah.edu/ontologies/schema/endo/colonoscopyQuality.owl#Proximal_part_of_ascending_colon>, <http://blulab.chpc.utah.edu/ontologies/v2/ConText.owl#Lexicon> -> <http://blulab.chpc.utah.edu/ontologies/v2/ConText.owl#Modifier> -> <http://blulab.chpc.utah.edu/ontologies/v2/ConText.owl#SemanticModifier> -> <http://blulab.chpc.utah.edu/ontologies/v2/ConText.owl#BodySite> -> <http://blulab.chpc.utah.edu/ontologies/schema/endo/colonoscopyQuality.owl#Colon_structure> -> <http://blulab.chpc.utah.edu/ontologies/schema/endo/colonoscopyQuality.owl#Region_of_colon> -> <http://blulab.chpc.utah.edu/ontologies/schema/endo/colonoscopyQuality.owl#Ascending_colon> -> <http://blulab.chpc.utah.edu/ontologies/schema/endo/colonoscopyQuality.owl#Proximal_part_of_ascending_colon>, <http://blulab.chpc.utah.edu/ontologies/v2/ConText.owl#Lexicon> -> <http://blulab.chpc.utah.edu/ontologies/v2/ConText.owl#Modifier> -> <http://blulab.chpc.utah.edu/ontologies/v2/ConText.owl#SemanticModifier> -> <http://blulab.chpc.utah.edu/ontologies/v2/ConText.owl#BodySite> -> <http://blulab.chpc.utah.edu/ontologies/schema/endo/colonoscopyQuality.owl#Colon_structure> -> <http://blulab.chpc.utah.edu/ontologies/schema/endo/colonoscopyQuality.owl#Entire_colon> -> <http://blulab.chpc.utah.edu/ontologies/schema/endo/colonoscopyQuality.owl#Right_colon> -> <http://blulab.chpc.utah.edu/ontologies/schema/endo/colonoscopyQuality.owl#Ascending_colon> -> <http://blulab.chpc.utah.edu/ontologies/schema/endo/colonoscopyQuality.owl#Proximal_part_of_ascending_colon>]]

	Modifier: Wall_of_ascending_colon, uri=http://blulab.chpc.utah.edu/ontologies/schema/endo/colonoscopyQuality.owl#Wall_of_ascending_colon, type= Semantic, classPath= [<http://blulab.chpc.utah.edu/ontologies/v2/ConText.owl#Lexicon> -> <http://blulab.chpc.utah.edu/ontologies/v2/ConText.owl#Modifier> -> <http://blulab.chpc.utah.edu/ontologies/v2/ConText.owl#SemanticModifier> -> <http://blulab.chpc.utah.edu/ontologies/v2/ConText.owl#BodySite> -> <http://blulab.chpc.utah.edu/ontologies/schema/endo/colonoscopyQuality.owl#Colon_structure> -> <http://blulab.chpc.utah.edu/ontologies/schema/endo/colonoscopyQuality.owl#Ascending_colon> -> <http://blulab.chpc.utah.edu/ontologies/schema/endo/colonoscopyQuality.owl#Wall_of_ascending_colon>, <http://blulab.chpc.utah.edu/ontologies/v2/ConText.owl#Lexicon> -> <http://blulab.chpc.utah.edu/ontologies/v2/ConText.owl#Modifier> -> <http://blulab.chpc.utah.edu/ontologies/v2/ConText.owl#SemanticModifier> -> <http://blulab.chpc.utah.edu/ontologies/v2/ConText.owl#BodySite> -> <http://blulab.chpc.utah.edu/ontologies/schema/endo/colonoscopyQuality.owl#Colon_structure> -> <http://blulab.chpc.utah.edu/ontologies/schema/endo/colonoscopyQuality.owl#Entire_colon> -> <http://blulab.chpc.utah.edu/ontologies/schema/endo/colonoscopyQuality.owl#Right_colon> -> <http://blulab.chpc.utah.edu/ontologies/schema/endo/colonoscopyQuality.owl#Entire_right_colon> -> <http://blulab.chpc.utah.edu/ontologies/schema/endo/colonoscopyQuality.owl#Ascending_colon> -> <http://blulab.chpc.utah.edu/ontologies/schema/endo/colonoscopyQuality.owl#Wall_of_ascending_colon>, <http://blulab.chpc.utah.edu/ontologies/v2/ConText.owl#Lexicon> -> <http://blulab.chpc.utah.edu/ontologies/v2/ConText.owl#Modifier> -> <http://blulab.chpc.utah.edu/ontologies/v2/ConText.owl#SemanticModifier> -> <http://blulab.chpc.utah.edu/ontologies/v2/ConText.owl#BodySite> -> <http://blulab.chpc.utah.edu/ontologies/schema/endo/colonoscopyQuality.owl#Colon_structure> -> <http://blulab.chpc.utah.edu/ontologies/schema/endo/colonoscopyQuality.owl#Entire_colon> -> <http://blulab.chpc.utah.edu/ontologies/schema/endo/colonoscopyQuality.owl#Entire_right_colon> -> <http://blulab.chpc.utah.edu/ontologies/schema/endo/colonoscopyQuality.owl#Ascending_colon> -> <http://blulab.chpc.utah.edu/ontologies/schema/endo/colonoscopyQuality.owl#Wall_of_ascending_colon>, <http://blulab.chpc.utah.edu/ontologies/v2/ConText.owl#Lexicon> -> <http://blulab.chpc.utah.edu/ontologies/v2/ConText.owl#Modifier> -> <http://blulab.chpc.utah.edu/ontologies/v2/ConText.owl#SemanticModifier> -> <http://blulab.chpc.utah.edu/ontologies/v2/ConText.owl#BodySite> -> <http://blulab.chpc.utah.edu/ontologies/schema/endo/colonoscopyQuality.owl#Colon_structure> -> <http://blulab.chpc.utah.edu/ontologies/schema/endo/colonoscopyQuality.owl#Region_of_colon> -> <http://blulab.chpc.utah.edu/ontologies/schema/endo/colonoscopyQuality.owl#Ascending_colon> -> <http://blulab.chpc.utah.edu/ontologies/schema/endo/colonoscopyQuality.owl#Wall_of_ascending_colon>, <http://blulab.chpc.utah.edu/ontologies/v2/ConText.owl#Lexicon> -> <http://blulab.chpc.utah.edu/ontologies/v2/ConText.owl#Modifier> -> <http://blulab.chpc.utah.edu/ontologies/v2/ConText.owl#SemanticModifier> -> <http://blulab.chpc.utah.edu/ontologies/v2/ConText.owl#BodySite> -> <http://blulab.chpc.utah.edu/ontologies/schema/endo/colonoscopyQuality.owl#Colon_structure> -> <http://blulab.chpc.utah.edu/ontologies/schema/endo/colonoscopyQuality.owl#Entire_colon> -> <http://blulab.chpc.utah.edu/ontologies/schema/endo/colonoscopyQuality.owl#Right_colon> -> <http://blulab.chpc.utah.edu/ontologies/schema/endo/colonoscopyQuality.owl#Ascending_colon> -> <http://blulab.chpc.utah.edu/ontologies/schema/endo/colonoscopyQuality.owl#Wall_of_ascending_colon>]]

	Modifier: Anterior_wall_of_ascending_colon, uri=http://blulab.chpc.utah.edu/ontologies/schema/endo/colonoscopyQuality.owl#Anterior_wall_of_ascending_colon, type= Semantic, classPath= [<http://blulab.chpc.utah.edu/ontologies/v2/ConText.owl#Lexicon> -> <http://blulab.chpc.utah.edu/ontologies/v2/ConText.owl#Modifier> -> <http://blulab.chpc.utah.edu/ontologies/v2/ConText.owl#SemanticModifier> -> <http://blulab.chpc.utah.edu/ontologies/v2/ConText.owl#BodySite> -> <http://blulab.chpc.utah.edu/ontologies/schema/endo/colonoscopyQuality.owl#Colon_structure> -> <http://blulab.chpc.utah.edu/ontologies/schema/endo/colonoscopyQuality.owl#Ascending_colon> -> <http://blulab.chpc.utah.edu/ontologies/schema/endo/colonoscopyQuality.owl#Wall_of_ascending_colon> -> <http://blulab.chpc.utah.edu/ontologies/schema/endo/colonoscopyQuality.owl#Anterior_wall_of_ascending_colon>, <http://blulab.chpc.utah.edu/ontologies/v2/ConText.owl#Lexicon> -> <http://blulab.chpc.utah.edu/ontologies/v2/ConText.owl#Modifier> -> <http://blulab.chpc.utah.edu/ontologies/v2/ConText.owl#SemanticModifier> -> <http://blulab.chpc.utah.edu/ontologies/v2/ConText.owl#BodySite> -> <http://blulab.chpc.utah.edu/ontologies/schema/endo/colonoscopyQuality.owl#Colon_structure> -> <http://blulab.chpc.utah.edu/ontologies/schema/endo/colonoscopyQuality.owl#Entire_colon> -> <http://blulab.chpc.utah.edu/ontologies/schema/endo/colonoscopyQuality.owl#Right_colon> -> <http://blulab.chpc.utah.edu/ontologies/schema/endo/colonoscopyQuality.owl#Entire_right_colon> -> <http://blulab.chpc.utah.edu/ontologies/schema/endo/colonoscopyQuality.owl#Ascending_colon> -> <http://blulab.chpc.utah.edu/ontologies/schema/endo/colonoscopyQuality.owl#Wall_of_ascending_colon> -> <http://blulab.chpc.utah.edu/ontologies/schema/endo/colonoscopyQuality.owl#Anterior_wall_of_ascending_colon>, <http://blulab.chpc.utah.edu/ontologies/v2/ConText.owl#Lexicon> -> <http://blulab.chpc.utah.edu/ontologies/v2/ConText.owl#Modifier> -> <http://blulab.chpc.utah.edu/ontologies/v2/ConText.owl#SemanticModifier> -> <http://blulab.chpc.utah.edu/ontologies/v2/ConText.owl#BodySite> -> <http://blulab.chpc.utah.edu/ontologies/schema/endo/colonoscopyQuality.owl#Colon_structure> -> <http://blulab.chpc.utah.edu/ontologies/schema/endo/colonoscopyQuality.owl#Entire_colon> -> <http://blulab.chpc.utah.edu/ontologies/schema/endo/colonoscopyQuality.owl#Entire_right_colon> -> <http://blulab.chpc.utah.edu/ontologies/schema/endo/colonoscopyQuality.owl#Ascending_colon> -> <http://blulab.chpc.utah.edu/ontologies/schema/endo/colonoscopyQuality.owl#Wall_of_ascending_colon> -> <http://blulab.chpc.utah.edu/ontologies/schema/endo/colonoscopyQuality.owl#Anterior_wall_of_ascending_colon>, <http://blulab.chpc.utah.edu/ontologies/v2/ConText.owl#Lexicon> -> <http://blulab.chpc.utah.edu/ontologies/v2/ConText.owl#Modifier> -> <http://blulab.chpc.utah.edu/ontologies/v2/ConText.owl#SemanticModifier> -> <http://blulab.chpc.utah.edu/ontologies/v2/ConText.owl#BodySite> -> <http://blulab.chpc.utah.edu/ontologies/schema/endo/colonoscopyQuality.owl#Colon_structure> -> <http://blulab.chpc.utah.edu/ontologies/schema/endo/colonoscopyQuality.owl#Region_of_colon> -> <http://blulab.chpc.utah.edu/ontologies/schema/endo/colonoscopyQuality.owl#Ascending_colon> -> <http://blulab.chpc.utah.edu/ontologies/schema/endo/colonoscopyQuality.owl#Wall_of_ascending_colon> -> <http://blulab.chpc.utah.edu/ontologies/schema/endo/colonoscopyQuality.owl#Anterior_wall_of_ascending_colon>, <http://blulab.chpc.utah.edu/ontologies/v2/ConText.owl#Lexicon> -> <http://blulab.chpc.utah.edu/ontologies/v2/ConText.owl#Modifier> -> <http://blulab.chpc.utah.edu/ontologies/v2/ConText.owl#SemanticModifier> -> <http://blulab.chpc.utah.edu/ontologies/v2/ConText.owl#BodySite> -> <http://blulab.chpc.utah.edu/ontologies/schema/endo/colonoscopyQuality.owl#Colon_structure> -> <http://blulab.chpc.utah.edu/ontologies/schema/endo/colonoscopyQuality.owl#Entire_colon> -> <http://blulab.chpc.utah.edu/ontologies/schema/endo/colonoscopyQuality.owl#Right_colon> -> <http://blulab.chpc.utah.edu/ontologies/schema/endo/colonoscopyQuality.owl#Ascending_colon> -> <http://blulab.chpc.utah.edu/ontologies/schema/endo/colonoscopyQuality.owl#Wall_of_ascending_colon> -> <http://blulab.chpc.utah.edu/ontologies/schema/endo/colonoscopyQuality.owl#Anterior_wall_of_ascending_colon>]]

	Modifier: Epiploic_appendage_of_ascending_colon, uri=http://blulab.chpc.utah.edu/ontologies/schema/endo/colonoscopyQuality.owl#Epiploic_appendage_of_ascending_colon, type= Semantic, classPath= [<http://blulab.chpc.utah.edu/ontologies/v2/ConText.owl#Lexicon> -> <http://blulab.chpc.utah.edu/ontologies/v2/ConText.owl#Modifier> -> <http://blulab.chpc.utah.edu/ontologies/v2/ConText.owl#SemanticModifier> -> <http://blulab.chpc.utah.edu/ontologies/v2/ConText.owl#BodySite> -> <http://blulab.chpc.utah.edu/ontologies/schema/endo/colonoscopyQuality.owl#Colon_structure> -> <http://blulab.chpc.utah.edu/ontologies/schema/endo/colonoscopyQuality.owl#Colon_wall_structure> -> <http://blulab.chpc.utah.edu/ontologies/schema/endo/colonoscopyQuality.owl#Appendix_Epiploica> -> <http://blulab.chpc.utah.edu/ontologies/schema/endo/colonoscopyQuality.owl#Epiploic_appendage_of_ascending_colon>, <http://blulab.chpc.utah.edu/ontologies/v2/ConText.owl#Lexicon> -> <http://blulab.chpc.utah.edu/ontologies/v2/ConText.owl#Modifier> -> <http://blulab.chpc.utah.edu/ontologies/v2/ConText.owl#SemanticModifier> -> <http://blulab.chpc.utah.edu/ontologies/v2/ConText.owl#BodySite> -> <http://blulab.chpc.utah.edu/ontologies/schema/endo/colonoscopyQuality.owl#Colon_structure> -> <http://blulab.chpc.utah.edu/ontologies/schema/endo/colonoscopyQuality.owl#Ascending_colon> -> <http://blulab.chpc.utah.edu/ontologies/schema/endo/colonoscopyQuality.owl#Wall_of_ascending_colon> -> <http://blulab.chpc.utah.edu/ontologies/schema/endo/colonoscopyQuality.owl#Epiploic_appendage_of_ascending_colon>, <http://blulab.chpc.utah.edu/ontologies/v2/ConText.owl#Lexicon> -> <http://blulab.chpc.utah.edu/ontologies/v2/ConText.owl#Modifier> -> <http://blulab.chpc.utah.edu/ontologies/v2/ConText.owl#SemanticModifier> -> <http://blulab.chpc.utah.edu/ontologies/v2/ConText.owl#BodySite> -> <http://blulab.chpc.utah.edu/ontologies/schema/endo/colonoscopyQuality.owl#Colon_structure> -> <http://blulab.chpc.utah.edu/ontologies/schema/endo/colonoscopyQuality.owl#Entire_colon> -> <http://blulab.chpc.utah.edu/ontologies/schema/endo/colonoscopyQuality.owl#Right_colon> -> <http://blulab.chpc.utah.edu/ontologies/schema/endo/colonoscopyQuality.owl#Entire_right_colon> -> <http://blulab.chpc.utah.edu/ontologies/schema/endo/colonoscopyQuality.owl#Ascending_colon> -> <http://blulab.chpc.utah.edu/ontologies/schema/endo/colonoscopyQuality.owl#Wall_of_ascending_colon> -> <http://blulab.chpc.utah.edu/ontologies/schema/endo/colonoscopyQuality.owl#Epiploic_appendage_of_ascending_colon>, <http://blulab.chpc.utah.edu/ontologies/v2/ConText.owl#Lexicon> -> <http://blulab.chpc.utah.edu/ontologies/v2/ConText.owl#Modifier> -> <http://blulab.chpc.utah.edu/ontologies/v2/ConText.owl#SemanticModifier> -> <http://blulab.chpc.utah.edu/ontologies/v2/ConText.owl#BodySite> -> <http://blulab.chpc.utah.edu/ontologies/schema/endo/colonoscopyQuality.owl#Colon_structure> -> <http://blulab.chpc.utah.edu/ontologies/schema/endo/colonoscopyQuality.owl#Entire_colon> -> <http://blulab.chpc.utah.edu/ontologies/schema/endo/colonoscopyQuality.owl#Entire_right_colon> -> <http://blulab.chpc.utah.edu/ontologies/schema/endo/colonoscopyQuality.owl#Ascending_colon> -> <http://blulab.chpc.utah.edu/ontologies/schema/endo/colonoscopyQuality.owl#Wall_of_ascending_colon> -> <http://blulab.chpc.utah.edu/ontologies/schema/endo/colonoscopyQuality.owl#Epiploic_appendage_of_ascending_colon>, <http://blulab.chpc.utah.edu/ontologies/v2/ConText.owl#Lexicon> -> <http://blulab.chpc.utah.edu/ontologies/v2/ConText.owl#Modifier> -> <http://blulab.chpc.utah.edu/ontologies/v2/ConText.owl#SemanticModifier> -> <http://blulab.chpc.utah.edu/ontologies/v2/ConText.owl#BodySite> -> <http://blulab.chpc.utah.edu/ontologies/schema/endo/colonoscopyQuality.owl#Colon_structure> -> <http://blulab.chpc.utah.edu/ontologies/schema/endo/colonoscopyQuality.owl#Region_of_colon> -> <http://blulab.chpc.utah.edu/ontologies/schema/endo/colonoscopyQuality.owl#Ascending_colon> -> <http://blulab.chpc.utah.edu/ontologies/schema/endo/colonoscopyQuality.owl#Wall_of_ascending_colon> -> <http://blulab.chpc.utah.edu/ontologies/schema/endo/colonoscopyQuality.owl#Epiploic_appendage_of_ascending_colon>, <http://blulab.chpc.utah.edu/ontologies/v2/ConText.owl#Lexicon> -> <http://blulab.chpc.utah.edu/ontologies/v2/ConText.owl#Modifier> -> <http://blulab.chpc.utah.edu/ontologies/v2/ConText.owl#SemanticModifier> -> <http://blulab.chpc.utah.edu/ontologies/v2/ConText.owl#BodySite> -> <http://blulab.chpc.utah.edu/ontologies/schema/endo/colonoscopyQuality.owl#Colon_structure> -> <http://blulab.chpc.utah.edu/ontologies/schema/endo/colonoscopyQuality.owl#Entire_colon> -> <http://blulab.chpc.utah.edu/ontologies/schema/endo/colonoscopyQuality.owl#Right_colon> -> <http://blulab.chpc.utah.edu/ontologies/schema/endo/colonoscopyQuality.owl#Ascending_colon> -> <http://blulab.chpc.utah.edu/ontologies/schema/endo/colonoscopyQuality.owl#Wall_of_ascending_colon> -> <http://blulab.chpc.utah.edu/ontologies/schema/endo/colonoscopyQuality.owl#Epiploic_appendage_of_ascending_colon>, <http://blulab.chpc.utah.edu/ontologies/v2/ConText.owl#Lexicon> -> <http://blulab.chpc.utah.edu/ontologies/v2/ConText.owl#Modifier> -> <http://blulab.chpc.utah.edu/ontologies/v2/ConText.owl#SemanticModifier> -> <http://blulab.chpc.utah.edu/ontologies/v2/ConText.owl#BodySite> -> <http://blulab.chpc.utah.edu/ontologies/schema/endo/colonoscopyQuality.owl#Colon_structure> -> <http://blulab.chpc.utah.edu/ontologies/schema/endo/colonoscopyQuality.owl#Entire_colon> -> <http://blulab.chpc.utah.edu/ontologies/schema/endo/colonoscopyQuality.owl#Appendix_Epiploica> -> <http://blulab.chpc.utah.edu/ontologies/schema/endo/colonoscopyQuality.owl#Epiploic_appendage_of_ascending_colon>]]

	Modifier: Mucosa_of_ascending_colon, uri=http://blulab.chpc.utah.edu/ontologies/schema/endo/colonoscopyQuality.owl#Mucosa_of_ascending_colon, type= Semantic, classPath= [<http://blulab.chpc.utah.edu/ontologies/v2/ConText.owl#Lexicon> -> <http://blulab.chpc.utah.edu/ontologies/v2/ConText.owl#Modifier> -> <http://blulab.chpc.utah.edu/ontologies/v2/ConText.owl#SemanticModifier> -> <http://blulab.chpc.utah.edu/ontologies/v2/ConText.owl#BodySite> -> <http://blulab.chpc.utah.edu/ontologies/schema/endo/colonoscopyQuality.owl#Colon_structure> -> <http://blulab.chpc.utah.edu/ontologies/schema/endo/colonoscopyQuality.owl#Ascending_colon> -> <http://blulab.chpc.utah.edu/ontologies/schema/endo/colonoscopyQuality.owl#Wall_of_ascending_colon> -> <http://blulab.chpc.utah.edu/ontologies/schema/endo/colonoscopyQuality.owl#Mucosa_of_ascending_colon>, <http://blulab.chpc.utah.edu/ontologies/v2/ConText.owl#Lexicon> -> <http://blulab.chpc.utah.edu/ontologies/v2/ConText.owl#Modifier> -> <http://blulab.chpc.utah.edu/ontologies/v2/ConText.owl#SemanticModifier> -> <http://blulab.chpc.utah.edu/ontologies/v2/ConText.owl#BodySite> -> <http://blulab.chpc.utah.edu/ontologies/schema/endo/colonoscopyQuality.owl#Colon_structure> -> <http://blulab.chpc.utah.edu/ontologies/schema/endo/colonoscopyQuality.owl#Entire_colon> -> <http://blulab.chpc.utah.edu/ontologies/schema/endo/colonoscopyQuality.owl#Right_colon> -> <http://blulab.chpc.utah.edu/ontologies/schema/endo/colonoscopyQuality.owl#Entire_right_colon> -> <http://blulab.chpc.utah.edu/ontologies/schema/endo/colonoscopyQuality.owl#Ascending_colon> -> <http://blulab.chpc.utah.edu/ontologies/schema/endo/colonoscopyQuality.owl#Wall_of_ascending_colon> -> <http://blulab.chpc.utah.edu/ontologies/schema/endo/colonoscopyQuality.owl#Mucosa_of_ascending_colon>, <http://blulab.chpc.utah.edu/ontologies/v2/ConText.owl#Lexicon> -> <http://blulab.chpc.utah.edu/ontologies/v2/ConText.owl#Modifier> -> <http://blulab.chpc.utah.edu/ontologies/v2/ConText.owl#SemanticModifier> -> <http://blulab.chpc.utah.edu/ontologies/v2/ConText.owl#BodySite> -> <http://blulab.chpc.utah.edu/ontologies/schema/endo/colonoscopyQuality.owl#Colon_structure> -> <http://blulab.chpc.utah.edu/ontologies/schema/endo/colonoscopyQuality.owl#Entire_colon> -> <http://blulab.chpc.utah.edu/ontologies/schema/endo/colonoscopyQuality.owl#Entire_right_colon> -> <http://blulab.chpc.utah.edu/ontologies/schema/endo/colonoscopyQuality.owl#Ascending_colon> -> <http://blulab.chpc.utah.edu/ontologies/schema/endo/colonoscopyQuality.owl#Wall_of_ascending_colon> -> <http://blulab.chpc.utah.edu/ontologies/schema/endo/colonoscopyQuality.owl#Mucosa_of_ascending_colon>, <http://blulab.chpc.utah.edu/ontologies/v2/ConText.owl#Lexicon> -> <http://blulab.chpc.utah.edu/ontologies/v2/ConText.owl#Modifier> -> <http://blulab.chpc.utah.edu/ontologies/v2/ConText.owl#SemanticModifier> -> <http://blulab.chpc.utah.edu/ontologies/v2/ConText.owl#BodySite> -> <http://blulab.chpc.utah.edu/ontologies/schema/endo/colonoscopyQuality.owl#Colon_structure> -> <http://blulab.chpc.utah.edu/ontologies/schema/endo/colonoscopyQuality.owl#Region_of_colon> -> <http://blulab.chpc.utah.edu/ontologies/schema/endo/colonoscopyQuality.owl#Ascending_colon> -> <http://blulab.chpc.utah.edu/ontologies/schema/endo/colonoscopyQuality.owl#Wall_of_ascending_colon> -> <http://blulab.chpc.utah.edu/ontologies/schema/endo/colonoscopyQuality.owl#Mucosa_of_ascending_colon>, <http://blulab.chpc.utah.edu/ontologies/v2/ConText.owl#Lexicon> -> <http://blulab.chpc.utah.edu/ontologies/v2/ConText.owl#Modifier> -> <http://blulab.chpc.utah.edu/ontologies/v2/ConText.owl#SemanticModifier> -> <http://blulab.chpc.utah.edu/ontologies/v2/ConText.owl#BodySite> -> <http://blulab.chpc.utah.edu/ontologies/schema/endo/colonoscopyQuality.owl#Colon_structure> -> <http://blulab.chpc.utah.edu/ontologies/schema/endo/colonoscopyQuality.owl#Entire_colon> -> <http://blulab.chpc.utah.edu/ontologies/schema/endo/colonoscopyQuality.owl#Right_colon> -> <http://blulab.chpc.utah.edu/ontologies/schema/endo/colonoscopyQuality.owl#Ascending_colon> -> <http://blulab.chpc.utah.edu/ontologies/schema/endo/colonoscopyQuality.owl#Wall_of_ascending_colon> -> <http://blulab.chpc.utah.edu/ontologies/schema/endo/colonoscopyQuality.owl#Mucosa_of_ascending_colon>]]

	Modifier: Epithelium_of_ascending_colon, uri=http://blulab.chpc.utah.edu/ontologies/schema/endo/colonoscopyQuality.owl#Epithelium_of_ascending_colon, type= Semantic, classPath= [<http://blulab.chpc.utah.edu/ontologies/v2/ConText.owl#Lexicon> -> <http://blulab.chpc.utah.edu/ontologies/v2/ConText.owl#Modifier> -> <http://blulab.chpc.utah.edu/ontologies/v2/ConText.owl#SemanticModifier> -> <http://blulab.chpc.utah.edu/ontologies/v2/ConText.owl#BodySite> -> <http://blulab.chpc.utah.edu/ontologies/schema/endo/colonoscopyQuality.owl#Colon_structure> -> <http://blulab.chpc.utah.edu/ontologies/schema/endo/colonoscopyQuality.owl#Ascending_colon> -> <http://blulab.chpc.utah.edu/ontologies/schema/endo/colonoscopyQuality.owl#Wall_of_ascending_colon> -> <http://blulab.chpc.utah.edu/ontologies/schema/endo/colonoscopyQuality.owl#Mucosa_of_ascending_colon> -> <http://blulab.chpc.utah.edu/ontologies/schema/endo/colonoscopyQuality.owl#Epithelium_of_ascending_colon>, <http://blulab.chpc.utah.edu/ontologies/v2/ConText.owl#Lexicon> -> <http://blulab.chpc.utah.edu/ontologies/v2/ConText.owl#Modifier> -> <http://blulab.chpc.utah.edu/ontologies/v2/ConText.owl#SemanticModifier> -> <http://blulab.chpc.utah.edu/ontologies/v2/ConText.owl#BodySite> -> <http://blulab.chpc.utah.edu/ontologies/schema/endo/colonoscopyQuality.owl#Colon_structure> -> <http://blulab.chpc.utah.edu/ontologies/schema/endo/colonoscopyQuality.owl#Entire_colon> -> <http://blulab.chpc.utah.edu/ontologies/schema/endo/colonoscopyQuality.owl#Right_colon> -> <http://blulab.chpc.utah.edu/ontologies/schema/endo/colonoscopyQuality.owl#Entire_right_colon> -> <http://blulab.chpc.utah.edu/ontologies/schema/endo/colonoscopyQuality.owl#Ascending_colon> -> <http://blulab.chpc.utah.edu/ontologies/schema/endo/colonoscopyQuality.owl#Wall_of_ascending_colon> -> <http://blulab.chpc.utah.edu/ontologies/schema/endo/colonoscopyQuality.owl#Mucosa_of_ascending_colon> -> <http://blulab.chpc.utah.edu/ontologies/schema/endo/colonoscopyQuality.owl#Epithelium_of_ascending_colon>, <http://blulab.chpc.utah.edu/ontologies/v2/ConText.owl#Lexicon> -> <http://blulab.chpc.utah.edu/ontologies/v2/ConText.owl#Modifier> -> <http://blulab.chpc.utah.edu/ontologies/v2/ConText.owl#SemanticModifier> -> <http://blulab.chpc.utah.edu/ontologies/v2/ConText.owl#BodySite> -> <http://blulab.chpc.utah.edu/ontologies/schema/endo/colonoscopyQuality.owl#Colon_structure> -> <http://blulab.chpc.utah.edu/ontologies/schema/endo/colonoscopyQuality.owl#Entire_colon> -> <http://blulab.chpc.utah.edu/ontologies/schema/endo/colonoscopyQuality.owl#Entire_right_colon> -> <http://blulab.chpc.utah.edu/ontologies/schema/endo/colonoscopyQuality.owl#Ascending_colon> -> <http://blulab.chpc.utah.edu/ontologies/schema/endo/colonoscopyQuality.owl#Wall_of_ascending_colon> -> <http://blulab.chpc.utah.edu/ontologies/schema/endo/colonoscopyQuality.owl#Mucosa_of_ascending_colon> -> <http://blulab.chpc.utah.edu/ontologies/schema/endo/colonoscopyQuality.owl#Epithelium_of_ascending_colon>, <http://blulab.chpc.utah.edu/ontologies/v2/ConText.owl#Lexicon> -> <http://blulab.chpc.utah.edu/ontologies/v2/ConText.owl#Modifier> -> <http://blulab.chpc.utah.edu/ontologies/v2/ConText.owl#SemanticModifier> -> <http://blulab.chpc.utah.edu/ontologies/v2/ConText.owl#BodySite> -> <http://blulab.chpc.utah.edu/ontologies/schema/endo/colonoscopyQuality.owl#Colon_structure> -> <http://blulab.chpc.utah.edu/ontologies/schema/endo/colonoscopyQuality.owl#Region_of_colon> -> <http://blulab.chpc.utah.edu/ontologies/schema/endo/colonoscopyQuality.owl#Ascending_colon> -> <http://blulab.chpc.utah.edu/ontologies/schema/endo/colonoscopyQuality.owl#Wall_of_ascending_colon> -> <http://blulab.chpc.utah.edu/ontologies/schema/endo/colonoscopyQuality.owl#Mucosa_of_ascending_colon> -> <http://blulab.chpc.utah.edu/ontologies/schema/endo/colonoscopyQuality.owl#Epithelium_of_ascending_colon>, <http://blulab.chpc.utah.edu/ontologies/v2/ConText.owl#Lexicon> -> <http://blulab.chpc.utah.edu/ontologies/v2/ConText.owl#Modifier> -> <http://blulab.chpc.utah.edu/ontologies/v2/ConText.owl#SemanticModifier> -> <http://blulab.chpc.utah.edu/ontologies/v2/ConText.owl#BodySite> -> <http://blulab.chpc.utah.edu/ontologies/schema/endo/colonoscopyQuality.owl#Colon_structure> -> <http://blulab.chpc.utah.edu/ontologies/schema/endo/colonoscopyQuality.owl#Entire_colon> -> <http://blulab.chpc.utah.edu/ontologies/schema/endo/colonoscopyQuality.owl#Right_colon> -> <http://blulab.chpc.utah.edu/ontologies/schema/endo/colonoscopyQuality.owl#Ascending_colon> -> <http://blulab.chpc.utah.edu/ontologies/schema/endo/colonoscopyQuality.owl#Wall_of_ascending_colon> -> <http://blulab.chpc.utah.edu/ontologies/schema/endo/colonoscopyQuality.owl#Mucosa_of_ascending_colon> -> <http://blulab.chpc.utah.edu/ontologies/schema/endo/colonoscopyQuality.owl#Epithelium_of_ascending_colon>]]

	Modifier: Lamina_propria_mucosae_of_ascending_colon, uri=http://blulab.chpc.utah.edu/ontologies/schema/endo/colonoscopyQuality.owl#Lamina_propria_mucosae_of_ascending_colon, type= Semantic, classPath= [<http://blulab.chpc.utah.edu/ontologies/v2/ConText.owl#Lexicon> -> <http://blulab.chpc.utah.edu/ontologies/v2/ConText.owl#Modifier> -> <http://blulab.chpc.utah.edu/ontologies/v2/ConText.owl#SemanticModifier> -> <http://blulab.chpc.utah.edu/ontologies/v2/ConText.owl#BodySite> -> <http://blulab.chpc.utah.edu/ontologies/schema/endo/colonoscopyQuality.owl#Colon_structure> -> <http://blulab.chpc.utah.edu/ontologies/schema/endo/colonoscopyQuality.owl#Ascending_colon> -> <http://blulab.chpc.utah.edu/ontologies/schema/endo/colonoscopyQuality.owl#Wall_of_ascending_colon> -> <http://blulab.chpc.utah.edu/ontologies/schema/endo/colonoscopyQuality.owl#Mucosa_of_ascending_colon> -> <http://blulab.chpc.utah.edu/ontologies/schema/endo/colonoscopyQuality.owl#Lamina_propria_mucosae_of_ascending_colon>, <http://blulab.chpc.utah.edu/ontologies/v2/ConText.owl#Lexicon> -> <http://blulab.chpc.utah.edu/ontologies/v2/ConText.owl#Modifier> -> <http://blulab.chpc.utah.edu/ontologies/v2/ConText.owl#SemanticModifier> -> <http://blulab.chpc.utah.edu/ontologies/v2/ConText.owl#BodySite> -> <http://blulab.chpc.utah.edu/ontologies/schema/endo/colonoscopyQuality.owl#Colon_structure> -> <http://blulab.chpc.utah.edu/ontologies/schema/endo/colonoscopyQuality.owl#Entire_colon> -> <http://blulab.chpc.utah.edu/ontologies/schema/endo/colonoscopyQuality.owl#Right_colon> -> <http://blulab.chpc.utah.edu/ontologies/schema/endo/colonoscopyQuality.owl#Entire_right_colon> -> <http://blulab.chpc.utah.edu/ontologies/schema/endo/colonoscopyQuality.owl#Ascending_colon> -> <http://blulab.chpc.utah.edu/ontologies/schema/endo/colonoscopyQuality.owl#Wall_of_ascending_colon> -> <http://blulab.chpc.utah.edu/ontologies/schema/endo/colonoscopyQuality.owl#Mucosa_of_ascending_colon> -> <http://blulab.chpc.utah.edu/ontologies/schema/endo/colonoscopyQuality.owl#Lamina_propria_mucosae_of_ascending_colon>, <http://blulab.chpc.utah.edu/ontologies/v2/ConText.owl#Lexicon> -> <http://blulab.chpc.utah.edu/ontologies/v2/ConText.owl#Modifier> -> <http://blulab.chpc.utah.edu/ontologies/v2/ConText.owl#SemanticModifier> -> <http://blulab.chpc.utah.edu/ontologies/v2/ConText.owl#BodySite> -> <http://blulab.chpc.utah.edu/ontologies/schema/endo/colonoscopyQuality.owl#Colon_structure> -> <http://blulab.chpc.utah.edu/ontologies/schema/endo/colonoscopyQuality.owl#Entire_colon> -> <http://blulab.chpc.utah.edu/ontologies/schema/endo/colonoscopyQuality.owl#Entire_right_colon> -> <http://blulab.chpc.utah.edu/ontologies/schema/endo/colonoscopyQuality.owl#Ascending_colon> -> <http://blulab.chpc.utah.edu/ontologies/schema/endo/colonoscopyQuality.owl#Wall_of_ascending_colon> -> <http://blulab.chpc.utah.edu/ontologies/schema/endo/colonoscopyQuality.owl#Mucosa_of_ascending_colon> -> <http://blulab.chpc.utah.edu/ontologies/schema/endo/colonoscopyQuality.owl#Lamina_propria_mucosae_of_ascending_colon>, <http://blulab.chpc.utah.edu/ontologies/v2/ConText.owl#Lexicon> -> <http://blulab.chpc.utah.edu/ontologies/v2/ConText.owl#Modifier> -> <http://blulab.chpc.utah.edu/ontologies/v2/ConText.owl#SemanticModifier> -> <http://blulab.chpc.utah.edu/ontologies/v2/ConText.owl#BodySite> -> <http://blulab.chpc.utah.edu/ontologies/schema/endo/colonoscopyQuality.owl#Colon_structure> -> <http://blulab.chpc.utah.edu/ontologies/schema/endo/colonoscopyQuality.owl#Region_of_colon> -> <http://blulab.chpc.utah.edu/ontologies/schema/endo/colonoscopyQuality.owl#Ascending_colon> -> <http://blulab.chpc.utah.edu/ontologies/schema/endo/colonoscopyQuality.owl#Wall_of_ascending_colon> -> <http://blulab.chpc.utah.edu/ontologies/schema/endo/colonoscopyQuality.owl#Mucosa_of_ascending_colon> -> <http://blulab.chpc.utah.edu/ontologies/schema/endo/colonoscopyQuality.owl#Lamina_propria_mucosae_of_ascending_colon>, <http://blulab.chpc.utah.edu/ontologies/v2/ConText.owl#Lexicon> -> <http://blulab.chpc.utah.edu/ontologies/v2/ConText.owl#Modifier> -> <http://blulab.chpc.utah.edu/ontologies/v2/ConText.owl#SemanticModifier> -> <http://blulab.chpc.utah.edu/ontologies/v2/ConText.owl#BodySite> -> <http://blulab.chpc.utah.edu/ontologies/schema/endo/colonoscopyQuality.owl#Colon_structure> -> <http://blulab.chpc.utah.edu/ontologies/schema/endo/colonoscopyQuality.owl#Entire_colon> -> <http://blulab.chpc.utah.edu/ontologies/schema/endo/colonoscopyQuality.owl#Right_colon> -> <http://blulab.chpc.utah.edu/ontologies/schema/endo/colonoscopyQuality.owl#Ascending_colon> -> <http://blulab.chpc.utah.edu/ontologies/schema/endo/colonoscopyQuality.owl#Wall_of_ascending_colon> -> <http://blulab.chpc.utah.edu/ontologies/schema/endo/colonoscopyQuality.owl#Mucosa_of_ascending_colon> -> <http://blulab.chpc.utah.edu/ontologies/schema/endo/colonoscopyQuality.owl#Lamina_propria_mucosae_of_ascending_colon>]]

	Modifier: Muscularis_mucosae_of_ascending_colon, uri=http://blulab.chpc.utah.edu/ontologies/schema/endo/colonoscopyQuality.owl#Muscularis_mucosae_of_ascending_colon, type= Semantic, classPath= [<http://blulab.chpc.utah.edu/ontologies/v2/ConText.owl#Lexicon> -> <http://blulab.chpc.utah.edu/ontologies/v2/ConText.owl#Modifier> -> <http://blulab.chpc.utah.edu/ontologies/v2/ConText.owl#SemanticModifier> -> <http://blulab.chpc.utah.edu/ontologies/v2/ConText.owl#BodySite> -> <http://blulab.chpc.utah.edu/ontologies/schema/endo/colonoscopyQuality.owl#Colon_structure> -> <http://blulab.chpc.utah.edu/ontologies/schema/endo/colonoscopyQuality.owl#Entire_colon> -> <http://blulab.chpc.utah.edu/ontologies/schema/endo/colonoscopyQuality.owl#Colonic_mucous_membrane> -> <http://blulab.chpc.utah.edu/ontologies/schema/endo/colonoscopyQuality.owl#Lamina_muscularis_of_colonic_mucous_membrane> -> <http://blulab.chpc.utah.edu/ontologies/schema/endo/colonoscopyQuality.owl#Muscularis_mucosae_of_ascending_colon>, <http://blulab.chpc.utah.edu/ontologies/v2/ConText.owl#Lexicon> -> <http://blulab.chpc.utah.edu/ontologies/v2/ConText.owl#Modifier> -> <http://blulab.chpc.utah.edu/ontologies/v2/ConText.owl#SemanticModifier> -> <http://blulab.chpc.utah.edu/ontologies/v2/ConText.owl#BodySite> -> <http://blulab.chpc.utah.edu/ontologies/schema/endo/colonoscopyQuality.owl#Colon_structure> -> <http://blulab.chpc.utah.edu/ontologies/schema/endo/colonoscopyQuality.owl#Ascending_colon> -> <http://blulab.chpc.utah.edu/ontologies/schema/endo/colonoscopyQuality.owl#Wall_of_ascending_colon> -> <http://blulab.chpc.utah.edu/ontologies/schema/endo/colonoscopyQuality.owl#Mucosa_of_ascending_colon> -> <http://blulab.chpc.utah.edu/ontologies/schema/endo/colonoscopyQuality.owl#Muscularis_mucosae_of_ascending_colon>, <http://blulab.chpc.utah.edu/ontologies/v2/ConText.owl#Lexicon> -> <http://blulab.chpc.utah.edu/ontologies/v2/ConText.owl#Modifier> -> <http://blulab.chpc.utah.edu/ontologies/v2/ConText.owl#SemanticModifier> -> <http://blulab.chpc.utah.edu/ontologies/v2/ConText.owl#BodySite> -> <http://blulab.chpc.utah.edu/ontologies/schema/endo/colonoscopyQuality.owl#Colon_structure> -> <http://blulab.chpc.utah.edu/ontologies/schema/endo/colonoscopyQuality.owl#Entire_colon> -> <http://blulab.chpc.utah.edu/ontologies/schema/endo/colonoscopyQuality.owl#Right_colon> -> <http://blulab.chpc.utah.edu/ontologies/schema/endo/colonoscopyQuality.owl#Entire_right_colon> -> <http://blulab.chpc.utah.edu/ontologies/schema/endo/colonoscopyQuality.owl#Ascending_colon> -> <http://blulab.chpc.utah.edu/ontologies/schema/endo/colonoscopyQuality.owl#Wall_of_ascending_colon> -> <http://blulab.chpc.utah.edu/ontologies/schema/endo/colonoscopyQuality.owl#Mucosa_of_ascending_colon> -> <http://blulab.chpc.utah.edu/ontologies/schema/endo/colonoscopyQuality.owl#Muscularis_mucosae_of_ascending_colon>, <http://blulab.chpc.utah.edu/ontologies/v2/ConText.owl#Lexicon> -> <http://blulab.chpc.utah.edu/ontologies/v2/ConText.owl#Modifier> -> <http://blulab.chpc.utah.edu/ontologies/v2/ConText.owl#SemanticModifier> -> <http://blulab.chpc.utah.edu/ontologies/v2/ConText.owl#BodySite> -> <http://blulab.chpc.utah.edu/ontologies/schema/endo/colonoscopyQuality.owl#Colon_structure> -> <http://blulab.chpc.utah.edu/ontologies/schema/endo/colonoscopyQuality.owl#Entire_colon> -> <http://blulab.chpc.utah.edu/ontologies/schema/endo/colonoscopyQuality.owl#Entire_right_colon> -> <http://blulab.chpc.utah.edu/ontologies/schema/endo/colonoscopyQuality.owl#Ascending_colon> -> <http://blulab.chpc.utah.edu/ontologies/schema/endo/colonoscopyQuality.owl#Wall_of_ascending_colon> -> <http://blulab.chpc.utah.edu/ontologies/schema/endo/colonoscopyQuality.owl#Mucosa_of_ascending_colon> -> <http://blulab.chpc.utah.edu/ontologies/schema/endo/colonoscopyQuality.owl#Muscularis_mucosae_of_ascending_colon>, <http://blulab.chpc.utah.edu/ontologies/v2/ConText.owl#Lexicon> -> <http://blulab.chpc.utah.edu/ontologies/v2/ConText.owl#Modifier> -> <http://blulab.chpc.utah.edu/ontologies/v2/ConText.owl#SemanticModifier> -> <http://blulab.chpc.utah.edu/ontologies/v2/ConText.owl#BodySite> -> <http://blulab.chpc.utah.edu/ontologies/schema/endo/colonoscopyQuality.owl#Colon_structure> -> <http://blulab.chpc.utah.edu/ontologies/schema/endo/colonoscopyQuality.owl#Region_of_colon> -> <http://blulab.chpc.utah.edu/ontologies/schema/endo/colonoscopyQuality.owl#Ascending_colon> -> <http://blulab.chpc.utah.edu/ontologies/schema/endo/colonoscopyQuality.owl#Wall_of_ascending_colon> -> <http://blulab.chpc.utah.edu/ontologies/schema/endo/colonoscopyQuality.owl#Mucosa_of_ascending_colon> -> <http://blulab.chpc.utah.edu/ontologies/schema/endo/colonoscopyQuality.owl#Muscularis_mucosae_of_ascending_colon>, <http://blulab.chpc.utah.edu/ontologies/v2/ConText.owl#Lexicon> -> <http://blulab.chpc.utah.edu/ontologies/v2/ConText.owl#Modifier> -> <http://blulab.chpc.utah.edu/ontologies/v2/ConText.owl#SemanticModifier> -> <http://blulab.chpc.utah.edu/ontologies/v2/ConText.owl#BodySite> -> <http://blulab.chpc.utah.edu/ontologies/schema/endo/colonoscopyQuality.owl#Colon_structure> -> <http://blulab.chpc.utah.edu/ontologies/schema/endo/colonoscopyQuality.owl#Entire_colon> -> <http://blulab.chpc.utah.edu/ontologies/schema/endo/colonoscopyQuality.owl#Right_colon> -> <http://blulab.chpc.utah.edu/ontologies/schema/endo/colonoscopyQuality.owl#Ascending_colon> -> <http://blulab.chpc.utah.edu/ontologies/schema/endo/colonoscopyQuality.owl#Wall_of_ascending_colon> -> <http://blulab.chpc.utah.edu/ontologies/schema/endo/colonoscopyQuality.owl#Mucosa_of_ascending_colon> -> <http://blulab.chpc.utah.edu/ontologies/schema/endo/colonoscopyQuality.owl#Muscularis_mucosae_of_ascending_colon>, <http://blulab.chpc.utah.edu/ontologies/v2/ConText.owl#Lexicon> -> <http://blulab.chpc.utah.edu/ontologies/v2/ConText.owl#Modifier> -> <http://blulab.chpc.utah.edu/ontologies/v2/ConText.owl#SemanticModifier> -> <http://blulab.chpc.utah.edu/ontologies/v2/ConText.owl#BodySite> -> <http://blulab.chpc.utah.edu/ontologies/schema/endo/colonoscopyQuality.owl#Colon_structure> -> <http://blulab.chpc.utah.edu/ontologies/schema/endo/colonoscopyQuality.owl#Entire_colon> -> <http://blulab.chpc.utah.edu/ontologies/schema/endo/colonoscopyQuality.owl#Colonic_mucous_membrane> -> <http://blulab.chpc.utah.edu/ontologies/schema/endo/colonoscopyQuality.owl#Entire_colonic_mucous_membrane> -> <http://blulab.chpc.utah.edu/ontologies/schema/endo/colonoscopyQuality.owl#Lamina_muscularis_of_colonic_mucous_membrane> -> <http://blulab.chpc.utah.edu/ontologies/schema/endo/colonoscopyQuality.owl#Muscularis_mucosae_of_ascending_colon>, <http://blulab.chpc.utah.edu/ontologies/v2/ConText.owl#Lexicon> -> <http://blulab.chpc.utah.edu/ontologies/v2/ConText.owl#Modifier> -> <http://blulab.chpc.utah.edu/ontologies/v2/ConText.owl#SemanticModifier> -> <http://blulab.chpc.utah.edu/ontologies/v2/ConText.owl#BodySite> -> <http://blulab.chpc.utah.edu/ontologies/schema/endo/colonoscopyQuality.owl#Colon_structure> -> <http://blulab.chpc.utah.edu/ontologies/schema/endo/colonoscopyQuality.owl#Wall_of_colon> -> <http://blulab.chpc.utah.edu/ontologies/schema/endo/colonoscopyQuality.owl#Colonic_mucous_membrane> -> <http://blulab.chpc.utah.edu/ontologies/schema/endo/colonoscopyQuality.owl#Entire_colonic_mucous_membrane> -> <http://blulab.chpc.utah.edu/ontologies/schema/endo/colonoscopyQuality.owl#Lamina_muscularis_of_colonic_mucous_membrane> -> <http://blulab.chpc.utah.edu/ontologies/schema/endo/colonoscopyQuality.owl#Muscularis_mucosae_of_ascending_colon>, <http://blulab.chpc.utah.edu/ontologies/v2/ConText.owl#Lexicon> -> <http://blulab.chpc.utah.edu/ontologies/v2/ConText.owl#Modifier> -> <http://blulab.chpc.utah.edu/ontologies/v2/ConText.owl#SemanticModifier> -> <http://blulab.chpc.utah.edu/ontologies/v2/ConText.owl#BodySite> -> <http://blulab.chpc.utah.edu/ontologies/schema/endo/colonoscopyQuality.owl#Colon_structure> -> <http://blulab.chpc.utah.edu/ontologies/schema/endo/colonoscopyQuality.owl#Wall_of_colon> -> <http://blulab.chpc.utah.edu/ontologies/schema/endo/colonoscopyQuality.owl#Colonic_mucous_membrane> -> <http://blulab.chpc.utah.edu/ontologies/schema/endo/colonoscopyQuality.owl#Lamina_muscularis_of_colonic_mucous_membrane> -> <http://blulab.chpc.utah.edu/ontologies/schema/endo/colonoscopyQuality.owl#Muscularis_mucosae_of_ascending_colon>]]

	Modifier: Solitary_lymphoid_follicle_of_ascending_colon, uri=http://blulab.chpc.utah.edu/ontologies/schema/endo/colonoscopyQuality.owl#Solitary_lymphoid_follicle_of_ascending_colon, type= Semantic, classPath= [<http://blulab.chpc.utah.edu/ontologies/v2/ConText.owl#Lexicon> -> <http://blulab.chpc.utah.edu/ontologies/v2/ConText.owl#Modifier> -> <http://blulab.chpc.utah.edu/ontologies/v2/ConText.owl#SemanticModifier> -> <http://blulab.chpc.utah.edu/ontologies/v2/ConText.owl#BodySite> -> <http://blulab.chpc.utah.edu/ontologies/schema/endo/colonoscopyQuality.owl#Colon_structure> -> <http://blulab.chpc.utah.edu/ontologies/schema/endo/colonoscopyQuality.owl#Ascending_colon> -> <http://blulab.chpc.utah.edu/ontologies/schema/endo/colonoscopyQuality.owl#Wall_of_ascending_colon> -> <http://blulab.chpc.utah.edu/ontologies/schema/endo/colonoscopyQuality.owl#Mucosa_of_ascending_colon> -> <http://blulab.chpc.utah.edu/ontologies/schema/endo/colonoscopyQuality.owl#Solitary_lymphoid_follicle_of_ascending_colon>, <http://blulab.chpc.utah.edu/ontologies/v2/ConText.owl#Lexicon> -> <http://blulab.chpc.utah.edu/ontologies/v2/ConText.owl#Modifier> -> <http://blulab.chpc.utah.edu/ontologies/v2/ConText.owl#SemanticModifier> -> <http://blulab.chpc.utah.edu/ontologies/v2/ConText.owl#BodySite> -> <http://blulab.chpc.utah.edu/ontologies/schema/endo/colonoscopyQuality.owl#Colon_structure> -> <http://blulab.chpc.utah.edu/ontologies/schema/endo/colonoscopyQuality.owl#Entire_colon> -> <http://blulab.chpc.utah.edu/ontologies/schema/endo/colonoscopyQuality.owl#Right_colon> -> <http://blulab.chpc.utah.edu/ontologies/schema/endo/colonoscopyQuality.owl#Entire_right_colon> -> <http://blulab.chpc.utah.edu/ontologies/schema/endo/colonoscopyQuality.owl#Ascending_colon> -> <http://blulab.chpc.utah.edu/ontologies/schema/endo/colonoscopyQuality.owl#Wall_of_ascending_colon> -> <http://blulab.chpc.utah.edu/ontologies/schema/endo/colonoscopyQuality.owl#Mucosa_of_ascending_colon> -> <http://blulab.chpc.utah.edu/ontologies/schema/endo/colonoscopyQuality.owl#Solitary_lymphoid_follicle_of_ascending_colon>, <http://blulab.chpc.utah.edu/ontologies/v2/ConText.owl#Lexicon> -> <http://blulab.chpc.utah.edu/ontologies/v2/ConText.owl#Modifier> -> <http://blulab.chpc.utah.edu/ontologies/v2/ConText.owl#SemanticModifier> -> <http://blulab.chpc.utah.edu/ontologies/v2/ConText.owl#BodySite> -> <http://blulab.chpc.utah.edu/ontologies/schema/endo/colonoscopyQuality.owl#Colon_structure> -> <http://blulab.chpc.utah.edu/ontologies/schema/endo/colonoscopyQuality.owl#Entire_colon> -> <http://blulab.chpc.utah.edu/ontologies/schema/endo/colonoscopyQuality.owl#Entire_right_colon> -> <http://blulab.chpc.utah.edu/ontologies/schema/endo/colonoscopyQuality.owl#Ascending_colon> -> <http://blulab.chpc.utah.edu/ontologies/schema/endo/colonoscopyQuality.owl#Wall_of_ascending_colon> -> <http://blulab.chpc.utah.edu/ontologies/schema/endo/colonoscopyQuality.owl#Mucosa_of_ascending_colon> -> <http://blulab.chpc.utah.edu/ontologies/schema/endo/colonoscopyQuality.owl#Solitary_lymphoid_follicle_of_ascending_colon>, <http://blulab.chpc.utah.edu/ontologies/v2/ConText.owl#Lexicon> -> <http://blulab.chpc.utah.edu/ontologies/v2/ConText.owl#Modifier> -> <http://blulab.chpc.utah.edu/ontologies/v2/ConText.owl#SemanticModifier> -> <http://blulab.chpc.utah.edu/ontologies/v2/ConText.owl#BodySite> -> <http://blulab.chpc.utah.edu/ontologies/schema/endo/colonoscopyQuality.owl#Colon_structure> -> <http://blulab.chpc.utah.edu/ontologies/schema/endo/colonoscopyQuality.owl#Region_of_colon> -> <http://blulab.chpc.utah.edu/ontologies/schema/endo/colonoscopyQuality.owl#Ascending_colon> -> <http://blulab.chpc.utah.edu/ontologies/schema/endo/colonoscopyQuality.owl#Wall_of_ascending_colon> -> <http://blulab.chpc.utah.edu/ontologies/schema/endo/colonoscopyQuality.owl#Mucosa_of_ascending_colon> -> <http://blulab.chpc.utah.edu/ontologies/schema/endo/colonoscopyQuality.owl#Solitary_lymphoid_follicle_of_ascending_colon>, <http://blulab.chpc.utah.edu/ontologies/v2/ConText.owl#Lexicon> -> <http://blulab.chpc.utah.edu/ontologies/v2/ConText.owl#Modifier> -> <http://blulab.chpc.utah.edu/ontologies/v2/ConText.owl#SemanticModifier> -> <http://blulab.chpc.utah.edu/ontologies/v2/ConText.owl#BodySite> -> <http://blulab.chpc.utah.edu/ontologies/schema/endo/colonoscopyQuality.owl#Colon_structure> -> <http://blulab.chpc.utah.edu/ontologies/schema/endo/colonoscopyQuality.owl#Entire_colon> -> <http://blulab.chpc.utah.edu/ontologies/schema/endo/colonoscopyQuality.owl#Right_colon> -> <http://blulab.chpc.utah.edu/ontologies/schema/endo/colonoscopyQuality.owl#Ascending_colon> -> <http://blulab.chpc.utah.edu/ontologies/schema/endo/colonoscopyQuality.owl#Wall_of_ascending_colon> -> <http://blulab.chpc.utah.edu/ontologies/schema/endo/colonoscopyQuality.owl#Mucosa_of_ascending_colon> -> <http://blulab.chpc.utah.edu/ontologies/schema/endo/colonoscopyQuality.owl#Solitary_lymphoid_follicle_of_ascending_colon>]]

	Modifier: Muscle_layer_of_ascending_colon, uri=http://blulab.chpc.utah.edu/ontologies/schema/endo/colonoscopyQuality.owl#Muscle_layer_of_ascending_colon, type= Semantic, classPath= [<http://blulab.chpc.utah.edu/ontologies/v2/ConText.owl#Lexicon> -> <http://blulab.chpc.utah.edu/ontologies/v2/ConText.owl#Modifier> -> <http://blulab.chpc.utah.edu/ontologies/v2/ConText.owl#SemanticModifier> -> <http://blulab.chpc.utah.edu/ontologies/v2/ConText.owl#BodySite> -> <http://blulab.chpc.utah.edu/ontologies/schema/endo/colonoscopyQuality.owl#Colon_structure> -> <http://blulab.chpc.utah.edu/ontologies/schema/endo/colonoscopyQuality.owl#Ascending_colon> -> <http://blulab.chpc.utah.edu/ontologies/schema/endo/colonoscopyQuality.owl#Wall_of_ascending_colon> -> <http://blulab.chpc.utah.edu/ontologies/schema/endo/colonoscopyQuality.owl#Muscle_layer_of_ascending_colon>, <http://blulab.chpc.utah.edu/ontologies/v2/ConText.owl#Lexicon> -> <http://blulab.chpc.utah.edu/ontologies/v2/ConText.owl#Modifier> -> <http://blulab.chpc.utah.edu/ontologies/v2/ConText.owl#SemanticModifier> -> <http://blulab.chpc.utah.edu/ontologies/v2/ConText.owl#BodySite> -> <http://blulab.chpc.utah.edu/ontologies/schema/endo/colonoscopyQuality.owl#Colon_structure> -> <http://blulab.chpc.utah.edu/ontologies/schema/endo/colonoscopyQuality.owl#Entire_colon> -> <http://blulab.chpc.utah.edu/ontologies/schema/endo/colonoscopyQuality.owl#Right_colon> -> <http://blulab.chpc.utah.edu/ontologies/schema/endo/colonoscopyQuality.owl#Entire_right_colon> -> <http://blulab.chpc.utah.edu/ontologies/schema/endo/colonoscopyQuality.owl#Ascending_colon> -> <http://blulab.chpc.utah.edu/ontologies/schema/endo/colonoscopyQuality.owl#Wall_of_ascending_colon> -> <http://blulab.chpc.utah.edu/ontologies/schema/endo/colonoscopyQuality.owl#Muscle_layer_of_ascending_colon>, <http://blulab.chpc.utah.edu/ontologies/v2/ConText.owl#Lexicon> -> <http://blulab.chpc.utah.edu/ontologies/v2/ConText.owl#Modifier> -> <http://blulab.chpc.utah.edu/ontologies/v2/ConText.owl#SemanticModifier> -> <http://blulab.chpc.utah.edu/ontologies/v2/ConText.owl#BodySite> -> <http://blulab.chpc.utah.edu/ontologies/schema/endo/colonoscopyQuality.owl#Colon_structure> -> <http://blulab.chpc.utah.edu/ontologies/schema/endo/colonoscopyQuality.owl#Entire_colon> -> <http://blulab.chpc.utah.edu/ontologies/schema/endo/colonoscopyQuality.owl#Entire_right_colon> -> <http://blulab.chpc.utah.edu/ontologies/schema/endo/colonoscopyQuality.owl#Ascending_colon> -> <http://blulab.chpc.utah.edu/ontologies/schema/endo/colonoscopyQuality.owl#Wall_of_ascending_colon> -> <http://blulab.chpc.utah.edu/ontologies/schema/endo/colonoscopyQuality.owl#Muscle_layer_of_ascending_colon>, <http://blulab.chpc.utah.edu/ontologies/v2/ConText.owl#Lexicon> -> <http://blulab.chpc.utah.edu/ontologies/v2/ConText.owl#Modifier> -> <http://blulab.chpc.utah.edu/ontologies/v2/ConText.owl#SemanticModifier> -> <http://blulab.chpc.utah.edu/ontologies/v2/ConText.owl#BodySite> -> <http://blulab.chpc.utah.edu/ontologies/schema/endo/colonoscopyQuality.owl#Colon_structure> -> <http://blulab.chpc.utah.edu/ontologies/schema/endo/colonoscopyQuality.owl#Region_of_colon> -> <http://blulab.chpc.utah.edu/ontologies/schema/endo/colonoscopyQuality.owl#Ascending_colon> -> <http://blulab.chpc.utah.edu/ontologies/schema/endo/colonoscopyQuality.owl#Wall_of_ascending_colon> -> <http://blulab.chpc.utah.edu/ontologies/schema/endo/colonoscopyQuality.owl#Muscle_layer_of_ascending_colon>, <http://blulab.chpc.utah.edu/ontologies/v2/ConText.owl#Lexicon> -> <http://blulab.chpc.utah.edu/ontologies/v2/ConText.owl#Modifier> -> <http://blulab.chpc.utah.edu/ontologies/v2/ConText.owl#SemanticModifier> -> <http://blulab.chpc.utah.edu/ontologies/v2/ConText.owl#BodySite> -> <http://blulab.chpc.utah.edu/ontologies/schema/endo/colonoscopyQuality.owl#Colon_structure> -> <http://blulab.chpc.utah.edu/ontologies/schema/endo/colonoscopyQuality.owl#Entire_colon> -> <http://blulab.chpc.utah.edu/ontologies/schema/endo/colonoscopyQuality.owl#Right_colon> -> <http://blulab.chpc.utah.edu/ontologies/schema/endo/colonoscopyQuality.owl#Ascending_colon> -> <http://blulab.chpc.utah.edu/ontologies/schema/endo/colonoscopyQuality.owl#Wall_of_ascending_colon> -> <http://blulab.chpc.utah.edu/ontologies/schema/endo/colonoscopyQuality.owl#Muscle_layer_of_ascending_colon>]]

	Modifier: Circular_muscle_layer_of_ascending_colon, uri=http://blulab.chpc.utah.edu/ontologies/schema/endo/colonoscopyQuality.owl#Circular_muscle_layer_of_ascending_colon, type= Semantic, classPath= [<http://blulab.chpc.utah.edu/ontologies/v2/ConText.owl#Lexicon> -> <http://blulab.chpc.utah.edu/ontologies/v2/ConText.owl#Modifier> -> <http://blulab.chpc.utah.edu/ontologies/v2/ConText.owl#SemanticModifier> -> <http://blulab.chpc.utah.edu/ontologies/v2/ConText.owl#BodySite> -> <http://blulab.chpc.utah.edu/ontologies/schema/endo/colonoscopyQuality.owl#Colon_structure> -> <http://blulab.chpc.utah.edu/ontologies/schema/endo/colonoscopyQuality.owl#Ascending_colon> -> <http://blulab.chpc.utah.edu/ontologies/schema/endo/colonoscopyQuality.owl#Wall_of_ascending_colon> -> <http://blulab.chpc.utah.edu/ontologies/schema/endo/colonoscopyQuality.owl#Muscle_layer_of_ascending_colon> -> <http://blulab.chpc.utah.edu/ontologies/schema/endo/colonoscopyQuality.owl#Circular_muscle_layer_of_ascending_colon>, <http://blulab.chpc.utah.edu/ontologies/v2/ConText.owl#Lexicon> -> <http://blulab.chpc.utah.edu/ontologies/v2/ConText.owl#Modifier> -> <http://blulab.chpc.utah.edu/ontologies/v2/ConText.owl#SemanticModifier> -> <http://blulab.chpc.utah.edu/ontologies/v2/ConText.owl#BodySite> -> <http://blulab.chpc.utah.edu/ontologies/schema/endo/colonoscopyQuality.owl#Colon_structure> -> <http://blulab.chpc.utah.edu/ontologies/schema/endo/colonoscopyQuality.owl#Entire_colon> -> <http://blulab.chpc.utah.edu/ontologies/schema/endo/colonoscopyQuality.owl#Right_colon> -> <http://blulab.chpc.utah.edu/ontologies/schema/endo/colonoscopyQuality.owl#Entire_right_colon> -> <http://blulab.chpc.utah.edu/ontologies/schema/endo/colonoscopyQuality.owl#Ascending_colon> -> <http://blulab.chpc.utah.edu/ontologies/schema/endo/colonoscopyQuality.owl#Wall_of_ascending_colon> -> <http://blulab.chpc.utah.edu/ontologies/schema/endo/colonoscopyQuality.owl#Muscle_layer_of_ascending_colon> -> <http://blulab.chpc.utah.edu/ontologies/schema/endo/colonoscopyQuality.owl#Circular_muscle_layer_of_ascending_colon>, <http://blulab.chpc.utah.edu/ontologies/v2/ConText.owl#Lexicon> -> <http://blulab.chpc.utah.edu/ontologies/v2/ConText.owl#Modifier> -> <http://blulab.chpc.utah.edu/ontologies/v2/ConText.owl#SemanticModifier> -> <http://blulab.chpc.utah.edu/ontologies/v2/ConText.owl#BodySite> -> <http://blulab.chpc.utah.edu/ontologies/schema/endo/colonoscopyQuality.owl#Colon_structure> -> <http://blulab.chpc.utah.edu/ontologies/schema/endo/colonoscopyQuality.owl#Entire_colon> -> <http://blulab.chpc.utah.edu/ontologies/schema/endo/colonoscopyQuality.owl#Entire_right_colon> -> <http://blulab.chpc.utah.edu/ontologies/schema/endo/colonoscopyQuality.owl#Ascending_colon> -> <http://blulab.chpc.utah.edu/ontologies/schema/endo/colonoscopyQuality.owl#Wall_of_ascending_colon> -> <http://blulab.chpc.utah.edu/ontologies/schema/endo/colonoscopyQuality.owl#Muscle_layer_of_ascending_colon> -> <http://blulab.chpc.utah.edu/ontologies/schema/endo/colonoscopyQuality.owl#Circular_muscle_layer_of_ascending_colon>, <http://blulab.chpc.utah.edu/ontologies/v2/ConText.owl#Lexicon> -> <http://blulab.chpc.utah.edu/ontologies/v2/ConText.owl#Modifier> -> <http://blulab.chpc.utah.edu/ontologies/v2/ConText.owl#SemanticModifier> -> <http://blulab.chpc.utah.edu/ontologies/v2/ConText.owl#BodySite> -> <http://blulab.chpc.utah.edu/ontologies/schema/endo/colonoscopyQuality.owl#Colon_structure> -> <http://blulab.chpc.utah.edu/ontologies/schema/endo/colonoscopyQuality.owl#Region_of_colon> -> <http://blulab.chpc.utah.edu/ontologies/schema/endo/colonoscopyQuality.owl#Ascending_colon> -> <http://blulab.chpc.utah.edu/ontologies/schema/endo/colonoscopyQuality.owl#Wall_of_ascending_colon> -> <http://blulab.chpc.utah.edu/ontologies/schema/endo/colonoscopyQuality.owl#Muscle_layer_of_ascending_colon> -> <http://blulab.chpc.utah.edu/ontologies/schema/endo/colonoscopyQuality.owl#Circular_muscle_layer_of_ascending_colon>, <http://blulab.chpc.utah.edu/ontologies/v2/ConText.owl#Lexicon> -> <http://blulab.chpc.utah.edu/ontologies/v2/ConText.owl#Modifier> -> <http://blulab.chpc.utah.edu/ontologies/v2/ConText.owl#SemanticModifier> -> <http://blulab.chpc.utah.edu/ontologies/v2/ConText.owl#BodySite> -> <http://blulab.chpc.utah.edu/ontologies/schema/endo/colonoscopyQuality.owl#Colon_structure> -> <http://blulab.chpc.utah.edu/ontologies/schema/endo/colonoscopyQuality.owl#Entire_colon> -> <http://blulab.chpc.utah.edu/ontologies/schema/endo/colonoscopyQuality.owl#Right_colon> -> <http://blulab.chpc.utah.edu/ontologies/schema/endo/colonoscopyQuality.owl#Ascending_colon> -> <http://blulab.chpc.utah.edu/ontologies/schema/endo/colonoscopyQuality.owl#Wall_of_ascending_colon> -> <http://blulab.chpc.utah.edu/ontologies/schema/endo/colonoscopyQuality.owl#Muscle_layer_of_ascending_colon> -> <http://blulab.chpc.utah.edu/ontologies/schema/endo/colonoscopyQuality.owl#Circular_muscle_layer_of_ascending_colon>]]

	Modifier: Longitudinal_muscle_layer_of_ascending_colon, uri=http://blulab.chpc.utah.edu/ontologies/schema/endo/colonoscopyQuality.owl#Longitudinal_muscle_layer_of_ascending_colon, type= Semantic, classPath= [<http://blulab.chpc.utah.edu/ontologies/v2/ConText.owl#Lexicon> -> <http://blulab.chpc.utah.edu/ontologies/v2/ConText.owl#Modifier> -> <http://blulab.chpc.utah.edu/ontologies/v2/ConText.owl#SemanticModifier> -> <http://blulab.chpc.utah.edu/ontologies/v2/ConText.owl#BodySite> -> <http://blulab.chpc.utah.edu/ontologies/schema/endo/colonoscopyQuality.owl#Colon_structure> -> <http://blulab.chpc.utah.edu/ontologies/schema/endo/colonoscopyQuality.owl#Ascending_colon> -> <http://blulab.chpc.utah.edu/ontologies/schema/endo/colonoscopyQuality.owl#Wall_of_ascending_colon> -> <http://blulab.chpc.utah.edu/ontologies/schema/endo/colonoscopyQuality.owl#Muscle_layer_of_ascending_colon> -> <http://blulab.chpc.utah.edu/ontologies/schema/endo/colonoscopyQuality.owl#Longitudinal_muscle_layer_of_ascending_colon>, <http://blulab.chpc.utah.edu/ontologies/v2/ConText.owl#Lexicon> -> <http://blulab.chpc.utah.edu/ontologies/v2/ConText.owl#Modifier> -> <http://blulab.chpc.utah.edu/ontologies/v2/ConText.owl#SemanticModifier> -> <http://blulab.chpc.utah.edu/ontologies/v2/ConText.owl#BodySite> -> <http://blulab.chpc.utah.edu/ontologies/schema/endo/colonoscopyQuality.owl#Colon_structure> -> <http://blulab.chpc.utah.edu/ontologies/schema/endo/colonoscopyQuality.owl#Entire_colon> -> <http://blulab.chpc.utah.edu/ontologies/schema/endo/colonoscopyQuality.owl#Right_colon> -> <http://blulab.chpc.utah.edu/ontologies/schema/endo/colonoscopyQuality.owl#Entire_right_colon> -> <http://blulab.chpc.utah.edu/ontologies/schema/endo/colonoscopyQuality.owl#Ascending_colon> -> <http://blulab.chpc.utah.edu/ontologies/schema/endo/colonoscopyQuality.owl#Wall_of_ascending_colon> -> <http://blulab.chpc.utah.edu/ontologies/schema/endo/colonoscopyQuality.owl#Muscle_layer_of_ascending_colon> -> <http://blulab.chpc.utah.edu/ontologies/schema/endo/colonoscopyQuality.owl#Longitudinal_muscle_layer_of_ascending_colon>, <http://blulab.chpc.utah.edu/ontologies/v2/ConText.owl#Lexicon> -> <http://blulab.chpc.utah.edu/ontologies/v2/ConText.owl#Modifier> -> <http://blulab.chpc.utah.edu/ontologies/v2/ConText.owl#SemanticModifier> -> <http://blulab.chpc.utah.edu/ontologies/v2/ConText.owl#BodySite> -> <http://blulab.chpc.utah.edu/ontologies/schema/endo/colonoscopyQuality.owl#Colon_structure> -> <http://blulab.chpc.utah.edu/ontologies/schema/endo/colonoscopyQuality.owl#Entire_colon> -> <http://blulab.chpc.utah.edu/ontologies/schema/endo/colonoscopyQuality.owl#Entire_right_colon> -> <http://blulab.chpc.utah.edu/ontologies/schema/endo/colonoscopyQuality.owl#Ascending_colon> -> <http://blulab.chpc.utah.edu/ontologies/schema/endo/colonoscopyQuality.owl#Wall_of_ascending_colon> -> <http://blulab.chpc.utah.edu/ontologies/schema/endo/colonoscopyQuality.owl#Muscle_layer_of_ascending_colon> -> <http://blulab.chpc.utah.edu/ontologies/schema/endo/colonoscopyQuality.owl#Longitudinal_muscle_layer_of_ascending_colon>, <http://blulab.chpc.utah.edu/ontologies/v2/ConText.owl#Lexicon> -> <http://blulab.chpc.utah.edu/ontologies/v2/ConText.owl#Modifier> -> <http://blulab.chpc.utah.edu/ontologies/v2/ConText.owl#SemanticModifier> -> <http://blulab.chpc.utah.edu/ontologies/v2/ConText.owl#BodySite> -> <http://blulab.chpc.utah.edu/ontologies/schema/endo/colonoscopyQuality.owl#Colon_structure> -> <http://blulab.chpc.utah.edu/ontologies/schema/endo/colonoscopyQuality.owl#Region_of_colon> -> <http://blulab.chpc.utah.edu/ontologies/schema/endo/colonoscopyQuality.owl#Ascending_colon> -> <http://blulab.chpc.utah.edu/ontologies/schema/endo/colonoscopyQuality.owl#Wall_of_ascending_colon> -> <http://blulab.chpc.utah.edu/ontologies/schema/endo/colonoscopyQuality.owl#Muscle_layer_of_ascending_colon> -> <http://blulab.chpc.utah.edu/ontologies/schema/endo/colonoscopyQuality.owl#Longitudinal_muscle_layer_of_ascending_colon>, <http://blulab.chpc.utah.edu/ontologies/v2/ConText.owl#Lexicon> -> <http://blulab.chpc.utah.edu/ontologies/v2/ConText.owl#Modifier> -> <http://blulab.chpc.utah.edu/ontologies/v2/ConText.owl#SemanticModifier> -> <http://blulab.chpc.utah.edu/ontologies/v2/ConText.owl#BodySite> -> <http://blulab.chpc.utah.edu/ontologies/schema/endo/colonoscopyQuality.owl#Colon_structure> -> <http://blulab.chpc.utah.edu/ontologies/schema/endo/colonoscopyQuality.owl#Entire_colon> -> <http://blulab.chpc.utah.edu/ontologies/schema/endo/colonoscopyQuality.owl#Right_colon> -> <http://blulab.chpc.utah.edu/ontologies/schema/endo/colonoscopyQuality.owl#Ascending_colon> -> <http://blulab.chpc.utah.edu/ontologies/schema/endo/colonoscopyQuality.owl#Wall_of_ascending_colon> -> <http://blulab.chpc.utah.edu/ontologies/schema/endo/colonoscopyQuality.owl#Muscle_layer_of_ascending_colon> -> <http://blulab.chpc.utah.edu/ontologies/schema/endo/colonoscopyQuality.owl#Longitudinal_muscle_layer_of_ascending_colon>]]

	Modifier: Posterior_wall_of_ascending_colon, uri=http://blulab.chpc.utah.edu/ontologies/schema/endo/colonoscopyQuality.owl#Posterior_wall_of_ascending_colon, type= Semantic, classPath= [<http://blulab.chpc.utah.edu/ontologies/v2/ConText.owl#Lexicon> -> <http://blulab.chpc.utah.edu/ontologies/v2/ConText.owl#Modifier> -> <http://blulab.chpc.utah.edu/ontologies/v2/ConText.owl#SemanticModifier> -> <http://blulab.chpc.utah.edu/ontologies/v2/ConText.owl#BodySite> -> <http://blulab.chpc.utah.edu/ontologies/schema/endo/colonoscopyQuality.owl#Colon_structure> -> <http://blulab.chpc.utah.edu/ontologies/schema/endo/colonoscopyQuality.owl#Ascending_colon> -> <http://blulab.chpc.utah.edu/ontologies/schema/endo/colonoscopyQuality.owl#Wall_of_ascending_colon> -> <http://blulab.chpc.utah.edu/ontologies/schema/endo/colonoscopyQuality.owl#Posterior_wall_of_ascending_colon>, <http://blulab.chpc.utah.edu/ontologies/v2/ConText.owl#Lexicon> -> <http://blulab.chpc.utah.edu/ontologies/v2/ConText.owl#Modifier> -> <http://blulab.chpc.utah.edu/ontologies/v2/ConText.owl#SemanticModifier> -> <http://blulab.chpc.utah.edu/ontologies/v2/ConText.owl#BodySite> -> <http://blulab.chpc.utah.edu/ontologies/schema/endo/colonoscopyQuality.owl#Colon_structure> -> <http://blulab.chpc.utah.edu/ontologies/schema/endo/colonoscopyQuality.owl#Entire_colon> -> <http://blulab.chpc.utah.edu/ontologies/schema/endo/colonoscopyQuality.owl#Right_colon> -> <http://blulab.chpc.utah.edu/ontologies/schema/endo/colonoscopyQuality.owl#Entire_right_colon> -> <http://blulab.chpc.utah.edu/ontologies/schema/endo/colonoscopyQuality.owl#Ascending_colon> -> <http://blulab.chpc.utah.edu/ontologies/schema/endo/colonoscopyQuality.owl#Wall_of_ascending_colon> -> <http://blulab.chpc.utah.edu/ontologies/schema/endo/colonoscopyQuality.owl#Posterior_wall_of_ascending_colon>, <http://blulab.chpc.utah.edu/ontologies/v2/ConText.owl#Lexicon> -> <http://blulab.chpc.utah.edu/ontologies/v2/ConText.owl#Modifier> -> <http://blulab.chpc.utah.edu/ontologies/v2/ConText.owl#SemanticModifier> -> <http://blulab.chpc.utah.edu/ontologies/v2/ConText.owl#BodySite> -> <http://blulab.chpc.utah.edu/ontologies/schema/endo/colonoscopyQuality.owl#Colon_structure> -> <http://blulab.chpc.utah.edu/ontologies/schema/endo/colonoscopyQuality.owl#Entire_colon> -> <http://blulab.chpc.utah.edu/ontologies/schema/endo/colonoscopyQuality.owl#Entire_right_colon> -> <http://blulab.chpc.utah.edu/ontologies/schema/endo/colonoscopyQuality.owl#Ascending_colon> -> <http://blulab.chpc.utah.edu/ontologies/schema/endo/colonoscopyQuality.owl#Wall_of_ascending_colon> -> <http://blulab.chpc.utah.edu/ontologies/schema/endo/colonoscopyQuality.owl#Posterior_wall_of_ascending_colon>, <http://blulab.chpc.utah.edu/ontologies/v2/ConText.owl#Lexicon> -> <http://blulab.chpc.utah.edu/ontologies/v2/ConText.owl#Modifier> -> <http://blulab.chpc.utah.edu/ontologies/v2/ConText.owl#SemanticModifier> -> <http://blulab.chpc.utah.edu/ontologies/v2/ConText.owl#BodySite> -> <http://blulab.chpc.utah.edu/ontologies/schema/endo/colonoscopyQuality.owl#Colon_structure> -> <http://blulab.chpc.utah.edu/ontologies/schema/endo/colonoscopyQuality.owl#Region_of_colon> -> <http://blulab.chpc.utah.edu/ontologies/schema/endo/colonoscopyQuality.owl#Ascending_colon> -> <http://blulab.chpc.utah.edu/ontologies/schema/endo/colonoscopyQuality.owl#Wall_of_ascending_colon> -> <http://blulab.chpc.utah.edu/ontologies/schema/endo/colonoscopyQuality.owl#Posterior_wall_of_ascending_colon>, <http://blulab.chpc.utah.edu/ontologies/v2/ConText.owl#Lexicon> -> <http://blulab.chpc.utah.edu/ontologies/v2/ConText.owl#Modifier> -> <http://blulab.chpc.utah.edu/ontologies/v2/ConText.owl#SemanticModifier> -> <http://blulab.chpc.utah.edu/ontologies/v2/ConText.owl#BodySite> -> <http://blulab.chpc.utah.edu/ontologies/schema/endo/colonoscopyQuality.owl#Colon_structure> -> <http://blulab.chpc.utah.edu/ontologies/schema/endo/colonoscopyQuality.owl#Entire_colon> -> <http://blulab.chpc.utah.edu/ontologies/schema/endo/colonoscopyQuality.owl#Right_colon> -> <http://blulab.chpc.utah.edu/ontologies/schema/endo/colonoscopyQuality.owl#Ascending_colon> -> <http://blulab.chpc.utah.edu/ontologies/schema/endo/colonoscopyQuality.owl#Wall_of_ascending_colon> -> <http://blulab.chpc.utah.edu/ontologies/schema/endo/colonoscopyQuality.owl#Posterior_wall_of_ascending_colon>]]

	Modifier: Serosa_of_ascending_colon, uri=http://blulab.chpc.utah.edu/ontologies/schema/endo/colonoscopyQuality.owl#Serosa_of_ascending_colon, type= Semantic, classPath= [<http://blulab.chpc.utah.edu/ontologies/v2/ConText.owl#Lexicon> -> <http://blulab.chpc.utah.edu/ontologies/v2/ConText.owl#Modifier> -> <http://blulab.chpc.utah.edu/ontologies/v2/ConText.owl#SemanticModifier> -> <http://blulab.chpc.utah.edu/ontologies/v2/ConText.owl#BodySite> -> <http://blulab.chpc.utah.edu/ontologies/schema/endo/colonoscopyQuality.owl#Colon_structure> -> <http://blulab.chpc.utah.edu/ontologies/schema/endo/colonoscopyQuality.owl#Ascending_colon> -> <http://blulab.chpc.utah.edu/ontologies/schema/endo/colonoscopyQuality.owl#Wall_of_ascending_colon> -> <http://blulab.chpc.utah.edu/ontologies/schema/endo/colonoscopyQuality.owl#Serosa_of_ascending_colon>, <http://blulab.chpc.utah.edu/ontologies/v2/ConText.owl#Lexicon> -> <http://blulab.chpc.utah.edu/ontologies/v2/ConText.owl#Modifier> -> <http://blulab.chpc.utah.edu/ontologies/v2/ConText.owl#SemanticModifier> -> <http://blulab.chpc.utah.edu/ontologies/v2/ConText.owl#BodySite> -> <http://blulab.chpc.utah.edu/ontologies/schema/endo/colonoscopyQuality.owl#Colon_structure> -> <http://blulab.chpc.utah.edu/ontologies/schema/endo/colonoscopyQuality.owl#Entire_colon> -> <http://blulab.chpc.utah.edu/ontologies/schema/endo/colonoscopyQuality.owl#Right_colon> -> <http://blulab.chpc.utah.edu/ontologies/schema/endo/colonoscopyQuality.owl#Entire_right_colon> -> <http://blulab.chpc.utah.edu/ontologies/schema/endo/colonoscopyQuality.owl#Ascending_colon> -> <http://blulab.chpc.utah.edu/ontologies/schema/endo/colonoscopyQuality.owl#Wall_of_ascending_colon> -> <http://blulab.chpc.utah.edu/ontologies/schema/endo/colonoscopyQuality.owl#Serosa_of_ascending_colon>, <http://blulab.chpc.utah.edu/ontologies/v2/ConText.owl#Lexicon> -> <http://blulab.chpc.utah.edu/ontologies/v2/ConText.owl#Modifier> -> <http://blulab.chpc.utah.edu/ontologies/v2/ConText.owl#SemanticModifier> -> <http://blulab.chpc.utah.edu/ontologies/v2/ConText.owl#BodySite> -> <http://blulab.chpc.utah.edu/ontologies/schema/endo/colonoscopyQuality.owl#Colon_structure> -> <http://blulab.chpc.utah.edu/ontologies/schema/endo/colonoscopyQuality.owl#Entire_colon> -> <http://blulab.chpc.utah.edu/ontologies/schema/endo/colonoscopyQuality.owl#Entire_right_colon> -> <http://blulab.chpc.utah.edu/ontologies/schema/endo/colonoscopyQuality.owl#Ascending_colon> -> <http://blulab.chpc.utah.edu/ontologies/schema/endo/colonoscopyQuality.owl#Wall_of_ascending_colon> -> <http://blulab.chpc.utah.edu/ontologies/schema/endo/colonoscopyQuality.owl#Serosa_of_ascending_colon>, <http://blulab.chpc.utah.edu/ontologies/v2/ConText.owl#Lexicon> -> <http://blulab.chpc.utah.edu/ontologies/v2/ConText.owl#Modifier> -> <http://blulab.chpc.utah.edu/ontologies/v2/ConText.owl#SemanticModifier> -> <http://blulab.chpc.utah.edu/ontologies/v2/ConText.owl#BodySite> -> <http://blulab.chpc.utah.edu/ontologies/schema/endo/colonoscopyQuality.owl#Colon_structure> -> <http://blulab.chpc.utah.edu/ontologies/schema/endo/colonoscopyQuality.owl#Region_of_colon> -> <http://blulab.chpc.utah.edu/ontologies/schema/endo/colonoscopyQuality.owl#Ascending_colon> -> <http://blulab.chpc.utah.edu/ontologies/schema/endo/colonoscopyQuality.owl#Wall_of_ascending_colon> -> <http://blulab.chpc.utah.edu/ontologies/schema/endo/colonoscopyQuality.owl#Serosa_of_ascending_colon>, <http://blulab.chpc.utah.edu/ontologies/v2/ConText.owl#Lexicon> -> <http://blulab.chpc.utah.edu/ontologies/v2/ConText.owl#Modifier> -> <http://blulab.chpc.utah.edu/ontologies/v2/ConText.owl#SemanticModifier> -> <http://blulab.chpc.utah.edu/ontologies/v2/ConText.owl#BodySite> -> <http://blulab.chpc.utah.edu/ontologies/schema/endo/colonoscopyQuality.owl#Colon_structure> -> <http://blulab.chpc.utah.edu/ontologies/schema/endo/colonoscopyQuality.owl#Entire_colon> -> <http://blulab.chpc.utah.edu/ontologies/schema/endo/colonoscopyQuality.owl#Right_colon> -> <http://blulab.chpc.utah.edu/ontologies/schema/endo/colonoscopyQuality.owl#Ascending_colon> -> <http://blulab.chpc.utah.edu/ontologies/schema/endo/colonoscopyQuality.owl#Wall_of_ascending_colon> -> <http://blulab.chpc.utah.edu/ontologies/schema/endo/colonoscopyQuality.owl#Serosa_of_ascending_colon>]]

	Modifier: Submucosa_of_ascending_colon, uri=http://blulab.chpc.utah.edu/ontologies/schema/endo/colonoscopyQuality.owl#Submucosa_of_ascending_colon, type= Semantic, classPath= [<http://blulab.chpc.utah.edu/ontologies/v2/ConText.owl#Lexicon> -> <http://blulab.chpc.utah.edu/ontologies/v2/ConText.owl#Modifier> -> <http://blulab.chpc.utah.edu/ontologies/v2/ConText.owl#SemanticModifier> -> <http://blulab.chpc.utah.edu/ontologies/v2/ConText.owl#BodySite> -> <http://blulab.chpc.utah.edu/ontologies/schema/endo/colonoscopyQuality.owl#Colon_structure> -> <http://blulab.chpc.utah.edu/ontologies/schema/endo/colonoscopyQuality.owl#Ascending_colon> -> <http://blulab.chpc.utah.edu/ontologies/schema/endo/colonoscopyQuality.owl#Wall_of_ascending_colon> -> <http://blulab.chpc.utah.edu/ontologies/schema/endo/colonoscopyQuality.owl#Submucosa_of_ascending_colon>, <http://blulab.chpc.utah.edu/ontologies/v2/ConText.owl#Lexicon> -> <http://blulab.chpc.utah.edu/ontologies/v2/ConText.owl#Modifier> -> <http://blulab.chpc.utah.edu/ontologies/v2/ConText.owl#SemanticModifier> -> <http://blulab.chpc.utah.edu/ontologies/v2/ConText.owl#BodySite> -> <http://blulab.chpc.utah.edu/ontologies/schema/endo/colonoscopyQuality.owl#Colon_structure> -> <http://blulab.chpc.utah.edu/ontologies/schema/endo/colonoscopyQuality.owl#Entire_colon> -> <http://blulab.chpc.utah.edu/ontologies/schema/endo/colonoscopyQuality.owl#Right_colon> -> <http://blulab.chpc.utah.edu/ontologies/schema/endo/colonoscopyQuality.owl#Entire_right_colon> -> <http://blulab.chpc.utah.edu/ontologies/schema/endo/colonoscopyQuality.owl#Ascending_colon> -> <http://blulab.chpc.utah.edu/ontologies/schema/endo/colonoscopyQuality.owl#Wall_of_ascending_colon> -> <http://blulab.chpc.utah.edu/ontologies/schema/endo/colonoscopyQuality.owl#Submucosa_of_ascending_colon>, <http://blulab.chpc.utah.edu/ontologies/v2/ConText.owl#Lexicon> -> <http://blulab.chpc.utah.edu/ontologies/v2/ConText.owl#Modifier> -> <http://blulab.chpc.utah.edu/ontologies/v2/ConText.owl#SemanticModifier> -> <http://blulab.chpc.utah.edu/ontologies/v2/ConText.owl#BodySite> -> <http://blulab.chpc.utah.edu/ontologies/schema/endo/colonoscopyQuality.owl#Colon_structure> -> <http://blulab.chpc.utah.edu/ontologies/schema/endo/colonoscopyQuality.owl#Entire_colon> -> <http://blulab.chpc.utah.edu/ontologies/schema/endo/colonoscopyQuality.owl#Entire_right_colon> -> <http://blulab.chpc.utah.edu/ontologies/schema/endo/colonoscopyQuality.owl#Ascending_colon> -> <http://blulab.chpc.utah.edu/ontologies/schema/endo/colonoscopyQuality.owl#Wall_of_ascending_colon> -> <http://blulab.chpc.utah.edu/ontologies/schema/endo/colonoscopyQuality.owl#Submucosa_of_ascending_colon>, <http://blulab.chpc.utah.edu/ontologies/v2/ConText.owl#Lexicon> -> <http://blulab.chpc.utah.edu/ontologies/v2/ConText.owl#Modifier> -> <http://blulab.chpc.utah.edu/ontologies/v2/ConText.owl#SemanticModifier> -> <http://blulab.chpc.utah.edu/ontologies/v2/ConText.owl#BodySite> -> <http://blulab.chpc.utah.edu/ontologies/schema/endo/colonoscopyQuality.owl#Colon_structure> -> <http://blulab.chpc.utah.edu/ontologies/schema/endo/colonoscopyQuality.owl#Region_of_colon> -> <http://blulab.chpc.utah.edu/ontologies/schema/endo/colonoscopyQuality.owl#Ascending_colon> -> <http://blulab.chpc.utah.edu/ontologies/schema/endo/colonoscopyQuality.owl#Wall_of_ascending_colon> -> <http://blulab.chpc.utah.edu/ontologies/schema/endo/colonoscopyQuality.owl#Submucosa_of_ascending_colon>, <http://blulab.chpc.utah.edu/ontologies/v2/ConText.owl#Lexicon> -> <http://blulab.chpc.utah.edu/ontologies/v2/ConText.owl#Modifier> -> <http://blulab.chpc.utah.edu/ontologies/v2/ConText.owl#SemanticModifier> -> <http://blulab.chpc.utah.edu/ontologies/v2/ConText.owl#BodySite> -> <http://blulab.chpc.utah.edu/ontologies/schema/endo/colonoscopyQuality.owl#Colon_structure> -> <http://blulab.chpc.utah.edu/ontologies/schema/endo/colonoscopyQuality.owl#Entire_colon> -> <http://blulab.chpc.utah.edu/ontologies/schema/endo/colonoscopyQuality.owl#Right_colon> -> <http://blulab.chpc.utah.edu/ontologies/schema/endo/colonoscopyQuality.owl#Ascending_colon> -> <http://blulab.chpc.utah.edu/ontologies/schema/endo/colonoscopyQuality.owl#Wall_of_ascending_colon> -> <http://blulab.chpc.utah.edu/ontologies/schema/endo/colonoscopyQuality.owl#Submucosa_of_ascending_colon>]]

	Modifier: Subserosa_of_ascending_colon, uri=http://blulab.chpc.utah.edu/ontologies/schema/endo/colonoscopyQuality.owl#Subserosa_of_ascending_colon, type= Semantic, classPath= [<http://blulab.chpc.utah.edu/ontologies/v2/ConText.owl#Lexicon> -> <http://blulab.chpc.utah.edu/ontologies/v2/ConText.owl#Modifier> -> <http://blulab.chpc.utah.edu/ontologies/v2/ConText.owl#SemanticModifier> -> <http://blulab.chpc.utah.edu/ontologies/v2/ConText.owl#BodySite> -> <http://blulab.chpc.utah.edu/ontologies/schema/endo/colonoscopyQuality.owl#Colon_structure> -> <http://blulab.chpc.utah.edu/ontologies/schema/endo/colonoscopyQuality.owl#Ascending_colon> -> <http://blulab.chpc.utah.edu/ontologies/schema/endo/colonoscopyQuality.owl#Wall_of_ascending_colon> -> <http://blulab.chpc.utah.edu/ontologies/schema/endo/colonoscopyQuality.owl#Subserosa_of_ascending_colon>, <http://blulab.chpc.utah.edu/ontologies/v2/ConText.owl#Lexicon> -> <http://blulab.chpc.utah.edu/ontologies/v2/ConText.owl#Modifier> -> <http://blulab.chpc.utah.edu/ontologies/v2/ConText.owl#SemanticModifier> -> <http://blulab.chpc.utah.edu/ontologies/v2/ConText.owl#BodySite> -> <http://blulab.chpc.utah.edu/ontologies/schema/endo/colonoscopyQuality.owl#Colon_structure> -> <http://blulab.chpc.utah.edu/ontologies/schema/endo/colonoscopyQuality.owl#Entire_colon> -> <http://blulab.chpc.utah.edu/ontologies/schema/endo/colonoscopyQuality.owl#Right_colon> -> <http://blulab.chpc.utah.edu/ontologies/schema/endo/colonoscopyQuality.owl#Entire_right_colon> -> <http://blulab.chpc.utah.edu/ontologies/schema/endo/colonoscopyQuality.owl#Ascending_colon> -> <http://blulab.chpc.utah.edu/ontologies/schema/endo/colonoscopyQuality.owl#Wall_of_ascending_colon> -> <http://blulab.chpc.utah.edu/ontologies/schema/endo/colonoscopyQuality.owl#Subserosa_of_ascending_colon>, <http://blulab.chpc.utah.edu/ontologies/v2/ConText.owl#Lexicon> -> <http://blulab.chpc.utah.edu/ontologies/v2/ConText.owl#Modifier> -> <http://blulab.chpc.utah.edu/ontologies/v2/ConText.owl#SemanticModifier> -> <http://blulab.chpc.utah.edu/ontologies/v2/ConText.owl#BodySite> -> <http://blulab.chpc.utah.edu/ontologies/schema/endo/colonoscopyQuality.owl#Colon_structure> -> <http://blulab.chpc.utah.edu/ontologies/schema/endo/colonoscopyQuality.owl#Entire_colon> -> <http://blulab.chpc.utah.edu/ontologies/schema/endo/colonoscopyQuality.owl#Entire_right_colon> -> <http://blulab.chpc.utah.edu/ontologies/schema/endo/colonoscopyQuality.owl#Ascending_colon> -> <http://blulab.chpc.utah.edu/ontologies/schema/endo/colonoscopyQuality.owl#Wall_of_ascending_colon> -> <http://blulab.chpc.utah.edu/ontologies/schema/endo/colonoscopyQuality.owl#Subserosa_of_ascending_colon>, <http://blulab.chpc.utah.edu/ontologies/v2/ConText.owl#Lexicon> -> <http://blulab.chpc.utah.edu/ontologies/v2/ConText.owl#Modifier> -> <http://blulab.chpc.utah.edu/ontologies/v2/ConText.owl#SemanticModifier> -> <http://blulab.chpc.utah.edu/ontologies/v2/ConText.owl#BodySite> -> <http://blulab.chpc.utah.edu/ontologies/schema/endo/colonoscopyQuality.owl#Colon_structure> -> <http://blulab.chpc.utah.edu/ontologies/schema/endo/colonoscopyQuality.owl#Region_of_colon> -> <http://blulab.chpc.utah.edu/ontologies/schema/endo/colonoscopyQuality.owl#Ascending_colon> -> <http://blulab.chpc.utah.edu/ontologies/schema/endo/colonoscopyQuality.owl#Wall_of_ascending_colon> -> <http://blulab.chpc.utah.edu/ontologies/schema/endo/colonoscopyQuality.owl#Subserosa_of_ascending_colon>, <http://blulab.chpc.utah.edu/ontologies/v2/ConText.owl#Lexicon> -> <http://blulab.chpc.utah.edu/ontologies/v2/ConText.owl#Modifier> -> <http://blulab.chpc.utah.edu/ontologies/v2/ConText.owl#SemanticModifier> -> <http://blulab.chpc.utah.edu/ontologies/v2/ConText.owl#BodySite> -> <http://blulab.chpc.utah.edu/ontologies/schema/endo/colonoscopyQuality.owl#Colon_structure> -> <http://blulab.chpc.utah.edu/ontologies/schema/endo/colonoscopyQuality.owl#Entire_colon> -> <http://blulab.chpc.utah.edu/ontologies/schema/endo/colonoscopyQuality.owl#Right_colon> -> <http://blulab.chpc.utah.edu/ontologies/schema/endo/colonoscopyQuality.owl#Ascending_colon> -> <http://blulab.chpc.utah.edu/ontologies/schema/endo/colonoscopyQuality.owl#Wall_of_ascending_colon> -> <http://blulab.chpc.utah.edu/ontologies/schema/endo/colonoscopyQuality.owl#Subserosa_of_ascending_colon>]]

	Modifier: Cecum, uri=http://blulab.chpc.utah.edu/ontologies/schema/endo/colonoscopyQuality.owl#Cecum, type= Semantic, classPath= [<http://blulab.chpc.utah.edu/ontologies/v2/ConText.owl#Lexicon> -> <http://blulab.chpc.utah.edu/ontologies/v2/ConText.owl#Modifier> -> <http://blulab.chpc.utah.edu/ontologies/v2/ConText.owl#SemanticModifier> -> <http://blulab.chpc.utah.edu/ontologies/v2/ConText.owl#BodySite> -> <http://blulab.chpc.utah.edu/ontologies/schema/endo/colonoscopyQuality.owl#Colon_structure> -> <http://blulab.chpc.utah.edu/ontologies/schema/endo/colonoscopyQuality.owl#Cecum>]]

	Modifier: Appendix, uri=http://blulab.chpc.utah.edu/ontologies/schema/endo/colonoscopyQuality.owl#Appendix, type= Semantic, classPath= [<http://blulab.chpc.utah.edu/ontologies/v2/ConText.owl#Lexicon> -> <http://blulab.chpc.utah.edu/ontologies/v2/ConText.owl#Modifier> -> <http://blulab.chpc.utah.edu/ontologies/v2/ConText.owl#SemanticModifier> -> <http://blulab.chpc.utah.edu/ontologies/v2/ConText.owl#BodySite> -> <http://blulab.chpc.utah.edu/ontologies/schema/endo/colonoscopyQuality.owl#Colon_structure> -> <http://blulab.chpc.utah.edu/ontologies/schema/endo/colonoscopyQuality.owl#Cecum> -> <http://blulab.chpc.utah.edu/ontologies/schema/endo/colonoscopyQuality.owl#Appendix>, <http://blulab.chpc.utah.edu/ontologies/v2/ConText.owl#Lexicon> -> <http://blulab.chpc.utah.edu/ontologies/v2/ConText.owl#Modifier> -> <http://blulab.chpc.utah.edu/ontologies/v2/ConText.owl#SemanticModifier> -> <http://blulab.chpc.utah.edu/ontologies/v2/ConText.owl#BodySite> -> <http://blulab.chpc.utah.edu/ontologies/schema/endo/colonoscopyQuality.owl#Colon_structure> -> <http://blulab.chpc.utah.edu/ontologies/schema/endo/colonoscopyQuality.owl#Appendix>]]

	Modifier: Cecal_caput, uri=http://blulab.chpc.utah.edu/ontologies/schema/endo/colonoscopyQuality.owl#Cecal_caput, type= Semantic, classPath= [<http://blulab.chpc.utah.edu/ontologies/v2/ConText.owl#Lexicon> -> <http://blulab.chpc.utah.edu/ontologies/v2/ConText.owl#Modifier> -> <http://blulab.chpc.utah.edu/ontologies/v2/ConText.owl#SemanticModifier> -> <http://blulab.chpc.utah.edu/ontologies/v2/ConText.owl#BodySite> -> <http://blulab.chpc.utah.edu/ontologies/schema/endo/colonoscopyQuality.owl#Colon_structure> -> <http://blulab.chpc.utah.edu/ontologies/schema/endo/colonoscopyQuality.owl#Cecum> -> <http://blulab.chpc.utah.edu/ontologies/schema/endo/colonoscopyQuality.owl#Cecal_caput>]]

	Modifier: Cecostomy, uri=http://blulab.chpc.utah.edu/ontologies/schema/endo/colonoscopyQuality.owl#Cecostomy, type= Semantic, classPath= [<http://blulab.chpc.utah.edu/ontologies/v2/ConText.owl#Lexicon> -> <http://blulab.chpc.utah.edu/ontologies/v2/ConText.owl#Modifier> -> <http://blulab.chpc.utah.edu/ontologies/v2/ConText.owl#SemanticModifier> -> <http://blulab.chpc.utah.edu/ontologies/v2/ConText.owl#BodySite> -> <http://blulab.chpc.utah.edu/ontologies/schema/endo/colonoscopyQuality.owl#Colon_structure> -> <http://blulab.chpc.utah.edu/ontologies/schema/endo/colonoscopyQuality.owl#Cecum> -> <http://blulab.chpc.utah.edu/ontologies/schema/endo/colonoscopyQuality.owl#Cecostomy>]]

	Modifier: Cecostomy_Tube, uri=http://blulab.chpc.utah.edu/ontologies/schema/endo/colonoscopyQuality.owl#Cecostomy_Tube, type= Semantic, classPath= [<http://blulab.chpc.utah.edu/ontologies/v2/ConText.owl#Lexicon> -> <http://blulab.chpc.utah.edu/ontologies/v2/ConText.owl#Modifier> -> <http://blulab.chpc.utah.edu/ontologies/v2/ConText.owl#SemanticModifier> -> <http://blulab.chpc.utah.edu/ontologies/v2/ConText.owl#BodySite> -> <http://blulab.chpc.utah.edu/ontologies/schema/endo/colonoscopyQuality.owl#Colon_structure> -> <http://blulab.chpc.utah.edu/ontologies/schema/endo/colonoscopyQuality.owl#Cecum> -> <http://blulab.chpc.utah.edu/ontologies/schema/endo/colonoscopyQuality.owl#Cecostomy> -> <http://blulab.chpc.utah.edu/ontologies/schema/endo/colonoscopyQuality.owl#Cecostomy_Tube>]]

	Modifier: Creation_of_open_cecostomy, uri=http://blulab.chpc.utah.edu/ontologies/schema/endo/colonoscopyQuality.owl#Creation_of_open_cecostomy, type= Semantic, classPath= [<http://blulab.chpc.utah.edu/ontologies/v2/ConText.owl#Lexicon> -> <http://blulab.chpc.utah.edu/ontologies/v2/ConText.owl#Modifier> -> <http://blulab.chpc.utah.edu/ontologies/v2/ConText.owl#SemanticModifier> -> <http://blulab.chpc.utah.edu/ontologies/v2/ConText.owl#BodySite> -> <http://blulab.chpc.utah.edu/ontologies/schema/endo/colonoscopyQuality.owl#Colon_structure> -> <http://blulab.chpc.utah.edu/ontologies/schema/endo/colonoscopyQuality.owl#Cecum> -> <http://blulab.chpc.utah.edu/ontologies/schema/endo/colonoscopyQuality.owl#Cecostomy> -> <http://blulab.chpc.utah.edu/ontologies/schema/endo/colonoscopyQuality.owl#Creation_of_open_cecostomy>]]

	Modifier: Percutaneous_cecostomy, uri=http://blulab.chpc.utah.edu/ontologies/schema/endo/colonoscopyQuality.owl#Percutaneous_cecostomy, type= Semantic, classPath= [<http://blulab.chpc.utah.edu/ontologies/v2/ConText.owl#Lexicon> -> <http://blulab.chpc.utah.edu/ontologies/v2/ConText.owl#Modifier> -> <http://blulab.chpc.utah.edu/ontologies/v2/ConText.owl#SemanticModifier> -> <http://blulab.chpc.utah.edu/ontologies/v2/ConText.owl#BodySite> -> <http://blulab.chpc.utah.edu/ontologies/schema/endo/colonoscopyQuality.owl#Colon_structure> -> <http://blulab.chpc.utah.edu/ontologies/schema/endo/colonoscopyQuality.owl#Cecum> -> <http://blulab.chpc.utah.edu/ontologies/schema/endo/colonoscopyQuality.owl#Cecostomy> -> <http://blulab.chpc.utah.edu/ontologies/schema/endo/colonoscopyQuality.owl#Percutaneous_cecostomy>]]

	Modifier: Refashioning_of_cecostomy, uri=http://blulab.chpc.utah.edu/ontologies/schema/endo/colonoscopyQuality.owl#Refashioning_of_cecostomy, type= Semantic, classPath= [<http://blulab.chpc.utah.edu/ontologies/v2/ConText.owl#Lexicon> -> <http://blulab.chpc.utah.edu/ontologies/v2/ConText.owl#Modifier> -> <http://blulab.chpc.utah.edu/ontologies/v2/ConText.owl#SemanticModifier> -> <http://blulab.chpc.utah.edu/ontologies/v2/ConText.owl#BodySite> -> <http://blulab.chpc.utah.edu/ontologies/schema/endo/colonoscopyQuality.owl#Colon_structure> -> <http://blulab.chpc.utah.edu/ontologies/schema/endo/colonoscopyQuality.owl#Cecum> -> <http://blulab.chpc.utah.edu/ontologies/schema/endo/colonoscopyQuality.owl#Cecostomy> -> <http://blulab.chpc.utah.edu/ontologies/schema/endo/colonoscopyQuality.owl#Refashioning_of_cecostomy>]]

	Modifier: Skin_level_cecostomy, uri=http://blulab.chpc.utah.edu/ontologies/schema/endo/colonoscopyQuality.owl#Skin_level_cecostomy, type= Semantic, classPath= [<http://blulab.chpc.utah.edu/ontologies/v2/ConText.owl#Lexicon> -> <http://blulab.chpc.utah.edu/ontologies/v2/ConText.owl#Modifier> -> <http://blulab.chpc.utah.edu/ontologies/v2/ConText.owl#SemanticModifier> -> <http://blulab.chpc.utah.edu/ontologies/v2/ConText.owl#BodySite> -> <http://blulab.chpc.utah.edu/ontologies/schema/endo/colonoscopyQuality.owl#Colon_structure> -> <http://blulab.chpc.utah.edu/ontologies/schema/endo/colonoscopyQuality.owl#Cecum> -> <http://blulab.chpc.utah.edu/ontologies/schema/endo/colonoscopyQuality.owl#Cecostomy> -> <http://blulab.chpc.utah.edu/ontologies/schema/endo/colonoscopyQuality.owl#Skin_level_cecostomy>]]

	Modifier: Cecum_proper, uri=http://blulab.chpc.utah.edu/ontologies/schema/endo/colonoscopyQuality.owl#Cecum_proper, type= Semantic, classPath= [<http://blulab.chpc.utah.edu/ontologies/v2/ConText.owl#Lexicon> -> <http://blulab.chpc.utah.edu/ontologies/v2/ConText.owl#Modifier> -> <http://blulab.chpc.utah.edu/ontologies/v2/ConText.owl#SemanticModifier> -> <http://blulab.chpc.utah.edu/ontologies/v2/ConText.owl#BodySite> -> <http://blulab.chpc.utah.edu/ontologies/schema/endo/colonoscopyQuality.owl#Colon_structure> -> <http://blulab.chpc.utah.edu/ontologies/schema/endo/colonoscopyQuality.owl#Cecum> -> <http://blulab.chpc.utah.edu/ontologies/schema/endo/colonoscopyQuality.owl#Cecum_proper>]]

	Modifier: Entire_cecum, uri=http://blulab.chpc.utah.edu/ontologies/schema/endo/colonoscopyQuality.owl#Entire_cecum, type= Semantic, classPath= [<http://blulab.chpc.utah.edu/ontologies/v2/ConText.owl#Lexicon> -> <http://blulab.chpc.utah.edu/ontologies/v2/ConText.owl#Modifier> -> <http://blulab.chpc.utah.edu/ontologies/v2/ConText.owl#SemanticModifier> -> <http://blulab.chpc.utah.edu/ontologies/v2/ConText.owl#BodySite> -> <http://blulab.chpc.utah.edu/ontologies/schema/endo/colonoscopyQuality.owl#Colon_structure> -> <http://blulab.chpc.utah.edu/ontologies/schema/endo/colonoscopyQuality.owl#Cecum> -> <http://blulab.chpc.utah.edu/ontologies/schema/endo/colonoscopyQuality.owl#Entire_cecum>]]

	Modifier: Lumen_of_cecum, uri=http://blulab.chpc.utah.edu/ontologies/schema/endo/colonoscopyQuality.owl#Lumen_of_cecum, type= Semantic, classPath= [<http://blulab.chpc.utah.edu/ontologies/v2/ConText.owl#Lexicon> -> <http://blulab.chpc.utah.edu/ontologies/v2/ConText.owl#Modifier> -> <http://blulab.chpc.utah.edu/ontologies/v2/ConText.owl#SemanticModifier> -> <http://blulab.chpc.utah.edu/ontologies/v2/ConText.owl#BodySite> -> <http://blulab.chpc.utah.edu/ontologies/schema/endo/colonoscopyQuality.owl#Colon_structure> -> <http://blulab.chpc.utah.edu/ontologies/schema/endo/colonoscopyQuality.owl#Cecum> -> <http://blulab.chpc.utah.edu/ontologies/schema/endo/colonoscopyQuality.owl#Lumen_of_cecum>]]

	Modifier: Lumen_of_crypt_of_Lieberkuhn_of_large_intestine, uri=http://blulab.chpc.utah.edu/ontologies/schema/endo/colonoscopyQuality.owl#Lumen_of_crypt_of_Lieberkuhn_of_large_intestine, type= Semantic, classPath= [<http://blulab.chpc.utah.edu/ontologies/v2/ConText.owl#Lexicon> -> <http://blulab.chpc.utah.edu/ontologies/v2/ConText.owl#Modifier> -> <http://blulab.chpc.utah.edu/ontologies/v2/ConText.owl#SemanticModifier> -> <http://blulab.chpc.utah.edu/ontologies/v2/ConText.owl#BodySite> -> <http://blulab.chpc.utah.edu/ontologies/schema/endo/colonoscopyQuality.owl#Colon_structure> -> <http://blulab.chpc.utah.edu/ontologies/schema/endo/colonoscopyQuality.owl#Cecum> -> <http://blulab.chpc.utah.edu/ontologies/schema/endo/colonoscopyQuality.owl#Lumen_of_cecum> -> <http://blulab.chpc.utah.edu/ontologies/schema/endo/colonoscopyQuality.owl#Lumen_of_crypt_of_Lieberkuhn_of_large_intestine>]]

	Modifier: Lumen_proper_of_large_intestine, uri=http://blulab.chpc.utah.edu/ontologies/schema/endo/colonoscopyQuality.owl#Lumen_proper_of_large_intestine, type= Semantic, classPath= [<http://blulab.chpc.utah.edu/ontologies/v2/ConText.owl#Lexicon> -> <http://blulab.chpc.utah.edu/ontologies/v2/ConText.owl#Modifier> -> <http://blulab.chpc.utah.edu/ontologies/v2/ConText.owl#SemanticModifier> -> <http://blulab.chpc.utah.edu/ontologies/v2/ConText.owl#BodySite> -> <http://blulab.chpc.utah.edu/ontologies/schema/endo/colonoscopyQuality.owl#Colon_structure> -> <http://blulab.chpc.utah.edu/ontologies/schema/endo/colonoscopyQuality.owl#Cecum> -> <http://blulab.chpc.utah.edu/ontologies/schema/endo/colonoscopyQuality.owl#Lumen_of_cecum> -> <http://blulab.chpc.utah.edu/ontologies/schema/endo/colonoscopyQuality.owl#Lumen_proper_of_large_intestine>]]

	Modifier: Structure_of_ostium_appendicis_vermiformis, uri=http://blulab.chpc.utah.edu/ontologies/schema/endo/colonoscopyQuality.owl#Structure_of_ostium_appendicis_vermiformis, type= Semantic, classPath= [<http://blulab.chpc.utah.edu/ontologies/v2/ConText.owl#Lexicon> -> <http://blulab.chpc.utah.edu/ontologies/v2/ConText.owl#Modifier> -> <http://blulab.chpc.utah.edu/ontologies/v2/ConText.owl#SemanticModifier> -> <http://blulab.chpc.utah.edu/ontologies/v2/ConText.owl#BodySite> -> <http://blulab.chpc.utah.edu/ontologies/schema/endo/colonoscopyQuality.owl#Colon_structure> -> <http://blulab.chpc.utah.edu/ontologies/schema/endo/colonoscopyQuality.owl#Cecum> -> <http://blulab.chpc.utah.edu/ontologies/schema/endo/colonoscopyQuality.owl#Appendix> -> <http://blulab.chpc.utah.edu/ontologies/schema/endo/colonoscopyQuality.owl#Entire_appendix> -> <http://blulab.chpc.utah.edu/ontologies/schema/endo/colonoscopyQuality.owl#Structure_of_ostium_appendicis_vermiformis>, <http://blulab.chpc.utah.edu/ontologies/v2/ConText.owl#Lexicon> -> <http://blulab.chpc.utah.edu/ontologies/v2/ConText.owl#Modifier> -> <http://blulab.chpc.utah.edu/ontologies/v2/ConText.owl#SemanticModifier> -> <http://blulab.chpc.utah.edu/ontologies/v2/ConText.owl#BodySite> -> <http://blulab.chpc.utah.edu/ontologies/schema/endo/colonoscopyQuality.owl#Colon_structure> -> <http://blulab.chpc.utah.edu/ontologies/schema/endo/colonoscopyQuality.owl#Cecum> -> <http://blulab.chpc.utah.edu/ontologies/schema/endo/colonoscopyQuality.owl#Appendix> -> <http://blulab.chpc.utah.edu/ontologies/schema/endo/colonoscopyQuality.owl#Lumen_of_appendix> -> <http://blulab.chpc.utah.edu/ontologies/schema/endo/colonoscopyQuality.owl#Structure_of_ostium_appendicis_vermiformis>, <http://blulab.chpc.utah.edu/ontologies/v2/ConText.owl#Lexicon> -> <http://blulab.chpc.utah.edu/ontologies/v2/ConText.owl#Modifier> -> <http://blulab.chpc.utah.edu/ontologies/v2/ConText.owl#SemanticModifier> -> <http://blulab.chpc.utah.edu/ontologies/v2/ConText.owl#BodySite> -> <http://blulab.chpc.utah.edu/ontologies/schema/endo/colonoscopyQuality.owl#Colon_structure> -> <http://blulab.chpc.utah.edu/ontologies/schema/endo/colonoscopyQuality.owl#Appendix> -> <http://blulab.chpc.utah.edu/ontologies/schema/endo/colonoscopyQuality.owl#Lumen_of_appendix> -> <http://blulab.chpc.utah.edu/ontologies/schema/endo/colonoscopyQuality.owl#Structure_of_ostium_appendicis_vermiformis>, <http://blulab.chpc.utah.edu/ontologies/v2/ConText.owl#Lexicon> -> <http://blulab.chpc.utah.edu/ontologies/v2/ConText.owl#Modifier> -> <http://blulab.chpc.utah.edu/ontologies/v2/ConText.owl#SemanticModifier> -> <http://blulab.chpc.utah.edu/ontologies/v2/ConText.owl#BodySite> -> <http://blulab.chpc.utah.edu/ontologies/schema/endo/colonoscopyQuality.owl#Colon_structure> -> <http://blulab.chpc.utah.edu/ontologies/schema/endo/colonoscopyQuality.owl#Cecum> -> <http://blulab.chpc.utah.edu/ontologies/schema/endo/colonoscopyQuality.owl#Lumen_of_cecum> -> <http://blulab.chpc.utah.edu/ontologies/schema/endo/colonoscopyQuality.owl#Structure_of_ostium_appendicis_vermiformis>, <http://blulab.chpc.utah.edu/ontologies/v2/ConText.owl#Lexicon> -> <http://blulab.chpc.utah.edu/ontologies/v2/ConText.owl#Modifier> -> <http://blulab.chpc.utah.edu/ontologies/v2/ConText.owl#SemanticModifier> -> <http://blulab.chpc.utah.edu/ontologies/v2/ConText.owl#BodySite> -> <http://blulab.chpc.utah.edu/ontologies/schema/endo/colonoscopyQuality.owl#Colon_structure> -> <http://blulab.chpc.utah.edu/ontologies/schema/endo/colonoscopyQuality.owl#Appendix> -> <http://blulab.chpc.utah.edu/ontologies/schema/endo/colonoscopyQuality.owl#Entire_appendix> -> <http://blulab.chpc.utah.edu/ontologies/schema/endo/colonoscopyQuality.owl#Structure_of_ostium_appendicis_vermiformis>]]

	Modifier: Wall_of_cecum, uri=http://blulab.chpc.utah.edu/ontologies/schema/endo/colonoscopyQuality.owl#Wall_of_cecum, type= Semantic, classPath= [<http://blulab.chpc.utah.edu/ontologies/v2/ConText.owl#Lexicon> -> <http://blulab.chpc.utah.edu/ontologies/v2/ConText.owl#Modifier> -> <http://blulab.chpc.utah.edu/ontologies/v2/ConText.owl#SemanticModifier> -> <http://blulab.chpc.utah.edu/ontologies/v2/ConText.owl#BodySite> -> <http://blulab.chpc.utah.edu/ontologies/schema/endo/colonoscopyQuality.owl#Colon_structure> -> <http://blulab.chpc.utah.edu/ontologies/schema/endo/colonoscopyQuality.owl#Cecum> -> <http://blulab.chpc.utah.edu/ontologies/schema/endo/colonoscopyQuality.owl#Wall_of_cecum>]]

	Modifier: Anterior_wall_of_cecum, uri=http://blulab.chpc.utah.edu/ontologies/schema/endo/colonoscopyQuality.owl#Anterior_wall_of_cecum, type= Semantic, classPath= [<http://blulab.chpc.utah.edu/ontologies/v2/ConText.owl#Lexicon> -> <http://blulab.chpc.utah.edu/ontologies/v2/ConText.owl#Modifier> -> <http://blulab.chpc.utah.edu/ontologies/v2/ConText.owl#SemanticModifier> -> <http://blulab.chpc.utah.edu/ontologies/v2/ConText.owl#BodySite> -> <http://blulab.chpc.utah.edu/ontologies/schema/endo/colonoscopyQuality.owl#Colon_structure> -> <http://blulab.chpc.utah.edu/ontologies/schema/endo/colonoscopyQuality.owl#Cecum> -> <http://blulab.chpc.utah.edu/ontologies/schema/endo/colonoscopyQuality.owl#Wall_of_cecum> -> <http://blulab.chpc.utah.edu/ontologies/schema/endo/colonoscopyQuality.owl#Anterior_wall_of_cecum>]]

	Modifier: Mucosa_of_cecum, uri=http://blulab.chpc.utah.edu/ontologies/schema/endo/colonoscopyQuality.owl#Mucosa_of_cecum, type= Semantic, classPath= [<http://blulab.chpc.utah.edu/ontologies/v2/ConText.owl#Lexicon> -> <http://blulab.chpc.utah.edu/ontologies/v2/ConText.owl#Modifier> -> <http://blulab.chpc.utah.edu/ontologies/v2/ConText.owl#SemanticModifier> -> <http://blulab.chpc.utah.edu/ontologies/v2/ConText.owl#BodySite> -> <http://blulab.chpc.utah.edu/ontologies/schema/endo/colonoscopyQuality.owl#Colon_structure> -> <http://blulab.chpc.utah.edu/ontologies/schema/endo/colonoscopyQuality.owl#Cecum> -> <http://blulab.chpc.utah.edu/ontologies/schema/endo/colonoscopyQuality.owl#Wall_of_cecum> -> <http://blulab.chpc.utah.edu/ontologies/schema/endo/colonoscopyQuality.owl#Mucosa_of_cecum>]]

	Modifier: Epithelium_of_large_intestine, uri=http://blulab.chpc.utah.edu/ontologies/schema/endo/colonoscopyQuality.owl#Epithelium_of_large_intestine, type= Semantic, classPath= [<http://blulab.chpc.utah.edu/ontologies/v2/ConText.owl#Lexicon> -> <http://blulab.chpc.utah.edu/ontologies/v2/ConText.owl#Modifier> -> <http://blulab.chpc.utah.edu/ontologies/v2/ConText.owl#SemanticModifier> -> <http://blulab.chpc.utah.edu/ontologies/v2/ConText.owl#BodySite> -> <http://blulab.chpc.utah.edu/ontologies/schema/endo/colonoscopyQuality.owl#Colon_structure> -> <http://blulab.chpc.utah.edu/ontologies/schema/endo/colonoscopyQuality.owl#Cecum> -> <http://blulab.chpc.utah.edu/ontologies/schema/endo/colonoscopyQuality.owl#Wall_of_cecum> -> <http://blulab.chpc.utah.edu/ontologies/schema/endo/colonoscopyQuality.owl#Mucosa_of_cecum> -> <http://blulab.chpc.utah.edu/ontologies/schema/endo/colonoscopyQuality.owl#Epithelium_of_large_intestine>]]

	Modifier: Lamina_propria_of_large_intestine, uri=http://blulab.chpc.utah.edu/ontologies/schema/endo/colonoscopyQuality.owl#Lamina_propria_of_large_intestine, type= Semantic, classPath= [<http://blulab.chpc.utah.edu/ontologies/v2/ConText.owl#Lexicon> -> <http://blulab.chpc.utah.edu/ontologies/v2/ConText.owl#Modifier> -> <http://blulab.chpc.utah.edu/ontologies/v2/ConText.owl#SemanticModifier> -> <http://blulab.chpc.utah.edu/ontologies/v2/ConText.owl#BodySite> -> <http://blulab.chpc.utah.edu/ontologies/schema/endo/colonoscopyQuality.owl#Colon_structure> -> <http://blulab.chpc.utah.edu/ontologies/schema/endo/colonoscopyQuality.owl#Cecum> -> <http://blulab.chpc.utah.edu/ontologies/schema/endo/colonoscopyQuality.owl#Wall_of_cecum> -> <http://blulab.chpc.utah.edu/ontologies/schema/endo/colonoscopyQuality.owl#Mucosa_of_cecum> -> <http://blulab.chpc.utah.edu/ontologies/schema/endo/colonoscopyQuality.owl#Lamina_propria_of_large_intestine>]]

	Modifier: Large_Intestinal_Muscularis_Mucosa, uri=http://blulab.chpc.utah.edu/ontologies/schema/endo/colonoscopyQuality.owl#Large_Intestinal_Muscularis_Mucosa, type= Semantic, classPath= [<http://blulab.chpc.utah.edu/ontologies/v2/ConText.owl#Lexicon> -> <http://blulab.chpc.utah.edu/ontologies/v2/ConText.owl#Modifier> -> <http://blulab.chpc.utah.edu/ontologies/v2/ConText.owl#SemanticModifier> -> <http://blulab.chpc.utah.edu/ontologies/v2/ConText.owl#BodySite> -> <http://blulab.chpc.utah.edu/ontologies/schema/endo/colonoscopyQuality.owl#Colon_structure> -> <http://blulab.chpc.utah.edu/ontologies/schema/endo/colonoscopyQuality.owl#Cecum> -> <http://blulab.chpc.utah.edu/ontologies/schema/endo/colonoscopyQuality.owl#Wall_of_cecum> -> <http://blulab.chpc.utah.edu/ontologies/schema/endo/colonoscopyQuality.owl#Mucosa_of_cecum> -> <http://blulab.chpc.utah.edu/ontologies/schema/endo/colonoscopyQuality.owl#Large_Intestinal_Muscularis_Mucosa>]]

	Modifier: Muscle_layer_of_cecum, uri=http://blulab.chpc.utah.edu/ontologies/schema/endo/colonoscopyQuality.owl#Muscle_layer_of_cecum, type= Semantic, classPath= [<http://blulab.chpc.utah.edu/ontologies/v2/ConText.owl#Lexicon> -> <http://blulab.chpc.utah.edu/ontologies/v2/ConText.owl#Modifier> -> <http://blulab.chpc.utah.edu/ontologies/v2/ConText.owl#SemanticModifier> -> <http://blulab.chpc.utah.edu/ontologies/v2/ConText.owl#BodySite> -> <http://blulab.chpc.utah.edu/ontologies/schema/endo/colonoscopyQuality.owl#Colon_structure> -> <http://blulab.chpc.utah.edu/ontologies/schema/endo/colonoscopyQuality.owl#Cecum> -> <http://blulab.chpc.utah.edu/ontologies/schema/endo/colonoscopyQuality.owl#Wall_of_cecum> -> <http://blulab.chpc.utah.edu/ontologies/schema/endo/colonoscopyQuality.owl#Muscle_layer_of_cecum>]]

	Modifier: Circular_muscle_layer_of_cecum, uri=http://blulab.chpc.utah.edu/ontologies/schema/endo/colonoscopyQuality.owl#Circular_muscle_layer_of_cecum, type= Semantic, classPath= [<http://blulab.chpc.utah.edu/ontologies/v2/ConText.owl#Lexicon> -> <http://blulab.chpc.utah.edu/ontologies/v2/ConText.owl#Modifier> -> <http://blulab.chpc.utah.edu/ontologies/v2/ConText.owl#SemanticModifier> -> <http://blulab.chpc.utah.edu/ontologies/v2/ConText.owl#BodySite> -> <http://blulab.chpc.utah.edu/ontologies/schema/endo/colonoscopyQuality.owl#Colon_structure> -> <http://blulab.chpc.utah.edu/ontologies/schema/endo/colonoscopyQuality.owl#Cecum> -> <http://blulab.chpc.utah.edu/ontologies/schema/endo/colonoscopyQuality.owl#Wall_of_cecum> -> <http://blulab.chpc.utah.edu/ontologies/schema/endo/colonoscopyQuality.owl#Muscle_layer_of_cecum> -> <http://blulab.chpc.utah.edu/ontologies/schema/endo/colonoscopyQuality.owl#Circular_muscle_layer_of_cecum>]]

	Modifier: Longitudinal_muscle_layer_of_cecum, uri=http://blulab.chpc.utah.edu/ontologies/schema/endo/colonoscopyQuality.owl#Longitudinal_muscle_layer_of_cecum, type= Semantic, classPath= [<http://blulab.chpc.utah.edu/ontologies/v2/ConText.owl#Lexicon> -> <http://blulab.chpc.utah.edu/ontologies/v2/ConText.owl#Modifier> -> <http://blulab.chpc.utah.edu/ontologies/v2/ConText.owl#SemanticModifier> -> <http://blulab.chpc.utah.edu/ontologies/v2/ConText.owl#BodySite> -> <http://blulab.chpc.utah.edu/ontologies/schema/endo/colonoscopyQuality.owl#Colon_structure> -> <http://blulab.chpc.utah.edu/ontologies/schema/endo/colonoscopyQuality.owl#Cecum> -> <http://blulab.chpc.utah.edu/ontologies/schema/endo/colonoscopyQuality.owl#Wall_of_cecum> -> <http://blulab.chpc.utah.edu/ontologies/schema/endo/colonoscopyQuality.owl#Muscle_layer_of_cecum> -> <http://blulab.chpc.utah.edu/ontologies/schema/endo/colonoscopyQuality.owl#Longitudinal_muscle_layer_of_cecum>]]

	Modifier: Taenia_coli_of_cecum, uri=http://blulab.chpc.utah.edu/ontologies/schema/endo/colonoscopyQuality.owl#Taenia_coli_of_cecum, type= Semantic, classPath= [<http://blulab.chpc.utah.edu/ontologies/v2/ConText.owl#Lexicon> -> <http://blulab.chpc.utah.edu/ontologies/v2/ConText.owl#Modifier> -> <http://blulab.chpc.utah.edu/ontologies/v2/ConText.owl#SemanticModifier> -> <http://blulab.chpc.utah.edu/ontologies/v2/ConText.owl#BodySite> -> <http://blulab.chpc.utah.edu/ontologies/schema/endo/colonoscopyQuality.owl#Colon_structure> -> <http://blulab.chpc.utah.edu/ontologies/schema/endo/colonoscopyQuality.owl#Cecum> -> <http://blulab.chpc.utah.edu/ontologies/schema/endo/colonoscopyQuality.owl#Wall_of_cecum> -> <http://blulab.chpc.utah.edu/ontologies/schema/endo/colonoscopyQuality.owl#Muscle_layer_of_cecum> -> <http://blulab.chpc.utah.edu/ontologies/schema/endo/colonoscopyQuality.owl#Taenia_coli_of_cecum>]]

	Modifier: Taenia_libera_of_cecum, uri=http://blulab.chpc.utah.edu/ontologies/schema/endo/colonoscopyQuality.owl#Taenia_libera_of_cecum, type= Semantic, classPath= [<http://blulab.chpc.utah.edu/ontologies/v2/ConText.owl#Lexicon> -> <http://blulab.chpc.utah.edu/ontologies/v2/ConText.owl#Modifier> -> <http://blulab.chpc.utah.edu/ontologies/v2/ConText.owl#SemanticModifier> -> <http://blulab.chpc.utah.edu/ontologies/v2/ConText.owl#BodySite> -> <http://blulab.chpc.utah.edu/ontologies/schema/endo/colonoscopyQuality.owl#Colon_structure> -> <http://blulab.chpc.utah.edu/ontologies/schema/endo/colonoscopyQuality.owl#Cecum> -> <http://blulab.chpc.utah.edu/ontologies/schema/endo/colonoscopyQuality.owl#Wall_of_cecum> -> <http://blulab.chpc.utah.edu/ontologies/schema/endo/colonoscopyQuality.owl#Muscle_layer_of_cecum> -> <http://blulab.chpc.utah.edu/ontologies/schema/endo/colonoscopyQuality.owl#Taenia_libera_of_cecum>]]

	Modifier: Taenia_mesocolica_of_cecum, uri=http://blulab.chpc.utah.edu/ontologies/schema/endo/colonoscopyQuality.owl#Taenia_mesocolica_of_cecum, type= Semantic, classPath= [<http://blulab.chpc.utah.edu/ontologies/v2/ConText.owl#Lexicon> -> <http://blulab.chpc.utah.edu/ontologies/v2/ConText.owl#Modifier> -> <http://blulab.chpc.utah.edu/ontologies/v2/ConText.owl#SemanticModifier> -> <http://blulab.chpc.utah.edu/ontologies/v2/ConText.owl#BodySite> -> <http://blulab.chpc.utah.edu/ontologies/schema/endo/colonoscopyQuality.owl#Colon_structure> -> <http://blulab.chpc.utah.edu/ontologies/schema/endo/colonoscopyQuality.owl#Cecum> -> <http://blulab.chpc.utah.edu/ontologies/schema/endo/colonoscopyQuality.owl#Wall_of_cecum> -> <http://blulab.chpc.utah.edu/ontologies/schema/endo/colonoscopyQuality.owl#Muscle_layer_of_cecum> -> <http://blulab.chpc.utah.edu/ontologies/schema/endo/colonoscopyQuality.owl#Taenia_mesocolica_of_cecum>]]

	Modifier: Taenia_omentalis_of_cecum, uri=http://blulab.chpc.utah.edu/ontologies/schema/endo/colonoscopyQuality.owl#Taenia_omentalis_of_cecum, type= Semantic, classPath= [<http://blulab.chpc.utah.edu/ontologies/v2/ConText.owl#Lexicon> -> <http://blulab.chpc.utah.edu/ontologies/v2/ConText.owl#Modifier> -> <http://blulab.chpc.utah.edu/ontologies/v2/ConText.owl#SemanticModifier> -> <http://blulab.chpc.utah.edu/ontologies/v2/ConText.owl#BodySite> -> <http://blulab.chpc.utah.edu/ontologies/schema/endo/colonoscopyQuality.owl#Colon_structure> -> <http://blulab.chpc.utah.edu/ontologies/schema/endo/colonoscopyQuality.owl#Cecum> -> <http://blulab.chpc.utah.edu/ontologies/schema/endo/colonoscopyQuality.owl#Wall_of_cecum> -> <http://blulab.chpc.utah.edu/ontologies/schema/endo/colonoscopyQuality.owl#Muscle_layer_of_cecum> -> <http://blulab.chpc.utah.edu/ontologies/schema/endo/colonoscopyQuality.owl#Taenia_omentalis_of_cecum>]]

	Modifier: Posterior_wall_of_cecum, uri=http://blulab.chpc.utah.edu/ontologies/schema/endo/colonoscopyQuality.owl#Posterior_wall_of_cecum, type= Semantic, classPath= [<http://blulab.chpc.utah.edu/ontologies/v2/ConText.owl#Lexicon> -> <http://blulab.chpc.utah.edu/ontologies/v2/ConText.owl#Modifier> -> <http://blulab.chpc.utah.edu/ontologies/v2/ConText.owl#SemanticModifier> -> <http://blulab.chpc.utah.edu/ontologies/v2/ConText.owl#BodySite> -> <http://blulab.chpc.utah.edu/ontologies/schema/endo/colonoscopyQuality.owl#Colon_structure> -> <http://blulab.chpc.utah.edu/ontologies/schema/endo/colonoscopyQuality.owl#Cecum> -> <http://blulab.chpc.utah.edu/ontologies/schema/endo/colonoscopyQuality.owl#Wall_of_cecum> -> <http://blulab.chpc.utah.edu/ontologies/schema/endo/colonoscopyQuality.owl#Posterior_wall_of_cecum>]]

	Modifier: Serosa_of_cecum, uri=http://blulab.chpc.utah.edu/ontologies/schema/endo/colonoscopyQuality.owl#Serosa_of_cecum, type= Semantic, classPath= [<http://blulab.chpc.utah.edu/ontologies/v2/ConText.owl#Lexicon> -> <http://blulab.chpc.utah.edu/ontologies/v2/ConText.owl#Modifier> -> <http://blulab.chpc.utah.edu/ontologies/v2/ConText.owl#SemanticModifier> -> <http://blulab.chpc.utah.edu/ontologies/v2/ConText.owl#BodySite> -> <http://blulab.chpc.utah.edu/ontologies/schema/endo/colonoscopyQuality.owl#Colon_structure> -> <http://blulab.chpc.utah.edu/ontologies/schema/endo/colonoscopyQuality.owl#Cecum> -> <http://blulab.chpc.utah.edu/ontologies/schema/endo/colonoscopyQuality.owl#Wall_of_cecum> -> <http://blulab.chpc.utah.edu/ontologies/schema/endo/colonoscopyQuality.owl#Serosa_of_cecum>]]

	Modifier: Connective_tissue_of_serosa_of_cecum, uri=http://blulab.chpc.utah.edu/ontologies/schema/endo/colonoscopyQuality.owl#Connective_tissue_of_serosa_of_cecum, type= Semantic, classPath= [<http://blulab.chpc.utah.edu/ontologies/v2/ConText.owl#Lexicon> -> <http://blulab.chpc.utah.edu/ontologies/v2/ConText.owl#Modifier> -> <http://blulab.chpc.utah.edu/ontologies/v2/ConText.owl#SemanticModifier> -> <http://blulab.chpc.utah.edu/ontologies/v2/ConText.owl#BodySite> -> <http://blulab.chpc.utah.edu/ontologies/schema/endo/colonoscopyQuality.owl#Colon_structure> -> <http://blulab.chpc.utah.edu/ontologies/schema/endo/colonoscopyQuality.owl#Cecum> -> <http://blulab.chpc.utah.edu/ontologies/schema/endo/colonoscopyQuality.owl#Wall_of_cecum> -> <http://blulab.chpc.utah.edu/ontologies/schema/endo/colonoscopyQuality.owl#Serosa_of_cecum> -> <http://blulab.chpc.utah.edu/ontologies/schema/endo/colonoscopyQuality.owl#Connective_tissue_of_serosa_of_cecum>]]

	Modifier: Connective_tissue_of_visceral_peritoneum, uri=http://blulab.chpc.utah.edu/ontologies/schema/endo/colonoscopyQuality.owl#Connective_tissue_of_visceral_peritoneum, type= Semantic, classPath= [<http://blulab.chpc.utah.edu/ontologies/v2/ConText.owl#Lexicon> -> <http://blulab.chpc.utah.edu/ontologies/v2/ConText.owl#Modifier> -> <http://blulab.chpc.utah.edu/ontologies/v2/ConText.owl#SemanticModifier> -> <http://blulab.chpc.utah.edu/ontologies/v2/ConText.owl#BodySite> -> <http://blulab.chpc.utah.edu/ontologies/schema/endo/colonoscopyQuality.owl#Colon_structure> -> <http://blulab.chpc.utah.edu/ontologies/schema/endo/colonoscopyQuality.owl#Cecum> -> <http://blulab.chpc.utah.edu/ontologies/schema/endo/colonoscopyQuality.owl#Appendix> -> <http://blulab.chpc.utah.edu/ontologies/schema/endo/colonoscopyQuality.owl#Entire_appendix> -> <http://blulab.chpc.utah.edu/ontologies/schema/endo/colonoscopyQuality.owl#Appendiceal_serosa> -> <http://blulab.chpc.utah.edu/ontologies/schema/endo/colonoscopyQuality.owl#Connective_tissue_of_visceral_peritoneum>, <http://blulab.chpc.utah.edu/ontologies/v2/ConText.owl#Lexicon> -> <http://blulab.chpc.utah.edu/ontologies/v2/ConText.owl#Modifier> -> <http://blulab.chpc.utah.edu/ontologies/v2/ConText.owl#SemanticModifier> -> <http://blulab.chpc.utah.edu/ontologies/v2/ConText.owl#BodySite> -> <http://blulab.chpc.utah.edu/ontologies/schema/endo/colonoscopyQuality.owl#Colon_structure> -> <http://blulab.chpc.utah.edu/ontologies/schema/endo/colonoscopyQuality.owl#Wall_of_colon> -> <http://blulab.chpc.utah.edu/ontologies/schema/endo/colonoscopyQuality.owl#Colonic_serosa> -> <http://blulab.chpc.utah.edu/ontologies/schema/endo/colonoscopyQuality.owl#Connective_tissue_of_visceral_peritoneum>, <http://blulab.chpc.utah.edu/ontologies/v2/ConText.owl#Lexicon> -> <http://blulab.chpc.utah.edu/ontologies/v2/ConText.owl#Modifier> -> <http://blulab.chpc.utah.edu/ontologies/v2/ConText.owl#SemanticModifier> -> <http://blulab.chpc.utah.edu/ontologies/v2/ConText.owl#BodySite> -> <http://blulab.chpc.utah.edu/ontologies/schema/endo/colonoscopyQuality.owl#Colon_structure> -> <http://blulab.chpc.utah.edu/ontologies/schema/endo/colonoscopyQuality.owl#Entire_colon> -> <http://blulab.chpc.utah.edu/ontologies/schema/endo/colonoscopyQuality.owl#Colonic_serosa> -> <http://blulab.chpc.utah.edu/ontologies/schema/endo/colonoscopyQuality.owl#Connective_tissue_of_visceral_peritoneum>, <http://blulab.chpc.utah.edu/ontologies/v2/ConText.owl#Lexicon> -> <http://blulab.chpc.utah.edu/ontologies/v2/ConText.owl#Modifier> -> <http://blulab.chpc.utah.edu/ontologies/v2/ConText.owl#SemanticModifier> -> <http://blulab.chpc.utah.edu/ontologies/v2/ConText.owl#BodySite> -> <http://blulab.chpc.utah.edu/ontologies/schema/endo/colonoscopyQuality.owl#Colon_structure> -> <http://blulab.chpc.utah.edu/ontologies/schema/endo/colonoscopyQuality.owl#Cecum> -> <http://blulab.chpc.utah.edu/ontologies/schema/endo/colonoscopyQuality.owl#Wall_of_cecum> -> <http://blulab.chpc.utah.edu/ontologies/schema/endo/colonoscopyQuality.owl#Serosa_of_cecum> -> <http://blulab.chpc.utah.edu/ontologies/schema/endo/colonoscopyQuality.owl#Connective_tissue_of_visceral_peritoneum>, <http://blulab.chpc.utah.edu/ontologies/v2/ConText.owl#Lexicon> -> <http://blulab.chpc.utah.edu/ontologies/v2/ConText.owl#Modifier> -> <http://blulab.chpc.utah.edu/ontologies/v2/ConText.owl#SemanticModifier> -> <http://blulab.chpc.utah.edu/ontologies/v2/ConText.owl#BodySite> -> <http://blulab.chpc.utah.edu/ontologies/schema/endo/colonoscopyQuality.owl#Colon_structure> -> <http://blulab.chpc.utah.edu/ontologies/schema/endo/colonoscopyQuality.owl#Descending_colon> -> <http://blulab.chpc.utah.edu/ontologies/schema/endo/colonoscopyQuality.owl#Wall_of_descending_colon> -> <http://blulab.chpc.utah.edu/ontologies/schema/endo/colonoscopyQuality.owl#Serosa_of_descending_colon> -> <http://blulab.chpc.utah.edu/ontologies/schema/endo/colonoscopyQuality.owl#Connective_tissue_of_visceral_peritoneum>, <http://blulab.chpc.utah.edu/ontologies/v2/ConText.owl#Lexicon> -> <http://blulab.chpc.utah.edu/ontologies/v2/ConText.owl#Modifier> -> <http://blulab.chpc.utah.edu/ontologies/v2/ConText.owl#SemanticModifier> -> <http://blulab.chpc.utah.edu/ontologies/v2/ConText.owl#BodySite> -> <http://blulab.chpc.utah.edu/ontologies/schema/endo/colonoscopyQuality.owl#Colon_structure> -> <http://blulab.chpc.utah.edu/ontologies/schema/endo/colonoscopyQuality.owl#Left_colon> -> <http://blulab.chpc.utah.edu/ontologies/schema/endo/colonoscopyQuality.owl#Entire_left_colon> -> <http://blulab.chpc.utah.edu/ontologies/schema/endo/colonoscopyQuality.owl#Descending_colon> -> <http://blulab.chpc.utah.edu/ontologies/schema/endo/colonoscopyQuality.owl#Wall_of_descending_colon> -> <http://blulab.chpc.utah.edu/ontologies/schema/endo/colonoscopyQuality.owl#Serosa_of_descending_colon> -> <http://blulab.chpc.utah.edu/ontologies/schema/endo/colonoscopyQuality.owl#Connective_tissue_of_visceral_peritoneum>, <http://blulab.chpc.utah.edu/ontologies/v2/ConText.owl#Lexicon> -> <http://blulab.chpc.utah.edu/ontologies/v2/ConText.owl#Modifier> -> <http://blulab.chpc.utah.edu/ontologies/v2/ConText.owl#SemanticModifier> -> <http://blulab.chpc.utah.edu/ontologies/v2/ConText.owl#BodySite> -> <http://blulab.chpc.utah.edu/ontologies/schema/endo/colonoscopyQuality.owl#Colon_structure> -> <http://blulab.chpc.utah.edu/ontologies/schema/endo/colonoscopyQuality.owl#Entire_colon> -> <http://blulab.chpc.utah.edu/ontologies/schema/endo/colonoscopyQuality.owl#Left_colon> -> <http://blulab.chpc.utah.edu/ontologies/schema/endo/colonoscopyQuality.owl#Entire_left_colon> -> <http://blulab.chpc.utah.edu/ontologies/schema/endo/colonoscopyQuality.owl#Descending_colon> -> <http://blulab.chpc.utah.edu/ontologies/schema/endo/colonoscopyQuality.owl#Wall_of_descending_colon> -> <http://blulab.chpc.utah.edu/ontologies/schema/endo/colonoscopyQuality.owl#Serosa_of_descending_colon> -> <http://blulab.chpc.utah.edu/ontologies/schema/endo/colonoscopyQuality.owl#Connective_tissue_of_visceral_peritoneum>, <http://blulab.chpc.utah.edu/ontologies/v2/ConText.owl#Lexicon> -> <http://blulab.chpc.utah.edu/ontologies/v2/ConText.owl#Modifier> -> <http://blulab.chpc.utah.edu/ontologies/v2/ConText.owl#SemanticModifier> -> <http://blulab.chpc.utah.edu/ontologies/v2/ConText.owl#BodySite> -> <http://blulab.chpc.utah.edu/ontologies/schema/endo/colonoscopyQuality.owl#Colon_structure> -> <http://blulab.chpc.utah.edu/ontologies/schema/endo/colonoscopyQuality.owl#Entire_colon> -> <http://blulab.chpc.utah.edu/ontologies/schema/endo/colonoscopyQuality.owl#Left_colon> -> <http://blulab.chpc.utah.edu/ontologies/schema/endo/colonoscopyQuality.owl#Descending_colon> -> <http://blulab.chpc.utah.edu/ontologies/schema/endo/colonoscopyQuality.owl#Wall_of_descending_colon> -> <http://blulab.chpc.utah.edu/ontologies/schema/endo/colonoscopyQuality.owl#Serosa_of_descending_colon> -> <http://blulab.chpc.utah.edu/ontologies/schema/endo/colonoscopyQuality.owl#Connective_tissue_of_visceral_peritoneum>, <http://blulab.chpc.utah.edu/ontologies/v2/ConText.owl#Lexicon> -> <http://blulab.chpc.utah.edu/ontologies/v2/ConText.owl#Modifier> -> <http://blulab.chpc.utah.edu/ontologies/v2/ConText.owl#SemanticModifier> -> <http://blulab.chpc.utah.edu/ontologies/v2/ConText.owl#BodySite> -> <http://blulab.chpc.utah.edu/ontologies/schema/endo/colonoscopyQuality.owl#Colon_structure> -> <http://blulab.chpc.utah.edu/ontologies/schema/endo/colonoscopyQuality.owl#Left_colon> -> <http://blulab.chpc.utah.edu/ontologies/schema/endo/colonoscopyQuality.owl#Descending_colon> -> <http://blulab.chpc.utah.edu/ontologies/schema/endo/colonoscopyQuality.owl#Wall_of_descending_colon> -> <http://blulab.chpc.utah.edu/ontologies/schema/endo/colonoscopyQuality.owl#Serosa_of_descending_colon> -> <http://blulab.chpc.utah.edu/ontologies/schema/endo/colonoscopyQuality.owl#Connective_tissue_of_visceral_peritoneum>, <http://blulab.chpc.utah.edu/ontologies/v2/ConText.owl#Lexicon> -> <http://blulab.chpc.utah.edu/ontologies/v2/ConText.owl#Modifier> -> <http://blulab.chpc.utah.edu/ontologies/v2/ConText.owl#SemanticModifier> -> <http://blulab.chpc.utah.edu/ontologies/v2/ConText.owl#BodySite> -> <http://blulab.chpc.utah.edu/ontologies/schema/endo/colonoscopyQuality.owl#Colon_structure> -> <http://blulab.chpc.utah.edu/ontologies/schema/endo/colonoscopyQuality.owl#Region_of_colon> -> <http://blulab.chpc.utah.edu/ontologies/schema/endo/colonoscopyQuality.owl#Descending_colon> -> <http://blulab.chpc.utah.edu/ontologies/schema/endo/colonoscopyQuality.owl#Wall_of_descending_colon> -> <http://blulab.chpc.utah.edu/ontologies/schema/endo/colonoscopyQuality.owl#Serosa_of_descending_colon> -> <http://blulab.chpc.utah.edu/ontologies/schema/endo/colonoscopyQuality.owl#Connective_tissue_of_visceral_peritoneum>, <http://blulab.chpc.utah.edu/ontologies/v2/ConText.owl#Lexicon> -> <http://blulab.chpc.utah.edu/ontologies/v2/ConText.owl#Modifier> -> <http://blulab.chpc.utah.edu/ontologies/v2/ConText.owl#SemanticModifier> -> <http://blulab.chpc.utah.edu/ontologies/v2/ConText.owl#BodySite> -> <http://blulab.chpc.utah.edu/ontologies/schema/endo/colonoscopyQuality.owl#ileum> -> <http://blulab.chpc.utah.edu/ontologies/schema/endo/colonoscopyQuality.owl#Region_of_ileum> -> <http://blulab.chpc.utah.edu/ontologies/schema/endo/colonoscopyQuality.owl#Wall_of_ileum> -> <http://blulab.chpc.utah.edu/ontologies/schema/endo/colonoscopyQuality.owl#Serosa_of_ileum> -> <http://blulab.chpc.utah.edu/ontologies/schema/endo/colonoscopyQuality.owl#Connective_tissue_of_visceral_peritoneum>, <http://blulab.chpc.utah.edu/ontologies/v2/ConText.owl#Lexicon> -> <http://blulab.chpc.utah.edu/ontologies/v2/ConText.owl#Modifier> -> <http://blulab.chpc.utah.edu/ontologies/v2/ConText.owl#SemanticModifier> -> <http://blulab.chpc.utah.edu/ontologies/v2/ConText.owl#BodySite> -> <http://blulab.chpc.utah.edu/ontologies/schema/endo/colonoscopyQuality.owl#ileum> -> <http://blulab.chpc.utah.edu/ontologies/schema/endo/colonoscopyQuality.owl#Wall_of_ileum> -> <http://blulab.chpc.utah.edu/ontologies/schema/endo/colonoscopyQuality.owl#Serosa_of_ileum> -> <http://blulab.chpc.utah.edu/ontologies/schema/endo/colonoscopyQuality.owl#Connective_tissue_of_visceral_peritoneum>, <http://blulab.chpc.utah.edu/ontologies/v2/ConText.owl#Lexicon> -> <http://blulab.chpc.utah.edu/ontologies/v2/ConText.owl#Modifier> -> <http://blulab.chpc.utah.edu/ontologies/v2/ConText.owl#SemanticModifier> -> <http://blulab.chpc.utah.edu/ontologies/v2/ConText.owl#BodySite> -> <http://blulab.chpc.utah.edu/ontologies/schema/endo/colonoscopyQuality.owl#Colon_structure> -> <http://blulab.chpc.utah.edu/ontologies/schema/endo/colonoscopyQuality.owl#Sigmoid_colon> -> <http://blulab.chpc.utah.edu/ontologies/schema/endo/colonoscopyQuality.owl#Wall_of_sigmoid_colon> -> <http://blulab.chpc.utah.edu/ontologies/schema/endo/colonoscopyQuality.owl#Serosa_of_sigmoid_colon> -> <http://blulab.chpc.utah.edu/ontologies/schema/endo/colonoscopyQuality.owl#Connective_tissue_of_visceral_peritoneum>, <http://blulab.chpc.utah.edu/ontologies/v2/ConText.owl#Lexicon> -> <http://blulab.chpc.utah.edu/ontologies/v2/ConText.owl#Modifier> -> <http://blulab.chpc.utah.edu/ontologies/v2/ConText.owl#SemanticModifier> -> <http://blulab.chpc.utah.edu/ontologies/v2/ConText.owl#BodySite> -> <http://blulab.chpc.utah.edu/ontologies/schema/endo/colonoscopyQuality.owl#Colon_structure> -> <http://blulab.chpc.utah.edu/ontologies/schema/endo/colonoscopyQuality.owl#Entire_colon> -> <http://blulab.chpc.utah.edu/ontologies/schema/endo/colonoscopyQuality.owl#Sigmoid_colon> -> <http://blulab.chpc.utah.edu/ontologies/schema/endo/colonoscopyQuality.owl#Wall_of_sigmoid_colon> -> <http://blulab.chpc.utah.edu/ontologies/schema/endo/colonoscopyQuality.owl#Serosa_of_sigmoid_colon> -> <http://blulab.chpc.utah.edu/ontologies/schema/endo/colonoscopyQuality.owl#Connective_tissue_of_visceral_peritoneum>, <http://blulab.chpc.utah.edu/ontologies/v2/ConText.owl#Lexicon> -> <http://blulab.chpc.utah.edu/ontologies/v2/ConText.owl#Modifier> -> <http://blulab.chpc.utah.edu/ontologies/v2/ConText.owl#SemanticModifier> -> <http://blulab.chpc.utah.edu/ontologies/v2/ConText.owl#BodySite> -> <http://blulab.chpc.utah.edu/ontologies/schema/endo/colonoscopyQuality.owl#Colon_structure> -> <http://blulab.chpc.utah.edu/ontologies/schema/endo/colonoscopyQuality.owl#Region_of_colon> -> <http://blulab.chpc.utah.edu/ontologies/schema/endo/colonoscopyQuality.owl#Sigmoid_colon> -> <http://blulab.chpc.utah.edu/ontologies/schema/endo/colonoscopyQuality.owl#Wall_of_sigmoid_colon> -> <http://blulab.chpc.utah.edu/ontologies/schema/endo/colonoscopyQuality.owl#Serosa_of_sigmoid_colon> -> <http://blulab.chpc.utah.edu/ontologies/schema/endo/colonoscopyQuality.owl#Connective_tissue_of_visceral_peritoneum>, <http://blulab.chpc.utah.edu/ontologies/v2/ConText.owl#Lexicon> -> <http://blulab.chpc.utah.edu/ontologies/v2/ConText.owl#Modifier> -> <http://blulab.chpc.utah.edu/ontologies/v2/ConText.owl#SemanticModifier> -> <http://blulab.chpc.utah.edu/ontologies/v2/ConText.owl#BodySite> -> <http://blulab.chpc.utah.edu/ontologies/schema/endo/colonoscopyQuality.owl#Colon_structure> -> <http://blulab.chpc.utah.edu/ontologies/schema/endo/colonoscopyQuality.owl#Transverse_colon> -> <http://blulab.chpc.utah.edu/ontologies/schema/endo/colonoscopyQuality.owl#Wall_of_transverse_colon> -> <http://blulab.chpc.utah.edu/ontologies/schema/endo/colonoscopyQuality.owl#Serosa_of_transverse_colon> -> <http://blulab.chpc.utah.edu/ontologies/schema/endo/colonoscopyQuality.owl#Connective_tissue_of_visceral_peritoneum>, <http://blulab.chpc.utah.edu/ontologies/v2/ConText.owl#Lexicon> -> <http://blulab.chpc.utah.edu/ontologies/v2/ConText.owl#Modifier> -> <http://blulab.chpc.utah.edu/ontologies/v2/ConText.owl#SemanticModifier> -> <http://blulab.chpc.utah.edu/ontologies/v2/ConText.owl#BodySite> -> <http://blulab.chpc.utah.edu/ontologies/schema/endo/colonoscopyQuality.owl#Colon_structure> -> <http://blulab.chpc.utah.edu/ontologies/schema/endo/colonoscopyQuality.owl#Entire_colon> -> <http://blulab.chpc.utah.edu/ontologies/schema/endo/colonoscopyQuality.owl#Transverse_colon> -> <http://blulab.chpc.utah.edu/ontologies/schema/endo/colonoscopyQuality.owl#Wall_of_transverse_colon> -> <http://blulab.chpc.utah.edu/ontologies/schema/endo/colonoscopyQuality.owl#Serosa_of_transverse_colon> -> <http://blulab.chpc.utah.edu/ontologies/schema/endo/colonoscopyQuality.owl#Connective_tissue_of_visceral_peritoneum>, <http://blulab.chpc.utah.edu/ontologies/v2/ConText.owl#Lexicon> -> <http://blulab.chpc.utah.edu/ontologies/v2/ConText.owl#Modifier> -> <http://blulab.chpc.utah.edu/ontologies/v2/ConText.owl#SemanticModifier> -> <http://blulab.chpc.utah.edu/ontologies/v2/ConText.owl#BodySite> -> <http://blulab.chpc.utah.edu/ontologies/schema/endo/colonoscopyQuality.owl#Colon_structure> -> <http://blulab.chpc.utah.edu/ontologies/schema/endo/colonoscopyQuality.owl#Region_of_colon> -> <http://blulab.chpc.utah.edu/ontologies/schema/endo/colonoscopyQuality.owl#Transverse_colon> -> <http://blulab.chpc.utah.edu/ontologies/schema/endo/colonoscopyQuality.owl#Wall_of_transverse_colon> -> <http://blulab.chpc.utah.edu/ontologies/schema/endo/colonoscopyQuality.owl#Serosa_of_transverse_colon> -> <http://blulab.chpc.utah.edu/ontologies/schema/endo/colonoscopyQuality.owl#Connective_tissue_of_visceral_peritoneum>, <http://blulab.chpc.utah.edu/ontologies/v2/ConText.owl#Lexicon> -> <http://blulab.chpc.utah.edu/ontologies/v2/ConText.owl#Modifier> -> <http://blulab.chpc.utah.edu/ontologies/v2/ConText.owl#SemanticModifier> -> <http://blulab.chpc.utah.edu/ontologies/v2/ConText.owl#BodySite> -> <http://blulab.chpc.utah.edu/ontologies/schema/endo/colonoscopyQuality.owl#Colon_structure> -> <http://blulab.chpc.utah.edu/ontologies/schema/endo/colonoscopyQuality.owl#Cecum> -> <http://blulab.chpc.utah.edu/ontologies/schema/endo/colonoscopyQuality.owl#Appendix> -> <http://blulab.chpc.utah.edu/ontologies/schema/endo/colonoscopyQuality.owl#Wall_of_appendix> -> <http://blulab.chpc.utah.edu/ontologies/schema/endo/colonoscopyQuality.owl#Appendiceal_serosa> -> <http://blulab.chpc.utah.edu/ontologies/schema/endo/colonoscopyQuality.owl#Connective_tissue_of_visceral_peritoneum>, <http://blulab.chpc.utah.edu/ontologies/v2/ConText.owl#Lexicon> -> <http://blulab.chpc.utah.edu/ontologies/v2/ConText.owl#Modifier> -> <http://blulab.chpc.utah.edu/ontologies/v2/ConText.owl#SemanticModifier> -> <http://blulab.chpc.utah.edu/ontologies/v2/ConText.owl#BodySite> -> <http://blulab.chpc.utah.edu/ontologies/schema/endo/colonoscopyQuality.owl#Colon_structure> -> <http://blulab.chpc.utah.edu/ontologies/schema/endo/colonoscopyQuality.owl#Appendix> -> <http://blulab.chpc.utah.edu/ontologies/schema/endo/colonoscopyQuality.owl#Wall_of_appendix> -> <http://blulab.chpc.utah.edu/ontologies/schema/endo/colonoscopyQuality.owl#Appendiceal_serosa> -> <http://blulab.chpc.utah.edu/ontologies/schema/endo/colonoscopyQuality.owl#Connective_tissue_of_visceral_peritoneum>, <http://blulab.chpc.utah.edu/ontologies/v2/ConText.owl#Lexicon> -> <http://blulab.chpc.utah.edu/ontologies/v2/ConText.owl#Modifier> -> <http://blulab.chpc.utah.edu/ontologies/v2/ConText.owl#SemanticModifier> -> <http://blulab.chpc.utah.edu/ontologies/v2/ConText.owl#BodySite> -> <http://blulab.chpc.utah.edu/ontologies/schema/endo/colonoscopyQuality.owl#Colon_structure> -> <http://blulab.chpc.utah.edu/ontologies/schema/endo/colonoscopyQuality.owl#Appendix> -> <http://blulab.chpc.utah.edu/ontologies/schema/endo/colonoscopyQuality.owl#Entire_appendix> -> <http://blulab.chpc.utah.edu/ontologies/schema/endo/colonoscopyQuality.owl#Appendiceal_serosa> -> <http://blulab.chpc.utah.edu/ontologies/schema/endo/colonoscopyQuality.owl#Connective_tissue_of_visceral_peritoneum>]]

	Modifier: Mesothelium_of_serosa_of_cecum, uri=http://blulab.chpc.utah.edu/ontologies/schema/endo/colonoscopyQuality.owl#Mesothelium_of_serosa_of_cecum, type= Semantic, classPath= [<http://blulab.chpc.utah.edu/ontologies/v2/ConText.owl#Lexicon> -> <http://blulab.chpc.utah.edu/ontologies/v2/ConText.owl#Modifier> -> <http://blulab.chpc.utah.edu/ontologies/v2/ConText.owl#SemanticModifier> -> <http://blulab.chpc.utah.edu/ontologies/v2/ConText.owl#BodySite> -> <http://blulab.chpc.utah.edu/ontologies/schema/endo/colonoscopyQuality.owl#Colon_structure> -> <http://blulab.chpc.utah.edu/ontologies/schema/endo/colonoscopyQuality.owl#Cecum> -> <http://blulab.chpc.utah.edu/ontologies/schema/endo/colonoscopyQuality.owl#Wall_of_cecum> -> <http://blulab.chpc.utah.edu/ontologies/schema/endo/colonoscopyQuality.owl#Serosa_of_cecum> -> <http://blulab.chpc.utah.edu/ontologies/schema/endo/colonoscopyQuality.owl#Mesothelium_of_serosa_of_cecum>]]

	Modifier: Mesothelium_of_visceral_peritoneum, uri=http://blulab.chpc.utah.edu/ontologies/schema/endo/colonoscopyQuality.owl#Mesothelium_of_visceral_peritoneum, type= Semantic, classPath= [<http://blulab.chpc.utah.edu/ontologies/v2/ConText.owl#Lexicon> -> <http://blulab.chpc.utah.edu/ontologies/v2/ConText.owl#Modifier> -> <http://blulab.chpc.utah.edu/ontologies/v2/ConText.owl#SemanticModifier> -> <http://blulab.chpc.utah.edu/ontologies/v2/ConText.owl#BodySite> -> <http://blulab.chpc.utah.edu/ontologies/schema/endo/colonoscopyQuality.owl#Colon_structure> -> <http://blulab.chpc.utah.edu/ontologies/schema/endo/colonoscopyQuality.owl#Cecum> -> <http://blulab.chpc.utah.edu/ontologies/schema/endo/colonoscopyQuality.owl#Appendix> -> <http://blulab.chpc.utah.edu/ontologies/schema/endo/colonoscopyQuality.owl#Entire_appendix> -> <http://blulab.chpc.utah.edu/ontologies/schema/endo/colonoscopyQuality.owl#Appendiceal_serosa> -> <http://blulab.chpc.utah.edu/ontologies/schema/endo/colonoscopyQuality.owl#Mesothelium_of_visceral_peritoneum>, <http://blulab.chpc.utah.edu/ontologies/v2/ConText.owl#Lexicon> -> <http://blulab.chpc.utah.edu/ontologies/v2/ConText.owl#Modifier> -> <http://blulab.chpc.utah.edu/ontologies/v2/ConText.owl#SemanticModifier> -> <http://blulab.chpc.utah.edu/ontologies/v2/ConText.owl#BodySite> -> <http://blulab.chpc.utah.edu/ontologies/schema/endo/colonoscopyQuality.owl#Colon_structure> -> <http://blulab.chpc.utah.edu/ontologies/schema/endo/colonoscopyQuality.owl#Wall_of_colon> -> <http://blulab.chpc.utah.edu/ontologies/schema/endo/colonoscopyQuality.owl#Colonic_serosa> -> <http://blulab.chpc.utah.edu/ontologies/schema/endo/colonoscopyQuality.owl#Mesothelium_of_visceral_peritoneum>, <http://blulab.chpc.utah.edu/ontologies/v2/ConText.owl#Lexicon> -> <http://blulab.chpc.utah.edu/ontologies/v2/ConText.owl#Modifier> -> <http://blulab.chpc.utah.edu/ontologies/v2/ConText.owl#SemanticModifier> -> <http://blulab.chpc.utah.edu/ontologies/v2/ConText.owl#BodySite> -> <http://blulab.chpc.utah.edu/ontologies/schema/endo/colonoscopyQuality.owl#Colon_structure> -> <http://blulab.chpc.utah.edu/ontologies/schema/endo/colonoscopyQuality.owl#Entire_colon> -> <http://blulab.chpc.utah.edu/ontologies/schema/endo/colonoscopyQuality.owl#Colonic_serosa> -> <http://blulab.chpc.utah.edu/ontologies/schema/endo/colonoscopyQuality.owl#Mesothelium_of_visceral_peritoneum>, <http://blulab.chpc.utah.edu/ontologies/v2/ConText.owl#Lexicon> -> <http://blulab.chpc.utah.edu/ontologies/v2/ConText.owl#Modifier> -> <http://blulab.chpc.utah.edu/ontologies/v2/ConText.owl#SemanticModifier> -> <http://blulab.chpc.utah.edu/ontologies/v2/ConText.owl#BodySite> -> <http://blulab.chpc.utah.edu/ontologies/schema/endo/colonoscopyQuality.owl#Colon_structure> -> <http://blulab.chpc.utah.edu/ontologies/schema/endo/colonoscopyQuality.owl#Cecum> -> <http://blulab.chpc.utah.edu/ontologies/schema/endo/colonoscopyQuality.owl#Wall_of_cecum> -> <http://blulab.chpc.utah.edu/ontologies/schema/endo/colonoscopyQuality.owl#Serosa_of_cecum> -> <http://blulab.chpc.utah.edu/ontologies/schema/endo/colonoscopyQuality.owl#Mesothelium_of_visceral_peritoneum>, <http://blulab.chpc.utah.edu/ontologies/v2/ConText.owl#Lexicon> -> <http://blulab.chpc.utah.edu/ontologies/v2/ConText.owl#Modifier> -> <http://blulab.chpc.utah.edu/ontologies/v2/ConText.owl#SemanticModifier> -> <http://blulab.chpc.utah.edu/ontologies/v2/ConText.owl#BodySite> -> <http://blulab.chpc.utah.edu/ontologies/schema/endo/colonoscopyQuality.owl#Colon_structure> -> <http://blulab.chpc.utah.edu/ontologies/schema/endo/colonoscopyQuality.owl#Descending_colon> -> <http://blulab.chpc.utah.edu/ontologies/schema/endo/colonoscopyQuality.owl#Wall_of_descending_colon> -> <http://blulab.chpc.utah.edu/ontologies/schema/endo/colonoscopyQuality.owl#Serosa_of_descending_colon> -> <http://blulab.chpc.utah.edu/ontologies/schema/endo/colonoscopyQuality.owl#Mesothelium_of_visceral_peritoneum>, <http://blulab.chpc.utah.edu/ontologies/v2/ConText.owl#Lexicon> -> <http://blulab.chpc.utah.edu/ontologies/v2/ConText.owl#Modifier> -> <http://blulab.chpc.utah.edu/ontologies/v2/ConText.owl#SemanticModifier> -> <http://blulab.chpc.utah.edu/ontologies/v2/ConText.owl#BodySite> -> <http://blulab.chpc.utah.edu/ontologies/schema/endo/colonoscopyQuality.owl#Colon_structure> -> <http://blulab.chpc.utah.edu/ontologies/schema/endo/colonoscopyQuality.owl#Left_colon> -> <http://blulab.chpc.utah.edu/ontologies/schema/endo/colonoscopyQuality.owl#Entire_left_colon> -> <http://blulab.chpc.utah.edu/ontologies/schema/endo/colonoscopyQuality.owl#Descending_colon> -> <http://blulab.chpc.utah.edu/ontologies/schema/endo/colonoscopyQuality.owl#Wall_of_descending_colon> -> <http://blulab.chpc.utah.edu/ontologies/schema/endo/colonoscopyQuality.owl#Serosa_of_descending_colon> -> <http://blulab.chpc.utah.edu/ontologies/schema/endo/colonoscopyQuality.owl#Mesothelium_of_visceral_peritoneum>, <http://blulab.chpc.utah.edu/ontologies/v2/ConText.owl#Lexicon> -> <http://blulab.chpc.utah.edu/ontologies/v2/ConText.owl#Modifier> -> <http://blulab.chpc.utah.edu/ontologies/v2/ConText.owl#SemanticModifier> -> <http://blulab.chpc.utah.edu/ontologies/v2/ConText.owl#BodySite> -> <http://blulab.chpc.utah.edu/ontologies/schema/endo/colonoscopyQuality.owl#Colon_structure> -> <http://blulab.chpc.utah.edu/ontologies/schema/endo/colonoscopyQuality.owl#Entire_colon> -> <http://blulab.chpc.utah.edu/ontologies/schema/endo/colonoscopyQuality.owl#Left_colon> -> <http://blulab.chpc.utah.edu/ontologies/schema/endo/colonoscopyQuality.owl#Entire_left_colon> -> <http://blulab.chpc.utah.edu/ontologies/schema/endo/colonoscopyQuality.owl#Descending_colon> -> <http://blulab.chpc.utah.edu/ontologies/schema/endo/colonoscopyQuality.owl#Wall_of_descending_colon> -> <http://blulab.chpc.utah.edu/ontologies/schema/endo/colonoscopyQuality.owl#Serosa_of_descending_colon> -> <http://blulab.chpc.utah.edu/ontologies/schema/endo/colonoscopyQuality.owl#Mesothelium_of_visceral_peritoneum>, <http://blulab.chpc.utah.edu/ontologies/v2/ConText.owl#Lexicon> -> <http://blulab.chpc.utah.edu/ontologies/v2/ConText.owl#Modifier> -> <http://blulab.chpc.utah.edu/ontologies/v2/ConText.owl#SemanticModifier> -> <http://blulab.chpc.utah.edu/ontologies/v2/ConText.owl#BodySite> -> <http://blulab.chpc.utah.edu/ontologies/schema/endo/colonoscopyQuality.owl#Colon_structure> -> <http://blulab.chpc.utah.edu/ontologies/schema/endo/colonoscopyQuality.owl#Entire_colon> -> <http://blulab.chpc.utah.edu/ontologies/schema/endo/colonoscopyQuality.owl#Left_colon> -> <http://blulab.chpc.utah.edu/ontologies/schema/endo/colonoscopyQuality.owl#Descending_colon> -> <http://blulab.chpc.utah.edu/ontologies/schema/endo/colonoscopyQuality.owl#Wall_of_descending_colon> -> <http://blulab.chpc.utah.edu/ontologies/schema/endo/colonoscopyQuality.owl#Serosa_of_descending_colon> -> <http://blulab.chpc.utah.edu/ontologies/schema/endo/colonoscopyQuality.owl#Mesothelium_of_visceral_peritoneum>, <http://blulab.chpc.utah.edu/ontologies/v2/ConText.owl#Lexicon> -> <http://blulab.chpc.utah.edu/ontologies/v2/ConText.owl#Modifier> -> <http://blulab.chpc.utah.edu/ontologies/v2/ConText.owl#SemanticModifier> -> <http://blulab.chpc.utah.edu/ontologies/v2/ConText.owl#BodySite> -> <http://blulab.chpc.utah.edu/ontologies/schema/endo/colonoscopyQuality.owl#Colon_structure> -> <http://blulab.chpc.utah.edu/ontologies/schema/endo/colonoscopyQuality.owl#Left_colon> -> <http://blulab.chpc.utah.edu/ontologies/schema/endo/colonoscopyQuality.owl#Descending_colon> -> <http://blulab.chpc.utah.edu/ontologies/schema/endo/colonoscopyQuality.owl#Wall_of_descending_colon> -> <http://blulab.chpc.utah.edu/ontologies/schema/endo/colonoscopyQuality.owl#Serosa_of_descending_colon> -> <http://blulab.chpc.utah.edu/ontologies/schema/endo/colonoscopyQuality.owl#Mesothelium_of_visceral_peritoneum>, <http://blulab.chpc.utah.edu/ontologies/v2/ConText.owl#Lexicon> -> <http://blulab.chpc.utah.edu/ontologies/v2/ConText.owl#Modifier> -> <http://blulab.chpc.utah.edu/ontologies/v2/ConText.owl#SemanticModifier> -> <http://blulab.chpc.utah.edu/ontologies/v2/ConText.owl#BodySite> -> <http://blulab.chpc.utah.edu/ontologies/schema/endo/colonoscopyQuality.owl#Colon_structure> -> <http://blulab.chpc.utah.edu/ontologies/schema/endo/colonoscopyQuality.owl#Region_of_colon> -> <http://blulab.chpc.utah.edu/ontologies/schema/endo/colonoscopyQuality.owl#Descending_colon> -> <http://blulab.chpc.utah.edu/ontologies/schema/endo/colonoscopyQuality.owl#Wall_of_descending_colon> -> <http://blulab.chpc.utah.edu/ontologies/schema/endo/colonoscopyQuality.owl#Serosa_of_descending_colon> -> <http://blulab.chpc.utah.edu/ontologies/schema/endo/colonoscopyQuality.owl#Mesothelium_of_visceral_peritoneum>, <http://blulab.chpc.utah.edu/ontologies/v2/ConText.owl#Lexicon> -> <http://blulab.chpc.utah.edu/ontologies/v2/ConText.owl#Modifier> -> <http://blulab.chpc.utah.edu/ontologies/v2/ConText.owl#SemanticModifier> -> <http://blulab.chpc.utah.edu/ontologies/v2/ConText.owl#BodySite> -> <http://blulab.chpc.utah.edu/ontologies/schema/endo/colonoscopyQuality.owl#ileum> -> <http://blulab.chpc.utah.edu/ontologies/schema/endo/colonoscopyQuality.owl#Region_of_ileum> -> <http://blulab.chpc.utah.edu/ontologies/schema/endo/colonoscopyQuality.owl#Wall_of_ileum> -> <http://blulab.chpc.utah.edu/ontologies/schema/endo/colonoscopyQuality.owl#Serosa_of_ileum> -> <http://blulab.chpc.utah.edu/ontologies/schema/endo/colonoscopyQuality.owl#Mesothelium_of_visceral_peritoneum>, <http://blulab.chpc.utah.edu/ontologies/v2/ConText.owl#Lexicon> -> <http://blulab.chpc.utah.edu/ontologies/v2/ConText.owl#Modifier> -> <http://blulab.chpc.utah.edu/ontologies/v2/ConText.owl#SemanticModifier> -> <http://blulab.chpc.utah.edu/ontologies/v2/ConText.owl#BodySite> -> <http://blulab.chpc.utah.edu/ontologies/schema/endo/colonoscopyQuality.owl#ileum> -> <http://blulab.chpc.utah.edu/ontologies/schema/endo/colonoscopyQuality.owl#Wall_of_ileum> -> <http://blulab.chpc.utah.edu/ontologies/schema/endo/colonoscopyQuality.owl#Serosa_of_ileum> -> <http://blulab.chpc.utah.edu/ontologies/schema/endo/colonoscopyQuality.owl#Mesothelium_of_visceral_peritoneum>, <http://blulab.chpc.utah.edu/ontologies/v2/ConText.owl#Lexicon> -> <http://blulab.chpc.utah.edu/ontologies/v2/ConText.owl#Modifier> -> <http://blulab.chpc.utah.edu/ontologies/v2/ConText.owl#SemanticModifier> -> <http://blulab.chpc.utah.edu/ontologies/v2/ConText.owl#BodySite> -> <http://blulab.chpc.utah.edu/ontologies/schema/endo/colonoscopyQuality.owl#Colon_structure> -> <http://blulab.chpc.utah.edu/ontologies/schema/endo/colonoscopyQuality.owl#Sigmoid_colon> -> <http://blulab.chpc.utah.edu/ontologies/schema/endo/colonoscopyQuality.owl#Wall_of_sigmoid_colon> -> <http://blulab.chpc.utah.edu/ontologies/schema/endo/colonoscopyQuality.owl#Serosa_of_sigmoid_colon> -> <http://blulab.chpc.utah.edu/ontologies/schema/endo/colonoscopyQuality.owl#Mesothelium_of_visceral_peritoneum>, <http://blulab.chpc.utah.edu/ontologies/v2/ConText.owl#Lexicon> -> <http://blulab.chpc.utah.edu/ontologies/v2/ConText.owl#Modifier> -> <http://blulab.chpc.utah.edu/ontologies/v2/ConText.owl#SemanticModifier> -> <http://blulab.chpc.utah.edu/ontologies/v2/ConText.owl#BodySite> -> <http://blulab.chpc.utah.edu/ontologies/schema/endo/colonoscopyQuality.owl#Colon_structure> -> <http://blulab.chpc.utah.edu/ontologies/schema/endo/colonoscopyQuality.owl#Entire_colon> -> <http://blulab.chpc.utah.edu/ontologies/schema/endo/colonoscopyQuality.owl#Sigmoid_colon> -> <http://blulab.chpc.utah.edu/ontologies/schema/endo/colonoscopyQuality.owl#Wall_of_sigmoid_colon> -> <http://blulab.chpc.utah.edu/ontologies/schema/endo/colonoscopyQuality.owl#Serosa_of_sigmoid_colon> -> <http://blulab.chpc.utah.edu/ontologies/schema/endo/colonoscopyQuality.owl#Mesothelium_of_visceral_peritoneum>, <http://blulab.chpc.utah.edu/ontologies/v2/ConText.owl#Lexicon> -> <http://blulab.chpc.utah.edu/ontologies/v2/ConText.owl#Modifier> -> <http://blulab.chpc.utah.edu/ontologies/v2/ConText.owl#SemanticModifier> -> <http://blulab.chpc.utah.edu/ontologies/v2/ConText.owl#BodySite> -> <http://blulab.chpc.utah.edu/ontologies/schema/endo/colonoscopyQuality.owl#Colon_structure> -> <http://blulab.chpc.utah.edu/ontologies/schema/endo/colonoscopyQuality.owl#Region_of_colon> -> <http://blulab.chpc.utah.edu/ontologies/schema/endo/colonoscopyQuality.owl#Sigmoid_colon> -> <http://blulab.chpc.utah.edu/ontologies/schema/endo/colonoscopyQuality.owl#Wall_of_sigmoid_colon> -> <http://blulab.chpc.utah.edu/ontologies/schema/endo/colonoscopyQuality.owl#Serosa_of_sigmoid_colon> -> <http://blulab.chpc.utah.edu/ontologies/schema/endo/colonoscopyQuality.owl#Mesothelium_of_visceral_peritoneum>, <http://blulab.chpc.utah.edu/ontologies/v2/ConText.owl#Lexicon> -> <http://blulab.chpc.utah.edu/ontologies/v2/ConText.owl#Modifier> -> <http://blulab.chpc.utah.edu/ontologies/v2/ConText.owl#SemanticModifier> -> <http://blulab.chpc.utah.edu/ontologies/v2/ConText.owl#BodySite> -> <http://blulab.chpc.utah.edu/ontologies/schema/endo/colonoscopyQuality.owl#Colon_structure> -> <http://blulab.chpc.utah.edu/ontologies/schema/endo/colonoscopyQuality.owl#Transverse_colon> -> <http://blulab.chpc.utah.edu/ontologies/schema/endo/colonoscopyQuality.owl#Wall_of_transverse_colon> -> <http://blulab.chpc.utah.edu/ontologies/schema/endo/colonoscopyQuality.owl#Serosa_of_transverse_colon> -> <http://blulab.chpc.utah.edu/ontologies/schema/endo/colonoscopyQuality.owl#Mesothelium_of_visceral_peritoneum>, <http://blulab.chpc.utah.edu/ontologies/v2/ConText.owl#Lexicon> -> <http://blulab.chpc.utah.edu/ontologies/v2/ConText.owl#Modifier> -> <http://blulab.chpc.utah.edu/ontologies/v2/ConText.owl#SemanticModifier> -> <http://blulab.chpc.utah.edu/ontologies/v2/ConText.owl#BodySite> -> <http://blulab.chpc.utah.edu/ontologies/schema/endo/colonoscopyQuality.owl#Colon_structure> -> <http://blulab.chpc.utah.edu/ontologies/schema/endo/colonoscopyQuality.owl#Entire_colon> -> <http://blulab.chpc.utah.edu/ontologies/schema/endo/colonoscopyQuality.owl#Transverse_colon> -> <http://blulab.chpc.utah.edu/ontologies/schema/endo/colonoscopyQuality.owl#Wall_of_transverse_colon> -> <http://blulab.chpc.utah.edu/ontologies/schema/endo/colonoscopyQuality.owl#Serosa_of_transverse_colon> -> <http://blulab.chpc.utah.edu/ontologies/schema/endo/colonoscopyQuality.owl#Mesothelium_of_visceral_peritoneum>, <http://blulab.chpc.utah.edu/ontologies/v2/ConText.owl#Lexicon> -> <http://blulab.chpc.utah.edu/ontologies/v2/ConText.owl#Modifier> -> <http://blulab.chpc.utah.edu/ontologies/v2/ConText.owl#SemanticModifier> -> <http://blulab.chpc.utah.edu/ontologies/v2/ConText.owl#BodySite> -> <http://blulab.chpc.utah.edu/ontologies/schema/endo/colonoscopyQuality.owl#Colon_structure> -> <http://blulab.chpc.utah.edu/ontologies/schema/endo/colonoscopyQuality.owl#Region_of_colon> -> <http://blulab.chpc.utah.edu/ontologies/schema/endo/colonoscopyQuality.owl#Transverse_colon> -> <http://blulab.chpc.utah.edu/ontologies/schema/endo/colonoscopyQuality.owl#Wall_of_transverse_colon> -> <http://blulab.chpc.utah.edu/ontologies/schema/endo/colonoscopyQuality.owl#Serosa_of_transverse_colon> -> <http://blulab.chpc.utah.edu/ontologies/schema/endo/colonoscopyQuality.owl#Mesothelium_of_visceral_peritoneum>, <http://blulab.chpc.utah.edu/ontologies/v2/ConText.owl#Lexicon> -> <http://blulab.chpc.utah.edu/ontologies/v2/ConText.owl#Modifier> -> <http://blulab.chpc.utah.edu/ontologies/v2/ConText.owl#SemanticModifier> -> <http://blulab.chpc.utah.edu/ontologies/v2/ConText.owl#BodySite> -> <http://blulab.chpc.utah.edu/ontologies/schema/endo/colonoscopyQuality.owl#Colon_structure> -> <http://blulab.chpc.utah.edu/ontologies/schema/endo/colonoscopyQuality.owl#Cecum> -> <http://blulab.chpc.utah.edu/ontologies/schema/endo/colonoscopyQuality.owl#Appendix> -> <http://blulab.chpc.utah.edu/ontologies/schema/endo/colonoscopyQuality.owl#Wall_of_appendix> -> <http://blulab.chpc.utah.edu/ontologies/schema/endo/colonoscopyQuality.owl#Appendiceal_serosa> -> <http://blulab.chpc.utah.edu/ontologies/schema/endo/colonoscopyQuality.owl#Mesothelium_of_visceral_peritoneum>, <http://blulab.chpc.utah.edu/ontologies/v2/ConText.owl#Lexicon> -> <http://blulab.chpc.utah.edu/ontologies/v2/ConText.owl#Modifier> -> <http://blulab.chpc.utah.edu/ontologies/v2/ConText.owl#SemanticModifier> -> <http://blulab.chpc.utah.edu/ontologies/v2/ConText.owl#BodySite> -> <http://blulab.chpc.utah.edu/ontologies/schema/endo/colonoscopyQuality.owl#Colon_structure> -> <http://blulab.chpc.utah.edu/ontologies/schema/endo/colonoscopyQuality.owl#Appendix> -> <http://blulab.chpc.utah.edu/ontologies/schema/endo/colonoscopyQuality.owl#Wall_of_appendix> -> <http://blulab.chpc.utah.edu/ontologies/schema/endo/colonoscopyQuality.owl#Appendiceal_serosa> -> <http://blulab.chpc.utah.edu/ontologies/schema/endo/colonoscopyQuality.owl#Mesothelium_of_visceral_peritoneum>, <http://blulab.chpc.utah.edu/ontologies/v2/ConText.owl#Lexicon> -> <http://blulab.chpc.utah.edu/ontologies/v2/ConText.owl#Modifier> -> <http://blulab.chpc.utah.edu/ontologies/v2/ConText.owl#SemanticModifier> -> <http://blulab.chpc.utah.edu/ontologies/v2/ConText.owl#BodySite> -> <http://blulab.chpc.utah.edu/ontologies/schema/endo/colonoscopyQuality.owl#Colon_structure> -> <http://blulab.chpc.utah.edu/ontologies/schema/endo/colonoscopyQuality.owl#Appendix> -> <http://blulab.chpc.utah.edu/ontologies/schema/endo/colonoscopyQuality.owl#Entire_appendix> -> <http://blulab.chpc.utah.edu/ontologies/schema/endo/colonoscopyQuality.owl#Appendiceal_serosa> -> <http://blulab.chpc.utah.edu/ontologies/schema/endo/colonoscopyQuality.owl#Mesothelium_of_visceral_peritoneum>]]

	Modifier: Submucosa_of_cecum, uri=http://blulab.chpc.utah.edu/ontologies/schema/endo/colonoscopyQuality.owl#Submucosa_of_cecum, type= Semantic, classPath= [<http://blulab.chpc.utah.edu/ontologies/v2/ConText.owl#Lexicon> -> <http://blulab.chpc.utah.edu/ontologies/v2/ConText.owl#Modifier> -> <http://blulab.chpc.utah.edu/ontologies/v2/ConText.owl#SemanticModifier> -> <http://blulab.chpc.utah.edu/ontologies/v2/ConText.owl#BodySite> -> <http://blulab.chpc.utah.edu/ontologies/schema/endo/colonoscopyQuality.owl#Colon_structure> -> <http://blulab.chpc.utah.edu/ontologies/schema/endo/colonoscopyQuality.owl#Cecum> -> <http://blulab.chpc.utah.edu/ontologies/schema/endo/colonoscopyQuality.owl#Wall_of_cecum> -> <http://blulab.chpc.utah.edu/ontologies/schema/endo/colonoscopyQuality.owl#Submucosa_of_cecum>]]

	Modifier: Subserosa_of_cecum, uri=http://blulab.chpc.utah.edu/ontologies/schema/endo/colonoscopyQuality.owl#Subserosa_of_cecum, type= Semantic, classPath= [<http://blulab.chpc.utah.edu/ontologies/v2/ConText.owl#Lexicon> -> <http://blulab.chpc.utah.edu/ontologies/v2/ConText.owl#Modifier> -> <http://blulab.chpc.utah.edu/ontologies/v2/ConText.owl#SemanticModifier> -> <http://blulab.chpc.utah.edu/ontologies/v2/ConText.owl#BodySite> -> <http://blulab.chpc.utah.edu/ontologies/schema/endo/colonoscopyQuality.owl#Colon_structure> -> <http://blulab.chpc.utah.edu/ontologies/schema/endo/colonoscopyQuality.owl#Cecum> -> <http://blulab.chpc.utah.edu/ontologies/schema/endo/colonoscopyQuality.owl#Wall_of_cecum> -> <http://blulab.chpc.utah.edu/ontologies/schema/endo/colonoscopyQuality.owl#Subserosa_of_cecum>]]

	Modifier: cecal_bascule, uri=http://blulab.chpc.utah.edu/ontologies/schema/endo/colonoscopyQuality.owl#cecal_bascule, type= Semantic, classPath= [<http://blulab.chpc.utah.edu/ontologies/v2/ConText.owl#Lexicon> -> <http://blulab.chpc.utah.edu/ontologies/v2/ConText.owl#Modifier> -> <http://blulab.chpc.utah.edu/ontologies/v2/ConText.owl#SemanticModifier> -> <http://blulab.chpc.utah.edu/ontologies/v2/ConText.owl#BodySite> -> <http://blulab.chpc.utah.edu/ontologies/schema/endo/colonoscopyQuality.owl#Colon_structure> -> <http://blulab.chpc.utah.edu/ontologies/schema/endo/colonoscopyQuality.owl#Cecum> -> <http://blulab.chpc.utah.edu/ontologies/schema/endo/colonoscopyQuality.owl#cecal_bascule>]]

	Modifier: Colon_part, uri=http://blulab.chpc.utah.edu/ontologies/schema/endo/colonoscopyQuality.owl#Colon_part, type= Semantic, classPath= [<http://blulab.chpc.utah.edu/ontologies/v2/ConText.owl#Lexicon> -> <http://blulab.chpc.utah.edu/ontologies/v2/ConText.owl#Modifier> -> <http://blulab.chpc.utah.edu/ontologies/v2/ConText.owl#SemanticModifier> -> <http://blulab.chpc.utah.edu/ontologies/v2/ConText.owl#BodySite> -> <http://blulab.chpc.utah.edu/ontologies/schema/endo/colonoscopyQuality.owl#Colon_structure> -> <http://blulab.chpc.utah.edu/ontologies/schema/endo/colonoscopyQuality.owl#Colon_part>]]

	Modifier: Colonic_loop, uri=http://blulab.chpc.utah.edu/ontologies/schema/endo/colonoscopyQuality.owl#Colonic_loop, type= Semantic, classPath= [<http://blulab.chpc.utah.edu/ontologies/v2/ConText.owl#Lexicon> -> <http://blulab.chpc.utah.edu/ontologies/v2/ConText.owl#Modifier> -> <http://blulab.chpc.utah.edu/ontologies/v2/ConText.owl#SemanticModifier> -> <http://blulab.chpc.utah.edu/ontologies/v2/ConText.owl#BodySite> -> <http://blulab.chpc.utah.edu/ontologies/schema/endo/colonoscopyQuality.owl#Colon_structure> -> <http://blulab.chpc.utah.edu/ontologies/schema/endo/colonoscopyQuality.owl#Colon_part> -> <http://blulab.chpc.utah.edu/ontologies/schema/endo/colonoscopyQuality.owl#Colonic_loop>]]

	Modifier: Colon_wall_structure, uri=http://blulab.chpc.utah.edu/ontologies/schema/endo/colonoscopyQuality.owl#Colon_wall_structure, type= Semantic, classPath= [<http://blulab.chpc.utah.edu/ontologies/v2/ConText.owl#Lexicon> -> <http://blulab.chpc.utah.edu/ontologies/v2/ConText.owl#Modifier> -> <http://blulab.chpc.utah.edu/ontologies/v2/ConText.owl#SemanticModifier> -> <http://blulab.chpc.utah.edu/ontologies/v2/ConText.owl#BodySite> -> <http://blulab.chpc.utah.edu/ontologies/schema/endo/colonoscopyQuality.owl#Colon_structure> -> <http://blulab.chpc.utah.edu/ontologies/schema/endo/colonoscopyQuality.owl#Colon_wall_structure>]]

	Modifier: Appendix_Epiploica, uri=http://blulab.chpc.utah.edu/ontologies/schema/endo/colonoscopyQuality.owl#Appendix_Epiploica, type= Semantic, classPath= [<http://blulab.chpc.utah.edu/ontologies/v2/ConText.owl#Lexicon> -> <http://blulab.chpc.utah.edu/ontologies/v2/ConText.owl#Modifier> -> <http://blulab.chpc.utah.edu/ontologies/v2/ConText.owl#SemanticModifier> -> <http://blulab.chpc.utah.edu/ontologies/v2/ConText.owl#BodySite> -> <http://blulab.chpc.utah.edu/ontologies/schema/endo/colonoscopyQuality.owl#Colon_structure> -> <http://blulab.chpc.utah.edu/ontologies/schema/endo/colonoscopyQuality.owl#Colon_wall_structure> -> <http://blulab.chpc.utah.edu/ontologies/schema/endo/colonoscopyQuality.owl#Appendix_Epiploica>, <http://blulab.chpc.utah.edu/ontologies/v2/ConText.owl#Lexicon> -> <http://blulab.chpc.utah.edu/ontologies/v2/ConText.owl#Modifier> -> <http://blulab.chpc.utah.edu/ontologies/v2/ConText.owl#SemanticModifier> -> <http://blulab.chpc.utah.edu/ontologies/v2/ConText.owl#BodySite> -> <http://blulab.chpc.utah.edu/ontologies/schema/endo/colonoscopyQuality.owl#Colon_structure> -> <http://blulab.chpc.utah.edu/ontologies/schema/endo/colonoscopyQuality.owl#Entire_colon> -> <http://blulab.chpc.utah.edu/ontologies/schema/endo/colonoscopyQuality.owl#Appendix_Epiploica>]]

	Modifier: Entire_appendix_epiploica, uri=http://blulab.chpc.utah.edu/ontologies/schema/endo/colonoscopyQuality.owl#Entire_appendix_epiploica, type= Semantic, classPath= [<http://blulab.chpc.utah.edu/ontologies/v2/ConText.owl#Lexicon> -> <http://blulab.chpc.utah.edu/ontologies/v2/ConText.owl#Modifier> -> <http://blulab.chpc.utah.edu/ontologies/v2/ConText.owl#SemanticModifier> -> <http://blulab.chpc.utah.edu/ontologies/v2/ConText.owl#BodySite> -> <http://blulab.chpc.utah.edu/ontologies/schema/endo/colonoscopyQuality.owl#Colon_structure> -> <http://blulab.chpc.utah.edu/ontologies/schema/endo/colonoscopyQuality.owl#Colon_wall_structure> -> <http://blulab.chpc.utah.edu/ontologies/schema/endo/colonoscopyQuality.owl#Appendix_Epiploica> -> <http://blulab.chpc.utah.edu/ontologies/schema/endo/colonoscopyQuality.owl#Entire_appendix_epiploica>, <http://blulab.chpc.utah.edu/ontologies/v2/ConText.owl#Lexicon> -> <http://blulab.chpc.utah.edu/ontologies/v2/ConText.owl#Modifier> -> <http://blulab.chpc.utah.edu/ontologies/v2/ConText.owl#SemanticModifier> -> <http://blulab.chpc.utah.edu/ontologies/v2/ConText.owl#BodySite> -> <http://blulab.chpc.utah.edu/ontologies/schema/endo/colonoscopyQuality.owl#Colon_structure> -> <http://blulab.chpc.utah.edu/ontologies/schema/endo/colonoscopyQuality.owl#Entire_colon> -> <http://blulab.chpc.utah.edu/ontologies/schema/endo/colonoscopyQuality.owl#Appendix_Epiploica> -> <http://blulab.chpc.utah.edu/ontologies/schema/endo/colonoscopyQuality.owl#Entire_appendix_epiploica>]]

	Modifier: Epiploic_appendage_of_ascending_colon, uri=http://blulab.chpc.utah.edu/ontologies/schema/endo/colonoscopyQuality.owl#Epiploic_appendage_of_ascending_colon, type= Semantic, classPath= [<http://blulab.chpc.utah.edu/ontologies/v2/ConText.owl#Lexicon> -> <http://blulab.chpc.utah.edu/ontologies/v2/ConText.owl#Modifier> -> <http://blulab.chpc.utah.edu/ontologies/v2/ConText.owl#SemanticModifier> -> <http://blulab.chpc.utah.edu/ontologies/v2/ConText.owl#BodySite> -> <http://blulab.chpc.utah.edu/ontologies/schema/endo/colonoscopyQuality.owl#Colon_structure> -> <http://blulab.chpc.utah.edu/ontologies/schema/endo/colonoscopyQuality.owl#Colon_wall_structure> -> <http://blulab.chpc.utah.edu/ontologies/schema/endo/colonoscopyQuality.owl#Appendix_Epiploica> -> <http://blulab.chpc.utah.edu/ontologies/schema/endo/colonoscopyQuality.owl#Epiploic_appendage_of_ascending_colon>, <http://blulab.chpc.utah.edu/ontologies/v2/ConText.owl#Lexicon> -> <http://blulab.chpc.utah.edu/ontologies/v2/ConText.owl#Modifier> -> <http://blulab.chpc.utah.edu/ontologies/v2/ConText.owl#SemanticModifier> -> <http://blulab.chpc.utah.edu/ontologies/v2/ConText.owl#BodySite> -> <http://blulab.chpc.utah.edu/ontologies/schema/endo/colonoscopyQuality.owl#Colon_structure> -> <http://blulab.chpc.utah.edu/ontologies/schema/endo/colonoscopyQuality.owl#Ascending_colon> -> <http://blulab.chpc.utah.edu/ontologies/schema/endo/colonoscopyQuality.owl#Wall_of_ascending_colon> -> <http://blulab.chpc.utah.edu/ontologies/schema/endo/colonoscopyQuality.owl#Epiploic_appendage_of_ascending_colon>, <http://blulab.chpc.utah.edu/ontologies/v2/ConText.owl#Lexicon> -> <http://blulab.chpc.utah.edu/ontologies/v2/ConText.owl#Modifier> -> <http://blulab.chpc.utah.edu/ontologies/v2/ConText.owl#SemanticModifier> -> <http://blulab.chpc.utah.edu/ontologies/v2/ConText.owl#BodySite> -> <http://blulab.chpc.utah.edu/ontologies/schema/endo/colonoscopyQuality.owl#Colon_structure> -> <http://blulab.chpc.utah.edu/ontologies/schema/endo/colonoscopyQuality.owl#Entire_colon> -> <http://blulab.chpc.utah.edu/ontologies/schema/endo/colonoscopyQuality.owl#Right_colon> -> <http://blulab.chpc.utah.edu/ontologies/schema/endo/colonoscopyQuality.owl#Entire_right_colon> -> <http://blulab.chpc.utah.edu/ontologies/schema/endo/colonoscopyQuality.owl#Ascending_colon> -> <http://blulab.chpc.utah.edu/ontologies/schema/endo/colonoscopyQuality.owl#Wall_of_ascending_colon> -> <http://blulab.chpc.utah.edu/ontologies/schema/endo/colonoscopyQuality.owl#Epiploic_appendage_of_ascending_colon>, <http://blulab.chpc.utah.edu/ontologies/v2/ConText.owl#Lexicon> -> <http://blulab.chpc.utah.edu/ontologies/v2/ConText.owl#Modifier> -> <http://blulab.chpc.utah.edu/ontologies/v2/ConText.owl#SemanticModifier> -> <http://blulab.chpc.utah.edu/ontologies/v2/ConText.owl#BodySite> -> <http://blulab.chpc.utah.edu/ontologies/schema/endo/colonoscopyQuality.owl#Colon_structure> -> <http://blulab.chpc.utah.edu/ontologies/schema/endo/colonoscopyQuality.owl#Entire_colon> -> <http://blulab.chpc.utah.edu/ontologies/schema/endo/colonoscopyQuality.owl#Entire_right_colon> -> <http://blulab.chpc.utah.edu/ontologies/schema/endo/colonoscopyQuality.owl#Ascending_colon> -> <http://blulab.chpc.utah.edu/ontologies/schema/endo/colonoscopyQuality.owl#Wall_of_ascending_colon> -> <http://blulab.chpc.utah.edu/ontologies/schema/endo/colonoscopyQuality.owl#Epiploic_appendage_of_ascending_colon>, <http://blulab.chpc.utah.edu/ontologies/v2/ConText.owl#Lexicon> -> <http://blulab.chpc.utah.edu/ontologies/v2/ConText.owl#Modifier> -> <http://blulab.chpc.utah.edu/ontologies/v2/ConText.owl#SemanticModifier> -> <http://blulab.chpc.utah.edu/ontologies/v2/ConText.owl#BodySite> -> <http://blulab.chpc.utah.edu/ontologies/schema/endo/colonoscopyQuality.owl#Colon_structure> -> <http://blulab.chpc.utah.edu/ontologies/schema/endo/colonoscopyQuality.owl#Region_of_colon> -> <http://blulab.chpc.utah.edu/ontologies/schema/endo/colonoscopyQuality.owl#Ascending_colon> -> <http://blulab.chpc.utah.edu/ontologies/schema/endo/colonoscopyQuality.owl#Wall_of_ascending_colon> -> <http://blulab.chpc.utah.edu/ontologies/schema/endo/colonoscopyQuality.owl#Epiploic_appendage_of_ascending_colon>, <http://blulab.chpc.utah.edu/ontologies/v2/ConText.owl#Lexicon> -> <http://blulab.chpc.utah.edu/ontologies/v2/ConText.owl#Modifier> -> <http://blulab.chpc.utah.edu/ontologies/v2/ConText.owl#SemanticModifier> -> <http://blulab.chpc.utah.edu/ontologies/v2/ConText.owl#BodySite> -> <http://blulab.chpc.utah.edu/ontologies/schema/endo/colonoscopyQuality.owl#Colon_structure> -> <http://blulab.chpc.utah.edu/ontologies/schema/endo/colonoscopyQuality.owl#Entire_colon> -> <http://blulab.chpc.utah.edu/ontologies/schema/endo/colonoscopyQuality.owl#Right_colon> -> <http://blulab.chpc.utah.edu/ontologies/schema/endo/colonoscopyQuality.owl#Ascending_colon> -> <http://blulab.chpc.utah.edu/ontologies/schema/endo/colonoscopyQuality.owl#Wall_of_ascending_colon> -> <http://blulab.chpc.utah.edu/ontologies/schema/endo/colonoscopyQuality.owl#Epiploic_appendage_of_ascending_colon>, <http://blulab.chpc.utah.edu/ontologies/v2/ConText.owl#Lexicon> -> <http://blulab.chpc.utah.edu/ontologies/v2/ConText.owl#Modifier> -> <http://blulab.chpc.utah.edu/ontologies/v2/ConText.owl#SemanticModifier> -> <http://blulab.chpc.utah.edu/ontologies/v2/ConText.owl#BodySite> -> <http://blulab.chpc.utah.edu/ontologies/schema/endo/colonoscopyQuality.owl#Colon_structure> -> <http://blulab.chpc.utah.edu/ontologies/schema/endo/colonoscopyQuality.owl#Entire_colon> -> <http://blulab.chpc.utah.edu/ontologies/schema/endo/colonoscopyQuality.owl#Appendix_Epiploica> -> <http://blulab.chpc.utah.edu/ontologies/schema/endo/colonoscopyQuality.owl#Epiploic_appendage_of_ascending_colon>]]

	Modifier: Epiploic_appendage_of_descending_colon, uri=http://blulab.chpc.utah.edu/ontologies/schema/endo/colonoscopyQuality.owl#Epiploic_appendage_of_descending_colon, type= Semantic, classPath= [<http://blulab.chpc.utah.edu/ontologies/v2/ConText.owl#Lexicon> -> <http://blulab.chpc.utah.edu/ontologies/v2/ConText.owl#Modifier> -> <http://blulab.chpc.utah.edu/ontologies/v2/ConText.owl#SemanticModifier> -> <http://blulab.chpc.utah.edu/ontologies/v2/ConText.owl#BodySite> -> <http://blulab.chpc.utah.edu/ontologies/schema/endo/colonoscopyQuality.owl#Colon_structure> -> <http://blulab.chpc.utah.edu/ontologies/schema/endo/colonoscopyQuality.owl#Colon_wall_structure> -> <http://blulab.chpc.utah.edu/ontologies/schema/endo/colonoscopyQuality.owl#Appendix_Epiploica> -> <http://blulab.chpc.utah.edu/ontologies/schema/endo/colonoscopyQuality.owl#Epiploic_appendage_of_descending_colon>, <http://blulab.chpc.utah.edu/ontologies/v2/ConText.owl#Lexicon> -> <http://blulab.chpc.utah.edu/ontologies/v2/ConText.owl#Modifier> -> <http://blulab.chpc.utah.edu/ontologies/v2/ConText.owl#SemanticModifier> -> <http://blulab.chpc.utah.edu/ontologies/v2/ConText.owl#BodySite> -> <http://blulab.chpc.utah.edu/ontologies/schema/endo/colonoscopyQuality.owl#Colon_structure> -> <http://blulab.chpc.utah.edu/ontologies/schema/endo/colonoscopyQuality.owl#Descending_colon> -> <http://blulab.chpc.utah.edu/ontologies/schema/endo/colonoscopyQuality.owl#Wall_of_descending_colon> -> <http://blulab.chpc.utah.edu/ontologies/schema/endo/colonoscopyQuality.owl#Epiploic_appendage_of_descending_colon>, <http://blulab.chpc.utah.edu/ontologies/v2/ConText.owl#Lexicon> -> <http://blulab.chpc.utah.edu/ontologies/v2/ConText.owl#Modifier> -> <http://blulab.chpc.utah.edu/ontologies/v2/ConText.owl#SemanticModifier> -> <http://blulab.chpc.utah.edu/ontologies/v2/ConText.owl#BodySite> -> <http://blulab.chpc.utah.edu/ontologies/schema/endo/colonoscopyQuality.owl#Colon_structure> -> <http://blulab.chpc.utah.edu/ontologies/schema/endo/colonoscopyQuality.owl#Left_colon> -> <http://blulab.chpc.utah.edu/ontologies/schema/endo/colonoscopyQuality.owl#Entire_left_colon> -> <http://blulab.chpc.utah.edu/ontologies/schema/endo/colonoscopyQuality.owl#Descending_colon> -> <http://blulab.chpc.utah.edu/ontologies/schema/endo/colonoscopyQuality.owl#Wall_of_descending_colon> -> <http://blulab.chpc.utah.edu/ontologies/schema/endo/colonoscopyQuality.owl#Epiploic_appendage_of_descending_colon>, <http://blulab.chpc.utah.edu/ontologies/v2/ConText.owl#Lexicon> -> <http://blulab.chpc.utah.edu/ontologies/v2/ConText.owl#Modifier> -> <http://blulab.chpc.utah.edu/ontologies/v2/ConText.owl#SemanticModifier> -> <http://blulab.chpc.utah.edu/ontologies/v2/ConText.owl#BodySite> -> <http://blulab.chpc.utah.edu/ontologies/schema/endo/colonoscopyQuality.owl#Colon_structure> -> <http://blulab.chpc.utah.edu/ontologies/schema/endo/colonoscopyQuality.owl#Entire_colon> -> <http://blulab.chpc.utah.edu/ontologies/schema/endo/colonoscopyQuality.owl#Left_colon> -> <http://blulab.chpc.utah.edu/ontologies/schema/endo/colonoscopyQuality.owl#Entire_left_colon> -> <http://blulab.chpc.utah.edu/ontologies/schema/endo/colonoscopyQuality.owl#Descending_colon> -> <http://blulab.chpc.utah.edu/ontologies/schema/endo/colonoscopyQuality.owl#Wall_of_descending_colon> -> <http://blulab.chpc.utah.edu/ontologies/schema/endo/colonoscopyQuality.owl#Epiploic_appendage_of_descending_colon>, <http://blulab.chpc.utah.edu/ontologies/v2/ConText.owl#Lexicon> -> <http://blulab.chpc.utah.edu/ontologies/v2/ConText.owl#Modifier> -> <http://blulab.chpc.utah.edu/ontologies/v2/ConText.owl#SemanticModifier> -> <http://blulab.chpc.utah.edu/ontologies/v2/ConText.owl#BodySite> -> <http://blulab.chpc.utah.edu/ontologies/schema/endo/colonoscopyQuality.owl#Colon_structure> -> <http://blulab.chpc.utah.edu/ontologies/schema/endo/colonoscopyQuality.owl#Entire_colon> -> <http://blulab.chpc.utah.edu/ontologies/schema/endo/colonoscopyQuality.owl#Left_colon> -> <http://blulab.chpc.utah.edu/ontologies/schema/endo/colonoscopyQuality.owl#Descending_colon> -> <http://blulab.chpc.utah.edu/ontologies/schema/endo/colonoscopyQuality.owl#Wall_of_descending_colon> -> <http://blulab.chpc.utah.edu/ontologies/schema/endo/colonoscopyQuality.owl#Epiploic_appendage_of_descending_colon>, <http://blulab.chpc.utah.edu/ontologies/v2/ConText.owl#Lexicon> -> <http://blulab.chpc.utah.edu/ontologies/v2/ConText.owl#Modifier> -> <http://blulab.chpc.utah.edu/ontologies/v2/ConText.owl#SemanticModifier> -> <http://blulab.chpc.utah.edu/ontologies/v2/ConText.owl#BodySite> -> <http://blulab.chpc.utah.edu/ontologies/schema/endo/colonoscopyQuality.owl#Colon_structure> -> <http://blulab.chpc.utah.edu/ontologies/schema/endo/colonoscopyQuality.owl#Left_colon> -> <http://blulab.chpc.utah.edu/ontologies/schema/endo/colonoscopyQuality.owl#Descending_colon> -> <http://blulab.chpc.utah.edu/ontologies/schema/endo/colonoscopyQuality.owl#Wall_of_descending_colon> -> <http://blulab.chpc.utah.edu/ontologies/schema/endo/colonoscopyQuality.owl#Epiploic_appendage_of_descending_colon>, <http://blulab.chpc.utah.edu/ontologies/v2/ConText.owl#Lexicon> -> <http://blulab.chpc.utah.edu/ontologies/v2/ConText.owl#Modifier> -> <http://blulab.chpc.utah.edu/ontologies/v2/ConText.owl#SemanticModifier> -> <http://blulab.chpc.utah.edu/ontologies/v2/ConText.owl#BodySite> -> <http://blulab.chpc.utah.edu/ontologies/schema/endo/colonoscopyQuality.owl#Colon_structure> -> <http://blulab.chpc.utah.edu/ontologies/schema/endo/colonoscopyQuality.owl#Region_of_colon> -> <http://blulab.chpc.utah.edu/ontologies/schema/endo/colonoscopyQuality.owl#Descending_colon> -> <http://blulab.chpc.utah.edu/ontologies/schema/endo/colonoscopyQuality.owl#Wall_of_descending_colon> -> <http://blulab.chpc.utah.edu/ontologies/schema/endo/colonoscopyQuality.owl#Epiploic_appendage_of_descending_colon>, <http://blulab.chpc.utah.edu/ontologies/v2/ConText.owl#Lexicon> -> <http://blulab.chpc.utah.edu/ontologies/v2/ConText.owl#Modifier> -> <http://blulab.chpc.utah.edu/ontologies/v2/ConText.owl#SemanticModifier> -> <http://blulab.chpc.utah.edu/ontologies/v2/ConText.owl#BodySite> -> <http://blulab.chpc.utah.edu/ontologies/schema/endo/colonoscopyQuality.owl#Colon_structure> -> <http://blulab.chpc.utah.edu/ontologies/schema/endo/colonoscopyQuality.owl#Entire_colon> -> <http://blulab.chpc.utah.edu/ontologies/schema/endo/colonoscopyQuality.owl#Appendix_Epiploica> -> <http://blulab.chpc.utah.edu/ontologies/schema/endo/colonoscopyQuality.owl#Epiploic_appendage_of_descending_colon>]]

	Modifier: Epiploic_appendage_of_sigmoid_colon, uri=http://blulab.chpc.utah.edu/ontologies/schema/endo/colonoscopyQuality.owl#Epiploic_appendage_of_sigmoid_colon, type= Semantic, classPath= [<http://blulab.chpc.utah.edu/ontologies/v2/ConText.owl#Lexicon> -> <http://blulab.chpc.utah.edu/ontologies/v2/ConText.owl#Modifier> -> <http://blulab.chpc.utah.edu/ontologies/v2/ConText.owl#SemanticModifier> -> <http://blulab.chpc.utah.edu/ontologies/v2/ConText.owl#BodySite> -> <http://blulab.chpc.utah.edu/ontologies/schema/endo/colonoscopyQuality.owl#Colon_structure> -> <http://blulab.chpc.utah.edu/ontologies/schema/endo/colonoscopyQuality.owl#Colon_wall_structure> -> <http://blulab.chpc.utah.edu/ontologies/schema/endo/colonoscopyQuality.owl#Appendix_Epiploica> -> <http://blulab.chpc.utah.edu/ontologies/schema/endo/colonoscopyQuality.owl#Epiploic_appendage_of_sigmoid_colon>, <http://blulab.chpc.utah.edu/ontologies/v2/ConText.owl#Lexicon> -> <http://blulab.chpc.utah.edu/ontologies/v2/ConText.owl#Modifier> -> <http://blulab.chpc.utah.edu/ontologies/v2/ConText.owl#SemanticModifier> -> <http://blulab.chpc.utah.edu/ontologies/v2/ConText.owl#BodySite> -> <http://blulab.chpc.utah.edu/ontologies/schema/endo/colonoscopyQuality.owl#Colon_structure> -> <http://blulab.chpc.utah.edu/ontologies/schema/endo/colonoscopyQuality.owl#Sigmoid_colon> -> <http://blulab.chpc.utah.edu/ontologies/schema/endo/colonoscopyQuality.owl#Wall_of_sigmoid_colon> -> <http://blulab.chpc.utah.edu/ontologies/schema/endo/colonoscopyQuality.owl#Epiploic_appendage_of_sigmoid_colon>, <http://blulab.chpc.utah.edu/ontologies/v2/ConText.owl#Lexicon> -> <http://blulab.chpc.utah.edu/ontologies/v2/ConText.owl#Modifier> -> <http://blulab.chpc.utah.edu/ontologies/v2/ConText.owl#SemanticModifier> -> <http://blulab.chpc.utah.edu/ontologies/v2/ConText.owl#BodySite> -> <http://blulab.chpc.utah.edu/ontologies/schema/endo/colonoscopyQuality.owl#Colon_structure> -> <http://blulab.chpc.utah.edu/ontologies/schema/endo/colonoscopyQuality.owl#Entire_colon> -> <http://blulab.chpc.utah.edu/ontologies/schema/endo/colonoscopyQuality.owl#Sigmoid_colon> -> <http://blulab.chpc.utah.edu/ontologies/schema/endo/colonoscopyQuality.owl#Wall_of_sigmoid_colon> -> <http://blulab.chpc.utah.edu/ontologies/schema/endo/colonoscopyQuality.owl#Epiploic_appendage_of_sigmoid_colon>, <http://blulab.chpc.utah.edu/ontologies/v2/ConText.owl#Lexicon> -> <http://blulab.chpc.utah.edu/ontologies/v2/ConText.owl#Modifier> -> <http://blulab.chpc.utah.edu/ontologies/v2/ConText.owl#SemanticModifier> -> <http://blulab.chpc.utah.edu/ontologies/v2/ConText.owl#BodySite> -> <http://blulab.chpc.utah.edu/ontologies/schema/endo/colonoscopyQuality.owl#Colon_structure> -> <http://blulab.chpc.utah.edu/ontologies/schema/endo/colonoscopyQuality.owl#Region_of_colon> -> <http://blulab.chpc.utah.edu/ontologies/schema/endo/colonoscopyQuality.owl#Sigmoid_colon> -> <http://blulab.chpc.utah.edu/ontologies/schema/endo/colonoscopyQuality.owl#Wall_of_sigmoid_colon> -> <http://blulab.chpc.utah.edu/ontologies/schema/endo/colonoscopyQuality.owl#Epiploic_appendage_of_sigmoid_colon>, <http://blulab.chpc.utah.edu/ontologies/v2/ConText.owl#Lexicon> -> <http://blulab.chpc.utah.edu/ontologies/v2/ConText.owl#Modifier> -> <http://blulab.chpc.utah.edu/ontologies/v2/ConText.owl#SemanticModifier> -> <http://blulab.chpc.utah.edu/ontologies/v2/ConText.owl#BodySite> -> <http://blulab.chpc.utah.edu/ontologies/schema/endo/colonoscopyQuality.owl#Colon_structure> -> <http://blulab.chpc.utah.edu/ontologies/schema/endo/colonoscopyQuality.owl#Entire_colon> -> <http://blulab.chpc.utah.edu/ontologies/schema/endo/colonoscopyQuality.owl#Appendix_Epiploica> -> <http://blulab.chpc.utah.edu/ontologies/schema/endo/colonoscopyQuality.owl#Epiploic_appendage_of_sigmoid_colon>]]

	Modifier: Epiploic_appendage_of_transverse_colon, uri=http://blulab.chpc.utah.edu/ontologies/schema/endo/colonoscopyQuality.owl#Epiploic_appendage_of_transverse_colon, type= Semantic, classPath= [<http://blulab.chpc.utah.edu/ontologies/v2/ConText.owl#Lexicon> -> <http://blulab.chpc.utah.edu/ontologies/v2/ConText.owl#Modifier> -> <http://blulab.chpc.utah.edu/ontologies/v2/ConText.owl#SemanticModifier> -> <http://blulab.chpc.utah.edu/ontologies/v2/ConText.owl#BodySite> -> <http://blulab.chpc.utah.edu/ontologies/schema/endo/colonoscopyQuality.owl#Colon_structure> -> <http://blulab.chpc.utah.edu/ontologies/schema/endo/colonoscopyQuality.owl#Colon_wall_structure> -> <http://blulab.chpc.utah.edu/ontologies/schema/endo/colonoscopyQuality.owl#Appendix_Epiploica> -> <http://blulab.chpc.utah.edu/ontologies/schema/endo/colonoscopyQuality.owl#Epiploic_appendage_of_transverse_colon>, <http://blulab.chpc.utah.edu/ontologies/v2/ConText.owl#Lexicon> -> <http://blulab.chpc.utah.edu/ontologies/v2/ConText.owl#Modifier> -> <http://blulab.chpc.utah.edu/ontologies/v2/ConText.owl#SemanticModifier> -> <http://blulab.chpc.utah.edu/ontologies/v2/ConText.owl#BodySite> -> <http://blulab.chpc.utah.edu/ontologies/schema/endo/colonoscopyQuality.owl#Colon_structure> -> <http://blulab.chpc.utah.edu/ontologies/schema/endo/colonoscopyQuality.owl#Transverse_colon> -> <http://blulab.chpc.utah.edu/ontologies/schema/endo/colonoscopyQuality.owl#Wall_of_transverse_colon> -> <http://blulab.chpc.utah.edu/ontologies/schema/endo/colonoscopyQuality.owl#Epiploic_appendage_of_transverse_colon>, <http://blulab.chpc.utah.edu/ontologies/v2/ConText.owl#Lexicon> -> <http://blulab.chpc.utah.edu/ontologies/v2/ConText.owl#Modifier> -> <http://blulab.chpc.utah.edu/ontologies/v2/ConText.owl#SemanticModifier> -> <http://blulab.chpc.utah.edu/ontologies/v2/ConText.owl#BodySite> -> <http://blulab.chpc.utah.edu/ontologies/schema/endo/colonoscopyQuality.owl#Colon_structure> -> <http://blulab.chpc.utah.edu/ontologies/schema/endo/colonoscopyQuality.owl#Entire_colon> -> <http://blulab.chpc.utah.edu/ontologies/schema/endo/colonoscopyQuality.owl#Transverse_colon> -> <http://blulab.chpc.utah.edu/ontologies/schema/endo/colonoscopyQuality.owl#Wall_of_transverse_colon> -> <http://blulab.chpc.utah.edu/ontologies/schema/endo/colonoscopyQuality.owl#Epiploic_appendage_of_transverse_colon>, <http://blulab.chpc.utah.edu/ontologies/v2/ConText.owl#Lexicon> -> <http://blulab.chpc.utah.edu/ontologies/v2/ConText.owl#Modifier> -> <http://blulab.chpc.utah.edu/ontologies/v2/ConText.owl#SemanticModifier> -> <http://blulab.chpc.utah.edu/ontologies/v2/ConText.owl#BodySite> -> <http://blulab.chpc.utah.edu/ontologies/schema/endo/colonoscopyQuality.owl#Colon_structure> -> <http://blulab.chpc.utah.edu/ontologies/schema/endo/colonoscopyQuality.owl#Region_of_colon> -> <http://blulab.chpc.utah.edu/ontologies/schema/endo/colonoscopyQuality.owl#Transverse_colon> -> <http://blulab.chpc.utah.edu/ontologies/schema/endo/colonoscopyQuality.owl#Wall_of_transverse_colon> -> <http://blulab.chpc.utah.edu/ontologies/schema/endo/colonoscopyQuality.owl#Epiploic_appendage_of_transverse_colon>, <http://blulab.chpc.utah.edu/ontologies/v2/ConText.owl#Lexicon> -> <http://blulab.chpc.utah.edu/ontologies/v2/ConText.owl#Modifier> -> <http://blulab.chpc.utah.edu/ontologies/v2/ConText.owl#SemanticModifier> -> <http://blulab.chpc.utah.edu/ontologies/v2/ConText.owl#BodySite> -> <http://blulab.chpc.utah.edu/ontologies/schema/endo/colonoscopyQuality.owl#Colon_structure> -> <http://blulab.chpc.utah.edu/ontologies/schema/endo/colonoscopyQuality.owl#Entire_colon> -> <http://blulab.chpc.utah.edu/ontologies/schema/endo/colonoscopyQuality.owl#Appendix_Epiploica> -> <http://blulab.chpc.utah.edu/ontologies/schema/endo/colonoscopyQuality.owl#Epiploic_appendage_of_transverse_colon>]]

	Modifier: Structure_of_colonic_haustra, uri=http://blulab.chpc.utah.edu/ontologies/schema/endo/colonoscopyQuality.owl#Structure_of_colonic_haustra, type= Semantic, classPath= [<http://blulab.chpc.utah.edu/ontologies/v2/ConText.owl#Lexicon> -> <http://blulab.chpc.utah.edu/ontologies/v2/ConText.owl#Modifier> -> <http://blulab.chpc.utah.edu/ontologies/v2/ConText.owl#SemanticModifier> -> <http://blulab.chpc.utah.edu/ontologies/v2/ConText.owl#BodySite> -> <http://blulab.chpc.utah.edu/ontologies/schema/endo/colonoscopyQuality.owl#Colon_structure> -> <http://blulab.chpc.utah.edu/ontologies/schema/endo/colonoscopyQuality.owl#Colon_wall_structure> -> <http://blulab.chpc.utah.edu/ontologies/schema/endo/colonoscopyQuality.owl#Structure_of_colonic_haustra>, <http://blulab.chpc.utah.edu/ontologies/v2/ConText.owl#Lexicon> -> <http://blulab.chpc.utah.edu/ontologies/v2/ConText.owl#Modifier> -> <http://blulab.chpc.utah.edu/ontologies/v2/ConText.owl#SemanticModifier> -> <http://blulab.chpc.utah.edu/ontologies/v2/ConText.owl#BodySite> -> <http://blulab.chpc.utah.edu/ontologies/schema/endo/colonoscopyQuality.owl#Colon_structure> -> <http://blulab.chpc.utah.edu/ontologies/schema/endo/colonoscopyQuality.owl#Entire_colon> -> <http://blulab.chpc.utah.edu/ontologies/schema/endo/colonoscopyQuality.owl#Structure_of_colonic_haustra>]]

	Modifier: Entire_colonic_haustra, uri=http://blulab.chpc.utah.edu/ontologies/schema/endo/colonoscopyQuality.owl#Entire_colonic_haustra, type= Semantic, classPath= [<http://blulab.chpc.utah.edu/ontologies/v2/ConText.owl#Lexicon> -> <http://blulab.chpc.utah.edu/ontologies/v2/ConText.owl#Modifier> -> <http://blulab.chpc.utah.edu/ontologies/v2/ConText.owl#SemanticModifier> -> <http://blulab.chpc.utah.edu/ontologies/v2/ConText.owl#BodySite> -> <http://blulab.chpc.utah.edu/ontologies/schema/endo/colonoscopyQuality.owl#Colon_structure> -> <http://blulab.chpc.utah.edu/ontologies/schema/endo/colonoscopyQuality.owl#Colon_wall_structure> -> <http://blulab.chpc.utah.edu/ontologies/schema/endo/colonoscopyQuality.owl#Structure_of_colonic_haustra> -> <http://blulab.chpc.utah.edu/ontologies/schema/endo/colonoscopyQuality.owl#Entire_colonic_haustra>, <http://blulab.chpc.utah.edu/ontologies/v2/ConText.owl#Lexicon> -> <http://blulab.chpc.utah.edu/ontologies/v2/ConText.owl#Modifier> -> <http://blulab.chpc.utah.edu/ontologies/v2/ConText.owl#SemanticModifier> -> <http://blulab.chpc.utah.edu/ontologies/v2/ConText.owl#BodySite> -> <http://blulab.chpc.utah.edu/ontologies/schema/endo/colonoscopyQuality.owl#Colon_structure> -> <http://blulab.chpc.utah.edu/ontologies/schema/endo/colonoscopyQuality.owl#Entire_colon> -> <http://blulab.chpc.utah.edu/ontologies/schema/endo/colonoscopyQuality.owl#Structure_of_colonic_haustra> -> <http://blulab.chpc.utah.edu/ontologies/schema/endo/colonoscopyQuality.owl#Entire_colonic_haustra>]]

	Modifier: Structure_of_plicae_semilunares_coli, uri=http://blulab.chpc.utah.edu/ontologies/schema/endo/colonoscopyQuality.owl#Structure_of_plicae_semilunares_coli, type= Semantic, classPath= [<http://blulab.chpc.utah.edu/ontologies/v2/ConText.owl#Lexicon> -> <http://blulab.chpc.utah.edu/ontologies/v2/ConText.owl#Modifier> -> <http://blulab.chpc.utah.edu/ontologies/v2/ConText.owl#SemanticModifier> -> <http://blulab.chpc.utah.edu/ontologies/v2/ConText.owl#BodySite> -> <http://blulab.chpc.utah.edu/ontologies/schema/endo/colonoscopyQuality.owl#Colon_structure> -> <http://blulab.chpc.utah.edu/ontologies/schema/endo/colonoscopyQuality.owl#Colon_wall_structure> -> <http://blulab.chpc.utah.edu/ontologies/schema/endo/colonoscopyQuality.owl#Structure_of_plicae_semilunares_coli>, <http://blulab.chpc.utah.edu/ontologies/v2/ConText.owl#Lexicon> -> <http://blulab.chpc.utah.edu/ontologies/v2/ConText.owl#Modifier> -> <http://blulab.chpc.utah.edu/ontologies/v2/ConText.owl#SemanticModifier> -> <http://blulab.chpc.utah.edu/ontologies/v2/ConText.owl#BodySite> -> <http://blulab.chpc.utah.edu/ontologies/schema/endo/colonoscopyQuality.owl#Colon_structure> -> <http://blulab.chpc.utah.edu/ontologies/schema/endo/colonoscopyQuality.owl#Entire_colon> -> <http://blulab.chpc.utah.edu/ontologies/schema/endo/colonoscopyQuality.owl#Colonic_lumen> -> <http://blulab.chpc.utah.edu/ontologies/schema/endo/colonoscopyQuality.owl#Structure_of_plicae_semilunares_coli>, <http://blulab.chpc.utah.edu/ontologies/v2/ConText.owl#Lexicon> -> <http://blulab.chpc.utah.edu/ontologies/v2/ConText.owl#Modifier> -> <http://blulab.chpc.utah.edu/ontologies/v2/ConText.owl#SemanticModifier> -> <http://blulab.chpc.utah.edu/ontologies/v2/ConText.owl#BodySite> -> <http://blulab.chpc.utah.edu/ontologies/schema/endo/colonoscopyQuality.owl#Colon_structure> -> <http://blulab.chpc.utah.edu/ontologies/schema/endo/colonoscopyQuality.owl#Colonic_lumen> -> <http://blulab.chpc.utah.edu/ontologies/schema/endo/colonoscopyQuality.owl#Structure_of_plicae_semilunares_coli>, <http://blulab.chpc.utah.edu/ontologies/v2/ConText.owl#Lexicon> -> <http://blulab.chpc.utah.edu/ontologies/v2/ConText.owl#Modifier> -> <http://blulab.chpc.utah.edu/ontologies/v2/ConText.owl#SemanticModifier> -> <http://blulab.chpc.utah.edu/ontologies/v2/ConText.owl#BodySite> -> <http://blulab.chpc.utah.edu/ontologies/schema/endo/colonoscopyQuality.owl#Colon_structure> -> <http://blulab.chpc.utah.edu/ontologies/schema/endo/colonoscopyQuality.owl#Colonic_lumen> -> <http://blulab.chpc.utah.edu/ontologies/schema/endo/colonoscopyQuality.owl#Entire_colonic_lumen> -> <http://blulab.chpc.utah.edu/ontologies/schema/endo/colonoscopyQuality.owl#Structure_of_plicae_semilunares_coli>, <http://blulab.chpc.utah.edu/ontologies/v2/ConText.owl#Lexicon> -> <http://blulab.chpc.utah.edu/ontologies/v2/ConText.owl#Modifier> -> <http://blulab.chpc.utah.edu/ontologies/v2/ConText.owl#SemanticModifier> -> <http://blulab.chpc.utah.edu/ontologies/v2/ConText.owl#BodySite> -> <http://blulab.chpc.utah.edu/ontologies/schema/endo/colonoscopyQuality.owl#Colon_structure> -> <http://blulab.chpc.utah.edu/ontologies/schema/endo/colonoscopyQuality.owl#Entire_colon> -> <http://blulab.chpc.utah.edu/ontologies/schema/endo/colonoscopyQuality.owl#Colonic_lumen> -> <http://blulab.chpc.utah.edu/ontologies/schema/endo/colonoscopyQuality.owl#Entire_colonic_lumen> -> <http://blulab.chpc.utah.edu/ontologies/schema/endo/colonoscopyQuality.owl#Structure_of_plicae_semilunares_coli>]]

	Modifier: Entire_plicae_semilunares_coli, uri=http://blulab.chpc.utah.edu/ontologies/schema/endo/colonoscopyQuality.owl#Entire_plicae_semilunares_coli, type= Semantic, classPath= [<http://blulab.chpc.utah.edu/ontologies/v2/ConText.owl#Lexicon> -> <http://blulab.chpc.utah.edu/ontologies/v2/ConText.owl#Modifier> -> <http://blulab.chpc.utah.edu/ontologies/v2/ConText.owl#SemanticModifier> -> <http://blulab.chpc.utah.edu/ontologies/v2/ConText.owl#BodySite> -> <http://blulab.chpc.utah.edu/ontologies/schema/endo/colonoscopyQuality.owl#Colon_structure> -> <http://blulab.chpc.utah.edu/ontologies/schema/endo/colonoscopyQuality.owl#Colon_wall_structure> -> <http://blulab.chpc.utah.edu/ontologies/schema/endo/colonoscopyQuality.owl#Structure_of_plicae_semilunares_coli> -> <http://blulab.chpc.utah.edu/ontologies/schema/endo/colonoscopyQuality.owl#Entire_plicae_semilunares_coli>, <http://blulab.chpc.utah.edu/ontologies/v2/ConText.owl#Lexicon> -> <http://blulab.chpc.utah.edu/ontologies/v2/ConText.owl#Modifier> -> <http://blulab.chpc.utah.edu/ontologies/v2/ConText.owl#SemanticModifier> -> <http://blulab.chpc.utah.edu/ontologies/v2/ConText.owl#BodySite> -> <http://blulab.chpc.utah.edu/ontologies/schema/endo/colonoscopyQuality.owl#Colon_structure> -> <http://blulab.chpc.utah.edu/ontologies/schema/endo/colonoscopyQuality.owl#Entire_colon> -> <http://blulab.chpc.utah.edu/ontologies/schema/endo/colonoscopyQuality.owl#Colonic_lumen> -> <http://blulab.chpc.utah.edu/ontologies/schema/endo/colonoscopyQuality.owl#Structure_of_plicae_semilunares_coli> -> <http://blulab.chpc.utah.edu/ontologies/schema/endo/colonoscopyQuality.owl#Entire_plicae_semilunares_coli>, <http://blulab.chpc.utah.edu/ontologies/v2/ConText.owl#Lexicon> -> <http://blulab.chpc.utah.edu/ontologies/v2/ConText.owl#Modifier> -> <http://blulab.chpc.utah.edu/ontologies/v2/ConText.owl#SemanticModifier> -> <http://blulab.chpc.utah.edu/ontologies/v2/ConText.owl#BodySite> -> <http://blulab.chpc.utah.edu/ontologies/schema/endo/colonoscopyQuality.owl#Colon_structure> -> <http://blulab.chpc.utah.edu/ontologies/schema/endo/colonoscopyQuality.owl#Colonic_lumen> -> <http://blulab.chpc.utah.edu/ontologies/schema/endo/colonoscopyQuality.owl#Structure_of_plicae_semilunares_coli> -> <http://blulab.chpc.utah.edu/ontologies/schema/endo/colonoscopyQuality.owl#Entire_plicae_semilunares_coli>, <http://blulab.chpc.utah.edu/ontologies/v2/ConText.owl#Lexicon> -> <http://blulab.chpc.utah.edu/ontologies/v2/ConText.owl#Modifier> -> <http://blulab.chpc.utah.edu/ontologies/v2/ConText.owl#SemanticModifier> -> <http://blulab.chpc.utah.edu/ontologies/v2/ConText.owl#BodySite> -> <http://blulab.chpc.utah.edu/ontologies/schema/endo/colonoscopyQuality.owl#Colon_structure> -> <http://blulab.chpc.utah.edu/ontologies/schema/endo/colonoscopyQuality.owl#Colonic_lumen> -> <http://blulab.chpc.utah.edu/ontologies/schema/endo/colonoscopyQuality.owl#Entire_colonic_lumen> -> <http://blulab.chpc.utah.edu/ontologies/schema/endo/colonoscopyQuality.owl#Structure_of_plicae_semilunares_coli> -> <http://blulab.chpc.utah.edu/ontologies/schema/endo/colonoscopyQuality.owl#Entire_plicae_semilunares_coli>, <http://blulab.chpc.utah.edu/ontologies/v2/ConText.owl#Lexicon> -> <http://blulab.chpc.utah.edu/ontologies/v2/ConText.owl#Modifier> -> <http://blulab.chpc.utah.edu/ontologies/v2/ConText.owl#SemanticModifier> -> <http://blulab.chpc.utah.edu/ontologies/v2/ConText.owl#BodySite> -> <http://blulab.chpc.utah.edu/ontologies/schema/endo/colonoscopyQuality.owl#Colon_structure> -> <http://blulab.chpc.utah.edu/ontologies/schema/endo/colonoscopyQuality.owl#Entire_colon> -> <http://blulab.chpc.utah.edu/ontologies/schema/endo/colonoscopyQuality.owl#Colonic_lumen> -> <http://blulab.chpc.utah.edu/ontologies/schema/endo/colonoscopyQuality.owl#Entire_colonic_lumen> -> <http://blulab.chpc.utah.edu/ontologies/schema/endo/colonoscopyQuality.owl#Structure_of_plicae_semilunares_coli> -> <http://blulab.chpc.utah.edu/ontologies/schema/endo/colonoscopyQuality.owl#Entire_plicae_semilunares_coli>]]

	Modifier: Taenia_Coli, uri=http://blulab.chpc.utah.edu/ontologies/schema/endo/colonoscopyQuality.owl#Taenia_Coli, type= Semantic, classPath= [<http://blulab.chpc.utah.edu/ontologies/v2/ConText.owl#Lexicon> -> <http://blulab.chpc.utah.edu/ontologies/v2/ConText.owl#Modifier> -> <http://blulab.chpc.utah.edu/ontologies/v2/ConText.owl#SemanticModifier> -> <http://blulab.chpc.utah.edu/ontologies/v2/ConText.owl#BodySite> -> <http://blulab.chpc.utah.edu/ontologies/schema/endo/colonoscopyQuality.owl#Colon_structure> -> <http://blulab.chpc.utah.edu/ontologies/schema/endo/colonoscopyQuality.owl#Colon_wall_structure> -> <http://blulab.chpc.utah.edu/ontologies/schema/endo/colonoscopyQuality.owl#Taenia_Coli>, <http://blulab.chpc.utah.edu/ontologies/v2/ConText.owl#Lexicon> -> <http://blulab.chpc.utah.edu/ontologies/v2/ConText.owl#Modifier> -> <http://blulab.chpc.utah.edu/ontologies/v2/ConText.owl#SemanticModifier> -> <http://blulab.chpc.utah.edu/ontologies/v2/ConText.owl#BodySite> -> <http://blulab.chpc.utah.edu/ontologies/schema/endo/colonoscopyQuality.owl#Colon_structure> -> <http://blulab.chpc.utah.edu/ontologies/schema/endo/colonoscopyQuality.owl#Entire_colon> -> <http://blulab.chpc.utah.edu/ontologies/schema/endo/colonoscopyQuality.owl#Colonic_muscularis_propria> -> <http://blulab.chpc.utah.edu/ontologies/schema/endo/colonoscopyQuality.owl#Entire_colonic_muscularis_propria> -> <http://blulab.chpc.utah.edu/ontologies/schema/endo/colonoscopyQuality.owl#Longitudinal_muscle_layer_of_colon> -> <http://blulab.chpc.utah.edu/ontologies/schema/endo/colonoscopyQuality.owl#Taenia_Coli>, <http://blulab.chpc.utah.edu/ontologies/v2/ConText.owl#Lexicon> -> <http://blulab.chpc.utah.edu/ontologies/v2/ConText.owl#Modifier> -> <http://blulab.chpc.utah.edu/ontologies/v2/ConText.owl#SemanticModifier> -> <http://blulab.chpc.utah.edu/ontologies/v2/ConText.owl#BodySite> -> <http://blulab.chpc.utah.edu/ontologies/schema/endo/colonoscopyQuality.owl#Colon_structure> -> <http://blulab.chpc.utah.edu/ontologies/schema/endo/colonoscopyQuality.owl#Wall_of_colon> -> <http://blulab.chpc.utah.edu/ontologies/schema/endo/colonoscopyQuality.owl#Colonic_muscularis_propria> -> <http://blulab.chpc.utah.edu/ontologies/schema/endo/colonoscopyQuality.owl#Entire_colonic_muscularis_propria> -> <http://blulab.chpc.utah.edu/ontologies/schema/endo/colonoscopyQuality.owl#Longitudinal_muscle_layer_of_colon> -> <http://blulab.chpc.utah.edu/ontologies/schema/endo/colonoscopyQuality.owl#Taenia_Coli>, <http://blulab.chpc.utah.edu/ontologies/v2/ConText.owl#Lexicon> -> <http://blulab.chpc.utah.edu/ontologies/v2/ConText.owl#Modifier> -> <http://blulab.chpc.utah.edu/ontologies/v2/ConText.owl#SemanticModifier> -> <http://blulab.chpc.utah.edu/ontologies/v2/ConText.owl#BodySite> -> <http://blulab.chpc.utah.edu/ontologies/schema/endo/colonoscopyQuality.owl#Colon_structure> -> <http://blulab.chpc.utah.edu/ontologies/schema/endo/colonoscopyQuality.owl#Entire_colon> -> <http://blulab.chpc.utah.edu/ontologies/schema/endo/colonoscopyQuality.owl#Colonic_muscularis_propria> -> <http://blulab.chpc.utah.edu/ontologies/schema/endo/colonoscopyQuality.owl#Longitudinal_muscle_layer_of_colon> -> <http://blulab.chpc.utah.edu/ontologies/schema/endo/colonoscopyQuality.owl#Taenia_Coli>, <http://blulab.chpc.utah.edu/ontologies/v2/ConText.owl#Lexicon> -> <http://blulab.chpc.utah.edu/ontologies/v2/ConText.owl#Modifier> -> <http://blulab.chpc.utah.edu/ontologies/v2/ConText.owl#SemanticModifier> -> <http://blulab.chpc.utah.edu/ontologies/v2/ConText.owl#BodySite> -> <http://blulab.chpc.utah.edu/ontologies/schema/endo/colonoscopyQuality.owl#Colon_structure> -> <http://blulab.chpc.utah.edu/ontologies/schema/endo/colonoscopyQuality.owl#Wall_of_colon> -> <http://blulab.chpc.utah.edu/ontologies/schema/endo/colonoscopyQuality.owl#Colonic_muscularis_propria> -> <http://blulab.chpc.utah.edu/ontologies/schema/endo/colonoscopyQuality.owl#Longitudinal_muscle_layer_of_colon> -> <http://blulab.chpc.utah.edu/ontologies/schema/endo/colonoscopyQuality.owl#Taenia_Coli>]]

	Modifier: Colonic_lumen, uri=http://blulab.chpc.utah.edu/ontologies/schema/endo/colonoscopyQuality.owl#Colonic_lumen, type= Semantic, classPath= [<http://blulab.chpc.utah.edu/ontologies/v2/ConText.owl#Lexicon> -> <http://blulab.chpc.utah.edu/ontologies/v2/ConText.owl#Modifier> -> <http://blulab.chpc.utah.edu/ontologies/v2/ConText.owl#SemanticModifier> -> <http://blulab.chpc.utah.edu/ontologies/v2/ConText.owl#BodySite> -> <http://blulab.chpc.utah.edu/ontologies/schema/endo/colonoscopyQuality.owl#Colon_structure> -> <http://blulab.chpc.utah.edu/ontologies/schema/endo/colonoscopyQuality.owl#Colonic_lumen>, <http://blulab.chpc.utah.edu/ontologies/v2/ConText.owl#Lexicon> -> <http://blulab.chpc.utah.edu/ontologies/v2/ConText.owl#Modifier> -> <http://blulab.chpc.utah.edu/ontologies/v2/ConText.owl#SemanticModifier> -> <http://blulab.chpc.utah.edu/ontologies/v2/ConText.owl#BodySite> -> <http://blulab.chpc.utah.edu/ontologies/schema/endo/colonoscopyQuality.owl#Colon_structure> -> <http://blulab.chpc.utah.edu/ontologies/schema/endo/colonoscopyQuality.owl#Entire_colon> -> <http://blulab.chpc.utah.edu/ontologies/schema/endo/colonoscopyQuality.owl#Colonic_lumen>]]

	Modifier: Entire_colonic_lumen, uri=http://blulab.chpc.utah.edu/ontologies/schema/endo/colonoscopyQuality.owl#Entire_colonic_lumen, type= Semantic, classPath= [<http://blulab.chpc.utah.edu/ontologies/v2/ConText.owl#Lexicon> -> <http://blulab.chpc.utah.edu/ontologies/v2/ConText.owl#Modifier> -> <http://blulab.chpc.utah.edu/ontologies/v2/ConText.owl#SemanticModifier> -> <http://blulab.chpc.utah.edu/ontologies/v2/ConText.owl#BodySite> -> <http://blulab.chpc.utah.edu/ontologies/schema/endo/colonoscopyQuality.owl#Colon_structure> -> <http://blulab.chpc.utah.edu/ontologies/schema/endo/colonoscopyQuality.owl#Colonic_lumen> -> <http://blulab.chpc.utah.edu/ontologies/schema/endo/colonoscopyQuality.owl#Entire_colonic_lumen>, <http://blulab.chpc.utah.edu/ontologies/v2/ConText.owl#Lexicon> -> <http://blulab.chpc.utah.edu/ontologies/v2/ConText.owl#Modifier> -> <http://blulab.chpc.utah.edu/ontologies/v2/ConText.owl#SemanticModifier> -> <http://blulab.chpc.utah.edu/ontologies/v2/ConText.owl#BodySite> -> <http://blulab.chpc.utah.edu/ontologies/schema/endo/colonoscopyQuality.owl#Colon_structure> -> <http://blulab.chpc.utah.edu/ontologies/schema/endo/colonoscopyQuality.owl#Entire_colon> -> <http://blulab.chpc.utah.edu/ontologies/schema/endo/colonoscopyQuality.owl#Colonic_lumen> -> <http://blulab.chpc.utah.edu/ontologies/schema/endo/colonoscopyQuality.owl#Entire_colonic_lumen>]]

	Modifier: Structure_of_plicae_semilunares_coli, uri=http://blulab.chpc.utah.edu/ontologies/schema/endo/colonoscopyQuality.owl#Structure_of_plicae_semilunares_coli, type= Semantic, classPath= [<http://blulab.chpc.utah.edu/ontologies/v2/ConText.owl#Lexicon> -> <http://blulab.chpc.utah.edu/ontologies/v2/ConText.owl#Modifier> -> <http://blulab.chpc.utah.edu/ontologies/v2/ConText.owl#SemanticModifier> -> <http://blulab.chpc.utah.edu/ontologies/v2/ConText.owl#BodySite> -> <http://blulab.chpc.utah.edu/ontologies/schema/endo/colonoscopyQuality.owl#Colon_structure> -> <http://blulab.chpc.utah.edu/ontologies/schema/endo/colonoscopyQuality.owl#Colon_wall_structure> -> <http://blulab.chpc.utah.edu/ontologies/schema/endo/colonoscopyQuality.owl#Structure_of_plicae_semilunares_coli>, <http://blulab.chpc.utah.edu/ontologies/v2/ConText.owl#Lexicon> -> <http://blulab.chpc.utah.edu/ontologies/v2/ConText.owl#Modifier> -> <http://blulab.chpc.utah.edu/ontologies/v2/ConText.owl#SemanticModifier> -> <http://blulab.chpc.utah.edu/ontologies/v2/ConText.owl#BodySite> -> <http://blulab.chpc.utah.edu/ontologies/schema/endo/colonoscopyQuality.owl#Colon_structure> -> <http://blulab.chpc.utah.edu/ontologies/schema/endo/colonoscopyQuality.owl#Entire_colon> -> <http://blulab.chpc.utah.edu/ontologies/schema/endo/colonoscopyQuality.owl#Colonic_lumen> -> <http://blulab.chpc.utah.edu/ontologies/schema/endo/colonoscopyQuality.owl#Structure_of_plicae_semilunares_coli>, <http://blulab.chpc.utah.edu/ontologies/v2/ConText.owl#Lexicon> -> <http://blulab.chpc.utah.edu/ontologies/v2/ConText.owl#Modifier> -> <http://blulab.chpc.utah.edu/ontologies/v2/ConText.owl#SemanticModifier> -> <http://blulab.chpc.utah.edu/ontologies/v2/ConText.owl#BodySite> -> <http://blulab.chpc.utah.edu/ontologies/schema/endo/colonoscopyQuality.owl#Colon_structure> -> <http://blulab.chpc.utah.edu/ontologies/schema/endo/colonoscopyQuality.owl#Colonic_lumen> -> <http://blulab.chpc.utah.edu/ontologies/schema/endo/colonoscopyQuality.owl#Structure_of_plicae_semilunares_coli>, <http://blulab.chpc.utah.edu/ontologies/v2/ConText.owl#Lexicon> -> <http://blulab.chpc.utah.edu/ontologies/v2/ConText.owl#Modifier> -> <http://blulab.chpc.utah.edu/ontologies/v2/ConText.owl#SemanticModifier> -> <http://blulab.chpc.utah.edu/ontologies/v2/ConText.owl#BodySite> -> <http://blulab.chpc.utah.edu/ontologies/schema/endo/colonoscopyQuality.owl#Colon_structure> -> <http://blulab.chpc.utah.edu/ontologies/schema/endo/colonoscopyQuality.owl#Colonic_lumen> -> <http://blulab.chpc.utah.edu/ontologies/schema/endo/colonoscopyQuality.owl#Entire_colonic_lumen> -> <http://blulab.chpc.utah.edu/ontologies/schema/endo/colonoscopyQuality.owl#Structure_of_plicae_semilunares_coli>, <http://blulab.chpc.utah.edu/ontologies/v2/ConText.owl#Lexicon> -> <http://blulab.chpc.utah.edu/ontologies/v2/ConText.owl#Modifier> -> <http://blulab.chpc.utah.edu/ontologies/v2/ConText.owl#SemanticModifier> -> <http://blulab.chpc.utah.edu/ontologies/v2/ConText.owl#BodySite> -> <http://blulab.chpc.utah.edu/ontologies/schema/endo/colonoscopyQuality.owl#Colon_structure> -> <http://blulab.chpc.utah.edu/ontologies/schema/endo/colonoscopyQuality.owl#Entire_colon> -> <http://blulab.chpc.utah.edu/ontologies/schema/endo/colonoscopyQuality.owl#Colonic_lumen> -> <http://blulab.chpc.utah.edu/ontologies/schema/endo/colonoscopyQuality.owl#Entire_colonic_lumen> -> <http://blulab.chpc.utah.edu/ontologies/schema/endo/colonoscopyQuality.owl#Structure_of_plicae_semilunares_coli>]]

	Modifier: Lumen_of_ascending_colon, uri=http://blulab.chpc.utah.edu/ontologies/schema/endo/colonoscopyQuality.owl#Lumen_of_ascending_colon, type= Semantic, classPath= [<http://blulab.chpc.utah.edu/ontologies/v2/ConText.owl#Lexicon> -> <http://blulab.chpc.utah.edu/ontologies/v2/ConText.owl#Modifier> -> <http://blulab.chpc.utah.edu/ontologies/v2/ConText.owl#SemanticModifier> -> <http://blulab.chpc.utah.edu/ontologies/v2/ConText.owl#BodySite> -> <http://blulab.chpc.utah.edu/ontologies/schema/endo/colonoscopyQuality.owl#Colon_structure> -> <http://blulab.chpc.utah.edu/ontologies/schema/endo/colonoscopyQuality.owl#Ascending_colon> -> <http://blulab.chpc.utah.edu/ontologies/schema/endo/colonoscopyQuality.owl#Lumen_of_ascending_colon>, <http://blulab.chpc.utah.edu/ontologies/v2/ConText.owl#Lexicon> -> <http://blulab.chpc.utah.edu/ontologies/v2/ConText.owl#Modifier> -> <http://blulab.chpc.utah.edu/ontologies/v2/ConText.owl#SemanticModifier> -> <http://blulab.chpc.utah.edu/ontologies/v2/ConText.owl#BodySite> -> <http://blulab.chpc.utah.edu/ontologies/schema/endo/colonoscopyQuality.owl#Colon_structure> -> <http://blulab.chpc.utah.edu/ontologies/schema/endo/colonoscopyQuality.owl#Entire_colon> -> <http://blulab.chpc.utah.edu/ontologies/schema/endo/colonoscopyQuality.owl#Colonic_lumen> -> <http://blulab.chpc.utah.edu/ontologies/schema/endo/colonoscopyQuality.owl#Lumen_of_ascending_colon>, <http://blulab.chpc.utah.edu/ontologies/v2/ConText.owl#Lexicon> -> <http://blulab.chpc.utah.edu/ontologies/v2/ConText.owl#Modifier> -> <http://blulab.chpc.utah.edu/ontologies/v2/ConText.owl#SemanticModifier> -> <http://blulab.chpc.utah.edu/ontologies/v2/ConText.owl#BodySite> -> <http://blulab.chpc.utah.edu/ontologies/schema/endo/colonoscopyQuality.owl#Colon_structure> -> <http://blulab.chpc.utah.edu/ontologies/schema/endo/colonoscopyQuality.owl#Colonic_lumen> -> <http://blulab.chpc.utah.edu/ontologies/schema/endo/colonoscopyQuality.owl#Lumen_of_ascending_colon>, <http://blulab.chpc.utah.edu/ontologies/v2/ConText.owl#Lexicon> -> <http://blulab.chpc.utah.edu/ontologies/v2/ConText.owl#Modifier> -> <http://blulab.chpc.utah.edu/ontologies/v2/ConText.owl#SemanticModifier> -> <http://blulab.chpc.utah.edu/ontologies/v2/ConText.owl#BodySite> -> <http://blulab.chpc.utah.edu/ontologies/schema/endo/colonoscopyQuality.owl#Colon_structure> -> <http://blulab.chpc.utah.edu/ontologies/schema/endo/colonoscopyQuality.owl#Entire_colon> -> <http://blulab.chpc.utah.edu/ontologies/schema/endo/colonoscopyQuality.owl#Right_colon> -> <http://blulab.chpc.utah.edu/ontologies/schema/endo/colonoscopyQuality.owl#Entire_right_colon> -> <http://blulab.chpc.utah.edu/ontologies/schema/endo/colonoscopyQuality.owl#Ascending_colon> -> <http://blulab.chpc.utah.edu/ontologies/schema/endo/colonoscopyQuality.owl#Lumen_of_ascending_colon>, <http://blulab.chpc.utah.edu/ontologies/v2/ConText.owl#Lexicon> -> <http://blulab.chpc.utah.edu/ontologies/v2/ConText.owl#Modifier> -> <http://blulab.chpc.utah.edu/ontologies/v2/ConText.owl#SemanticModifier> -> <http://blulab.chpc.utah.edu/ontologies/v2/ConText.owl#BodySite> -> <http://blulab.chpc.utah.edu/ontologies/schema/endo/colonoscopyQuality.owl#Colon_structure> -> <http://blulab.chpc.utah.edu/ontologies/schema/endo/colonoscopyQuality.owl#Entire_colon> -> <http://blulab.chpc.utah.edu/ontologies/schema/endo/colonoscopyQuality.owl#Entire_right_colon> -> <http://blulab.chpc.utah.edu/ontologies/schema/endo/colonoscopyQuality.owl#Ascending_colon> -> <http://blulab.chpc.utah.edu/ontologies/schema/endo/colonoscopyQuality.owl#Lumen_of_ascending_colon>, <http://blulab.chpc.utah.edu/ontologies/v2/ConText.owl#Lexicon> -> <http://blulab.chpc.utah.edu/ontologies/v2/ConText.owl#Modifier> -> <http://blulab.chpc.utah.edu/ontologies/v2/ConText.owl#SemanticModifier> -> <http://blulab.chpc.utah.edu/ontologies/v2/ConText.owl#BodySite> -> <http://blulab.chpc.utah.edu/ontologies/schema/endo/colonoscopyQuality.owl#Colon_structure> -> <http://blulab.chpc.utah.edu/ontologies/schema/endo/colonoscopyQuality.owl#Region_of_colon> -> <http://blulab.chpc.utah.edu/ontologies/schema/endo/colonoscopyQuality.owl#Ascending_colon> -> <http://blulab.chpc.utah.edu/ontologies/schema/endo/colonoscopyQuality.owl#Lumen_of_ascending_colon>, <http://blulab.chpc.utah.edu/ontologies/v2/ConText.owl#Lexicon> -> <http://blulab.chpc.utah.edu/ontologies/v2/ConText.owl#Modifier> -> <http://blulab.chpc.utah.edu/ontologies/v2/ConText.owl#SemanticModifier> -> <http://blulab.chpc.utah.edu/ontologies/v2/ConText.owl#BodySite> -> <http://blulab.chpc.utah.edu/ontologies/schema/endo/colonoscopyQuality.owl#Colon_structure> -> <http://blulab.chpc.utah.edu/ontologies/schema/endo/colonoscopyQuality.owl#Entire_colon> -> <http://blulab.chpc.utah.edu/ontologies/schema/endo/colonoscopyQuality.owl#Right_colon> -> <http://blulab.chpc.utah.edu/ontologies/schema/endo/colonoscopyQuality.owl#Ascending_colon> -> <http://blulab.chpc.utah.edu/ontologies/schema/endo/colonoscopyQuality.owl#Lumen_of_ascending_colon>]]

	Modifier: Lumen_of_descending_colon, uri=http://blulab.chpc.utah.edu/ontologies/schema/endo/colonoscopyQuality.owl#Lumen_of_descending_colon, type= Semantic, classPath= [<http://blulab.chpc.utah.edu/ontologies/v2/ConText.owl#Lexicon> -> <http://blulab.chpc.utah.edu/ontologies/v2/ConText.owl#Modifier> -> <http://blulab.chpc.utah.edu/ontologies/v2/ConText.owl#SemanticModifier> -> <http://blulab.chpc.utah.edu/ontologies/v2/ConText.owl#BodySite> -> <http://blulab.chpc.utah.edu/ontologies/schema/endo/colonoscopyQuality.owl#Colon_structure> -> <http://blulab.chpc.utah.edu/ontologies/schema/endo/colonoscopyQuality.owl#Colonic_lumen> -> <http://blulab.chpc.utah.edu/ontologies/schema/endo/colonoscopyQuality.owl#Lumen_of_descending_colon>, <http://blulab.chpc.utah.edu/ontologies/v2/ConText.owl#Lexicon> -> <http://blulab.chpc.utah.edu/ontologies/v2/ConText.owl#Modifier> -> <http://blulab.chpc.utah.edu/ontologies/v2/ConText.owl#SemanticModifier> -> <http://blulab.chpc.utah.edu/ontologies/v2/ConText.owl#BodySite> -> <http://blulab.chpc.utah.edu/ontologies/schema/endo/colonoscopyQuality.owl#Colon_structure> -> <http://blulab.chpc.utah.edu/ontologies/schema/endo/colonoscopyQuality.owl#Left_colon> -> <http://blulab.chpc.utah.edu/ontologies/schema/endo/colonoscopyQuality.owl#Entire_left_colon> -> <http://blulab.chpc.utah.edu/ontologies/schema/endo/colonoscopyQuality.owl#Descending_colon> -> <http://blulab.chpc.utah.edu/ontologies/schema/endo/colonoscopyQuality.owl#Lumen_of_descending_colon>, <http://blulab.chpc.utah.edu/ontologies/v2/ConText.owl#Lexicon> -> <http://blulab.chpc.utah.edu/ontologies/v2/ConText.owl#Modifier> -> <http://blulab.chpc.utah.edu/ontologies/v2/ConText.owl#SemanticModifier> -> <http://blulab.chpc.utah.edu/ontologies/v2/ConText.owl#BodySite> -> <http://blulab.chpc.utah.edu/ontologies/schema/endo/colonoscopyQuality.owl#Colon_structure> -> <http://blulab.chpc.utah.edu/ontologies/schema/endo/colonoscopyQuality.owl#Entire_colon> -> <http://blulab.chpc.utah.edu/ontologies/schema/endo/colonoscopyQuality.owl#Left_colon> -> <http://blulab.chpc.utah.edu/ontologies/schema/endo/colonoscopyQuality.owl#Entire_left_colon> -> <http://blulab.chpc.utah.edu/ontologies/schema/endo/colonoscopyQuality.owl#Descending_colon> -> <http://blulab.chpc.utah.edu/ontologies/schema/endo/colonoscopyQuality.owl#Lumen_of_descending_colon>, <http://blulab.chpc.utah.edu/ontologies/v2/ConText.owl#Lexicon> -> <http://blulab.chpc.utah.edu/ontologies/v2/ConText.owl#Modifier> -> <http://blulab.chpc.utah.edu/ontologies/v2/ConText.owl#SemanticModifier> -> <http://blulab.chpc.utah.edu/ontologies/v2/ConText.owl#BodySite> -> <http://blulab.chpc.utah.edu/ontologies/schema/endo/colonoscopyQuality.owl#Colon_structure> -> <http://blulab.chpc.utah.edu/ontologies/schema/endo/colonoscopyQuality.owl#Left_colon> -> <http://blulab.chpc.utah.edu/ontologies/schema/endo/colonoscopyQuality.owl#Descending_colon> -> <http://blulab.chpc.utah.edu/ontologies/schema/endo/colonoscopyQuality.owl#Lumen_of_descending_colon>, <http://blulab.chpc.utah.edu/ontologies/v2/ConText.owl#Lexicon> -> <http://blulab.chpc.utah.edu/ontologies/v2/ConText.owl#Modifier> -> <http://blulab.chpc.utah.edu/ontologies/v2/ConText.owl#SemanticModifier> -> <http://blulab.chpc.utah.edu/ontologies/v2/ConText.owl#BodySite> -> <http://blulab.chpc.utah.edu/ontologies/schema/endo/colonoscopyQuality.owl#Colon_structure> -> <http://blulab.chpc.utah.edu/ontologies/schema/endo/colonoscopyQuality.owl#Entire_colon> -> <http://blulab.chpc.utah.edu/ontologies/schema/endo/colonoscopyQuality.owl#Left_colon> -> <http://blulab.chpc.utah.edu/ontologies/schema/endo/colonoscopyQuality.owl#Descending_colon> -> <http://blulab.chpc.utah.edu/ontologies/schema/endo/colonoscopyQuality.owl#Lumen_of_descending_colon>, <http://blulab.chpc.utah.edu/ontologies/v2/ConText.owl#Lexicon> -> <http://blulab.chpc.utah.edu/ontologies/v2/ConText.owl#Modifier> -> <http://blulab.chpc.utah.edu/ontologies/v2/ConText.owl#SemanticModifier> -> <http://blulab.chpc.utah.edu/ontologies/v2/ConText.owl#BodySite> -> <http://blulab.chpc.utah.edu/ontologies/schema/endo/colonoscopyQuality.owl#Colon_structure> -> <http://blulab.chpc.utah.edu/ontologies/schema/endo/colonoscopyQuality.owl#Region_of_colon> -> <http://blulab.chpc.utah.edu/ontologies/schema/endo/colonoscopyQuality.owl#Descending_colon> -> <http://blulab.chpc.utah.edu/ontologies/schema/endo/colonoscopyQuality.owl#Lumen_of_descending_colon>, <http://blulab.chpc.utah.edu/ontologies/v2/ConText.owl#Lexicon> -> <http://blulab.chpc.utah.edu/ontologies/v2/ConText.owl#Modifier> -> <http://blulab.chpc.utah.edu/ontologies/v2/ConText.owl#SemanticModifier> -> <http://blulab.chpc.utah.edu/ontologies/v2/ConText.owl#BodySite> -> <http://blulab.chpc.utah.edu/ontologies/schema/endo/colonoscopyQuality.owl#Colon_structure> -> <http://blulab.chpc.utah.edu/ontologies/schema/endo/colonoscopyQuality.owl#Descending_colon> -> <http://blulab.chpc.utah.edu/ontologies/schema/endo/colonoscopyQuality.owl#Lumen_of_descending_colon>, <http://blulab.chpc.utah.edu/ontologies/v2/ConText.owl#Lexicon> -> <http://blulab.chpc.utah.edu/ontologies/v2/ConText.owl#Modifier> -> <http://blulab.chpc.utah.edu/ontologies/v2/ConText.owl#SemanticModifier> -> <http://blulab.chpc.utah.edu/ontologies/v2/ConText.owl#BodySite> -> <http://blulab.chpc.utah.edu/ontologies/schema/endo/colonoscopyQuality.owl#Colon_structure> -> <http://blulab.chpc.utah.edu/ontologies/schema/endo/colonoscopyQuality.owl#Entire_colon> -> <http://blulab.chpc.utah.edu/ontologies/schema/endo/colonoscopyQuality.owl#Colonic_lumen> -> <http://blulab.chpc.utah.edu/ontologies/schema/endo/colonoscopyQuality.owl#Lumen_of_descending_colon>]]

	Modifier: Lumen_of_sigmoid_colon, uri=http://blulab.chpc.utah.edu/ontologies/schema/endo/colonoscopyQuality.owl#Lumen_of_sigmoid_colon, type= Semantic, classPath= [<http://blulab.chpc.utah.edu/ontologies/v2/ConText.owl#Lexicon> -> <http://blulab.chpc.utah.edu/ontologies/v2/ConText.owl#Modifier> -> <http://blulab.chpc.utah.edu/ontologies/v2/ConText.owl#SemanticModifier> -> <http://blulab.chpc.utah.edu/ontologies/v2/ConText.owl#BodySite> -> <http://blulab.chpc.utah.edu/ontologies/schema/endo/colonoscopyQuality.owl#Colon_structure> -> <http://blulab.chpc.utah.edu/ontologies/schema/endo/colonoscopyQuality.owl#Colonic_lumen> -> <http://blulab.chpc.utah.edu/ontologies/schema/endo/colonoscopyQuality.owl#Lumen_of_sigmoid_colon>, <http://blulab.chpc.utah.edu/ontologies/v2/ConText.owl#Lexicon> -> <http://blulab.chpc.utah.edu/ontologies/v2/ConText.owl#Modifier> -> <http://blulab.chpc.utah.edu/ontologies/v2/ConText.owl#SemanticModifier> -> <http://blulab.chpc.utah.edu/ontologies/v2/ConText.owl#BodySite> -> <http://blulab.chpc.utah.edu/ontologies/schema/endo/colonoscopyQuality.owl#Colon_structure> -> <http://blulab.chpc.utah.edu/ontologies/schema/endo/colonoscopyQuality.owl#Entire_colon> -> <http://blulab.chpc.utah.edu/ontologies/schema/endo/colonoscopyQuality.owl#Sigmoid_colon> -> <http://blulab.chpc.utah.edu/ontologies/schema/endo/colonoscopyQuality.owl#Lumen_of_sigmoid_colon>, <http://blulab.chpc.utah.edu/ontologies/v2/ConText.owl#Lexicon> -> <http://blulab.chpc.utah.edu/ontologies/v2/ConText.owl#Modifier> -> <http://blulab.chpc.utah.edu/ontologies/v2/ConText.owl#SemanticModifier> -> <http://blulab.chpc.utah.edu/ontologies/v2/ConText.owl#BodySite> -> <http://blulab.chpc.utah.edu/ontologies/schema/endo/colonoscopyQuality.owl#Colon_structure> -> <http://blulab.chpc.utah.edu/ontologies/schema/endo/colonoscopyQuality.owl#Region_of_colon> -> <http://blulab.chpc.utah.edu/ontologies/schema/endo/colonoscopyQuality.owl#Sigmoid_colon> -> <http://blulab.chpc.utah.edu/ontologies/schema/endo/colonoscopyQuality.owl#Lumen_of_sigmoid_colon>, <http://blulab.chpc.utah.edu/ontologies/v2/ConText.owl#Lexicon> -> <http://blulab.chpc.utah.edu/ontologies/v2/ConText.owl#Modifier> -> <http://blulab.chpc.utah.edu/ontologies/v2/ConText.owl#SemanticModifier> -> <http://blulab.chpc.utah.edu/ontologies/v2/ConText.owl#BodySite> -> <http://blulab.chpc.utah.edu/ontologies/schema/endo/colonoscopyQuality.owl#Colon_structure> -> <http://blulab.chpc.utah.edu/ontologies/schema/endo/colonoscopyQuality.owl#Sigmoid_colon> -> <http://blulab.chpc.utah.edu/ontologies/schema/endo/colonoscopyQuality.owl#Lumen_of_sigmoid_colon>, <http://blulab.chpc.utah.edu/ontologies/v2/ConText.owl#Lexicon> -> <http://blulab.chpc.utah.edu/ontologies/v2/ConText.owl#Modifier> -> <http://blulab.chpc.utah.edu/ontologies/v2/ConText.owl#SemanticModifier> -> <http://blulab.chpc.utah.edu/ontologies/v2/ConText.owl#BodySite> -> <http://blulab.chpc.utah.edu/ontologies/schema/endo/colonoscopyQuality.owl#Colon_structure> -> <http://blulab.chpc.utah.edu/ontologies/schema/endo/colonoscopyQuality.owl#Entire_colon> -> <http://blulab.chpc.utah.edu/ontologies/schema/endo/colonoscopyQuality.owl#Colonic_lumen> -> <http://blulab.chpc.utah.edu/ontologies/schema/endo/colonoscopyQuality.owl#Lumen_of_sigmoid_colon>]]

	Modifier: Lumen_of_transverse_colon, uri=http://blulab.chpc.utah.edu/ontologies/schema/endo/colonoscopyQuality.owl#Lumen_of_transverse_colon, type= Semantic, classPath= [<http://blulab.chpc.utah.edu/ontologies/v2/ConText.owl#Lexicon> -> <http://blulab.chpc.utah.edu/ontologies/v2/ConText.owl#Modifier> -> <http://blulab.chpc.utah.edu/ontologies/v2/ConText.owl#SemanticModifier> -> <http://blulab.chpc.utah.edu/ontologies/v2/ConText.owl#BodySite> -> <http://blulab.chpc.utah.edu/ontologies/schema/endo/colonoscopyQuality.owl#Colon_structure> -> <http://blulab.chpc.utah.edu/ontologies/schema/endo/colonoscopyQuality.owl#Colonic_lumen> -> <http://blulab.chpc.utah.edu/ontologies/schema/endo/colonoscopyQuality.owl#Lumen_of_transverse_colon>, <http://blulab.chpc.utah.edu/ontologies/v2/ConText.owl#Lexicon> -> <http://blulab.chpc.utah.edu/ontologies/v2/ConText.owl#Modifier> -> <http://blulab.chpc.utah.edu/ontologies/v2/ConText.owl#SemanticModifier> -> <http://blulab.chpc.utah.edu/ontologies/v2/ConText.owl#BodySite> -> <http://blulab.chpc.utah.edu/ontologies/schema/endo/colonoscopyQuality.owl#Colon_structure> -> <http://blulab.chpc.utah.edu/ontologies/schema/endo/colonoscopyQuality.owl#Entire_colon> -> <http://blulab.chpc.utah.edu/ontologies/schema/endo/colonoscopyQuality.owl#Transverse_colon> -> <http://blulab.chpc.utah.edu/ontologies/schema/endo/colonoscopyQuality.owl#Lumen_of_transverse_colon>, <http://blulab.chpc.utah.edu/ontologies/v2/ConText.owl#Lexicon> -> <http://blulab.chpc.utah.edu/ontologies/v2/ConText.owl#Modifier> -> <http://blulab.chpc.utah.edu/ontologies/v2/ConText.owl#SemanticModifier> -> <http://blulab.chpc.utah.edu/ontologies/v2/ConText.owl#BodySite> -> <http://blulab.chpc.utah.edu/ontologies/schema/endo/colonoscopyQuality.owl#Colon_structure> -> <http://blulab.chpc.utah.edu/ontologies/schema/endo/colonoscopyQuality.owl#Region_of_colon> -> <http://blulab.chpc.utah.edu/ontologies/schema/endo/colonoscopyQuality.owl#Transverse_colon> -> <http://blulab.chpc.utah.edu/ontologies/schema/endo/colonoscopyQuality.owl#Lumen_of_transverse_colon>, <http://blulab.chpc.utah.edu/ontologies/v2/ConText.owl#Lexicon> -> <http://blulab.chpc.utah.edu/ontologies/v2/ConText.owl#Modifier> -> <http://blulab.chpc.utah.edu/ontologies/v2/ConText.owl#SemanticModifier> -> <http://blulab.chpc.utah.edu/ontologies/v2/ConText.owl#BodySite> -> <http://blulab.chpc.utah.edu/ontologies/schema/endo/colonoscopyQuality.owl#Colon_structure> -> <http://blulab.chpc.utah.edu/ontologies/schema/endo/colonoscopyQuality.owl#Transverse_colon> -> <http://blulab.chpc.utah.edu/ontologies/schema/endo/colonoscopyQuality.owl#Lumen_of_transverse_colon>, <http://blulab.chpc.utah.edu/ontologies/v2/ConText.owl#Lexicon> -> <http://blulab.chpc.utah.edu/ontologies/v2/ConText.owl#Modifier> -> <http://blulab.chpc.utah.edu/ontologies/v2/ConText.owl#SemanticModifier> -> <http://blulab.chpc.utah.edu/ontologies/v2/ConText.owl#BodySite> -> <http://blulab.chpc.utah.edu/ontologies/schema/endo/colonoscopyQuality.owl#Colon_structure> -> <http://blulab.chpc.utah.edu/ontologies/schema/endo/colonoscopyQuality.owl#Entire_colon> -> <http://blulab.chpc.utah.edu/ontologies/schema/endo/colonoscopyQuality.owl#Colonic_lumen> -> <http://blulab.chpc.utah.edu/ontologies/schema/endo/colonoscopyQuality.owl#Lumen_of_transverse_colon>]]

	Modifier: Structure_of_plicae_semilunares_coli, uri=http://blulab.chpc.utah.edu/ontologies/schema/endo/colonoscopyQuality.owl#Structure_of_plicae_semilunares_coli, type= Semantic, classPath= [<http://blulab.chpc.utah.edu/ontologies/v2/ConText.owl#Lexicon> -> <http://blulab.chpc.utah.edu/ontologies/v2/ConText.owl#Modifier> -> <http://blulab.chpc.utah.edu/ontologies/v2/ConText.owl#SemanticModifier> -> <http://blulab.chpc.utah.edu/ontologies/v2/ConText.owl#BodySite> -> <http://blulab.chpc.utah.edu/ontologies/schema/endo/colonoscopyQuality.owl#Colon_structure> -> <http://blulab.chpc.utah.edu/ontologies/schema/endo/colonoscopyQuality.owl#Colon_wall_structure> -> <http://blulab.chpc.utah.edu/ontologies/schema/endo/colonoscopyQuality.owl#Structure_of_plicae_semilunares_coli>, <http://blulab.chpc.utah.edu/ontologies/v2/ConText.owl#Lexicon> -> <http://blulab.chpc.utah.edu/ontologies/v2/ConText.owl#Modifier> -> <http://blulab.chpc.utah.edu/ontologies/v2/ConText.owl#SemanticModifier> -> <http://blulab.chpc.utah.edu/ontologies/v2/ConText.owl#BodySite> -> <http://blulab.chpc.utah.edu/ontologies/schema/endo/colonoscopyQuality.owl#Colon_structure> -> <http://blulab.chpc.utah.edu/ontologies/schema/endo/colonoscopyQuality.owl#Entire_colon> -> <http://blulab.chpc.utah.edu/ontologies/schema/endo/colonoscopyQuality.owl#Colonic_lumen> -> <http://blulab.chpc.utah.edu/ontologies/schema/endo/colonoscopyQuality.owl#Structure_of_plicae_semilunares_coli>, <http://blulab.chpc.utah.edu/ontologies/v2/ConText.owl#Lexicon> -> <http://blulab.chpc.utah.edu/ontologies/v2/ConText.owl#Modifier> -> <http://blulab.chpc.utah.edu/ontologies/v2/ConText.owl#SemanticModifier> -> <http://blulab.chpc.utah.edu/ontologies/v2/ConText.owl#BodySite> -> <http://blulab.chpc.utah.edu/ontologies/schema/endo/colonoscopyQuality.owl#Colon_structure> -> <http://blulab.chpc.utah.edu/ontologies/schema/endo/colonoscopyQuality.owl#Colonic_lumen> -> <http://blulab.chpc.utah.edu/ontologies/schema/endo/colonoscopyQuality.owl#Structure_of_plicae_semilunares_coli>, <http://blulab.chpc.utah.edu/ontologies/v2/ConText.owl#Lexicon> -> <http://blulab.chpc.utah.edu/ontologies/v2/ConText.owl#Modifier> -> <http://blulab.chpc.utah.edu/ontologies/v2/ConText.owl#SemanticModifier> -> <http://blulab.chpc.utah.edu/ontologies/v2/ConText.owl#BodySite> -> <http://blulab.chpc.utah.edu/ontologies/schema/endo/colonoscopyQuality.owl#Colon_structure> -> <http://blulab.chpc.utah.edu/ontologies/schema/endo/colonoscopyQuality.owl#Colonic_lumen> -> <http://blulab.chpc.utah.edu/ontologies/schema/endo/colonoscopyQuality.owl#Entire_colonic_lumen> -> <http://blulab.chpc.utah.edu/ontologies/schema/endo/colonoscopyQuality.owl#Structure_of_plicae_semilunares_coli>, <http://blulab.chpc.utah.edu/ontologies/v2/ConText.owl#Lexicon> -> <http://blulab.chpc.utah.edu/ontologies/v2/ConText.owl#Modifier> -> <http://blulab.chpc.utah.edu/ontologies/v2/ConText.owl#SemanticModifier> -> <http://blulab.chpc.utah.edu/ontologies/v2/ConText.owl#BodySite> -> <http://blulab.chpc.utah.edu/ontologies/schema/endo/colonoscopyQuality.owl#Colon_structure> -> <http://blulab.chpc.utah.edu/ontologies/schema/endo/colonoscopyQuality.owl#Entire_colon> -> <http://blulab.chpc.utah.edu/ontologies/schema/endo/colonoscopyQuality.owl#Colonic_lumen> -> <http://blulab.chpc.utah.edu/ontologies/schema/endo/colonoscopyQuality.owl#Entire_colonic_lumen> -> <http://blulab.chpc.utah.edu/ontologies/schema/endo/colonoscopyQuality.owl#Structure_of_plicae_semilunares_coli>]]

	Modifier: Descending_colon, uri=http://blulab.chpc.utah.edu/ontologies/schema/endo/colonoscopyQuality.owl#Descending_colon, type= Semantic, classPath= [<http://blulab.chpc.utah.edu/ontologies/v2/ConText.owl#Lexicon> -> <http://blulab.chpc.utah.edu/ontologies/v2/ConText.owl#Modifier> -> <http://blulab.chpc.utah.edu/ontologies/v2/ConText.owl#SemanticModifier> -> <http://blulab.chpc.utah.edu/ontologies/v2/ConText.owl#BodySite> -> <http://blulab.chpc.utah.edu/ontologies/schema/endo/colonoscopyQuality.owl#Colon_structure> -> <http://blulab.chpc.utah.edu/ontologies/schema/endo/colonoscopyQuality.owl#Descending_colon>, <http://blulab.chpc.utah.edu/ontologies/v2/ConText.owl#Lexicon> -> <http://blulab.chpc.utah.edu/ontologies/v2/ConText.owl#Modifier> -> <http://blulab.chpc.utah.edu/ontologies/v2/ConText.owl#SemanticModifier> -> <http://blulab.chpc.utah.edu/ontologies/v2/ConText.owl#BodySite> -> <http://blulab.chpc.utah.edu/ontologies/schema/endo/colonoscopyQuality.owl#Colon_structure> -> <http://blulab.chpc.utah.edu/ontologies/schema/endo/colonoscopyQuality.owl#Left_colon> -> <http://blulab.chpc.utah.edu/ontologies/schema/endo/colonoscopyQuality.owl#Entire_left_colon> -> <http://blulab.chpc.utah.edu/ontologies/schema/endo/colonoscopyQuality.owl#Descending_colon>, <http://blulab.chpc.utah.edu/ontologies/v2/ConText.owl#Lexicon> -> <http://blulab.chpc.utah.edu/ontologies/v2/ConText.owl#Modifier> -> <http://blulab.chpc.utah.edu/ontologies/v2/ConText.owl#SemanticModifier> -> <http://blulab.chpc.utah.edu/ontologies/v2/ConText.owl#BodySite> -> <http://blulab.chpc.utah.edu/ontologies/schema/endo/colonoscopyQuality.owl#Colon_structure> -> <http://blulab.chpc.utah.edu/ontologies/schema/endo/colonoscopyQuality.owl#Entire_colon> -> <http://blulab.chpc.utah.edu/ontologies/schema/endo/colonoscopyQuality.owl#Left_colon> -> <http://blulab.chpc.utah.edu/ontologies/schema/endo/colonoscopyQuality.owl#Entire_left_colon> -> <http://blulab.chpc.utah.edu/ontologies/schema/endo/colonoscopyQuality.owl#Descending_colon>, <http://blulab.chpc.utah.edu/ontologies/v2/ConText.owl#Lexicon> -> <http://blulab.chpc.utah.edu/ontologies/v2/ConText.owl#Modifier> -> <http://blulab.chpc.utah.edu/ontologies/v2/ConText.owl#SemanticModifier> -> <http://blulab.chpc.utah.edu/ontologies/v2/ConText.owl#BodySite> -> <http://blulab.chpc.utah.edu/ontologies/schema/endo/colonoscopyQuality.owl#Colon_structure> -> <http://blulab.chpc.utah.edu/ontologies/schema/endo/colonoscopyQuality.owl#Entire_colon> -> <http://blulab.chpc.utah.edu/ontologies/schema/endo/colonoscopyQuality.owl#Left_colon> -> <http://blulab.chpc.utah.edu/ontologies/schema/endo/colonoscopyQuality.owl#Descending_colon>, <http://blulab.chpc.utah.edu/ontologies/v2/ConText.owl#Lexicon> -> <http://blulab.chpc.utah.edu/ontologies/v2/ConText.owl#Modifier> -> <http://blulab.chpc.utah.edu/ontologies/v2/ConText.owl#SemanticModifier> -> <http://blulab.chpc.utah.edu/ontologies/v2/ConText.owl#BodySite> -> <http://blulab.chpc.utah.edu/ontologies/schema/endo/colonoscopyQuality.owl#Colon_structure> -> <http://blulab.chpc.utah.edu/ontologies/schema/endo/colonoscopyQuality.owl#Left_colon> -> <http://blulab.chpc.utah.edu/ontologies/schema/endo/colonoscopyQuality.owl#Descending_colon>, <http://blulab.chpc.utah.edu/ontologies/v2/ConText.owl#Lexicon> -> <http://blulab.chpc.utah.edu/ontologies/v2/ConText.owl#Modifier> -> <http://blulab.chpc.utah.edu/ontologies/v2/ConText.owl#SemanticModifier> -> <http://blulab.chpc.utah.edu/ontologies/v2/ConText.owl#BodySite> -> <http://blulab.chpc.utah.edu/ontologies/schema/endo/colonoscopyQuality.owl#Colon_structure> -> <http://blulab.chpc.utah.edu/ontologies/schema/endo/colonoscopyQuality.owl#Region_of_colon> -> <http://blulab.chpc.utah.edu/ontologies/schema/endo/colonoscopyQuality.owl#Descending_colon>]]

	Modifier: Descending_colon_proper, uri=http://blulab.chpc.utah.edu/ontologies/schema/endo/colonoscopyQuality.owl#Descending_colon_proper, type= Semantic, classPath= [<http://blulab.chpc.utah.edu/ontologies/v2/ConText.owl#Lexicon> -> <http://blulab.chpc.utah.edu/ontologies/v2/ConText.owl#Modifier> -> <http://blulab.chpc.utah.edu/ontologies/v2/ConText.owl#SemanticModifier> -> <http://blulab.chpc.utah.edu/ontologies/v2/ConText.owl#BodySite> -> <http://blulab.chpc.utah.edu/ontologies/schema/endo/colonoscopyQuality.owl#Colon_structure> -> <http://blulab.chpc.utah.edu/ontologies/schema/endo/colonoscopyQuality.owl#Descending_colon> -> <http://blulab.chpc.utah.edu/ontologies/schema/endo/colonoscopyQuality.owl#Descending_colon_proper>, <http://blulab.chpc.utah.edu/ontologies/v2/ConText.owl#Lexicon> -> <http://blulab.chpc.utah.edu/ontologies/v2/ConText.owl#Modifier> -> <http://blulab.chpc.utah.edu/ontologies/v2/ConText.owl#SemanticModifier> -> <http://blulab.chpc.utah.edu/ontologies/v2/ConText.owl#BodySite> -> <http://blulab.chpc.utah.edu/ontologies/schema/endo/colonoscopyQuality.owl#Colon_structure> -> <http://blulab.chpc.utah.edu/ontologies/schema/endo/colonoscopyQuality.owl#Left_colon> -> <http://blulab.chpc.utah.edu/ontologies/schema/endo/colonoscopyQuality.owl#Entire_left_colon> -> <http://blulab.chpc.utah.edu/ontologies/schema/endo/colonoscopyQuality.owl#Descending_colon> -> <http://blulab.chpc.utah.edu/ontologies/schema/endo/colonoscopyQuality.owl#Descending_colon_proper>, <http://blulab.chpc.utah.edu/ontologies/v2/ConText.owl#Lexicon> -> <http://blulab.chpc.utah.edu/ontologies/v2/ConText.owl#Modifier> -> <http://blulab.chpc.utah.edu/ontologies/v2/ConText.owl#SemanticModifier> -> <http://blulab.chpc.utah.edu/ontologies/v2/ConText.owl#BodySite> -> <http://blulab.chpc.utah.edu/ontologies/schema/endo/colonoscopyQuality.owl#Colon_structure> -> <http://blulab.chpc.utah.edu/ontologies/schema/endo/colonoscopyQuality.owl#Entire_colon> -> <http://blulab.chpc.utah.edu/ontologies/schema/endo/colonoscopyQuality.owl#Left_colon> -> <http://blulab.chpc.utah.edu/ontologies/schema/endo/colonoscopyQuality.owl#Entire_left_colon> -> <http://blulab.chpc.utah.edu/ontologies/schema/endo/colonoscopyQuality.owl#Descending_colon> -> <http://blulab.chpc.utah.edu/ontologies/schema/endo/colonoscopyQuality.owl#Descending_colon_proper>, <http://blulab.chpc.utah.edu/ontologies/v2/ConText.owl#Lexicon> -> <http://blulab.chpc.utah.edu/ontologies/v2/ConText.owl#Modifier> -> <http://blulab.chpc.utah.edu/ontologies/v2/ConText.owl#SemanticModifier> -> <http://blulab.chpc.utah.edu/ontologies/v2/ConText.owl#BodySite> -> <http://blulab.chpc.utah.edu/ontologies/schema/endo/colonoscopyQuality.owl#Colon_structure> -> <http://blulab.chpc.utah.edu/ontologies/schema/endo/colonoscopyQuality.owl#Entire_colon> -> <http://blulab.chpc.utah.edu/ontologies/schema/endo/colonoscopyQuality.owl#Left_colon> -> <http://blulab.chpc.utah.edu/ontologies/schema/endo/colonoscopyQuality.owl#Descending_colon> -> <http://blulab.chpc.utah.edu/ontologies/schema/endo/colonoscopyQuality.owl#Descending_colon_proper>, <http://blulab.chpc.utah.edu/ontologies/v2/ConText.owl#Lexicon> -> <http://blulab.chpc.utah.edu/ontologies/v2/ConText.owl#Modifier> -> <http://blulab.chpc.utah.edu/ontologies/v2/ConText.owl#SemanticModifier> -> <http://blulab.chpc.utah.edu/ontologies/v2/ConText.owl#BodySite> -> <http://blulab.chpc.utah.edu/ontologies/schema/endo/colonoscopyQuality.owl#Colon_structure> -> <http://blulab.chpc.utah.edu/ontologies/schema/endo/colonoscopyQuality.owl#Left_colon> -> <http://blulab.chpc.utah.edu/ontologies/schema/endo/colonoscopyQuality.owl#Descending_colon> -> <http://blulab.chpc.utah.edu/ontologies/schema/endo/colonoscopyQuality.owl#Descending_colon_proper>, <http://blulab.chpc.utah.edu/ontologies/v2/ConText.owl#Lexicon> -> <http://blulab.chpc.utah.edu/ontologies/v2/ConText.owl#Modifier> -> <http://blulab.chpc.utah.edu/ontologies/v2/ConText.owl#SemanticModifier> -> <http://blulab.chpc.utah.edu/ontologies/v2/ConText.owl#BodySite> -> <http://blulab.chpc.utah.edu/ontologies/schema/endo/colonoscopyQuality.owl#Colon_structure> -> <http://blulab.chpc.utah.edu/ontologies/schema/endo/colonoscopyQuality.owl#Region_of_colon> -> <http://blulab.chpc.utah.edu/ontologies/schema/endo/colonoscopyQuality.owl#Descending_colon> -> <http://blulab.chpc.utah.edu/ontologies/schema/endo/colonoscopyQuality.owl#Descending_colon_proper>]]

	Modifier: Distal_part_of_descending_colon, uri=http://blulab.chpc.utah.edu/ontologies/schema/endo/colonoscopyQuality.owl#Distal_part_of_descending_colon, type= Semantic, classPath= [<http://blulab.chpc.utah.edu/ontologies/v2/ConText.owl#Lexicon> -> <http://blulab.chpc.utah.edu/ontologies/v2/ConText.owl#Modifier> -> <http://blulab.chpc.utah.edu/ontologies/v2/ConText.owl#SemanticModifier> -> <http://blulab.chpc.utah.edu/ontologies/v2/ConText.owl#BodySite> -> <http://blulab.chpc.utah.edu/ontologies/schema/endo/colonoscopyQuality.owl#Colon_structure> -> <http://blulab.chpc.utah.edu/ontologies/schema/endo/colonoscopyQuality.owl#Descending_colon> -> <http://blulab.chpc.utah.edu/ontologies/schema/endo/colonoscopyQuality.owl#Distal_part_of_descending_colon>, <http://blulab.chpc.utah.edu/ontologies/v2/ConText.owl#Lexicon> -> <http://blulab.chpc.utah.edu/ontologies/v2/ConText.owl#Modifier> -> <http://blulab.chpc.utah.edu/ontologies/v2/ConText.owl#SemanticModifier> -> <http://blulab.chpc.utah.edu/ontologies/v2/ConText.owl#BodySite> -> <http://blulab.chpc.utah.edu/ontologies/schema/endo/colonoscopyQuality.owl#Colon_structure> -> <http://blulab.chpc.utah.edu/ontologies/schema/endo/colonoscopyQuality.owl#Left_colon> -> <http://blulab.chpc.utah.edu/ontologies/schema/endo/colonoscopyQuality.owl#Entire_left_colon> -> <http://blulab.chpc.utah.edu/ontologies/schema/endo/colonoscopyQuality.owl#Descending_colon> -> <http://blulab.chpc.utah.edu/ontologies/schema/endo/colonoscopyQuality.owl#Distal_part_of_descending_colon>, <http://blulab.chpc.utah.edu/ontologies/v2/ConText.owl#Lexicon> -> <http://blulab.chpc.utah.edu/ontologies/v2/ConText.owl#Modifier> -> <http://blulab.chpc.utah.edu/ontologies/v2/ConText.owl#SemanticModifier> -> <http://blulab.chpc.utah.edu/ontologies/v2/ConText.owl#BodySite> -> <http://blulab.chpc.utah.edu/ontologies/schema/endo/colonoscopyQuality.owl#Colon_structure> -> <http://blulab.chpc.utah.edu/ontologies/schema/endo/colonoscopyQuality.owl#Entire_colon> -> <http://blulab.chpc.utah.edu/ontologies/schema/endo/colonoscopyQuality.owl#Left_colon> -> <http://blulab.chpc.utah.edu/ontologies/schema/endo/colonoscopyQuality.owl#Entire_left_colon> -> <http://blulab.chpc.utah.edu/ontologies/schema/endo/colonoscopyQuality.owl#Descending_colon> -> <http://blulab.chpc.utah.edu/ontologies/schema/endo/colonoscopyQuality.owl#Distal_part_of_descending_colon>, <http://blulab.chpc.utah.edu/ontologies/v2/ConText.owl#Lexicon> -> <http://blulab.chpc.utah.edu/ontologies/v2/ConText.owl#Modifier> -> <http://blulab.chpc.utah.edu/ontologies/v2/ConText.owl#SemanticModifier> -> <http://blulab.chpc.utah.edu/ontologies/v2/ConText.owl#BodySite> -> <http://blulab.chpc.utah.edu/ontologies/schema/endo/colonoscopyQuality.owl#Colon_structure> -> <http://blulab.chpc.utah.edu/ontologies/schema/endo/colonoscopyQuality.owl#Entire_colon> -> <http://blulab.chpc.utah.edu/ontologies/schema/endo/colonoscopyQuality.owl#Left_colon> -> <http://blulab.chpc.utah.edu/ontologies/schema/endo/colonoscopyQuality.owl#Descending_colon> -> <http://blulab.chpc.utah.edu/ontologies/schema/endo/colonoscopyQuality.owl#Distal_part_of_descending_colon>, <http://blulab.chpc.utah.edu/ontologies/v2/ConText.owl#Lexicon> -> <http://blulab.chpc.utah.edu/ontologies/v2/ConText.owl#Modifier> -> <http://blulab.chpc.utah.edu/ontologies/v2/ConText.owl#SemanticModifier> -> <http://blulab.chpc.utah.edu/ontologies/v2/ConText.owl#BodySite> -> <http://blulab.chpc.utah.edu/ontologies/schema/endo/colonoscopyQuality.owl#Colon_structure> -> <http://blulab.chpc.utah.edu/ontologies/schema/endo/colonoscopyQuality.owl#Left_colon> -> <http://blulab.chpc.utah.edu/ontologies/schema/endo/colonoscopyQuality.owl#Descending_colon> -> <http://blulab.chpc.utah.edu/ontologies/schema/endo/colonoscopyQuality.owl#Distal_part_of_descending_colon>, <http://blulab.chpc.utah.edu/ontologies/v2/ConText.owl#Lexicon> -> <http://blulab.chpc.utah.edu/ontologies/v2/ConText.owl#Modifier> -> <http://blulab.chpc.utah.edu/ontologies/v2/ConText.owl#SemanticModifier> -> <http://blulab.chpc.utah.edu/ontologies/v2/ConText.owl#BodySite> -> <http://blulab.chpc.utah.edu/ontologies/schema/endo/colonoscopyQuality.owl#Colon_structure> -> <http://blulab.chpc.utah.edu/ontologies/schema/endo/colonoscopyQuality.owl#Region_of_colon> -> <http://blulab.chpc.utah.edu/ontologies/schema/endo/colonoscopyQuality.owl#Descending_colon> -> <http://blulab.chpc.utah.edu/ontologies/schema/endo/colonoscopyQuality.owl#Distal_part_of_descending_colon>]]

	Modifier: Entire_descending_colon, uri=http://blulab.chpc.utah.edu/ontologies/schema/endo/colonoscopyQuality.owl#Entire_descending_colon, type= Semantic, classPath= [<http://blulab.chpc.utah.edu/ontologies/v2/ConText.owl#Lexicon> -> <http://blulab.chpc.utah.edu/ontologies/v2/ConText.owl#Modifier> -> <http://blulab.chpc.utah.edu/ontologies/v2/ConText.owl#SemanticModifier> -> <http://blulab.chpc.utah.edu/ontologies/v2/ConText.owl#BodySite> -> <http://blulab.chpc.utah.edu/ontologies/schema/endo/colonoscopyQuality.owl#Colon_structure> -> <http://blulab.chpc.utah.edu/ontologies/schema/endo/colonoscopyQuality.owl#Descending_colon> -> <http://blulab.chpc.utah.edu/ontologies/schema/endo/colonoscopyQuality.owl#Entire_descending_colon>, <http://blulab.chpc.utah.edu/ontologies/v2/ConText.owl#Lexicon> -> <http://blulab.chpc.utah.edu/ontologies/v2/ConText.owl#Modifier> -> <http://blulab.chpc.utah.edu/ontologies/v2/ConText.owl#SemanticModifier> -> <http://blulab.chpc.utah.edu/ontologies/v2/ConText.owl#BodySite> -> <http://blulab.chpc.utah.edu/ontologies/schema/endo/colonoscopyQuality.owl#Colon_structure> -> <http://blulab.chpc.utah.edu/ontologies/schema/endo/colonoscopyQuality.owl#Left_colon> -> <http://blulab.chpc.utah.edu/ontologies/schema/endo/colonoscopyQuality.owl#Entire_left_colon> -> <http://blulab.chpc.utah.edu/ontologies/schema/endo/colonoscopyQuality.owl#Descending_colon> -> <http://blulab.chpc.utah.edu/ontologies/schema/endo/colonoscopyQuality.owl#Entire_descending_colon>, <http://blulab.chpc.utah.edu/ontologies/v2/ConText.owl#Lexicon> -> <http://blulab.chpc.utah.edu/ontologies/v2/ConText.owl#Modifier> -> <http://blulab.chpc.utah.edu/ontologies/v2/ConText.owl#SemanticModifier> -> <http://blulab.chpc.utah.edu/ontologies/v2/ConText.owl#BodySite> -> <http://blulab.chpc.utah.edu/ontologies/schema/endo/colonoscopyQuality.owl#Colon_structure> -> <http://blulab.chpc.utah.edu/ontologies/schema/endo/colonoscopyQuality.owl#Entire_colon> -> <http://blulab.chpc.utah.edu/ontologies/schema/endo/colonoscopyQuality.owl#Left_colon> -> <http://blulab.chpc.utah.edu/ontologies/schema/endo/colonoscopyQuality.owl#Entire_left_colon> -> <http://blulab.chpc.utah.edu/ontologies/schema/endo/colonoscopyQuality.owl#Descending_colon> -> <http://blulab.chpc.utah.edu/ontologies/schema/endo/colonoscopyQuality.owl#Entire_descending_colon>, <http://blulab.chpc.utah.edu/ontologies/v2/ConText.owl#Lexicon> -> <http://blulab.chpc.utah.edu/ontologies/v2/ConText.owl#Modifier> -> <http://blulab.chpc.utah.edu/ontologies/v2/ConText.owl#SemanticModifier> -> <http://blulab.chpc.utah.edu/ontologies/v2/ConText.owl#BodySite> -> <http://blulab.chpc.utah.edu/ontologies/schema/endo/colonoscopyQuality.owl#Colon_structure> -> <http://blulab.chpc.utah.edu/ontologies/schema/endo/colonoscopyQuality.owl#Entire_colon> -> <http://blulab.chpc.utah.edu/ontologies/schema/endo/colonoscopyQuality.owl#Left_colon> -> <http://blulab.chpc.utah.edu/ontologies/schema/endo/colonoscopyQuality.owl#Descending_colon> -> <http://blulab.chpc.utah.edu/ontologies/schema/endo/colonoscopyQuality.owl#Entire_descending_colon>, <http://blulab.chpc.utah.edu/ontologies/v2/ConText.owl#Lexicon> -> <http://blulab.chpc.utah.edu/ontologies/v2/ConText.owl#Modifier> -> <http://blulab.chpc.utah.edu/ontologies/v2/ConText.owl#SemanticModifier> -> <http://blulab.chpc.utah.edu/ontologies/v2/ConText.owl#BodySite> -> <http://blulab.chpc.utah.edu/ontologies/schema/endo/colonoscopyQuality.owl#Colon_structure> -> <http://blulab.chpc.utah.edu/ontologies/schema/endo/colonoscopyQuality.owl#Left_colon> -> <http://blulab.chpc.utah.edu/ontologies/schema/endo/colonoscopyQuality.owl#Descending_colon> -> <http://blulab.chpc.utah.edu/ontologies/schema/endo/colonoscopyQuality.owl#Entire_descending_colon>, <http://blulab.chpc.utah.edu/ontologies/v2/ConText.owl#Lexicon> -> <http://blulab.chpc.utah.edu/ontologies/v2/ConText.owl#Modifier> -> <http://blulab.chpc.utah.edu/ontologies/v2/ConText.owl#SemanticModifier> -> <http://blulab.chpc.utah.edu/ontologies/v2/ConText.owl#BodySite> -> <http://blulab.chpc.utah.edu/ontologies/schema/endo/colonoscopyQuality.owl#Colon_structure> -> <http://blulab.chpc.utah.edu/ontologies/schema/endo/colonoscopyQuality.owl#Region_of_colon> -> <http://blulab.chpc.utah.edu/ontologies/schema/endo/colonoscopyQuality.owl#Descending_colon> -> <http://blulab.chpc.utah.edu/ontologies/schema/endo/colonoscopyQuality.owl#Entire_descending_colon>]]

	Modifier: Left_colic_flexure, uri=http://blulab.chpc.utah.edu/ontologies/schema/endo/colonoscopyQuality.owl#Left_colic_flexure, type= Semantic, classPath= [<http://blulab.chpc.utah.edu/ontologies/v2/ConText.owl#Lexicon> -> <http://blulab.chpc.utah.edu/ontologies/v2/ConText.owl#Modifier> -> <http://blulab.chpc.utah.edu/ontologies/v2/ConText.owl#SemanticModifier> -> <http://blulab.chpc.utah.edu/ontologies/v2/ConText.owl#BodySite> -> <http://blulab.chpc.utah.edu/ontologies/schema/endo/colonoscopyQuality.owl#Colon_structure> -> <http://blulab.chpc.utah.edu/ontologies/schema/endo/colonoscopyQuality.owl#Descending_colon> -> <http://blulab.chpc.utah.edu/ontologies/schema/endo/colonoscopyQuality.owl#Left_colic_flexure>, <http://blulab.chpc.utah.edu/ontologies/v2/ConText.owl#Lexicon> -> <http://blulab.chpc.utah.edu/ontologies/v2/ConText.owl#Modifier> -> <http://blulab.chpc.utah.edu/ontologies/v2/ConText.owl#SemanticModifier> -> <http://blulab.chpc.utah.edu/ontologies/v2/ConText.owl#BodySite> -> <http://blulab.chpc.utah.edu/ontologies/schema/endo/colonoscopyQuality.owl#Colon_structure> -> <http://blulab.chpc.utah.edu/ontologies/schema/endo/colonoscopyQuality.owl#Descending_colon> -> <http://blulab.chpc.utah.edu/ontologies/schema/endo/colonoscopyQuality.owl#Entire_descending_colon> -> <http://blulab.chpc.utah.edu/ontologies/schema/endo/colonoscopyQuality.owl#Left_colic_flexure>, <http://blulab.chpc.utah.edu/ontologies/v2/ConText.owl#Lexicon> -> <http://blulab.chpc.utah.edu/ontologies/v2/ConText.owl#Modifier> -> <http://blulab.chpc.utah.edu/ontologies/v2/ConText.owl#SemanticModifier> -> <http://blulab.chpc.utah.edu/ontologies/v2/ConText.owl#BodySite> -> <http://blulab.chpc.utah.edu/ontologies/schema/endo/colonoscopyQuality.owl#Colon_structure> -> <http://blulab.chpc.utah.edu/ontologies/schema/endo/colonoscopyQuality.owl#Left_colon> -> <http://blulab.chpc.utah.edu/ontologies/schema/endo/colonoscopyQuality.owl#Entire_left_colon> -> <http://blulab.chpc.utah.edu/ontologies/schema/endo/colonoscopyQuality.owl#Descending_colon> -> <http://blulab.chpc.utah.edu/ontologies/schema/endo/colonoscopyQuality.owl#Entire_descending_colon> -> <http://blulab.chpc.utah.edu/ontologies/schema/endo/colonoscopyQuality.owl#Left_colic_flexure>, <http://blulab.chpc.utah.edu/ontologies/v2/ConText.owl#Lexicon> -> <http://blulab.chpc.utah.edu/ontologies/v2/ConText.owl#Modifier> -> <http://blulab.chpc.utah.edu/ontologies/v2/ConText.owl#SemanticModifier> -> <http://blulab.chpc.utah.edu/ontologies/v2/ConText.owl#BodySite> -> <http://blulab.chpc.utah.edu/ontologies/schema/endo/colonoscopyQuality.owl#Colon_structure> -> <http://blulab.chpc.utah.edu/ontologies/schema/endo/colonoscopyQuality.owl#Entire_colon> -> <http://blulab.chpc.utah.edu/ontologies/schema/endo/colonoscopyQuality.owl#Left_colon> -> <http://blulab.chpc.utah.edu/ontologies/schema/endo/colonoscopyQuality.owl#Entire_left_colon> -> <http://blulab.chpc.utah.edu/ontologies/schema/endo/colonoscopyQuality.owl#Descending_colon> -> <http://blulab.chpc.utah.edu/ontologies/schema/endo/colonoscopyQuality.owl#Entire_descending_colon> -> <http://blulab.chpc.utah.edu/ontologies/schema/endo/colonoscopyQuality.owl#Left_colic_flexure>, <http://blulab.chpc.utah.edu/ontologies/v2/ConText.owl#Lexicon> -> <http://blulab.chpc.utah.edu/ontologies/v2/ConText.owl#Modifier> -> <http://blulab.chpc.utah.edu/ontologies/v2/ConText.owl#SemanticModifier> -> <http://blulab.chpc.utah.edu/ontologies/v2/ConText.owl#BodySite> -> <http://blulab.chpc.utah.edu/ontologies/schema/endo/colonoscopyQuality.owl#Colon_structure> -> <http://blulab.chpc.utah.edu/ontologies/schema/endo/colonoscopyQuality.owl#Entire_colon> -> <http://blulab.chpc.utah.edu/ontologies/schema/endo/colonoscopyQuality.owl#Left_colon> -> <http://blulab.chpc.utah.edu/ontologies/schema/endo/colonoscopyQuality.owl#Descending_colon> -> <http://blulab.chpc.utah.edu/ontologies/schema/endo/colonoscopyQuality.owl#Entire_descending_colon> -> <http://blulab.chpc.utah.edu/ontologies/schema/endo/colonoscopyQuality.owl#Left_colic_flexure>, <http://blulab.chpc.utah.edu/ontologies/v2/ConText.owl#Lexicon> -> <http://blulab.chpc.utah.edu/ontologies/v2/ConText.owl#Modifier> -> <http://blulab.chpc.utah.edu/ontologies/v2/ConText.owl#SemanticModifier> -> <http://blulab.chpc.utah.edu/ontologies/v2/ConText.owl#BodySite> -> <http://blulab.chpc.utah.edu/ontologies/schema/endo/colonoscopyQuality.owl#Colon_structure> -> <http://blulab.chpc.utah.edu/ontologies/schema/endo/colonoscopyQuality.owl#Left_colon> -> <http://blulab.chpc.utah.edu/ontologies/schema/endo/colonoscopyQuality.owl#Descending_colon> -> <http://blulab.chpc.utah.edu/ontologies/schema/endo/colonoscopyQuality.owl#Entire_descending_colon> -> <http://blulab.chpc.utah.edu/ontologies/schema/endo/colonoscopyQuality.owl#Left_colic_flexure>, <http://blulab.chpc.utah.edu/ontologies/v2/ConText.owl#Lexicon> -> <http://blulab.chpc.utah.edu/ontologies/v2/ConText.owl#Modifier> -> <http://blulab.chpc.utah.edu/ontologies/v2/ConText.owl#SemanticModifier> -> <http://blulab.chpc.utah.edu/ontologies/v2/ConText.owl#BodySite> -> <http://blulab.chpc.utah.edu/ontologies/schema/endo/colonoscopyQuality.owl#Colon_structure> -> <http://blulab.chpc.utah.edu/ontologies/schema/endo/colonoscopyQuality.owl#Region_of_colon> -> <http://blulab.chpc.utah.edu/ontologies/schema/endo/colonoscopyQuality.owl#Descending_colon> -> <http://blulab.chpc.utah.edu/ontologies/schema/endo/colonoscopyQuality.owl#Entire_descending_colon> -> <http://blulab.chpc.utah.edu/ontologies/schema/endo/colonoscopyQuality.owl#Left_colic_flexure>, <http://blulab.chpc.utah.edu/ontologies/v2/ConText.owl#Lexicon> -> <http://blulab.chpc.utah.edu/ontologies/v2/ConText.owl#Modifier> -> <http://blulab.chpc.utah.edu/ontologies/v2/ConText.owl#SemanticModifier> -> <http://blulab.chpc.utah.edu/ontologies/v2/ConText.owl#BodySite> -> <http://blulab.chpc.utah.edu/ontologies/schema/endo/colonoscopyQuality.owl#Colon_structure> -> <http://blulab.chpc.utah.edu/ontologies/schema/endo/colonoscopyQuality.owl#Region_of_colon> -> <http://blulab.chpc.utah.edu/ontologies/schema/endo/colonoscopyQuality.owl#Structure_of_colic_flexure> -> <http://blulab.chpc.utah.edu/ontologies/schema/endo/colonoscopyQuality.owl#Left_colic_flexure>, <http://blulab.chpc.utah.edu/ontologies/v2/ConText.owl#Lexicon> -> <http://blulab.chpc.utah.edu/ontologies/v2/ConText.owl#Modifier> -> <http://blulab.chpc.utah.edu/ontologies/v2/ConText.owl#SemanticModifier> -> <http://blulab.chpc.utah.edu/ontologies/v2/ConText.owl#BodySite> -> <http://blulab.chpc.utah.edu/ontologies/schema/endo/colonoscopyQuality.owl#Colon_structure> -> <http://blulab.chpc.utah.edu/ontologies/schema/endo/colonoscopyQuality.owl#Entire_colon> -> <http://blulab.chpc.utah.edu/ontologies/schema/endo/colonoscopyQuality.owl#Structure_of_colic_flexure> -> <http://blulab.chpc.utah.edu/ontologies/schema/endo/colonoscopyQuality.owl#Left_colic_flexure>, <http://blulab.chpc.utah.edu/ontologies/v2/ConText.owl#Lexicon> -> <http://blulab.chpc.utah.edu/ontologies/v2/ConText.owl#Modifier> -> <http://blulab.chpc.utah.edu/ontologies/v2/ConText.owl#SemanticModifier> -> <http://blulab.chpc.utah.edu/ontologies/v2/ConText.owl#BodySite> -> <http://blulab.chpc.utah.edu/ontologies/schema/endo/colonoscopyQuality.owl#Colon_structure> -> <http://blulab.chpc.utah.edu/ontologies/schema/endo/colonoscopyQuality.owl#Entire_colon> -> <http://blulab.chpc.utah.edu/ontologies/schema/endo/colonoscopyQuality.owl#Transverse_colon> -> <http://blulab.chpc.utah.edu/ontologies/schema/endo/colonoscopyQuality.owl#Left_colic_flexure>, <http://blulab.chpc.utah.edu/ontologies/v2/ConText.owl#Lexicon> -> <http://blulab.chpc.utah.edu/ontologies/v2/ConText.owl#Modifier> -> <http://blulab.chpc.utah.edu/ontologies/v2/ConText.owl#SemanticModifier> -> <http://blulab.chpc.utah.edu/ontologies/v2/ConText.owl#BodySite> -> <http://blulab.chpc.utah.edu/ontologies/schema/endo/colonoscopyQuality.owl#Colon_structure> -> <http://blulab.chpc.utah.edu/ontologies/schema/endo/colonoscopyQuality.owl#Region_of_colon> -> <http://blulab.chpc.utah.edu/ontologies/schema/endo/colonoscopyQuality.owl#Transverse_colon> -> <http://blulab.chpc.utah.edu/ontologies/schema/endo/colonoscopyQuality.owl#Left_colic_flexure>, <http://blulab.chpc.utah.edu/ontologies/v2/ConText.owl#Lexicon> -> <http://blulab.chpc.utah.edu/ontologies/v2/ConText.owl#Modifier> -> <http://blulab.chpc.utah.edu/ontologies/v2/ConText.owl#SemanticModifier> -> <http://blulab.chpc.utah.edu/ontologies/v2/ConText.owl#BodySite> -> <http://blulab.chpc.utah.edu/ontologies/schema/endo/colonoscopyQuality.owl#Colon_structure> -> <http://blulab.chpc.utah.edu/ontologies/schema/endo/colonoscopyQuality.owl#Transverse_colon> -> <http://blulab.chpc.utah.edu/ontologies/schema/endo/colonoscopyQuality.owl#Left_colic_flexure>, <http://blulab.chpc.utah.edu/ontologies/v2/ConText.owl#Lexicon> -> <http://blulab.chpc.utah.edu/ontologies/v2/ConText.owl#Modifier> -> <http://blulab.chpc.utah.edu/ontologies/v2/ConText.owl#SemanticModifier> -> <http://blulab.chpc.utah.edu/ontologies/v2/ConText.owl#BodySite> -> <http://blulab.chpc.utah.edu/ontologies/schema/endo/colonoscopyQuality.owl#Colon_structure> -> <http://blulab.chpc.utah.edu/ontologies/schema/endo/colonoscopyQuality.owl#Left_colon> -> <http://blulab.chpc.utah.edu/ontologies/schema/endo/colonoscopyQuality.owl#Entire_left_colon> -> <http://blulab.chpc.utah.edu/ontologies/schema/endo/colonoscopyQuality.owl#Descending_colon> -> <http://blulab.chpc.utah.edu/ontologies/schema/endo/colonoscopyQuality.owl#Left_colic_flexure>, <http://blulab.chpc.utah.edu/ontologies/v2/ConText.owl#Lexicon> -> <http://blulab.chpc.utah.edu/ontologies/v2/ConText.owl#Modifier> -> <http://blulab.chpc.utah.edu/ontologies/v2/ConText.owl#SemanticModifier> -> <http://blulab.chpc.utah.edu/ontologies/v2/ConText.owl#BodySite> -> <http://blulab.chpc.utah.edu/ontologies/schema/endo/colonoscopyQuality.owl#Colon_structure> -> <http://blulab.chpc.utah.edu/ontologies/schema/endo/colonoscopyQuality.owl#Entire_colon> -> <http://blulab.chpc.utah.edu/ontologies/schema/endo/colonoscopyQuality.owl#Left_colon> -> <http://blulab.chpc.utah.edu/ontologies/schema/endo/colonoscopyQuality.owl#Entire_left_colon> -> <http://blulab.chpc.utah.edu/ontologies/schema/endo/colonoscopyQuality.owl#Descending_colon> -> <http://blulab.chpc.utah.edu/ontologies/schema/endo/colonoscopyQuality.owl#Left_colic_flexure>, <http://blulab.chpc.utah.edu/ontologies/v2/ConText.owl#Lexicon> -> <http://blulab.chpc.utah.edu/ontologies/v2/ConText.owl#Modifier> -> <http://blulab.chpc.utah.edu/ontologies/v2/ConText.owl#SemanticModifier> -> <http://blulab.chpc.utah.edu/ontologies/v2/ConText.owl#BodySite> -> <http://blulab.chpc.utah.edu/ontologies/schema/endo/colonoscopyQuality.owl#Colon_structure> -> <http://blulab.chpc.utah.edu/ontologies/schema/endo/colonoscopyQuality.owl#Entire_colon> -> <http://blulab.chpc.utah.edu/ontologies/schema/endo/colonoscopyQuality.owl#Left_colon> -> <http://blulab.chpc.utah.edu/ontologies/schema/endo/colonoscopyQuality.owl#Descending_colon> -> <http://blulab.chpc.utah.edu/ontologies/schema/endo/colonoscopyQuality.owl#Left_colic_flexure>, <http://blulab.chpc.utah.edu/ontologies/v2/ConText.owl#Lexicon> -> <http://blulab.chpc.utah.edu/ontologies/v2/ConText.owl#Modifier> -> <http://blulab.chpc.utah.edu/ontologies/v2/ConText.owl#SemanticModifier> -> <http://blulab.chpc.utah.edu/ontologies/v2/ConText.owl#BodySite> -> <http://blulab.chpc.utah.edu/ontologies/schema/endo/colonoscopyQuality.owl#Colon_structure> -> <http://blulab.chpc.utah.edu/ontologies/schema/endo/colonoscopyQuality.owl#Left_colon> -> <http://blulab.chpc.utah.edu/ontologies/schema/endo/colonoscopyQuality.owl#Descending_colon> -> <http://blulab.chpc.utah.edu/ontologies/schema/endo/colonoscopyQuality.owl#Left_colic_flexure>, <http://blulab.chpc.utah.edu/ontologies/v2/ConText.owl#Lexicon> -> <http://blulab.chpc.utah.edu/ontologies/v2/ConText.owl#Modifier> -> <http://blulab.chpc.utah.edu/ontologies/v2/ConText.owl#SemanticModifier> -> <http://blulab.chpc.utah.edu/ontologies/v2/ConText.owl#BodySite> -> <http://blulab.chpc.utah.edu/ontologies/schema/endo/colonoscopyQuality.owl#Colon_structure> -> <http://blulab.chpc.utah.edu/ontologies/schema/endo/colonoscopyQuality.owl#Region_of_colon> -> <http://blulab.chpc.utah.edu/ontologies/schema/endo/colonoscopyQuality.owl#Descending_colon> -> <http://blulab.chpc.utah.edu/ontologies/schema/endo/colonoscopyQuality.owl#Left_colic_flexure>]]

	Modifier: Entire_left_colic_flexure, uri=http://blulab.chpc.utah.edu/ontologies/schema/endo/colonoscopyQuality.owl#Entire_left_colic_flexure, type= Semantic, classPath= [<http://blulab.chpc.utah.edu/ontologies/v2/ConText.owl#Lexicon> -> <http://blulab.chpc.utah.edu/ontologies/v2/ConText.owl#Modifier> -> <http://blulab.chpc.utah.edu/ontologies/v2/ConText.owl#SemanticModifier> -> <http://blulab.chpc.utah.edu/ontologies/v2/ConText.owl#BodySite> -> <http://blulab.chpc.utah.edu/ontologies/schema/endo/colonoscopyQuality.owl#Colon_structure> -> <http://blulab.chpc.utah.edu/ontologies/schema/endo/colonoscopyQuality.owl#Entire_colon> -> <http://blulab.chpc.utah.edu/ontologies/schema/endo/colonoscopyQuality.owl#Structure_of_colic_flexure> -> <http://blulab.chpc.utah.edu/ontologies/schema/endo/colonoscopyQuality.owl#Entire_colic_flexure> -> <http://blulab.chpc.utah.edu/ontologies/schema/endo/colonoscopyQuality.owl#Entire_left_colic_flexure>, <http://blulab.chpc.utah.edu/ontologies/v2/ConText.owl#Lexicon> -> <http://blulab.chpc.utah.edu/ontologies/v2/ConText.owl#Modifier> -> <http://blulab.chpc.utah.edu/ontologies/v2/ConText.owl#SemanticModifier> -> <http://blulab.chpc.utah.edu/ontologies/v2/ConText.owl#BodySite> -> <http://blulab.chpc.utah.edu/ontologies/schema/endo/colonoscopyQuality.owl#Colon_structure> -> <http://blulab.chpc.utah.edu/ontologies/schema/endo/colonoscopyQuality.owl#Descending_colon> -> <http://blulab.chpc.utah.edu/ontologies/schema/endo/colonoscopyQuality.owl#Left_colic_flexure> -> <http://blulab.chpc.utah.edu/ontologies/schema/endo/colonoscopyQuality.owl#Entire_transverse_colon> -> <http://blulab.chpc.utah.edu/ontologies/schema/endo/colonoscopyQuality.owl#Entire_left_colic_flexure>, <http://blulab.chpc.utah.edu/ontologies/v2/ConText.owl#Lexicon> -> <http://blulab.chpc.utah.edu/ontologies/v2/ConText.owl#Modifier> -> <http://blulab.chpc.utah.edu/ontologies/v2/ConText.owl#SemanticModifier> -> <http://blulab.chpc.utah.edu/ontologies/v2/ConText.owl#BodySite> -> <http://blulab.chpc.utah.edu/ontologies/schema/endo/colonoscopyQuality.owl#Colon_structure> -> <http://blulab.chpc.utah.edu/ontologies/schema/endo/colonoscopyQuality.owl#Descending_colon> -> <http://blulab.chpc.utah.edu/ontologies/schema/endo/colonoscopyQuality.owl#Entire_descending_colon> -> <http://blulab.chpc.utah.edu/ontologies/schema/endo/colonoscopyQuality.owl#Left_colic_flexure> -> <http://blulab.chpc.utah.edu/ontologies/schema/endo/colonoscopyQuality.owl#Entire_transverse_colon> -> <http://blulab.chpc.utah.edu/ontologies/schema/endo/colonoscopyQuality.owl#Entire_left_colic_flexure>, <http://blulab.chpc.utah.edu/ontologies/v2/ConText.owl#Lexicon> -> <http://blulab.chpc.utah.edu/ontologies/v2/ConText.owl#Modifier> -> <http://blulab.chpc.utah.edu/ontologies/v2/ConText.owl#SemanticModifier> -> <http://blulab.chpc.utah.edu/ontologies/v2/ConText.owl#BodySite> -> <http://blulab.chpc.utah.edu/ontologies/schema/endo/colonoscopyQuality.owl#Colon_structure> -> <http://blulab.chpc.utah.edu/ontologies/schema/endo/colonoscopyQuality.owl#Left_colon> -> <http://blulab.chpc.utah.edu/ontologies/schema/endo/colonoscopyQuality.owl#Entire_left_colon> -> <http://blulab.chpc.utah.edu/ontologies/schema/endo/colonoscopyQuality.owl#Descending_colon> -> <http://blulab.chpc.utah.edu/ontologies/schema/endo/colonoscopyQuality.owl#Entire_descending_colon> -> <http://blulab.chpc.utah.edu/ontologies/schema/endo/colonoscopyQuality.owl#Left_colic_flexure> -> <http://blulab.chpc.utah.edu/ontologies/schema/endo/colonoscopyQuality.owl#Entire_transverse_colon> -> <http://blulab.chpc.utah.edu/ontologies/schema/endo/colonoscopyQuality.owl#Entire_left_colic_flexure>, <http://blulab.chpc.utah.edu/ontologies/v2/ConText.owl#Lexicon> -> <http://blulab.chpc.utah.edu/ontologies/v2/ConText.owl#Modifier> -> <http://blulab.chpc.utah.edu/ontologies/v2/ConText.owl#SemanticModifier> -> <http://blulab.chpc.utah.edu/ontologies/v2/ConText.owl#BodySite> -> <http://blulab.chpc.utah.edu/ontologies/schema/endo/colonoscopyQuality.owl#Colon_structure> -> <http://blulab.chpc.utah.edu/ontologies/schema/endo/colonoscopyQuality.owl#Entire_colon> -> <http://blulab.chpc.utah.edu/ontologies/schema/endo/colonoscopyQuality.owl#Left_colon> -> <http://blulab.chpc.utah.edu/ontologies/schema/endo/colonoscopyQuality.owl#Entire_left_colon> -> <http://blulab.chpc.utah.edu/ontologies/schema/endo/colonoscopyQuality.owl#Descending_colon> -> <http://blulab.chpc.utah.edu/ontologies/schema/endo/colonoscopyQuality.owl#Entire_descending_colon> -> <http://blulab.chpc.utah.edu/ontologies/schema/endo/colonoscopyQuality.owl#Left_colic_flexure> -> <http://blulab.chpc.utah.edu/ontologies/schema/endo/colonoscopyQuality.owl#Entire_transverse_colon> -> <http://blulab.chpc.utah.edu/ontologies/schema/endo/colonoscopyQuality.owl#Entire_left_colic_flexure>, <http://blulab.chpc.utah.edu/ontologies/v2/ConText.owl#Lexicon> -> <http://blulab.chpc.utah.edu/ontologies/v2/ConText.owl#Modifier> -> <http://blulab.chpc.utah.edu/ontologies/v2/ConText.owl#SemanticModifier> -> <http://blulab.chpc.utah.edu/ontologies/v2/ConText.owl#BodySite> -> <http://blulab.chpc.utah.edu/ontologies/schema/endo/colonoscopyQuality.owl#Colon_structure> -> <http://blulab.chpc.utah.edu/ontologies/schema/endo/colonoscopyQuality.owl#Entire_colon> -> <http://blulab.chpc.utah.edu/ontologies/schema/endo/colonoscopyQuality.owl#Left_colon> -> <http://blulab.chpc.utah.edu/ontologies/schema/endo/colonoscopyQuality.owl#Descending_colon> -> <http://blulab.chpc.utah.edu/ontologies/schema/endo/colonoscopyQuality.owl#Entire_descending_colon> -> <http://blulab.chpc.utah.edu/ontologies/schema/endo/colonoscopyQuality.owl#Left_colic_flexure> -> <http://blulab.chpc.utah.edu/ontologies/schema/endo/colonoscopyQuality.owl#Entire_transverse_colon> -> <http://blulab.chpc.utah.edu/ontologies/schema/endo/colonoscopyQuality.owl#Entire_left_colic_flexure>, <http://blulab.chpc.utah.edu/ontologies/v2/ConText.owl#Lexicon> -> <http://blulab.chpc.utah.edu/ontologies/v2/ConText.owl#Modifier> -> <http://blulab.chpc.utah.edu/ontologies/v2/ConText.owl#SemanticModifier> -> <http://blulab.chpc.utah.edu/ontologies/v2/ConText.owl#BodySite> -> <http://blulab.chpc.utah.edu/ontologies/schema/endo/colonoscopyQuality.owl#Colon_structure> -> <http://blulab.chpc.utah.edu/ontologies/schema/endo/colonoscopyQuality.owl#Left_colon> -> <http://blulab.chpc.utah.edu/ontologies/schema/endo/colonoscopyQuality.owl#Descending_colon> -> <http://blulab.chpc.utah.edu/ontologies/schema/endo/colonoscopyQuality.owl#Entire_descending_colon> -> <http://blulab.chpc.utah.edu/ontologies/schema/endo/colonoscopyQuality.owl#Left_colic_flexure> -> <http://blulab.chpc.utah.edu/ontologies/schema/endo/colonoscopyQuality.owl#Entire_transverse_colon> -> <http://blulab.chpc.utah.edu/ontologies/schema/endo/colonoscopyQuality.owl#Entire_left_colic_flexure>, <http://blulab.chpc.utah.edu/ontologies/v2/ConText.owl#Lexicon> -> <http://blulab.chpc.utah.edu/ontologies/v2/ConText.owl#Modifier> -> <http://blulab.chpc.utah.edu/ontologies/v2/ConText.owl#SemanticModifier> -> <http://blulab.chpc.utah.edu/ontologies/v2/ConText.owl#BodySite> -> <http://blulab.chpc.utah.edu/ontologies/schema/endo/colonoscopyQuality.owl#Colon_structure> -> <http://blulab.chpc.utah.edu/ontologies/schema/endo/colonoscopyQuality.owl#Region_of_colon> -> <http://blulab.chpc.utah.edu/ontologies/schema/endo/colonoscopyQuality.owl#Descending_colon> -> <http://blulab.chpc.utah.edu/ontologies/schema/endo/colonoscopyQuality.owl#Entire_descending_colon> -> <http://blulab.chpc.utah.edu/ontologies/schema/endo/colonoscopyQuality.owl#Left_colic_flexure> -> <http://blulab.chpc.utah.edu/ontologies/schema/endo/colonoscopyQuality.owl#Entire_transverse_colon> -> <http://blulab.chpc.utah.edu/ontologies/schema/endo/colonoscopyQuality.owl#Entire_left_colic_flexure>, <http://blulab.chpc.utah.edu/ontologies/v2/ConText.owl#Lexicon> -> <http://blulab.chpc.utah.edu/ontologies/v2/ConText.owl#Modifier> -> <http://blulab.chpc.utah.edu/ontologies/v2/ConText.owl#SemanticModifier> -> <http://blulab.chpc.utah.edu/ontologies/v2/ConText.owl#BodySite> -> <http://blulab.chpc.utah.edu/ontologies/schema/endo/colonoscopyQuality.owl#Colon_structure> -> <http://blulab.chpc.utah.edu/ontologies/schema/endo/colonoscopyQuality.owl#Region_of_colon> -> <http://blulab.chpc.utah.edu/ontologies/schema/endo/colonoscopyQuality.owl#Structure_of_colic_flexure> -> <http://blulab.chpc.utah.edu/ontologies/schema/endo/colonoscopyQuality.owl#Left_colic_flexure> -> <http://blulab.chpc.utah.edu/ontologies/schema/endo/colonoscopyQuality.owl#Entire_transverse_colon> -> <http://blulab.chpc.utah.edu/ontologies/schema/endo/colonoscopyQuality.owl#Entire_left_colic_flexure>, <http://blulab.chpc.utah.edu/ontologies/v2/ConText.owl#Lexicon> -> <http://blulab.chpc.utah.edu/ontologies/v2/ConText.owl#Modifier> -> <http://blulab.chpc.utah.edu/ontologies/v2/ConText.owl#SemanticModifier> -> <http://blulab.chpc.utah.edu/ontologies/v2/ConText.owl#BodySite> -> <http://blulab.chpc.utah.edu/ontologies/schema/endo/colonoscopyQuality.owl#Colon_structure> -> <http://blulab.chpc.utah.edu/ontologies/schema/endo/colonoscopyQuality.owl#Entire_colon> -> <http://blulab.chpc.utah.edu/ontologies/schema/endo/colonoscopyQuality.owl#Structure_of_colic_flexure> -> <http://blulab.chpc.utah.edu/ontologies/schema/endo/colonoscopyQuality.owl#Left_colic_flexure> -> <http://blulab.chpc.utah.edu/ontologies/schema/endo/colonoscopyQuality.owl#Entire_transverse_colon> -> <http://blulab.chpc.utah.edu/ontologies/schema/endo/colonoscopyQuality.owl#Entire_left_colic_flexure>, <http://blulab.chpc.utah.edu/ontologies/v2/ConText.owl#Lexicon> -> <http://blulab.chpc.utah.edu/ontologies/v2/ConText.owl#Modifier> -> <http://blulab.chpc.utah.edu/ontologies/v2/ConText.owl#SemanticModifier> -> <http://blulab.chpc.utah.edu/ontologies/v2/ConText.owl#BodySite> -> <http://blulab.chpc.utah.edu/ontologies/schema/endo/colonoscopyQuality.owl#Colon_structure> -> <http://blulab.chpc.utah.edu/ontologies/schema/endo/colonoscopyQuality.owl#Entire_colon> -> <http://blulab.chpc.utah.edu/ontologies/schema/endo/colonoscopyQuality.owl#Transverse_colon> -> <http://blulab.chpc.utah.edu/ontologies/schema/endo/colonoscopyQuality.owl#Left_colic_flexure> -> <http://blulab.chpc.utah.edu/ontologies/schema/endo/colonoscopyQuality.owl#Entire_transverse_colon> -> <http://blulab.chpc.utah.edu/ontologies/schema/endo/colonoscopyQuality.owl#Entire_left_colic_flexure>, <http://blulab.chpc.utah.edu/ontologies/v2/ConText.owl#Lexicon> -> <http://blulab.chpc.utah.edu/ontologies/v2/ConText.owl#Modifier> -> <http://blulab.chpc.utah.edu/ontologies/v2/ConText.owl#SemanticModifier> -> <http://blulab.chpc.utah.edu/ontologies/v2/ConText.owl#BodySite> -> <http://blulab.chpc.utah.edu/ontologies/schema/endo/colonoscopyQuality.owl#Colon_structure> -> <http://blulab.chpc.utah.edu/ontologies/schema/endo/colonoscopyQuality.owl#Region_of_colon> -> <http://blulab.chpc.utah.edu/ontologies/schema/endo/colonoscopyQuality.owl#Transverse_colon> -> <http://blulab.chpc.utah.edu/ontologies/schema/endo/colonoscopyQuality.owl#Left_colic_flexure> -> <http://blulab.chpc.utah.edu/ontologies/schema/endo/colonoscopyQuality.owl#Entire_transverse_colon> -> <http://blulab.chpc.utah.edu/ontologies/schema/endo/colonoscopyQuality.owl#Entire_left_colic_flexure>, <http://blulab.chpc.utah.edu/ontologies/v2/ConText.owl#Lexicon> -> <http://blulab.chpc.utah.edu/ontologies/v2/ConText.owl#Modifier> -> <http://blulab.chpc.utah.edu/ontologies/v2/ConText.owl#SemanticModifier> -> <http://blulab.chpc.utah.edu/ontologies/v2/ConText.owl#BodySite> -> <http://blulab.chpc.utah.edu/ontologies/schema/endo/colonoscopyQuality.owl#Colon_structure> -> <http://blulab.chpc.utah.edu/ontologies/schema/endo/colonoscopyQuality.owl#Transverse_colon> -> <http://blulab.chpc.utah.edu/ontologies/schema/endo/colonoscopyQuality.owl#Left_colic_flexure> -> <http://blulab.chpc.utah.edu/ontologies/schema/endo/colonoscopyQuality.owl#Entire_transverse_colon> -> <http://blulab.chpc.utah.edu/ontologies/schema/endo/colonoscopyQuality.owl#Entire_left_colic_flexure>, <http://blulab.chpc.utah.edu/ontologies/v2/ConText.owl#Lexicon> -> <http://blulab.chpc.utah.edu/ontologies/v2/ConText.owl#Modifier> -> <http://blulab.chpc.utah.edu/ontologies/v2/ConText.owl#SemanticModifier> -> <http://blulab.chpc.utah.edu/ontologies/v2/ConText.owl#BodySite> -> <http://blulab.chpc.utah.edu/ontologies/schema/endo/colonoscopyQuality.owl#Colon_structure> -> <http://blulab.chpc.utah.edu/ontologies/schema/endo/colonoscopyQuality.owl#Left_colon> -> <http://blulab.chpc.utah.edu/ontologies/schema/endo/colonoscopyQuality.owl#Entire_left_colon> -> <http://blulab.chpc.utah.edu/ontologies/schema/endo/colonoscopyQuality.owl#Descending_colon> -> <http://blulab.chpc.utah.edu/ontologies/schema/endo/colonoscopyQuality.owl#Left_colic_flexure> -> <http://blulab.chpc.utah.edu/ontologies/schema/endo/colonoscopyQuality.owl#Entire_transverse_colon> -> <http://blulab.chpc.utah.edu/ontologies/schema/endo/colonoscopyQuality.owl#Entire_left_colic_flexure>, <http://blulab.chpc.utah.edu/ontologies/v2/ConText.owl#Lexicon> -> <http://blulab.chpc.utah.edu/ontologies/v2/ConText.owl#Modifier> -> <http://blulab.chpc.utah.edu/ontologies/v2/ConText.owl#SemanticModifier> -> <http://blulab.chpc.utah.edu/ontologies/v2/ConText.owl#BodySite> -> <http://blulab.chpc.utah.edu/ontologies/schema/endo/colonoscopyQuality.owl#Colon_structure> -> <http://blulab.chpc.utah.edu/ontologies/schema/endo/colonoscopyQuality.owl#Entire_colon> -> <http://blulab.chpc.utah.edu/ontologies/schema/endo/colonoscopyQuality.owl#Left_colon> -> <http://blulab.chpc.utah.edu/ontologies/schema/endo/colonoscopyQuality.owl#Entire_left_colon> -> <http://blulab.chpc.utah.edu/ontologies/schema/endo/colonoscopyQuality.owl#Descending_colon> -> <http://blulab.chpc.utah.edu/ontologies/schema/endo/colonoscopyQuality.owl#Left_colic_flexure> -> <http://blulab.chpc.utah.edu/ontologies/schema/endo/colonoscopyQuality.owl#Entire_transverse_colon> -> <http://blulab.chpc.utah.edu/ontologies/schema/endo/colonoscopyQuality.owl#Entire_left_colic_flexure>, <http://blulab.chpc.utah.edu/ontologies/v2/ConText.owl#Lexicon> -> <http://blulab.chpc.utah.edu/ontologies/v2/ConText.owl#Modifier> -> <http://blulab.chpc.utah.edu/ontologies/v2/ConText.owl#SemanticModifier> -> <http://blulab.chpc.utah.edu/ontologies/v2/ConText.owl#BodySite> -> <http://blulab.chpc.utah.edu/ontologies/schema/endo/colonoscopyQuality.owl#Colon_structure> -> <http://blulab.chpc.utah.edu/ontologies/schema/endo/colonoscopyQuality.owl#Entire_colon> -> <http://blulab.chpc.utah.edu/ontologies/schema/endo/colonoscopyQuality.owl#Left_colon> -> <http://blulab.chpc.utah.edu/ontologies/schema/endo/colonoscopyQuality.owl#Descending_colon> -> <http://blulab.chpc.utah.edu/ontologies/schema/endo/colonoscopyQuality.owl#Left_colic_flexure> -> <http://blulab.chpc.utah.edu/ontologies/schema/endo/colonoscopyQuality.owl#Entire_transverse_colon> -> <http://blulab.chpc.utah.edu/ontologies/schema/endo/colonoscopyQuality.owl#Entire_left_colic_flexure>, <http://blulab.chpc.utah.edu/ontologies/v2/ConText.owl#Lexicon> -> <http://blulab.chpc.utah.edu/ontologies/v2/ConText.owl#Modifier> -> <http://blulab.chpc.utah.edu/ontologies/v2/ConText.owl#SemanticModifier> -> <http://blulab.chpc.utah.edu/ontologies/v2/ConText.owl#BodySite> -> <http://blulab.chpc.utah.edu/ontologies/schema/endo/colonoscopyQuality.owl#Colon_structure> -> <http://blulab.chpc.utah.edu/ontologies/schema/endo/colonoscopyQuality.owl#Left_colon> -> <http://blulab.chpc.utah.edu/ontologies/schema/endo/colonoscopyQuality.owl#Descending_colon> -> <http://blulab.chpc.utah.edu/ontologies/schema/endo/colonoscopyQuality.owl#Left_colic_flexure> -> <http://blulab.chpc.utah.edu/ontologies/schema/endo/colonoscopyQuality.owl#Entire_transverse_colon> -> <http://blulab.chpc.utah.edu/ontologies/schema/endo/colonoscopyQuality.owl#Entire_left_colic_flexure>, <http://blulab.chpc.utah.edu/ontologies/v2/ConText.owl#Lexicon> -> <http://blulab.chpc.utah.edu/ontologies/v2/ConText.owl#Modifier> -> <http://blulab.chpc.utah.edu/ontologies/v2/ConText.owl#SemanticModifier> -> <http://blulab.chpc.utah.edu/ontologies/v2/ConText.owl#BodySite> -> <http://blulab.chpc.utah.edu/ontologies/schema/endo/colonoscopyQuality.owl#Colon_structure> -> <http://blulab.chpc.utah.edu/ontologies/schema/endo/colonoscopyQuality.owl#Region_of_colon> -> <http://blulab.chpc.utah.edu/ontologies/schema/endo/colonoscopyQuality.owl#Descending_colon> -> <http://blulab.chpc.utah.edu/ontologies/schema/endo/colonoscopyQuality.owl#Left_colic_flexure> -> <http://blulab.chpc.utah.edu/ontologies/schema/endo/colonoscopyQuality.owl#Entire_transverse_colon> -> <http://blulab.chpc.utah.edu/ontologies/schema/endo/colonoscopyQuality.owl#Entire_left_colic_flexure>, <http://blulab.chpc.utah.edu/ontologies/v2/ConText.owl#Lexicon> -> <http://blulab.chpc.utah.edu/ontologies/v2/ConText.owl#Modifier> -> <http://blulab.chpc.utah.edu/ontologies/v2/ConText.owl#SemanticModifier> -> <http://blulab.chpc.utah.edu/ontologies/v2/ConText.owl#BodySite> -> <http://blulab.chpc.utah.edu/ontologies/schema/endo/colonoscopyQuality.owl#Colon_structure> -> <http://blulab.chpc.utah.edu/ontologies/schema/endo/colonoscopyQuality.owl#Descending_colon> -> <http://blulab.chpc.utah.edu/ontologies/schema/endo/colonoscopyQuality.owl#Entire_descending_colon> -> <http://blulab.chpc.utah.edu/ontologies/schema/endo/colonoscopyQuality.owl#Left_colic_flexure> -> <http://blulab.chpc.utah.edu/ontologies/schema/endo/colonoscopyQuality.owl#Entire_left_colic_flexure>, <http://blulab.chpc.utah.edu/ontologies/v2/ConText.owl#Lexicon> -> <http://blulab.chpc.utah.edu/ontologies/v2/ConText.owl#Modifier> -> <http://blulab.chpc.utah.edu/ontologies/v2/ConText.owl#SemanticModifier> -> <http://blulab.chpc.utah.edu/ontologies/v2/ConText.owl#BodySite> -> <http://blulab.chpc.utah.edu/ontologies/schema/endo/colonoscopyQuality.owl#Colon_structure> -> <http://blulab.chpc.utah.edu/ontologies/schema/endo/colonoscopyQuality.owl#Left_colon> -> <http://blulab.chpc.utah.edu/ontologies/schema/endo/colonoscopyQuality.owl#Entire_left_colon> -> <http://blulab.chpc.utah.edu/ontologies/schema/endo/colonoscopyQuality.owl#Descending_colon> -> <http://blulab.chpc.utah.edu/ontologies/schema/endo/colonoscopyQuality.owl#Entire_descending_colon> -> <http://blulab.chpc.utah.edu/ontologies/schema/endo/colonoscopyQuality.owl#Left_colic_flexure> -> <http://blulab.chpc.utah.edu/ontologies/schema/endo/colonoscopyQuality.owl#Entire_left_colic_flexure>, <http://blulab.chpc.utah.edu/ontologies/v2/ConText.owl#Lexicon> -> <http://blulab.chpc.utah.edu/ontologies/v2/ConText.owl#Modifier> -> <http://blulab.chpc.utah.edu/ontologies/v2/ConText.owl#SemanticModifier> -> <http://blulab.chpc.utah.edu/ontologies/v2/ConText.owl#BodySite> -> <http://blulab.chpc.utah.edu/ontologies/schema/endo/colonoscopyQuality.owl#Colon_structure> -> <http://blulab.chpc.utah.edu/ontologies/schema/endo/colonoscopyQuality.owl#Entire_colon> -> <http://blulab.chpc.utah.edu/ontologies/schema/endo/colonoscopyQuality.owl#Left_colon> -> <http://blulab.chpc.utah.edu/ontologies/schema/endo/colonoscopyQuality.owl#Entire_left_colon> -> <http://blulab.chpc.utah.edu/ontologies/schema/endo/colonoscopyQuality.owl#Descending_colon> -> <http://blulab.chpc.utah.edu/ontologies/schema/endo/colonoscopyQuality.owl#Entire_descending_colon> -> <http://blulab.chpc.utah.edu/ontologies/schema/endo/colonoscopyQuality.owl#Left_colic_flexure> -> <http://blulab.chpc.utah.edu/ontologies/schema/endo/colonoscopyQuality.owl#Entire_left_colic_flexure>, <http://blulab.chpc.utah.edu/ontologies/v2/ConText.owl#Lexicon> -> <http://blulab.chpc.utah.edu/ontologies/v2/ConText.owl#Modifier> -> <http://blulab.chpc.utah.edu/ontologies/v2/ConText.owl#SemanticModifier> -> <http://blulab.chpc.utah.edu/ontologies/v2/ConText.owl#BodySite> -> <http://blulab.chpc.utah.edu/ontologies/schema/endo/colonoscopyQuality.owl#Colon_structure> -> <http://blulab.chpc.utah.edu/ontologies/schema/endo/colonoscopyQuality.owl#Entire_colon> -> <http://blulab.chpc.utah.edu/ontologies/schema/endo/colonoscopyQuality.owl#Left_colon> -> <http://blulab.chpc.utah.edu/ontologies/schema/endo/colonoscopyQuality.owl#Descending_colon> -> <http://blulab.chpc.utah.edu/ontologies/schema/endo/colonoscopyQuality.owl#Entire_descending_colon> -> <http://blulab.chpc.utah.edu/ontologies/schema/endo/colonoscopyQuality.owl#Left_colic_flexure> -> <http://blulab.chpc.utah.edu/ontologies/schema/endo/colonoscopyQuality.owl#Entire_left_colic_flexure>, <http://blulab.chpc.utah.edu/ontologies/v2/ConText.owl#Lexicon> -> <http://blulab.chpc.utah.edu/ontologies/v2/ConText.owl#Modifier> -> <http://blulab.chpc.utah.edu/ontologies/v2/ConText.owl#SemanticModifier> -> <http://blulab.chpc.utah.edu/ontologies/v2/ConText.owl#BodySite> -> <http://blulab.chpc.utah.edu/ontologies/schema/endo/colonoscopyQuality.owl#Colon_structure> -> <http://blulab.chpc.utah.edu/ontologies/schema/endo/colonoscopyQuality.owl#Left_colon> -> <http://blulab.chpc.utah.edu/ontologies/schema/endo/colonoscopyQuality.owl#Descending_colon> -> <http://blulab.chpc.utah.edu/ontologies/schema/endo/colonoscopyQuality.owl#Entire_descending_colon> -> <http://blulab.chpc.utah.edu/ontologies/schema/endo/colonoscopyQuality.owl#Left_colic_flexure> -> <http://blulab.chpc.utah.edu/ontologies/schema/endo/colonoscopyQuality.owl#Entire_left_colic_flexure>, <http://blulab.chpc.utah.edu/ontologies/v2/ConText.owl#Lexicon> -> <http://blulab.chpc.utah.edu/ontologies/v2/ConText.owl#Modifier> -> <http://blulab.chpc.utah.edu/ontologies/v2/ConText.owl#SemanticModifier> -> <http://blulab.chpc.utah.edu/ontologies/v2/ConText.owl#BodySite> -> <http://blulab.chpc.utah.edu/ontologies/schema/endo/colonoscopyQuality.owl#Colon_structure> -> <http://blulab.chpc.utah.edu/ontologies/schema/endo/colonoscopyQuality.owl#Region_of_colon> -> <http://blulab.chpc.utah.edu/ontologies/schema/endo/colonoscopyQuality.owl#Descending_colon> -> <http://blulab.chpc.utah.edu/ontologies/schema/endo/colonoscopyQuality.owl#Entire_descending_colon> -> <http://blulab.chpc.utah.edu/ontologies/schema/endo/colonoscopyQuality.owl#Left_colic_flexure> -> <http://blulab.chpc.utah.edu/ontologies/schema/endo/colonoscopyQuality.owl#Entire_left_colic_flexure>, <http://blulab.chpc.utah.edu/ontologies/v2/ConText.owl#Lexicon> -> <http://blulab.chpc.utah.edu/ontologies/v2/ConText.owl#Modifier> -> <http://blulab.chpc.utah.edu/ontologies/v2/ConText.owl#SemanticModifier> -> <http://blulab.chpc.utah.edu/ontologies/v2/ConText.owl#BodySite> -> <http://blulab.chpc.utah.edu/ontologies/schema/endo/colonoscopyQuality.owl#Colon_structure> -> <http://blulab.chpc.utah.edu/ontologies/schema/endo/colonoscopyQuality.owl#Entire_colon> -> <http://blulab.chpc.utah.edu/ontologies/schema/endo/colonoscopyQuality.owl#Structure_of_colic_flexure> -> <http://blulab.chpc.utah.edu/ontologies/schema/endo/colonoscopyQuality.owl#Left_colic_flexure> -> <http://blulab.chpc.utah.edu/ontologies/schema/endo/colonoscopyQuality.owl#Entire_left_colic_flexure>, <http://blulab.chpc.utah.edu/ontologies/v2/ConText.owl#Lexicon> -> <http://blulab.chpc.utah.edu/ontologies/v2/ConText.owl#Modifier> -> <http://blulab.chpc.utah.edu/ontologies/v2/ConText.owl#SemanticModifier> -> <http://blulab.chpc.utah.edu/ontologies/v2/ConText.owl#BodySite> -> <http://blulab.chpc.utah.edu/ontologies/schema/endo/colonoscopyQuality.owl#Colon_structure> -> <http://blulab.chpc.utah.edu/ontologies/schema/endo/colonoscopyQuality.owl#Region_of_colon> -> <http://blulab.chpc.utah.edu/ontologies/schema/endo/colonoscopyQuality.owl#Structure_of_colic_flexure> -> <http://blulab.chpc.utah.edu/ontologies/schema/endo/colonoscopyQuality.owl#Left_colic_flexure> -> <http://blulab.chpc.utah.edu/ontologies/schema/endo/colonoscopyQuality.owl#Entire_left_colic_flexure>, <http://blulab.chpc.utah.edu/ontologies/v2/ConText.owl#Lexicon> -> <http://blulab.chpc.utah.edu/ontologies/v2/ConText.owl#Modifier> -> <http://blulab.chpc.utah.edu/ontologies/v2/ConText.owl#SemanticModifier> -> <http://blulab.chpc.utah.edu/ontologies/v2/ConText.owl#BodySite> -> <http://blulab.chpc.utah.edu/ontologies/schema/endo/colonoscopyQuality.owl#Colon_structure> -> <http://blulab.chpc.utah.edu/ontologies/schema/endo/colonoscopyQuality.owl#Transverse_colon> -> <http://blulab.chpc.utah.edu/ontologies/schema/endo/colonoscopyQuality.owl#Left_colic_flexure> -> <http://blulab.chpc.utah.edu/ontologies/schema/endo/colonoscopyQuality.owl#Entire_left_colic_flexure>, <http://blulab.chpc.utah.edu/ontologies/v2/ConText.owl#Lexicon> -> <http://blulab.chpc.utah.edu/ontologies/v2/ConText.owl#Modifier> -> <http://blulab.chpc.utah.edu/ontologies/v2/ConText.owl#SemanticModifier> -> <http://blulab.chpc.utah.edu/ontologies/v2/ConText.owl#BodySite> -> <http://blulab.chpc.utah.edu/ontologies/schema/endo/colonoscopyQuality.owl#Colon_structure> -> <http://blulab.chpc.utah.edu/ontologies/schema/endo/colonoscopyQuality.owl#Entire_colon> -> <http://blulab.chpc.utah.edu/ontologies/schema/endo/colonoscopyQuality.owl#Transverse_colon> -> <http://blulab.chpc.utah.edu/ontologies/schema/endo/colonoscopyQuality.owl#Left_colic_flexure> -> <http://blulab.chpc.utah.edu/ontologies/schema/endo/colonoscopyQuality.owl#Entire_left_colic_flexure>, <http://blulab.chpc.utah.edu/ontologies/v2/ConText.owl#Lexicon> -> <http://blulab.chpc.utah.edu/ontologies/v2/ConText.owl#Modifier> -> <http://blulab.chpc.utah.edu/ontologies/v2/ConText.owl#SemanticModifier> -> <http://blulab.chpc.utah.edu/ontologies/v2/ConText.owl#BodySite> -> <http://blulab.chpc.utah.edu/ontologies/schema/endo/colonoscopyQuality.owl#Colon_structure> -> <http://blulab.chpc.utah.edu/ontologies/schema/endo/colonoscopyQuality.owl#Region_of_colon> -> <http://blulab.chpc.utah.edu/ontologies/schema/endo/colonoscopyQuality.owl#Transverse_colon> -> <http://blulab.chpc.utah.edu/ontologies/schema/endo/colonoscopyQuality.owl#Left_colic_flexure> -> <http://blulab.chpc.utah.edu/ontologies/schema/endo/colonoscopyQuality.owl#Entire_left_colic_flexure>, <http://blulab.chpc.utah.edu/ontologies/v2/ConText.owl#Lexicon> -> <http://blulab.chpc.utah.edu/ontologies/v2/ConText.owl#Modifier> -> <http://blulab.chpc.utah.edu/ontologies/v2/ConText.owl#SemanticModifier> -> <http://blulab.chpc.utah.edu/ontologies/v2/ConText.owl#BodySite> -> <http://blulab.chpc.utah.edu/ontologies/schema/endo/colonoscopyQuality.owl#Colon_structure> -> <http://blulab.chpc.utah.edu/ontologies/schema/endo/colonoscopyQuality.owl#Descending_colon> -> <http://blulab.chpc.utah.edu/ontologies/schema/endo/colonoscopyQuality.owl#Left_colic_flexure> -> <http://blulab.chpc.utah.edu/ontologies/schema/endo/colonoscopyQuality.owl#Entire_left_colic_flexure>, <http://blulab.chpc.utah.edu/ontologies/v2/ConText.owl#Lexicon> -> <http://blulab.chpc.utah.edu/ontologies/v2/ConText.owl#Modifier> -> <http://blulab.chpc.utah.edu/ontologies/v2/ConText.owl#SemanticModifier> -> <http://blulab.chpc.utah.edu/ontologies/v2/ConText.owl#BodySite> -> <http://blulab.chpc.utah.edu/ontologies/schema/endo/colonoscopyQuality.owl#Colon_structure> -> <http://blulab.chpc.utah.edu/ontologies/schema/endo/colonoscopyQuality.owl#Left_colon> -> <http://blulab.chpc.utah.edu/ontologies/schema/endo/colonoscopyQuality.owl#Entire_left_colon> -> <http://blulab.chpc.utah.edu/ontologies/schema/endo/colonoscopyQuality.owl#Descending_colon> -> <http://blulab.chpc.utah.edu/ontologies/schema/endo/colonoscopyQuality.owl#Left_colic_flexure> -> <http://blulab.chpc.utah.edu/ontologies/schema/endo/colonoscopyQuality.owl#Entire_left_colic_flexure>, <http://blulab.chpc.utah.edu/ontologies/v2/ConText.owl#Lexicon> -> <http://blulab.chpc.utah.edu/ontologies/v2/ConText.owl#Modifier> -> <http://blulab.chpc.utah.edu/ontologies/v2/ConText.owl#SemanticModifier> -> <http://blulab.chpc.utah.edu/ontologies/v2/ConText.owl#BodySite> -> <http://blulab.chpc.utah.edu/ontologies/schema/endo/colonoscopyQuality.owl#Colon_structure> -> <http://blulab.chpc.utah.edu/ontologies/schema/endo/colonoscopyQuality.owl#Entire_colon> -> <http://blulab.chpc.utah.edu/ontologies/schema/endo/colonoscopyQuality.owl#Left_colon> -> <http://blulab.chpc.utah.edu/ontologies/schema/endo/colonoscopyQuality.owl#Entire_left_colon> -> <http://blulab.chpc.utah.edu/ontologies/schema/endo/colonoscopyQuality.owl#Descending_colon> -> <http://blulab.chpc.utah.edu/ontologies/schema/endo/colonoscopyQuality.owl#Left_colic_flexure> -> <http://blulab.chpc.utah.edu/ontologies/schema/endo/colonoscopyQuality.owl#Entire_left_colic_flexure>, <http://blulab.chpc.utah.edu/ontologies/v2/ConText.owl#Lexicon> -> <http://blulab.chpc.utah.edu/ontologies/v2/ConText.owl#Modifier> -> <http://blulab.chpc.utah.edu/ontologies/v2/ConText.owl#SemanticModifier> -> <http://blulab.chpc.utah.edu/ontologies/v2/ConText.owl#BodySite> -> <http://blulab.chpc.utah.edu/ontologies/schema/endo/colonoscopyQuality.owl#Colon_structure> -> <http://blulab.chpc.utah.edu/ontologies/schema/endo/colonoscopyQuality.owl#Entire_colon> -> <http://blulab.chpc.utah.edu/ontologies/schema/endo/colonoscopyQuality.owl#Left_colon> -> <http://blulab.chpc.utah.edu/ontologies/schema/endo/colonoscopyQuality.owl#Descending_colon> -> <http://blulab.chpc.utah.edu/ontologies/schema/endo/colonoscopyQuality.owl#Left_colic_flexure> -> <http://blulab.chpc.utah.edu/ontologies/schema/endo/colonoscopyQuality.owl#Entire_left_colic_flexure>, <http://blulab.chpc.utah.edu/ontologies/v2/ConText.owl#Lexicon> -> <http://blulab.chpc.utah.edu/ontologies/v2/ConText.owl#Modifier> -> <http://blulab.chpc.utah.edu/ontologies/v2/ConText.owl#SemanticModifier> -> <http://blulab.chpc.utah.edu/ontologies/v2/ConText.owl#BodySite> -> <http://blulab.chpc.utah.edu/ontologies/schema/endo/colonoscopyQuality.owl#Colon_structure> -> <http://blulab.chpc.utah.edu/ontologies/schema/endo/colonoscopyQuality.owl#Left_colon> -> <http://blulab.chpc.utah.edu/ontologies/schema/endo/colonoscopyQuality.owl#Descending_colon> -> <http://blulab.chpc.utah.edu/ontologies/schema/endo/colonoscopyQuality.owl#Left_colic_flexure> -> <http://blulab.chpc.utah.edu/ontologies/schema/endo/colonoscopyQuality.owl#Entire_left_colic_flexure>, <http://blulab.chpc.utah.edu/ontologies/v2/ConText.owl#Lexicon> -> <http://blulab.chpc.utah.edu/ontologies/v2/ConText.owl#Modifier> -> <http://blulab.chpc.utah.edu/ontologies/v2/ConText.owl#SemanticModifier> -> <http://blulab.chpc.utah.edu/ontologies/v2/ConText.owl#BodySite> -> <http://blulab.chpc.utah.edu/ontologies/schema/endo/colonoscopyQuality.owl#Colon_structure> -> <http://blulab.chpc.utah.edu/ontologies/schema/endo/colonoscopyQuality.owl#Region_of_colon> -> <http://blulab.chpc.utah.edu/ontologies/schema/endo/colonoscopyQuality.owl#Descending_colon> -> <http://blulab.chpc.utah.edu/ontologies/schema/endo/colonoscopyQuality.owl#Left_colic_flexure> -> <http://blulab.chpc.utah.edu/ontologies/schema/endo/colonoscopyQuality.owl#Entire_left_colic_flexure>, <http://blulab.chpc.utah.edu/ontologies/v2/ConText.owl#Lexicon> -> <http://blulab.chpc.utah.edu/ontologies/v2/ConText.owl#Modifier> -> <http://blulab.chpc.utah.edu/ontologies/v2/ConText.owl#SemanticModifier> -> <http://blulab.chpc.utah.edu/ontologies/v2/ConText.owl#BodySite> -> <http://blulab.chpc.utah.edu/ontologies/schema/endo/colonoscopyQuality.owl#Colon_structure> -> <http://blulab.chpc.utah.edu/ontologies/schema/endo/colonoscopyQuality.owl#Region_of_colon> -> <http://blulab.chpc.utah.edu/ontologies/schema/endo/colonoscopyQuality.owl#Structure_of_colic_flexure> -> <http://blulab.chpc.utah.edu/ontologies/schema/endo/colonoscopyQuality.owl#Entire_colic_flexure> -> <http://blulab.chpc.utah.edu/ontologies/schema/endo/colonoscopyQuality.owl#Entire_left_colic_flexure>]]

	Modifier: Entire_transverse_colon, uri=http://blulab.chpc.utah.edu/ontologies/schema/endo/colonoscopyQuality.owl#Entire_transverse_colon, type= Semantic, classPath= [<http://blulab.chpc.utah.edu/ontologies/v2/ConText.owl#Lexicon> -> <http://blulab.chpc.utah.edu/ontologies/v2/ConText.owl#Modifier> -> <http://blulab.chpc.utah.edu/ontologies/v2/ConText.owl#SemanticModifier> -> <http://blulab.chpc.utah.edu/ontologies/v2/ConText.owl#BodySite> -> <http://blulab.chpc.utah.edu/ontologies/schema/endo/colonoscopyQuality.owl#Colon_structure> -> <http://blulab.chpc.utah.edu/ontologies/schema/endo/colonoscopyQuality.owl#Descending_colon> -> <http://blulab.chpc.utah.edu/ontologies/schema/endo/colonoscopyQuality.owl#Left_colic_flexure> -> <http://blulab.chpc.utah.edu/ontologies/schema/endo/colonoscopyQuality.owl#Entire_transverse_colon>, <http://blulab.chpc.utah.edu/ontologies/v2/ConText.owl#Lexicon> -> <http://blulab.chpc.utah.edu/ontologies/v2/ConText.owl#Modifier> -> <http://blulab.chpc.utah.edu/ontologies/v2/ConText.owl#SemanticModifier> -> <http://blulab.chpc.utah.edu/ontologies/v2/ConText.owl#BodySite> -> <http://blulab.chpc.utah.edu/ontologies/schema/endo/colonoscopyQuality.owl#Colon_structure> -> <http://blulab.chpc.utah.edu/ontologies/schema/endo/colonoscopyQuality.owl#Descending_colon> -> <http://blulab.chpc.utah.edu/ontologies/schema/endo/colonoscopyQuality.owl#Entire_descending_colon> -> <http://blulab.chpc.utah.edu/ontologies/schema/endo/colonoscopyQuality.owl#Left_colic_flexure> -> <http://blulab.chpc.utah.edu/ontologies/schema/endo/colonoscopyQuality.owl#Entire_transverse_colon>, <http://blulab.chpc.utah.edu/ontologies/v2/ConText.owl#Lexicon> -> <http://blulab.chpc.utah.edu/ontologies/v2/ConText.owl#Modifier> -> <http://blulab.chpc.utah.edu/ontologies/v2/ConText.owl#SemanticModifier> -> <http://blulab.chpc.utah.edu/ontologies/v2/ConText.owl#BodySite> -> <http://blulab.chpc.utah.edu/ontologies/schema/endo/colonoscopyQuality.owl#Colon_structure> -> <http://blulab.chpc.utah.edu/ontologies/schema/endo/colonoscopyQuality.owl#Left_colon> -> <http://blulab.chpc.utah.edu/ontologies/schema/endo/colonoscopyQuality.owl#Entire_left_colon> -> <http://blulab.chpc.utah.edu/ontologies/schema/endo/colonoscopyQuality.owl#Descending_colon> -> <http://blulab.chpc.utah.edu/ontologies/schema/endo/colonoscopyQuality.owl#Entire_descending_colon> -> <http://blulab.chpc.utah.edu/ontologies/schema/endo/colonoscopyQuality.owl#Left_colic_flexure> -> <http://blulab.chpc.utah.edu/ontologies/schema/endo/colonoscopyQuality.owl#Entire_transverse_colon>, <http://blulab.chpc.utah.edu/ontologies/v2/ConText.owl#Lexicon> -> <http://blulab.chpc.utah.edu/ontologies/v2/ConText.owl#Modifier> -> <http://blulab.chpc.utah.edu/ontologies/v2/ConText.owl#SemanticModifier> -> <http://blulab.chpc.utah.edu/ontologies/v2/ConText.owl#BodySite> -> <http://blulab.chpc.utah.edu/ontologies/schema/endo/colonoscopyQuality.owl#Colon_structure> -> <http://blulab.chpc.utah.edu/ontologies/schema/endo/colonoscopyQuality.owl#Entire_colon> -> <http://blulab.chpc.utah.edu/ontologies/schema/endo/colonoscopyQuality.owl#Left_colon> -> <http://blulab.chpc.utah.edu/ontologies/schema/endo/colonoscopyQuality.owl#Entire_left_colon> -> <http://blulab.chpc.utah.edu/ontologies/schema/endo/colonoscopyQuality.owl#Descending_colon> -> <http://blulab.chpc.utah.edu/ontologies/schema/endo/colonoscopyQuality.owl#Entire_descending_colon> -> <http://blulab.chpc.utah.edu/ontologies/schema/endo/colonoscopyQuality.owl#Left_colic_flexure> -> <http://blulab.chpc.utah.edu/ontologies/schema/endo/colonoscopyQuality.owl#Entire_transverse_colon>, <http://blulab.chpc.utah.edu/ontologies/v2/ConText.owl#Lexicon> -> <http://blulab.chpc.utah.edu/ontologies/v2/ConText.owl#Modifier> -> <http://blulab.chpc.utah.edu/ontologies/v2/ConText.owl#SemanticModifier> -> <http://blulab.chpc.utah.edu/ontologies/v2/ConText.owl#BodySite> -> <http://blulab.chpc.utah.edu/ontologies/schema/endo/colonoscopyQuality.owl#Colon_structure> -> <http://blulab.chpc.utah.edu/ontologies/schema/endo/colonoscopyQuality.owl#Entire_colon> -> <http://blulab.chpc.utah.edu/ontologies/schema/endo/colonoscopyQuality.owl#Left_colon> -> <http://blulab.chpc.utah.edu/ontologies/schema/endo/colonoscopyQuality.owl#Descending_colon> -> <http://blulab.chpc.utah.edu/ontologies/schema/endo/colonoscopyQuality.owl#Entire_descending_colon> -> <http://blulab.chpc.utah.edu/ontologies/schema/endo/colonoscopyQuality.owl#Left_colic_flexure> -> <http://blulab.chpc.utah.edu/ontologies/schema/endo/colonoscopyQuality.owl#Entire_transverse_colon>, <http://blulab.chpc.utah.edu/ontologies/v2/ConText.owl#Lexicon> -> <http://blulab.chpc.utah.edu/ontologies/v2/ConText.owl#Modifier> -> <http://blulab.chpc.utah.edu/ontologies/v2/ConText.owl#SemanticModifier> -> <http://blulab.chpc.utah.edu/ontologies/v2/ConText.owl#BodySite> -> <http://blulab.chpc.utah.edu/ontologies/schema/endo/colonoscopyQuality.owl#Colon_structure> -> <http://blulab.chpc.utah.edu/ontologies/schema/endo/colonoscopyQuality.owl#Left_colon> -> <http://blulab.chpc.utah.edu/ontologies/schema/endo/colonoscopyQuality.owl#Descending_colon> -> <http://blulab.chpc.utah.edu/ontologies/schema/endo/colonoscopyQuality.owl#Entire_descending_colon> -> <http://blulab.chpc.utah.edu/ontologies/schema/endo/colonoscopyQuality.owl#Left_colic_flexure> -> <http://blulab.chpc.utah.edu/ontologies/schema/endo/colonoscopyQuality.owl#Entire_transverse_colon>, <http://blulab.chpc.utah.edu/ontologies/v2/ConText.owl#Lexicon> -> <http://blulab.chpc.utah.edu/ontologies/v2/ConText.owl#Modifier> -> <http://blulab.chpc.utah.edu/ontologies/v2/ConText.owl#SemanticModifier> -> <http://blulab.chpc.utah.edu/ontologies/v2/ConText.owl#BodySite> -> <http://blulab.chpc.utah.edu/ontologies/schema/endo/colonoscopyQuality.owl#Colon_structure> -> <http://blulab.chpc.utah.edu/ontologies/schema/endo/colonoscopyQuality.owl#Region_of_colon> -> <http://blulab.chpc.utah.edu/ontologies/schema/endo/colonoscopyQuality.owl#Descending_colon> -> <http://blulab.chpc.utah.edu/ontologies/schema/endo/colonoscopyQuality.owl#Entire_descending_colon> -> <http://blulab.chpc.utah.edu/ontologies/schema/endo/colonoscopyQuality.owl#Left_colic_flexure> -> <http://blulab.chpc.utah.edu/ontologies/schema/endo/colonoscopyQuality.owl#Entire_transverse_colon>, <http://blulab.chpc.utah.edu/ontologies/v2/ConText.owl#Lexicon> -> <http://blulab.chpc.utah.edu/ontologies/v2/ConText.owl#Modifier> -> <http://blulab.chpc.utah.edu/ontologies/v2/ConText.owl#SemanticModifier> -> <http://blulab.chpc.utah.edu/ontologies/v2/ConText.owl#BodySite> -> <http://blulab.chpc.utah.edu/ontologies/schema/endo/colonoscopyQuality.owl#Colon_structure> -> <http://blulab.chpc.utah.edu/ontologies/schema/endo/colonoscopyQuality.owl#Region_of_colon> -> <http://blulab.chpc.utah.edu/ontologies/schema/endo/colonoscopyQuality.owl#Structure_of_colic_flexure> -> <http://blulab.chpc.utah.edu/ontologies/schema/endo/colonoscopyQuality.owl#Left_colic_flexure> -> <http://blulab.chpc.utah.edu/ontologies/schema/endo/colonoscopyQuality.owl#Entire_transverse_colon>, <http://blulab.chpc.utah.edu/ontologies/v2/ConText.owl#Lexicon> -> <http://blulab.chpc.utah.edu/ontologies/v2/ConText.owl#Modifier> -> <http://blulab.chpc.utah.edu/ontologies/v2/ConText.owl#SemanticModifier> -> <http://blulab.chpc.utah.edu/ontologies/v2/ConText.owl#BodySite> -> <http://blulab.chpc.utah.edu/ontologies/schema/endo/colonoscopyQuality.owl#Colon_structure> -> <http://blulab.chpc.utah.edu/ontologies/schema/endo/colonoscopyQuality.owl#Entire_colon> -> <http://blulab.chpc.utah.edu/ontologies/schema/endo/colonoscopyQuality.owl#Structure_of_colic_flexure> -> <http://blulab.chpc.utah.edu/ontologies/schema/endo/colonoscopyQuality.owl#Left_colic_flexure> -> <http://blulab.chpc.utah.edu/ontologies/schema/endo/colonoscopyQuality.owl#Entire_transverse_colon>, <http://blulab.chpc.utah.edu/ontologies/v2/ConText.owl#Lexicon> -> <http://blulab.chpc.utah.edu/ontologies/v2/ConText.owl#Modifier> -> <http://blulab.chpc.utah.edu/ontologies/v2/ConText.owl#SemanticModifier> -> <http://blulab.chpc.utah.edu/ontologies/v2/ConText.owl#BodySite> -> <http://blulab.chpc.utah.edu/ontologies/schema/endo/colonoscopyQuality.owl#Colon_structure> -> <http://blulab.chpc.utah.edu/ontologies/schema/endo/colonoscopyQuality.owl#Entire_colon> -> <http://blulab.chpc.utah.edu/ontologies/schema/endo/colonoscopyQuality.owl#Transverse_colon> -> <http://blulab.chpc.utah.edu/ontologies/schema/endo/colonoscopyQuality.owl#Left_colic_flexure> -> <http://blulab.chpc.utah.edu/ontologies/schema/endo/colonoscopyQuality.owl#Entire_transverse_colon>, <http://blulab.chpc.utah.edu/ontologies/v2/ConText.owl#Lexicon> -> <http://blulab.chpc.utah.edu/ontologies/v2/ConText.owl#Modifier> -> <http://blulab.chpc.utah.edu/ontologies/v2/ConText.owl#SemanticModifier> -> <http://blulab.chpc.utah.edu/ontologies/v2/ConText.owl#BodySite> -> <http://blulab.chpc.utah.edu/ontologies/schema/endo/colonoscopyQuality.owl#Colon_structure> -> <http://blulab.chpc.utah.edu/ontologies/schema/endo/colonoscopyQuality.owl#Region_of_colon> -> <http://blulab.chpc.utah.edu/ontologies/schema/endo/colonoscopyQuality.owl#Transverse_colon> -> <http://blulab.chpc.utah.edu/ontologies/schema/endo/colonoscopyQuality.owl#Left_colic_flexure> -> <http://blulab.chpc.utah.edu/ontologies/schema/endo/colonoscopyQuality.owl#Entire_transverse_colon>, <http://blulab.chpc.utah.edu/ontologies/v2/ConText.owl#Lexicon> -> <http://blulab.chpc.utah.edu/ontologies/v2/ConText.owl#Modifier> -> <http://blulab.chpc.utah.edu/ontologies/v2/ConText.owl#SemanticModifier> -> <http://blulab.chpc.utah.edu/ontologies/v2/ConText.owl#BodySite> -> <http://blulab.chpc.utah.edu/ontologies/schema/endo/colonoscopyQuality.owl#Colon_structure> -> <http://blulab.chpc.utah.edu/ontologies/schema/endo/colonoscopyQuality.owl#Transverse_colon> -> <http://blulab.chpc.utah.edu/ontologies/schema/endo/colonoscopyQuality.owl#Left_colic_flexure> -> <http://blulab.chpc.utah.edu/ontologies/schema/endo/colonoscopyQuality.owl#Entire_transverse_colon>, <http://blulab.chpc.utah.edu/ontologies/v2/ConText.owl#Lexicon> -> <http://blulab.chpc.utah.edu/ontologies/v2/ConText.owl#Modifier> -> <http://blulab.chpc.utah.edu/ontologies/v2/ConText.owl#SemanticModifier> -> <http://blulab.chpc.utah.edu/ontologies/v2/ConText.owl#BodySite> -> <http://blulab.chpc.utah.edu/ontologies/schema/endo/colonoscopyQuality.owl#Colon_structure> -> <http://blulab.chpc.utah.edu/ontologies/schema/endo/colonoscopyQuality.owl#Left_colon> -> <http://blulab.chpc.utah.edu/ontologies/schema/endo/colonoscopyQuality.owl#Entire_left_colon> -> <http://blulab.chpc.utah.edu/ontologies/schema/endo/colonoscopyQuality.owl#Descending_colon> -> <http://blulab.chpc.utah.edu/ontologies/schema/endo/colonoscopyQuality.owl#Left_colic_flexure> -> <http://blulab.chpc.utah.edu/ontologies/schema/endo/colonoscopyQuality.owl#Entire_transverse_colon>, <http://blulab.chpc.utah.edu/ontologies/v2/ConText.owl#Lexicon> -> <http://blulab.chpc.utah.edu/ontologies/v2/ConText.owl#Modifier> -> <http://blulab.chpc.utah.edu/ontologies/v2/ConText.owl#SemanticModifier> -> <http://blulab.chpc.utah.edu/ontologies/v2/ConText.owl#BodySite> -> <http://blulab.chpc.utah.edu/ontologies/schema/endo/colonoscopyQuality.owl#Colon_structure> -> <http://blulab.chpc.utah.edu/ontologies/schema/endo/colonoscopyQuality.owl#Entire_colon> -> <http://blulab.chpc.utah.edu/ontologies/schema/endo/colonoscopyQuality.owl#Left_colon> -> <http://blulab.chpc.utah.edu/ontologies/schema/endo/colonoscopyQuality.owl#Entire_left_colon> -> <http://blulab.chpc.utah.edu/ontologies/schema/endo/colonoscopyQuality.owl#Descending_colon> -> <http://blulab.chpc.utah.edu/ontologies/schema/endo/colonoscopyQuality.owl#Left_colic_flexure> -> <http://blulab.chpc.utah.edu/ontologies/schema/endo/colonoscopyQuality.owl#Entire_transverse_colon>, <http://blulab.chpc.utah.edu/ontologies/v2/ConText.owl#Lexicon> -> <http://blulab.chpc.utah.edu/ontologies/v2/ConText.owl#Modifier> -> <http://blulab.chpc.utah.edu/ontologies/v2/ConText.owl#SemanticModifier> -> <http://blulab.chpc.utah.edu/ontologies/v2/ConText.owl#BodySite> -> <http://blulab.chpc.utah.edu/ontologies/schema/endo/colonoscopyQuality.owl#Colon_structure> -> <http://blulab.chpc.utah.edu/ontologies/schema/endo/colonoscopyQuality.owl#Entire_colon> -> <http://blulab.chpc.utah.edu/ontologies/schema/endo/colonoscopyQuality.owl#Left_colon> -> <http://blulab.chpc.utah.edu/ontologies/schema/endo/colonoscopyQuality.owl#Descending_colon> -> <http://blulab.chpc.utah.edu/ontologies/schema/endo/colonoscopyQuality.owl#Left_colic_flexure> -> <http://blulab.chpc.utah.edu/ontologies/schema/endo/colonoscopyQuality.owl#Entire_transverse_colon>, <http://blulab.chpc.utah.edu/ontologies/v2/ConText.owl#Lexicon> -> <http://blulab.chpc.utah.edu/ontologies/v2/ConText.owl#Modifier> -> <http://blulab.chpc.utah.edu/ontologies/v2/ConText.owl#SemanticModifier> -> <http://blulab.chpc.utah.edu/ontologies/v2/ConText.owl#BodySite> -> <http://blulab.chpc.utah.edu/ontologies/schema/endo/colonoscopyQuality.owl#Colon_structure> -> <http://blulab.chpc.utah.edu/ontologies/schema/endo/colonoscopyQuality.owl#Left_colon> -> <http://blulab.chpc.utah.edu/ontologies/schema/endo/colonoscopyQuality.owl#Descending_colon> -> <http://blulab.chpc.utah.edu/ontologies/schema/endo/colonoscopyQuality.owl#Left_colic_flexure> -> <http://blulab.chpc.utah.edu/ontologies/schema/endo/colonoscopyQuality.owl#Entire_transverse_colon>, <http://blulab.chpc.utah.edu/ontologies/v2/ConText.owl#Lexicon> -> <http://blulab.chpc.utah.edu/ontologies/v2/ConText.owl#Modifier> -> <http://blulab.chpc.utah.edu/ontologies/v2/ConText.owl#SemanticModifier> -> <http://blulab.chpc.utah.edu/ontologies/v2/ConText.owl#BodySite> -> <http://blulab.chpc.utah.edu/ontologies/schema/endo/colonoscopyQuality.owl#Colon_structure> -> <http://blulab.chpc.utah.edu/ontologies/schema/endo/colonoscopyQuality.owl#Region_of_colon> -> <http://blulab.chpc.utah.edu/ontologies/schema/endo/colonoscopyQuality.owl#Descending_colon> -> <http://blulab.chpc.utah.edu/ontologies/schema/endo/colonoscopyQuality.owl#Left_colic_flexure> -> <http://blulab.chpc.utah.edu/ontologies/schema/endo/colonoscopyQuality.owl#Entire_transverse_colon>]]

	Modifier: Entire_left_colic_flexure, uri=http://blulab.chpc.utah.edu/ontologies/schema/endo/colonoscopyQuality.owl#Entire_left_colic_flexure, type= Semantic, classPath= [<http://blulab.chpc.utah.edu/ontologies/v2/ConText.owl#Lexicon> -> <http://blulab.chpc.utah.edu/ontologies/v2/ConText.owl#Modifier> -> <http://blulab.chpc.utah.edu/ontologies/v2/ConText.owl#SemanticModifier> -> <http://blulab.chpc.utah.edu/ontologies/v2/ConText.owl#BodySite> -> <http://blulab.chpc.utah.edu/ontologies/schema/endo/colonoscopyQuality.owl#Colon_structure> -> <http://blulab.chpc.utah.edu/ontologies/schema/endo/colonoscopyQuality.owl#Entire_colon> -> <http://blulab.chpc.utah.edu/ontologies/schema/endo/colonoscopyQuality.owl#Structure_of_colic_flexure> -> <http://blulab.chpc.utah.edu/ontologies/schema/endo/colonoscopyQuality.owl#Entire_colic_flexure> -> <http://blulab.chpc.utah.edu/ontologies/schema/endo/colonoscopyQuality.owl#Entire_left_colic_flexure>, <http://blulab.chpc.utah.edu/ontologies/v2/ConText.owl#Lexicon> -> <http://blulab.chpc.utah.edu/ontologies/v2/ConText.owl#Modifier> -> <http://blulab.chpc.utah.edu/ontologies/v2/ConText.owl#SemanticModifier> -> <http://blulab.chpc.utah.edu/ontologies/v2/ConText.owl#BodySite> -> <http://blulab.chpc.utah.edu/ontologies/schema/endo/colonoscopyQuality.owl#Colon_structure> -> <http://blulab.chpc.utah.edu/ontologies/schema/endo/colonoscopyQuality.owl#Descending_colon> -> <http://blulab.chpc.utah.edu/ontologies/schema/endo/colonoscopyQuality.owl#Left_colic_flexure> -> <http://blulab.chpc.utah.edu/ontologies/schema/endo/colonoscopyQuality.owl#Entire_transverse_colon> -> <http://blulab.chpc.utah.edu/ontologies/schema/endo/colonoscopyQuality.owl#Entire_left_colic_flexure>, <http://blulab.chpc.utah.edu/ontologies/v2/ConText.owl#Lexicon> -> <http://blulab.chpc.utah.edu/ontologies/v2/ConText.owl#Modifier> -> <http://blulab.chpc.utah.edu/ontologies/v2/ConText.owl#SemanticModifier> -> <http://blulab.chpc.utah.edu/ontologies/v2/ConText.owl#BodySite> -> <http://blulab.chpc.utah.edu/ontologies/schema/endo/colonoscopyQuality.owl#Colon_structure> -> <http://blulab.chpc.utah.edu/ontologies/schema/endo/colonoscopyQuality.owl#Descending_colon> -> <http://blulab.chpc.utah.edu/ontologies/schema/endo/colonoscopyQuality.owl#Entire_descending_colon> -> <http://blulab.chpc.utah.edu/ontologies/schema/endo/colonoscopyQuality.owl#Left_colic_flexure> -> <http://blulab.chpc.utah.edu/ontologies/schema/endo/colonoscopyQuality.owl#Entire_transverse_colon> -> <http://blulab.chpc.utah.edu/ontologies/schema/endo/colonoscopyQuality.owl#Entire_left_colic_flexure>, <http://blulab.chpc.utah.edu/ontologies/v2/ConText.owl#Lexicon> -> <http://blulab.chpc.utah.edu/ontologies/v2/ConText.owl#Modifier> -> <http://blulab.chpc.utah.edu/ontologies/v2/ConText.owl#SemanticModifier> -> <http://blulab.chpc.utah.edu/ontologies/v2/ConText.owl#BodySite> -> <http://blulab.chpc.utah.edu/ontologies/schema/endo/colonoscopyQuality.owl#Colon_structure> -> <http://blulab.chpc.utah.edu/ontologies/schema/endo/colonoscopyQuality.owl#Left_colon> -> <http://blulab.chpc.utah.edu/ontologies/schema/endo/colonoscopyQuality.owl#Entire_left_colon> -> <http://blulab.chpc.utah.edu/ontologies/schema/endo/colonoscopyQuality.owl#Descending_colon> -> <http://blulab.chpc.utah.edu/ontologies/schema/endo/colonoscopyQuality.owl#Entire_descending_colon> -> <http://blulab.chpc.utah.edu/ontologies/schema/endo/colonoscopyQuality.owl#Left_colic_flexure> -> <http://blulab.chpc.utah.edu/ontologies/schema/endo/colonoscopyQuality.owl#Entire_transverse_colon> -> <http://blulab.chpc.utah.edu/ontologies/schema/endo/colonoscopyQuality.owl#Entire_left_colic_flexure>, <http://blulab.chpc.utah.edu/ontologies/v2/ConText.owl#Lexicon> -> <http://blulab.chpc.utah.edu/ontologies/v2/ConText.owl#Modifier> -> <http://blulab.chpc.utah.edu/ontologies/v2/ConText.owl#SemanticModifier> -> <http://blulab.chpc.utah.edu/ontologies/v2/ConText.owl#BodySite> -> <http://blulab.chpc.utah.edu/ontologies/schema/endo/colonoscopyQuality.owl#Colon_structure> -> <http://blulab.chpc.utah.edu/ontologies/schema/endo/colonoscopyQuality.owl#Entire_colon> -> <http://blulab.chpc.utah.edu/ontologies/schema/endo/colonoscopyQuality.owl#Left_colon> -> <http://blulab.chpc.utah.edu/ontologies/schema/endo/colonoscopyQuality.owl#Entire_left_colon> -> <http://blulab.chpc.utah.edu/ontologies/schema/endo/colonoscopyQuality.owl#Descending_colon> -> <http://blulab.chpc.utah.edu/ontologies/schema/endo/colonoscopyQuality.owl#Entire_descending_colon> -> <http://blulab.chpc.utah.edu/ontologies/schema/endo/colonoscopyQuality.owl#Left_colic_flexure> -> <http://blulab.chpc.utah.edu/ontologies/schema/endo/colonoscopyQuality.owl#Entire_transverse_colon> -> <http://blulab.chpc.utah.edu/ontologies/schema/endo/colonoscopyQuality.owl#Entire_left_colic_flexure>, <http://blulab.chpc.utah.edu/ontologies/v2/ConText.owl#Lexicon> -> <http://blulab.chpc.utah.edu/ontologies/v2/ConText.owl#Modifier> -> <http://blulab.chpc.utah.edu/ontologies/v2/ConText.owl#SemanticModifier> -> <http://blulab.chpc.utah.edu/ontologies/v2/ConText.owl#BodySite> -> <http://blulab.chpc.utah.edu/ontologies/schema/endo/colonoscopyQuality.owl#Colon_structure> -> <http://blulab.chpc.utah.edu/ontologies/schema/endo/colonoscopyQuality.owl#Entire_colon> -> <http://blulab.chpc.utah.edu/ontologies/schema/endo/colonoscopyQuality.owl#Left_colon> -> <http://blulab.chpc.utah.edu/ontologies/schema/endo/colonoscopyQuality.owl#Descending_colon> -> <http://blulab.chpc.utah.edu/ontologies/schema/endo/colonoscopyQuality.owl#Entire_descending_colon> -> <http://blulab.chpc.utah.edu/ontologies/schema/endo/colonoscopyQuality.owl#Left_colic_flexure> -> <http://blulab.chpc.utah.edu/ontologies/schema/endo/colonoscopyQuality.owl#Entire_transverse_colon> -> <http://blulab.chpc.utah.edu/ontologies/schema/endo/colonoscopyQuality.owl#Entire_left_colic_flexure>, <http://blulab.chpc.utah.edu/ontologies/v2/ConText.owl#Lexicon> -> <http://blulab.chpc.utah.edu/ontologies/v2/ConText.owl#Modifier> -> <http://blulab.chpc.utah.edu/ontologies/v2/ConText.owl#SemanticModifier> -> <http://blulab.chpc.utah.edu/ontologies/v2/ConText.owl#BodySite> -> <http://blulab.chpc.utah.edu/ontologies/schema/endo/colonoscopyQuality.owl#Colon_structure> -> <http://blulab.chpc.utah.edu/ontologies/schema/endo/colonoscopyQuality.owl#Left_colon> -> <http://blulab.chpc.utah.edu/ontologies/schema/endo/colonoscopyQuality.owl#Descending_colon> -> <http://blulab.chpc.utah.edu/ontologies/schema/endo/colonoscopyQuality.owl#Entire_descending_colon> -> <http://blulab.chpc.utah.edu/ontologies/schema/endo/colonoscopyQuality.owl#Left_colic_flexure> -> <http://blulab.chpc.utah.edu/ontologies/schema/endo/colonoscopyQuality.owl#Entire_transverse_colon> -> <http://blulab.chpc.utah.edu/ontologies/schema/endo/colonoscopyQuality.owl#Entire_left_colic_flexure>, <http://blulab.chpc.utah.edu/ontologies/v2/ConText.owl#Lexicon> -> <http://blulab.chpc.utah.edu/ontologies/v2/ConText.owl#Modifier> -> <http://blulab.chpc.utah.edu/ontologies/v2/ConText.owl#SemanticModifier> -> <http://blulab.chpc.utah.edu/ontologies/v2/ConText.owl#BodySite> -> <http://blulab.chpc.utah.edu/ontologies/schema/endo/colonoscopyQuality.owl#Colon_structure> -> <http://blulab.chpc.utah.edu/ontologies/schema/endo/colonoscopyQuality.owl#Region_of_colon> -> <http://blulab.chpc.utah.edu/ontologies/schema/endo/colonoscopyQuality.owl#Descending_colon> -> <http://blulab.chpc.utah.edu/ontologies/schema/endo/colonoscopyQuality.owl#Entire_descending_colon> -> <http://blulab.chpc.utah.edu/ontologies/schema/endo/colonoscopyQuality.owl#Left_colic_flexure> -> <http://blulab.chpc.utah.edu/ontologies/schema/endo/colonoscopyQuality.owl#Entire_transverse_colon> -> <http://blulab.chpc.utah.edu/ontologies/schema/endo/colonoscopyQuality.owl#Entire_left_colic_flexure>, <http://blulab.chpc.utah.edu/ontologies/v2/ConText.owl#Lexicon> -> <http://blulab.chpc.utah.edu/ontologies/v2/ConText.owl#Modifier> -> <http://blulab.chpc.utah.edu/ontologies/v2/ConText.owl#SemanticModifier> -> <http://blulab.chpc.utah.edu/ontologies/v2/ConText.owl#BodySite> -> <http://blulab.chpc.utah.edu/ontologies/schema/endo/colonoscopyQuality.owl#Colon_structure> -> <http://blulab.chpc.utah.edu/ontologies/schema/endo/colonoscopyQuality.owl#Region_of_colon> -> <http://blulab.chpc.utah.edu/ontologies/schema/endo/colonoscopyQuality.owl#Structure_of_colic_flexure> -> <http://blulab.chpc.utah.edu/ontologies/schema/endo/colonoscopyQuality.owl#Left_colic_flexure> -> <http://blulab.chpc.utah.edu/ontologies/schema/endo/colonoscopyQuality.owl#Entire_transverse_colon> -> <http://blulab.chpc.utah.edu/ontologies/schema/endo/colonoscopyQuality.owl#Entire_left_colic_flexure>, <http://blulab.chpc.utah.edu/ontologies/v2/ConText.owl#Lexicon> -> <http://blulab.chpc.utah.edu/ontologies/v2/ConText.owl#Modifier> -> <http://blulab.chpc.utah.edu/ontologies/v2/ConText.owl#SemanticModifier> -> <http://blulab.chpc.utah.edu/ontologies/v2/ConText.owl#BodySite> -> <http://blulab.chpc.utah.edu/ontologies/schema/endo/colonoscopyQuality.owl#Colon_structure> -> <http://blulab.chpc.utah.edu/ontologies/schema/endo/colonoscopyQuality.owl#Entire_colon> -> <http://blulab.chpc.utah.edu/ontologies/schema/endo/colonoscopyQuality.owl#Structure_of_colic_flexure> -> <http://blulab.chpc.utah.edu/ontologies/schema/endo/colonoscopyQuality.owl#Left_colic_flexure> -> <http://blulab.chpc.utah.edu/ontologies/schema/endo/colonoscopyQuality.owl#Entire_transverse_colon> -> <http://blulab.chpc.utah.edu/ontologies/schema/endo/colonoscopyQuality.owl#Entire_left_colic_flexure>, <http://blulab.chpc.utah.edu/ontologies/v2/ConText.owl#Lexicon> -> <http://blulab.chpc.utah.edu/ontologies/v2/ConText.owl#Modifier> -> <http://blulab.chpc.utah.edu/ontologies/v2/ConText.owl#SemanticModifier> -> <http://blulab.chpc.utah.edu/ontologies/v2/ConText.owl#BodySite> -> <http://blulab.chpc.utah.edu/ontologies/schema/endo/colonoscopyQuality.owl#Colon_structure> -> <http://blulab.chpc.utah.edu/ontologies/schema/endo/colonoscopyQuality.owl#Entire_colon> -> <http://blulab.chpc.utah.edu/ontologies/schema/endo/colonoscopyQuality.owl#Transverse_colon> -> <http://blulab.chpc.utah.edu/ontologies/schema/endo/colonoscopyQuality.owl#Left_colic_flexure> -> <http://blulab.chpc.utah.edu/ontologies/schema/endo/colonoscopyQuality.owl#Entire_transverse_colon> -> <http://blulab.chpc.utah.edu/ontologies/schema/endo/colonoscopyQuality.owl#Entire_left_colic_flexure>, <http://blulab.chpc.utah.edu/ontologies/v2/ConText.owl#Lexicon> -> <http://blulab.chpc.utah.edu/ontologies/v2/ConText.owl#Modifier> -> <http://blulab.chpc.utah.edu/ontologies/v2/ConText.owl#SemanticModifier> -> <http://blulab.chpc.utah.edu/ontologies/v2/ConText.owl#BodySite> -> <http://blulab.chpc.utah.edu/ontologies/schema/endo/colonoscopyQuality.owl#Colon_structure> -> <http://blulab.chpc.utah.edu/ontologies/schema/endo/colonoscopyQuality.owl#Region_of_colon> -> <http://blulab.chpc.utah.edu/ontologies/schema/endo/colonoscopyQuality.owl#Transverse_colon> -> <http://blulab.chpc.utah.edu/ontologies/schema/endo/colonoscopyQuality.owl#Left_colic_flexure> -> <http://blulab.chpc.utah.edu/ontologies/schema/endo/colonoscopyQuality.owl#Entire_transverse_colon> -> <http://blulab.chpc.utah.edu/ontologies/schema/endo/colonoscopyQuality.owl#Entire_left_colic_flexure>, <http://blulab.chpc.utah.edu/ontologies/v2/ConText.owl#Lexicon> -> <http://blulab.chpc.utah.edu/ontologies/v2/ConText.owl#Modifier> -> <http://blulab.chpc.utah.edu/ontologies/v2/ConText.owl#SemanticModifier> -> <http://blulab.chpc.utah.edu/ontologies/v2/ConText.owl#BodySite> -> <http://blulab.chpc.utah.edu/ontologies/schema/endo/colonoscopyQuality.owl#Colon_structure> -> <http://blulab.chpc.utah.edu/ontologies/schema/endo/colonoscopyQuality.owl#Transverse_colon> -> <http://blulab.chpc.utah.edu/ontologies/schema/endo/colonoscopyQuality.owl#Left_colic_flexure> -> <http://blulab.chpc.utah.edu/ontologies/schema/endo/colonoscopyQuality.owl#Entire_transverse_colon> -> <http://blulab.chpc.utah.edu/ontologies/schema/endo/colonoscopyQuality.owl#Entire_left_colic_flexure>, <http://blulab.chpc.utah.edu/ontologies/v2/ConText.owl#Lexicon> -> <http://blulab.chpc.utah.edu/ontologies/v2/ConText.owl#Modifier> -> <http://blulab.chpc.utah.edu/ontologies/v2/ConText.owl#SemanticModifier> -> <http://blulab.chpc.utah.edu/ontologies/v2/ConText.owl#BodySite> -> <http://blulab.chpc.utah.edu/ontologies/schema/endo/colonoscopyQuality.owl#Colon_structure> -> <http://blulab.chpc.utah.edu/ontologies/schema/endo/colonoscopyQuality.owl#Left_colon> -> <http://blulab.chpc.utah.edu/ontologies/schema/endo/colonoscopyQuality.owl#Entire_left_colon> -> <http://blulab.chpc.utah.edu/ontologies/schema/endo/colonoscopyQuality.owl#Descending_colon> -> <http://blulab.chpc.utah.edu/ontologies/schema/endo/colonoscopyQuality.owl#Left_colic_flexure> -> <http://blulab.chpc.utah.edu/ontologies/schema/endo/colonoscopyQuality.owl#Entire_transverse_colon> -> <http://blulab.chpc.utah.edu/ontologies/schema/endo/colonoscopyQuality.owl#Entire_left_colic_flexure>, <http://blulab.chpc.utah.edu/ontologies/v2/ConText.owl#Lexicon> -> <http://blulab.chpc.utah.edu/ontologies/v2/ConText.owl#Modifier> -> <http://blulab.chpc.utah.edu/ontologies/v2/ConText.owl#SemanticModifier> -> <http://blulab.chpc.utah.edu/ontologies/v2/ConText.owl#BodySite> -> <http://blulab.chpc.utah.edu/ontologies/schema/endo/colonoscopyQuality.owl#Colon_structure> -> <http://blulab.chpc.utah.edu/ontologies/schema/endo/colonoscopyQuality.owl#Entire_colon> -> <http://blulab.chpc.utah.edu/ontologies/schema/endo/colonoscopyQuality.owl#Left_colon> -> <http://blulab.chpc.utah.edu/ontologies/schema/endo/colonoscopyQuality.owl#Entire_left_colon> -> <http://blulab.chpc.utah.edu/ontologies/schema/endo/colonoscopyQuality.owl#Descending_colon> -> <http://blulab.chpc.utah.edu/ontologies/schema/endo/colonoscopyQuality.owl#Left_colic_flexure> -> <http://blulab.chpc.utah.edu/ontologies/schema/endo/colonoscopyQuality.owl#Entire_transverse_colon> -> <http://blulab.chpc.utah.edu/ontologies/schema/endo/colonoscopyQuality.owl#Entire_left_colic_flexure>, <http://blulab.chpc.utah.edu/ontologies/v2/ConText.owl#Lexicon> -> <http://blulab.chpc.utah.edu/ontologies/v2/ConText.owl#Modifier> -> <http://blulab.chpc.utah.edu/ontologies/v2/ConText.owl#SemanticModifier> -> <http://blulab.chpc.utah.edu/ontologies/v2/ConText.owl#BodySite> -> <http://blulab.chpc.utah.edu/ontologies/schema/endo/colonoscopyQuality.owl#Colon_structure> -> <http://blulab.chpc.utah.edu/ontologies/schema/endo/colonoscopyQuality.owl#Entire_colon> -> <http://blulab.chpc.utah.edu/ontologies/schema/endo/colonoscopyQuality.owl#Left_colon> -> <http://blulab.chpc.utah.edu/ontologies/schema/endo/colonoscopyQuality.owl#Descending_colon> -> <http://blulab.chpc.utah.edu/ontologies/schema/endo/colonoscopyQuality.owl#Left_colic_flexure> -> <http://blulab.chpc.utah.edu/ontologies/schema/endo/colonoscopyQuality.owl#Entire_transverse_colon> -> <http://blulab.chpc.utah.edu/ontologies/schema/endo/colonoscopyQuality.owl#Entire_left_colic_flexure>, <http://blulab.chpc.utah.edu/ontologies/v2/ConText.owl#Lexicon> -> <http://blulab.chpc.utah.edu/ontologies/v2/ConText.owl#Modifier> -> <http://blulab.chpc.utah.edu/ontologies/v2/ConText.owl#SemanticModifier> -> <http://blulab.chpc.utah.edu/ontologies/v2/ConText.owl#BodySite> -> <http://blulab.chpc.utah.edu/ontologies/schema/endo/colonoscopyQuality.owl#Colon_structure> -> <http://blulab.chpc.utah.edu/ontologies/schema/endo/colonoscopyQuality.owl#Left_colon> -> <http://blulab.chpc.utah.edu/ontologies/schema/endo/colonoscopyQuality.owl#Descending_colon> -> <http://blulab.chpc.utah.edu/ontologies/schema/endo/colonoscopyQuality.owl#Left_colic_flexure> -> <http://blulab.chpc.utah.edu/ontologies/schema/endo/colonoscopyQuality.owl#Entire_transverse_colon> -> <http://blulab.chpc.utah.edu/ontologies/schema/endo/colonoscopyQuality.owl#Entire_left_colic_flexure>, <http://blulab.chpc.utah.edu/ontologies/v2/ConText.owl#Lexicon> -> <http://blulab.chpc.utah.edu/ontologies/v2/ConText.owl#Modifier> -> <http://blulab.chpc.utah.edu/ontologies/v2/ConText.owl#SemanticModifier> -> <http://blulab.chpc.utah.edu/ontologies/v2/ConText.owl#BodySite> -> <http://blulab.chpc.utah.edu/ontologies/schema/endo/colonoscopyQuality.owl#Colon_structure> -> <http://blulab.chpc.utah.edu/ontologies/schema/endo/colonoscopyQuality.owl#Region_of_colon> -> <http://blulab.chpc.utah.edu/ontologies/schema/endo/colonoscopyQuality.owl#Descending_colon> -> <http://blulab.chpc.utah.edu/ontologies/schema/endo/colonoscopyQuality.owl#Left_colic_flexure> -> <http://blulab.chpc.utah.edu/ontologies/schema/endo/colonoscopyQuality.owl#Entire_transverse_colon> -> <http://blulab.chpc.utah.edu/ontologies/schema/endo/colonoscopyQuality.owl#Entire_left_colic_flexure>, <http://blulab.chpc.utah.edu/ontologies/v2/ConText.owl#Lexicon> -> <http://blulab.chpc.utah.edu/ontologies/v2/ConText.owl#Modifier> -> <http://blulab.chpc.utah.edu/ontologies/v2/ConText.owl#SemanticModifier> -> <http://blulab.chpc.utah.edu/ontologies/v2/ConText.owl#BodySite> -> <http://blulab.chpc.utah.edu/ontologies/schema/endo/colonoscopyQuality.owl#Colon_structure> -> <http://blulab.chpc.utah.edu/ontologies/schema/endo/colonoscopyQuality.owl#Descending_colon> -> <http://blulab.chpc.utah.edu/ontologies/schema/endo/colonoscopyQuality.owl#Entire_descending_colon> -> <http://blulab.chpc.utah.edu/ontologies/schema/endo/colonoscopyQuality.owl#Left_colic_flexure> -> <http://blulab.chpc.utah.edu/ontologies/schema/endo/colonoscopyQuality.owl#Entire_left_colic_flexure>, <http://blulab.chpc.utah.edu/ontologies/v2/ConText.owl#Lexicon> -> <http://blulab.chpc.utah.edu/ontologies/v2/ConText.owl#Modifier> -> <http://blulab.chpc.utah.edu/ontologies/v2/ConText.owl#SemanticModifier> -> <http://blulab.chpc.utah.edu/ontologies/v2/ConText.owl#BodySite> -> <http://blulab.chpc.utah.edu/ontologies/schema/endo/colonoscopyQuality.owl#Colon_structure> -> <http://blulab.chpc.utah.edu/ontologies/schema/endo/colonoscopyQuality.owl#Left_colon> -> <http://blulab.chpc.utah.edu/ontologies/schema/endo/colonoscopyQuality.owl#Entire_left_colon> -> <http://blulab.chpc.utah.edu/ontologies/schema/endo/colonoscopyQuality.owl#Descending_colon> -> <http://blulab.chpc.utah.edu/ontologies/schema/endo/colonoscopyQuality.owl#Entire_descending_colon> -> <http://blulab.chpc.utah.edu/ontologies/schema/endo/colonoscopyQuality.owl#Left_colic_flexure> -> <http://blulab.chpc.utah.edu/ontologies/schema/endo/colonoscopyQuality.owl#Entire_left_colic_flexure>, <http://blulab.chpc.utah.edu/ontologies/v2/ConText.owl#Lexicon> -> <http://blulab.chpc.utah.edu/ontologies/v2/ConText.owl#Modifier> -> <http://blulab.chpc.utah.edu/ontologies/v2/ConText.owl#SemanticModifier> -> <http://blulab.chpc.utah.edu/ontologies/v2/ConText.owl#BodySite> -> <http://blulab.chpc.utah.edu/ontologies/schema/endo/colonoscopyQuality.owl#Colon_structure> -> <http://blulab.chpc.utah.edu/ontologies/schema/endo/colonoscopyQuality.owl#Entire_colon> -> <http://blulab.chpc.utah.edu/ontologies/schema/endo/colonoscopyQuality.owl#Left_colon> -> <http://blulab.chpc.utah.edu/ontologies/schema/endo/colonoscopyQuality.owl#Entire_left_colon> -> <http://blulab.chpc.utah.edu/ontologies/schema/endo/colonoscopyQuality.owl#Descending_colon> -> <http://blulab.chpc.utah.edu/ontologies/schema/endo/colonoscopyQuality.owl#Entire_descending_colon> -> <http://blulab.chpc.utah.edu/ontologies/schema/endo/colonoscopyQuality.owl#Left_colic_flexure> -> <http://blulab.chpc.utah.edu/ontologies/schema/endo/colonoscopyQuality.owl#Entire_left_colic_flexure>, <http://blulab.chpc.utah.edu/ontologies/v2/ConText.owl#Lexicon> -> <http://blulab.chpc.utah.edu/ontologies/v2/ConText.owl#Modifier> -> <http://blulab.chpc.utah.edu/ontologies/v2/ConText.owl#SemanticModifier> -> <http://blulab.chpc.utah.edu/ontologies/v2/ConText.owl#BodySite> -> <http://blulab.chpc.utah.edu/ontologies/schema/endo/colonoscopyQuality.owl#Colon_structure> -> <http://blulab.chpc.utah.edu/ontologies/schema/endo/colonoscopyQuality.owl#Entire_colon> -> <http://blulab.chpc.utah.edu/ontologies/schema/endo/colonoscopyQuality.owl#Left_colon> -> <http://blulab.chpc.utah.edu/ontologies/schema/endo/colonoscopyQuality.owl#Descending_colon> -> <http://blulab.chpc.utah.edu/ontologies/schema/endo/colonoscopyQuality.owl#Entire_descending_colon> -> <http://blulab.chpc.utah.edu/ontologies/schema/endo/colonoscopyQuality.owl#Left_colic_flexure> -> <http://blulab.chpc.utah.edu/ontologies/schema/endo/colonoscopyQuality.owl#Entire_left_colic_flexure>, <http://blulab.chpc.utah.edu/ontologies/v2/ConText.owl#Lexicon> -> <http://blulab.chpc.utah.edu/ontologies/v2/ConText.owl#Modifier> -> <http://blulab.chpc.utah.edu/ontologies/v2/ConText.owl#SemanticModifier> -> <http://blulab.chpc.utah.edu/ontologies/v2/ConText.owl#BodySite> -> <http://blulab.chpc.utah.edu/ontologies/schema/endo/colonoscopyQuality.owl#Colon_structure> -> <http://blulab.chpc.utah.edu/ontologies/schema/endo/colonoscopyQuality.owl#Left_colon> -> <http://blulab.chpc.utah.edu/ontologies/schema/endo/colonoscopyQuality.owl#Descending_colon> -> <http://blulab.chpc.utah.edu/ontologies/schema/endo/colonoscopyQuality.owl#Entire_descending_colon> -> <http://blulab.chpc.utah.edu/ontologies/schema/endo/colonoscopyQuality.owl#Left_colic_flexure> -> <http://blulab.chpc.utah.edu/ontologies/schema/endo/colonoscopyQuality.owl#Entire_left_colic_flexure>, <http://blulab.chpc.utah.edu/ontologies/v2/ConText.owl#Lexicon> -> <http://blulab.chpc.utah.edu/ontologies/v2/ConText.owl#Modifier> -> <http://blulab.chpc.utah.edu/ontologies/v2/ConText.owl#SemanticModifier> -> <http://blulab.chpc.utah.edu/ontologies/v2/ConText.owl#BodySite> -> <http://blulab.chpc.utah.edu/ontologies/schema/endo/colonoscopyQuality.owl#Colon_structure> -> <http://blulab.chpc.utah.edu/ontologies/schema/endo/colonoscopyQuality.owl#Region_of_colon> -> <http://blulab.chpc.utah.edu/ontologies/schema/endo/colonoscopyQuality.owl#Descending_colon> -> <http://blulab.chpc.utah.edu/ontologies/schema/endo/colonoscopyQuality.owl#Entire_descending_colon> -> <http://blulab.chpc.utah.edu/ontologies/schema/endo/colonoscopyQuality.owl#Left_colic_flexure> -> <http://blulab.chpc.utah.edu/ontologies/schema/endo/colonoscopyQuality.owl#Entire_left_colic_flexure>, <http://blulab.chpc.utah.edu/ontologies/v2/ConText.owl#Lexicon> -> <http://blulab.chpc.utah.edu/ontologies/v2/ConText.owl#Modifier> -> <http://blulab.chpc.utah.edu/ontologies/v2/ConText.owl#SemanticModifier> -> <http://blulab.chpc.utah.edu/ontologies/v2/ConText.owl#BodySite> -> <http://blulab.chpc.utah.edu/ontologies/schema/endo/colonoscopyQuality.owl#Colon_structure> -> <http://blulab.chpc.utah.edu/ontologies/schema/endo/colonoscopyQuality.owl#Entire_colon> -> <http://blulab.chpc.utah.edu/ontologies/schema/endo/colonoscopyQuality.owl#Structure_of_colic_flexure> -> <http://blulab.chpc.utah.edu/ontologies/schema/endo/colonoscopyQuality.owl#Left_colic_flexure> -> <http://blulab.chpc.utah.edu/ontologies/schema/endo/colonoscopyQuality.owl#Entire_left_colic_flexure>, <http://blulab.chpc.utah.edu/ontologies/v2/ConText.owl#Lexicon> -> <http://blulab.chpc.utah.edu/ontologies/v2/ConText.owl#Modifier> -> <http://blulab.chpc.utah.edu/ontologies/v2/ConText.owl#SemanticModifier> -> <http://blulab.chpc.utah.edu/ontologies/v2/ConText.owl#BodySite> -> <http://blulab.chpc.utah.edu/ontologies/schema/endo/colonoscopyQuality.owl#Colon_structure> -> <http://blulab.chpc.utah.edu/ontologies/schema/endo/colonoscopyQuality.owl#Region_of_colon> -> <http://blulab.chpc.utah.edu/ontologies/schema/endo/colonoscopyQuality.owl#Structure_of_colic_flexure> -> <http://blulab.chpc.utah.edu/ontologies/schema/endo/colonoscopyQuality.owl#Left_colic_flexure> -> <http://blulab.chpc.utah.edu/ontologies/schema/endo/colonoscopyQuality.owl#Entire_left_colic_flexure>, <http://blulab.chpc.utah.edu/ontologies/v2/ConText.owl#Lexicon> -> <http://blulab.chpc.utah.edu/ontologies/v2/ConText.owl#Modifier> -> <http://blulab.chpc.utah.edu/ontologies/v2/ConText.owl#SemanticModifier> -> <http://blulab.chpc.utah.edu/ontologies/v2/ConText.owl#BodySite> -> <http://blulab.chpc.utah.edu/ontologies/schema/endo/colonoscopyQuality.owl#Colon_structure> -> <http://blulab.chpc.utah.edu/ontologies/schema/endo/colonoscopyQuality.owl#Transverse_colon> -> <http://blulab.chpc.utah.edu/ontologies/schema/endo/colonoscopyQuality.owl#Left_colic_flexure> -> <http://blulab.chpc.utah.edu/ontologies/schema/endo/colonoscopyQuality.owl#Entire_left_colic_flexure>, <http://blulab.chpc.utah.edu/ontologies/v2/ConText.owl#Lexicon> -> <http://blulab.chpc.utah.edu/ontologies/v2/ConText.owl#Modifier> -> <http://blulab.chpc.utah.edu/ontologies/v2/ConText.owl#SemanticModifier> -> <http://blulab.chpc.utah.edu/ontologies/v2/ConText.owl#BodySite> -> <http://blulab.chpc.utah.edu/ontologies/schema/endo/colonoscopyQuality.owl#Colon_structure> -> <http://blulab.chpc.utah.edu/ontologies/schema/endo/colonoscopyQuality.owl#Entire_colon> -> <http://blulab.chpc.utah.edu/ontologies/schema/endo/colonoscopyQuality.owl#Transverse_colon> -> <http://blulab.chpc.utah.edu/ontologies/schema/endo/colonoscopyQuality.owl#Left_colic_flexure> -> <http://blulab.chpc.utah.edu/ontologies/schema/endo/colonoscopyQuality.owl#Entire_left_colic_flexure>, <http://blulab.chpc.utah.edu/ontologies/v2/ConText.owl#Lexicon> -> <http://blulab.chpc.utah.edu/ontologies/v2/ConText.owl#Modifier> -> <http://blulab.chpc.utah.edu/ontologies/v2/ConText.owl#SemanticModifier> -> <http://blulab.chpc.utah.edu/ontologies/v2/ConText.owl#BodySite> -> <http://blulab.chpc.utah.edu/ontologies/schema/endo/colonoscopyQuality.owl#Colon_structure> -> <http://blulab.chpc.utah.edu/ontologies/schema/endo/colonoscopyQuality.owl#Region_of_colon> -> <http://blulab.chpc.utah.edu/ontologies/schema/endo/colonoscopyQuality.owl#Transverse_colon> -> <http://blulab.chpc.utah.edu/ontologies/schema/endo/colonoscopyQuality.owl#Left_colic_flexure> -> <http://blulab.chpc.utah.edu/ontologies/schema/endo/colonoscopyQuality.owl#Entire_left_colic_flexure>, <http://blulab.chpc.utah.edu/ontologies/v2/ConText.owl#Lexicon> -> <http://blulab.chpc.utah.edu/ontologies/v2/ConText.owl#Modifier> -> <http://blulab.chpc.utah.edu/ontologies/v2/ConText.owl#SemanticModifier> -> <http://blulab.chpc.utah.edu/ontologies/v2/ConText.owl#BodySite> -> <http://blulab.chpc.utah.edu/ontologies/schema/endo/colonoscopyQuality.owl#Colon_structure> -> <http://blulab.chpc.utah.edu/ontologies/schema/endo/colonoscopyQuality.owl#Descending_colon> -> <http://blulab.chpc.utah.edu/ontologies/schema/endo/colonoscopyQuality.owl#Left_colic_flexure> -> <http://blulab.chpc.utah.edu/ontologies/schema/endo/colonoscopyQuality.owl#Entire_left_colic_flexure>, <http://blulab.chpc.utah.edu/ontologies/v2/ConText.owl#Lexicon> -> <http://blulab.chpc.utah.edu/ontologies/v2/ConText.owl#Modifier> -> <http://blulab.chpc.utah.edu/ontologies/v2/ConText.owl#SemanticModifier> -> <http://blulab.chpc.utah.edu/ontologies/v2/ConText.owl#BodySite> -> <http://blulab.chpc.utah.edu/ontologies/schema/endo/colonoscopyQuality.owl#Colon_structure> -> <http://blulab.chpc.utah.edu/ontologies/schema/endo/colonoscopyQuality.owl#Left_colon> -> <http://blulab.chpc.utah.edu/ontologies/schema/endo/colonoscopyQuality.owl#Entire_left_colon> -> <http://blulab.chpc.utah.edu/ontologies/schema/endo/colonoscopyQuality.owl#Descending_colon> -> <http://blulab.chpc.utah.edu/ontologies/schema/endo/colonoscopyQuality.owl#Left_colic_flexure> -> <http://blulab.chpc.utah.edu/ontologies/schema/endo/colonoscopyQuality.owl#Entire_left_colic_flexure>, <http://blulab.chpc.utah.edu/ontologies/v2/ConText.owl#Lexicon> -> <http://blulab.chpc.utah.edu/ontologies/v2/ConText.owl#Modifier> -> <http://blulab.chpc.utah.edu/ontologies/v2/ConText.owl#SemanticModifier> -> <http://blulab.chpc.utah.edu/ontologies/v2/ConText.owl#BodySite> -> <http://blulab.chpc.utah.edu/ontologies/schema/endo/colonoscopyQuality.owl#Colon_structure> -> <http://blulab.chpc.utah.edu/ontologies/schema/endo/colonoscopyQuality.owl#Entire_colon> -> <http://blulab.chpc.utah.edu/ontologies/schema/endo/colonoscopyQuality.owl#Left_colon> -> <http://blulab.chpc.utah.edu/ontologies/schema/endo/colonoscopyQuality.owl#Entire_left_colon> -> <http://blulab.chpc.utah.edu/ontologies/schema/endo/colonoscopyQuality.owl#Descending_colon> -> <http://blulab.chpc.utah.edu/ontologies/schema/endo/colonoscopyQuality.owl#Left_colic_flexure> -> <http://blulab.chpc.utah.edu/ontologies/schema/endo/colonoscopyQuality.owl#Entire_left_colic_flexure>, <http://blulab.chpc.utah.edu/ontologies/v2/ConText.owl#Lexicon> -> <http://blulab.chpc.utah.edu/ontologies/v2/ConText.owl#Modifier> -> <http://blulab.chpc.utah.edu/ontologies/v2/ConText.owl#SemanticModifier> -> <http://blulab.chpc.utah.edu/ontologies/v2/ConText.owl#BodySite> -> <http://blulab.chpc.utah.edu/ontologies/schema/endo/colonoscopyQuality.owl#Colon_structure> -> <http://blulab.chpc.utah.edu/ontologies/schema/endo/colonoscopyQuality.owl#Entire_colon> -> <http://blulab.chpc.utah.edu/ontologies/schema/endo/colonoscopyQuality.owl#Left_colon> -> <http://blulab.chpc.utah.edu/ontologies/schema/endo/colonoscopyQuality.owl#Descending_colon> -> <http://blulab.chpc.utah.edu/ontologies/schema/endo/colonoscopyQuality.owl#Left_colic_flexure> -> <http://blulab.chpc.utah.edu/ontologies/schema/endo/colonoscopyQuality.owl#Entire_left_colic_flexure>, <http://blulab.chpc.utah.edu/ontologies/v2/ConText.owl#Lexicon> -> <http://blulab.chpc.utah.edu/ontologies/v2/ConText.owl#Modifier> -> <http://blulab.chpc.utah.edu/ontologies/v2/ConText.owl#SemanticModifier> -> <http://blulab.chpc.utah.edu/ontologies/v2/ConText.owl#BodySite> -> <http://blulab.chpc.utah.edu/ontologies/schema/endo/colonoscopyQuality.owl#Colon_structure> -> <http://blulab.chpc.utah.edu/ontologies/schema/endo/colonoscopyQuality.owl#Left_colon> -> <http://blulab.chpc.utah.edu/ontologies/schema/endo/colonoscopyQuality.owl#Descending_colon> -> <http://blulab.chpc.utah.edu/ontologies/schema/endo/colonoscopyQuality.owl#Left_colic_flexure> -> <http://blulab.chpc.utah.edu/ontologies/schema/endo/colonoscopyQuality.owl#Entire_left_colic_flexure>, <http://blulab.chpc.utah.edu/ontologies/v2/ConText.owl#Lexicon> -> <http://blulab.chpc.utah.edu/ontologies/v2/ConText.owl#Modifier> -> <http://blulab.chpc.utah.edu/ontologies/v2/ConText.owl#SemanticModifier> -> <http://blulab.chpc.utah.edu/ontologies/v2/ConText.owl#BodySite> -> <http://blulab.chpc.utah.edu/ontologies/schema/endo/colonoscopyQuality.owl#Colon_structure> -> <http://blulab.chpc.utah.edu/ontologies/schema/endo/colonoscopyQuality.owl#Region_of_colon> -> <http://blulab.chpc.utah.edu/ontologies/schema/endo/colonoscopyQuality.owl#Descending_colon> -> <http://blulab.chpc.utah.edu/ontologies/schema/endo/colonoscopyQuality.owl#Left_colic_flexure> -> <http://blulab.chpc.utah.edu/ontologies/schema/endo/colonoscopyQuality.owl#Entire_left_colic_flexure>, <http://blulab.chpc.utah.edu/ontologies/v2/ConText.owl#Lexicon> -> <http://blulab.chpc.utah.edu/ontologies/v2/ConText.owl#Modifier> -> <http://blulab.chpc.utah.edu/ontologies/v2/ConText.owl#SemanticModifier> -> <http://blulab.chpc.utah.edu/ontologies/v2/ConText.owl#BodySite> -> <http://blulab.chpc.utah.edu/ontologies/schema/endo/colonoscopyQuality.owl#Colon_structure> -> <http://blulab.chpc.utah.edu/ontologies/schema/endo/colonoscopyQuality.owl#Region_of_colon> -> <http://blulab.chpc.utah.edu/ontologies/schema/endo/colonoscopyQuality.owl#Structure_of_colic_flexure> -> <http://blulab.chpc.utah.edu/ontologies/schema/endo/colonoscopyQuality.owl#Entire_colic_flexure> -> <http://blulab.chpc.utah.edu/ontologies/schema/endo/colonoscopyQuality.owl#Entire_left_colic_flexure>]]

	Modifier: Entire_transverse_mesocolon, uri=http://blulab.chpc.utah.edu/ontologies/schema/endo/colonoscopyQuality.owl#Entire_transverse_mesocolon, type= Semantic, classPath= [<http://blulab.chpc.utah.edu/ontologies/v2/ConText.owl#Lexicon> -> <http://blulab.chpc.utah.edu/ontologies/v2/ConText.owl#Modifier> -> <http://blulab.chpc.utah.edu/ontologies/v2/ConText.owl#SemanticModifier> -> <http://blulab.chpc.utah.edu/ontologies/v2/ConText.owl#BodySite> -> <http://blulab.chpc.utah.edu/ontologies/schema/endo/colonoscopyQuality.owl#Colon_structure> -> <http://blulab.chpc.utah.edu/ontologies/schema/endo/colonoscopyQuality.owl#Descending_colon> -> <http://blulab.chpc.utah.edu/ontologies/schema/endo/colonoscopyQuality.owl#Left_colic_flexure> -> <http://blulab.chpc.utah.edu/ontologies/schema/endo/colonoscopyQuality.owl#Entire_transverse_colon> -> <http://blulab.chpc.utah.edu/ontologies/schema/endo/colonoscopyQuality.owl#Entire_transverse_mesocolon>, <http://blulab.chpc.utah.edu/ontologies/v2/ConText.owl#Lexicon> -> <http://blulab.chpc.utah.edu/ontologies/v2/ConText.owl#Modifier> -> <http://blulab.chpc.utah.edu/ontologies/v2/ConText.owl#SemanticModifier> -> <http://blulab.chpc.utah.edu/ontologies/v2/ConText.owl#BodySite> -> <http://blulab.chpc.utah.edu/ontologies/schema/endo/colonoscopyQuality.owl#Colon_structure> -> <http://blulab.chpc.utah.edu/ontologies/schema/endo/colonoscopyQuality.owl#Descending_colon> -> <http://blulab.chpc.utah.edu/ontologies/schema/endo/colonoscopyQuality.owl#Entire_descending_colon> -> <http://blulab.chpc.utah.edu/ontologies/schema/endo/colonoscopyQuality.owl#Left_colic_flexure> -> <http://blulab.chpc.utah.edu/ontologies/schema/endo/colonoscopyQuality.owl#Entire_transverse_colon> -> <http://blulab.chpc.utah.edu/ontologies/schema/endo/colonoscopyQuality.owl#Entire_transverse_mesocolon>, <http://blulab.chpc.utah.edu/ontologies/v2/ConText.owl#Lexicon> -> <http://blulab.chpc.utah.edu/ontologies/v2/ConText.owl#Modifier> -> <http://blulab.chpc.utah.edu/ontologies/v2/ConText.owl#SemanticModifier> -> <http://blulab.chpc.utah.edu/ontologies/v2/ConText.owl#BodySite> -> <http://blulab.chpc.utah.edu/ontologies/schema/endo/colonoscopyQuality.owl#Colon_structure> -> <http://blulab.chpc.utah.edu/ontologies/schema/endo/colonoscopyQuality.owl#Left_colon> -> <http://blulab.chpc.utah.edu/ontologies/schema/endo/colonoscopyQuality.owl#Entire_left_colon> -> <http://blulab.chpc.utah.edu/ontologies/schema/endo/colonoscopyQuality.owl#Descending_colon> -> <http://blulab.chpc.utah.edu/ontologies/schema/endo/colonoscopyQuality.owl#Entire_descending_colon> -> <http://blulab.chpc.utah.edu/ontologies/schema/endo/colonoscopyQuality.owl#Left_colic_flexure> -> <http://blulab.chpc.utah.edu/ontologies/schema/endo/colonoscopyQuality.owl#Entire_transverse_colon> -> <http://blulab.chpc.utah.edu/ontologies/schema/endo/colonoscopyQuality.owl#Entire_transverse_mesocolon>, <http://blulab.chpc.utah.edu/ontologies/v2/ConText.owl#Lexicon> -> <http://blulab.chpc.utah.edu/ontologies/v2/ConText.owl#Modifier> -> <http://blulab.chpc.utah.edu/ontologies/v2/ConText.owl#SemanticModifier> -> <http://blulab.chpc.utah.edu/ontologies/v2/ConText.owl#BodySite> -> <http://blulab.chpc.utah.edu/ontologies/schema/endo/colonoscopyQuality.owl#Colon_structure> -> <http://blulab.chpc.utah.edu/ontologies/schema/endo/colonoscopyQuality.owl#Entire_colon> -> <http://blulab.chpc.utah.edu/ontologies/schema/endo/colonoscopyQuality.owl#Left_colon> -> <http://blulab.chpc.utah.edu/ontologies/schema/endo/colonoscopyQuality.owl#Entire_left_colon> -> <http://blulab.chpc.utah.edu/ontologies/schema/endo/colonoscopyQuality.owl#Descending_colon> -> <http://blulab.chpc.utah.edu/ontologies/schema/endo/colonoscopyQuality.owl#Entire_descending_colon> -> <http://blulab.chpc.utah.edu/ontologies/schema/endo/colonoscopyQuality.owl#Left_colic_flexure> -> <http://blulab.chpc.utah.edu/ontologies/schema/endo/colonoscopyQuality.owl#Entire_transverse_colon> -> <http://blulab.chpc.utah.edu/ontologies/schema/endo/colonoscopyQuality.owl#Entire_transverse_mesocolon>, <http://blulab.chpc.utah.edu/ontologies/v2/ConText.owl#Lexicon> -> <http://blulab.chpc.utah.edu/ontologies/v2/ConText.owl#Modifier> -> <http://blulab.chpc.utah.edu/ontologies/v2/ConText.owl#SemanticModifier> -> <http://blulab.chpc.utah.edu/ontologies/v2/ConText.owl#BodySite> -> <http://blulab.chpc.utah.edu/ontologies/schema/endo/colonoscopyQuality.owl#Colon_structure> -> <http://blulab.chpc.utah.edu/ontologies/schema/endo/colonoscopyQuality.owl#Entire_colon> -> <http://blulab.chpc.utah.edu/ontologies/schema/endo/colonoscopyQuality.owl#Left_colon> -> <http://blulab.chpc.utah.edu/ontologies/schema/endo/colonoscopyQuality.owl#Descending_colon> -> <http://blulab.chpc.utah.edu/ontologies/schema/endo/colonoscopyQuality.owl#Entire_descending_colon> -> <http://blulab.chpc.utah.edu/ontologies/schema/endo/colonoscopyQuality.owl#Left_colic_flexure> -> <http://blulab.chpc.utah.edu/ontologies/schema/endo/colonoscopyQuality.owl#Entire_transverse_colon> -> <http://blulab.chpc.utah.edu/ontologies/schema/endo/colonoscopyQuality.owl#Entire_transverse_mesocolon>, <http://blulab.chpc.utah.edu/ontologies/v2/ConText.owl#Lexicon> -> <http://blulab.chpc.utah.edu/ontologies/v2/ConText.owl#Modifier> -> <http://blulab.chpc.utah.edu/ontologies/v2/ConText.owl#SemanticModifier> -> <http://blulab.chpc.utah.edu/ontologies/v2/ConText.owl#BodySite> -> <http://blulab.chpc.utah.edu/ontologies/schema/endo/colonoscopyQuality.owl#Colon_structure> -> <http://blulab.chpc.utah.edu/ontologies/schema/endo/colonoscopyQuality.owl#Left_colon> -> <http://blulab.chpc.utah.edu/ontologies/schema/endo/colonoscopyQuality.owl#Descending_colon> -> <http://blulab.chpc.utah.edu/ontologies/schema/endo/colonoscopyQuality.owl#Entire_descending_colon> -> <http://blulab.chpc.utah.edu/ontologies/schema/endo/colonoscopyQuality.owl#Left_colic_flexure> -> <http://blulab.chpc.utah.edu/ontologies/schema/endo/colonoscopyQuality.owl#Entire_transverse_colon> -> <http://blulab.chpc.utah.edu/ontologies/schema/endo/colonoscopyQuality.owl#Entire_transverse_mesocolon>, <http://blulab.chpc.utah.edu/ontologies/v2/ConText.owl#Lexicon> -> <http://blulab.chpc.utah.edu/ontologies/v2/ConText.owl#Modifier> -> <http://blulab.chpc.utah.edu/ontologies/v2/ConText.owl#SemanticModifier> -> <http://blulab.chpc.utah.edu/ontologies/v2/ConText.owl#BodySite> -> <http://blulab.chpc.utah.edu/ontologies/schema/endo/colonoscopyQuality.owl#Colon_structure> -> <http://blulab.chpc.utah.edu/ontologies/schema/endo/colonoscopyQuality.owl#Region_of_colon> -> <http://blulab.chpc.utah.edu/ontologies/schema/endo/colonoscopyQuality.owl#Descending_colon> -> <http://blulab.chpc.utah.edu/ontologies/schema/endo/colonoscopyQuality.owl#Entire_descending_colon> -> <http://blulab.chpc.utah.edu/ontologies/schema/endo/colonoscopyQuality.owl#Left_colic_flexure> -> <http://blulab.chpc.utah.edu/ontologies/schema/endo/colonoscopyQuality.owl#Entire_transverse_colon> -> <http://blulab.chpc.utah.edu/ontologies/schema/endo/colonoscopyQuality.owl#Entire_transverse_mesocolon>, <http://blulab.chpc.utah.edu/ontologies/v2/ConText.owl#Lexicon> -> <http://blulab.chpc.utah.edu/ontologies/v2/ConText.owl#Modifier> -> <http://blulab.chpc.utah.edu/ontologies/v2/ConText.owl#SemanticModifier> -> <http://blulab.chpc.utah.edu/ontologies/v2/ConText.owl#BodySite> -> <http://blulab.chpc.utah.edu/ontologies/schema/endo/colonoscopyQuality.owl#Colon_structure> -> <http://blulab.chpc.utah.edu/ontologies/schema/endo/colonoscopyQuality.owl#Region_of_colon> -> <http://blulab.chpc.utah.edu/ontologies/schema/endo/colonoscopyQuality.owl#Structure_of_colic_flexure> -> <http://blulab.chpc.utah.edu/ontologies/schema/endo/colonoscopyQuality.owl#Left_colic_flexure> -> <http://blulab.chpc.utah.edu/ontologies/schema/endo/colonoscopyQuality.owl#Entire_transverse_colon> -> <http://blulab.chpc.utah.edu/ontologies/schema/endo/colonoscopyQuality.owl#Entire_transverse_mesocolon>, <http://blulab.chpc.utah.edu/ontologies/v2/ConText.owl#Lexicon> -> <http://blulab.chpc.utah.edu/ontologies/v2/ConText.owl#Modifier> -> <http://blulab.chpc.utah.edu/ontologies/v2/ConText.owl#SemanticModifier> -> <http://blulab.chpc.utah.edu/ontologies/v2/ConText.owl#BodySite> -> <http://blulab.chpc.utah.edu/ontologies/schema/endo/colonoscopyQuality.owl#Colon_structure> -> <http://blulab.chpc.utah.edu/ontologies/schema/endo/colonoscopyQuality.owl#Entire_colon> -> <http://blulab.chpc.utah.edu/ontologies/schema/endo/colonoscopyQuality.owl#Structure_of_colic_flexure> -> <http://blulab.chpc.utah.edu/ontologies/schema/endo/colonoscopyQuality.owl#Left_colic_flexure> -> <http://blulab.chpc.utah.edu/ontologies/schema/endo/colonoscopyQuality.owl#Entire_transverse_colon> -> <http://blulab.chpc.utah.edu/ontologies/schema/endo/colonoscopyQuality.owl#Entire_transverse_mesocolon>, <http://blulab.chpc.utah.edu/ontologies/v2/ConText.owl#Lexicon> -> <http://blulab.chpc.utah.edu/ontologies/v2/ConText.owl#Modifier> -> <http://blulab.chpc.utah.edu/ontologies/v2/ConText.owl#SemanticModifier> -> <http://blulab.chpc.utah.edu/ontologies/v2/ConText.owl#BodySite> -> <http://blulab.chpc.utah.edu/ontologies/schema/endo/colonoscopyQuality.owl#Colon_structure> -> <http://blulab.chpc.utah.edu/ontologies/schema/endo/colonoscopyQuality.owl#Entire_colon> -> <http://blulab.chpc.utah.edu/ontologies/schema/endo/colonoscopyQuality.owl#Transverse_colon> -> <http://blulab.chpc.utah.edu/ontologies/schema/endo/colonoscopyQuality.owl#Left_colic_flexure> -> <http://blulab.chpc.utah.edu/ontologies/schema/endo/colonoscopyQuality.owl#Entire_transverse_colon> -> <http://blulab.chpc.utah.edu/ontologies/schema/endo/colonoscopyQuality.owl#Entire_transverse_mesocolon>, <http://blulab.chpc.utah.edu/ontologies/v2/ConText.owl#Lexicon> -> <http://blulab.chpc.utah.edu/ontologies/v2/ConText.owl#Modifier> -> <http://blulab.chpc.utah.edu/ontologies/v2/ConText.owl#SemanticModifier> -> <http://blulab.chpc.utah.edu/ontologies/v2/ConText.owl#BodySite> -> <http://blulab.chpc.utah.edu/ontologies/schema/endo/colonoscopyQuality.owl#Colon_structure> -> <http://blulab.chpc.utah.edu/ontologies/schema/endo/colonoscopyQuality.owl#Region_of_colon> -> <http://blulab.chpc.utah.edu/ontologies/schema/endo/colonoscopyQuality.owl#Transverse_colon> -> <http://blulab.chpc.utah.edu/ontologies/schema/endo/colonoscopyQuality.owl#Left_colic_flexure> -> <http://blulab.chpc.utah.edu/ontologies/schema/endo/colonoscopyQuality.owl#Entire_transverse_colon> -> <http://blulab.chpc.utah.edu/ontologies/schema/endo/colonoscopyQuality.owl#Entire_transverse_mesocolon>, <http://blulab.chpc.utah.edu/ontologies/v2/ConText.owl#Lexicon> -> <http://blulab.chpc.utah.edu/ontologies/v2/ConText.owl#Modifier> -> <http://blulab.chpc.utah.edu/ontologies/v2/ConText.owl#SemanticModifier> -> <http://blulab.chpc.utah.edu/ontologies/v2/ConText.owl#BodySite> -> <http://blulab.chpc.utah.edu/ontologies/schema/endo/colonoscopyQuality.owl#Colon_structure> -> <http://blulab.chpc.utah.edu/ontologies/schema/endo/colonoscopyQuality.owl#Transverse_colon> -> <http://blulab.chpc.utah.edu/ontologies/schema/endo/colonoscopyQuality.owl#Left_colic_flexure> -> <http://blulab.chpc.utah.edu/ontologies/schema/endo/colonoscopyQuality.owl#Entire_transverse_colon> -> <http://blulab.chpc.utah.edu/ontologies/schema/endo/colonoscopyQuality.owl#Entire_transverse_mesocolon>, <http://blulab.chpc.utah.edu/ontologies/v2/ConText.owl#Lexicon> -> <http://blulab.chpc.utah.edu/ontologies/v2/ConText.owl#Modifier> -> <http://blulab.chpc.utah.edu/ontologies/v2/ConText.owl#SemanticModifier> -> <http://blulab.chpc.utah.edu/ontologies/v2/ConText.owl#BodySite> -> <http://blulab.chpc.utah.edu/ontologies/schema/endo/colonoscopyQuality.owl#Colon_structure> -> <http://blulab.chpc.utah.edu/ontologies/schema/endo/colonoscopyQuality.owl#Left_colon> -> <http://blulab.chpc.utah.edu/ontologies/schema/endo/colonoscopyQuality.owl#Entire_left_colon> -> <http://blulab.chpc.utah.edu/ontologies/schema/endo/colonoscopyQuality.owl#Descending_colon> -> <http://blulab.chpc.utah.edu/ontologies/schema/endo/colonoscopyQuality.owl#Left_colic_flexure> -> <http://blulab.chpc.utah.edu/ontologies/schema/endo/colonoscopyQuality.owl#Entire_transverse_colon> -> <http://blulab.chpc.utah.edu/ontologies/schema/endo/colonoscopyQuality.owl#Entire_transverse_mesocolon>, <http://blulab.chpc.utah.edu/ontologies/v2/ConText.owl#Lexicon> -> <http://blulab.chpc.utah.edu/ontologies/v2/ConText.owl#Modifier> -> <http://blulab.chpc.utah.edu/ontologies/v2/ConText.owl#SemanticModifier> -> <http://blulab.chpc.utah.edu/ontologies/v2/ConText.owl#BodySite> -> <http://blulab.chpc.utah.edu/ontologies/schema/endo/colonoscopyQuality.owl#Colon_structure> -> <http://blulab.chpc.utah.edu/ontologies/schema/endo/colonoscopyQuality.owl#Entire_colon> -> <http://blulab.chpc.utah.edu/ontologies/schema/endo/colonoscopyQuality.owl#Left_colon> -> <http://blulab.chpc.utah.edu/ontologies/schema/endo/colonoscopyQuality.owl#Entire_left_colon> -> <http://blulab.chpc.utah.edu/ontologies/schema/endo/colonoscopyQuality.owl#Descending_colon> -> <http://blulab.chpc.utah.edu/ontologies/schema/endo/colonoscopyQuality.owl#Left_colic_flexure> -> <http://blulab.chpc.utah.edu/ontologies/schema/endo/colonoscopyQuality.owl#Entire_transverse_colon> -> <http://blulab.chpc.utah.edu/ontologies/schema/endo/colonoscopyQuality.owl#Entire_transverse_mesocolon>, <http://blulab.chpc.utah.edu/ontologies/v2/ConText.owl#Lexicon> -> <http://blulab.chpc.utah.edu/ontologies/v2/ConText.owl#Modifier> -> <http://blulab.chpc.utah.edu/ontologies/v2/ConText.owl#SemanticModifier> -> <http://blulab.chpc.utah.edu/ontologies/v2/ConText.owl#BodySite> -> <http://blulab.chpc.utah.edu/ontologies/schema/endo/colonoscopyQuality.owl#Colon_structure> -> <http://blulab.chpc.utah.edu/ontologies/schema/endo/colonoscopyQuality.owl#Entire_colon> -> <http://blulab.chpc.utah.edu/ontologies/schema/endo/colonoscopyQuality.owl#Left_colon> -> <http://blulab.chpc.utah.edu/ontologies/schema/endo/colonoscopyQuality.owl#Descending_colon> -> <http://blulab.chpc.utah.edu/ontologies/schema/endo/colonoscopyQuality.owl#Left_colic_flexure> -> <http://blulab.chpc.utah.edu/ontologies/schema/endo/colonoscopyQuality.owl#Entire_transverse_colon> -> <http://blulab.chpc.utah.edu/ontologies/schema/endo/colonoscopyQuality.owl#Entire_transverse_mesocolon>, <http://blulab.chpc.utah.edu/ontologies/v2/ConText.owl#Lexicon> -> <http://blulab.chpc.utah.edu/ontologies/v2/ConText.owl#Modifier> -> <http://blulab.chpc.utah.edu/ontologies/v2/ConText.owl#SemanticModifier> -> <http://blulab.chpc.utah.edu/ontologies/v2/ConText.owl#BodySite> -> <http://blulab.chpc.utah.edu/ontologies/schema/endo/colonoscopyQuality.owl#Colon_structure> -> <http://blulab.chpc.utah.edu/ontologies/schema/endo/colonoscopyQuality.owl#Left_colon> -> <http://blulab.chpc.utah.edu/ontologies/schema/endo/colonoscopyQuality.owl#Descending_colon> -> <http://blulab.chpc.utah.edu/ontologies/schema/endo/colonoscopyQuality.owl#Left_colic_flexure> -> <http://blulab.chpc.utah.edu/ontologies/schema/endo/colonoscopyQuality.owl#Entire_transverse_colon> -> <http://blulab.chpc.utah.edu/ontologies/schema/endo/colonoscopyQuality.owl#Entire_transverse_mesocolon>, <http://blulab.chpc.utah.edu/ontologies/v2/ConText.owl#Lexicon> -> <http://blulab.chpc.utah.edu/ontologies/v2/ConText.owl#Modifier> -> <http://blulab.chpc.utah.edu/ontologies/v2/ConText.owl#SemanticModifier> -> <http://blulab.chpc.utah.edu/ontologies/v2/ConText.owl#BodySite> -> <http://blulab.chpc.utah.edu/ontologies/schema/endo/colonoscopyQuality.owl#Colon_structure> -> <http://blulab.chpc.utah.edu/ontologies/schema/endo/colonoscopyQuality.owl#Region_of_colon> -> <http://blulab.chpc.utah.edu/ontologies/schema/endo/colonoscopyQuality.owl#Descending_colon> -> <http://blulab.chpc.utah.edu/ontologies/schema/endo/colonoscopyQuality.owl#Left_colic_flexure> -> <http://blulab.chpc.utah.edu/ontologies/schema/endo/colonoscopyQuality.owl#Entire_transverse_colon> -> <http://blulab.chpc.utah.edu/ontologies/schema/endo/colonoscopyQuality.owl#Entire_transverse_mesocolon>]]

	Modifier: Hepatic_flexure_of_colon, uri=http://blulab.chpc.utah.edu/ontologies/schema/endo/colonoscopyQuality.owl#Hepatic_flexure_of_colon, type= Semantic, classPath= [<http://blulab.chpc.utah.edu/ontologies/v2/ConText.owl#Lexicon> -> <http://blulab.chpc.utah.edu/ontologies/v2/ConText.owl#Modifier> -> <http://blulab.chpc.utah.edu/ontologies/v2/ConText.owl#SemanticModifier> -> <http://blulab.chpc.utah.edu/ontologies/v2/ConText.owl#BodySite> -> <http://blulab.chpc.utah.edu/ontologies/schema/endo/colonoscopyQuality.owl#Colon_structure> -> <http://blulab.chpc.utah.edu/ontologies/schema/endo/colonoscopyQuality.owl#Ascending_colon> -> <http://blulab.chpc.utah.edu/ontologies/schema/endo/colonoscopyQuality.owl#Hepatic_flexure_of_colon>, <http://blulab.chpc.utah.edu/ontologies/v2/ConText.owl#Lexicon> -> <http://blulab.chpc.utah.edu/ontologies/v2/ConText.owl#Modifier> -> <http://blulab.chpc.utah.edu/ontologies/v2/ConText.owl#SemanticModifier> -> <http://blulab.chpc.utah.edu/ontologies/v2/ConText.owl#BodySite> -> <http://blulab.chpc.utah.edu/ontologies/schema/endo/colonoscopyQuality.owl#Colon_structure> -> <http://blulab.chpc.utah.edu/ontologies/schema/endo/colonoscopyQuality.owl#Ascending_colon> -> <http://blulab.chpc.utah.edu/ontologies/schema/endo/colonoscopyQuality.owl#Entire_ascending_colon> -> <http://blulab.chpc.utah.edu/ontologies/schema/endo/colonoscopyQuality.owl#Hepatic_flexure_of_colon>, <http://blulab.chpc.utah.edu/ontologies/v2/ConText.owl#Lexicon> -> <http://blulab.chpc.utah.edu/ontologies/v2/ConText.owl#Modifier> -> <http://blulab.chpc.utah.edu/ontologies/v2/ConText.owl#SemanticModifier> -> <http://blulab.chpc.utah.edu/ontologies/v2/ConText.owl#BodySite> -> <http://blulab.chpc.utah.edu/ontologies/schema/endo/colonoscopyQuality.owl#Colon_structure> -> <http://blulab.chpc.utah.edu/ontologies/schema/endo/colonoscopyQuality.owl#Entire_colon> -> <http://blulab.chpc.utah.edu/ontologies/schema/endo/colonoscopyQuality.owl#Right_colon> -> <http://blulab.chpc.utah.edu/ontologies/schema/endo/colonoscopyQuality.owl#Entire_right_colon> -> <http://blulab.chpc.utah.edu/ontologies/schema/endo/colonoscopyQuality.owl#Ascending_colon> -> <http://blulab.chpc.utah.edu/ontologies/schema/endo/colonoscopyQuality.owl#Entire_ascending_colon> -> <http://blulab.chpc.utah.edu/ontologies/schema/endo/colonoscopyQuality.owl#Hepatic_flexure_of_colon>, <http://blulab.chpc.utah.edu/ontologies/v2/ConText.owl#Lexicon> -> <http://blulab.chpc.utah.edu/ontologies/v2/ConText.owl#Modifier> -> <http://blulab.chpc.utah.edu/ontologies/v2/ConText.owl#SemanticModifier> -> <http://blulab.chpc.utah.edu/ontologies/v2/ConText.owl#BodySite> -> <http://blulab.chpc.utah.edu/ontologies/schema/endo/colonoscopyQuality.owl#Colon_structure> -> <http://blulab.chpc.utah.edu/ontologies/schema/endo/colonoscopyQuality.owl#Entire_colon> -> <http://blulab.chpc.utah.edu/ontologies/schema/endo/colonoscopyQuality.owl#Entire_right_colon> -> <http://blulab.chpc.utah.edu/ontologies/schema/endo/colonoscopyQuality.owl#Ascending_colon> -> <http://blulab.chpc.utah.edu/ontologies/schema/endo/colonoscopyQuality.owl#Entire_ascending_colon> -> <http://blulab.chpc.utah.edu/ontologies/schema/endo/colonoscopyQuality.owl#Hepatic_flexure_of_colon>, <http://blulab.chpc.utah.edu/ontologies/v2/ConText.owl#Lexicon> -> <http://blulab.chpc.utah.edu/ontologies/v2/ConText.owl#Modifier> -> <http://blulab.chpc.utah.edu/ontologies/v2/ConText.owl#SemanticModifier> -> <http://blulab.chpc.utah.edu/ontologies/v2/ConText.owl#BodySite> -> <http://blulab.chpc.utah.edu/ontologies/schema/endo/colonoscopyQuality.owl#Colon_structure> -> <http://blulab.chpc.utah.edu/ontologies/schema/endo/colonoscopyQuality.owl#Region_of_colon> -> <http://blulab.chpc.utah.edu/ontologies/schema/endo/colonoscopyQuality.owl#Ascending_colon> -> <http://blulab.chpc.utah.edu/ontologies/schema/endo/colonoscopyQuality.owl#Entire_ascending_colon> -> <http://blulab.chpc.utah.edu/ontologies/schema/endo/colonoscopyQuality.owl#Hepatic_flexure_of_colon>, <http://blulab.chpc.utah.edu/ontologies/v2/ConText.owl#Lexicon> -> <http://blulab.chpc.utah.edu/ontologies/v2/ConText.owl#Modifier> -> <http://blulab.chpc.utah.edu/ontologies/v2/ConText.owl#SemanticModifier> -> <http://blulab.chpc.utah.edu/ontologies/v2/ConText.owl#BodySite> -> <http://blulab.chpc.utah.edu/ontologies/schema/endo/colonoscopyQuality.owl#Colon_structure> -> <http://blulab.chpc.utah.edu/ontologies/schema/endo/colonoscopyQuality.owl#Entire_colon> -> <http://blulab.chpc.utah.edu/ontologies/schema/endo/colonoscopyQuality.owl#Right_colon> -> <http://blulab.chpc.utah.edu/ontologies/schema/endo/colonoscopyQuality.owl#Ascending_colon> -> <http://blulab.chpc.utah.edu/ontologies/schema/endo/colonoscopyQuality.owl#Entire_ascending_colon> -> <http://blulab.chpc.utah.edu/ontologies/schema/endo/colonoscopyQuality.owl#Hepatic_flexure_of_colon>, <http://blulab.chpc.utah.edu/ontologies/v2/ConText.owl#Lexicon> -> <http://blulab.chpc.utah.edu/ontologies/v2/ConText.owl#Modifier> -> <http://blulab.chpc.utah.edu/ontologies/v2/ConText.owl#SemanticModifier> -> <http://blulab.chpc.utah.edu/ontologies/v2/ConText.owl#BodySite> -> <http://blulab.chpc.utah.edu/ontologies/schema/endo/colonoscopyQuality.owl#Colon_structure> -> <http://blulab.chpc.utah.edu/ontologies/schema/endo/colonoscopyQuality.owl#Entire_colon> -> <http://blulab.chpc.utah.edu/ontologies/schema/endo/colonoscopyQuality.owl#Structure_of_colic_flexure> -> <http://blulab.chpc.utah.edu/ontologies/schema/endo/colonoscopyQuality.owl#Entire_colic_flexure> -> <http://blulab.chpc.utah.edu/ontologies/schema/endo/colonoscopyQuality.owl#Hepatic_flexure_of_colon>, <http://blulab.chpc.utah.edu/ontologies/v2/ConText.owl#Lexicon> -> <http://blulab.chpc.utah.edu/ontologies/v2/ConText.owl#Modifier> -> <http://blulab.chpc.utah.edu/ontologies/v2/ConText.owl#SemanticModifier> -> <http://blulab.chpc.utah.edu/ontologies/v2/ConText.owl#BodySite> -> <http://blulab.chpc.utah.edu/ontologies/schema/endo/colonoscopyQuality.owl#Colon_structure> -> <http://blulab.chpc.utah.edu/ontologies/schema/endo/colonoscopyQuality.owl#Region_of_colon> -> <http://blulab.chpc.utah.edu/ontologies/schema/endo/colonoscopyQuality.owl#Structure_of_colic_flexure> -> <http://blulab.chpc.utah.edu/ontologies/schema/endo/colonoscopyQuality.owl#Entire_colic_flexure> -> <http://blulab.chpc.utah.edu/ontologies/schema/endo/colonoscopyQuality.owl#Hepatic_flexure_of_colon>, <http://blulab.chpc.utah.edu/ontologies/v2/ConText.owl#Lexicon> -> <http://blulab.chpc.utah.edu/ontologies/v2/ConText.owl#Modifier> -> <http://blulab.chpc.utah.edu/ontologies/v2/ConText.owl#SemanticModifier> -> <http://blulab.chpc.utah.edu/ontologies/v2/ConText.owl#BodySite> -> <http://blulab.chpc.utah.edu/ontologies/schema/endo/colonoscopyQuality.owl#Colon_structure> -> <http://blulab.chpc.utah.edu/ontologies/schema/endo/colonoscopyQuality.owl#Descending_colon> -> <http://blulab.chpc.utah.edu/ontologies/schema/endo/colonoscopyQuality.owl#Left_colic_flexure> -> <http://blulab.chpc.utah.edu/ontologies/schema/endo/colonoscopyQuality.owl#Entire_transverse_colon> -> <http://blulab.chpc.utah.edu/ontologies/schema/endo/colonoscopyQuality.owl#Hepatic_flexure_of_colon>, <http://blulab.chpc.utah.edu/ontologies/v2/ConText.owl#Lexicon> -> <http://blulab.chpc.utah.edu/ontologies/v2/ConText.owl#Modifier> -> <http://blulab.chpc.utah.edu/ontologies/v2/ConText.owl#SemanticModifier> -> <http://blulab.chpc.utah.edu/ontologies/v2/ConText.owl#BodySite> -> <http://blulab.chpc.utah.edu/ontologies/schema/endo/colonoscopyQuality.owl#Colon_structure> -> <http://blulab.chpc.utah.edu/ontologies/schema/endo/colonoscopyQuality.owl#Descending_colon> -> <http://blulab.chpc.utah.edu/ontologies/schema/endo/colonoscopyQuality.owl#Entire_descending_colon> -> <http://blulab.chpc.utah.edu/ontologies/schema/endo/colonoscopyQuality.owl#Left_colic_flexure> -> <http://blulab.chpc.utah.edu/ontologies/schema/endo/colonoscopyQuality.owl#Entire_transverse_colon> -> <http://blulab.chpc.utah.edu/ontologies/schema/endo/colonoscopyQuality.owl#Hepatic_flexure_of_colon>, <http://blulab.chpc.utah.edu/ontologies/v2/ConText.owl#Lexicon> -> <http://blulab.chpc.utah.edu/ontologies/v2/ConText.owl#Modifier> -> <http://blulab.chpc.utah.edu/ontologies/v2/ConText.owl#SemanticModifier> -> <http://blulab.chpc.utah.edu/ontologies/v2/ConText.owl#BodySite> -> <http://blulab.chpc.utah.edu/ontologies/schema/endo/colonoscopyQuality.owl#Colon_structure> -> <http://blulab.chpc.utah.edu/ontologies/schema/endo/colonoscopyQuality.owl#Left_colon> -> <http://blulab.chpc.utah.edu/ontologies/schema/endo/colonoscopyQuality.owl#Entire_left_colon> -> <http://blulab.chpc.utah.edu/ontologies/schema/endo/colonoscopyQuality.owl#Descending_colon> -> <http://blulab.chpc.utah.edu/ontologies/schema/endo/colonoscopyQuality.owl#Entire_descending_colon> -> <http://blulab.chpc.utah.edu/ontologies/schema/endo/colonoscopyQuality.owl#Left_colic_flexure> -> <http://blulab.chpc.utah.edu/ontologies/schema/endo/colonoscopyQuality.owl#Entire_transverse_colon> -> <http://blulab.chpc.utah.edu/ontologies/schema/endo/colonoscopyQuality.owl#Hepatic_flexure_of_colon>, <http://blulab.chpc.utah.edu/ontologies/v2/ConText.owl#Lexicon> -> <http://blulab.chpc.utah.edu/ontologies/v2/ConText.owl#Modifier> -> <http://blulab.chpc.utah.edu/ontologies/v2/ConText.owl#SemanticModifier> -> <http://blulab.chpc.utah.edu/ontologies/v2/ConText.owl#BodySite> -> <http://blulab.chpc.utah.edu/ontologies/schema/endo/colonoscopyQuality.owl#Colon_structure> -> <http://blulab.chpc.utah.edu/ontologies/schema/endo/colonoscopyQuality.owl#Entire_colon> -> <http://blulab.chpc.utah.edu/ontologies/schema/endo/colonoscopyQuality.owl#Left_colon> -> <http://blulab.chpc.utah.edu/ontologies/schema/endo/colonoscopyQuality.owl#Entire_left_colon> -> <http://blulab.chpc.utah.edu/ontologies/schema/endo/colonoscopyQuality.owl#Descending_colon> -> <http://blulab.chpc.utah.edu/ontologies/schema/endo/colonoscopyQuality.owl#Entire_descending_colon> -> <http://blulab.chpc.utah.edu/ontologies/schema/endo/colonoscopyQuality.owl#Left_colic_flexure> -> <http://blulab.chpc.utah.edu/ontologies/schema/endo/colonoscopyQuality.owl#Entire_transverse_colon> -> <http://blulab.chpc.utah.edu/ontologies/schema/endo/colonoscopyQuality.owl#Hepatic_flexure_of_colon>, <http://blulab.chpc.utah.edu/ontologies/v2/ConText.owl#Lexicon> -> <http://blulab.chpc.utah.edu/ontologies/v2/ConText.owl#Modifier> -> <http://blulab.chpc.utah.edu/ontologies/v2/ConText.owl#SemanticModifier> -> <http://blulab.chpc.utah.edu/ontologies/v2/ConText.owl#BodySite> -> <http://blulab.chpc.utah.edu/ontologies/schema/endo/colonoscopyQuality.owl#Colon_structure> -> <http://blulab.chpc.utah.edu/ontologies/schema/endo/colonoscopyQuality.owl#Entire_colon> -> <http://blulab.chpc.utah.edu/ontologies/schema/endo/colonoscopyQuality.owl#Left_colon> -> <http://blulab.chpc.utah.edu/ontologies/schema/endo/colonoscopyQuality.owl#Descending_colon> -> <http://blulab.chpc.utah.edu/ontologies/schema/endo/colonoscopyQuality.owl#Entire_descending_colon> -> <http://blulab.chpc.utah.edu/ontologies/schema/endo/colonoscopyQuality.owl#Left_colic_flexure> -> <http://blulab.chpc.utah.edu/ontologies/schema/endo/colonoscopyQuality.owl#Entire_transverse_colon> -> <http://blulab.chpc.utah.edu/ontologies/schema/endo/colonoscopyQuality.owl#Hepatic_flexure_of_colon>, <http://blulab.chpc.utah.edu/ontologies/v2/ConText.owl#Lexicon> -> <http://blulab.chpc.utah.edu/ontologies/v2/ConText.owl#Modifier> -> <http://blulab.chpc.utah.edu/ontologies/v2/ConText.owl#SemanticModifier> -> <http://blulab.chpc.utah.edu/ontologies/v2/ConText.owl#BodySite> -> <http://blulab.chpc.utah.edu/ontologies/schema/endo/colonoscopyQuality.owl#Colon_structure> -> <http://blulab.chpc.utah.edu/ontologies/schema/endo/colonoscopyQuality.owl#Left_colon> -> <http://blulab.chpc.utah.edu/ontologies/schema/endo/colonoscopyQuality.owl#Descending_colon> -> <http://blulab.chpc.utah.edu/ontologies/schema/endo/colonoscopyQuality.owl#Entire_descending_colon> -> <http://blulab.chpc.utah.edu/ontologies/schema/endo/colonoscopyQuality.owl#Left_colic_flexure> -> <http://blulab.chpc.utah.edu/ontologies/schema/endo/colonoscopyQuality.owl#Entire_transverse_colon> -> <http://blulab.chpc.utah.edu/ontologies/schema/endo/colonoscopyQuality.owl#Hepatic_flexure_of_colon>, <http://blulab.chpc.utah.edu/ontologies/v2/ConText.owl#Lexicon> -> <http://blulab.chpc.utah.edu/ontologies/v2/ConText.owl#Modifier> -> <http://blulab.chpc.utah.edu/ontologies/v2/ConText.owl#SemanticModifier> -> <http://blulab.chpc.utah.edu/ontologies/v2/ConText.owl#BodySite> -> <http://blulab.chpc.utah.edu/ontologies/schema/endo/colonoscopyQuality.owl#Colon_structure> -> <http://blulab.chpc.utah.edu/ontologies/schema/endo/colonoscopyQuality.owl#Region_of_colon> -> <http://blulab.chpc.utah.edu/ontologies/schema/endo/colonoscopyQuality.owl#Descending_colon> -> <http://blulab.chpc.utah.edu/ontologies/schema/endo/colonoscopyQuality.owl#Entire_descending_colon> -> <http://blulab.chpc.utah.edu/ontologies/schema/endo/colonoscopyQuality.owl#Left_colic_flexure> -> <http://blulab.chpc.utah.edu/ontologies/schema/endo/colonoscopyQuality.owl#Entire_transverse_colon> -> <http://blulab.chpc.utah.edu/ontologies/schema/endo/colonoscopyQuality.owl#Hepatic_flexure_of_colon>, <http://blulab.chpc.utah.edu/ontologies/v2/ConText.owl#Lexicon> -> <http://blulab.chpc.utah.edu/ontologies/v2/ConText.owl#Modifier> -> <http://blulab.chpc.utah.edu/ontologies/v2/ConText.owl#SemanticModifier> -> <http://blulab.chpc.utah.edu/ontologies/v2/ConText.owl#BodySite> -> <http://blulab.chpc.utah.edu/ontologies/schema/endo/colonoscopyQuality.owl#Colon_structure> -> <http://blulab.chpc.utah.edu/ontologies/schema/endo/colonoscopyQuality.owl#Region_of_colon> -> <http://blulab.chpc.utah.edu/ontologies/schema/endo/colonoscopyQuality.owl#Structure_of_colic_flexure> -> <http://blulab.chpc.utah.edu/ontologies/schema/endo/colonoscopyQuality.owl#Left_colic_flexure> -> <http://blulab.chpc.utah.edu/ontologies/schema/endo/colonoscopyQuality.owl#Entire_transverse_colon> -> <http://blulab.chpc.utah.edu/ontologies/schema/endo/colonoscopyQuality.owl#Hepatic_flexure_of_colon>, <http://blulab.chpc.utah.edu/ontologies/v2/ConText.owl#Lexicon> -> <http://blulab.chpc.utah.edu/ontologies/v2/ConText.owl#Modifier> -> <http://blulab.chpc.utah.edu/ontologies/v2/ConText.owl#SemanticModifier> -> <http://blulab.chpc.utah.edu/ontologies/v2/ConText.owl#BodySite> -> <http://blulab.chpc.utah.edu/ontologies/schema/endo/colonoscopyQuality.owl#Colon_structure> -> <http://blulab.chpc.utah.edu/ontologies/schema/endo/colonoscopyQuality.owl#Entire_colon> -> <http://blulab.chpc.utah.edu/ontologies/schema/endo/colonoscopyQuality.owl#Structure_of_colic_flexure> -> <http://blulab.chpc.utah.edu/ontologies/schema/endo/colonoscopyQuality.owl#Left_colic_flexure> -> <http://blulab.chpc.utah.edu/ontologies/schema/endo/colonoscopyQuality.owl#Entire_transverse_colon> -> <http://blulab.chpc.utah.edu/ontologies/schema/endo/colonoscopyQuality.owl#Hepatic_flexure_of_colon>, <http://blulab.chpc.utah.edu/ontologies/v2/ConText.owl#Lexicon> -> <http://blulab.chpc.utah.edu/ontologies/v2/ConText.owl#Modifier> -> <http://blulab.chpc.utah.edu/ontologies/v2/ConText.owl#SemanticModifier> -> <http://blulab.chpc.utah.edu/ontologies/v2/ConText.owl#BodySite> -> <http://blulab.chpc.utah.edu/ontologies/schema/endo/colonoscopyQuality.owl#Colon_structure> -> <http://blulab.chpc.utah.edu/ontologies/schema/endo/colonoscopyQuality.owl#Entire_colon> -> <http://blulab.chpc.utah.edu/ontologies/schema/endo/colonoscopyQuality.owl#Transverse_colon> -> <http://blulab.chpc.utah.edu/ontologies/schema/endo/colonoscopyQuality.owl#Left_colic_flexure> -> <http://blulab.chpc.utah.edu/ontologies/schema/endo/colonoscopyQuality.owl#Entire_transverse_colon> -> <http://blulab.chpc.utah.edu/ontologies/schema/endo/colonoscopyQuality.owl#Hepatic_flexure_of_colon>, <http://blulab.chpc.utah.edu/ontologies/v2/ConText.owl#Lexicon> -> <http://blulab.chpc.utah.edu/ontologies/v2/ConText.owl#Modifier> -> <http://blulab.chpc.utah.edu/ontologies/v2/ConText.owl#SemanticModifier> -> <http://blulab.chpc.utah.edu/ontologies/v2/ConText.owl#BodySite> -> <http://blulab.chpc.utah.edu/ontologies/schema/endo/colonoscopyQuality.owl#Colon_structure> -> <http://blulab.chpc.utah.edu/ontologies/schema/endo/colonoscopyQuality.owl#Region_of_colon> -> <http://blulab.chpc.utah.edu/ontologies/schema/endo/colonoscopyQuality.owl#Transverse_colon> -> <http://blulab.chpc.utah.edu/ontologies/schema/endo/colonoscopyQuality.owl#Left_colic_flexure> -> <http://blulab.chpc.utah.edu/ontologies/schema/endo/colonoscopyQuality.owl#Entire_transverse_colon> -> <http://blulab.chpc.utah.edu/ontologies/schema/endo/colonoscopyQuality.owl#Hepatic_flexure_of_colon>, <http://blulab.chpc.utah.edu/ontologies/v2/ConText.owl#Lexicon> -> <http://blulab.chpc.utah.edu/ontologies/v2/ConText.owl#Modifier> -> <http://blulab.chpc.utah.edu/ontologies/v2/ConText.owl#SemanticModifier> -> <http://blulab.chpc.utah.edu/ontologies/v2/ConText.owl#BodySite> -> <http://blulab.chpc.utah.edu/ontologies/schema/endo/colonoscopyQuality.owl#Colon_structure> -> <http://blulab.chpc.utah.edu/ontologies/schema/endo/colonoscopyQuality.owl#Transverse_colon> -> <http://blulab.chpc.utah.edu/ontologies/schema/endo/colonoscopyQuality.owl#Left_colic_flexure> -> <http://blulab.chpc.utah.edu/ontologies/schema/endo/colonoscopyQuality.owl#Entire_transverse_colon> -> <http://blulab.chpc.utah.edu/ontologies/schema/endo/colonoscopyQuality.owl#Hepatic_flexure_of_colon>, <http://blulab.chpc.utah.edu/ontologies/v2/ConText.owl#Lexicon> -> <http://blulab.chpc.utah.edu/ontologies/v2/ConText.owl#Modifier> -> <http://blulab.chpc.utah.edu/ontologies/v2/ConText.owl#SemanticModifier> -> <http://blulab.chpc.utah.edu/ontologies/v2/ConText.owl#BodySite> -> <http://blulab.chpc.utah.edu/ontologies/schema/endo/colonoscopyQuality.owl#Colon_structure> -> <http://blulab.chpc.utah.edu/ontologies/schema/endo/colonoscopyQuality.owl#Left_colon> -> <http://blulab.chpc.utah.edu/ontologies/schema/endo/colonoscopyQuality.owl#Entire_left_colon> -> <http://blulab.chpc.utah.edu/ontologies/schema/endo/colonoscopyQuality.owl#Descending_colon> -> <http://blulab.chpc.utah.edu/ontologies/schema/endo/colonoscopyQuality.owl#Left_colic_flexure> -> <http://blulab.chpc.utah.edu/ontologies/schema/endo/colonoscopyQuality.owl#Entire_transverse_colon> -> <http://blulab.chpc.utah.edu/ontologies/schema/endo/colonoscopyQuality.owl#Hepatic_flexure_of_colon>, <http://blulab.chpc.utah.edu/ontologies/v2/ConText.owl#Lexicon> -> <http://blulab.chpc.utah.edu/ontologies/v2/ConText.owl#Modifier> -> <http://blulab.chpc.utah.edu/ontologies/v2/ConText.owl#SemanticModifier> -> <http://blulab.chpc.utah.edu/ontologies/v2/ConText.owl#BodySite> -> <http://blulab.chpc.utah.edu/ontologies/schema/endo/colonoscopyQuality.owl#Colon_structure> -> <http://blulab.chpc.utah.edu/ontologies/schema/endo/colonoscopyQuality.owl#Entire_colon> -> <http://blulab.chpc.utah.edu/ontologies/schema/endo/colonoscopyQuality.owl#Left_colon> -> <http://blulab.chpc.utah.edu/ontologies/schema/endo/colonoscopyQuality.owl#Entire_left_colon> -> <http://blulab.chpc.utah.edu/ontologies/schema/endo/colonoscopyQuality.owl#Descending_colon> -> <http://blulab.chpc.utah.edu/ontologies/schema/endo/colonoscopyQuality.owl#Left_colic_flexure> -> <http://blulab.chpc.utah.edu/ontologies/schema/endo/colonoscopyQuality.owl#Entire_transverse_colon> -> <http://blulab.chpc.utah.edu/ontologies/schema/endo/colonoscopyQuality.owl#Hepatic_flexure_of_colon>, <http://blulab.chpc.utah.edu/ontologies/v2/ConText.owl#Lexicon> -> <http://blulab.chpc.utah.edu/ontologies/v2/ConText.owl#Modifier> -> <http://blulab.chpc.utah.edu/ontologies/v2/ConText.owl#SemanticModifier> -> <http://blulab.chpc.utah.edu/ontologies/v2/ConText.owl#BodySite> -> <http://blulab.chpc.utah.edu/ontologies/schema/endo/colonoscopyQuality.owl#Colon_structure> -> <http://blulab.chpc.utah.edu/ontologies/schema/endo/colonoscopyQuality.owl#Entire_colon> -> <http://blulab.chpc.utah.edu/ontologies/schema/endo/colonoscopyQuality.owl#Left_colon> -> <http://blulab.chpc.utah.edu/ontologies/schema/endo/colonoscopyQuality.owl#Descending_colon> -> <http://blulab.chpc.utah.edu/ontologies/schema/endo/colonoscopyQuality.owl#Left_colic_flexure> -> <http://blulab.chpc.utah.edu/ontologies/schema/endo/colonoscopyQuality.owl#Entire_transverse_colon> -> <http://blulab.chpc.utah.edu/ontologies/schema/endo/colonoscopyQuality.owl#Hepatic_flexure_of_colon>, <http://blulab.chpc.utah.edu/ontologies/v2/ConText.owl#Lexicon> -> <http://blulab.chpc.utah.edu/ontologies/v2/ConText.owl#Modifier> -> <http://blulab.chpc.utah.edu/ontologies/v2/ConText.owl#SemanticModifier> -> <http://blulab.chpc.utah.edu/ontologies/v2/ConText.owl#BodySite> -> <http://blulab.chpc.utah.edu/ontologies/schema/endo/colonoscopyQuality.owl#Colon_structure> -> <http://blulab.chpc.utah.edu/ontologies/schema/endo/colonoscopyQuality.owl#Left_colon> -> <http://blulab.chpc.utah.edu/ontologies/schema/endo/colonoscopyQuality.owl#Descending_colon> -> <http://blulab.chpc.utah.edu/ontologies/schema/endo/colonoscopyQuality.owl#Left_colic_flexure> -> <http://blulab.chpc.utah.edu/ontologies/schema/endo/colonoscopyQuality.owl#Entire_transverse_colon> -> <http://blulab.chpc.utah.edu/ontologies/schema/endo/colonoscopyQuality.owl#Hepatic_flexure_of_colon>, <http://blulab.chpc.utah.edu/ontologies/v2/ConText.owl#Lexicon> -> <http://blulab.chpc.utah.edu/ontologies/v2/ConText.owl#Modifier> -> <http://blulab.chpc.utah.edu/ontologies/v2/ConText.owl#SemanticModifier> -> <http://blulab.chpc.utah.edu/ontologies/v2/ConText.owl#BodySite> -> <http://blulab.chpc.utah.edu/ontologies/schema/endo/colonoscopyQuality.owl#Colon_structure> -> <http://blulab.chpc.utah.edu/ontologies/schema/endo/colonoscopyQuality.owl#Region_of_colon> -> <http://blulab.chpc.utah.edu/ontologies/schema/endo/colonoscopyQuality.owl#Descending_colon> -> <http://blulab.chpc.utah.edu/ontologies/schema/endo/colonoscopyQuality.owl#Left_colic_flexure> -> <http://blulab.chpc.utah.edu/ontologies/schema/endo/colonoscopyQuality.owl#Entire_transverse_colon> -> <http://blulab.chpc.utah.edu/ontologies/schema/endo/colonoscopyQuality.owl#Hepatic_flexure_of_colon>, <http://blulab.chpc.utah.edu/ontologies/v2/ConText.owl#Lexicon> -> <http://blulab.chpc.utah.edu/ontologies/v2/ConText.owl#Modifier> -> <http://blulab.chpc.utah.edu/ontologies/v2/ConText.owl#SemanticModifier> -> <http://blulab.chpc.utah.edu/ontologies/v2/ConText.owl#BodySite> -> <http://blulab.chpc.utah.edu/ontologies/schema/endo/colonoscopyQuality.owl#Colon_structure> -> <http://blulab.chpc.utah.edu/ontologies/schema/endo/colonoscopyQuality.owl#Region_of_colon> -> <http://blulab.chpc.utah.edu/ontologies/schema/endo/colonoscopyQuality.owl#Structure_of_colic_flexure> -> <http://blulab.chpc.utah.edu/ontologies/schema/endo/colonoscopyQuality.owl#Hepatic_flexure_of_colon>, <http://blulab.chpc.utah.edu/ontologies/v2/ConText.owl#Lexicon> -> <http://blulab.chpc.utah.edu/ontologies/v2/ConText.owl#Modifier> -> <http://blulab.chpc.utah.edu/ontologies/v2/ConText.owl#SemanticModifier> -> <http://blulab.chpc.utah.edu/ontologies/v2/ConText.owl#BodySite> -> <http://blulab.chpc.utah.edu/ontologies/schema/endo/colonoscopyQuality.owl#Colon_structure> -> <http://blulab.chpc.utah.edu/ontologies/schema/endo/colonoscopyQuality.owl#Entire_colon> -> <http://blulab.chpc.utah.edu/ontologies/schema/endo/colonoscopyQuality.owl#Structure_of_colic_flexure> -> <http://blulab.chpc.utah.edu/ontologies/schema/endo/colonoscopyQuality.owl#Hepatic_flexure_of_colon>, <http://blulab.chpc.utah.edu/ontologies/v2/ConText.owl#Lexicon> -> <http://blulab.chpc.utah.edu/ontologies/v2/ConText.owl#Modifier> -> <http://blulab.chpc.utah.edu/ontologies/v2/ConText.owl#SemanticModifier> -> <http://blulab.chpc.utah.edu/ontologies/v2/ConText.owl#BodySite> -> <http://blulab.chpc.utah.edu/ontologies/schema/endo/colonoscopyQuality.owl#Colon_structure> -> <http://blulab.chpc.utah.edu/ontologies/schema/endo/colonoscopyQuality.owl#Entire_colon> -> <http://blulab.chpc.utah.edu/ontologies/schema/endo/colonoscopyQuality.owl#Transverse_colon> -> <http://blulab.chpc.utah.edu/ontologies/schema/endo/colonoscopyQuality.owl#Hepatic_flexure_of_colon>, <http://blulab.chpc.utah.edu/ontologies/v2/ConText.owl#Lexicon> -> <http://blulab.chpc.utah.edu/ontologies/v2/ConText.owl#Modifier> -> <http://blulab.chpc.utah.edu/ontologies/v2/ConText.owl#SemanticModifier> -> <http://blulab.chpc.utah.edu/ontologies/v2/ConText.owl#BodySite> -> <http://blulab.chpc.utah.edu/ontologies/schema/endo/colonoscopyQuality.owl#Colon_structure> -> <http://blulab.chpc.utah.edu/ontologies/schema/endo/colonoscopyQuality.owl#Region_of_colon> -> <http://blulab.chpc.utah.edu/ontologies/schema/endo/colonoscopyQuality.owl#Transverse_colon> -> <http://blulab.chpc.utah.edu/ontologies/schema/endo/colonoscopyQuality.owl#Hepatic_flexure_of_colon>, <http://blulab.chpc.utah.edu/ontologies/v2/ConText.owl#Lexicon> -> <http://blulab.chpc.utah.edu/ontologies/v2/ConText.owl#Modifier> -> <http://blulab.chpc.utah.edu/ontologies/v2/ConText.owl#SemanticModifier> -> <http://blulab.chpc.utah.edu/ontologies/v2/ConText.owl#BodySite> -> <http://blulab.chpc.utah.edu/ontologies/schema/endo/colonoscopyQuality.owl#Colon_structure> -> <http://blulab.chpc.utah.edu/ontologies/schema/endo/colonoscopyQuality.owl#Transverse_colon> -> <http://blulab.chpc.utah.edu/ontologies/schema/endo/colonoscopyQuality.owl#Hepatic_flexure_of_colon>, <http://blulab.chpc.utah.edu/ontologies/v2/ConText.owl#Lexicon> -> <http://blulab.chpc.utah.edu/ontologies/v2/ConText.owl#Modifier> -> <http://blulab.chpc.utah.edu/ontologies/v2/ConText.owl#SemanticModifier> -> <http://blulab.chpc.utah.edu/ontologies/v2/ConText.owl#BodySite> -> <http://blulab.chpc.utah.edu/ontologies/schema/endo/colonoscopyQuality.owl#Colon_structure> -> <http://blulab.chpc.utah.edu/ontologies/schema/endo/colonoscopyQuality.owl#Entire_colon> -> <http://blulab.chpc.utah.edu/ontologies/schema/endo/colonoscopyQuality.owl#Right_colon> -> <http://blulab.chpc.utah.edu/ontologies/schema/endo/colonoscopyQuality.owl#Entire_right_colon> -> <http://blulab.chpc.utah.edu/ontologies/schema/endo/colonoscopyQuality.owl#Ascending_colon> -> <http://blulab.chpc.utah.edu/ontologies/schema/endo/colonoscopyQuality.owl#Hepatic_flexure_of_colon>, <http://blulab.chpc.utah.edu/ontologies/v2/ConText.owl#Lexicon> -> <http://blulab.chpc.utah.edu/ontologies/v2/ConText.owl#Modifier> -> <http://blulab.chpc.utah.edu/ontologies/v2/ConText.owl#SemanticModifier> -> <http://blulab.chpc.utah.edu/ontologies/v2/ConText.owl#BodySite> -> <http://blulab.chpc.utah.edu/ontologies/schema/endo/colonoscopyQuality.owl#Colon_structure> -> <http://blulab.chpc.utah.edu/ontologies/schema/endo/colonoscopyQuality.owl#Entire_colon> -> <http://blulab.chpc.utah.edu/ontologies/schema/endo/colonoscopyQuality.owl#Entire_right_colon> -> <http://blulab.chpc.utah.edu/ontologies/schema/endo/colonoscopyQuality.owl#Ascending_colon> -> <http://blulab.chpc.utah.edu/ontologies/schema/endo/colonoscopyQuality.owl#Hepatic_flexure_of_colon>, <http://blulab.chpc.utah.edu/ontologies/v2/ConText.owl#Lexicon> -> <http://blulab.chpc.utah.edu/ontologies/v2/ConText.owl#Modifier> -> <http://blulab.chpc.utah.edu/ontologies/v2/ConText.owl#SemanticModifier> -> <http://blulab.chpc.utah.edu/ontologies/v2/ConText.owl#BodySite> -> <http://blulab.chpc.utah.edu/ontologies/schema/endo/colonoscopyQuality.owl#Colon_structure> -> <http://blulab.chpc.utah.edu/ontologies/schema/endo/colonoscopyQuality.owl#Region_of_colon> -> <http://blulab.chpc.utah.edu/ontologies/schema/endo/colonoscopyQuality.owl#Ascending_colon> -> <http://blulab.chpc.utah.edu/ontologies/schema/endo/colonoscopyQuality.owl#Hepatic_flexure_of_colon>, <http://blulab.chpc.utah.edu/ontologies/v2/ConText.owl#Lexicon> -> <http://blulab.chpc.utah.edu/ontologies/v2/ConText.owl#Modifier> -> <http://blulab.chpc.utah.edu/ontologies/v2/ConText.owl#SemanticModifier> -> <http://blulab.chpc.utah.edu/ontologies/v2/ConText.owl#BodySite> -> <http://blulab.chpc.utah.edu/ontologies/schema/endo/colonoscopyQuality.owl#Colon_structure> -> <http://blulab.chpc.utah.edu/ontologies/schema/endo/colonoscopyQuality.owl#Entire_colon> -> <http://blulab.chpc.utah.edu/ontologies/schema/endo/colonoscopyQuality.owl#Right_colon> -> <http://blulab.chpc.utah.edu/ontologies/schema/endo/colonoscopyQuality.owl#Ascending_colon> -> <http://blulab.chpc.utah.edu/ontologies/schema/endo/colonoscopyQuality.owl#Hepatic_flexure_of_colon>]]

	Modifier: Structure_of_transverse_mesocolon, uri=http://blulab.chpc.utah.edu/ontologies/schema/endo/colonoscopyQuality.owl#Structure_of_transverse_mesocolon, type= Semantic, classPath= [<http://blulab.chpc.utah.edu/ontologies/v2/ConText.owl#Lexicon> -> <http://blulab.chpc.utah.edu/ontologies/v2/ConText.owl#Modifier> -> <http://blulab.chpc.utah.edu/ontologies/v2/ConText.owl#SemanticModifier> -> <http://blulab.chpc.utah.edu/ontologies/v2/ConText.owl#BodySite> -> <http://blulab.chpc.utah.edu/ontologies/schema/endo/colonoscopyQuality.owl#Colon_structure> -> <http://blulab.chpc.utah.edu/ontologies/schema/endo/colonoscopyQuality.owl#Descending_colon> -> <http://blulab.chpc.utah.edu/ontologies/schema/endo/colonoscopyQuality.owl#Left_colic_flexure> -> <http://blulab.chpc.utah.edu/ontologies/schema/endo/colonoscopyQuality.owl#Entire_transverse_colon> -> <http://blulab.chpc.utah.edu/ontologies/schema/endo/colonoscopyQuality.owl#Structure_of_transverse_mesocolon>, <http://blulab.chpc.utah.edu/ontologies/v2/ConText.owl#Lexicon> -> <http://blulab.chpc.utah.edu/ontologies/v2/ConText.owl#Modifier> -> <http://blulab.chpc.utah.edu/ontologies/v2/ConText.owl#SemanticModifier> -> <http://blulab.chpc.utah.edu/ontologies/v2/ConText.owl#BodySite> -> <http://blulab.chpc.utah.edu/ontologies/schema/endo/colonoscopyQuality.owl#Colon_structure> -> <http://blulab.chpc.utah.edu/ontologies/schema/endo/colonoscopyQuality.owl#Descending_colon> -> <http://blulab.chpc.utah.edu/ontologies/schema/endo/colonoscopyQuality.owl#Entire_descending_colon> -> <http://blulab.chpc.utah.edu/ontologies/schema/endo/colonoscopyQuality.owl#Left_colic_flexure> -> <http://blulab.chpc.utah.edu/ontologies/schema/endo/colonoscopyQuality.owl#Entire_transverse_colon> -> <http://blulab.chpc.utah.edu/ontologies/schema/endo/colonoscopyQuality.owl#Structure_of_transverse_mesocolon>, <http://blulab.chpc.utah.edu/ontologies/v2/ConText.owl#Lexicon> -> <http://blulab.chpc.utah.edu/ontologies/v2/ConText.owl#Modifier> -> <http://blulab.chpc.utah.edu/ontologies/v2/ConText.owl#SemanticModifier> -> <http://blulab.chpc.utah.edu/ontologies/v2/ConText.owl#BodySite> -> <http://blulab.chpc.utah.edu/ontologies/schema/endo/colonoscopyQuality.owl#Colon_structure> -> <http://blulab.chpc.utah.edu/ontologies/schema/endo/colonoscopyQuality.owl#Left_colon> -> <http://blulab.chpc.utah.edu/ontologies/schema/endo/colonoscopyQuality.owl#Entire_left_colon> -> <http://blulab.chpc.utah.edu/ontologies/schema/endo/colonoscopyQuality.owl#Descending_colon> -> <http://blulab.chpc.utah.edu/ontologies/schema/endo/colonoscopyQuality.owl#Entire_descending_colon> -> <http://blulab.chpc.utah.edu/ontologies/schema/endo/colonoscopyQuality.owl#Left_colic_flexure> -> <http://blulab.chpc.utah.edu/ontologies/schema/endo/colonoscopyQuality.owl#Entire_transverse_colon> -> <http://blulab.chpc.utah.edu/ontologies/schema/endo/colonoscopyQuality.owl#Structure_of_transverse_mesocolon>, <http://blulab.chpc.utah.edu/ontologies/v2/ConText.owl#Lexicon> -> <http://blulab.chpc.utah.edu/ontologies/v2/ConText.owl#Modifier> -> <http://blulab.chpc.utah.edu/ontologies/v2/ConText.owl#SemanticModifier> -> <http://blulab.chpc.utah.edu/ontologies/v2/ConText.owl#BodySite> -> <http://blulab.chpc.utah.edu/ontologies/schema/endo/colonoscopyQuality.owl#Colon_structure> -> <http://blulab.chpc.utah.edu/ontologies/schema/endo/colonoscopyQuality.owl#Entire_colon> -> <http://blulab.chpc.utah.edu/ontologies/schema/endo/colonoscopyQuality.owl#Left_colon> -> <http://blulab.chpc.utah.edu/ontologies/schema/endo/colonoscopyQuality.owl#Entire_left_colon> -> <http://blulab.chpc.utah.edu/ontologies/schema/endo/colonoscopyQuality.owl#Descending_colon> -> <http://blulab.chpc.utah.edu/ontologies/schema/endo/colonoscopyQuality.owl#Entire_descending_colon> -> <http://blulab.chpc.utah.edu/ontologies/schema/endo/colonoscopyQuality.owl#Left_colic_flexure> -> <http://blulab.chpc.utah.edu/ontologies/schema/endo/colonoscopyQuality.owl#Entire_transverse_colon> -> <http://blulab.chpc.utah.edu/ontologies/schema/endo/colonoscopyQuality.owl#Structure_of_transverse_mesocolon>, <http://blulab.chpc.utah.edu/ontologies/v2/ConText.owl#Lexicon> -> <http://blulab.chpc.utah.edu/ontologies/v2/ConText.owl#Modifier> -> <http://blulab.chpc.utah.edu/ontologies/v2/ConText.owl#SemanticModifier> -> <http://blulab.chpc.utah.edu/ontologies/v2/ConText.owl#BodySite> -> <http://blulab.chpc.utah.edu/ontologies/schema/endo/colonoscopyQuality.owl#Colon_structure> -> <http://blulab.chpc.utah.edu/ontologies/schema/endo/colonoscopyQuality.owl#Entire_colon> -> <http://blulab.chpc.utah.edu/ontologies/schema/endo/colonoscopyQuality.owl#Left_colon> -> <http://blulab.chpc.utah.edu/ontologies/schema/endo/colonoscopyQuality.owl#Descending_colon> -> <http://blulab.chpc.utah.edu/ontologies/schema/endo/colonoscopyQuality.owl#Entire_descending_colon> -> <http://blulab.chpc.utah.edu/ontologies/schema/endo/colonoscopyQuality.owl#Left_colic_flexure> -> <http://blulab.chpc.utah.edu/ontologies/schema/endo/colonoscopyQuality.owl#Entire_transverse_colon> -> <http://blulab.chpc.utah.edu/ontologies/schema/endo/colonoscopyQuality.owl#Structure_of_transverse_mesocolon>, <http://blulab.chpc.utah.edu/ontologies/v2/ConText.owl#Lexicon> -> <http://blulab.chpc.utah.edu/ontologies/v2/ConText.owl#Modifier> -> <http://blulab.chpc.utah.edu/ontologies/v2/ConText.owl#SemanticModifier> -> <http://blulab.chpc.utah.edu/ontologies/v2/ConText.owl#BodySite> -> <http://blulab.chpc.utah.edu/ontologies/schema/endo/colonoscopyQuality.owl#Colon_structure> -> <http://blulab.chpc.utah.edu/ontologies/schema/endo/colonoscopyQuality.owl#Left_colon> -> <http://blulab.chpc.utah.edu/ontologies/schema/endo/colonoscopyQuality.owl#Descending_colon> -> <http://blulab.chpc.utah.edu/ontologies/schema/endo/colonoscopyQuality.owl#Entire_descending_colon> -> <http://blulab.chpc.utah.edu/ontologies/schema/endo/colonoscopyQuality.owl#Left_colic_flexure> -> <http://blulab.chpc.utah.edu/ontologies/schema/endo/colonoscopyQuality.owl#Entire_transverse_colon> -> <http://blulab.chpc.utah.edu/ontologies/schema/endo/colonoscopyQuality.owl#Structure_of_transverse_mesocolon>, <http://blulab.chpc.utah.edu/ontologies/v2/ConText.owl#Lexicon> -> <http://blulab.chpc.utah.edu/ontologies/v2/ConText.owl#Modifier> -> <http://blulab.chpc.utah.edu/ontologies/v2/ConText.owl#SemanticModifier> -> <http://blulab.chpc.utah.edu/ontologies/v2/ConText.owl#BodySite> -> <http://blulab.chpc.utah.edu/ontologies/schema/endo/colonoscopyQuality.owl#Colon_structure> -> <http://blulab.chpc.utah.edu/ontologies/schema/endo/colonoscopyQuality.owl#Region_of_colon> -> <http://blulab.chpc.utah.edu/ontologies/schema/endo/colonoscopyQuality.owl#Descending_colon> -> <http://blulab.chpc.utah.edu/ontologies/schema/endo/colonoscopyQuality.owl#Entire_descending_colon> -> <http://blulab.chpc.utah.edu/ontologies/schema/endo/colonoscopyQuality.owl#Left_colic_flexure> -> <http://blulab.chpc.utah.edu/ontologies/schema/endo/colonoscopyQuality.owl#Entire_transverse_colon> -> <http://blulab.chpc.utah.edu/ontologies/schema/endo/colonoscopyQuality.owl#Structure_of_transverse_mesocolon>, <http://blulab.chpc.utah.edu/ontologies/v2/ConText.owl#Lexicon> -> <http://blulab.chpc.utah.edu/ontologies/v2/ConText.owl#Modifier> -> <http://blulab.chpc.utah.edu/ontologies/v2/ConText.owl#SemanticModifier> -> <http://blulab.chpc.utah.edu/ontologies/v2/ConText.owl#BodySite> -> <http://blulab.chpc.utah.edu/ontologies/schema/endo/colonoscopyQuality.owl#Colon_structure> -> <http://blulab.chpc.utah.edu/ontologies/schema/endo/colonoscopyQuality.owl#Region_of_colon> -> <http://blulab.chpc.utah.edu/ontologies/schema/endo/colonoscopyQuality.owl#Structure_of_colic_flexure> -> <http://blulab.chpc.utah.edu/ontologies/schema/endo/colonoscopyQuality.owl#Left_colic_flexure> -> <http://blulab.chpc.utah.edu/ontologies/schema/endo/colonoscopyQuality.owl#Entire_transverse_colon> -> <http://blulab.chpc.utah.edu/ontologies/schema/endo/colonoscopyQuality.owl#Structure_of_transverse_mesocolon>, <http://blulab.chpc.utah.edu/ontologies/v2/ConText.owl#Lexicon> -> <http://blulab.chpc.utah.edu/ontologies/v2/ConText.owl#Modifier> -> <http://blulab.chpc.utah.edu/ontologies/v2/ConText.owl#SemanticModifier> -> <http://blulab.chpc.utah.edu/ontologies/v2/ConText.owl#BodySite> -> <http://blulab.chpc.utah.edu/ontologies/schema/endo/colonoscopyQuality.owl#Colon_structure> -> <http://blulab.chpc.utah.edu/ontologies/schema/endo/colonoscopyQuality.owl#Entire_colon> -> <http://blulab.chpc.utah.edu/ontologies/schema/endo/colonoscopyQuality.owl#Structure_of_colic_flexure> -> <http://blulab.chpc.utah.edu/ontologies/schema/endo/colonoscopyQuality.owl#Left_colic_flexure> -> <http://blulab.chpc.utah.edu/ontologies/schema/endo/colonoscopyQuality.owl#Entire_transverse_colon> -> <http://blulab.chpc.utah.edu/ontologies/schema/endo/colonoscopyQuality.owl#Structure_of_transverse_mesocolon>, <http://blulab.chpc.utah.edu/ontologies/v2/ConText.owl#Lexicon> -> <http://blulab.chpc.utah.edu/ontologies/v2/ConText.owl#Modifier> -> <http://blulab.chpc.utah.edu/ontologies/v2/ConText.owl#SemanticModifier> -> <http://blulab.chpc.utah.edu/ontologies/v2/ConText.owl#BodySite> -> <http://blulab.chpc.utah.edu/ontologies/schema/endo/colonoscopyQuality.owl#Colon_structure> -> <http://blulab.chpc.utah.edu/ontologies/schema/endo/colonoscopyQuality.owl#Entire_colon> -> <http://blulab.chpc.utah.edu/ontologies/schema/endo/colonoscopyQuality.owl#Transverse_colon> -> <http://blulab.chpc.utah.edu/ontologies/schema/endo/colonoscopyQuality.owl#Left_colic_flexure> -> <http://blulab.chpc.utah.edu/ontologies/schema/endo/colonoscopyQuality.owl#Entire_transverse_colon> -> <http://blulab.chpc.utah.edu/ontologies/schema/endo/colonoscopyQuality.owl#Structure_of_transverse_mesocolon>, <http://blulab.chpc.utah.edu/ontologies/v2/ConText.owl#Lexicon> -> <http://blulab.chpc.utah.edu/ontologies/v2/ConText.owl#Modifier> -> <http://blulab.chpc.utah.edu/ontologies/v2/ConText.owl#SemanticModifier> -> <http://blulab.chpc.utah.edu/ontologies/v2/ConText.owl#BodySite> -> <http://blulab.chpc.utah.edu/ontologies/schema/endo/colonoscopyQuality.owl#Colon_structure> -> <http://blulab.chpc.utah.edu/ontologies/schema/endo/colonoscopyQuality.owl#Region_of_colon> -> <http://blulab.chpc.utah.edu/ontologies/schema/endo/colonoscopyQuality.owl#Transverse_colon> -> <http://blulab.chpc.utah.edu/ontologies/schema/endo/colonoscopyQuality.owl#Left_colic_flexure> -> <http://blulab.chpc.utah.edu/ontologies/schema/endo/colonoscopyQuality.owl#Entire_transverse_colon> -> <http://blulab.chpc.utah.edu/ontologies/schema/endo/colonoscopyQuality.owl#Structure_of_transverse_mesocolon>, <http://blulab.chpc.utah.edu/ontologies/v2/ConText.owl#Lexicon> -> <http://blulab.chpc.utah.edu/ontologies/v2/ConText.owl#Modifier> -> <http://blulab.chpc.utah.edu/ontologies/v2/ConText.owl#SemanticModifier> -> <http://blulab.chpc.utah.edu/ontologies/v2/ConText.owl#BodySite> -> <http://blulab.chpc.utah.edu/ontologies/schema/endo/colonoscopyQuality.owl#Colon_structure> -> <http://blulab.chpc.utah.edu/ontologies/schema/endo/colonoscopyQuality.owl#Transverse_colon> -> <http://blulab.chpc.utah.edu/ontologies/schema/endo/colonoscopyQuality.owl#Left_colic_flexure> -> <http://blulab.chpc.utah.edu/ontologies/schema/endo/colonoscopyQuality.owl#Entire_transverse_colon> -> <http://blulab.chpc.utah.edu/ontologies/schema/endo/colonoscopyQuality.owl#Structure_of_transverse_mesocolon>, <http://blulab.chpc.utah.edu/ontologies/v2/ConText.owl#Lexicon> -> <http://blulab.chpc.utah.edu/ontologies/v2/ConText.owl#Modifier> -> <http://blulab.chpc.utah.edu/ontologies/v2/ConText.owl#SemanticModifier> -> <http://blulab.chpc.utah.edu/ontologies/v2/ConText.owl#BodySite> -> <http://blulab.chpc.utah.edu/ontologies/schema/endo/colonoscopyQuality.owl#Colon_structure> -> <http://blulab.chpc.utah.edu/ontologies/schema/endo/colonoscopyQuality.owl#Left_colon> -> <http://blulab.chpc.utah.edu/ontologies/schema/endo/colonoscopyQuality.owl#Entire_left_colon> -> <http://blulab.chpc.utah.edu/ontologies/schema/endo/colonoscopyQuality.owl#Descending_colon> -> <http://blulab.chpc.utah.edu/ontologies/schema/endo/colonoscopyQuality.owl#Left_colic_flexure> -> <http://blulab.chpc.utah.edu/ontologies/schema/endo/colonoscopyQuality.owl#Entire_transverse_colon> -> <http://blulab.chpc.utah.edu/ontologies/schema/endo/colonoscopyQuality.owl#Structure_of_transverse_mesocolon>, <http://blulab.chpc.utah.edu/ontologies/v2/ConText.owl#Lexicon> -> <http://blulab.chpc.utah.edu/ontologies/v2/ConText.owl#Modifier> -> <http://blulab.chpc.utah.edu/ontologies/v2/ConText.owl#SemanticModifier> -> <http://blulab.chpc.utah.edu/ontologies/v2/ConText.owl#BodySite> -> <http://blulab.chpc.utah.edu/ontologies/schema/endo/colonoscopyQuality.owl#Colon_structure> -> <http://blulab.chpc.utah.edu/ontologies/schema/endo/colonoscopyQuality.owl#Entire_colon> -> <http://blulab.chpc.utah.edu/ontologies/schema/endo/colonoscopyQuality.owl#Left_colon> -> <http://blulab.chpc.utah.edu/ontologies/schema/endo/colonoscopyQuality.owl#Entire_left_colon> -> <http://blulab.chpc.utah.edu/ontologies/schema/endo/colonoscopyQuality.owl#Descending_colon> -> <http://blulab.chpc.utah.edu/ontologies/schema/endo/colonoscopyQuality.owl#Left_colic_flexure> -> <http://blulab.chpc.utah.edu/ontologies/schema/endo/colonoscopyQuality.owl#Entire_transverse_colon> -> <http://blulab.chpc.utah.edu/ontologies/schema/endo/colonoscopyQuality.owl#Structure_of_transverse_mesocolon>, <http://blulab.chpc.utah.edu/ontologies/v2/ConText.owl#Lexicon> -> <http://blulab.chpc.utah.edu/ontologies/v2/ConText.owl#Modifier> -> <http://blulab.chpc.utah.edu/ontologies/v2/ConText.owl#SemanticModifier> -> <http://blulab.chpc.utah.edu/ontologies/v2/ConText.owl#BodySite> -> <http://blulab.chpc.utah.edu/ontologies/schema/endo/colonoscopyQuality.owl#Colon_structure> -> <http://blulab.chpc.utah.edu/ontologies/schema/endo/colonoscopyQuality.owl#Entire_colon> -> <http://blulab.chpc.utah.edu/ontologies/schema/endo/colonoscopyQuality.owl#Left_colon> -> <http://blulab.chpc.utah.edu/ontologies/schema/endo/colonoscopyQuality.owl#Descending_colon> -> <http://blulab.chpc.utah.edu/ontologies/schema/endo/colonoscopyQuality.owl#Left_colic_flexure> -> <http://blulab.chpc.utah.edu/ontologies/schema/endo/colonoscopyQuality.owl#Entire_transverse_colon> -> <http://blulab.chpc.utah.edu/ontologies/schema/endo/colonoscopyQuality.owl#Structure_of_transverse_mesocolon>, <http://blulab.chpc.utah.edu/ontologies/v2/ConText.owl#Lexicon> -> <http://blulab.chpc.utah.edu/ontologies/v2/ConText.owl#Modifier> -> <http://blulab.chpc.utah.edu/ontologies/v2/ConText.owl#SemanticModifier> -> <http://blulab.chpc.utah.edu/ontologies/v2/ConText.owl#BodySite> -> <http://blulab.chpc.utah.edu/ontologies/schema/endo/colonoscopyQuality.owl#Colon_structure> -> <http://blulab.chpc.utah.edu/ontologies/schema/endo/colonoscopyQuality.owl#Left_colon> -> <http://blulab.chpc.utah.edu/ontologies/schema/endo/colonoscopyQuality.owl#Descending_colon> -> <http://blulab.chpc.utah.edu/ontologies/schema/endo/colonoscopyQuality.owl#Left_colic_flexure> -> <http://blulab.chpc.utah.edu/ontologies/schema/endo/colonoscopyQuality.owl#Entire_transverse_colon> -> <http://blulab.chpc.utah.edu/ontologies/schema/endo/colonoscopyQuality.owl#Structure_of_transverse_mesocolon>, <http://blulab.chpc.utah.edu/ontologies/v2/ConText.owl#Lexicon> -> <http://blulab.chpc.utah.edu/ontologies/v2/ConText.owl#Modifier> -> <http://blulab.chpc.utah.edu/ontologies/v2/ConText.owl#SemanticModifier> -> <http://blulab.chpc.utah.edu/ontologies/v2/ConText.owl#BodySite> -> <http://blulab.chpc.utah.edu/ontologies/schema/endo/colonoscopyQuality.owl#Colon_structure> -> <http://blulab.chpc.utah.edu/ontologies/schema/endo/colonoscopyQuality.owl#Region_of_colon> -> <http://blulab.chpc.utah.edu/ontologies/schema/endo/colonoscopyQuality.owl#Descending_colon> -> <http://blulab.chpc.utah.edu/ontologies/schema/endo/colonoscopyQuality.owl#Left_colic_flexure> -> <http://blulab.chpc.utah.edu/ontologies/schema/endo/colonoscopyQuality.owl#Entire_transverse_colon> -> <http://blulab.chpc.utah.edu/ontologies/schema/endo/colonoscopyQuality.owl#Structure_of_transverse_mesocolon>]]

	Modifier: Structure_of_mesentery_of_descending_colon, uri=http://blulab.chpc.utah.edu/ontologies/schema/endo/colonoscopyQuality.owl#Structure_of_mesentery_of_descending_colon, type= Semantic, classPath= [<http://blulab.chpc.utah.edu/ontologies/v2/ConText.owl#Lexicon> -> <http://blulab.chpc.utah.edu/ontologies/v2/ConText.owl#Modifier> -> <http://blulab.chpc.utah.edu/ontologies/v2/ConText.owl#SemanticModifier> -> <http://blulab.chpc.utah.edu/ontologies/v2/ConText.owl#BodySite> -> <http://blulab.chpc.utah.edu/ontologies/schema/endo/colonoscopyQuality.owl#Colon_structure> -> <http://blulab.chpc.utah.edu/ontologies/schema/endo/colonoscopyQuality.owl#Descending_colon> -> <http://blulab.chpc.utah.edu/ontologies/schema/endo/colonoscopyQuality.owl#Structure_of_mesentery_of_descending_colon>, <http://blulab.chpc.utah.edu/ontologies/v2/ConText.owl#Lexicon> -> <http://blulab.chpc.utah.edu/ontologies/v2/ConText.owl#Modifier> -> <http://blulab.chpc.utah.edu/ontologies/v2/ConText.owl#SemanticModifier> -> <http://blulab.chpc.utah.edu/ontologies/v2/ConText.owl#BodySite> -> <http://blulab.chpc.utah.edu/ontologies/schema/endo/colonoscopyQuality.owl#Colon_structure> -> <http://blulab.chpc.utah.edu/ontologies/schema/endo/colonoscopyQuality.owl#Descending_colon> -> <http://blulab.chpc.utah.edu/ontologies/schema/endo/colonoscopyQuality.owl#Entire_descending_colon> -> <http://blulab.chpc.utah.edu/ontologies/schema/endo/colonoscopyQuality.owl#Structure_of_mesentery_of_descending_colon>, <http://blulab.chpc.utah.edu/ontologies/v2/ConText.owl#Lexicon> -> <http://blulab.chpc.utah.edu/ontologies/v2/ConText.owl#Modifier> -> <http://blulab.chpc.utah.edu/ontologies/v2/ConText.owl#SemanticModifier> -> <http://blulab.chpc.utah.edu/ontologies/v2/ConText.owl#BodySite> -> <http://blulab.chpc.utah.edu/ontologies/schema/endo/colonoscopyQuality.owl#Colon_structure> -> <http://blulab.chpc.utah.edu/ontologies/schema/endo/colonoscopyQuality.owl#Left_colon> -> <http://blulab.chpc.utah.edu/ontologies/schema/endo/colonoscopyQuality.owl#Entire_left_colon> -> <http://blulab.chpc.utah.edu/ontologies/schema/endo/colonoscopyQuality.owl#Descending_colon> -> <http://blulab.chpc.utah.edu/ontologies/schema/endo/colonoscopyQuality.owl#Entire_descending_colon> -> <http://blulab.chpc.utah.edu/ontologies/schema/endo/colonoscopyQuality.owl#Structure_of_mesentery_of_descending_colon>, <http://blulab.chpc.utah.edu/ontologies/v2/ConText.owl#Lexicon> -> <http://blulab.chpc.utah.edu/ontologies/v2/ConText.owl#Modifier> -> <http://blulab.chpc.utah.edu/ontologies/v2/ConText.owl#SemanticModifier> -> <http://blulab.chpc.utah.edu/ontologies/v2/ConText.owl#BodySite> -> <http://blulab.chpc.utah.edu/ontologies/schema/endo/colonoscopyQuality.owl#Colon_structure> -> <http://blulab.chpc.utah.edu/ontologies/schema/endo/colonoscopyQuality.owl#Entire_colon> -> <http://blulab.chpc.utah.edu/ontologies/schema/endo/colonoscopyQuality.owl#Left_colon> -> <http://blulab.chpc.utah.edu/ontologies/schema/endo/colonoscopyQuality.owl#Entire_left_colon> -> <http://blulab.chpc.utah.edu/ontologies/schema/endo/colonoscopyQuality.owl#Descending_colon> -> <http://blulab.chpc.utah.edu/ontologies/schema/endo/colonoscopyQuality.owl#Entire_descending_colon> -> <http://blulab.chpc.utah.edu/ontologies/schema/endo/colonoscopyQuality.owl#Structure_of_mesentery_of_descending_colon>, <http://blulab.chpc.utah.edu/ontologies/v2/ConText.owl#Lexicon> -> <http://blulab.chpc.utah.edu/ontologies/v2/ConText.owl#Modifier> -> <http://blulab.chpc.utah.edu/ontologies/v2/ConText.owl#SemanticModifier> -> <http://blulab.chpc.utah.edu/ontologies/v2/ConText.owl#BodySite> -> <http://blulab.chpc.utah.edu/ontologies/schema/endo/colonoscopyQuality.owl#Colon_structure> -> <http://blulab.chpc.utah.edu/ontologies/schema/endo/colonoscopyQuality.owl#Entire_colon> -> <http://blulab.chpc.utah.edu/ontologies/schema/endo/colonoscopyQuality.owl#Left_colon> -> <http://blulab.chpc.utah.edu/ontologies/schema/endo/colonoscopyQuality.owl#Descending_colon> -> <http://blulab.chpc.utah.edu/ontologies/schema/endo/colonoscopyQuality.owl#Entire_descending_colon> -> <http://blulab.chpc.utah.edu/ontologies/schema/endo/colonoscopyQuality.owl#Structure_of_mesentery_of_descending_colon>, <http://blulab.chpc.utah.edu/ontologies/v2/ConText.owl#Lexicon> -> <http://blulab.chpc.utah.edu/ontologies/v2/ConText.owl#Modifier> -> <http://blulab.chpc.utah.edu/ontologies/v2/ConText.owl#SemanticModifier> -> <http://blulab.chpc.utah.edu/ontologies/v2/ConText.owl#BodySite> -> <http://blulab.chpc.utah.edu/ontologies/schema/endo/colonoscopyQuality.owl#Colon_structure> -> <http://blulab.chpc.utah.edu/ontologies/schema/endo/colonoscopyQuality.owl#Left_colon> -> <http://blulab.chpc.utah.edu/ontologies/schema/endo/colonoscopyQuality.owl#Descending_colon> -> <http://blulab.chpc.utah.edu/ontologies/schema/endo/colonoscopyQuality.owl#Entire_descending_colon> -> <http://blulab.chpc.utah.edu/ontologies/schema/endo/colonoscopyQuality.owl#Structure_of_mesentery_of_descending_colon>, <http://blulab.chpc.utah.edu/ontologies/v2/ConText.owl#Lexicon> -> <http://blulab.chpc.utah.edu/ontologies/v2/ConText.owl#Modifier> -> <http://blulab.chpc.utah.edu/ontologies/v2/ConText.owl#SemanticModifier> -> <http://blulab.chpc.utah.edu/ontologies/v2/ConText.owl#BodySite> -> <http://blulab.chpc.utah.edu/ontologies/schema/endo/colonoscopyQuality.owl#Colon_structure> -> <http://blulab.chpc.utah.edu/ontologies/schema/endo/colonoscopyQuality.owl#Region_of_colon> -> <http://blulab.chpc.utah.edu/ontologies/schema/endo/colonoscopyQuality.owl#Descending_colon> -> <http://blulab.chpc.utah.edu/ontologies/schema/endo/colonoscopyQuality.owl#Entire_descending_colon> -> <http://blulab.chpc.utah.edu/ontologies/schema/endo/colonoscopyQuality.owl#Structure_of_mesentery_of_descending_colon>, <http://blulab.chpc.utah.edu/ontologies/v2/ConText.owl#Lexicon> -> <http://blulab.chpc.utah.edu/ontologies/v2/ConText.owl#Modifier> -> <http://blulab.chpc.utah.edu/ontologies/v2/ConText.owl#SemanticModifier> -> <http://blulab.chpc.utah.edu/ontologies/v2/ConText.owl#BodySite> -> <http://blulab.chpc.utah.edu/ontologies/schema/endo/colonoscopyQuality.owl#Colon_structure> -> <http://blulab.chpc.utah.edu/ontologies/schema/endo/colonoscopyQuality.owl#Left_colon> -> <http://blulab.chpc.utah.edu/ontologies/schema/endo/colonoscopyQuality.owl#Entire_left_colon> -> <http://blulab.chpc.utah.edu/ontologies/schema/endo/colonoscopyQuality.owl#Descending_colon> -> <http://blulab.chpc.utah.edu/ontologies/schema/endo/colonoscopyQuality.owl#Structure_of_mesentery_of_descending_colon>, <http://blulab.chpc.utah.edu/ontologies/v2/ConText.owl#Lexicon> -> <http://blulab.chpc.utah.edu/ontologies/v2/ConText.owl#Modifier> -> <http://blulab.chpc.utah.edu/ontologies/v2/ConText.owl#SemanticModifier> -> <http://blulab.chpc.utah.edu/ontologies/v2/ConText.owl#BodySite> -> <http://blulab.chpc.utah.edu/ontologies/schema/endo/colonoscopyQuality.owl#Colon_structure> -> <http://blulab.chpc.utah.edu/ontologies/schema/endo/colonoscopyQuality.owl#Entire_colon> -> <http://blulab.chpc.utah.edu/ontologies/schema/endo/colonoscopyQuality.owl#Left_colon> -> <http://blulab.chpc.utah.edu/ontologies/schema/endo/colonoscopyQuality.owl#Entire_left_colon> -> <http://blulab.chpc.utah.edu/ontologies/schema/endo/colonoscopyQuality.owl#Descending_colon> -> <http://blulab.chpc.utah.edu/ontologies/schema/endo/colonoscopyQuality.owl#Structure_of_mesentery_of_descending_colon>, <http://blulab.chpc.utah.edu/ontologies/v2/ConText.owl#Lexicon> -> <http://blulab.chpc.utah.edu/ontologies/v2/ConText.owl#Modifier> -> <http://blulab.chpc.utah.edu/ontologies/v2/ConText.owl#SemanticModifier> -> <http://blulab.chpc.utah.edu/ontologies/v2/ConText.owl#BodySite> -> <http://blulab.chpc.utah.edu/ontologies/schema/endo/colonoscopyQuality.owl#Colon_structure> -> <http://blulab.chpc.utah.edu/ontologies/schema/endo/colonoscopyQuality.owl#Entire_colon> -> <http://blulab.chpc.utah.edu/ontologies/schema/endo/colonoscopyQuality.owl#Left_colon> -> <http://blulab.chpc.utah.edu/ontologies/schema/endo/colonoscopyQuality.owl#Descending_colon> -> <http://blulab.chpc.utah.edu/ontologies/schema/endo/colonoscopyQuality.owl#Structure_of_mesentery_of_descending_colon>, <http://blulab.chpc.utah.edu/ontologies/v2/ConText.owl#Lexicon> -> <http://blulab.chpc.utah.edu/ontologies/v2/ConText.owl#Modifier> -> <http://blulab.chpc.utah.edu/ontologies/v2/ConText.owl#SemanticModifier> -> <http://blulab.chpc.utah.edu/ontologies/v2/ConText.owl#BodySite> -> <http://blulab.chpc.utah.edu/ontologies/schema/endo/colonoscopyQuality.owl#Colon_structure> -> <http://blulab.chpc.utah.edu/ontologies/schema/endo/colonoscopyQuality.owl#Left_colon> -> <http://blulab.chpc.utah.edu/ontologies/schema/endo/colonoscopyQuality.owl#Descending_colon> -> <http://blulab.chpc.utah.edu/ontologies/schema/endo/colonoscopyQuality.owl#Structure_of_mesentery_of_descending_colon>, <http://blulab.chpc.utah.edu/ontologies/v2/ConText.owl#Lexicon> -> <http://blulab.chpc.utah.edu/ontologies/v2/ConText.owl#Modifier> -> <http://blulab.chpc.utah.edu/ontologies/v2/ConText.owl#SemanticModifier> -> <http://blulab.chpc.utah.edu/ontologies/v2/ConText.owl#BodySite> -> <http://blulab.chpc.utah.edu/ontologies/schema/endo/colonoscopyQuality.owl#Colon_structure> -> <http://blulab.chpc.utah.edu/ontologies/schema/endo/colonoscopyQuality.owl#Region_of_colon> -> <http://blulab.chpc.utah.edu/ontologies/schema/endo/colonoscopyQuality.owl#Descending_colon> -> <http://blulab.chpc.utah.edu/ontologies/schema/endo/colonoscopyQuality.owl#Structure_of_mesentery_of_descending_colon>]]

	Modifier: Entire_mesentery_of_descending_colon, uri=http://blulab.chpc.utah.edu/ontologies/schema/endo/colonoscopyQuality.owl#Entire_mesentery_of_descending_colon, type= Semantic, classPath= [<http://blulab.chpc.utah.edu/ontologies/v2/ConText.owl#Lexicon> -> <http://blulab.chpc.utah.edu/ontologies/v2/ConText.owl#Modifier> -> <http://blulab.chpc.utah.edu/ontologies/v2/ConText.owl#SemanticModifier> -> <http://blulab.chpc.utah.edu/ontologies/v2/ConText.owl#BodySite> -> <http://blulab.chpc.utah.edu/ontologies/schema/endo/colonoscopyQuality.owl#Colon_structure> -> <http://blulab.chpc.utah.edu/ontologies/schema/endo/colonoscopyQuality.owl#Descending_colon> -> <http://blulab.chpc.utah.edu/ontologies/schema/endo/colonoscopyQuality.owl#Structure_of_mesentery_of_descending_colon> -> <http://blulab.chpc.utah.edu/ontologies/schema/endo/colonoscopyQuality.owl#Entire_mesentery_of_descending_colon>, <http://blulab.chpc.utah.edu/ontologies/v2/ConText.owl#Lexicon> -> <http://blulab.chpc.utah.edu/ontologies/v2/ConText.owl#Modifier> -> <http://blulab.chpc.utah.edu/ontologies/v2/ConText.owl#SemanticModifier> -> <http://blulab.chpc.utah.edu/ontologies/v2/ConText.owl#BodySite> -> <http://blulab.chpc.utah.edu/ontologies/schema/endo/colonoscopyQuality.owl#Colon_structure> -> <http://blulab.chpc.utah.edu/ontologies/schema/endo/colonoscopyQuality.owl#Descending_colon> -> <http://blulab.chpc.utah.edu/ontologies/schema/endo/colonoscopyQuality.owl#Entire_descending_colon> -> <http://blulab.chpc.utah.edu/ontologies/schema/endo/colonoscopyQuality.owl#Structure_of_mesentery_of_descending_colon> -> <http://blulab.chpc.utah.edu/ontologies/schema/endo/colonoscopyQuality.owl#Entire_mesentery_of_descending_colon>, <http://blulab.chpc.utah.edu/ontologies/v2/ConText.owl#Lexicon> -> <http://blulab.chpc.utah.edu/ontologies/v2/ConText.owl#Modifier> -> <http://blulab.chpc.utah.edu/ontologies/v2/ConText.owl#SemanticModifier> -> <http://blulab.chpc.utah.edu/ontologies/v2/ConText.owl#BodySite> -> <http://blulab.chpc.utah.edu/ontologies/schema/endo/colonoscopyQuality.owl#Colon_structure> -> <http://blulab.chpc.utah.edu/ontologies/schema/endo/colonoscopyQuality.owl#Left_colon> -> <http://blulab.chpc.utah.edu/ontologies/schema/endo/colonoscopyQuality.owl#Entire_left_colon> -> <http://blulab.chpc.utah.edu/ontologies/schema/endo/colonoscopyQuality.owl#Descending_colon> -> <http://blulab.chpc.utah.edu/ontologies/schema/endo/colonoscopyQuality.owl#Entire_descending_colon> -> <http://blulab.chpc.utah.edu/ontologies/schema/endo/colonoscopyQuality.owl#Structure_of_mesentery_of_descending_colon> -> <http://blulab.chpc.utah.edu/ontologies/schema/endo/colonoscopyQuality.owl#Entire_mesentery_of_descending_colon>, <http://blulab.chpc.utah.edu/ontologies/v2/ConText.owl#Lexicon> -> <http://blulab.chpc.utah.edu/ontologies/v2/ConText.owl#Modifier> -> <http://blulab.chpc.utah.edu/ontologies/v2/ConText.owl#SemanticModifier> -> <http://blulab.chpc.utah.edu/ontologies/v2/ConText.owl#BodySite> -> <http://blulab.chpc.utah.edu/ontologies/schema/endo/colonoscopyQuality.owl#Colon_structure> -> <http://blulab.chpc.utah.edu/ontologies/schema/endo/colonoscopyQuality.owl#Entire_colon> -> <http://blulab.chpc.utah.edu/ontologies/schema/endo/colonoscopyQuality.owl#Left_colon> -> <http://blulab.chpc.utah.edu/ontologies/schema/endo/colonoscopyQuality.owl#Entire_left_colon> -> <http://blulab.chpc.utah.edu/ontologies/schema/endo/colonoscopyQuality.owl#Descending_colon> -> <http://blulab.chpc.utah.edu/ontologies/schema/endo/colonoscopyQuality.owl#Entire_descending_colon> -> <http://blulab.chpc.utah.edu/ontologies/schema/endo/colonoscopyQuality.owl#Structure_of_mesentery_of_descending_colon> -> <http://blulab.chpc.utah.edu/ontologies/schema/endo/colonoscopyQuality.owl#Entire_mesentery_of_descending_colon>, <http://blulab.chpc.utah.edu/ontologies/v2/ConText.owl#Lexicon> -> <http://blulab.chpc.utah.edu/ontologies/v2/ConText.owl#Modifier> -> <http://blulab.chpc.utah.edu/ontologies/v2/ConText.owl#SemanticModifier> -> <http://blulab.chpc.utah.edu/ontologies/v2/ConText.owl#BodySite> -> <http://blulab.chpc.utah.edu/ontologies/schema/endo/colonoscopyQuality.owl#Colon_structure> -> <http://blulab.chpc.utah.edu/ontologies/schema/endo/colonoscopyQuality.owl#Entire_colon> -> <http://blulab.chpc.utah.edu/ontologies/schema/endo/colonoscopyQuality.owl#Left_colon> -> <http://blulab.chpc.utah.edu/ontologies/schema/endo/colonoscopyQuality.owl#Descending_colon> -> <http://blulab.chpc.utah.edu/ontologies/schema/endo/colonoscopyQuality.owl#Entire_descending_colon> -> <http://blulab.chpc.utah.edu/ontologies/schema/endo/colonoscopyQuality.owl#Structure_of_mesentery_of_descending_colon> -> <http://blulab.chpc.utah.edu/ontologies/schema/endo/colonoscopyQuality.owl#Entire_mesentery_of_descending_colon>, <http://blulab.chpc.utah.edu/ontologies/v2/ConText.owl#Lexicon> -> <http://blulab.chpc.utah.edu/ontologies/v2/ConText.owl#Modifier> -> <http://blulab.chpc.utah.edu/ontologies/v2/ConText.owl#SemanticModifier> -> <http://blulab.chpc.utah.edu/ontologies/v2/ConText.owl#BodySite> -> <http://blulab.chpc.utah.edu/ontologies/schema/endo/colonoscopyQuality.owl#Colon_structure> -> <http://blulab.chpc.utah.edu/ontologies/schema/endo/colonoscopyQuality.owl#Left_colon> -> <http://blulab.chpc.utah.edu/ontologies/schema/endo/colonoscopyQuality.owl#Descending_colon> -> <http://blulab.chpc.utah.edu/ontologies/schema/endo/colonoscopyQuality.owl#Entire_descending_colon> -> <http://blulab.chpc.utah.edu/ontologies/schema/endo/colonoscopyQuality.owl#Structure_of_mesentery_of_descending_colon> -> <http://blulab.chpc.utah.edu/ontologies/schema/endo/colonoscopyQuality.owl#Entire_mesentery_of_descending_colon>, <http://blulab.chpc.utah.edu/ontologies/v2/ConText.owl#Lexicon> -> <http://blulab.chpc.utah.edu/ontologies/v2/ConText.owl#Modifier> -> <http://blulab.chpc.utah.edu/ontologies/v2/ConText.owl#SemanticModifier> -> <http://blulab.chpc.utah.edu/ontologies/v2/ConText.owl#BodySite> -> <http://blulab.chpc.utah.edu/ontologies/schema/endo/colonoscopyQuality.owl#Colon_structure> -> <http://blulab.chpc.utah.edu/ontologies/schema/endo/colonoscopyQuality.owl#Region_of_colon> -> <http://blulab.chpc.utah.edu/ontologies/schema/endo/colonoscopyQuality.owl#Descending_colon> -> <http://blulab.chpc.utah.edu/ontologies/schema/endo/colonoscopyQuality.owl#Entire_descending_colon> -> <http://blulab.chpc.utah.edu/ontologies/schema/endo/colonoscopyQuality.owl#Structure_of_mesentery_of_descending_colon> -> <http://blulab.chpc.utah.edu/ontologies/schema/endo/colonoscopyQuality.owl#Entire_mesentery_of_descending_colon>, <http://blulab.chpc.utah.edu/ontologies/v2/ConText.owl#Lexicon> -> <http://blulab.chpc.utah.edu/ontologies/v2/ConText.owl#Modifier> -> <http://blulab.chpc.utah.edu/ontologies/v2/ConText.owl#SemanticModifier> -> <http://blulab.chpc.utah.edu/ontologies/v2/ConText.owl#BodySite> -> <http://blulab.chpc.utah.edu/ontologies/schema/endo/colonoscopyQuality.owl#Colon_structure> -> <http://blulab.chpc.utah.edu/ontologies/schema/endo/colonoscopyQuality.owl#Left_colon> -> <http://blulab.chpc.utah.edu/ontologies/schema/endo/colonoscopyQuality.owl#Entire_left_colon> -> <http://blulab.chpc.utah.edu/ontologies/schema/endo/colonoscopyQuality.owl#Descending_colon> -> <http://blulab.chpc.utah.edu/ontologies/schema/endo/colonoscopyQuality.owl#Structure_of_mesentery_of_descending_colon> -> <http://blulab.chpc.utah.edu/ontologies/schema/endo/colonoscopyQuality.owl#Entire_mesentery_of_descending_colon>, <http://blulab.chpc.utah.edu/ontologies/v2/ConText.owl#Lexicon> -> <http://blulab.chpc.utah.edu/ontologies/v2/ConText.owl#Modifier> -> <http://blulab.chpc.utah.edu/ontologies/v2/ConText.owl#SemanticModifier> -> <http://blulab.chpc.utah.edu/ontologies/v2/ConText.owl#BodySite> -> <http://blulab.chpc.utah.edu/ontologies/schema/endo/colonoscopyQuality.owl#Colon_structure> -> <http://blulab.chpc.utah.edu/ontologies/schema/endo/colonoscopyQuality.owl#Entire_colon> -> <http://blulab.chpc.utah.edu/ontologies/schema/endo/colonoscopyQuality.owl#Left_colon> -> <http://blulab.chpc.utah.edu/ontologies/schema/endo/colonoscopyQuality.owl#Entire_left_colon> -> <http://blulab.chpc.utah.edu/ontologies/schema/endo/colonoscopyQuality.owl#Descending_colon> -> <http://blulab.chpc.utah.edu/ontologies/schema/endo/colonoscopyQuality.owl#Structure_of_mesentery_of_descending_colon> -> <http://blulab.chpc.utah.edu/ontologies/schema/endo/colonoscopyQuality.owl#Entire_mesentery_of_descending_colon>, <http://blulab.chpc.utah.edu/ontologies/v2/ConText.owl#Lexicon> -> <http://blulab.chpc.utah.edu/ontologies/v2/ConText.owl#Modifier> -> <http://blulab.chpc.utah.edu/ontologies/v2/ConText.owl#SemanticModifier> -> <http://blulab.chpc.utah.edu/ontologies/v2/ConText.owl#BodySite> -> <http://blulab.chpc.utah.edu/ontologies/schema/endo/colonoscopyQuality.owl#Colon_structure> -> <http://blulab.chpc.utah.edu/ontologies/schema/endo/colonoscopyQuality.owl#Entire_colon> -> <http://blulab.chpc.utah.edu/ontologies/schema/endo/colonoscopyQuality.owl#Left_colon> -> <http://blulab.chpc.utah.edu/ontologies/schema/endo/colonoscopyQuality.owl#Descending_colon> -> <http://blulab.chpc.utah.edu/ontologies/schema/endo/colonoscopyQuality.owl#Structure_of_mesentery_of_descending_colon> -> <http://blulab.chpc.utah.edu/ontologies/schema/endo/colonoscopyQuality.owl#Entire_mesentery_of_descending_colon>, <http://blulab.chpc.utah.edu/ontologies/v2/ConText.owl#Lexicon> -> <http://blulab.chpc.utah.edu/ontologies/v2/ConText.owl#Modifier> -> <http://blulab.chpc.utah.edu/ontologies/v2/ConText.owl#SemanticModifier> -> <http://blulab.chpc.utah.edu/ontologies/v2/ConText.owl#BodySite> -> <http://blulab.chpc.utah.edu/ontologies/schema/endo/colonoscopyQuality.owl#Colon_structure> -> <http://blulab.chpc.utah.edu/ontologies/schema/endo/colonoscopyQuality.owl#Left_colon> -> <http://blulab.chpc.utah.edu/ontologies/schema/endo/colonoscopyQuality.owl#Descending_colon> -> <http://blulab.chpc.utah.edu/ontologies/schema/endo/colonoscopyQuality.owl#Structure_of_mesentery_of_descending_colon> -> <http://blulab.chpc.utah.edu/ontologies/schema/endo/colonoscopyQuality.owl#Entire_mesentery_of_descending_colon>, <http://blulab.chpc.utah.edu/ontologies/v2/ConText.owl#Lexicon> -> <http://blulab.chpc.utah.edu/ontologies/v2/ConText.owl#Modifier> -> <http://blulab.chpc.utah.edu/ontologies/v2/ConText.owl#SemanticModifier> -> <http://blulab.chpc.utah.edu/ontologies/v2/ConText.owl#BodySite> -> <http://blulab.chpc.utah.edu/ontologies/schema/endo/colonoscopyQuality.owl#Colon_structure> -> <http://blulab.chpc.utah.edu/ontologies/schema/endo/colonoscopyQuality.owl#Region_of_colon> -> <http://blulab.chpc.utah.edu/ontologies/schema/endo/colonoscopyQuality.owl#Descending_colon> -> <http://blulab.chpc.utah.edu/ontologies/schema/endo/colonoscopyQuality.owl#Structure_of_mesentery_of_descending_colon> -> <http://blulab.chpc.utah.edu/ontologies/schema/endo/colonoscopyQuality.owl#Entire_mesentery_of_descending_colon>]]

	Modifier: Left_colic_flexure, uri=http://blulab.chpc.utah.edu/ontologies/schema/endo/colonoscopyQuality.owl#Left_colic_flexure, type= Semantic, classPath= [<http://blulab.chpc.utah.edu/ontologies/v2/ConText.owl#Lexicon> -> <http://blulab.chpc.utah.edu/ontologies/v2/ConText.owl#Modifier> -> <http://blulab.chpc.utah.edu/ontologies/v2/ConText.owl#SemanticModifier> -> <http://blulab.chpc.utah.edu/ontologies/v2/ConText.owl#BodySite> -> <http://blulab.chpc.utah.edu/ontologies/schema/endo/colonoscopyQuality.owl#Colon_structure> -> <http://blulab.chpc.utah.edu/ontologies/schema/endo/colonoscopyQuality.owl#Descending_colon> -> <http://blulab.chpc.utah.edu/ontologies/schema/endo/colonoscopyQuality.owl#Left_colic_flexure>, <http://blulab.chpc.utah.edu/ontologies/v2/ConText.owl#Lexicon> -> <http://blulab.chpc.utah.edu/ontologies/v2/ConText.owl#Modifier> -> <http://blulab.chpc.utah.edu/ontologies/v2/ConText.owl#SemanticModifier> -> <http://blulab.chpc.utah.edu/ontologies/v2/ConText.owl#BodySite> -> <http://blulab.chpc.utah.edu/ontologies/schema/endo/colonoscopyQuality.owl#Colon_structure> -> <http://blulab.chpc.utah.edu/ontologies/schema/endo/colonoscopyQuality.owl#Descending_colon> -> <http://blulab.chpc.utah.edu/ontologies/schema/endo/colonoscopyQuality.owl#Entire_descending_colon> -> <http://blulab.chpc.utah.edu/ontologies/schema/endo/colonoscopyQuality.owl#Left_colic_flexure>, <http://blulab.chpc.utah.edu/ontologies/v2/ConText.owl#Lexicon> -> <http://blulab.chpc.utah.edu/ontologies/v2/ConText.owl#Modifier> -> <http://blulab.chpc.utah.edu/ontologies/v2/ConText.owl#SemanticModifier> -> <http://blulab.chpc.utah.edu/ontologies/v2/ConText.owl#BodySite> -> <http://blulab.chpc.utah.edu/ontologies/schema/endo/colonoscopyQuality.owl#Colon_structure> -> <http://blulab.chpc.utah.edu/ontologies/schema/endo/colonoscopyQuality.owl#Left_colon> -> <http://blulab.chpc.utah.edu/ontologies/schema/endo/colonoscopyQuality.owl#Entire_left_colon> -> <http://blulab.chpc.utah.edu/ontologies/schema/endo/colonoscopyQuality.owl#Descending_colon> -> <http://blulab.chpc.utah.edu/ontologies/schema/endo/colonoscopyQuality.owl#Entire_descending_colon> -> <http://blulab.chpc.utah.edu/ontologies/schema/endo/colonoscopyQuality.owl#Left_colic_flexure>, <http://blulab.chpc.utah.edu/ontologies/v2/ConText.owl#Lexicon> -> <http://blulab.chpc.utah.edu/ontologies/v2/ConText.owl#Modifier> -> <http://blulab.chpc.utah.edu/ontologies/v2/ConText.owl#SemanticModifier> -> <http://blulab.chpc.utah.edu/ontologies/v2/ConText.owl#BodySite> -> <http://blulab.chpc.utah.edu/ontologies/schema/endo/colonoscopyQuality.owl#Colon_structure> -> <http://blulab.chpc.utah.edu/ontologies/schema/endo/colonoscopyQuality.owl#Entire_colon> -> <http://blulab.chpc.utah.edu/ontologies/schema/endo/colonoscopyQuality.owl#Left_colon> -> <http://blulab.chpc.utah.edu/ontologies/schema/endo/colonoscopyQuality.owl#Entire_left_colon> -> <http://blulab.chpc.utah.edu/ontologies/schema/endo/colonoscopyQuality.owl#Descending_colon> -> <http://blulab.chpc.utah.edu/ontologies/schema/endo/colonoscopyQuality.owl#Entire_descending_colon> -> <http://blulab.chpc.utah.edu/ontologies/schema/endo/colonoscopyQuality.owl#Left_colic_flexure>, <http://blulab.chpc.utah.edu/ontologies/v2/ConText.owl#Lexicon> -> <http://blulab.chpc.utah.edu/ontologies/v2/ConText.owl#Modifier> -> <http://blulab.chpc.utah.edu/ontologies/v2/ConText.owl#SemanticModifier> -> <http://blulab.chpc.utah.edu/ontologies/v2/ConText.owl#BodySite> -> <http://blulab.chpc.utah.edu/ontologies/schema/endo/colonoscopyQuality.owl#Colon_structure> -> <http://blulab.chpc.utah.edu/ontologies/schema/endo/colonoscopyQuality.owl#Entire_colon> -> <http://blulab.chpc.utah.edu/ontologies/schema/endo/colonoscopyQuality.owl#Left_colon> -> <http://blulab.chpc.utah.edu/ontologies/schema/endo/colonoscopyQuality.owl#Descending_colon> -> <http://blulab.chpc.utah.edu/ontologies/schema/endo/colonoscopyQuality.owl#Entire_descending_colon> -> <http://blulab.chpc.utah.edu/ontologies/schema/endo/colonoscopyQuality.owl#Left_colic_flexure>, <http://blulab.chpc.utah.edu/ontologies/v2/ConText.owl#Lexicon> -> <http://blulab.chpc.utah.edu/ontologies/v2/ConText.owl#Modifier> -> <http://blulab.chpc.utah.edu/ontologies/v2/ConText.owl#SemanticModifier> -> <http://blulab.chpc.utah.edu/ontologies/v2/ConText.owl#BodySite> -> <http://blulab.chpc.utah.edu/ontologies/schema/endo/colonoscopyQuality.owl#Colon_structure> -> <http://blulab.chpc.utah.edu/ontologies/schema/endo/colonoscopyQuality.owl#Left_colon> -> <http://blulab.chpc.utah.edu/ontologies/schema/endo/colonoscopyQuality.owl#Descending_colon> -> <http://blulab.chpc.utah.edu/ontologies/schema/endo/colonoscopyQuality.owl#Entire_descending_colon> -> <http://blulab.chpc.utah.edu/ontologies/schema/endo/colonoscopyQuality.owl#Left_colic_flexure>, <http://blulab.chpc.utah.edu/ontologies/v2/ConText.owl#Lexicon> -> <http://blulab.chpc.utah.edu/ontologies/v2/ConText.owl#Modifier> -> <http://blulab.chpc.utah.edu/ontologies/v2/ConText.owl#SemanticModifier> -> <http://blulab.chpc.utah.edu/ontologies/v2/ConText.owl#BodySite> -> <http://blulab.chpc.utah.edu/ontologies/schema/endo/colonoscopyQuality.owl#Colon_structure> -> <http://blulab.chpc.utah.edu/ontologies/schema/endo/colonoscopyQuality.owl#Region_of_colon> -> <http://blulab.chpc.utah.edu/ontologies/schema/endo/colonoscopyQuality.owl#Descending_colon> -> <http://blulab.chpc.utah.edu/ontologies/schema/endo/colonoscopyQuality.owl#Entire_descending_colon> -> <http://blulab.chpc.utah.edu/ontologies/schema/endo/colonoscopyQuality.owl#Left_colic_flexure>, <http://blulab.chpc.utah.edu/ontologies/v2/ConText.owl#Lexicon> -> <http://blulab.chpc.utah.edu/ontologies/v2/ConText.owl#Modifier> -> <http://blulab.chpc.utah.edu/ontologies/v2/ConText.owl#SemanticModifier> -> <http://blulab.chpc.utah.edu/ontologies/v2/ConText.owl#BodySite> -> <http://blulab.chpc.utah.edu/ontologies/schema/endo/colonoscopyQuality.owl#Colon_structure> -> <http://blulab.chpc.utah.edu/ontologies/schema/endo/colonoscopyQuality.owl#Region_of_colon> -> <http://blulab.chpc.utah.edu/ontologies/schema/endo/colonoscopyQuality.owl#Structure_of_colic_flexure> -> <http://blulab.chpc.utah.edu/ontologies/schema/endo/colonoscopyQuality.owl#Left_colic_flexure>, <http://blulab.chpc.utah.edu/ontologies/v2/ConText.owl#Lexicon> -> <http://blulab.chpc.utah.edu/ontologies/v2/ConText.owl#Modifier> -> <http://blulab.chpc.utah.edu/ontologies/v2/ConText.owl#SemanticModifier> -> <http://blulab.chpc.utah.edu/ontologies/v2/ConText.owl#BodySite> -> <http://blulab.chpc.utah.edu/ontologies/schema/endo/colonoscopyQuality.owl#Colon_structure> -> <http://blulab.chpc.utah.edu/ontologies/schema/endo/colonoscopyQuality.owl#Entire_colon> -> <http://blulab.chpc.utah.edu/ontologies/schema/endo/colonoscopyQuality.owl#Structure_of_colic_flexure> -> <http://blulab.chpc.utah.edu/ontologies/schema/endo/colonoscopyQuality.owl#Left_colic_flexure>, <http://blulab.chpc.utah.edu/ontologies/v2/ConText.owl#Lexicon> -> <http://blulab.chpc.utah.edu/ontologies/v2/ConText.owl#Modifier> -> <http://blulab.chpc.utah.edu/ontologies/v2/ConText.owl#SemanticModifier> -> <http://blulab.chpc.utah.edu/ontologies/v2/ConText.owl#BodySite> -> <http://blulab.chpc.utah.edu/ontologies/schema/endo/colonoscopyQuality.owl#Colon_structure> -> <http://blulab.chpc.utah.edu/ontologies/schema/endo/colonoscopyQuality.owl#Entire_colon> -> <http://blulab.chpc.utah.edu/ontologies/schema/endo/colonoscopyQuality.owl#Transverse_colon> -> <http://blulab.chpc.utah.edu/ontologies/schema/endo/colonoscopyQuality.owl#Left_colic_flexure>, <http://blulab.chpc.utah.edu/ontologies/v2/ConText.owl#Lexicon> -> <http://blulab.chpc.utah.edu/ontologies/v2/ConText.owl#Modifier> -> <http://blulab.chpc.utah.edu/ontologies/v2/ConText.owl#SemanticModifier> -> <http://blulab.chpc.utah.edu/ontologies/v2/ConText.owl#BodySite> -> <http://blulab.chpc.utah.edu/ontologies/schema/endo/colonoscopyQuality.owl#Colon_structure> -> <http://blulab.chpc.utah.edu/ontologies/schema/endo/colonoscopyQuality.owl#Region_of_colon> -> <http://blulab.chpc.utah.edu/ontologies/schema/endo/colonoscopyQuality.owl#Transverse_colon> -> <http://blulab.chpc.utah.edu/ontologies/schema/endo/colonoscopyQuality.owl#Left_colic_flexure>, <http://blulab.chpc.utah.edu/ontologies/v2/ConText.owl#Lexicon> -> <http://blulab.chpc.utah.edu/ontologies/v2/ConText.owl#Modifier> -> <http://blulab.chpc.utah.edu/ontologies/v2/ConText.owl#SemanticModifier> -> <http://blulab.chpc.utah.edu/ontologies/v2/ConText.owl#BodySite> -> <http://blulab.chpc.utah.edu/ontologies/schema/endo/colonoscopyQuality.owl#Colon_structure> -> <http://blulab.chpc.utah.edu/ontologies/schema/endo/colonoscopyQuality.owl#Transverse_colon> -> <http://blulab.chpc.utah.edu/ontologies/schema/endo/colonoscopyQuality.owl#Left_colic_flexure>, <http://blulab.chpc.utah.edu/ontologies/v2/ConText.owl#Lexicon> -> <http://blulab.chpc.utah.edu/ontologies/v2/ConText.owl#Modifier> -> <http://blulab.chpc.utah.edu/ontologies/v2/ConText.owl#SemanticModifier> -> <http://blulab.chpc.utah.edu/ontologies/v2/ConText.owl#BodySite> -> <http://blulab.chpc.utah.edu/ontologies/schema/endo/colonoscopyQuality.owl#Colon_structure> -> <http://blulab.chpc.utah.edu/ontologies/schema/endo/colonoscopyQuality.owl#Left_colon> -> <http://blulab.chpc.utah.edu/ontologies/schema/endo/colonoscopyQuality.owl#Entire_left_colon> -> <http://blulab.chpc.utah.edu/ontologies/schema/endo/colonoscopyQuality.owl#Descending_colon> -> <http://blulab.chpc.utah.edu/ontologies/schema/endo/colonoscopyQuality.owl#Left_colic_flexure>, <http://blulab.chpc.utah.edu/ontologies/v2/ConText.owl#Lexicon> -> <http://blulab.chpc.utah.edu/ontologies/v2/ConText.owl#Modifier> -> <http://blulab.chpc.utah.edu/ontologies/v2/ConText.owl#SemanticModifier> -> <http://blulab.chpc.utah.edu/ontologies/v2/ConText.owl#BodySite> -> <http://blulab.chpc.utah.edu/ontologies/schema/endo/colonoscopyQuality.owl#Colon_structure> -> <http://blulab.chpc.utah.edu/ontologies/schema/endo/colonoscopyQuality.owl#Entire_colon> -> <http://blulab.chpc.utah.edu/ontologies/schema/endo/colonoscopyQuality.owl#Left_colon> -> <http://blulab.chpc.utah.edu/ontologies/schema/endo/colonoscopyQuality.owl#Entire_left_colon> -> <http://blulab.chpc.utah.edu/ontologies/schema/endo/colonoscopyQuality.owl#Descending_colon> -> <http://blulab.chpc.utah.edu/ontologies/schema/endo/colonoscopyQuality.owl#Left_colic_flexure>, <http://blulab.chpc.utah.edu/ontologies/v2/ConText.owl#Lexicon> -> <http://blulab.chpc.utah.edu/ontologies/v2/ConText.owl#Modifier> -> <http://blulab.chpc.utah.edu/ontologies/v2/ConText.owl#SemanticModifier> -> <http://blulab.chpc.utah.edu/ontologies/v2/ConText.owl#BodySite> -> <http://blulab.chpc.utah.edu/ontologies/schema/endo/colonoscopyQuality.owl#Colon_structure> -> <http://blulab.chpc.utah.edu/ontologies/schema/endo/colonoscopyQuality.owl#Entire_colon> -> <http://blulab.chpc.utah.edu/ontologies/schema/endo/colonoscopyQuality.owl#Left_colon> -> <http://blulab.chpc.utah.edu/ontologies/schema/endo/colonoscopyQuality.owl#Descending_colon> -> <http://blulab.chpc.utah.edu/ontologies/schema/endo/colonoscopyQuality.owl#Left_colic_flexure>, <http://blulab.chpc.utah.edu/ontologies/v2/ConText.owl#Lexicon> -> <http://blulab.chpc.utah.edu/ontologies/v2/ConText.owl#Modifier> -> <http://blulab.chpc.utah.edu/ontologies/v2/ConText.owl#SemanticModifier> -> <http://blulab.chpc.utah.edu/ontologies/v2/ConText.owl#BodySite> -> <http://blulab.chpc.utah.edu/ontologies/schema/endo/colonoscopyQuality.owl#Colon_structure> -> <http://blulab.chpc.utah.edu/ontologies/schema/endo/colonoscopyQuality.owl#Left_colon> -> <http://blulab.chpc.utah.edu/ontologies/schema/endo/colonoscopyQuality.owl#Descending_colon> -> <http://blulab.chpc.utah.edu/ontologies/schema/endo/colonoscopyQuality.owl#Left_colic_flexure>, <http://blulab.chpc.utah.edu/ontologies/v2/ConText.owl#Lexicon> -> <http://blulab.chpc.utah.edu/ontologies/v2/ConText.owl#Modifier> -> <http://blulab.chpc.utah.edu/ontologies/v2/ConText.owl#SemanticModifier> -> <http://blulab.chpc.utah.edu/ontologies/v2/ConText.owl#BodySite> -> <http://blulab.chpc.utah.edu/ontologies/schema/endo/colonoscopyQuality.owl#Colon_structure> -> <http://blulab.chpc.utah.edu/ontologies/schema/endo/colonoscopyQuality.owl#Region_of_colon> -> <http://blulab.chpc.utah.edu/ontologies/schema/endo/colonoscopyQuality.owl#Descending_colon> -> <http://blulab.chpc.utah.edu/ontologies/schema/endo/colonoscopyQuality.owl#Left_colic_flexure>]]

	Modifier: Lumen_of_descending_colon, uri=http://blulab.chpc.utah.edu/ontologies/schema/endo/colonoscopyQuality.owl#Lumen_of_descending_colon, type= Semantic, classPath= [<http://blulab.chpc.utah.edu/ontologies/v2/ConText.owl#Lexicon> -> <http://blulab.chpc.utah.edu/ontologies/v2/ConText.owl#Modifier> -> <http://blulab.chpc.utah.edu/ontologies/v2/ConText.owl#SemanticModifier> -> <http://blulab.chpc.utah.edu/ontologies/v2/ConText.owl#BodySite> -> <http://blulab.chpc.utah.edu/ontologies/schema/endo/colonoscopyQuality.owl#Colon_structure> -> <http://blulab.chpc.utah.edu/ontologies/schema/endo/colonoscopyQuality.owl#Colonic_lumen> -> <http://blulab.chpc.utah.edu/ontologies/schema/endo/colonoscopyQuality.owl#Lumen_of_descending_colon>, <http://blulab.chpc.utah.edu/ontologies/v2/ConText.owl#Lexicon> -> <http://blulab.chpc.utah.edu/ontologies/v2/ConText.owl#Modifier> -> <http://blulab.chpc.utah.edu/ontologies/v2/ConText.owl#SemanticModifier> -> <http://blulab.chpc.utah.edu/ontologies/v2/ConText.owl#BodySite> -> <http://blulab.chpc.utah.edu/ontologies/schema/endo/colonoscopyQuality.owl#Colon_structure> -> <http://blulab.chpc.utah.edu/ontologies/schema/endo/colonoscopyQuality.owl#Left_colon> -> <http://blulab.chpc.utah.edu/ontologies/schema/endo/colonoscopyQuality.owl#Entire_left_colon> -> <http://blulab.chpc.utah.edu/ontologies/schema/endo/colonoscopyQuality.owl#Descending_colon> -> <http://blulab.chpc.utah.edu/ontologies/schema/endo/colonoscopyQuality.owl#Lumen_of_descending_colon>, <http://blulab.chpc.utah.edu/ontologies/v2/ConText.owl#Lexicon> -> <http://blulab.chpc.utah.edu/ontologies/v2/ConText.owl#Modifier> -> <http://blulab.chpc.utah.edu/ontologies/v2/ConText.owl#SemanticModifier> -> <http://blulab.chpc.utah.edu/ontologies/v2/ConText.owl#BodySite> -> <http://blulab.chpc.utah.edu/ontologies/schema/endo/colonoscopyQuality.owl#Colon_structure> -> <http://blulab.chpc.utah.edu/ontologies/schema/endo/colonoscopyQuality.owl#Entire_colon> -> <http://blulab.chpc.utah.edu/ontologies/schema/endo/colonoscopyQuality.owl#Left_colon> -> <http://blulab.chpc.utah.edu/ontologies/schema/endo/colonoscopyQuality.owl#Entire_left_colon> -> <http://blulab.chpc.utah.edu/ontologies/schema/endo/colonoscopyQuality.owl#Descending_colon> -> <http://blulab.chpc.utah.edu/ontologies/schema/endo/colonoscopyQuality.owl#Lumen_of_descending_colon>, <http://blulab.chpc.utah.edu/ontologies/v2/ConText.owl#Lexicon> -> <http://blulab.chpc.utah.edu/ontologies/v2/ConText.owl#Modifier> -> <http://blulab.chpc.utah.edu/ontologies/v2/ConText.owl#SemanticModifier> -> <http://blulab.chpc.utah.edu/ontologies/v2/ConText.owl#BodySite> -> <http://blulab.chpc.utah.edu/ontologies/schema/endo/colonoscopyQuality.owl#Colon_structure> -> <http://blulab.chpc.utah.edu/ontologies/schema/endo/colonoscopyQuality.owl#Left_colon> -> <http://blulab.chpc.utah.edu/ontologies/schema/endo/colonoscopyQuality.owl#Descending_colon> -> <http://blulab.chpc.utah.edu/ontologies/schema/endo/colonoscopyQuality.owl#Lumen_of_descending_colon>, <http://blulab.chpc.utah.edu/ontologies/v2/ConText.owl#Lexicon> -> <http://blulab.chpc.utah.edu/ontologies/v2/ConText.owl#Modifier> -> <http://blulab.chpc.utah.edu/ontologies/v2/ConText.owl#SemanticModifier> -> <http://blulab.chpc.utah.edu/ontologies/v2/ConText.owl#BodySite> -> <http://blulab.chpc.utah.edu/ontologies/schema/endo/colonoscopyQuality.owl#Colon_structure> -> <http://blulab.chpc.utah.edu/ontologies/schema/endo/colonoscopyQuality.owl#Entire_colon> -> <http://blulab.chpc.utah.edu/ontologies/schema/endo/colonoscopyQuality.owl#Left_colon> -> <http://blulab.chpc.utah.edu/ontologies/schema/endo/colonoscopyQuality.owl#Descending_colon> -> <http://blulab.chpc.utah.edu/ontologies/schema/endo/colonoscopyQuality.owl#Lumen_of_descending_colon>, <http://blulab.chpc.utah.edu/ontologies/v2/ConText.owl#Lexicon> -> <http://blulab.chpc.utah.edu/ontologies/v2/ConText.owl#Modifier> -> <http://blulab.chpc.utah.edu/ontologies/v2/ConText.owl#SemanticModifier> -> <http://blulab.chpc.utah.edu/ontologies/v2/ConText.owl#BodySite> -> <http://blulab.chpc.utah.edu/ontologies/schema/endo/colonoscopyQuality.owl#Colon_structure> -> <http://blulab.chpc.utah.edu/ontologies/schema/endo/colonoscopyQuality.owl#Region_of_colon> -> <http://blulab.chpc.utah.edu/ontologies/schema/endo/colonoscopyQuality.owl#Descending_colon> -> <http://blulab.chpc.utah.edu/ontologies/schema/endo/colonoscopyQuality.owl#Lumen_of_descending_colon>, <http://blulab.chpc.utah.edu/ontologies/v2/ConText.owl#Lexicon> -> <http://blulab.chpc.utah.edu/ontologies/v2/ConText.owl#Modifier> -> <http://blulab.chpc.utah.edu/ontologies/v2/ConText.owl#SemanticModifier> -> <http://blulab.chpc.utah.edu/ontologies/v2/ConText.owl#BodySite> -> <http://blulab.chpc.utah.edu/ontologies/schema/endo/colonoscopyQuality.owl#Colon_structure> -> <http://blulab.chpc.utah.edu/ontologies/schema/endo/colonoscopyQuality.owl#Descending_colon> -> <http://blulab.chpc.utah.edu/ontologies/schema/endo/colonoscopyQuality.owl#Lumen_of_descending_colon>, <http://blulab.chpc.utah.edu/ontologies/v2/ConText.owl#Lexicon> -> <http://blulab.chpc.utah.edu/ontologies/v2/ConText.owl#Modifier> -> <http://blulab.chpc.utah.edu/ontologies/v2/ConText.owl#SemanticModifier> -> <http://blulab.chpc.utah.edu/ontologies/v2/ConText.owl#BodySite> -> <http://blulab.chpc.utah.edu/ontologies/schema/endo/colonoscopyQuality.owl#Colon_structure> -> <http://blulab.chpc.utah.edu/ontologies/schema/endo/colonoscopyQuality.owl#Entire_colon> -> <http://blulab.chpc.utah.edu/ontologies/schema/endo/colonoscopyQuality.owl#Colonic_lumen> -> <http://blulab.chpc.utah.edu/ontologies/schema/endo/colonoscopyQuality.owl#Lumen_of_descending_colon>]]

	Modifier: Proximal_part_of_descending_colon, uri=http://blulab.chpc.utah.edu/ontologies/schema/endo/colonoscopyQuality.owl#Proximal_part_of_descending_colon, type= Semantic, classPath= [<http://blulab.chpc.utah.edu/ontologies/v2/ConText.owl#Lexicon> -> <http://blulab.chpc.utah.edu/ontologies/v2/ConText.owl#Modifier> -> <http://blulab.chpc.utah.edu/ontologies/v2/ConText.owl#SemanticModifier> -> <http://blulab.chpc.utah.edu/ontologies/v2/ConText.owl#BodySite> -> <http://blulab.chpc.utah.edu/ontologies/schema/endo/colonoscopyQuality.owl#Colon_structure> -> <http://blulab.chpc.utah.edu/ontologies/schema/endo/colonoscopyQuality.owl#Descending_colon> -> <http://blulab.chpc.utah.edu/ontologies/schema/endo/colonoscopyQuality.owl#Proximal_part_of_descending_colon>, <http://blulab.chpc.utah.edu/ontologies/v2/ConText.owl#Lexicon> -> <http://blulab.chpc.utah.edu/ontologies/v2/ConText.owl#Modifier> -> <http://blulab.chpc.utah.edu/ontologies/v2/ConText.owl#SemanticModifier> -> <http://blulab.chpc.utah.edu/ontologies/v2/ConText.owl#BodySite> -> <http://blulab.chpc.utah.edu/ontologies/schema/endo/colonoscopyQuality.owl#Colon_structure> -> <http://blulab.chpc.utah.edu/ontologies/schema/endo/colonoscopyQuality.owl#Left_colon> -> <http://blulab.chpc.utah.edu/ontologies/schema/endo/colonoscopyQuality.owl#Entire_left_colon> -> <http://blulab.chpc.utah.edu/ontologies/schema/endo/colonoscopyQuality.owl#Descending_colon> -> <http://blulab.chpc.utah.edu/ontologies/schema/endo/colonoscopyQuality.owl#Proximal_part_of_descending_colon>, <http://blulab.chpc.utah.edu/ontologies/v2/ConText.owl#Lexicon> -> <http://blulab.chpc.utah.edu/ontologies/v2/ConText.owl#Modifier> -> <http://blulab.chpc.utah.edu/ontologies/v2/ConText.owl#SemanticModifier> -> <http://blulab.chpc.utah.edu/ontologies/v2/ConText.owl#BodySite> -> <http://blulab.chpc.utah.edu/ontologies/schema/endo/colonoscopyQuality.owl#Colon_structure> -> <http://blulab.chpc.utah.edu/ontologies/schema/endo/colonoscopyQuality.owl#Entire_colon> -> <http://blulab.chpc.utah.edu/ontologies/schema/endo/colonoscopyQuality.owl#Left_colon> -> <http://blulab.chpc.utah.edu/ontologies/schema/endo/colonoscopyQuality.owl#Entire_left_colon> -> <http://blulab.chpc.utah.edu/ontologies/schema/endo/colonoscopyQuality.owl#Descending_colon> -> <http://blulab.chpc.utah.edu/ontologies/schema/endo/colonoscopyQuality.owl#Proximal_part_of_descending_colon>, <http://blulab.chpc.utah.edu/ontologies/v2/ConText.owl#Lexicon> -> <http://blulab.chpc.utah.edu/ontologies/v2/ConText.owl#Modifier> -> <http://blulab.chpc.utah.edu/ontologies/v2/ConText.owl#SemanticModifier> -> <http://blulab.chpc.utah.edu/ontologies/v2/ConText.owl#BodySite> -> <http://blulab.chpc.utah.edu/ontologies/schema/endo/colonoscopyQuality.owl#Colon_structure> -> <http://blulab.chpc.utah.edu/ontologies/schema/endo/colonoscopyQuality.owl#Entire_colon> -> <http://blulab.chpc.utah.edu/ontologies/schema/endo/colonoscopyQuality.owl#Left_colon> -> <http://blulab.chpc.utah.edu/ontologies/schema/endo/colonoscopyQuality.owl#Descending_colon> -> <http://blulab.chpc.utah.edu/ontologies/schema/endo/colonoscopyQuality.owl#Proximal_part_of_descending_colon>, <http://blulab.chpc.utah.edu/ontologies/v2/ConText.owl#Lexicon> -> <http://blulab.chpc.utah.edu/ontologies/v2/ConText.owl#Modifier> -> <http://blulab.chpc.utah.edu/ontologies/v2/ConText.owl#SemanticModifier> -> <http://blulab.chpc.utah.edu/ontologies/v2/ConText.owl#BodySite> -> <http://blulab.chpc.utah.edu/ontologies/schema/endo/colonoscopyQuality.owl#Colon_structure> -> <http://blulab.chpc.utah.edu/ontologies/schema/endo/colonoscopyQuality.owl#Left_colon> -> <http://blulab.chpc.utah.edu/ontologies/schema/endo/colonoscopyQuality.owl#Descending_colon> -> <http://blulab.chpc.utah.edu/ontologies/schema/endo/colonoscopyQuality.owl#Proximal_part_of_descending_colon>, <http://blulab.chpc.utah.edu/ontologies/v2/ConText.owl#Lexicon> -> <http://blulab.chpc.utah.edu/ontologies/v2/ConText.owl#Modifier> -> <http://blulab.chpc.utah.edu/ontologies/v2/ConText.owl#SemanticModifier> -> <http://blulab.chpc.utah.edu/ontologies/v2/ConText.owl#BodySite> -> <http://blulab.chpc.utah.edu/ontologies/schema/endo/colonoscopyQuality.owl#Colon_structure> -> <http://blulab.chpc.utah.edu/ontologies/schema/endo/colonoscopyQuality.owl#Region_of_colon> -> <http://blulab.chpc.utah.edu/ontologies/schema/endo/colonoscopyQuality.owl#Descending_colon> -> <http://blulab.chpc.utah.edu/ontologies/schema/endo/colonoscopyQuality.owl#Proximal_part_of_descending_colon>]]

	Modifier: Structure_of_mesentery_of_descending_colon, uri=http://blulab.chpc.utah.edu/ontologies/schema/endo/colonoscopyQuality.owl#Structure_of_mesentery_of_descending_colon, type= Semantic, classPath= [<http://blulab.chpc.utah.edu/ontologies/v2/ConText.owl#Lexicon> -> <http://blulab.chpc.utah.edu/ontologies/v2/ConText.owl#Modifier> -> <http://blulab.chpc.utah.edu/ontologies/v2/ConText.owl#SemanticModifier> -> <http://blulab.chpc.utah.edu/ontologies/v2/ConText.owl#BodySite> -> <http://blulab.chpc.utah.edu/ontologies/schema/endo/colonoscopyQuality.owl#Colon_structure> -> <http://blulab.chpc.utah.edu/ontologies/schema/endo/colonoscopyQuality.owl#Descending_colon> -> <http://blulab.chpc.utah.edu/ontologies/schema/endo/colonoscopyQuality.owl#Structure_of_mesentery_of_descending_colon>, <http://blulab.chpc.utah.edu/ontologies/v2/ConText.owl#Lexicon> -> <http://blulab.chpc.utah.edu/ontologies/v2/ConText.owl#Modifier> -> <http://blulab.chpc.utah.edu/ontologies/v2/ConText.owl#SemanticModifier> -> <http://blulab.chpc.utah.edu/ontologies/v2/ConText.owl#BodySite> -> <http://blulab.chpc.utah.edu/ontologies/schema/endo/colonoscopyQuality.owl#Colon_structure> -> <http://blulab.chpc.utah.edu/ontologies/schema/endo/colonoscopyQuality.owl#Descending_colon> -> <http://blulab.chpc.utah.edu/ontologies/schema/endo/colonoscopyQuality.owl#Entire_descending_colon> -> <http://blulab.chpc.utah.edu/ontologies/schema/endo/colonoscopyQuality.owl#Structure_of_mesentery_of_descending_colon>, <http://blulab.chpc.utah.edu/ontologies/v2/ConText.owl#Lexicon> -> <http://blulab.chpc.utah.edu/ontologies/v2/ConText.owl#Modifier> -> <http://blulab.chpc.utah.edu/ontologies/v2/ConText.owl#SemanticModifier> -> <http://blulab.chpc.utah.edu/ontologies/v2/ConText.owl#BodySite> -> <http://blulab.chpc.utah.edu/ontologies/schema/endo/colonoscopyQuality.owl#Colon_structure> -> <http://blulab.chpc.utah.edu/ontologies/schema/endo/colonoscopyQuality.owl#Left_colon> -> <http://blulab.chpc.utah.edu/ontologies/schema/endo/colonoscopyQuality.owl#Entire_left_colon> -> <http://blulab.chpc.utah.edu/ontologies/schema/endo/colonoscopyQuality.owl#Descending_colon> -> <http://blulab.chpc.utah.edu/ontologies/schema/endo/colonoscopyQuality.owl#Entire_descending_colon> -> <http://blulab.chpc.utah.edu/ontologies/schema/endo/colonoscopyQuality.owl#Structure_of_mesentery_of_descending_colon>, <http://blulab.chpc.utah.edu/ontologies/v2/ConText.owl#Lexicon> -> <http://blulab.chpc.utah.edu/ontologies/v2/ConText.owl#Modifier> -> <http://blulab.chpc.utah.edu/ontologies/v2/ConText.owl#SemanticModifier> -> <http://blulab.chpc.utah.edu/ontologies/v2/ConText.owl#BodySite> -> <http://blulab.chpc.utah.edu/ontologies/schema/endo/colonoscopyQuality.owl#Colon_structure> -> <http://blulab.chpc.utah.edu/ontologies/schema/endo/colonoscopyQuality.owl#Entire_colon> -> <http://blulab.chpc.utah.edu/ontologies/schema/endo/colonoscopyQuality.owl#Left_colon> -> <http://blulab.chpc.utah.edu/ontologies/schema/endo/colonoscopyQuality.owl#Entire_left_colon> -> <http://blulab.chpc.utah.edu/ontologies/schema/endo/colonoscopyQuality.owl#Descending_colon> -> <http://blulab.chpc.utah.edu/ontologies/schema/endo/colonoscopyQuality.owl#Entire_descending_colon> -> <http://blulab.chpc.utah.edu/ontologies/schema/endo/colonoscopyQuality.owl#Structure_of_mesentery_of_descending_colon>, <http://blulab.chpc.utah.edu/ontologies/v2/ConText.owl#Lexicon> -> <http://blulab.chpc.utah.edu/ontologies/v2/ConText.owl#Modifier> -> <http://blulab.chpc.utah.edu/ontologies/v2/ConText.owl#SemanticModifier> -> <http://blulab.chpc.utah.edu/ontologies/v2/ConText.owl#BodySite> -> <http://blulab.chpc.utah.edu/ontologies/schema/endo/colonoscopyQuality.owl#Colon_structure> -> <http://blulab.chpc.utah.edu/ontologies/schema/endo/colonoscopyQuality.owl#Entire_colon> -> <http://blulab.chpc.utah.edu/ontologies/schema/endo/colonoscopyQuality.owl#Left_colon> -> <http://blulab.chpc.utah.edu/ontologies/schema/endo/colonoscopyQuality.owl#Descending_colon> -> <http://blulab.chpc.utah.edu/ontologies/schema/endo/colonoscopyQuality.owl#Entire_descending_colon> -> <http://blulab.chpc.utah.edu/ontologies/schema/endo/colonoscopyQuality.owl#Structure_of_mesentery_of_descending_colon>, <http://blulab.chpc.utah.edu/ontologies/v2/ConText.owl#Lexicon> -> <http://blulab.chpc.utah.edu/ontologies/v2/ConText.owl#Modifier> -> <http://blulab.chpc.utah.edu/ontologies/v2/ConText.owl#SemanticModifier> -> <http://blulab.chpc.utah.edu/ontologies/v2/ConText.owl#BodySite> -> <http://blulab.chpc.utah.edu/ontologies/schema/endo/colonoscopyQuality.owl#Colon_structure> -> <http://blulab.chpc.utah.edu/ontologies/schema/endo/colonoscopyQuality.owl#Left_colon> -> <http://blulab.chpc.utah.edu/ontologies/schema/endo/colonoscopyQuality.owl#Descending_colon> -> <http://blulab.chpc.utah.edu/ontologies/schema/endo/colonoscopyQuality.owl#Entire_descending_colon> -> <http://blulab.chpc.utah.edu/ontologies/schema/endo/colonoscopyQuality.owl#Structure_of_mesentery_of_descending_colon>, <http://blulab.chpc.utah.edu/ontologies/v2/ConText.owl#Lexicon> -> <http://blulab.chpc.utah.edu/ontologies/v2/ConText.owl#Modifier> -> <http://blulab.chpc.utah.edu/ontologies/v2/ConText.owl#SemanticModifier> -> <http://blulab.chpc.utah.edu/ontologies/v2/ConText.owl#BodySite> -> <http://blulab.chpc.utah.edu/ontologies/schema/endo/colonoscopyQuality.owl#Colon_structure> -> <http://blulab.chpc.utah.edu/ontologies/schema/endo/colonoscopyQuality.owl#Region_of_colon> -> <http://blulab.chpc.utah.edu/ontologies/schema/endo/colonoscopyQuality.owl#Descending_colon> -> <http://blulab.chpc.utah.edu/ontologies/schema/endo/colonoscopyQuality.owl#Entire_descending_colon> -> <http://blulab.chpc.utah.edu/ontologies/schema/endo/colonoscopyQuality.owl#Structure_of_mesentery_of_descending_colon>, <http://blulab.chpc.utah.edu/ontologies/v2/ConText.owl#Lexicon> -> <http://blulab.chpc.utah.edu/ontologies/v2/ConText.owl#Modifier> -> <http://blulab.chpc.utah.edu/ontologies/v2/ConText.owl#SemanticModifier> -> <http://blulab.chpc.utah.edu/ontologies/v2/ConText.owl#BodySite> -> <http://blulab.chpc.utah.edu/ontologies/schema/endo/colonoscopyQuality.owl#Colon_structure> -> <http://blulab.chpc.utah.edu/ontologies/schema/endo/colonoscopyQuality.owl#Left_colon> -> <http://blulab.chpc.utah.edu/ontologies/schema/endo/colonoscopyQuality.owl#Entire_left_colon> -> <http://blulab.chpc.utah.edu/ontologies/schema/endo/colonoscopyQuality.owl#Descending_colon> -> <http://blulab.chpc.utah.edu/ontologies/schema/endo/colonoscopyQuality.owl#Structure_of_mesentery_of_descending_colon>, <http://blulab.chpc.utah.edu/ontologies/v2/ConText.owl#Lexicon> -> <http://blulab.chpc.utah.edu/ontologies/v2/ConText.owl#Modifier> -> <http://blulab.chpc.utah.edu/ontologies/v2/ConText.owl#SemanticModifier> -> <http://blulab.chpc.utah.edu/ontologies/v2/ConText.owl#BodySite> -> <http://blulab.chpc.utah.edu/ontologies/schema/endo/colonoscopyQuality.owl#Colon_structure> -> <http://blulab.chpc.utah.edu/ontologies/schema/endo/colonoscopyQuality.owl#Entire_colon> -> <http://blulab.chpc.utah.edu/ontologies/schema/endo/colonoscopyQuality.owl#Left_colon> -> <http://blulab.chpc.utah.edu/ontologies/schema/endo/colonoscopyQuality.owl#Entire_left_colon> -> <http://blulab.chpc.utah.edu/ontologies/schema/endo/colonoscopyQuality.owl#Descending_colon> -> <http://blulab.chpc.utah.edu/ontologies/schema/endo/colonoscopyQuality.owl#Structure_of_mesentery_of_descending_colon>, <http://blulab.chpc.utah.edu/ontologies/v2/ConText.owl#Lexicon> -> <http://blulab.chpc.utah.edu/ontologies/v2/ConText.owl#Modifier> -> <http://blulab.chpc.utah.edu/ontologies/v2/ConText.owl#SemanticModifier> -> <http://blulab.chpc.utah.edu/ontologies/v2/ConText.owl#BodySite> -> <http://blulab.chpc.utah.edu/ontologies/schema/endo/colonoscopyQuality.owl#Colon_structure> -> <http://blulab.chpc.utah.edu/ontologies/schema/endo/colonoscopyQuality.owl#Entire_colon> -> <http://blulab.chpc.utah.edu/ontologies/schema/endo/colonoscopyQuality.owl#Left_colon> -> <http://blulab.chpc.utah.edu/ontologies/schema/endo/colonoscopyQuality.owl#Descending_colon> -> <http://blulab.chpc.utah.edu/ontologies/schema/endo/colonoscopyQuality.owl#Structure_of_mesentery_of_descending_colon>, <http://blulab.chpc.utah.edu/ontologies/v2/ConText.owl#Lexicon> -> <http://blulab.chpc.utah.edu/ontologies/v2/ConText.owl#Modifier> -> <http://blulab.chpc.utah.edu/ontologies/v2/ConText.owl#SemanticModifier> -> <http://blulab.chpc.utah.edu/ontologies/v2/ConText.owl#BodySite> -> <http://blulab.chpc.utah.edu/ontologies/schema/endo/colonoscopyQuality.owl#Colon_structure> -> <http://blulab.chpc.utah.edu/ontologies/schema/endo/colonoscopyQuality.owl#Left_colon> -> <http://blulab.chpc.utah.edu/ontologies/schema/endo/colonoscopyQuality.owl#Descending_colon> -> <http://blulab.chpc.utah.edu/ontologies/schema/endo/colonoscopyQuality.owl#Structure_of_mesentery_of_descending_colon>, <http://blulab.chpc.utah.edu/ontologies/v2/ConText.owl#Lexicon> -> <http://blulab.chpc.utah.edu/ontologies/v2/ConText.owl#Modifier> -> <http://blulab.chpc.utah.edu/ontologies/v2/ConText.owl#SemanticModifier> -> <http://blulab.chpc.utah.edu/ontologies/v2/ConText.owl#BodySite> -> <http://blulab.chpc.utah.edu/ontologies/schema/endo/colonoscopyQuality.owl#Colon_structure> -> <http://blulab.chpc.utah.edu/ontologies/schema/endo/colonoscopyQuality.owl#Region_of_colon> -> <http://blulab.chpc.utah.edu/ontologies/schema/endo/colonoscopyQuality.owl#Descending_colon> -> <http://blulab.chpc.utah.edu/ontologies/schema/endo/colonoscopyQuality.owl#Structure_of_mesentery_of_descending_colon>]]

	Modifier: Wall_of_descending_colon, uri=http://blulab.chpc.utah.edu/ontologies/schema/endo/colonoscopyQuality.owl#Wall_of_descending_colon, type= Semantic, classPath= [<http://blulab.chpc.utah.edu/ontologies/v2/ConText.owl#Lexicon> -> <http://blulab.chpc.utah.edu/ontologies/v2/ConText.owl#Modifier> -> <http://blulab.chpc.utah.edu/ontologies/v2/ConText.owl#SemanticModifier> -> <http://blulab.chpc.utah.edu/ontologies/v2/ConText.owl#BodySite> -> <http://blulab.chpc.utah.edu/ontologies/schema/endo/colonoscopyQuality.owl#Colon_structure> -> <http://blulab.chpc.utah.edu/ontologies/schema/endo/colonoscopyQuality.owl#Descending_colon> -> <http://blulab.chpc.utah.edu/ontologies/schema/endo/colonoscopyQuality.owl#Wall_of_descending_colon>, <http://blulab.chpc.utah.edu/ontologies/v2/ConText.owl#Lexicon> -> <http://blulab.chpc.utah.edu/ontologies/v2/ConText.owl#Modifier> -> <http://blulab.chpc.utah.edu/ontologies/v2/ConText.owl#SemanticModifier> -> <http://blulab.chpc.utah.edu/ontologies/v2/ConText.owl#BodySite> -> <http://blulab.chpc.utah.edu/ontologies/schema/endo/colonoscopyQuality.owl#Colon_structure> -> <http://blulab.chpc.utah.edu/ontologies/schema/endo/colonoscopyQuality.owl#Left_colon> -> <http://blulab.chpc.utah.edu/ontologies/schema/endo/colonoscopyQuality.owl#Entire_left_colon> -> <http://blulab.chpc.utah.edu/ontologies/schema/endo/colonoscopyQuality.owl#Descending_colon> -> <http://blulab.chpc.utah.edu/ontologies/schema/endo/colonoscopyQuality.owl#Wall_of_descending_colon>, <http://blulab.chpc.utah.edu/ontologies/v2/ConText.owl#Lexicon> -> <http://blulab.chpc.utah.edu/ontologies/v2/ConText.owl#Modifier> -> <http://blulab.chpc.utah.edu/ontologies/v2/ConText.owl#SemanticModifier> -> <http://blulab.chpc.utah.edu/ontologies/v2/ConText.owl#BodySite> -> <http://blulab.chpc.utah.edu/ontologies/schema/endo/colonoscopyQuality.owl#Colon_structure> -> <http://blulab.chpc.utah.edu/ontologies/schema/endo/colonoscopyQuality.owl#Entire_colon> -> <http://blulab.chpc.utah.edu/ontologies/schema/endo/colonoscopyQuality.owl#Left_colon> -> <http://blulab.chpc.utah.edu/ontologies/schema/endo/colonoscopyQuality.owl#Entire_left_colon> -> <http://blulab.chpc.utah.edu/ontologies/schema/endo/colonoscopyQuality.owl#Descending_colon> -> <http://blulab.chpc.utah.edu/ontologies/schema/endo/colonoscopyQuality.owl#Wall_of_descending_colon>, <http://blulab.chpc.utah.edu/ontologies/v2/ConText.owl#Lexicon> -> <http://blulab.chpc.utah.edu/ontologies/v2/ConText.owl#Modifier> -> <http://blulab.chpc.utah.edu/ontologies/v2/ConText.owl#SemanticModifier> -> <http://blulab.chpc.utah.edu/ontologies/v2/ConText.owl#BodySite> -> <http://blulab.chpc.utah.edu/ontologies/schema/endo/colonoscopyQuality.owl#Colon_structure> -> <http://blulab.chpc.utah.edu/ontologies/schema/endo/colonoscopyQuality.owl#Entire_colon> -> <http://blulab.chpc.utah.edu/ontologies/schema/endo/colonoscopyQuality.owl#Left_colon> -> <http://blulab.chpc.utah.edu/ontologies/schema/endo/colonoscopyQuality.owl#Descending_colon> -> <http://blulab.chpc.utah.edu/ontologies/schema/endo/colonoscopyQuality.owl#Wall_of_descending_colon>, <http://blulab.chpc.utah.edu/ontologies/v2/ConText.owl#Lexicon> -> <http://blulab.chpc.utah.edu/ontologies/v2/ConText.owl#Modifier> -> <http://blulab.chpc.utah.edu/ontologies/v2/ConText.owl#SemanticModifier> -> <http://blulab.chpc.utah.edu/ontologies/v2/ConText.owl#BodySite> -> <http://blulab.chpc.utah.edu/ontologies/schema/endo/colonoscopyQuality.owl#Colon_structure> -> <http://blulab.chpc.utah.edu/ontologies/schema/endo/colonoscopyQuality.owl#Left_colon> -> <http://blulab.chpc.utah.edu/ontologies/schema/endo/colonoscopyQuality.owl#Descending_colon> -> <http://blulab.chpc.utah.edu/ontologies/schema/endo/colonoscopyQuality.owl#Wall_of_descending_colon>, <http://blulab.chpc.utah.edu/ontologies/v2/ConText.owl#Lexicon> -> <http://blulab.chpc.utah.edu/ontologies/v2/ConText.owl#Modifier> -> <http://blulab.chpc.utah.edu/ontologies/v2/ConText.owl#SemanticModifier> -> <http://blulab.chpc.utah.edu/ontologies/v2/ConText.owl#BodySite> -> <http://blulab.chpc.utah.edu/ontologies/schema/endo/colonoscopyQuality.owl#Colon_structure> -> <http://blulab.chpc.utah.edu/ontologies/schema/endo/colonoscopyQuality.owl#Region_of_colon> -> <http://blulab.chpc.utah.edu/ontologies/schema/endo/colonoscopyQuality.owl#Descending_colon> -> <http://blulab.chpc.utah.edu/ontologies/schema/endo/colonoscopyQuality.owl#Wall_of_descending_colon>]]

	Modifier: Anterior_wall_of_descending_colon, uri=http://blulab.chpc.utah.edu/ontologies/schema/endo/colonoscopyQuality.owl#Anterior_wall_of_descending_colon, type= Semantic, classPath= [<http://blulab.chpc.utah.edu/ontologies/v2/ConText.owl#Lexicon> -> <http://blulab.chpc.utah.edu/ontologies/v2/ConText.owl#Modifier> -> <http://blulab.chpc.utah.edu/ontologies/v2/ConText.owl#SemanticModifier> -> <http://blulab.chpc.utah.edu/ontologies/v2/ConText.owl#BodySite> -> <http://blulab.chpc.utah.edu/ontologies/schema/endo/colonoscopyQuality.owl#Colon_structure> -> <http://blulab.chpc.utah.edu/ontologies/schema/endo/colonoscopyQuality.owl#Descending_colon> -> <http://blulab.chpc.utah.edu/ontologies/schema/endo/colonoscopyQuality.owl#Wall_of_descending_colon> -> <http://blulab.chpc.utah.edu/ontologies/schema/endo/colonoscopyQuality.owl#Anterior_wall_of_descending_colon>, <http://blulab.chpc.utah.edu/ontologies/v2/ConText.owl#Lexicon> -> <http://blulab.chpc.utah.edu/ontologies/v2/ConText.owl#Modifier> -> <http://blulab.chpc.utah.edu/ontologies/v2/ConText.owl#SemanticModifier> -> <http://blulab.chpc.utah.edu/ontologies/v2/ConText.owl#BodySite> -> <http://blulab.chpc.utah.edu/ontologies/schema/endo/colonoscopyQuality.owl#Colon_structure> -> <http://blulab.chpc.utah.edu/ontologies/schema/endo/colonoscopyQuality.owl#Left_colon> -> <http://blulab.chpc.utah.edu/ontologies/schema/endo/colonoscopyQuality.owl#Entire_left_colon> -> <http://blulab.chpc.utah.edu/ontologies/schema/endo/colonoscopyQuality.owl#Descending_colon> -> <http://blulab.chpc.utah.edu/ontologies/schema/endo/colonoscopyQuality.owl#Wall_of_descending_colon> -> <http://blulab.chpc.utah.edu/ontologies/schema/endo/colonoscopyQuality.owl#Anterior_wall_of_descending_colon>, <http://blulab.chpc.utah.edu/ontologies/v2/ConText.owl#Lexicon> -> <http://blulab.chpc.utah.edu/ontologies/v2/ConText.owl#Modifier> -> <http://blulab.chpc.utah.edu/ontologies/v2/ConText.owl#SemanticModifier> -> <http://blulab.chpc.utah.edu/ontologies/v2/ConText.owl#BodySite> -> <http://blulab.chpc.utah.edu/ontologies/schema/endo/colonoscopyQuality.owl#Colon_structure> -> <http://blulab.chpc.utah.edu/ontologies/schema/endo/colonoscopyQuality.owl#Entire_colon> -> <http://blulab.chpc.utah.edu/ontologies/schema/endo/colonoscopyQuality.owl#Left_colon> -> <http://blulab.chpc.utah.edu/ontologies/schema/endo/colonoscopyQuality.owl#Entire_left_colon> -> <http://blulab.chpc.utah.edu/ontologies/schema/endo/colonoscopyQuality.owl#Descending_colon> -> <http://blulab.chpc.utah.edu/ontologies/schema/endo/colonoscopyQuality.owl#Wall_of_descending_colon> -> <http://blulab.chpc.utah.edu/ontologies/schema/endo/colonoscopyQuality.owl#Anterior_wall_of_descending_colon>, <http://blulab.chpc.utah.edu/ontologies/v2/ConText.owl#Lexicon> -> <http://blulab.chpc.utah.edu/ontologies/v2/ConText.owl#Modifier> -> <http://blulab.chpc.utah.edu/ontologies/v2/ConText.owl#SemanticModifier> -> <http://blulab.chpc.utah.edu/ontologies/v2/ConText.owl#BodySite> -> <http://blulab.chpc.utah.edu/ontologies/schema/endo/colonoscopyQuality.owl#Colon_structure> -> <http://blulab.chpc.utah.edu/ontologies/schema/endo/colonoscopyQuality.owl#Entire_colon> -> <http://blulab.chpc.utah.edu/ontologies/schema/endo/colonoscopyQuality.owl#Left_colon> -> <http://blulab.chpc.utah.edu/ontologies/schema/endo/colonoscopyQuality.owl#Descending_colon> -> <http://blulab.chpc.utah.edu/ontologies/schema/endo/colonoscopyQuality.owl#Wall_of_descending_colon> -> <http://blulab.chpc.utah.edu/ontologies/schema/endo/colonoscopyQuality.owl#Anterior_wall_of_descending_colon>, <http://blulab.chpc.utah.edu/ontologies/v2/ConText.owl#Lexicon> -> <http://blulab.chpc.utah.edu/ontologies/v2/ConText.owl#Modifier> -> <http://blulab.chpc.utah.edu/ontologies/v2/ConText.owl#SemanticModifier> -> <http://blulab.chpc.utah.edu/ontologies/v2/ConText.owl#BodySite> -> <http://blulab.chpc.utah.edu/ontologies/schema/endo/colonoscopyQuality.owl#Colon_structure> -> <http://blulab.chpc.utah.edu/ontologies/schema/endo/colonoscopyQuality.owl#Left_colon> -> <http://blulab.chpc.utah.edu/ontologies/schema/endo/colonoscopyQuality.owl#Descending_colon> -> <http://blulab.chpc.utah.edu/ontologies/schema/endo/colonoscopyQuality.owl#Wall_of_descending_colon> -> <http://blulab.chpc.utah.edu/ontologies/schema/endo/colonoscopyQuality.owl#Anterior_wall_of_descending_colon>, <http://blulab.chpc.utah.edu/ontologies/v2/ConText.owl#Lexicon> -> <http://blulab.chpc.utah.edu/ontologies/v2/ConText.owl#Modifier> -> <http://blulab.chpc.utah.edu/ontologies/v2/ConText.owl#SemanticModifier> -> <http://blulab.chpc.utah.edu/ontologies/v2/ConText.owl#BodySite> -> <http://blulab.chpc.utah.edu/ontologies/schema/endo/colonoscopyQuality.owl#Colon_structure> -> <http://blulab.chpc.utah.edu/ontologies/schema/endo/colonoscopyQuality.owl#Region_of_colon> -> <http://blulab.chpc.utah.edu/ontologies/schema/endo/colonoscopyQuality.owl#Descending_colon> -> <http://blulab.chpc.utah.edu/ontologies/schema/endo/colonoscopyQuality.owl#Wall_of_descending_colon> -> <http://blulab.chpc.utah.edu/ontologies/schema/endo/colonoscopyQuality.owl#Anterior_wall_of_descending_colon>]]

	Modifier: Epiploic_appendage_of_descending_colon, uri=http://blulab.chpc.utah.edu/ontologies/schema/endo/colonoscopyQuality.owl#Epiploic_appendage_of_descending_colon, type= Semantic, classPath= [<http://blulab.chpc.utah.edu/ontologies/v2/ConText.owl#Lexicon> -> <http://blulab.chpc.utah.edu/ontologies/v2/ConText.owl#Modifier> -> <http://blulab.chpc.utah.edu/ontologies/v2/ConText.owl#SemanticModifier> -> <http://blulab.chpc.utah.edu/ontologies/v2/ConText.owl#BodySite> -> <http://blulab.chpc.utah.edu/ontologies/schema/endo/colonoscopyQuality.owl#Colon_structure> -> <http://blulab.chpc.utah.edu/ontologies/schema/endo/colonoscopyQuality.owl#Colon_wall_structure> -> <http://blulab.chpc.utah.edu/ontologies/schema/endo/colonoscopyQuality.owl#Appendix_Epiploica> -> <http://blulab.chpc.utah.edu/ontologies/schema/endo/colonoscopyQuality.owl#Epiploic_appendage_of_descending_colon>, <http://blulab.chpc.utah.edu/ontologies/v2/ConText.owl#Lexicon> -> <http://blulab.chpc.utah.edu/ontologies/v2/ConText.owl#Modifier> -> <http://blulab.chpc.utah.edu/ontologies/v2/ConText.owl#SemanticModifier> -> <http://blulab.chpc.utah.edu/ontologies/v2/ConText.owl#BodySite> -> <http://blulab.chpc.utah.edu/ontologies/schema/endo/colonoscopyQuality.owl#Colon_structure> -> <http://blulab.chpc.utah.edu/ontologies/schema/endo/colonoscopyQuality.owl#Descending_colon> -> <http://blulab.chpc.utah.edu/ontologies/schema/endo/colonoscopyQuality.owl#Wall_of_descending_colon> -> <http://blulab.chpc.utah.edu/ontologies/schema/endo/colonoscopyQuality.owl#Epiploic_appendage_of_descending_colon>, <http://blulab.chpc.utah.edu/ontologies/v2/ConText.owl#Lexicon> -> <http://blulab.chpc.utah.edu/ontologies/v2/ConText.owl#Modifier> -> <http://blulab.chpc.utah.edu/ontologies/v2/ConText.owl#SemanticModifier> -> <http://blulab.chpc.utah.edu/ontologies/v2/ConText.owl#BodySite> -> <http://blulab.chpc.utah.edu/ontologies/schema/endo/colonoscopyQuality.owl#Colon_structure> -> <http://blulab.chpc.utah.edu/ontologies/schema/endo/colonoscopyQuality.owl#Left_colon> -> <http://blulab.chpc.utah.edu/ontologies/schema/endo/colonoscopyQuality.owl#Entire_left_colon> -> <http://blulab.chpc.utah.edu/ontologies/schema/endo/colonoscopyQuality.owl#Descending_colon> -> <http://blulab.chpc.utah.edu/ontologies/schema/endo/colonoscopyQuality.owl#Wall_of_descending_colon> -> <http://blulab.chpc.utah.edu/ontologies/schema/endo/colonoscopyQuality.owl#Epiploic_appendage_of_descending_colon>, <http://blulab.chpc.utah.edu/ontologies/v2/ConText.owl#Lexicon> -> <http://blulab.chpc.utah.edu/ontologies/v2/ConText.owl#Modifier> -> <http://blulab.chpc.utah.edu/ontologies/v2/ConText.owl#SemanticModifier> -> <http://blulab.chpc.utah.edu/ontologies/v2/ConText.owl#BodySite> -> <http://blulab.chpc.utah.edu/ontologies/schema/endo/colonoscopyQuality.owl#Colon_structure> -> <http://blulab.chpc.utah.edu/ontologies/schema/endo/colonoscopyQuality.owl#Entire_colon> -> <http://blulab.chpc.utah.edu/ontologies/schema/endo/colonoscopyQuality.owl#Left_colon> -> <http://blulab.chpc.utah.edu/ontologies/schema/endo/colonoscopyQuality.owl#Entire_left_colon> -> <http://blulab.chpc.utah.edu/ontologies/schema/endo/colonoscopyQuality.owl#Descending_colon> -> <http://blulab.chpc.utah.edu/ontologies/schema/endo/colonoscopyQuality.owl#Wall_of_descending_colon> -> <http://blulab.chpc.utah.edu/ontologies/schema/endo/colonoscopyQuality.owl#Epiploic_appendage_of_descending_colon>, <http://blulab.chpc.utah.edu/ontologies/v2/ConText.owl#Lexicon> -> <http://blulab.chpc.utah.edu/ontologies/v2/ConText.owl#Modifier> -> <http://blulab.chpc.utah.edu/ontologies/v2/ConText.owl#SemanticModifier> -> <http://blulab.chpc.utah.edu/ontologies/v2/ConText.owl#BodySite> -> <http://blulab.chpc.utah.edu/ontologies/schema/endo/colonoscopyQuality.owl#Colon_structure> -> <http://blulab.chpc.utah.edu/ontologies/schema/endo/colonoscopyQuality.owl#Entire_colon> -> <http://blulab.chpc.utah.edu/ontologies/schema/endo/colonoscopyQuality.owl#Left_colon> -> <http://blulab.chpc.utah.edu/ontologies/schema/endo/colonoscopyQuality.owl#Descending_colon> -> <http://blulab.chpc.utah.edu/ontologies/schema/endo/colonoscopyQuality.owl#Wall_of_descending_colon> -> <http://blulab.chpc.utah.edu/ontologies/schema/endo/colonoscopyQuality.owl#Epiploic_appendage_of_descending_colon>, <http://blulab.chpc.utah.edu/ontologies/v2/ConText.owl#Lexicon> -> <http://blulab.chpc.utah.edu/ontologies/v2/ConText.owl#Modifier> -> <http://blulab.chpc.utah.edu/ontologies/v2/ConText.owl#SemanticModifier> -> <http://blulab.chpc.utah.edu/ontologies/v2/ConText.owl#BodySite> -> <http://blulab.chpc.utah.edu/ontologies/schema/endo/colonoscopyQuality.owl#Colon_structure> -> <http://blulab.chpc.utah.edu/ontologies/schema/endo/colonoscopyQuality.owl#Left_colon> -> <http://blulab.chpc.utah.edu/ontologies/schema/endo/colonoscopyQuality.owl#Descending_colon> -> <http://blulab.chpc.utah.edu/ontologies/schema/endo/colonoscopyQuality.owl#Wall_of_descending_colon> -> <http://blulab.chpc.utah.edu/ontologies/schema/endo/colonoscopyQuality.owl#Epiploic_appendage_of_descending_colon>, <http://blulab.chpc.utah.edu/ontologies/v2/ConText.owl#Lexicon> -> <http://blulab.chpc.utah.edu/ontologies/v2/ConText.owl#Modifier> -> <http://blulab.chpc.utah.edu/ontologies/v2/ConText.owl#SemanticModifier> -> <http://blulab.chpc.utah.edu/ontologies/v2/ConText.owl#BodySite> -> <http://blulab.chpc.utah.edu/ontologies/schema/endo/colonoscopyQuality.owl#Colon_structure> -> <http://blulab.chpc.utah.edu/ontologies/schema/endo/colonoscopyQuality.owl#Region_of_colon> -> <http://blulab.chpc.utah.edu/ontologies/schema/endo/colonoscopyQuality.owl#Descending_colon> -> <http://blulab.chpc.utah.edu/ontologies/schema/endo/colonoscopyQuality.owl#Wall_of_descending_colon> -> <http://blulab.chpc.utah.edu/ontologies/schema/endo/colonoscopyQuality.owl#Epiploic_appendage_of_descending_colon>, <http://blulab.chpc.utah.edu/ontologies/v2/ConText.owl#Lexicon> -> <http://blulab.chpc.utah.edu/ontologies/v2/ConText.owl#Modifier> -> <http://blulab.chpc.utah.edu/ontologies/v2/ConText.owl#SemanticModifier> -> <http://blulab.chpc.utah.edu/ontologies/v2/ConText.owl#BodySite> -> <http://blulab.chpc.utah.edu/ontologies/schema/endo/colonoscopyQuality.owl#Colon_structure> -> <http://blulab.chpc.utah.edu/ontologies/schema/endo/colonoscopyQuality.owl#Entire_colon> -> <http://blulab.chpc.utah.edu/ontologies/schema/endo/colonoscopyQuality.owl#Appendix_Epiploica> -> <http://blulab.chpc.utah.edu/ontologies/schema/endo/colonoscopyQuality.owl#Epiploic_appendage_of_descending_colon>]]

	Modifier: Mucosa_of_descending_colon, uri=http://blulab.chpc.utah.edu/ontologies/schema/endo/colonoscopyQuality.owl#Mucosa_of_descending_colon, type= Semantic, classPath= [<http://blulab.chpc.utah.edu/ontologies/v2/ConText.owl#Lexicon> -> <http://blulab.chpc.utah.edu/ontologies/v2/ConText.owl#Modifier> -> <http://blulab.chpc.utah.edu/ontologies/v2/ConText.owl#SemanticModifier> -> <http://blulab.chpc.utah.edu/ontologies/v2/ConText.owl#BodySite> -> <http://blulab.chpc.utah.edu/ontologies/schema/endo/colonoscopyQuality.owl#Colon_structure> -> <http://blulab.chpc.utah.edu/ontologies/schema/endo/colonoscopyQuality.owl#Descending_colon> -> <http://blulab.chpc.utah.edu/ontologies/schema/endo/colonoscopyQuality.owl#Wall_of_descending_colon> -> <http://blulab.chpc.utah.edu/ontologies/schema/endo/colonoscopyQuality.owl#Mucosa_of_descending_colon>, <http://blulab.chpc.utah.edu/ontologies/v2/ConText.owl#Lexicon> -> <http://blulab.chpc.utah.edu/ontologies/v2/ConText.owl#Modifier> -> <http://blulab.chpc.utah.edu/ontologies/v2/ConText.owl#SemanticModifier> -> <http://blulab.chpc.utah.edu/ontologies/v2/ConText.owl#BodySite> -> <http://blulab.chpc.utah.edu/ontologies/schema/endo/colonoscopyQuality.owl#Colon_structure> -> <http://blulab.chpc.utah.edu/ontologies/schema/endo/colonoscopyQuality.owl#Left_colon> -> <http://blulab.chpc.utah.edu/ontologies/schema/endo/colonoscopyQuality.owl#Entire_left_colon> -> <http://blulab.chpc.utah.edu/ontologies/schema/endo/colonoscopyQuality.owl#Descending_colon> -> <http://blulab.chpc.utah.edu/ontologies/schema/endo/colonoscopyQuality.owl#Wall_of_descending_colon> -> <http://blulab.chpc.utah.edu/ontologies/schema/endo/colonoscopyQuality.owl#Mucosa_of_descending_colon>, <http://blulab.chpc.utah.edu/ontologies/v2/ConText.owl#Lexicon> -> <http://blulab.chpc.utah.edu/ontologies/v2/ConText.owl#Modifier> -> <http://blulab.chpc.utah.edu/ontologies/v2/ConText.owl#SemanticModifier> -> <http://blulab.chpc.utah.edu/ontologies/v2/ConText.owl#BodySite> -> <http://blulab.chpc.utah.edu/ontologies/schema/endo/colonoscopyQuality.owl#Colon_structure> -> <http://blulab.chpc.utah.edu/ontologies/schema/endo/colonoscopyQuality.owl#Entire_colon> -> <http://blulab.chpc.utah.edu/ontologies/schema/endo/colonoscopyQuality.owl#Left_colon> -> <http://blulab.chpc.utah.edu/ontologies/schema/endo/colonoscopyQuality.owl#Entire_left_colon> -> <http://blulab.chpc.utah.edu/ontologies/schema/endo/colonoscopyQuality.owl#Descending_colon> -> <http://blulab.chpc.utah.edu/ontologies/schema/endo/colonoscopyQuality.owl#Wall_of_descending_colon> -> <http://blulab.chpc.utah.edu/ontologies/schema/endo/colonoscopyQuality.owl#Mucosa_of_descending_colon>, <http://blulab.chpc.utah.edu/ontologies/v2/ConText.owl#Lexicon> -> <http://blulab.chpc.utah.edu/ontologies/v2/ConText.owl#Modifier> -> <http://blulab.chpc.utah.edu/ontologies/v2/ConText.owl#SemanticModifier> -> <http://blulab.chpc.utah.edu/ontologies/v2/ConText.owl#BodySite> -> <http://blulab.chpc.utah.edu/ontologies/schema/endo/colonoscopyQuality.owl#Colon_structure> -> <http://blulab.chpc.utah.edu/ontologies/schema/endo/colonoscopyQuality.owl#Entire_colon> -> <http://blulab.chpc.utah.edu/ontologies/schema/endo/colonoscopyQuality.owl#Left_colon> -> <http://blulab.chpc.utah.edu/ontologies/schema/endo/colonoscopyQuality.owl#Descending_colon> -> <http://blulab.chpc.utah.edu/ontologies/schema/endo/colonoscopyQuality.owl#Wall_of_descending_colon> -> <http://blulab.chpc.utah.edu/ontologies/schema/endo/colonoscopyQuality.owl#Mucosa_of_descending_colon>, <http://blulab.chpc.utah.edu/ontologies/v2/ConText.owl#Lexicon> -> <http://blulab.chpc.utah.edu/ontologies/v2/ConText.owl#Modifier> -> <http://blulab.chpc.utah.edu/ontologies/v2/ConText.owl#SemanticModifier> -> <http://blulab.chpc.utah.edu/ontologies/v2/ConText.owl#BodySite> -> <http://blulab.chpc.utah.edu/ontologies/schema/endo/colonoscopyQuality.owl#Colon_structure> -> <http://blulab.chpc.utah.edu/ontologies/schema/endo/colonoscopyQuality.owl#Left_colon> -> <http://blulab.chpc.utah.edu/ontologies/schema/endo/colonoscopyQuality.owl#Descending_colon> -> <http://blulab.chpc.utah.edu/ontologies/schema/endo/colonoscopyQuality.owl#Wall_of_descending_colon> -> <http://blulab.chpc.utah.edu/ontologies/schema/endo/colonoscopyQuality.owl#Mucosa_of_descending_colon>, <http://blulab.chpc.utah.edu/ontologies/v2/ConText.owl#Lexicon> -> <http://blulab.chpc.utah.edu/ontologies/v2/ConText.owl#Modifier> -> <http://blulab.chpc.utah.edu/ontologies/v2/ConText.owl#SemanticModifier> -> <http://blulab.chpc.utah.edu/ontologies/v2/ConText.owl#BodySite> -> <http://blulab.chpc.utah.edu/ontologies/schema/endo/colonoscopyQuality.owl#Colon_structure> -> <http://blulab.chpc.utah.edu/ontologies/schema/endo/colonoscopyQuality.owl#Region_of_colon> -> <http://blulab.chpc.utah.edu/ontologies/schema/endo/colonoscopyQuality.owl#Descending_colon> -> <http://blulab.chpc.utah.edu/ontologies/schema/endo/colonoscopyQuality.owl#Wall_of_descending_colon> -> <http://blulab.chpc.utah.edu/ontologies/schema/endo/colonoscopyQuality.owl#Mucosa_of_descending_colon>]]

	Modifier: Epithelium_of_descending_colon, uri=http://blulab.chpc.utah.edu/ontologies/schema/endo/colonoscopyQuality.owl#Epithelium_of_descending_colon, type= Semantic, classPath= [<http://blulab.chpc.utah.edu/ontologies/v2/ConText.owl#Lexicon> -> <http://blulab.chpc.utah.edu/ontologies/v2/ConText.owl#Modifier> -> <http://blulab.chpc.utah.edu/ontologies/v2/ConText.owl#SemanticModifier> -> <http://blulab.chpc.utah.edu/ontologies/v2/ConText.owl#BodySite> -> <http://blulab.chpc.utah.edu/ontologies/schema/endo/colonoscopyQuality.owl#Colon_structure> -> <http://blulab.chpc.utah.edu/ontologies/schema/endo/colonoscopyQuality.owl#Descending_colon> -> <http://blulab.chpc.utah.edu/ontologies/schema/endo/colonoscopyQuality.owl#Wall_of_descending_colon> -> <http://blulab.chpc.utah.edu/ontologies/schema/endo/colonoscopyQuality.owl#Mucosa_of_descending_colon> -> <http://blulab.chpc.utah.edu/ontologies/schema/endo/colonoscopyQuality.owl#Epithelium_of_descending_colon>, <http://blulab.chpc.utah.edu/ontologies/v2/ConText.owl#Lexicon> -> <http://blulab.chpc.utah.edu/ontologies/v2/ConText.owl#Modifier> -> <http://blulab.chpc.utah.edu/ontologies/v2/ConText.owl#SemanticModifier> -> <http://blulab.chpc.utah.edu/ontologies/v2/ConText.owl#BodySite> -> <http://blulab.chpc.utah.edu/ontologies/schema/endo/colonoscopyQuality.owl#Colon_structure> -> <http://blulab.chpc.utah.edu/ontologies/schema/endo/colonoscopyQuality.owl#Left_colon> -> <http://blulab.chpc.utah.edu/ontologies/schema/endo/colonoscopyQuality.owl#Entire_left_colon> -> <http://blulab.chpc.utah.edu/ontologies/schema/endo/colonoscopyQuality.owl#Descending_colon> -> <http://blulab.chpc.utah.edu/ontologies/schema/endo/colonoscopyQuality.owl#Wall_of_descending_colon> -> <http://blulab.chpc.utah.edu/ontologies/schema/endo/colonoscopyQuality.owl#Mucosa_of_descending_colon> -> <http://blulab.chpc.utah.edu/ontologies/schema/endo/colonoscopyQuality.owl#Epithelium_of_descending_colon>, <http://blulab.chpc.utah.edu/ontologies/v2/ConText.owl#Lexicon> -> <http://blulab.chpc.utah.edu/ontologies/v2/ConText.owl#Modifier> -> <http://blulab.chpc.utah.edu/ontologies/v2/ConText.owl#SemanticModifier> -> <http://blulab.chpc.utah.edu/ontologies/v2/ConText.owl#BodySite> -> <http://blulab.chpc.utah.edu/ontologies/schema/endo/colonoscopyQuality.owl#Colon_structure> -> <http://blulab.chpc.utah.edu/ontologies/schema/endo/colonoscopyQuality.owl#Entire_colon> -> <http://blulab.chpc.utah.edu/ontologies/schema/endo/colonoscopyQuality.owl#Left_colon> -> <http://blulab.chpc.utah.edu/ontologies/schema/endo/colonoscopyQuality.owl#Entire_left_colon> -> <http://blulab.chpc.utah.edu/ontologies/schema/endo/colonoscopyQuality.owl#Descending_colon> -> <http://blulab.chpc.utah.edu/ontologies/schema/endo/colonoscopyQuality.owl#Wall_of_descending_colon> -> <http://blulab.chpc.utah.edu/ontologies/schema/endo/colonoscopyQuality.owl#Mucosa_of_descending_colon> -> <http://blulab.chpc.utah.edu/ontologies/schema/endo/colonoscopyQuality.owl#Epithelium_of_descending_colon>, <http://blulab.chpc.utah.edu/ontologies/v2/ConText.owl#Lexicon> -> <http://blulab.chpc.utah.edu/ontologies/v2/ConText.owl#Modifier> -> <http://blulab.chpc.utah.edu/ontologies/v2/ConText.owl#SemanticModifier> -> <http://blulab.chpc.utah.edu/ontologies/v2/ConText.owl#BodySite> -> <http://blulab.chpc.utah.edu/ontologies/schema/endo/colonoscopyQuality.owl#Colon_structure> -> <http://blulab.chpc.utah.edu/ontologies/schema/endo/colonoscopyQuality.owl#Entire_colon> -> <http://blulab.chpc.utah.edu/ontologies/schema/endo/colonoscopyQuality.owl#Left_colon> -> <http://blulab.chpc.utah.edu/ontologies/schema/endo/colonoscopyQuality.owl#Descending_colon> -> <http://blulab.chpc.utah.edu/ontologies/schema/endo/colonoscopyQuality.owl#Wall_of_descending_colon> -> <http://blulab.chpc.utah.edu/ontologies/schema/endo/colonoscopyQuality.owl#Mucosa_of_descending_colon> -> <http://blulab.chpc.utah.edu/ontologies/schema/endo/colonoscopyQuality.owl#Epithelium_of_descending_colon>, <http://blulab.chpc.utah.edu/ontologies/v2/ConText.owl#Lexicon> -> <http://blulab.chpc.utah.edu/ontologies/v2/ConText.owl#Modifier> -> <http://blulab.chpc.utah.edu/ontologies/v2/ConText.owl#SemanticModifier> -> <http://blulab.chpc.utah.edu/ontologies/v2/ConText.owl#BodySite> -> <http://blulab.chpc.utah.edu/ontologies/schema/endo/colonoscopyQuality.owl#Colon_structure> -> <http://blulab.chpc.utah.edu/ontologies/schema/endo/colonoscopyQuality.owl#Left_colon> -> <http://blulab.chpc.utah.edu/ontologies/schema/endo/colonoscopyQuality.owl#Descending_colon> -> <http://blulab.chpc.utah.edu/ontologies/schema/endo/colonoscopyQuality.owl#Wall_of_descending_colon> -> <http://blulab.chpc.utah.edu/ontologies/schema/endo/colonoscopyQuality.owl#Mucosa_of_descending_colon> -> <http://blulab.chpc.utah.edu/ontologies/schema/endo/colonoscopyQuality.owl#Epithelium_of_descending_colon>, <http://blulab.chpc.utah.edu/ontologies/v2/ConText.owl#Lexicon> -> <http://blulab.chpc.utah.edu/ontologies/v2/ConText.owl#Modifier> -> <http://blulab.chpc.utah.edu/ontologies/v2/ConText.owl#SemanticModifier> -> <http://blulab.chpc.utah.edu/ontologies/v2/ConText.owl#BodySite> -> <http://blulab.chpc.utah.edu/ontologies/schema/endo/colonoscopyQuality.owl#Colon_structure> -> <http://blulab.chpc.utah.edu/ontologies/schema/endo/colonoscopyQuality.owl#Region_of_colon> -> <http://blulab.chpc.utah.edu/ontologies/schema/endo/colonoscopyQuality.owl#Descending_colon> -> <http://blulab.chpc.utah.edu/ontologies/schema/endo/colonoscopyQuality.owl#Wall_of_descending_colon> -> <http://blulab.chpc.utah.edu/ontologies/schema/endo/colonoscopyQuality.owl#Mucosa_of_descending_colon> -> <http://blulab.chpc.utah.edu/ontologies/schema/endo/colonoscopyQuality.owl#Epithelium_of_descending_colon>]]

	Modifier: Lamina_propria_mucosae_of_descending_colon, uri=http://blulab.chpc.utah.edu/ontologies/schema/endo/colonoscopyQuality.owl#Lamina_propria_mucosae_of_descending_colon, type= Semantic, classPath= [<http://blulab.chpc.utah.edu/ontologies/v2/ConText.owl#Lexicon> -> <http://blulab.chpc.utah.edu/ontologies/v2/ConText.owl#Modifier> -> <http://blulab.chpc.utah.edu/ontologies/v2/ConText.owl#SemanticModifier> -> <http://blulab.chpc.utah.edu/ontologies/v2/ConText.owl#BodySite> -> <http://blulab.chpc.utah.edu/ontologies/schema/endo/colonoscopyQuality.owl#Colon_structure> -> <http://blulab.chpc.utah.edu/ontologies/schema/endo/colonoscopyQuality.owl#Descending_colon> -> <http://blulab.chpc.utah.edu/ontologies/schema/endo/colonoscopyQuality.owl#Wall_of_descending_colon> -> <http://blulab.chpc.utah.edu/ontologies/schema/endo/colonoscopyQuality.owl#Mucosa_of_descending_colon> -> <http://blulab.chpc.utah.edu/ontologies/schema/endo/colonoscopyQuality.owl#Lamina_propria_mucosae_of_descending_colon>, <http://blulab.chpc.utah.edu/ontologies/v2/ConText.owl#Lexicon> -> <http://blulab.chpc.utah.edu/ontologies/v2/ConText.owl#Modifier> -> <http://blulab.chpc.utah.edu/ontologies/v2/ConText.owl#SemanticModifier> -> <http://blulab.chpc.utah.edu/ontologies/v2/ConText.owl#BodySite> -> <http://blulab.chpc.utah.edu/ontologies/schema/endo/colonoscopyQuality.owl#Colon_structure> -> <http://blulab.chpc.utah.edu/ontologies/schema/endo/colonoscopyQuality.owl#Left_colon> -> <http://blulab.chpc.utah.edu/ontologies/schema/endo/colonoscopyQuality.owl#Entire_left_colon> -> <http://blulab.chpc.utah.edu/ontologies/schema/endo/colonoscopyQuality.owl#Descending_colon> -> <http://blulab.chpc.utah.edu/ontologies/schema/endo/colonoscopyQuality.owl#Wall_of_descending_colon> -> <http://blulab.chpc.utah.edu/ontologies/schema/endo/colonoscopyQuality.owl#Mucosa_of_descending_colon> -> <http://blulab.chpc.utah.edu/ontologies/schema/endo/colonoscopyQuality.owl#Lamina_propria_mucosae_of_descending_colon>, <http://blulab.chpc.utah.edu/ontologies/v2/ConText.owl#Lexicon> -> <http://blulab.chpc.utah.edu/ontologies/v2/ConText.owl#Modifier> -> <http://blulab.chpc.utah.edu/ontologies/v2/ConText.owl#SemanticModifier> -> <http://blulab.chpc.utah.edu/ontologies/v2/ConText.owl#BodySite> -> <http://blulab.chpc.utah.edu/ontologies/schema/endo/colonoscopyQuality.owl#Colon_structure> -> <http://blulab.chpc.utah.edu/ontologies/schema/endo/colonoscopyQuality.owl#Entire_colon> -> <http://blulab.chpc.utah.edu/ontologies/schema/endo/colonoscopyQuality.owl#Left_colon> -> <http://blulab.chpc.utah.edu/ontologies/schema/endo/colonoscopyQuality.owl#Entire_left_colon> -> <http://blulab.chpc.utah.edu/ontologies/schema/endo/colonoscopyQuality.owl#Descending_colon> -> <http://blulab.chpc.utah.edu/ontologies/schema/endo/colonoscopyQuality.owl#Wall_of_descending_colon> -> <http://blulab.chpc.utah.edu/ontologies/schema/endo/colonoscopyQuality.owl#Mucosa_of_descending_colon> -> <http://blulab.chpc.utah.edu/ontologies/schema/endo/colonoscopyQuality.owl#Lamina_propria_mucosae_of_descending_colon>, <http://blulab.chpc.utah.edu/ontologies/v2/ConText.owl#Lexicon> -> <http://blulab.chpc.utah.edu/ontologies/v2/ConText.owl#Modifier> -> <http://blulab.chpc.utah.edu/ontologies/v2/ConText.owl#SemanticModifier> -> <http://blulab.chpc.utah.edu/ontologies/v2/ConText.owl#BodySite> -> <http://blulab.chpc.utah.edu/ontologies/schema/endo/colonoscopyQuality.owl#Colon_structure> -> <http://blulab.chpc.utah.edu/ontologies/schema/endo/colonoscopyQuality.owl#Entire_colon> -> <http://blulab.chpc.utah.edu/ontologies/schema/endo/colonoscopyQuality.owl#Left_colon> -> <http://blulab.chpc.utah.edu/ontologies/schema/endo/colonoscopyQuality.owl#Descending_colon> -> <http://blulab.chpc.utah.edu/ontologies/schema/endo/colonoscopyQuality.owl#Wall_of_descending_colon> -> <http://blulab.chpc.utah.edu/ontologies/schema/endo/colonoscopyQuality.owl#Mucosa_of_descending_colon> -> <http://blulab.chpc.utah.edu/ontologies/schema/endo/colonoscopyQuality.owl#Lamina_propria_mucosae_of_descending_colon>, <http://blulab.chpc.utah.edu/ontologies/v2/ConText.owl#Lexicon> -> <http://blulab.chpc.utah.edu/ontologies/v2/ConText.owl#Modifier> -> <http://blulab.chpc.utah.edu/ontologies/v2/ConText.owl#SemanticModifier> -> <http://blulab.chpc.utah.edu/ontologies/v2/ConText.owl#BodySite> -> <http://blulab.chpc.utah.edu/ontologies/schema/endo/colonoscopyQuality.owl#Colon_structure> -> <http://blulab.chpc.utah.edu/ontologies/schema/endo/colonoscopyQuality.owl#Left_colon> -> <http://blulab.chpc.utah.edu/ontologies/schema/endo/colonoscopyQuality.owl#Descending_colon> -> <http://blulab.chpc.utah.edu/ontologies/schema/endo/colonoscopyQuality.owl#Wall_of_descending_colon> -> <http://blulab.chpc.utah.edu/ontologies/schema/endo/colonoscopyQuality.owl#Mucosa_of_descending_colon> -> <http://blulab.chpc.utah.edu/ontologies/schema/endo/colonoscopyQuality.owl#Lamina_propria_mucosae_of_descending_colon>, <http://blulab.chpc.utah.edu/ontologies/v2/ConText.owl#Lexicon> -> <http://blulab.chpc.utah.edu/ontologies/v2/ConText.owl#Modifier> -> <http://blulab.chpc.utah.edu/ontologies/v2/ConText.owl#SemanticModifier> -> <http://blulab.chpc.utah.edu/ontologies/v2/ConText.owl#BodySite> -> <http://blulab.chpc.utah.edu/ontologies/schema/endo/colonoscopyQuality.owl#Colon_structure> -> <http://blulab.chpc.utah.edu/ontologies/schema/endo/colonoscopyQuality.owl#Region_of_colon> -> <http://blulab.chpc.utah.edu/ontologies/schema/endo/colonoscopyQuality.owl#Descending_colon> -> <http://blulab.chpc.utah.edu/ontologies/schema/endo/colonoscopyQuality.owl#Wall_of_descending_colon> -> <http://blulab.chpc.utah.edu/ontologies/schema/endo/colonoscopyQuality.owl#Mucosa_of_descending_colon> -> <http://blulab.chpc.utah.edu/ontologies/schema/endo/colonoscopyQuality.owl#Lamina_propria_mucosae_of_descending_colon>]]

	Modifier: Muscularis_mucosae_of_descending_colon, uri=http://blulab.chpc.utah.edu/ontologies/schema/endo/colonoscopyQuality.owl#Muscularis_mucosae_of_descending_colon, type= Semantic, classPath= [<http://blulab.chpc.utah.edu/ontologies/v2/ConText.owl#Lexicon> -> <http://blulab.chpc.utah.edu/ontologies/v2/ConText.owl#Modifier> -> <http://blulab.chpc.utah.edu/ontologies/v2/ConText.owl#SemanticModifier> -> <http://blulab.chpc.utah.edu/ontologies/v2/ConText.owl#BodySite> -> <http://blulab.chpc.utah.edu/ontologies/schema/endo/colonoscopyQuality.owl#Colon_structure> -> <http://blulab.chpc.utah.edu/ontologies/schema/endo/colonoscopyQuality.owl#Entire_colon> -> <http://blulab.chpc.utah.edu/ontologies/schema/endo/colonoscopyQuality.owl#Colonic_mucous_membrane> -> <http://blulab.chpc.utah.edu/ontologies/schema/endo/colonoscopyQuality.owl#Lamina_muscularis_of_colonic_mucous_membrane> -> <http://blulab.chpc.utah.edu/ontologies/schema/endo/colonoscopyQuality.owl#Muscularis_mucosae_of_descending_colon>, <http://blulab.chpc.utah.edu/ontologies/v2/ConText.owl#Lexicon> -> <http://blulab.chpc.utah.edu/ontologies/v2/ConText.owl#Modifier> -> <http://blulab.chpc.utah.edu/ontologies/v2/ConText.owl#SemanticModifier> -> <http://blulab.chpc.utah.edu/ontologies/v2/ConText.owl#BodySite> -> <http://blulab.chpc.utah.edu/ontologies/schema/endo/colonoscopyQuality.owl#Colon_structure> -> <http://blulab.chpc.utah.edu/ontologies/schema/endo/colonoscopyQuality.owl#Descending_colon> -> <http://blulab.chpc.utah.edu/ontologies/schema/endo/colonoscopyQuality.owl#Wall_of_descending_colon> -> <http://blulab.chpc.utah.edu/ontologies/schema/endo/colonoscopyQuality.owl#Mucosa_of_descending_colon> -> <http://blulab.chpc.utah.edu/ontologies/schema/endo/colonoscopyQuality.owl#Muscularis_mucosae_of_descending_colon>, <http://blulab.chpc.utah.edu/ontologies/v2/ConText.owl#Lexicon> -> <http://blulab.chpc.utah.edu/ontologies/v2/ConText.owl#Modifier> -> <http://blulab.chpc.utah.edu/ontologies/v2/ConText.owl#SemanticModifier> -> <http://blulab.chpc.utah.edu/ontologies/v2/ConText.owl#BodySite> -> <http://blulab.chpc.utah.edu/ontologies/schema/endo/colonoscopyQuality.owl#Colon_structure> -> <http://blulab.chpc.utah.edu/ontologies/schema/endo/colonoscopyQuality.owl#Left_colon> -> <http://blulab.chpc.utah.edu/ontologies/schema/endo/colonoscopyQuality.owl#Entire_left_colon> -> <http://blulab.chpc.utah.edu/ontologies/schema/endo/colonoscopyQuality.owl#Descending_colon> -> <http://blulab.chpc.utah.edu/ontologies/schema/endo/colonoscopyQuality.owl#Wall_of_descending_colon> -> <http://blulab.chpc.utah.edu/ontologies/schema/endo/colonoscopyQuality.owl#Mucosa_of_descending_colon> -> <http://blulab.chpc.utah.edu/ontologies/schema/endo/colonoscopyQuality.owl#Muscularis_mucosae_of_descending_colon>, <http://blulab.chpc.utah.edu/ontologies/v2/ConText.owl#Lexicon> -> <http://blulab.chpc.utah.edu/ontologies/v2/ConText.owl#Modifier> -> <http://blulab.chpc.utah.edu/ontologies/v2/ConText.owl#SemanticModifier> -> <http://blulab.chpc.utah.edu/ontologies/v2/ConText.owl#BodySite> -> <http://blulab.chpc.utah.edu/ontologies/schema/endo/colonoscopyQuality.owl#Colon_structure> -> <http://blulab.chpc.utah.edu/ontologies/schema/endo/colonoscopyQuality.owl#Entire_colon> -> <http://blulab.chpc.utah.edu/ontologies/schema/endo/colonoscopyQuality.owl#Left_colon> -> <http://blulab.chpc.utah.edu/ontologies/schema/endo/colonoscopyQuality.owl#Entire_left_colon> -> <http://blulab.chpc.utah.edu/ontologies/schema/endo/colonoscopyQuality.owl#Descending_colon> -> <http://blulab.chpc.utah.edu/ontologies/schema/endo/colonoscopyQuality.owl#Wall_of_descending_colon> -> <http://blulab.chpc.utah.edu/ontologies/schema/endo/colonoscopyQuality.owl#Mucosa_of_descending_colon> -> <http://blulab.chpc.utah.edu/ontologies/schema/endo/colonoscopyQuality.owl#Muscularis_mucosae_of_descending_colon>, <http://blulab.chpc.utah.edu/ontologies/v2/ConText.owl#Lexicon> -> <http://blulab.chpc.utah.edu/ontologies/v2/ConText.owl#Modifier> -> <http://blulab.chpc.utah.edu/ontologies/v2/ConText.owl#SemanticModifier> -> <http://blulab.chpc.utah.edu/ontologies/v2/ConText.owl#BodySite> -> <http://blulab.chpc.utah.edu/ontologies/schema/endo/colonoscopyQuality.owl#Colon_structure> -> <http://blulab.chpc.utah.edu/ontologies/schema/endo/colonoscopyQuality.owl#Entire_colon> -> <http://blulab.chpc.utah.edu/ontologies/schema/endo/colonoscopyQuality.owl#Left_colon> -> <http://blulab.chpc.utah.edu/ontologies/schema/endo/colonoscopyQuality.owl#Descending_colon> -> <http://blulab.chpc.utah.edu/ontologies/schema/endo/colonoscopyQuality.owl#Wall_of_descending_colon> -> <http://blulab.chpc.utah.edu/ontologies/schema/endo/colonoscopyQuality.owl#Mucosa_of_descending_colon> -> <http://blulab.chpc.utah.edu/ontologies/schema/endo/colonoscopyQuality.owl#Muscularis_mucosae_of_descending_colon>, <http://blulab.chpc.utah.edu/ontologies/v2/ConText.owl#Lexicon> -> <http://blulab.chpc.utah.edu/ontologies/v2/ConText.owl#Modifier> -> <http://blulab.chpc.utah.edu/ontologies/v2/ConText.owl#SemanticModifier> -> <http://blulab.chpc.utah.edu/ontologies/v2/ConText.owl#BodySite> -> <http://blulab.chpc.utah.edu/ontologies/schema/endo/colonoscopyQuality.owl#Colon_structure> -> <http://blulab.chpc.utah.edu/ontologies/schema/endo/colonoscopyQuality.owl#Left_colon> -> <http://blulab.chpc.utah.edu/ontologies/schema/endo/colonoscopyQuality.owl#Descending_colon> -> <http://blulab.chpc.utah.edu/ontologies/schema/endo/colonoscopyQuality.owl#Wall_of_descending_colon> -> <http://blulab.chpc.utah.edu/ontologies/schema/endo/colonoscopyQuality.owl#Mucosa_of_descending_colon> -> <http://blulab.chpc.utah.edu/ontologies/schema/endo/colonoscopyQuality.owl#Muscularis_mucosae_of_descending_colon>, <http://blulab.chpc.utah.edu/ontologies/v2/ConText.owl#Lexicon> -> <http://blulab.chpc.utah.edu/ontologies/v2/ConText.owl#Modifier> -> <http://blulab.chpc.utah.edu/ontologies/v2/ConText.owl#SemanticModifier> -> <http://blulab.chpc.utah.edu/ontologies/v2/ConText.owl#BodySite> -> <http://blulab.chpc.utah.edu/ontologies/schema/endo/colonoscopyQuality.owl#Colon_structure> -> <http://blulab.chpc.utah.edu/ontologies/schema/endo/colonoscopyQuality.owl#Region_of_colon> -> <http://blulab.chpc.utah.edu/ontologies/schema/endo/colonoscopyQuality.owl#Descending_colon> -> <http://blulab.chpc.utah.edu/ontologies/schema/endo/colonoscopyQuality.owl#Wall_of_descending_colon> -> <http://blulab.chpc.utah.edu/ontologies/schema/endo/colonoscopyQuality.owl#Mucosa_of_descending_colon> -> <http://blulab.chpc.utah.edu/ontologies/schema/endo/colonoscopyQuality.owl#Muscularis_mucosae_of_descending_colon>, <http://blulab.chpc.utah.edu/ontologies/v2/ConText.owl#Lexicon> -> <http://blulab.chpc.utah.edu/ontologies/v2/ConText.owl#Modifier> -> <http://blulab.chpc.utah.edu/ontologies/v2/ConText.owl#SemanticModifier> -> <http://blulab.chpc.utah.edu/ontologies/v2/ConText.owl#BodySite> -> <http://blulab.chpc.utah.edu/ontologies/schema/endo/colonoscopyQuality.owl#Colon_structure> -> <http://blulab.chpc.utah.edu/ontologies/schema/endo/colonoscopyQuality.owl#Entire_colon> -> <http://blulab.chpc.utah.edu/ontologies/schema/endo/colonoscopyQuality.owl#Colonic_mucous_membrane> -> <http://blulab.chpc.utah.edu/ontologies/schema/endo/colonoscopyQuality.owl#Entire_colonic_mucous_membrane> -> <http://blulab.chpc.utah.edu/ontologies/schema/endo/colonoscopyQuality.owl#Lamina_muscularis_of_colonic_mucous_membrane> -> <http://blulab.chpc.utah.edu/ontologies/schema/endo/colonoscopyQuality.owl#Muscularis_mucosae_of_descending_colon>, <http://blulab.chpc.utah.edu/ontologies/v2/ConText.owl#Lexicon> -> <http://blulab.chpc.utah.edu/ontologies/v2/ConText.owl#Modifier> -> <http://blulab.chpc.utah.edu/ontologies/v2/ConText.owl#SemanticModifier> -> <http://blulab.chpc.utah.edu/ontologies/v2/ConText.owl#BodySite> -> <http://blulab.chpc.utah.edu/ontologies/schema/endo/colonoscopyQuality.owl#Colon_structure> -> <http://blulab.chpc.utah.edu/ontologies/schema/endo/colonoscopyQuality.owl#Wall_of_colon> -> <http://blulab.chpc.utah.edu/ontologies/schema/endo/colonoscopyQuality.owl#Colonic_mucous_membrane> -> <http://blulab.chpc.utah.edu/ontologies/schema/endo/colonoscopyQuality.owl#Entire_colonic_mucous_membrane> -> <http://blulab.chpc.utah.edu/ontologies/schema/endo/colonoscopyQuality.owl#Lamina_muscularis_of_colonic_mucous_membrane> -> <http://blulab.chpc.utah.edu/ontologies/schema/endo/colonoscopyQuality.owl#Muscularis_mucosae_of_descending_colon>, <http://blulab.chpc.utah.edu/ontologies/v2/ConText.owl#Lexicon> -> <http://blulab.chpc.utah.edu/ontologies/v2/ConText.owl#Modifier> -> <http://blulab.chpc.utah.edu/ontologies/v2/ConText.owl#SemanticModifier> -> <http://blulab.chpc.utah.edu/ontologies/v2/ConText.owl#BodySite> -> <http://blulab.chpc.utah.edu/ontologies/schema/endo/colonoscopyQuality.owl#Colon_structure> -> <http://blulab.chpc.utah.edu/ontologies/schema/endo/colonoscopyQuality.owl#Wall_of_colon> -> <http://blulab.chpc.utah.edu/ontologies/schema/endo/colonoscopyQuality.owl#Colonic_mucous_membrane> -> <http://blulab.chpc.utah.edu/ontologies/schema/endo/colonoscopyQuality.owl#Lamina_muscularis_of_colonic_mucous_membrane> -> <http://blulab.chpc.utah.edu/ontologies/schema/endo/colonoscopyQuality.owl#Muscularis_mucosae_of_descending_colon>]]

	Modifier: Muscle_layer_of_descending_colon, uri=http://blulab.chpc.utah.edu/ontologies/schema/endo/colonoscopyQuality.owl#Muscle_layer_of_descending_colon, type= Semantic, classPath= [<http://blulab.chpc.utah.edu/ontologies/v2/ConText.owl#Lexicon> -> <http://blulab.chpc.utah.edu/ontologies/v2/ConText.owl#Modifier> -> <http://blulab.chpc.utah.edu/ontologies/v2/ConText.owl#SemanticModifier> -> <http://blulab.chpc.utah.edu/ontologies/v2/ConText.owl#BodySite> -> <http://blulab.chpc.utah.edu/ontologies/schema/endo/colonoscopyQuality.owl#Colon_structure> -> <http://blulab.chpc.utah.edu/ontologies/schema/endo/colonoscopyQuality.owl#Descending_colon> -> <http://blulab.chpc.utah.edu/ontologies/schema/endo/colonoscopyQuality.owl#Wall_of_descending_colon> -> <http://blulab.chpc.utah.edu/ontologies/schema/endo/colonoscopyQuality.owl#Muscle_layer_of_descending_colon>, <http://blulab.chpc.utah.edu/ontologies/v2/ConText.owl#Lexicon> -> <http://blulab.chpc.utah.edu/ontologies/v2/ConText.owl#Modifier> -> <http://blulab.chpc.utah.edu/ontologies/v2/ConText.owl#SemanticModifier> -> <http://blulab.chpc.utah.edu/ontologies/v2/ConText.owl#BodySite> -> <http://blulab.chpc.utah.edu/ontologies/schema/endo/colonoscopyQuality.owl#Colon_structure> -> <http://blulab.chpc.utah.edu/ontologies/schema/endo/colonoscopyQuality.owl#Left_colon> -> <http://blulab.chpc.utah.edu/ontologies/schema/endo/colonoscopyQuality.owl#Entire_left_colon> -> <http://blulab.chpc.utah.edu/ontologies/schema/endo/colonoscopyQuality.owl#Descending_colon> -> <http://blulab.chpc.utah.edu/ontologies/schema/endo/colonoscopyQuality.owl#Wall_of_descending_colon> -> <http://blulab.chpc.utah.edu/ontologies/schema/endo/colonoscopyQuality.owl#Muscle_layer_of_descending_colon>, <http://blulab.chpc.utah.edu/ontologies/v2/ConText.owl#Lexicon> -> <http://blulab.chpc.utah.edu/ontologies/v2/ConText.owl#Modifier> -> <http://blulab.chpc.utah.edu/ontologies/v2/ConText.owl#SemanticModifier> -> <http://blulab.chpc.utah.edu/ontologies/v2/ConText.owl#BodySite> -> <http://blulab.chpc.utah.edu/ontologies/schema/endo/colonoscopyQuality.owl#Colon_structure> -> <http://blulab.chpc.utah.edu/ontologies/schema/endo/colonoscopyQuality.owl#Entire_colon> -> <http://blulab.chpc.utah.edu/ontologies/schema/endo/colonoscopyQuality.owl#Left_colon> -> <http://blulab.chpc.utah.edu/ontologies/schema/endo/colonoscopyQuality.owl#Entire_left_colon> -> <http://blulab.chpc.utah.edu/ontologies/schema/endo/colonoscopyQuality.owl#Descending_colon> -> <http://blulab.chpc.utah.edu/ontologies/schema/endo/colonoscopyQuality.owl#Wall_of_descending_colon> -> <http://blulab.chpc.utah.edu/ontologies/schema/endo/colonoscopyQuality.owl#Muscle_layer_of_descending_colon>, <http://blulab.chpc.utah.edu/ontologies/v2/ConText.owl#Lexicon> -> <http://blulab.chpc.utah.edu/ontologies/v2/ConText.owl#Modifier> -> <http://blulab.chpc.utah.edu/ontologies/v2/ConText.owl#SemanticModifier> -> <http://blulab.chpc.utah.edu/ontologies/v2/ConText.owl#BodySite> -> <http://blulab.chpc.utah.edu/ontologies/schema/endo/colonoscopyQuality.owl#Colon_structure> -> <http://blulab.chpc.utah.edu/ontologies/schema/endo/colonoscopyQuality.owl#Entire_colon> -> <http://blulab.chpc.utah.edu/ontologies/schema/endo/colonoscopyQuality.owl#Left_colon> -> <http://blulab.chpc.utah.edu/ontologies/schema/endo/colonoscopyQuality.owl#Descending_colon> -> <http://blulab.chpc.utah.edu/ontologies/schema/endo/colonoscopyQuality.owl#Wall_of_descending_colon> -> <http://blulab.chpc.utah.edu/ontologies/schema/endo/colonoscopyQuality.owl#Muscle_layer_of_descending_colon>, <http://blulab.chpc.utah.edu/ontologies/v2/ConText.owl#Lexicon> -> <http://blulab.chpc.utah.edu/ontologies/v2/ConText.owl#Modifier> -> <http://blulab.chpc.utah.edu/ontologies/v2/ConText.owl#SemanticModifier> -> <http://blulab.chpc.utah.edu/ontologies/v2/ConText.owl#BodySite> -> <http://blulab.chpc.utah.edu/ontologies/schema/endo/colonoscopyQuality.owl#Colon_structure> -> <http://blulab.chpc.utah.edu/ontologies/schema/endo/colonoscopyQuality.owl#Left_colon> -> <http://blulab.chpc.utah.edu/ontologies/schema/endo/colonoscopyQuality.owl#Descending_colon> -> <http://blulab.chpc.utah.edu/ontologies/schema/endo/colonoscopyQuality.owl#Wall_of_descending_colon> -> <http://blulab.chpc.utah.edu/ontologies/schema/endo/colonoscopyQuality.owl#Muscle_layer_of_descending_colon>, <http://blulab.chpc.utah.edu/ontologies/v2/ConText.owl#Lexicon> -> <http://blulab.chpc.utah.edu/ontologies/v2/ConText.owl#Modifier> -> <http://blulab.chpc.utah.edu/ontologies/v2/ConText.owl#SemanticModifier> -> <http://blulab.chpc.utah.edu/ontologies/v2/ConText.owl#BodySite> -> <http://blulab.chpc.utah.edu/ontologies/schema/endo/colonoscopyQuality.owl#Colon_structure> -> <http://blulab.chpc.utah.edu/ontologies/schema/endo/colonoscopyQuality.owl#Region_of_colon> -> <http://blulab.chpc.utah.edu/ontologies/schema/endo/colonoscopyQuality.owl#Descending_colon> -> <http://blulab.chpc.utah.edu/ontologies/schema/endo/colonoscopyQuality.owl#Wall_of_descending_colon> -> <http://blulab.chpc.utah.edu/ontologies/schema/endo/colonoscopyQuality.owl#Muscle_layer_of_descending_colon>]]

	Modifier: Circular_muscle_layer_of_descending_colon, uri=http://blulab.chpc.utah.edu/ontologies/schema/endo/colonoscopyQuality.owl#Circular_muscle_layer_of_descending_colon, type= Semantic, classPath= [<http://blulab.chpc.utah.edu/ontologies/v2/ConText.owl#Lexicon> -> <http://blulab.chpc.utah.edu/ontologies/v2/ConText.owl#Modifier> -> <http://blulab.chpc.utah.edu/ontologies/v2/ConText.owl#SemanticModifier> -> <http://blulab.chpc.utah.edu/ontologies/v2/ConText.owl#BodySite> -> <http://blulab.chpc.utah.edu/ontologies/schema/endo/colonoscopyQuality.owl#Colon_structure> -> <http://blulab.chpc.utah.edu/ontologies/schema/endo/colonoscopyQuality.owl#Descending_colon> -> <http://blulab.chpc.utah.edu/ontologies/schema/endo/colonoscopyQuality.owl#Wall_of_descending_colon> -> <http://blulab.chpc.utah.edu/ontologies/schema/endo/colonoscopyQuality.owl#Muscle_layer_of_descending_colon> -> <http://blulab.chpc.utah.edu/ontologies/schema/endo/colonoscopyQuality.owl#Circular_muscle_layer_of_descending_colon>, <http://blulab.chpc.utah.edu/ontologies/v2/ConText.owl#Lexicon> -> <http://blulab.chpc.utah.edu/ontologies/v2/ConText.owl#Modifier> -> <http://blulab.chpc.utah.edu/ontologies/v2/ConText.owl#SemanticModifier> -> <http://blulab.chpc.utah.edu/ontologies/v2/ConText.owl#BodySite> -> <http://blulab.chpc.utah.edu/ontologies/schema/endo/colonoscopyQuality.owl#Colon_structure> -> <http://blulab.chpc.utah.edu/ontologies/schema/endo/colonoscopyQuality.owl#Left_colon> -> <http://blulab.chpc.utah.edu/ontologies/schema/endo/colonoscopyQuality.owl#Entire_left_colon> -> <http://blulab.chpc.utah.edu/ontologies/schema/endo/colonoscopyQuality.owl#Descending_colon> -> <http://blulab.chpc.utah.edu/ontologies/schema/endo/colonoscopyQuality.owl#Wall_of_descending_colon> -> <http://blulab.chpc.utah.edu/ontologies/schema/endo/colonoscopyQuality.owl#Muscle_layer_of_descending_colon> -> <http://blulab.chpc.utah.edu/ontologies/schema/endo/colonoscopyQuality.owl#Circular_muscle_layer_of_descending_colon>, <http://blulab.chpc.utah.edu/ontologies/v2/ConText.owl#Lexicon> -> <http://blulab.chpc.utah.edu/ontologies/v2/ConText.owl#Modifier> -> <http://blulab.chpc.utah.edu/ontologies/v2/ConText.owl#SemanticModifier> -> <http://blulab.chpc.utah.edu/ontologies/v2/ConText.owl#BodySite> -> <http://blulab.chpc.utah.edu/ontologies/schema/endo/colonoscopyQuality.owl#Colon_structure> -> <http://blulab.chpc.utah.edu/ontologies/schema/endo/colonoscopyQuality.owl#Entire_colon> -> <http://blulab.chpc.utah.edu/ontologies/schema/endo/colonoscopyQuality.owl#Left_colon> -> <http://blulab.chpc.utah.edu/ontologies/schema/endo/colonoscopyQuality.owl#Entire_left_colon> -> <http://blulab.chpc.utah.edu/ontologies/schema/endo/colonoscopyQuality.owl#Descending_colon> -> <http://blulab.chpc.utah.edu/ontologies/schema/endo/colonoscopyQuality.owl#Wall_of_descending_colon> -> <http://blulab.chpc.utah.edu/ontologies/schema/endo/colonoscopyQuality.owl#Muscle_layer_of_descending_colon> -> <http://blulab.chpc.utah.edu/ontologies/schema/endo/colonoscopyQuality.owl#Circular_muscle_layer_of_descending_colon>, <http://blulab.chpc.utah.edu/ontologies/v2/ConText.owl#Lexicon> -> <http://blulab.chpc.utah.edu/ontologies/v2/ConText.owl#Modifier> -> <http://blulab.chpc.utah.edu/ontologies/v2/ConText.owl#SemanticModifier> -> <http://blulab.chpc.utah.edu/ontologies/v2/ConText.owl#BodySite> -> <http://blulab.chpc.utah.edu/ontologies/schema/endo/colonoscopyQuality.owl#Colon_structure> -> <http://blulab.chpc.utah.edu/ontologies/schema/endo/colonoscopyQuality.owl#Entire_colon> -> <http://blulab.chpc.utah.edu/ontologies/schema/endo/colonoscopyQuality.owl#Left_colon> -> <http://blulab.chpc.utah.edu/ontologies/schema/endo/colonoscopyQuality.owl#Descending_colon> -> <http://blulab.chpc.utah.edu/ontologies/schema/endo/colonoscopyQuality.owl#Wall_of_descending_colon> -> <http://blulab.chpc.utah.edu/ontologies/schema/endo/colonoscopyQuality.owl#Muscle_layer_of_descending_colon> -> <http://blulab.chpc.utah.edu/ontologies/schema/endo/colonoscopyQuality.owl#Circular_muscle_layer_of_descending_colon>, <http://blulab.chpc.utah.edu/ontologies/v2/ConText.owl#Lexicon> -> <http://blulab.chpc.utah.edu/ontologies/v2/ConText.owl#Modifier> -> <http://blulab.chpc.utah.edu/ontologies/v2/ConText.owl#SemanticModifier> -> <http://blulab.chpc.utah.edu/ontologies/v2/ConText.owl#BodySite> -> <http://blulab.chpc.utah.edu/ontologies/schema/endo/colonoscopyQuality.owl#Colon_structure> -> <http://blulab.chpc.utah.edu/ontologies/schema/endo/colonoscopyQuality.owl#Left_colon> -> <http://blulab.chpc.utah.edu/ontologies/schema/endo/colonoscopyQuality.owl#Descending_colon> -> <http://blulab.chpc.utah.edu/ontologies/schema/endo/colonoscopyQuality.owl#Wall_of_descending_colon> -> <http://blulab.chpc.utah.edu/ontologies/schema/endo/colonoscopyQuality.owl#Muscle_layer_of_descending_colon> -> <http://blulab.chpc.utah.edu/ontologies/schema/endo/colonoscopyQuality.owl#Circular_muscle_layer_of_descending_colon>, <http://blulab.chpc.utah.edu/ontologies/v2/ConText.owl#Lexicon> -> <http://blulab.chpc.utah.edu/ontologies/v2/ConText.owl#Modifier> -> <http://blulab.chpc.utah.edu/ontologies/v2/ConText.owl#SemanticModifier> -> <http://blulab.chpc.utah.edu/ontologies/v2/ConText.owl#BodySite> -> <http://blulab.chpc.utah.edu/ontologies/schema/endo/colonoscopyQuality.owl#Colon_structure> -> <http://blulab.chpc.utah.edu/ontologies/schema/endo/colonoscopyQuality.owl#Region_of_colon> -> <http://blulab.chpc.utah.edu/ontologies/schema/endo/colonoscopyQuality.owl#Descending_colon> -> <http://blulab.chpc.utah.edu/ontologies/schema/endo/colonoscopyQuality.owl#Wall_of_descending_colon> -> <http://blulab.chpc.utah.edu/ontologies/schema/endo/colonoscopyQuality.owl#Muscle_layer_of_descending_colon> -> <http://blulab.chpc.utah.edu/ontologies/schema/endo/colonoscopyQuality.owl#Circular_muscle_layer_of_descending_colon>]]

	Modifier: Longitudinal_muscle_layer_of_descending_colon, uri=http://blulab.chpc.utah.edu/ontologies/schema/endo/colonoscopyQuality.owl#Longitudinal_muscle_layer_of_descending_colon, type= Semantic, classPath= [<http://blulab.chpc.utah.edu/ontologies/v2/ConText.owl#Lexicon> -> <http://blulab.chpc.utah.edu/ontologies/v2/ConText.owl#Modifier> -> <http://blulab.chpc.utah.edu/ontologies/v2/ConText.owl#SemanticModifier> -> <http://blulab.chpc.utah.edu/ontologies/v2/ConText.owl#BodySite> -> <http://blulab.chpc.utah.edu/ontologies/schema/endo/colonoscopyQuality.owl#Colon_structure> -> <http://blulab.chpc.utah.edu/ontologies/schema/endo/colonoscopyQuality.owl#Descending_colon> -> <http://blulab.chpc.utah.edu/ontologies/schema/endo/colonoscopyQuality.owl#Wall_of_descending_colon> -> <http://blulab.chpc.utah.edu/ontologies/schema/endo/colonoscopyQuality.owl#Muscle_layer_of_descending_colon> -> <http://blulab.chpc.utah.edu/ontologies/schema/endo/colonoscopyQuality.owl#Longitudinal_muscle_layer_of_descending_colon>, <http://blulab.chpc.utah.edu/ontologies/v2/ConText.owl#Lexicon> -> <http://blulab.chpc.utah.edu/ontologies/v2/ConText.owl#Modifier> -> <http://blulab.chpc.utah.edu/ontologies/v2/ConText.owl#SemanticModifier> -> <http://blulab.chpc.utah.edu/ontologies/v2/ConText.owl#BodySite> -> <http://blulab.chpc.utah.edu/ontologies/schema/endo/colonoscopyQuality.owl#Colon_structure> -> <http://blulab.chpc.utah.edu/ontologies/schema/endo/colonoscopyQuality.owl#Left_colon> -> <http://blulab.chpc.utah.edu/ontologies/schema/endo/colonoscopyQuality.owl#Entire_left_colon> -> <http://blulab.chpc.utah.edu/ontologies/schema/endo/colonoscopyQuality.owl#Descending_colon> -> <http://blulab.chpc.utah.edu/ontologies/schema/endo/colonoscopyQuality.owl#Wall_of_descending_colon> -> <http://blulab.chpc.utah.edu/ontologies/schema/endo/colonoscopyQuality.owl#Muscle_layer_of_descending_colon> -> <http://blulab.chpc.utah.edu/ontologies/schema/endo/colonoscopyQuality.owl#Longitudinal_muscle_layer_of_descending_colon>, <http://blulab.chpc.utah.edu/ontologies/v2/ConText.owl#Lexicon> -> <http://blulab.chpc.utah.edu/ontologies/v2/ConText.owl#Modifier> -> <http://blulab.chpc.utah.edu/ontologies/v2/ConText.owl#SemanticModifier> -> <http://blulab.chpc.utah.edu/ontologies/v2/ConText.owl#BodySite> -> <http://blulab.chpc.utah.edu/ontologies/schema/endo/colonoscopyQuality.owl#Colon_structure> -> <http://blulab.chpc.utah.edu/ontologies/schema/endo/colonoscopyQuality.owl#Entire_colon> -> <http://blulab.chpc.utah.edu/ontologies/schema/endo/colonoscopyQuality.owl#Left_colon> -> <http://blulab.chpc.utah.edu/ontologies/schema/endo/colonoscopyQuality.owl#Entire_left_colon> -> <http://blulab.chpc.utah.edu/ontologies/schema/endo/colonoscopyQuality.owl#Descending_colon> -> <http://blulab.chpc.utah.edu/ontologies/schema/endo/colonoscopyQuality.owl#Wall_of_descending_colon> -> <http://blulab.chpc.utah.edu/ontologies/schema/endo/colonoscopyQuality.owl#Muscle_layer_of_descending_colon> -> <http://blulab.chpc.utah.edu/ontologies/schema/endo/colonoscopyQuality.owl#Longitudinal_muscle_layer_of_descending_colon>, <http://blulab.chpc.utah.edu/ontologies/v2/ConText.owl#Lexicon> -> <http://blulab.chpc.utah.edu/ontologies/v2/ConText.owl#Modifier> -> <http://blulab.chpc.utah.edu/ontologies/v2/ConText.owl#SemanticModifier> -> <http://blulab.chpc.utah.edu/ontologies/v2/ConText.owl#BodySite> -> <http://blulab.chpc.utah.edu/ontologies/schema/endo/colonoscopyQuality.owl#Colon_structure> -> <http://blulab.chpc.utah.edu/ontologies/schema/endo/colonoscopyQuality.owl#Entire_colon> -> <http://blulab.chpc.utah.edu/ontologies/schema/endo/colonoscopyQuality.owl#Left_colon> -> <http://blulab.chpc.utah.edu/ontologies/schema/endo/colonoscopyQuality.owl#Descending_colon> -> <http://blulab.chpc.utah.edu/ontologies/schema/endo/colonoscopyQuality.owl#Wall_of_descending_colon> -> <http://blulab.chpc.utah.edu/ontologies/schema/endo/colonoscopyQuality.owl#Muscle_layer_of_descending_colon> -> <http://blulab.chpc.utah.edu/ontologies/schema/endo/colonoscopyQuality.owl#Longitudinal_muscle_layer_of_descending_colon>, <http://blulab.chpc.utah.edu/ontologies/v2/ConText.owl#Lexicon> -> <http://blulab.chpc.utah.edu/ontologies/v2/ConText.owl#Modifier> -> <http://blulab.chpc.utah.edu/ontologies/v2/ConText.owl#SemanticModifier> -> <http://blulab.chpc.utah.edu/ontologies/v2/ConText.owl#BodySite> -> <http://blulab.chpc.utah.edu/ontologies/schema/endo/colonoscopyQuality.owl#Colon_structure> -> <http://blulab.chpc.utah.edu/ontologies/schema/endo/colonoscopyQuality.owl#Left_colon> -> <http://blulab.chpc.utah.edu/ontologies/schema/endo/colonoscopyQuality.owl#Descending_colon> -> <http://blulab.chpc.utah.edu/ontologies/schema/endo/colonoscopyQuality.owl#Wall_of_descending_colon> -> <http://blulab.chpc.utah.edu/ontologies/schema/endo/colonoscopyQuality.owl#Muscle_layer_of_descending_colon> -> <http://blulab.chpc.utah.edu/ontologies/schema/endo/colonoscopyQuality.owl#Longitudinal_muscle_layer_of_descending_colon>, <http://blulab.chpc.utah.edu/ontologies/v2/ConText.owl#Lexicon> -> <http://blulab.chpc.utah.edu/ontologies/v2/ConText.owl#Modifier> -> <http://blulab.chpc.utah.edu/ontologies/v2/ConText.owl#SemanticModifier> -> <http://blulab.chpc.utah.edu/ontologies/v2/ConText.owl#BodySite> -> <http://blulab.chpc.utah.edu/ontologies/schema/endo/colonoscopyQuality.owl#Colon_structure> -> <http://blulab.chpc.utah.edu/ontologies/schema/endo/colonoscopyQuality.owl#Region_of_colon> -> <http://blulab.chpc.utah.edu/ontologies/schema/endo/colonoscopyQuality.owl#Descending_colon> -> <http://blulab.chpc.utah.edu/ontologies/schema/endo/colonoscopyQuality.owl#Wall_of_descending_colon> -> <http://blulab.chpc.utah.edu/ontologies/schema/endo/colonoscopyQuality.owl#Muscle_layer_of_descending_colon> -> <http://blulab.chpc.utah.edu/ontologies/schema/endo/colonoscopyQuality.owl#Longitudinal_muscle_layer_of_descending_colon>]]

	Modifier: Posterior_wall_of_descending_colon, uri=http://blulab.chpc.utah.edu/ontologies/schema/endo/colonoscopyQuality.owl#Posterior_wall_of_descending_colon, type= Semantic, classPath= [<http://blulab.chpc.utah.edu/ontologies/v2/ConText.owl#Lexicon> -> <http://blulab.chpc.utah.edu/ontologies/v2/ConText.owl#Modifier> -> <http://blulab.chpc.utah.edu/ontologies/v2/ConText.owl#SemanticModifier> -> <http://blulab.chpc.utah.edu/ontologies/v2/ConText.owl#BodySite> -> <http://blulab.chpc.utah.edu/ontologies/schema/endo/colonoscopyQuality.owl#Colon_structure> -> <http://blulab.chpc.utah.edu/ontologies/schema/endo/colonoscopyQuality.owl#Descending_colon> -> <http://blulab.chpc.utah.edu/ontologies/schema/endo/colonoscopyQuality.owl#Wall_of_descending_colon> -> <http://blulab.chpc.utah.edu/ontologies/schema/endo/colonoscopyQuality.owl#Posterior_wall_of_descending_colon>, <http://blulab.chpc.utah.edu/ontologies/v2/ConText.owl#Lexicon> -> <http://blulab.chpc.utah.edu/ontologies/v2/ConText.owl#Modifier> -> <http://blulab.chpc.utah.edu/ontologies/v2/ConText.owl#SemanticModifier> -> <http://blulab.chpc.utah.edu/ontologies/v2/ConText.owl#BodySite> -> <http://blulab.chpc.utah.edu/ontologies/schema/endo/colonoscopyQuality.owl#Colon_structure> -> <http://blulab.chpc.utah.edu/ontologies/schema/endo/colonoscopyQuality.owl#Left_colon> -> <http://blulab.chpc.utah.edu/ontologies/schema/endo/colonoscopyQuality.owl#Entire_left_colon> -> <http://blulab.chpc.utah.edu/ontologies/schema/endo/colonoscopyQuality.owl#Descending_colon> -> <http://blulab.chpc.utah.edu/ontologies/schema/endo/colonoscopyQuality.owl#Wall_of_descending_colon> -> <http://blulab.chpc.utah.edu/ontologies/schema/endo/colonoscopyQuality.owl#Posterior_wall_of_descending_colon>, <http://blulab.chpc.utah.edu/ontologies/v2/ConText.owl#Lexicon> -> <http://blulab.chpc.utah.edu/ontologies/v2/ConText.owl#Modifier> -> <http://blulab.chpc.utah.edu/ontologies/v2/ConText.owl#SemanticModifier> -> <http://blulab.chpc.utah.edu/ontologies/v2/ConText.owl#BodySite> -> <http://blulab.chpc.utah.edu/ontologies/schema/endo/colonoscopyQuality.owl#Colon_structure> -> <http://blulab.chpc.utah.edu/ontologies/schema/endo/colonoscopyQuality.owl#Entire_colon> -> <http://blulab.chpc.utah.edu/ontologies/schema/endo/colonoscopyQuality.owl#Left_colon> -> <http://blulab.chpc.utah.edu/ontologies/schema/endo/colonoscopyQuality.owl#Entire_left_colon> -> <http://blulab.chpc.utah.edu/ontologies/schema/endo/colonoscopyQuality.owl#Descending_colon> -> <http://blulab.chpc.utah.edu/ontologies/schema/endo/colonoscopyQuality.owl#Wall_of_descending_colon> -> <http://blulab.chpc.utah.edu/ontologies/schema/endo/colonoscopyQuality.owl#Posterior_wall_of_descending_colon>, <http://blulab.chpc.utah.edu/ontologies/v2/ConText.owl#Lexicon> -> <http://blulab.chpc.utah.edu/ontologies/v2/ConText.owl#Modifier> -> <http://blulab.chpc.utah.edu/ontologies/v2/ConText.owl#SemanticModifier> -> <http://blulab.chpc.utah.edu/ontologies/v2/ConText.owl#BodySite> -> <http://blulab.chpc.utah.edu/ontologies/schema/endo/colonoscopyQuality.owl#Colon_structure> -> <http://blulab.chpc.utah.edu/ontologies/schema/endo/colonoscopyQuality.owl#Entire_colon> -> <http://blulab.chpc.utah.edu/ontologies/schema/endo/colonoscopyQuality.owl#Left_colon> -> <http://blulab.chpc.utah.edu/ontologies/schema/endo/colonoscopyQuality.owl#Descending_colon> -> <http://blulab.chpc.utah.edu/ontologies/schema/endo/colonoscopyQuality.owl#Wall_of_descending_colon> -> <http://blulab.chpc.utah.edu/ontologies/schema/endo/colonoscopyQuality.owl#Posterior_wall_of_descending_colon>, <http://blulab.chpc.utah.edu/ontologies/v2/ConText.owl#Lexicon> -> <http://blulab.chpc.utah.edu/ontologies/v2/ConText.owl#Modifier> -> <http://blulab.chpc.utah.edu/ontologies/v2/ConText.owl#SemanticModifier> -> <http://blulab.chpc.utah.edu/ontologies/v2/ConText.owl#BodySite> -> <http://blulab.chpc.utah.edu/ontologies/schema/endo/colonoscopyQuality.owl#Colon_structure> -> <http://blulab.chpc.utah.edu/ontologies/schema/endo/colonoscopyQuality.owl#Left_colon> -> <http://blulab.chpc.utah.edu/ontologies/schema/endo/colonoscopyQuality.owl#Descending_colon> -> <http://blulab.chpc.utah.edu/ontologies/schema/endo/colonoscopyQuality.owl#Wall_of_descending_colon> -> <http://blulab.chpc.utah.edu/ontologies/schema/endo/colonoscopyQuality.owl#Posterior_wall_of_descending_colon>, <http://blulab.chpc.utah.edu/ontologies/v2/ConText.owl#Lexicon> -> <http://blulab.chpc.utah.edu/ontologies/v2/ConText.owl#Modifier> -> <http://blulab.chpc.utah.edu/ontologies/v2/ConText.owl#SemanticModifier> -> <http://blulab.chpc.utah.edu/ontologies/v2/ConText.owl#BodySite> -> <http://blulab.chpc.utah.edu/ontologies/schema/endo/colonoscopyQuality.owl#Colon_structure> -> <http://blulab.chpc.utah.edu/ontologies/schema/endo/colonoscopyQuality.owl#Region_of_colon> -> <http://blulab.chpc.utah.edu/ontologies/schema/endo/colonoscopyQuality.owl#Descending_colon> -> <http://blulab.chpc.utah.edu/ontologies/schema/endo/colonoscopyQuality.owl#Wall_of_descending_colon> -> <http://blulab.chpc.utah.edu/ontologies/schema/endo/colonoscopyQuality.owl#Posterior_wall_of_descending_colon>]]

	Modifier: Serosa_of_descending_colon, uri=http://blulab.chpc.utah.edu/ontologies/schema/endo/colonoscopyQuality.owl#Serosa_of_descending_colon, type= Semantic, classPath= [<http://blulab.chpc.utah.edu/ontologies/v2/ConText.owl#Lexicon> -> <http://blulab.chpc.utah.edu/ontologies/v2/ConText.owl#Modifier> -> <http://blulab.chpc.utah.edu/ontologies/v2/ConText.owl#SemanticModifier> -> <http://blulab.chpc.utah.edu/ontologies/v2/ConText.owl#BodySite> -> <http://blulab.chpc.utah.edu/ontologies/schema/endo/colonoscopyQuality.owl#Colon_structure> -> <http://blulab.chpc.utah.edu/ontologies/schema/endo/colonoscopyQuality.owl#Descending_colon> -> <http://blulab.chpc.utah.edu/ontologies/schema/endo/colonoscopyQuality.owl#Wall_of_descending_colon> -> <http://blulab.chpc.utah.edu/ontologies/schema/endo/colonoscopyQuality.owl#Serosa_of_descending_colon>, <http://blulab.chpc.utah.edu/ontologies/v2/ConText.owl#Lexicon> -> <http://blulab.chpc.utah.edu/ontologies/v2/ConText.owl#Modifier> -> <http://blulab.chpc.utah.edu/ontologies/v2/ConText.owl#SemanticModifier> -> <http://blulab.chpc.utah.edu/ontologies/v2/ConText.owl#BodySite> -> <http://blulab.chpc.utah.edu/ontologies/schema/endo/colonoscopyQuality.owl#Colon_structure> -> <http://blulab.chpc.utah.edu/ontologies/schema/endo/colonoscopyQuality.owl#Left_colon> -> <http://blulab.chpc.utah.edu/ontologies/schema/endo/colonoscopyQuality.owl#Entire_left_colon> -> <http://blulab.chpc.utah.edu/ontologies/schema/endo/colonoscopyQuality.owl#Descending_colon> -> <http://blulab.chpc.utah.edu/ontologies/schema/endo/colonoscopyQuality.owl#Wall_of_descending_colon> -> <http://blulab.chpc.utah.edu/ontologies/schema/endo/colonoscopyQuality.owl#Serosa_of_descending_colon>, <http://blulab.chpc.utah.edu/ontologies/v2/ConText.owl#Lexicon> -> <http://blulab.chpc.utah.edu/ontologies/v2/ConText.owl#Modifier> -> <http://blulab.chpc.utah.edu/ontologies/v2/ConText.owl#SemanticModifier> -> <http://blulab.chpc.utah.edu/ontologies/v2/ConText.owl#BodySite> -> <http://blulab.chpc.utah.edu/ontologies/schema/endo/colonoscopyQuality.owl#Colon_structure> -> <http://blulab.chpc.utah.edu/ontologies/schema/endo/colonoscopyQuality.owl#Entire_colon> -> <http://blulab.chpc.utah.edu/ontologies/schema/endo/colonoscopyQuality.owl#Left_colon> -> <http://blulab.chpc.utah.edu/ontologies/schema/endo/colonoscopyQuality.owl#Entire_left_colon> -> <http://blulab.chpc.utah.edu/ontologies/schema/endo/colonoscopyQuality.owl#Descending_colon> -> <http://blulab.chpc.utah.edu/ontologies/schema/endo/colonoscopyQuality.owl#Wall_of_descending_colon> -> <http://blulab.chpc.utah.edu/ontologies/schema/endo/colonoscopyQuality.owl#Serosa_of_descending_colon>, <http://blulab.chpc.utah.edu/ontologies/v2/ConText.owl#Lexicon> -> <http://blulab.chpc.utah.edu/ontologies/v2/ConText.owl#Modifier> -> <http://blulab.chpc.utah.edu/ontologies/v2/ConText.owl#SemanticModifier> -> <http://blulab.chpc.utah.edu/ontologies/v2/ConText.owl#BodySite> -> <http://blulab.chpc.utah.edu/ontologies/schema/endo/colonoscopyQuality.owl#Colon_structure> -> <http://blulab.chpc.utah.edu/ontologies/schema/endo/colonoscopyQuality.owl#Entire_colon> -> <http://blulab.chpc.utah.edu/ontologies/schema/endo/colonoscopyQuality.owl#Left_colon> -> <http://blulab.chpc.utah.edu/ontologies/schema/endo/colonoscopyQuality.owl#Descending_colon> -> <http://blulab.chpc.utah.edu/ontologies/schema/endo/colonoscopyQuality.owl#Wall_of_descending_colon> -> <http://blulab.chpc.utah.edu/ontologies/schema/endo/colonoscopyQuality.owl#Serosa_of_descending_colon>, <http://blulab.chpc.utah.edu/ontologies/v2/ConText.owl#Lexicon> -> <http://blulab.chpc.utah.edu/ontologies/v2/ConText.owl#Modifier> -> <http://blulab.chpc.utah.edu/ontologies/v2/ConText.owl#SemanticModifier> -> <http://blulab.chpc.utah.edu/ontologies/v2/ConText.owl#BodySite> -> <http://blulab.chpc.utah.edu/ontologies/schema/endo/colonoscopyQuality.owl#Colon_structure> -> <http://blulab.chpc.utah.edu/ontologies/schema/endo/colonoscopyQuality.owl#Left_colon> -> <http://blulab.chpc.utah.edu/ontologies/schema/endo/colonoscopyQuality.owl#Descending_colon> -> <http://blulab.chpc.utah.edu/ontologies/schema/endo/colonoscopyQuality.owl#Wall_of_descending_colon> -> <http://blulab.chpc.utah.edu/ontologies/schema/endo/colonoscopyQuality.owl#Serosa_of_descending_colon>, <http://blulab.chpc.utah.edu/ontologies/v2/ConText.owl#Lexicon> -> <http://blulab.chpc.utah.edu/ontologies/v2/ConText.owl#Modifier> -> <http://blulab.chpc.utah.edu/ontologies/v2/ConText.owl#SemanticModifier> -> <http://blulab.chpc.utah.edu/ontologies/v2/ConText.owl#BodySite> -> <http://blulab.chpc.utah.edu/ontologies/schema/endo/colonoscopyQuality.owl#Colon_structure> -> <http://blulab.chpc.utah.edu/ontologies/schema/endo/colonoscopyQuality.owl#Region_of_colon> -> <http://blulab.chpc.utah.edu/ontologies/schema/endo/colonoscopyQuality.owl#Descending_colon> -> <http://blulab.chpc.utah.edu/ontologies/schema/endo/colonoscopyQuality.owl#Wall_of_descending_colon> -> <http://blulab.chpc.utah.edu/ontologies/schema/endo/colonoscopyQuality.owl#Serosa_of_descending_colon>]]

	Modifier: Connective_tissue_of_serosa_of_descending_colon, uri=http://blulab.chpc.utah.edu/ontologies/schema/endo/colonoscopyQuality.owl#Connective_tissue_of_serosa_of_descending_colon, type= Semantic, classPath= [<http://blulab.chpc.utah.edu/ontologies/v2/ConText.owl#Lexicon> -> <http://blulab.chpc.utah.edu/ontologies/v2/ConText.owl#Modifier> -> <http://blulab.chpc.utah.edu/ontologies/v2/ConText.owl#SemanticModifier> -> <http://blulab.chpc.utah.edu/ontologies/v2/ConText.owl#BodySite> -> <http://blulab.chpc.utah.edu/ontologies/schema/endo/colonoscopyQuality.owl#Colon_structure> -> <http://blulab.chpc.utah.edu/ontologies/schema/endo/colonoscopyQuality.owl#Descending_colon> -> <http://blulab.chpc.utah.edu/ontologies/schema/endo/colonoscopyQuality.owl#Wall_of_descending_colon> -> <http://blulab.chpc.utah.edu/ontologies/schema/endo/colonoscopyQuality.owl#Serosa_of_descending_colon> -> <http://blulab.chpc.utah.edu/ontologies/schema/endo/colonoscopyQuality.owl#Connective_tissue_of_serosa_of_descending_colon>, <http://blulab.chpc.utah.edu/ontologies/v2/ConText.owl#Lexicon> -> <http://blulab.chpc.utah.edu/ontologies/v2/ConText.owl#Modifier> -> <http://blulab.chpc.utah.edu/ontologies/v2/ConText.owl#SemanticModifier> -> <http://blulab.chpc.utah.edu/ontologies/v2/ConText.owl#BodySite> -> <http://blulab.chpc.utah.edu/ontologies/schema/endo/colonoscopyQuality.owl#Colon_structure> -> <http://blulab.chpc.utah.edu/ontologies/schema/endo/colonoscopyQuality.owl#Left_colon> -> <http://blulab.chpc.utah.edu/ontologies/schema/endo/colonoscopyQuality.owl#Entire_left_colon> -> <http://blulab.chpc.utah.edu/ontologies/schema/endo/colonoscopyQuality.owl#Descending_colon> -> <http://blulab.chpc.utah.edu/ontologies/schema/endo/colonoscopyQuality.owl#Wall_of_descending_colon> -> <http://blulab.chpc.utah.edu/ontologies/schema/endo/colonoscopyQuality.owl#Serosa_of_descending_colon> -> <http://blulab.chpc.utah.edu/ontologies/schema/endo/colonoscopyQuality.owl#Connective_tissue_of_serosa_of_descending_colon>, <http://blulab.chpc.utah.edu/ontologies/v2/ConText.owl#Lexicon> -> <http://blulab.chpc.utah.edu/ontologies/v2/ConText.owl#Modifier> -> <http://blulab.chpc.utah.edu/ontologies/v2/ConText.owl#SemanticModifier> -> <http://blulab.chpc.utah.edu/ontologies/v2/ConText.owl#BodySite> -> <http://blulab.chpc.utah.edu/ontologies/schema/endo/colonoscopyQuality.owl#Colon_structure> -> <http://blulab.chpc.utah.edu/ontologies/schema/endo/colonoscopyQuality.owl#Entire_colon> -> <http://blulab.chpc.utah.edu/ontologies/schema/endo/colonoscopyQuality.owl#Left_colon> -> <http://blulab.chpc.utah.edu/ontologies/schema/endo/colonoscopyQuality.owl#Entire_left_colon> -> <http://blulab.chpc.utah.edu/ontologies/schema/endo/colonoscopyQuality.owl#Descending_colon> -> <http://blulab.chpc.utah.edu/ontologies/schema/endo/colonoscopyQuality.owl#Wall_of_descending_colon> -> <http://blulab.chpc.utah.edu/ontologies/schema/endo/colonoscopyQuality.owl#Serosa_of_descending_colon> -> <http://blulab.chpc.utah.edu/ontologies/schema/endo/colonoscopyQuality.owl#Connective_tissue_of_serosa_of_descending_colon>, <http://blulab.chpc.utah.edu/ontologies/v2/ConText.owl#Lexicon> -> <http://blulab.chpc.utah.edu/ontologies/v2/ConText.owl#Modifier> -> <http://blulab.chpc.utah.edu/ontologies/v2/ConText.owl#SemanticModifier> -> <http://blulab.chpc.utah.edu/ontologies/v2/ConText.owl#BodySite> -> <http://blulab.chpc.utah.edu/ontologies/schema/endo/colonoscopyQuality.owl#Colon_structure> -> <http://blulab.chpc.utah.edu/ontologies/schema/endo/colonoscopyQuality.owl#Entire_colon> -> <http://blulab.chpc.utah.edu/ontologies/schema/endo/colonoscopyQuality.owl#Left_colon> -> <http://blulab.chpc.utah.edu/ontologies/schema/endo/colonoscopyQuality.owl#Descending_colon> -> <http://blulab.chpc.utah.edu/ontologies/schema/endo/colonoscopyQuality.owl#Wall_of_descending_colon> -> <http://blulab.chpc.utah.edu/ontologies/schema/endo/colonoscopyQuality.owl#Serosa_of_descending_colon> -> <http://blulab.chpc.utah.edu/ontologies/schema/endo/colonoscopyQuality.owl#Connective_tissue_of_serosa_of_descending_colon>, <http://blulab.chpc.utah.edu/ontologies/v2/ConText.owl#Lexicon> -> <http://blulab.chpc.utah.edu/ontologies/v2/ConText.owl#Modifier> -> <http://blulab.chpc.utah.edu/ontologies/v2/ConText.owl#SemanticModifier> -> <http://blulab.chpc.utah.edu/ontologies/v2/ConText.owl#BodySite> -> <http://blulab.chpc.utah.edu/ontologies/schema/endo/colonoscopyQuality.owl#Colon_structure> -> <http://blulab.chpc.utah.edu/ontologies/schema/endo/colonoscopyQuality.owl#Left_colon> -> <http://blulab.chpc.utah.edu/ontologies/schema/endo/colonoscopyQuality.owl#Descending_colon> -> <http://blulab.chpc.utah.edu/ontologies/schema/endo/colonoscopyQuality.owl#Wall_of_descending_colon> -> <http://blulab.chpc.utah.edu/ontologies/schema/endo/colonoscopyQuality.owl#Serosa_of_descending_colon> -> <http://blulab.chpc.utah.edu/ontologies/schema/endo/colonoscopyQuality.owl#Connective_tissue_of_serosa_of_descending_colon>, <http://blulab.chpc.utah.edu/ontologies/v2/ConText.owl#Lexicon> -> <http://blulab.chpc.utah.edu/ontologies/v2/ConText.owl#Modifier> -> <http://blulab.chpc.utah.edu/ontologies/v2/ConText.owl#SemanticModifier> -> <http://blulab.chpc.utah.edu/ontologies/v2/ConText.owl#BodySite> -> <http://blulab.chpc.utah.edu/ontologies/schema/endo/colonoscopyQuality.owl#Colon_structure> -> <http://blulab.chpc.utah.edu/ontologies/schema/endo/colonoscopyQuality.owl#Region_of_colon> -> <http://blulab.chpc.utah.edu/ontologies/schema/endo/colonoscopyQuality.owl#Descending_colon> -> <http://blulab.chpc.utah.edu/ontologies/schema/endo/colonoscopyQuality.owl#Wall_of_descending_colon> -> <http://blulab.chpc.utah.edu/ontologies/schema/endo/colonoscopyQuality.owl#Serosa_of_descending_colon> -> <http://blulab.chpc.utah.edu/ontologies/schema/endo/colonoscopyQuality.owl#Connective_tissue_of_serosa_of_descending_colon>]]

	Modifier: Connective_tissue_of_visceral_peritoneum, uri=http://blulab.chpc.utah.edu/ontologies/schema/endo/colonoscopyQuality.owl#Connective_tissue_of_visceral_peritoneum, type= Semantic, classPath= [<http://blulab.chpc.utah.edu/ontologies/v2/ConText.owl#Lexicon> -> <http://blulab.chpc.utah.edu/ontologies/v2/ConText.owl#Modifier> -> <http://blulab.chpc.utah.edu/ontologies/v2/ConText.owl#SemanticModifier> -> <http://blulab.chpc.utah.edu/ontologies/v2/ConText.owl#BodySite> -> <http://blulab.chpc.utah.edu/ontologies/schema/endo/colonoscopyQuality.owl#Colon_structure> -> <http://blulab.chpc.utah.edu/ontologies/schema/endo/colonoscopyQuality.owl#Cecum> -> <http://blulab.chpc.utah.edu/ontologies/schema/endo/colonoscopyQuality.owl#Appendix> -> <http://blulab.chpc.utah.edu/ontologies/schema/endo/colonoscopyQuality.owl#Entire_appendix> -> <http://blulab.chpc.utah.edu/ontologies/schema/endo/colonoscopyQuality.owl#Appendiceal_serosa> -> <http://blulab.chpc.utah.edu/ontologies/schema/endo/colonoscopyQuality.owl#Connective_tissue_of_visceral_peritoneum>, <http://blulab.chpc.utah.edu/ontologies/v2/ConText.owl#Lexicon> -> <http://blulab.chpc.utah.edu/ontologies/v2/ConText.owl#Modifier> -> <http://blulab.chpc.utah.edu/ontologies/v2/ConText.owl#SemanticModifier> -> <http://blulab.chpc.utah.edu/ontologies/v2/ConText.owl#BodySite> -> <http://blulab.chpc.utah.edu/ontologies/schema/endo/colonoscopyQuality.owl#Colon_structure> -> <http://blulab.chpc.utah.edu/ontologies/schema/endo/colonoscopyQuality.owl#Wall_of_colon> -> <http://blulab.chpc.utah.edu/ontologies/schema/endo/colonoscopyQuality.owl#Colonic_serosa> -> <http://blulab.chpc.utah.edu/ontologies/schema/endo/colonoscopyQuality.owl#Connective_tissue_of_visceral_peritoneum>, <http://blulab.chpc.utah.edu/ontologies/v2/ConText.owl#Lexicon> -> <http://blulab.chpc.utah.edu/ontologies/v2/ConText.owl#Modifier> -> <http://blulab.chpc.utah.edu/ontologies/v2/ConText.owl#SemanticModifier> -> <http://blulab.chpc.utah.edu/ontologies/v2/ConText.owl#BodySite> -> <http://blulab.chpc.utah.edu/ontologies/schema/endo/colonoscopyQuality.owl#Colon_structure> -> <http://blulab.chpc.utah.edu/ontologies/schema/endo/colonoscopyQuality.owl#Entire_colon> -> <http://blulab.chpc.utah.edu/ontologies/schema/endo/colonoscopyQuality.owl#Colonic_serosa> -> <http://blulab.chpc.utah.edu/ontologies/schema/endo/colonoscopyQuality.owl#Connective_tissue_of_visceral_peritoneum>, <http://blulab.chpc.utah.edu/ontologies/v2/ConText.owl#Lexicon> -> <http://blulab.chpc.utah.edu/ontologies/v2/ConText.owl#Modifier> -> <http://blulab.chpc.utah.edu/ontologies/v2/ConText.owl#SemanticModifier> -> <http://blulab.chpc.utah.edu/ontologies/v2/ConText.owl#BodySite> -> <http://blulab.chpc.utah.edu/ontologies/schema/endo/colonoscopyQuality.owl#Colon_structure> -> <http://blulab.chpc.utah.edu/ontologies/schema/endo/colonoscopyQuality.owl#Cecum> -> <http://blulab.chpc.utah.edu/ontologies/schema/endo/colonoscopyQuality.owl#Wall_of_cecum> -> <http://blulab.chpc.utah.edu/ontologies/schema/endo/colonoscopyQuality.owl#Serosa_of_cecum> -> <http://blulab.chpc.utah.edu/ontologies/schema/endo/colonoscopyQuality.owl#Connective_tissue_of_visceral_peritoneum>, <http://blulab.chpc.utah.edu/ontologies/v2/ConText.owl#Lexicon> -> <http://blulab.chpc.utah.edu/ontologies/v2/ConText.owl#Modifier> -> <http://blulab.chpc.utah.edu/ontologies/v2/ConText.owl#SemanticModifier> -> <http://blulab.chpc.utah.edu/ontologies/v2/ConText.owl#BodySite> -> <http://blulab.chpc.utah.edu/ontologies/schema/endo/colonoscopyQuality.owl#Colon_structure> -> <http://blulab.chpc.utah.edu/ontologies/schema/endo/colonoscopyQuality.owl#Descending_colon> -> <http://blulab.chpc.utah.edu/ontologies/schema/endo/colonoscopyQuality.owl#Wall_of_descending_colon> -> <http://blulab.chpc.utah.edu/ontologies/schema/endo/colonoscopyQuality.owl#Serosa_of_descending_colon> -> <http://blulab.chpc.utah.edu/ontologies/schema/endo/colonoscopyQuality.owl#Connective_tissue_of_visceral_peritoneum>, <http://blulab.chpc.utah.edu/ontologies/v2/ConText.owl#Lexicon> -> <http://blulab.chpc.utah.edu/ontologies/v2/ConText.owl#Modifier> -> <http://blulab.chpc.utah.edu/ontologies/v2/ConText.owl#SemanticModifier> -> <http://blulab.chpc.utah.edu/ontologies/v2/ConText.owl#BodySite> -> <http://blulab.chpc.utah.edu/ontologies/schema/endo/colonoscopyQuality.owl#Colon_structure> -> <http://blulab.chpc.utah.edu/ontologies/schema/endo/colonoscopyQuality.owl#Left_colon> -> <http://blulab.chpc.utah.edu/ontologies/schema/endo/colonoscopyQuality.owl#Entire_left_colon> -> <http://blulab.chpc.utah.edu/ontologies/schema/endo/colonoscopyQuality.owl#Descending_colon> -> <http://blulab.chpc.utah.edu/ontologies/schema/endo/colonoscopyQuality.owl#Wall_of_descending_colon> -> <http://blulab.chpc.utah.edu/ontologies/schema/endo/colonoscopyQuality.owl#Serosa_of_descending_colon> -> <http://blulab.chpc.utah.edu/ontologies/schema/endo/colonoscopyQuality.owl#Connective_tissue_of_visceral_peritoneum>, <http://blulab.chpc.utah.edu/ontologies/v2/ConText.owl#Lexicon> -> <http://blulab.chpc.utah.edu/ontologies/v2/ConText.owl#Modifier> -> <http://blulab.chpc.utah.edu/ontologies/v2/ConText.owl#SemanticModifier> -> <http://blulab.chpc.utah.edu/ontologies/v2/ConText.owl#BodySite> -> <http://blulab.chpc.utah.edu/ontologies/schema/endo/colonoscopyQuality.owl#Colon_structure> -> <http://blulab.chpc.utah.edu/ontologies/schema/endo/colonoscopyQuality.owl#Entire_colon> -> <http://blulab.chpc.utah.edu/ontologies/schema/endo/colonoscopyQuality.owl#Left_colon> -> <http://blulab.chpc.utah.edu/ontologies/schema/endo/colonoscopyQuality.owl#Entire_left_colon> -> <http://blulab.chpc.utah.edu/ontologies/schema/endo/colonoscopyQuality.owl#Descending_colon> -> <http://blulab.chpc.utah.edu/ontologies/schema/endo/colonoscopyQuality.owl#Wall_of_descending_colon> -> <http://blulab.chpc.utah.edu/ontologies/schema/endo/colonoscopyQuality.owl#Serosa_of_descending_colon> -> <http://blulab.chpc.utah.edu/ontologies/schema/endo/colonoscopyQuality.owl#Connective_tissue_of_visceral_peritoneum>, <http://blulab.chpc.utah.edu/ontologies/v2/ConText.owl#Lexicon> -> <http://blulab.chpc.utah.edu/ontologies/v2/ConText.owl#Modifier> -> <http://blulab.chpc.utah.edu/ontologies/v2/ConText.owl#SemanticModifier> -> <http://blulab.chpc.utah.edu/ontologies/v2/ConText.owl#BodySite> -> <http://blulab.chpc.utah.edu/ontologies/schema/endo/colonoscopyQuality.owl#Colon_structure> -> <http://blulab.chpc.utah.edu/ontologies/schema/endo/colonoscopyQuality.owl#Entire_colon> -> <http://blulab.chpc.utah.edu/ontologies/schema/endo/colonoscopyQuality.owl#Left_colon> -> <http://blulab.chpc.utah.edu/ontologies/schema/endo/colonoscopyQuality.owl#Descending_colon> -> <http://blulab.chpc.utah.edu/ontologies/schema/endo/colonoscopyQuality.owl#Wall_of_descending_colon> -> <http://blulab.chpc.utah.edu/ontologies/schema/endo/colonoscopyQuality.owl#Serosa_of_descending_colon> -> <http://blulab.chpc.utah.edu/ontologies/schema/endo/colonoscopyQuality.owl#Connective_tissue_of_visceral_peritoneum>, <http://blulab.chpc.utah.edu/ontologies/v2/ConText.owl#Lexicon> -> <http://blulab.chpc.utah.edu/ontologies/v2/ConText.owl#Modifier> -> <http://blulab.chpc.utah.edu/ontologies/v2/ConText.owl#SemanticModifier> -> <http://blulab.chpc.utah.edu/ontologies/v2/ConText.owl#BodySite> -> <http://blulab.chpc.utah.edu/ontologies/schema/endo/colonoscopyQuality.owl#Colon_structure> -> <http://blulab.chpc.utah.edu/ontologies/schema/endo/colonoscopyQuality.owl#Left_colon> -> <http://blulab.chpc.utah.edu/ontologies/schema/endo/colonoscopyQuality.owl#Descending_colon> -> <http://blulab.chpc.utah.edu/ontologies/schema/endo/colonoscopyQuality.owl#Wall_of_descending_colon> -> <http://blulab.chpc.utah.edu/ontologies/schema/endo/colonoscopyQuality.owl#Serosa_of_descending_colon> -> <http://blulab.chpc.utah.edu/ontologies/schema/endo/colonoscopyQuality.owl#Connective_tissue_of_visceral_peritoneum>, <http://blulab.chpc.utah.edu/ontologies/v2/ConText.owl#Lexicon> -> <http://blulab.chpc.utah.edu/ontologies/v2/ConText.owl#Modifier> -> <http://blulab.chpc.utah.edu/ontologies/v2/ConText.owl#SemanticModifier> -> <http://blulab.chpc.utah.edu/ontologies/v2/ConText.owl#BodySite> -> <http://blulab.chpc.utah.edu/ontologies/schema/endo/colonoscopyQuality.owl#Colon_structure> -> <http://blulab.chpc.utah.edu/ontologies/schema/endo/colonoscopyQuality.owl#Region_of_colon> -> <http://blulab.chpc.utah.edu/ontologies/schema/endo/colonoscopyQuality.owl#Descending_colon> -> <http://blulab.chpc.utah.edu/ontologies/schema/endo/colonoscopyQuality.owl#Wall_of_descending_colon> -> <http://blulab.chpc.utah.edu/ontologies/schema/endo/colonoscopyQuality.owl#Serosa_of_descending_colon> -> <http://blulab.chpc.utah.edu/ontologies/schema/endo/colonoscopyQuality.owl#Connective_tissue_of_visceral_peritoneum>, <http://blulab.chpc.utah.edu/ontologies/v2/ConText.owl#Lexicon> -> <http://blulab.chpc.utah.edu/ontologies/v2/ConText.owl#Modifier> -> <http://blulab.chpc.utah.edu/ontologies/v2/ConText.owl#SemanticModifier> -> <http://blulab.chpc.utah.edu/ontologies/v2/ConText.owl#BodySite> -> <http://blulab.chpc.utah.edu/ontologies/schema/endo/colonoscopyQuality.owl#ileum> -> <http://blulab.chpc.utah.edu/ontologies/schema/endo/colonoscopyQuality.owl#Region_of_ileum> -> <http://blulab.chpc.utah.edu/ontologies/schema/endo/colonoscopyQuality.owl#Wall_of_ileum> -> <http://blulab.chpc.utah.edu/ontologies/schema/endo/colonoscopyQuality.owl#Serosa_of_ileum> -> <http://blulab.chpc.utah.edu/ontologies/schema/endo/colonoscopyQuality.owl#Connective_tissue_of_visceral_peritoneum>, <http://blulab.chpc.utah.edu/ontologies/v2/ConText.owl#Lexicon> -> <http://blulab.chpc.utah.edu/ontologies/v2/ConText.owl#Modifier> -> <http://blulab.chpc.utah.edu/ontologies/v2/ConText.owl#SemanticModifier> -> <http://blulab.chpc.utah.edu/ontologies/v2/ConText.owl#BodySite> -> <http://blulab.chpc.utah.edu/ontologies/schema/endo/colonoscopyQuality.owl#ileum> -> <http://blulab.chpc.utah.edu/ontologies/schema/endo/colonoscopyQuality.owl#Wall_of_ileum> -> <http://blulab.chpc.utah.edu/ontologies/schema/endo/colonoscopyQuality.owl#Serosa_of_ileum> -> <http://blulab.chpc.utah.edu/ontologies/schema/endo/colonoscopyQuality.owl#Connective_tissue_of_visceral_peritoneum>, <http://blulab.chpc.utah.edu/ontologies/v2/ConText.owl#Lexicon> -> <http://blulab.chpc.utah.edu/ontologies/v2/ConText.owl#Modifier> -> <http://blulab.chpc.utah.edu/ontologies/v2/ConText.owl#SemanticModifier> -> <http://blulab.chpc.utah.edu/ontologies/v2/ConText.owl#BodySite> -> <http://blulab.chpc.utah.edu/ontologies/schema/endo/colonoscopyQuality.owl#Colon_structure> -> <http://blulab.chpc.utah.edu/ontologies/schema/endo/colonoscopyQuality.owl#Sigmoid_colon> -> <http://blulab.chpc.utah.edu/ontologies/schema/endo/colonoscopyQuality.owl#Wall_of_sigmoid_colon> -> <http://blulab.chpc.utah.edu/ontologies/schema/endo/colonoscopyQuality.owl#Serosa_of_sigmoid_colon> -> <http://blulab.chpc.utah.edu/ontologies/schema/endo/colonoscopyQuality.owl#Connective_tissue_of_visceral_peritoneum>, <http://blulab.chpc.utah.edu/ontologies/v2/ConText.owl#Lexicon> -> <http://blulab.chpc.utah.edu/ontologies/v2/ConText.owl#Modifier> -> <http://blulab.chpc.utah.edu/ontologies/v2/ConText.owl#SemanticModifier> -> <http://blulab.chpc.utah.edu/ontologies/v2/ConText.owl#BodySite> -> <http://blulab.chpc.utah.edu/ontologies/schema/endo/colonoscopyQuality.owl#Colon_structure> -> <http://blulab.chpc.utah.edu/ontologies/schema/endo/colonoscopyQuality.owl#Entire_colon> -> <http://blulab.chpc.utah.edu/ontologies/schema/endo/colonoscopyQuality.owl#Sigmoid_colon> -> <http://blulab.chpc.utah.edu/ontologies/schema/endo/colonoscopyQuality.owl#Wall_of_sigmoid_colon> -> <http://blulab.chpc.utah.edu/ontologies/schema/endo/colonoscopyQuality.owl#Serosa_of_sigmoid_colon> -> <http://blulab.chpc.utah.edu/ontologies/schema/endo/colonoscopyQuality.owl#Connective_tissue_of_visceral_peritoneum>, <http://blulab.chpc.utah.edu/ontologies/v2/ConText.owl#Lexicon> -> <http://blulab.chpc.utah.edu/ontologies/v2/ConText.owl#Modifier> -> <http://blulab.chpc.utah.edu/ontologies/v2/ConText.owl#SemanticModifier> -> <http://blulab.chpc.utah.edu/ontologies/v2/ConText.owl#BodySite> -> <http://blulab.chpc.utah.edu/ontologies/schema/endo/colonoscopyQuality.owl#Colon_structure> -> <http://blulab.chpc.utah.edu/ontologies/schema/endo/colonoscopyQuality.owl#Region_of_colon> -> <http://blulab.chpc.utah.edu/ontologies/schema/endo/colonoscopyQuality.owl#Sigmoid_colon> -> <http://blulab.chpc.utah.edu/ontologies/schema/endo/colonoscopyQuality.owl#Wall_of_sigmoid_colon> -> <http://blulab.chpc.utah.edu/ontologies/schema/endo/colonoscopyQuality.owl#Serosa_of_sigmoid_colon> -> <http://blulab.chpc.utah.edu/ontologies/schema/endo/colonoscopyQuality.owl#Connective_tissue_of_visceral_peritoneum>, <http://blulab.chpc.utah.edu/ontologies/v2/ConText.owl#Lexicon> -> <http://blulab.chpc.utah.edu/ontologies/v2/ConText.owl#Modifier> -> <http://blulab.chpc.utah.edu/ontologies/v2/ConText.owl#SemanticModifier> -> <http://blulab.chpc.utah.edu/ontologies/v2/ConText.owl#BodySite> -> <http://blulab.chpc.utah.edu/ontologies/schema/endo/colonoscopyQuality.owl#Colon_structure> -> <http://blulab.chpc.utah.edu/ontologies/schema/endo/colonoscopyQuality.owl#Transverse_colon> -> <http://blulab.chpc.utah.edu/ontologies/schema/endo/colonoscopyQuality.owl#Wall_of_transverse_colon> -> <http://blulab.chpc.utah.edu/ontologies/schema/endo/colonoscopyQuality.owl#Serosa_of_transverse_colon> -> <http://blulab.chpc.utah.edu/ontologies/schema/endo/colonoscopyQuality.owl#Connective_tissue_of_visceral_peritoneum>, <http://blulab.chpc.utah.edu/ontologies/v2/ConText.owl#Lexicon> -> <http://blulab.chpc.utah.edu/ontologies/v2/ConText.owl#Modifier> -> <http://blulab.chpc.utah.edu/ontologies/v2/ConText.owl#SemanticModifier> -> <http://blulab.chpc.utah.edu/ontologies/v2/ConText.owl#BodySite> -> <http://blulab.chpc.utah.edu/ontologies/schema/endo/colonoscopyQuality.owl#Colon_structure> -> <http://blulab.chpc.utah.edu/ontologies/schema/endo/colonoscopyQuality.owl#Entire_colon> -> <http://blulab.chpc.utah.edu/ontologies/schema/endo/colonoscopyQuality.owl#Transverse_colon> -> <http://blulab.chpc.utah.edu/ontologies/schema/endo/colonoscopyQuality.owl#Wall_of_transverse_colon> -> <http://blulab.chpc.utah.edu/ontologies/schema/endo/colonoscopyQuality.owl#Serosa_of_transverse_colon> -> <http://blulab.chpc.utah.edu/ontologies/schema/endo/colonoscopyQuality.owl#Connective_tissue_of_visceral_peritoneum>, <http://blulab.chpc.utah.edu/ontologies/v2/ConText.owl#Lexicon> -> <http://blulab.chpc.utah.edu/ontologies/v2/ConText.owl#Modifier> -> <http://blulab.chpc.utah.edu/ontologies/v2/ConText.owl#SemanticModifier> -> <http://blulab.chpc.utah.edu/ontologies/v2/ConText.owl#BodySite> -> <http://blulab.chpc.utah.edu/ontologies/schema/endo/colonoscopyQuality.owl#Colon_structure> -> <http://blulab.chpc.utah.edu/ontologies/schema/endo/colonoscopyQuality.owl#Region_of_colon> -> <http://blulab.chpc.utah.edu/ontologies/schema/endo/colonoscopyQuality.owl#Transverse_colon> -> <http://blulab.chpc.utah.edu/ontologies/schema/endo/colonoscopyQuality.owl#Wall_of_transverse_colon> -> <http://blulab.chpc.utah.edu/ontologies/schema/endo/colonoscopyQuality.owl#Serosa_of_transverse_colon> -> <http://blulab.chpc.utah.edu/ontologies/schema/endo/colonoscopyQuality.owl#Connective_tissue_of_visceral_peritoneum>, <http://blulab.chpc.utah.edu/ontologies/v2/ConText.owl#Lexicon> -> <http://blulab.chpc.utah.edu/ontologies/v2/ConText.owl#Modifier> -> <http://blulab.chpc.utah.edu/ontologies/v2/ConText.owl#SemanticModifier> -> <http://blulab.chpc.utah.edu/ontologies/v2/ConText.owl#BodySite> -> <http://blulab.chpc.utah.edu/ontologies/schema/endo/colonoscopyQuality.owl#Colon_structure> -> <http://blulab.chpc.utah.edu/ontologies/schema/endo/colonoscopyQuality.owl#Cecum> -> <http://blulab.chpc.utah.edu/ontologies/schema/endo/colonoscopyQuality.owl#Appendix> -> <http://blulab.chpc.utah.edu/ontologies/schema/endo/colonoscopyQuality.owl#Wall_of_appendix> -> <http://blulab.chpc.utah.edu/ontologies/schema/endo/colonoscopyQuality.owl#Appendiceal_serosa> -> <http://blulab.chpc.utah.edu/ontologies/schema/endo/colonoscopyQuality.owl#Connective_tissue_of_visceral_peritoneum>, <http://blulab.chpc.utah.edu/ontologies/v2/ConText.owl#Lexicon> -> <http://blulab.chpc.utah.edu/ontologies/v2/ConText.owl#Modifier> -> <http://blulab.chpc.utah.edu/ontologies/v2/ConText.owl#SemanticModifier> -> <http://blulab.chpc.utah.edu/ontologies/v2/ConText.owl#BodySite> -> <http://blulab.chpc.utah.edu/ontologies/schema/endo/colonoscopyQuality.owl#Colon_structure> -> <http://blulab.chpc.utah.edu/ontologies/schema/endo/colonoscopyQuality.owl#Appendix> -> <http://blulab.chpc.utah.edu/ontologies/schema/endo/colonoscopyQuality.owl#Wall_of_appendix> -> <http://blulab.chpc.utah.edu/ontologies/schema/endo/colonoscopyQuality.owl#Appendiceal_serosa> -> <http://blulab.chpc.utah.edu/ontologies/schema/endo/colonoscopyQuality.owl#Connective_tissue_of_visceral_peritoneum>, <http://blulab.chpc.utah.edu/ontologies/v2/ConText.owl#Lexicon> -> <http://blulab.chpc.utah.edu/ontologies/v2/ConText.owl#Modifier> -> <http://blulab.chpc.utah.edu/ontologies/v2/ConText.owl#SemanticModifier> -> <http://blulab.chpc.utah.edu/ontologies/v2/ConText.owl#BodySite> -> <http://blulab.chpc.utah.edu/ontologies/schema/endo/colonoscopyQuality.owl#Colon_structure> -> <http://blulab.chpc.utah.edu/ontologies/schema/endo/colonoscopyQuality.owl#Appendix> -> <http://blulab.chpc.utah.edu/ontologies/schema/endo/colonoscopyQuality.owl#Entire_appendix> -> <http://blulab.chpc.utah.edu/ontologies/schema/endo/colonoscopyQuality.owl#Appendiceal_serosa> -> <http://blulab.chpc.utah.edu/ontologies/schema/endo/colonoscopyQuality.owl#Connective_tissue_of_visceral_peritoneum>]]

	Modifier: Mesothelium_of_serosa_of_descending_colon, uri=http://blulab.chpc.utah.edu/ontologies/schema/endo/colonoscopyQuality.owl#Mesothelium_of_serosa_of_descending_colon, type= Semantic, classPath= [<http://blulab.chpc.utah.edu/ontologies/v2/ConText.owl#Lexicon> -> <http://blulab.chpc.utah.edu/ontologies/v2/ConText.owl#Modifier> -> <http://blulab.chpc.utah.edu/ontologies/v2/ConText.owl#SemanticModifier> -> <http://blulab.chpc.utah.edu/ontologies/v2/ConText.owl#BodySite> -> <http://blulab.chpc.utah.edu/ontologies/schema/endo/colonoscopyQuality.owl#Colon_structure> -> <http://blulab.chpc.utah.edu/ontologies/schema/endo/colonoscopyQuality.owl#Descending_colon> -> <http://blulab.chpc.utah.edu/ontologies/schema/endo/colonoscopyQuality.owl#Wall_of_descending_colon> -> <http://blulab.chpc.utah.edu/ontologies/schema/endo/colonoscopyQuality.owl#Serosa_of_descending_colon> -> <http://blulab.chpc.utah.edu/ontologies/schema/endo/colonoscopyQuality.owl#Mesothelium_of_serosa_of_descending_colon>, <http://blulab.chpc.utah.edu/ontologies/v2/ConText.owl#Lexicon> -> <http://blulab.chpc.utah.edu/ontologies/v2/ConText.owl#Modifier> -> <http://blulab.chpc.utah.edu/ontologies/v2/ConText.owl#SemanticModifier> -> <http://blulab.chpc.utah.edu/ontologies/v2/ConText.owl#BodySite> -> <http://blulab.chpc.utah.edu/ontologies/schema/endo/colonoscopyQuality.owl#Colon_structure> -> <http://blulab.chpc.utah.edu/ontologies/schema/endo/colonoscopyQuality.owl#Left_colon> -> <http://blulab.chpc.utah.edu/ontologies/schema/endo/colonoscopyQuality.owl#Entire_left_colon> -> <http://blulab.chpc.utah.edu/ontologies/schema/endo/colonoscopyQuality.owl#Descending_colon> -> <http://blulab.chpc.utah.edu/ontologies/schema/endo/colonoscopyQuality.owl#Wall_of_descending_colon> -> <http://blulab.chpc.utah.edu/ontologies/schema/endo/colonoscopyQuality.owl#Serosa_of_descending_colon> -> <http://blulab.chpc.utah.edu/ontologies/schema/endo/colonoscopyQuality.owl#Mesothelium_of_serosa_of_descending_colon>, <http://blulab.chpc.utah.edu/ontologies/v2/ConText.owl#Lexicon> -> <http://blulab.chpc.utah.edu/ontologies/v2/ConText.owl#Modifier> -> <http://blulab.chpc.utah.edu/ontologies/v2/ConText.owl#SemanticModifier> -> <http://blulab.chpc.utah.edu/ontologies/v2/ConText.owl#BodySite> -> <http://blulab.chpc.utah.edu/ontologies/schema/endo/colonoscopyQuality.owl#Colon_structure> -> <http://blulab.chpc.utah.edu/ontologies/schema/endo/colonoscopyQuality.owl#Entire_colon> -> <http://blulab.chpc.utah.edu/ontologies/schema/endo/colonoscopyQuality.owl#Left_colon> -> <http://blulab.chpc.utah.edu/ontologies/schema/endo/colonoscopyQuality.owl#Entire_left_colon> -> <http://blulab.chpc.utah.edu/ontologies/schema/endo/colonoscopyQuality.owl#Descending_colon> -> <http://blulab.chpc.utah.edu/ontologies/schema/endo/colonoscopyQuality.owl#Wall_of_descending_colon> -> <http://blulab.chpc.utah.edu/ontologies/schema/endo/colonoscopyQuality.owl#Serosa_of_descending_colon> -> <http://blulab.chpc.utah.edu/ontologies/schema/endo/colonoscopyQuality.owl#Mesothelium_of_serosa_of_descending_colon>, <http://blulab.chpc.utah.edu/ontologies/v2/ConText.owl#Lexicon> -> <http://blulab.chpc.utah.edu/ontologies/v2/ConText.owl#Modifier> -> <http://blulab.chpc.utah.edu/ontologies/v2/ConText.owl#SemanticModifier> -> <http://blulab.chpc.utah.edu/ontologies/v2/ConText.owl#BodySite> -> <http://blulab.chpc.utah.edu/ontologies/schema/endo/colonoscopyQuality.owl#Colon_structure> -> <http://blulab.chpc.utah.edu/ontologies/schema/endo/colonoscopyQuality.owl#Entire_colon> -> <http://blulab.chpc.utah.edu/ontologies/schema/endo/colonoscopyQuality.owl#Left_colon> -> <http://blulab.chpc.utah.edu/ontologies/schema/endo/colonoscopyQuality.owl#Descending_colon> -> <http://blulab.chpc.utah.edu/ontologies/schema/endo/colonoscopyQuality.owl#Wall_of_descending_colon> -> <http://blulab.chpc.utah.edu/ontologies/schema/endo/colonoscopyQuality.owl#Serosa_of_descending_colon> -> <http://blulab.chpc.utah.edu/ontologies/schema/endo/colonoscopyQuality.owl#Mesothelium_of_serosa_of_descending_colon>, <http://blulab.chpc.utah.edu/ontologies/v2/ConText.owl#Lexicon> -> <http://blulab.chpc.utah.edu/ontologies/v2/ConText.owl#Modifier> -> <http://blulab.chpc.utah.edu/ontologies/v2/ConText.owl#SemanticModifier> -> <http://blulab.chpc.utah.edu/ontologies/v2/ConText.owl#BodySite> -> <http://blulab.chpc.utah.edu/ontologies/schema/endo/colonoscopyQuality.owl#Colon_structure> -> <http://blulab.chpc.utah.edu/ontologies/schema/endo/colonoscopyQuality.owl#Left_colon> -> <http://blulab.chpc.utah.edu/ontologies/schema/endo/colonoscopyQuality.owl#Descending_colon> -> <http://blulab.chpc.utah.edu/ontologies/schema/endo/colonoscopyQuality.owl#Wall_of_descending_colon> -> <http://blulab.chpc.utah.edu/ontologies/schema/endo/colonoscopyQuality.owl#Serosa_of_descending_colon> -> <http://blulab.chpc.utah.edu/ontologies/schema/endo/colonoscopyQuality.owl#Mesothelium_of_serosa_of_descending_colon>, <http://blulab.chpc.utah.edu/ontologies/v2/ConText.owl#Lexicon> -> <http://blulab.chpc.utah.edu/ontologies/v2/ConText.owl#Modifier> -> <http://blulab.chpc.utah.edu/ontologies/v2/ConText.owl#SemanticModifier> -> <http://blulab.chpc.utah.edu/ontologies/v2/ConText.owl#BodySite> -> <http://blulab.chpc.utah.edu/ontologies/schema/endo/colonoscopyQuality.owl#Colon_structure> -> <http://blulab.chpc.utah.edu/ontologies/schema/endo/colonoscopyQuality.owl#Region_of_colon> -> <http://blulab.chpc.utah.edu/ontologies/schema/endo/colonoscopyQuality.owl#Descending_colon> -> <http://blulab.chpc.utah.edu/ontologies/schema/endo/colonoscopyQuality.owl#Wall_of_descending_colon> -> <http://blulab.chpc.utah.edu/ontologies/schema/endo/colonoscopyQuality.owl#Serosa_of_descending_colon> -> <http://blulab.chpc.utah.edu/ontologies/schema/endo/colonoscopyQuality.owl#Mesothelium_of_serosa_of_descending_colon>]]

	Modifier: Mesothelium_of_visceral_peritoneum, uri=http://blulab.chpc.utah.edu/ontologies/schema/endo/colonoscopyQuality.owl#Mesothelium_of_visceral_peritoneum, type= Semantic, classPath= [<http://blulab.chpc.utah.edu/ontologies/v2/ConText.owl#Lexicon> -> <http://blulab.chpc.utah.edu/ontologies/v2/ConText.owl#Modifier> -> <http://blulab.chpc.utah.edu/ontologies/v2/ConText.owl#SemanticModifier> -> <http://blulab.chpc.utah.edu/ontologies/v2/ConText.owl#BodySite> -> <http://blulab.chpc.utah.edu/ontologies/schema/endo/colonoscopyQuality.owl#Colon_structure> -> <http://blulab.chpc.utah.edu/ontologies/schema/endo/colonoscopyQuality.owl#Cecum> -> <http://blulab.chpc.utah.edu/ontologies/schema/endo/colonoscopyQuality.owl#Appendix> -> <http://blulab.chpc.utah.edu/ontologies/schema/endo/colonoscopyQuality.owl#Entire_appendix> -> <http://blulab.chpc.utah.edu/ontologies/schema/endo/colonoscopyQuality.owl#Appendiceal_serosa> -> <http://blulab.chpc.utah.edu/ontologies/schema/endo/colonoscopyQuality.owl#Mesothelium_of_visceral_peritoneum>, <http://blulab.chpc.utah.edu/ontologies/v2/ConText.owl#Lexicon> -> <http://blulab.chpc.utah.edu/ontologies/v2/ConText.owl#Modifier> -> <http://blulab.chpc.utah.edu/ontologies/v2/ConText.owl#SemanticModifier> -> <http://blulab.chpc.utah.edu/ontologies/v2/ConText.owl#BodySite> -> <http://blulab.chpc.utah.edu/ontologies/schema/endo/colonoscopyQuality.owl#Colon_structure> -> <http://blulab.chpc.utah.edu/ontologies/schema/endo/colonoscopyQuality.owl#Wall_of_colon> -> <http://blulab.chpc.utah.edu/ontologies/schema/endo/colonoscopyQuality.owl#Colonic_serosa> -> <http://blulab.chpc.utah.edu/ontologies/schema/endo/colonoscopyQuality.owl#Mesothelium_of_visceral_peritoneum>, <http://blulab.chpc.utah.edu/ontologies/v2/ConText.owl#Lexicon> -> <http://blulab.chpc.utah.edu/ontologies/v2/ConText.owl#Modifier> -> <http://blulab.chpc.utah.edu/ontologies/v2/ConText.owl#SemanticModifier> -> <http://blulab.chpc.utah.edu/ontologies/v2/ConText.owl#BodySite> -> <http://blulab.chpc.utah.edu/ontologies/schema/endo/colonoscopyQuality.owl#Colon_structure> -> <http://blulab.chpc.utah.edu/ontologies/schema/endo/colonoscopyQuality.owl#Entire_colon> -> <http://blulab.chpc.utah.edu/ontologies/schema/endo/colonoscopyQuality.owl#Colonic_serosa> -> <http://blulab.chpc.utah.edu/ontologies/schema/endo/colonoscopyQuality.owl#Mesothelium_of_visceral_peritoneum>, <http://blulab.chpc.utah.edu/ontologies/v2/ConText.owl#Lexicon> -> <http://blulab.chpc.utah.edu/ontologies/v2/ConText.owl#Modifier> -> <http://blulab.chpc.utah.edu/ontologies/v2/ConText.owl#SemanticModifier> -> <http://blulab.chpc.utah.edu/ontologies/v2/ConText.owl#BodySite> -> <http://blulab.chpc.utah.edu/ontologies/schema/endo/colonoscopyQuality.owl#Colon_structure> -> <http://blulab.chpc.utah.edu/ontologies/schema/endo/colonoscopyQuality.owl#Cecum> -> <http://blulab.chpc.utah.edu/ontologies/schema/endo/colonoscopyQuality.owl#Wall_of_cecum> -> <http://blulab.chpc.utah.edu/ontologies/schema/endo/colonoscopyQuality.owl#Serosa_of_cecum> -> <http://blulab.chpc.utah.edu/ontologies/schema/endo/colonoscopyQuality.owl#Mesothelium_of_visceral_peritoneum>, <http://blulab.chpc.utah.edu/ontologies/v2/ConText.owl#Lexicon> -> <http://blulab.chpc.utah.edu/ontologies/v2/ConText.owl#Modifier> -> <http://blulab.chpc.utah.edu/ontologies/v2/ConText.owl#SemanticModifier> -> <http://blulab.chpc.utah.edu/ontologies/v2/ConText.owl#BodySite> -> <http://blulab.chpc.utah.edu/ontologies/schema/endo/colonoscopyQuality.owl#Colon_structure> -> <http://blulab.chpc.utah.edu/ontologies/schema/endo/colonoscopyQuality.owl#Descending_colon> -> <http://blulab.chpc.utah.edu/ontologies/schema/endo/colonoscopyQuality.owl#Wall_of_descending_colon> -> <http://blulab.chpc.utah.edu/ontologies/schema/endo/colonoscopyQuality.owl#Serosa_of_descending_colon> -> <http://blulab.chpc.utah.edu/ontologies/schema/endo/colonoscopyQuality.owl#Mesothelium_of_visceral_peritoneum>, <http://blulab.chpc.utah.edu/ontologies/v2/ConText.owl#Lexicon> -> <http://blulab.chpc.utah.edu/ontologies/v2/ConText.owl#Modifier> -> <http://blulab.chpc.utah.edu/ontologies/v2/ConText.owl#SemanticModifier> -> <http://blulab.chpc.utah.edu/ontologies/v2/ConText.owl#BodySite> -> <http://blulab.chpc.utah.edu/ontologies/schema/endo/colonoscopyQuality.owl#Colon_structure> -> <http://blulab.chpc.utah.edu/ontologies/schema/endo/colonoscopyQuality.owl#Left_colon> -> <http://blulab.chpc.utah.edu/ontologies/schema/endo/colonoscopyQuality.owl#Entire_left_colon> -> <http://blulab.chpc.utah.edu/ontologies/schema/endo/colonoscopyQuality.owl#Descending_colon> -> <http://blulab.chpc.utah.edu/ontologies/schema/endo/colonoscopyQuality.owl#Wall_of_descending_colon> -> <http://blulab.chpc.utah.edu/ontologies/schema/endo/colonoscopyQuality.owl#Serosa_of_descending_colon> -> <http://blulab.chpc.utah.edu/ontologies/schema/endo/colonoscopyQuality.owl#Mesothelium_of_visceral_peritoneum>, <http://blulab.chpc.utah.edu/ontologies/v2/ConText.owl#Lexicon> -> <http://blulab.chpc.utah.edu/ontologies/v2/ConText.owl#Modifier> -> <http://blulab.chpc.utah.edu/ontologies/v2/ConText.owl#SemanticModifier> -> <http://blulab.chpc.utah.edu/ontologies/v2/ConText.owl#BodySite> -> <http://blulab.chpc.utah.edu/ontologies/schema/endo/colonoscopyQuality.owl#Colon_structure> -> <http://blulab.chpc.utah.edu/ontologies/schema/endo/colonoscopyQuality.owl#Entire_colon> -> <http://blulab.chpc.utah.edu/ontologies/schema/endo/colonoscopyQuality.owl#Left_colon> -> <http://blulab.chpc.utah.edu/ontologies/schema/endo/colonoscopyQuality.owl#Entire_left_colon> -> <http://blulab.chpc.utah.edu/ontologies/schema/endo/colonoscopyQuality.owl#Descending_colon> -> <http://blulab.chpc.utah.edu/ontologies/schema/endo/colonoscopyQuality.owl#Wall_of_descending_colon> -> <http://blulab.chpc.utah.edu/ontologies/schema/endo/colonoscopyQuality.owl#Serosa_of_descending_colon> -> <http://blulab.chpc.utah.edu/ontologies/schema/endo/colonoscopyQuality.owl#Mesothelium_of_visceral_peritoneum>, <http://blulab.chpc.utah.edu/ontologies/v2/ConText.owl#Lexicon> -> <http://blulab.chpc.utah.edu/ontologies/v2/ConText.owl#Modifier> -> <http://blulab.chpc.utah.edu/ontologies/v2/ConText.owl#SemanticModifier> -> <http://blulab.chpc.utah.edu/ontologies/v2/ConText.owl#BodySite> -> <http://blulab.chpc.utah.edu/ontologies/schema/endo/colonoscopyQuality.owl#Colon_structure> -> <http://blulab.chpc.utah.edu/ontologies/schema/endo/colonoscopyQuality.owl#Entire_colon> -> <http://blulab.chpc.utah.edu/ontologies/schema/endo/colonoscopyQuality.owl#Left_colon> -> <http://blulab.chpc.utah.edu/ontologies/schema/endo/colonoscopyQuality.owl#Descending_colon> -> <http://blulab.chpc.utah.edu/ontologies/schema/endo/colonoscopyQuality.owl#Wall_of_descending_colon> -> <http://blulab.chpc.utah.edu/ontologies/schema/endo/colonoscopyQuality.owl#Serosa_of_descending_colon> -> <http://blulab.chpc.utah.edu/ontologies/schema/endo/colonoscopyQuality.owl#Mesothelium_of_visceral_peritoneum>, <http://blulab.chpc.utah.edu/ontologies/v2/ConText.owl#Lexicon> -> <http://blulab.chpc.utah.edu/ontologies/v2/ConText.owl#Modifier> -> <http://blulab.chpc.utah.edu/ontologies/v2/ConText.owl#SemanticModifier> -> <http://blulab.chpc.utah.edu/ontologies/v2/ConText.owl#BodySite> -> <http://blulab.chpc.utah.edu/ontologies/schema/endo/colonoscopyQuality.owl#Colon_structure> -> <http://blulab.chpc.utah.edu/ontologies/schema/endo/colonoscopyQuality.owl#Left_colon> -> <http://blulab.chpc.utah.edu/ontologies/schema/endo/colonoscopyQuality.owl#Descending_colon> -> <http://blulab.chpc.utah.edu/ontologies/schema/endo/colonoscopyQuality.owl#Wall_of_descending_colon> -> <http://blulab.chpc.utah.edu/ontologies/schema/endo/colonoscopyQuality.owl#Serosa_of_descending_colon> -> <http://blulab.chpc.utah.edu/ontologies/schema/endo/colonoscopyQuality.owl#Mesothelium_of_visceral_peritoneum>, <http://blulab.chpc.utah.edu/ontologies/v2/ConText.owl#Lexicon> -> <http://blulab.chpc.utah.edu/ontologies/v2/ConText.owl#Modifier> -> <http://blulab.chpc.utah.edu/ontologies/v2/ConText.owl#SemanticModifier> -> <http://blulab.chpc.utah.edu/ontologies/v2/ConText.owl#BodySite> -> <http://blulab.chpc.utah.edu/ontologies/schema/endo/colonoscopyQuality.owl#Colon_structure> -> <http://blulab.chpc.utah.edu/ontologies/schema/endo/colonoscopyQuality.owl#Region_of_colon> -> <http://blulab.chpc.utah.edu/ontologies/schema/endo/colonoscopyQuality.owl#Descending_colon> -> <http://blulab.chpc.utah.edu/ontologies/schema/endo/colonoscopyQuality.owl#Wall_of_descending_colon> -> <http://blulab.chpc.utah.edu/ontologies/schema/endo/colonoscopyQuality.owl#Serosa_of_descending_colon> -> <http://blulab.chpc.utah.edu/ontologies/schema/endo/colonoscopyQuality.owl#Mesothelium_of_visceral_peritoneum>, <http://blulab.chpc.utah.edu/ontologies/v2/ConText.owl#Lexicon> -> <http://blulab.chpc.utah.edu/ontologies/v2/ConText.owl#Modifier> -> <http://blulab.chpc.utah.edu/ontologies/v2/ConText.owl#SemanticModifier> -> <http://blulab.chpc.utah.edu/ontologies/v2/ConText.owl#BodySite> -> <http://blulab.chpc.utah.edu/ontologies/schema/endo/colonoscopyQuality.owl#ileum> -> <http://blulab.chpc.utah.edu/ontologies/schema/endo/colonoscopyQuality.owl#Region_of_ileum> -> <http://blulab.chpc.utah.edu/ontologies/schema/endo/colonoscopyQuality.owl#Wall_of_ileum> -> <http://blulab.chpc.utah.edu/ontologies/schema/endo/colonoscopyQuality.owl#Serosa_of_ileum> -> <http://blulab.chpc.utah.edu/ontologies/schema/endo/colonoscopyQuality.owl#Mesothelium_of_visceral_peritoneum>, <http://blulab.chpc.utah.edu/ontologies/v2/ConText.owl#Lexicon> -> <http://blulab.chpc.utah.edu/ontologies/v2/ConText.owl#Modifier> -> <http://blulab.chpc.utah.edu/ontologies/v2/ConText.owl#SemanticModifier> -> <http://blulab.chpc.utah.edu/ontologies/v2/ConText.owl#BodySite> -> <http://blulab.chpc.utah.edu/ontologies/schema/endo/colonoscopyQuality.owl#ileum> -> <http://blulab.chpc.utah.edu/ontologies/schema/endo/colonoscopyQuality.owl#Wall_of_ileum> -> <http://blulab.chpc.utah.edu/ontologies/schema/endo/colonoscopyQuality.owl#Serosa_of_ileum> -> <http://blulab.chpc.utah.edu/ontologies/schema/endo/colonoscopyQuality.owl#Mesothelium_of_visceral_peritoneum>, <http://blulab.chpc.utah.edu/ontologies/v2/ConText.owl#Lexicon> -> <http://blulab.chpc.utah.edu/ontologies/v2/ConText.owl#Modifier> -> <http://blulab.chpc.utah.edu/ontologies/v2/ConText.owl#SemanticModifier> -> <http://blulab.chpc.utah.edu/ontologies/v2/ConText.owl#BodySite> -> <http://blulab.chpc.utah.edu/ontologies/schema/endo/colonoscopyQuality.owl#Colon_structure> -> <http://blulab.chpc.utah.edu/ontologies/schema/endo/colonoscopyQuality.owl#Sigmoid_colon> -> <http://blulab.chpc.utah.edu/ontologies/schema/endo/colonoscopyQuality.owl#Wall_of_sigmoid_colon> -> <http://blulab.chpc.utah.edu/ontologies/schema/endo/colonoscopyQuality.owl#Serosa_of_sigmoid_colon> -> <http://blulab.chpc.utah.edu/ontologies/schema/endo/colonoscopyQuality.owl#Mesothelium_of_visceral_peritoneum>, <http://blulab.chpc.utah.edu/ontologies/v2/ConText.owl#Lexicon> -> <http://blulab.chpc.utah.edu/ontologies/v2/ConText.owl#Modifier> -> <http://blulab.chpc.utah.edu/ontologies/v2/ConText.owl#SemanticModifier> -> <http://blulab.chpc.utah.edu/ontologies/v2/ConText.owl#BodySite> -> <http://blulab.chpc.utah.edu/ontologies/schema/endo/colonoscopyQuality.owl#Colon_structure> -> <http://blulab.chpc.utah.edu/ontologies/schema/endo/colonoscopyQuality.owl#Entire_colon> -> <http://blulab.chpc.utah.edu/ontologies/schema/endo/colonoscopyQuality.owl#Sigmoid_colon> -> <http://blulab.chpc.utah.edu/ontologies/schema/endo/colonoscopyQuality.owl#Wall_of_sigmoid_colon> -> <http://blulab.chpc.utah.edu/ontologies/schema/endo/colonoscopyQuality.owl#Serosa_of_sigmoid_colon> -> <http://blulab.chpc.utah.edu/ontologies/schema/endo/colonoscopyQuality.owl#Mesothelium_of_visceral_peritoneum>, <http://blulab.chpc.utah.edu/ontologies/v2/ConText.owl#Lexicon> -> <http://blulab.chpc.utah.edu/ontologies/v2/ConText.owl#Modifier> -> <http://blulab.chpc.utah.edu/ontologies/v2/ConText.owl#SemanticModifier> -> <http://blulab.chpc.utah.edu/ontologies/v2/ConText.owl#BodySite> -> <http://blulab.chpc.utah.edu/ontologies/schema/endo/colonoscopyQuality.owl#Colon_structure> -> <http://blulab.chpc.utah.edu/ontologies/schema/endo/colonoscopyQuality.owl#Region_of_colon> -> <http://blulab.chpc.utah.edu/ontologies/schema/endo/colonoscopyQuality.owl#Sigmoid_colon> -> <http://blulab.chpc.utah.edu/ontologies/schema/endo/colonoscopyQuality.owl#Wall_of_sigmoid_colon> -> <http://blulab.chpc.utah.edu/ontologies/schema/endo/colonoscopyQuality.owl#Serosa_of_sigmoid_colon> -> <http://blulab.chpc.utah.edu/ontologies/schema/endo/colonoscopyQuality.owl#Mesothelium_of_visceral_peritoneum>, <http://blulab.chpc.utah.edu/ontologies/v2/ConText.owl#Lexicon> -> <http://blulab.chpc.utah.edu/ontologies/v2/ConText.owl#Modifier> -> <http://blulab.chpc.utah.edu/ontologies/v2/ConText.owl#SemanticModifier> -> <http://blulab.chpc.utah.edu/ontologies/v2/ConText.owl#BodySite> -> <http://blulab.chpc.utah.edu/ontologies/schema/endo/colonoscopyQuality.owl#Colon_structure> -> <http://blulab.chpc.utah.edu/ontologies/schema/endo/colonoscopyQuality.owl#Transverse_colon> -> <http://blulab.chpc.utah.edu/ontologies/schema/endo/colonoscopyQuality.owl#Wall_of_transverse_colon> -> <http://blulab.chpc.utah.edu/ontologies/schema/endo/colonoscopyQuality.owl#Serosa_of_transverse_colon> -> <http://blulab.chpc.utah.edu/ontologies/schema/endo/colonoscopyQuality.owl#Mesothelium_of_visceral_peritoneum>, <http://blulab.chpc.utah.edu/ontologies/v2/ConText.owl#Lexicon> -> <http://blulab.chpc.utah.edu/ontologies/v2/ConText.owl#Modifier> -> <http://blulab.chpc.utah.edu/ontologies/v2/ConText.owl#SemanticModifier> -> <http://blulab.chpc.utah.edu/ontologies/v2/ConText.owl#BodySite> -> <http://blulab.chpc.utah.edu/ontologies/schema/endo/colonoscopyQuality.owl#Colon_structure> -> <http://blulab.chpc.utah.edu/ontologies/schema/endo/colonoscopyQuality.owl#Entire_colon> -> <http://blulab.chpc.utah.edu/ontologies/schema/endo/colonoscopyQuality.owl#Transverse_colon> -> <http://blulab.chpc.utah.edu/ontologies/schema/endo/colonoscopyQuality.owl#Wall_of_transverse_colon> -> <http://blulab.chpc.utah.edu/ontologies/schema/endo/colonoscopyQuality.owl#Serosa_of_transverse_colon> -> <http://blulab.chpc.utah.edu/ontologies/schema/endo/colonoscopyQuality.owl#Mesothelium_of_visceral_peritoneum>, <http://blulab.chpc.utah.edu/ontologies/v2/ConText.owl#Lexicon> -> <http://blulab.chpc.utah.edu/ontologies/v2/ConText.owl#Modifier> -> <http://blulab.chpc.utah.edu/ontologies/v2/ConText.owl#SemanticModifier> -> <http://blulab.chpc.utah.edu/ontologies/v2/ConText.owl#BodySite> -> <http://blulab.chpc.utah.edu/ontologies/schema/endo/colonoscopyQuality.owl#Colon_structure> -> <http://blulab.chpc.utah.edu/ontologies/schema/endo/colonoscopyQuality.owl#Region_of_colon> -> <http://blulab.chpc.utah.edu/ontologies/schema/endo/colonoscopyQuality.owl#Transverse_colon> -> <http://blulab.chpc.utah.edu/ontologies/schema/endo/colonoscopyQuality.owl#Wall_of_transverse_colon> -> <http://blulab.chpc.utah.edu/ontologies/schema/endo/colonoscopyQuality.owl#Serosa_of_transverse_colon> -> <http://blulab.chpc.utah.edu/ontologies/schema/endo/colonoscopyQuality.owl#Mesothelium_of_visceral_peritoneum>, <http://blulab.chpc.utah.edu/ontologies/v2/ConText.owl#Lexicon> -> <http://blulab.chpc.utah.edu/ontologies/v2/ConText.owl#Modifier> -> <http://blulab.chpc.utah.edu/ontologies/v2/ConText.owl#SemanticModifier> -> <http://blulab.chpc.utah.edu/ontologies/v2/ConText.owl#BodySite> -> <http://blulab.chpc.utah.edu/ontologies/schema/endo/colonoscopyQuality.owl#Colon_structure> -> <http://blulab.chpc.utah.edu/ontologies/schema/endo/colonoscopyQuality.owl#Cecum> -> <http://blulab.chpc.utah.edu/ontologies/schema/endo/colonoscopyQuality.owl#Appendix> -> <http://blulab.chpc.utah.edu/ontologies/schema/endo/colonoscopyQuality.owl#Wall_of_appendix> -> <http://blulab.chpc.utah.edu/ontologies/schema/endo/colonoscopyQuality.owl#Appendiceal_serosa> -> <http://blulab.chpc.utah.edu/ontologies/schema/endo/colonoscopyQuality.owl#Mesothelium_of_visceral_peritoneum>, <http://blulab.chpc.utah.edu/ontologies/v2/ConText.owl#Lexicon> -> <http://blulab.chpc.utah.edu/ontologies/v2/ConText.owl#Modifier> -> <http://blulab.chpc.utah.edu/ontologies/v2/ConText.owl#SemanticModifier> -> <http://blulab.chpc.utah.edu/ontologies/v2/ConText.owl#BodySite> -> <http://blulab.chpc.utah.edu/ontologies/schema/endo/colonoscopyQuality.owl#Colon_structure> -> <http://blulab.chpc.utah.edu/ontologies/schema/endo/colonoscopyQuality.owl#Appendix> -> <http://blulab.chpc.utah.edu/ontologies/schema/endo/colonoscopyQuality.owl#Wall_of_appendix> -> <http://blulab.chpc.utah.edu/ontologies/schema/endo/colonoscopyQuality.owl#Appendiceal_serosa> -> <http://blulab.chpc.utah.edu/ontologies/schema/endo/colonoscopyQuality.owl#Mesothelium_of_visceral_peritoneum>, <http://blulab.chpc.utah.edu/ontologies/v2/ConText.owl#Lexicon> -> <http://blulab.chpc.utah.edu/ontologies/v2/ConText.owl#Modifier> -> <http://blulab.chpc.utah.edu/ontologies/v2/ConText.owl#SemanticModifier> -> <http://blulab.chpc.utah.edu/ontologies/v2/ConText.owl#BodySite> -> <http://blulab.chpc.utah.edu/ontologies/schema/endo/colonoscopyQuality.owl#Colon_structure> -> <http://blulab.chpc.utah.edu/ontologies/schema/endo/colonoscopyQuality.owl#Appendix> -> <http://blulab.chpc.utah.edu/ontologies/schema/endo/colonoscopyQuality.owl#Entire_appendix> -> <http://blulab.chpc.utah.edu/ontologies/schema/endo/colonoscopyQuality.owl#Appendiceal_serosa> -> <http://blulab.chpc.utah.edu/ontologies/schema/endo/colonoscopyQuality.owl#Mesothelium_of_visceral_peritoneum>]]

	Modifier: Submucosa_of_descending_colon, uri=http://blulab.chpc.utah.edu/ontologies/schema/endo/colonoscopyQuality.owl#Submucosa_of_descending_colon, type= Semantic, classPath= [<http://blulab.chpc.utah.edu/ontologies/v2/ConText.owl#Lexicon> -> <http://blulab.chpc.utah.edu/ontologies/v2/ConText.owl#Modifier> -> <http://blulab.chpc.utah.edu/ontologies/v2/ConText.owl#SemanticModifier> -> <http://blulab.chpc.utah.edu/ontologies/v2/ConText.owl#BodySite> -> <http://blulab.chpc.utah.edu/ontologies/schema/endo/colonoscopyQuality.owl#Colon_structure> -> <http://blulab.chpc.utah.edu/ontologies/schema/endo/colonoscopyQuality.owl#Descending_colon> -> <http://blulab.chpc.utah.edu/ontologies/schema/endo/colonoscopyQuality.owl#Wall_of_descending_colon> -> <http://blulab.chpc.utah.edu/ontologies/schema/endo/colonoscopyQuality.owl#Submucosa_of_descending_colon>, <http://blulab.chpc.utah.edu/ontologies/v2/ConText.owl#Lexicon> -> <http://blulab.chpc.utah.edu/ontologies/v2/ConText.owl#Modifier> -> <http://blulab.chpc.utah.edu/ontologies/v2/ConText.owl#SemanticModifier> -> <http://blulab.chpc.utah.edu/ontologies/v2/ConText.owl#BodySite> -> <http://blulab.chpc.utah.edu/ontologies/schema/endo/colonoscopyQuality.owl#Colon_structure> -> <http://blulab.chpc.utah.edu/ontologies/schema/endo/colonoscopyQuality.owl#Left_colon> -> <http://blulab.chpc.utah.edu/ontologies/schema/endo/colonoscopyQuality.owl#Entire_left_colon> -> <http://blulab.chpc.utah.edu/ontologies/schema/endo/colonoscopyQuality.owl#Descending_colon> -> <http://blulab.chpc.utah.edu/ontologies/schema/endo/colonoscopyQuality.owl#Wall_of_descending_colon> -> <http://blulab.chpc.utah.edu/ontologies/schema/endo/colonoscopyQuality.owl#Submucosa_of_descending_colon>, <http://blulab.chpc.utah.edu/ontologies/v2/ConText.owl#Lexicon> -> <http://blulab.chpc.utah.edu/ontologies/v2/ConText.owl#Modifier> -> <http://blulab.chpc.utah.edu/ontologies/v2/ConText.owl#SemanticModifier> -> <http://blulab.chpc.utah.edu/ontologies/v2/ConText.owl#BodySite> -> <http://blulab.chpc.utah.edu/ontologies/schema/endo/colonoscopyQuality.owl#Colon_structure> -> <http://blulab.chpc.utah.edu/ontologies/schema/endo/colonoscopyQuality.owl#Entire_colon> -> <http://blulab.chpc.utah.edu/ontologies/schema/endo/colonoscopyQuality.owl#Left_colon> -> <http://blulab.chpc.utah.edu/ontologies/schema/endo/colonoscopyQuality.owl#Entire_left_colon> -> <http://blulab.chpc.utah.edu/ontologies/schema/endo/colonoscopyQuality.owl#Descending_colon> -> <http://blulab.chpc.utah.edu/ontologies/schema/endo/colonoscopyQuality.owl#Wall_of_descending_colon> -> <http://blulab.chpc.utah.edu/ontologies/schema/endo/colonoscopyQuality.owl#Submucosa_of_descending_colon>, <http://blulab.chpc.utah.edu/ontologies/v2/ConText.owl#Lexicon> -> <http://blulab.chpc.utah.edu/ontologies/v2/ConText.owl#Modifier> -> <http://blulab.chpc.utah.edu/ontologies/v2/ConText.owl#SemanticModifier> -> <http://blulab.chpc.utah.edu/ontologies/v2/ConText.owl#BodySite> -> <http://blulab.chpc.utah.edu/ontologies/schema/endo/colonoscopyQuality.owl#Colon_structure> -> <http://blulab.chpc.utah.edu/ontologies/schema/endo/colonoscopyQuality.owl#Entire_colon> -> <http://blulab.chpc.utah.edu/ontologies/schema/endo/colonoscopyQuality.owl#Left_colon> -> <http://blulab.chpc.utah.edu/ontologies/schema/endo/colonoscopyQuality.owl#Descending_colon> -> <http://blulab.chpc.utah.edu/ontologies/schema/endo/colonoscopyQuality.owl#Wall_of_descending_colon> -> <http://blulab.chpc.utah.edu/ontologies/schema/endo/colonoscopyQuality.owl#Submucosa_of_descending_colon>, <http://blulab.chpc.utah.edu/ontologies/v2/ConText.owl#Lexicon> -> <http://blulab.chpc.utah.edu/ontologies/v2/ConText.owl#Modifier> -> <http://blulab.chpc.utah.edu/ontologies/v2/ConText.owl#SemanticModifier> -> <http://blulab.chpc.utah.edu/ontologies/v2/ConText.owl#BodySite> -> <http://blulab.chpc.utah.edu/ontologies/schema/endo/colonoscopyQuality.owl#Colon_structure> -> <http://blulab.chpc.utah.edu/ontologies/schema/endo/colonoscopyQuality.owl#Left_colon> -> <http://blulab.chpc.utah.edu/ontologies/schema/endo/colonoscopyQuality.owl#Descending_colon> -> <http://blulab.chpc.utah.edu/ontologies/schema/endo/colonoscopyQuality.owl#Wall_of_descending_colon> -> <http://blulab.chpc.utah.edu/ontologies/schema/endo/colonoscopyQuality.owl#Submucosa_of_descending_colon>, <http://blulab.chpc.utah.edu/ontologies/v2/ConText.owl#Lexicon> -> <http://blulab.chpc.utah.edu/ontologies/v2/ConText.owl#Modifier> -> <http://blulab.chpc.utah.edu/ontologies/v2/ConText.owl#SemanticModifier> -> <http://blulab.chpc.utah.edu/ontologies/v2/ConText.owl#BodySite> -> <http://blulab.chpc.utah.edu/ontologies/schema/endo/colonoscopyQuality.owl#Colon_structure> -> <http://blulab.chpc.utah.edu/ontologies/schema/endo/colonoscopyQuality.owl#Region_of_colon> -> <http://blulab.chpc.utah.edu/ontologies/schema/endo/colonoscopyQuality.owl#Descending_colon> -> <http://blulab.chpc.utah.edu/ontologies/schema/endo/colonoscopyQuality.owl#Wall_of_descending_colon> -> <http://blulab.chpc.utah.edu/ontologies/schema/endo/colonoscopyQuality.owl#Submucosa_of_descending_colon>]]

	Modifier: Subserosa_of_descending_colon, uri=http://blulab.chpc.utah.edu/ontologies/schema/endo/colonoscopyQuality.owl#Subserosa_of_descending_colon, type= Semantic, classPath= [<http://blulab.chpc.utah.edu/ontologies/v2/ConText.owl#Lexicon> -> <http://blulab.chpc.utah.edu/ontologies/v2/ConText.owl#Modifier> -> <http://blulab.chpc.utah.edu/ontologies/v2/ConText.owl#SemanticModifier> -> <http://blulab.chpc.utah.edu/ontologies/v2/ConText.owl#BodySite> -> <http://blulab.chpc.utah.edu/ontologies/schema/endo/colonoscopyQuality.owl#Colon_structure> -> <http://blulab.chpc.utah.edu/ontologies/schema/endo/colonoscopyQuality.owl#Descending_colon> -> <http://blulab.chpc.utah.edu/ontologies/schema/endo/colonoscopyQuality.owl#Wall_of_descending_colon> -> <http://blulab.chpc.utah.edu/ontologies/schema/endo/colonoscopyQuality.owl#Subserosa_of_descending_colon>, <http://blulab.chpc.utah.edu/ontologies/v2/ConText.owl#Lexicon> -> <http://blulab.chpc.utah.edu/ontologies/v2/ConText.owl#Modifier> -> <http://blulab.chpc.utah.edu/ontologies/v2/ConText.owl#SemanticModifier> -> <http://blulab.chpc.utah.edu/ontologies/v2/ConText.owl#BodySite> -> <http://blulab.chpc.utah.edu/ontologies/schema/endo/colonoscopyQuality.owl#Colon_structure> -> <http://blulab.chpc.utah.edu/ontologies/schema/endo/colonoscopyQuality.owl#Left_colon> -> <http://blulab.chpc.utah.edu/ontologies/schema/endo/colonoscopyQuality.owl#Entire_left_colon> -> <http://blulab.chpc.utah.edu/ontologies/schema/endo/colonoscopyQuality.owl#Descending_colon> -> <http://blulab.chpc.utah.edu/ontologies/schema/endo/colonoscopyQuality.owl#Wall_of_descending_colon> -> <http://blulab.chpc.utah.edu/ontologies/schema/endo/colonoscopyQuality.owl#Subserosa_of_descending_colon>, <http://blulab.chpc.utah.edu/ontologies/v2/ConText.owl#Lexicon> -> <http://blulab.chpc.utah.edu/ontologies/v2/ConText.owl#Modifier> -> <http://blulab.chpc.utah.edu/ontologies/v2/ConText.owl#SemanticModifier> -> <http://blulab.chpc.utah.edu/ontologies/v2/ConText.owl#BodySite> -> <http://blulab.chpc.utah.edu/ontologies/schema/endo/colonoscopyQuality.owl#Colon_structure> -> <http://blulab.chpc.utah.edu/ontologies/schema/endo/colonoscopyQuality.owl#Entire_colon> -> <http://blulab.chpc.utah.edu/ontologies/schema/endo/colonoscopyQuality.owl#Left_colon> -> <http://blulab.chpc.utah.edu/ontologies/schema/endo/colonoscopyQuality.owl#Entire_left_colon> -> <http://blulab.chpc.utah.edu/ontologies/schema/endo/colonoscopyQuality.owl#Descending_colon> -> <http://blulab.chpc.utah.edu/ontologies/schema/endo/colonoscopyQuality.owl#Wall_of_descending_colon> -> <http://blulab.chpc.utah.edu/ontologies/schema/endo/colonoscopyQuality.owl#Subserosa_of_descending_colon>, <http://blulab.chpc.utah.edu/ontologies/v2/ConText.owl#Lexicon> -> <http://blulab.chpc.utah.edu/ontologies/v2/ConText.owl#Modifier> -> <http://blulab.chpc.utah.edu/ontologies/v2/ConText.owl#SemanticModifier> -> <http://blulab.chpc.utah.edu/ontologies/v2/ConText.owl#BodySite> -> <http://blulab.chpc.utah.edu/ontologies/schema/endo/colonoscopyQuality.owl#Colon_structure> -> <http://blulab.chpc.utah.edu/ontologies/schema/endo/colonoscopyQuality.owl#Entire_colon> -> <http://blulab.chpc.utah.edu/ontologies/schema/endo/colonoscopyQuality.owl#Left_colon> -> <http://blulab.chpc.utah.edu/ontologies/schema/endo/colonoscopyQuality.owl#Descending_colon> -> <http://blulab.chpc.utah.edu/ontologies/schema/endo/colonoscopyQuality.owl#Wall_of_descending_colon> -> <http://blulab.chpc.utah.edu/ontologies/schema/endo/colonoscopyQuality.owl#Subserosa_of_descending_colon>, <http://blulab.chpc.utah.edu/ontologies/v2/ConText.owl#Lexicon> -> <http://blulab.chpc.utah.edu/ontologies/v2/ConText.owl#Modifier> -> <http://blulab.chpc.utah.edu/ontologies/v2/ConText.owl#SemanticModifier> -> <http://blulab.chpc.utah.edu/ontologies/v2/ConText.owl#BodySite> -> <http://blulab.chpc.utah.edu/ontologies/schema/endo/colonoscopyQuality.owl#Colon_structure> -> <http://blulab.chpc.utah.edu/ontologies/schema/endo/colonoscopyQuality.owl#Left_colon> -> <http://blulab.chpc.utah.edu/ontologies/schema/endo/colonoscopyQuality.owl#Descending_colon> -> <http://blulab.chpc.utah.edu/ontologies/schema/endo/colonoscopyQuality.owl#Wall_of_descending_colon> -> <http://blulab.chpc.utah.edu/ontologies/schema/endo/colonoscopyQuality.owl#Subserosa_of_descending_colon>, <http://blulab.chpc.utah.edu/ontologies/v2/ConText.owl#Lexicon> -> <http://blulab.chpc.utah.edu/ontologies/v2/ConText.owl#Modifier> -> <http://blulab.chpc.utah.edu/ontologies/v2/ConText.owl#SemanticModifier> -> <http://blulab.chpc.utah.edu/ontologies/v2/ConText.owl#BodySite> -> <http://blulab.chpc.utah.edu/ontologies/schema/endo/colonoscopyQuality.owl#Colon_structure> -> <http://blulab.chpc.utah.edu/ontologies/schema/endo/colonoscopyQuality.owl#Region_of_colon> -> <http://blulab.chpc.utah.edu/ontologies/schema/endo/colonoscopyQuality.owl#Descending_colon> -> <http://blulab.chpc.utah.edu/ontologies/schema/endo/colonoscopyQuality.owl#Wall_of_descending_colon> -> <http://blulab.chpc.utah.edu/ontologies/schema/endo/colonoscopyQuality.owl#Subserosa_of_descending_colon>]]

	Modifier: Areolar_connective_tissue_of_subserosa_of_descending_colon, uri=http://blulab.chpc.utah.edu/ontologies/schema/endo/colonoscopyQuality.owl#Areolar_connective_tissue_of_subserosa_of_descending_colon, type= Semantic, classPath= [<http://blulab.chpc.utah.edu/ontologies/v2/ConText.owl#Lexicon> -> <http://blulab.chpc.utah.edu/ontologies/v2/ConText.owl#Modifier> -> <http://blulab.chpc.utah.edu/ontologies/v2/ConText.owl#SemanticModifier> -> <http://blulab.chpc.utah.edu/ontologies/v2/ConText.owl#BodySite> -> <http://blulab.chpc.utah.edu/ontologies/schema/endo/colonoscopyQuality.owl#Colon_structure> -> <http://blulab.chpc.utah.edu/ontologies/schema/endo/colonoscopyQuality.owl#Descending_colon> -> <http://blulab.chpc.utah.edu/ontologies/schema/endo/colonoscopyQuality.owl#Wall_of_descending_colon> -> <http://blulab.chpc.utah.edu/ontologies/schema/endo/colonoscopyQuality.owl#Subserosa_of_descending_colon> -> <http://blulab.chpc.utah.edu/ontologies/schema/endo/colonoscopyQuality.owl#Areolar_connective_tissue_of_subserosa_of_descending_colon>, <http://blulab.chpc.utah.edu/ontologies/v2/ConText.owl#Lexicon> -> <http://blulab.chpc.utah.edu/ontologies/v2/ConText.owl#Modifier> -> <http://blulab.chpc.utah.edu/ontologies/v2/ConText.owl#SemanticModifier> -> <http://blulab.chpc.utah.edu/ontologies/v2/ConText.owl#BodySite> -> <http://blulab.chpc.utah.edu/ontologies/schema/endo/colonoscopyQuality.owl#Colon_structure> -> <http://blulab.chpc.utah.edu/ontologies/schema/endo/colonoscopyQuality.owl#Left_colon> -> <http://blulab.chpc.utah.edu/ontologies/schema/endo/colonoscopyQuality.owl#Entire_left_colon> -> <http://blulab.chpc.utah.edu/ontologies/schema/endo/colonoscopyQuality.owl#Descending_colon> -> <http://blulab.chpc.utah.edu/ontologies/schema/endo/colonoscopyQuality.owl#Wall_of_descending_colon> -> <http://blulab.chpc.utah.edu/ontologies/schema/endo/colonoscopyQuality.owl#Subserosa_of_descending_colon> -> <http://blulab.chpc.utah.edu/ontologies/schema/endo/colonoscopyQuality.owl#Areolar_connective_tissue_of_subserosa_of_descending_colon>, <http://blulab.chpc.utah.edu/ontologies/v2/ConText.owl#Lexicon> -> <http://blulab.chpc.utah.edu/ontologies/v2/ConText.owl#Modifier> -> <http://blulab.chpc.utah.edu/ontologies/v2/ConText.owl#SemanticModifier> -> <http://blulab.chpc.utah.edu/ontologies/v2/ConText.owl#BodySite> -> <http://blulab.chpc.utah.edu/ontologies/schema/endo/colonoscopyQuality.owl#Colon_structure> -> <http://blulab.chpc.utah.edu/ontologies/schema/endo/colonoscopyQuality.owl#Entire_colon> -> <http://blulab.chpc.utah.edu/ontologies/schema/endo/colonoscopyQuality.owl#Left_colon> -> <http://blulab.chpc.utah.edu/ontologies/schema/endo/colonoscopyQuality.owl#Entire_left_colon> -> <http://blulab.chpc.utah.edu/ontologies/schema/endo/colonoscopyQuality.owl#Descending_colon> -> <http://blulab.chpc.utah.edu/ontologies/schema/endo/colonoscopyQuality.owl#Wall_of_descending_colon> -> <http://blulab.chpc.utah.edu/ontologies/schema/endo/colonoscopyQuality.owl#Subserosa_of_descending_colon> -> <http://blulab.chpc.utah.edu/ontologies/schema/endo/colonoscopyQuality.owl#Areolar_connective_tissue_of_subserosa_of_descending_colon>, <http://blulab.chpc.utah.edu/ontologies/v2/ConText.owl#Lexicon> -> <http://blulab.chpc.utah.edu/ontologies/v2/ConText.owl#Modifier> -> <http://blulab.chpc.utah.edu/ontologies/v2/ConText.owl#SemanticModifier> -> <http://blulab.chpc.utah.edu/ontologies/v2/ConText.owl#BodySite> -> <http://blulab.chpc.utah.edu/ontologies/schema/endo/colonoscopyQuality.owl#Colon_structure> -> <http://blulab.chpc.utah.edu/ontologies/schema/endo/colonoscopyQuality.owl#Entire_colon> -> <http://blulab.chpc.utah.edu/ontologies/schema/endo/colonoscopyQuality.owl#Left_colon> -> <http://blulab.chpc.utah.edu/ontologies/schema/endo/colonoscopyQuality.owl#Descending_colon> -> <http://blulab.chpc.utah.edu/ontologies/schema/endo/colonoscopyQuality.owl#Wall_of_descending_colon> -> <http://blulab.chpc.utah.edu/ontologies/schema/endo/colonoscopyQuality.owl#Subserosa_of_descending_colon> -> <http://blulab.chpc.utah.edu/ontologies/schema/endo/colonoscopyQuality.owl#Areolar_connective_tissue_of_subserosa_of_descending_colon>, <http://blulab.chpc.utah.edu/ontologies/v2/ConText.owl#Lexicon> -> <http://blulab.chpc.utah.edu/ontologies/v2/ConText.owl#Modifier> -> <http://blulab.chpc.utah.edu/ontologies/v2/ConText.owl#SemanticModifier> -> <http://blulab.chpc.utah.edu/ontologies/v2/ConText.owl#BodySite> -> <http://blulab.chpc.utah.edu/ontologies/schema/endo/colonoscopyQuality.owl#Colon_structure> -> <http://blulab.chpc.utah.edu/ontologies/schema/endo/colonoscopyQuality.owl#Left_colon> -> <http://blulab.chpc.utah.edu/ontologies/schema/endo/colonoscopyQuality.owl#Descending_colon> -> <http://blulab.chpc.utah.edu/ontologies/schema/endo/colonoscopyQuality.owl#Wall_of_descending_colon> -> <http://blulab.chpc.utah.edu/ontologies/schema/endo/colonoscopyQuality.owl#Subserosa_of_descending_colon> -> <http://blulab.chpc.utah.edu/ontologies/schema/endo/colonoscopyQuality.owl#Areolar_connective_tissue_of_subserosa_of_descending_colon>, <http://blulab.chpc.utah.edu/ontologies/v2/ConText.owl#Lexicon> -> <http://blulab.chpc.utah.edu/ontologies/v2/ConText.owl#Modifier> -> <http://blulab.chpc.utah.edu/ontologies/v2/ConText.owl#SemanticModifier> -> <http://blulab.chpc.utah.edu/ontologies/v2/ConText.owl#BodySite> -> <http://blulab.chpc.utah.edu/ontologies/schema/endo/colonoscopyQuality.owl#Colon_structure> -> <http://blulab.chpc.utah.edu/ontologies/schema/endo/colonoscopyQuality.owl#Region_of_colon> -> <http://blulab.chpc.utah.edu/ontologies/schema/endo/colonoscopyQuality.owl#Descending_colon> -> <http://blulab.chpc.utah.edu/ontologies/schema/endo/colonoscopyQuality.owl#Wall_of_descending_colon> -> <http://blulab.chpc.utah.edu/ontologies/schema/endo/colonoscopyQuality.owl#Subserosa_of_descending_colon> -> <http://blulab.chpc.utah.edu/ontologies/schema/endo/colonoscopyQuality.owl#Areolar_connective_tissue_of_subserosa_of_descending_colon>]]

	Modifier: Loose_areolar_connective_tissue, uri=http://blulab.chpc.utah.edu/ontologies/schema/endo/colonoscopyQuality.owl#Loose_areolar_connective_tissue, type= Semantic, classPath= [<http://blulab.chpc.utah.edu/ontologies/v2/ConText.owl#Lexicon> -> <http://blulab.chpc.utah.edu/ontologies/v2/ConText.owl#Modifier> -> <http://blulab.chpc.utah.edu/ontologies/v2/ConText.owl#SemanticModifier> -> <http://blulab.chpc.utah.edu/ontologies/v2/ConText.owl#BodySite> -> <http://blulab.chpc.utah.edu/ontologies/schema/endo/colonoscopyQuality.owl#Rectum> -> <http://blulab.chpc.utah.edu/ontologies/schema/endo/colonoscopyQuality.owl#Entire_rectum> -> <http://blulab.chpc.utah.edu/ontologies/schema/endo/colonoscopyQuality.owl#Rectal_mucous_membrane> -> <http://blulab.chpc.utah.edu/ontologies/schema/endo/colonoscopyQuality.owl#Lamina_propria_mucosae_of_rectum> -> <http://blulab.chpc.utah.edu/ontologies/schema/endo/colonoscopyQuality.owl#Loose_areolar_connective_tissue>, <http://blulab.chpc.utah.edu/ontologies/v2/ConText.owl#Lexicon> -> <http://blulab.chpc.utah.edu/ontologies/v2/ConText.owl#Modifier> -> <http://blulab.chpc.utah.edu/ontologies/v2/ConText.owl#SemanticModifier> -> <http://blulab.chpc.utah.edu/ontologies/v2/ConText.owl#BodySite> -> <http://blulab.chpc.utah.edu/ontologies/schema/endo/colonoscopyQuality.owl#Colon_structure> -> <http://blulab.chpc.utah.edu/ontologies/schema/endo/colonoscopyQuality.owl#Descending_colon> -> <http://blulab.chpc.utah.edu/ontologies/schema/endo/colonoscopyQuality.owl#Wall_of_descending_colon> -> <http://blulab.chpc.utah.edu/ontologies/schema/endo/colonoscopyQuality.owl#Subserosa_of_descending_colon> -> <http://blulab.chpc.utah.edu/ontologies/schema/endo/colonoscopyQuality.owl#Loose_areolar_connective_tissue>, <http://blulab.chpc.utah.edu/ontologies/v2/ConText.owl#Lexicon> -> <http://blulab.chpc.utah.edu/ontologies/v2/ConText.owl#Modifier> -> <http://blulab.chpc.utah.edu/ontologies/v2/ConText.owl#SemanticModifier> -> <http://blulab.chpc.utah.edu/ontologies/v2/ConText.owl#BodySite> -> <http://blulab.chpc.utah.edu/ontologies/schema/endo/colonoscopyQuality.owl#Colon_structure> -> <http://blulab.chpc.utah.edu/ontologies/schema/endo/colonoscopyQuality.owl#Left_colon> -> <http://blulab.chpc.utah.edu/ontologies/schema/endo/colonoscopyQuality.owl#Entire_left_colon> -> <http://blulab.chpc.utah.edu/ontologies/schema/endo/colonoscopyQuality.owl#Descending_colon> -> <http://blulab.chpc.utah.edu/ontologies/schema/endo/colonoscopyQuality.owl#Wall_of_descending_colon> -> <http://blulab.chpc.utah.edu/ontologies/schema/endo/colonoscopyQuality.owl#Subserosa_of_descending_colon> -> <http://blulab.chpc.utah.edu/ontologies/schema/endo/colonoscopyQuality.owl#Loose_areolar_connective_tissue>, <http://blulab.chpc.utah.edu/ontologies/v2/ConText.owl#Lexicon> -> <http://blulab.chpc.utah.edu/ontologies/v2/ConText.owl#Modifier> -> <http://blulab.chpc.utah.edu/ontologies/v2/ConText.owl#SemanticModifier> -> <http://blulab.chpc.utah.edu/ontologies/v2/ConText.owl#BodySite> -> <http://blulab.chpc.utah.edu/ontologies/schema/endo/colonoscopyQuality.owl#Colon_structure> -> <http://blulab.chpc.utah.edu/ontologies/schema/endo/colonoscopyQuality.owl#Entire_colon> -> <http://blulab.chpc.utah.edu/ontologies/schema/endo/colonoscopyQuality.owl#Left_colon> -> <http://blulab.chpc.utah.edu/ontologies/schema/endo/colonoscopyQuality.owl#Entire_left_colon> -> <http://blulab.chpc.utah.edu/ontologies/schema/endo/colonoscopyQuality.owl#Descending_colon> -> <http://blulab.chpc.utah.edu/ontologies/schema/endo/colonoscopyQuality.owl#Wall_of_descending_colon> -> <http://blulab.chpc.utah.edu/ontologies/schema/endo/colonoscopyQuality.owl#Subserosa_of_descending_colon> -> <http://blulab.chpc.utah.edu/ontologies/schema/endo/colonoscopyQuality.owl#Loose_areolar_connective_tissue>, <http://blulab.chpc.utah.edu/ontologies/v2/ConText.owl#Lexicon> -> <http://blulab.chpc.utah.edu/ontologies/v2/ConText.owl#Modifier> -> <http://blulab.chpc.utah.edu/ontologies/v2/ConText.owl#SemanticModifier> -> <http://blulab.chpc.utah.edu/ontologies/v2/ConText.owl#BodySite> -> <http://blulab.chpc.utah.edu/ontologies/schema/endo/colonoscopyQuality.owl#Colon_structure> -> <http://blulab.chpc.utah.edu/ontologies/schema/endo/colonoscopyQuality.owl#Entire_colon> -> <http://blulab.chpc.utah.edu/ontologies/schema/endo/colonoscopyQuality.owl#Left_colon> -> <http://blulab.chpc.utah.edu/ontologies/schema/endo/colonoscopyQuality.owl#Descending_colon> -> <http://blulab.chpc.utah.edu/ontologies/schema/endo/colonoscopyQuality.owl#Wall_of_descending_colon> -> <http://blulab.chpc.utah.edu/ontologies/schema/endo/colonoscopyQuality.owl#Subserosa_of_descending_colon> -> <http://blulab.chpc.utah.edu/ontologies/schema/endo/colonoscopyQuality.owl#Loose_areolar_connective_tissue>, <http://blulab.chpc.utah.edu/ontologies/v2/ConText.owl#Lexicon> -> <http://blulab.chpc.utah.edu/ontologies/v2/ConText.owl#Modifier> -> <http://blulab.chpc.utah.edu/ontologies/v2/ConText.owl#SemanticModifier> -> <http://blulab.chpc.utah.edu/ontologies/v2/ConText.owl#BodySite> -> <http://blulab.chpc.utah.edu/ontologies/schema/endo/colonoscopyQuality.owl#Colon_structure> -> <http://blulab.chpc.utah.edu/ontologies/schema/endo/colonoscopyQuality.owl#Left_colon> -> <http://blulab.chpc.utah.edu/ontologies/schema/endo/colonoscopyQuality.owl#Descending_colon> -> <http://blulab.chpc.utah.edu/ontologies/schema/endo/colonoscopyQuality.owl#Wall_of_descending_colon> -> <http://blulab.chpc.utah.edu/ontologies/schema/endo/colonoscopyQuality.owl#Subserosa_of_descending_colon> -> <http://blulab.chpc.utah.edu/ontologies/schema/endo/colonoscopyQuality.owl#Loose_areolar_connective_tissue>, <http://blulab.chpc.utah.edu/ontologies/v2/ConText.owl#Lexicon> -> <http://blulab.chpc.utah.edu/ontologies/v2/ConText.owl#Modifier> -> <http://blulab.chpc.utah.edu/ontologies/v2/ConText.owl#SemanticModifier> -> <http://blulab.chpc.utah.edu/ontologies/v2/ConText.owl#BodySite> -> <http://blulab.chpc.utah.edu/ontologies/schema/endo/colonoscopyQuality.owl#Colon_structure> -> <http://blulab.chpc.utah.edu/ontologies/schema/endo/colonoscopyQuality.owl#Region_of_colon> -> <http://blulab.chpc.utah.edu/ontologies/schema/endo/colonoscopyQuality.owl#Descending_colon> -> <http://blulab.chpc.utah.edu/ontologies/schema/endo/colonoscopyQuality.owl#Wall_of_descending_colon> -> <http://blulab.chpc.utah.edu/ontologies/schema/endo/colonoscopyQuality.owl#Subserosa_of_descending_colon> -> <http://blulab.chpc.utah.edu/ontologies/schema/endo/colonoscopyQuality.owl#Loose_areolar_connective_tissue>, <http://blulab.chpc.utah.edu/ontologies/v2/ConText.owl#Lexicon> -> <http://blulab.chpc.utah.edu/ontologies/v2/ConText.owl#Modifier> -> <http://blulab.chpc.utah.edu/ontologies/v2/ConText.owl#SemanticModifier> -> <http://blulab.chpc.utah.edu/ontologies/v2/ConText.owl#BodySite> -> <http://blulab.chpc.utah.edu/ontologies/schema/endo/colonoscopyQuality.owl#Colon_structure> -> <http://blulab.chpc.utah.edu/ontologies/schema/endo/colonoscopyQuality.owl#Sigmoid_colon> -> <http://blulab.chpc.utah.edu/ontologies/schema/endo/colonoscopyQuality.owl#Wall_of_sigmoid_colon> -> <http://blulab.chpc.utah.edu/ontologies/schema/endo/colonoscopyQuality.owl#Subserosa_of_sigmoid_colon> -> <http://blulab.chpc.utah.edu/ontologies/schema/endo/colonoscopyQuality.owl#Loose_areolar_connective_tissue>, <http://blulab.chpc.utah.edu/ontologies/v2/ConText.owl#Lexicon> -> <http://blulab.chpc.utah.edu/ontologies/v2/ConText.owl#Modifier> -> <http://blulab.chpc.utah.edu/ontologies/v2/ConText.owl#SemanticModifier> -> <http://blulab.chpc.utah.edu/ontologies/v2/ConText.owl#BodySite> -> <http://blulab.chpc.utah.edu/ontologies/schema/endo/colonoscopyQuality.owl#Colon_structure> -> <http://blulab.chpc.utah.edu/ontologies/schema/endo/colonoscopyQuality.owl#Entire_colon> -> <http://blulab.chpc.utah.edu/ontologies/schema/endo/colonoscopyQuality.owl#Sigmoid_colon> -> <http://blulab.chpc.utah.edu/ontologies/schema/endo/colonoscopyQuality.owl#Wall_of_sigmoid_colon> -> <http://blulab.chpc.utah.edu/ontologies/schema/endo/colonoscopyQuality.owl#Subserosa_of_sigmoid_colon> -> <http://blulab.chpc.utah.edu/ontologies/schema/endo/colonoscopyQuality.owl#Loose_areolar_connective_tissue>, <http://blulab.chpc.utah.edu/ontologies/v2/ConText.owl#Lexicon> -> <http://blulab.chpc.utah.edu/ontologies/v2/ConText.owl#Modifier> -> <http://blulab.chpc.utah.edu/ontologies/v2/ConText.owl#SemanticModifier> -> <http://blulab.chpc.utah.edu/ontologies/v2/ConText.owl#BodySite> -> <http://blulab.chpc.utah.edu/ontologies/schema/endo/colonoscopyQuality.owl#Colon_structure> -> <http://blulab.chpc.utah.edu/ontologies/schema/endo/colonoscopyQuality.owl#Region_of_colon> -> <http://blulab.chpc.utah.edu/ontologies/schema/endo/colonoscopyQuality.owl#Sigmoid_colon> -> <http://blulab.chpc.utah.edu/ontologies/schema/endo/colonoscopyQuality.owl#Wall_of_sigmoid_colon> -> <http://blulab.chpc.utah.edu/ontologies/schema/endo/colonoscopyQuality.owl#Subserosa_of_sigmoid_colon> -> <http://blulab.chpc.utah.edu/ontologies/schema/endo/colonoscopyQuality.owl#Loose_areolar_connective_tissue>, <http://blulab.chpc.utah.edu/ontologies/v2/ConText.owl#Lexicon> -> <http://blulab.chpc.utah.edu/ontologies/v2/ConText.owl#Modifier> -> <http://blulab.chpc.utah.edu/ontologies/v2/ConText.owl#SemanticModifier> -> <http://blulab.chpc.utah.edu/ontologies/v2/ConText.owl#BodySite> -> <http://blulab.chpc.utah.edu/ontologies/schema/endo/colonoscopyQuality.owl#Rectum> -> <http://blulab.chpc.utah.edu/ontologies/schema/endo/colonoscopyQuality.owl#Wall_of_rectum> -> <http://blulab.chpc.utah.edu/ontologies/schema/endo/colonoscopyQuality.owl#Rectal_mucous_membrane> -> <http://blulab.chpc.utah.edu/ontologies/schema/endo/colonoscopyQuality.owl#Lamina_propria_mucosae_of_rectum> -> <http://blulab.chpc.utah.edu/ontologies/schema/endo/colonoscopyQuality.owl#Loose_areolar_connective_tissue>]]

	Modifier: Entire_colon, uri=http://blulab.chpc.utah.edu/ontologies/schema/endo/colonoscopyQuality.owl#Entire_colon, type= Semantic, classPath= [<http://blulab.chpc.utah.edu/ontologies/v2/ConText.owl#Lexicon> -> <http://blulab.chpc.utah.edu/ontologies/v2/ConText.owl#Modifier> -> <http://blulab.chpc.utah.edu/ontologies/v2/ConText.owl#SemanticModifier> -> <http://blulab.chpc.utah.edu/ontologies/v2/ConText.owl#BodySite> -> <http://blulab.chpc.utah.edu/ontologies/schema/endo/colonoscopyQuality.owl#Colon_structure> -> <http://blulab.chpc.utah.edu/ontologies/schema/endo/colonoscopyQuality.owl#Entire_colon>]]

	Modifier: Ampulla_coli, uri=http://blulab.chpc.utah.edu/ontologies/schema/endo/colonoscopyQuality.owl#Ampulla_coli, type= Semantic, classPath= [<http://blulab.chpc.utah.edu/ontologies/v2/ConText.owl#Lexicon> -> <http://blulab.chpc.utah.edu/ontologies/v2/ConText.owl#Modifier> -> <http://blulab.chpc.utah.edu/ontologies/v2/ConText.owl#SemanticModifier> -> <http://blulab.chpc.utah.edu/ontologies/v2/ConText.owl#BodySite> -> <http://blulab.chpc.utah.edu/ontologies/schema/endo/colonoscopyQuality.owl#Colon_structure> -> <http://blulab.chpc.utah.edu/ontologies/schema/endo/colonoscopyQuality.owl#Ampulla_coli>, <http://blulab.chpc.utah.edu/ontologies/v2/ConText.owl#Lexicon> -> <http://blulab.chpc.utah.edu/ontologies/v2/ConText.owl#Modifier> -> <http://blulab.chpc.utah.edu/ontologies/v2/ConText.owl#SemanticModifier> -> <http://blulab.chpc.utah.edu/ontologies/v2/ConText.owl#BodySite> -> <http://blulab.chpc.utah.edu/ontologies/schema/endo/colonoscopyQuality.owl#Colon_structure> -> <http://blulab.chpc.utah.edu/ontologies/schema/endo/colonoscopyQuality.owl#Entire_colon> -> <http://blulab.chpc.utah.edu/ontologies/schema/endo/colonoscopyQuality.owl#Ampulla_coli>]]

	Modifier: Appendix_Epiploica, uri=http://blulab.chpc.utah.edu/ontologies/schema/endo/colonoscopyQuality.owl#Appendix_Epiploica, type= Semantic, classPath= [<http://blulab.chpc.utah.edu/ontologies/v2/ConText.owl#Lexicon> -> <http://blulab.chpc.utah.edu/ontologies/v2/ConText.owl#Modifier> -> <http://blulab.chpc.utah.edu/ontologies/v2/ConText.owl#SemanticModifier> -> <http://blulab.chpc.utah.edu/ontologies/v2/ConText.owl#BodySite> -> <http://blulab.chpc.utah.edu/ontologies/schema/endo/colonoscopyQuality.owl#Colon_structure> -> <http://blulab.chpc.utah.edu/ontologies/schema/endo/colonoscopyQuality.owl#Colon_wall_structure> -> <http://blulab.chpc.utah.edu/ontologies/schema/endo/colonoscopyQuality.owl#Appendix_Epiploica>, <http://blulab.chpc.utah.edu/ontologies/v2/ConText.owl#Lexicon> -> <http://blulab.chpc.utah.edu/ontologies/v2/ConText.owl#Modifier> -> <http://blulab.chpc.utah.edu/ontologies/v2/ConText.owl#SemanticModifier> -> <http://blulab.chpc.utah.edu/ontologies/v2/ConText.owl#BodySite> -> <http://blulab.chpc.utah.edu/ontologies/schema/endo/colonoscopyQuality.owl#Colon_structure> -> <http://blulab.chpc.utah.edu/ontologies/schema/endo/colonoscopyQuality.owl#Entire_colon> -> <http://blulab.chpc.utah.edu/ontologies/schema/endo/colonoscopyQuality.owl#Appendix_Epiploica>]]

	Modifier: Colonic_lumen, uri=http://blulab.chpc.utah.edu/ontologies/schema/endo/colonoscopyQuality.owl#Colonic_lumen, type= Semantic, classPath= [<http://blulab.chpc.utah.edu/ontologies/v2/ConText.owl#Lexicon> -> <http://blulab.chpc.utah.edu/ontologies/v2/ConText.owl#Modifier> -> <http://blulab.chpc.utah.edu/ontologies/v2/ConText.owl#SemanticModifier> -> <http://blulab.chpc.utah.edu/ontologies/v2/ConText.owl#BodySite> -> <http://blulab.chpc.utah.edu/ontologies/schema/endo/colonoscopyQuality.owl#Colon_structure> -> <http://blulab.chpc.utah.edu/ontologies/schema/endo/colonoscopyQuality.owl#Colonic_lumen>, <http://blulab.chpc.utah.edu/ontologies/v2/ConText.owl#Lexicon> -> <http://blulab.chpc.utah.edu/ontologies/v2/ConText.owl#Modifier> -> <http://blulab.chpc.utah.edu/ontologies/v2/ConText.owl#SemanticModifier> -> <http://blulab.chpc.utah.edu/ontologies/v2/ConText.owl#BodySite> -> <http://blulab.chpc.utah.edu/ontologies/schema/endo/colonoscopyQuality.owl#Colon_structure> -> <http://blulab.chpc.utah.edu/ontologies/schema/endo/colonoscopyQuality.owl#Entire_colon> -> <http://blulab.chpc.utah.edu/ontologies/schema/endo/colonoscopyQuality.owl#Colonic_lumen>]]

	Modifier: Colonic_mucous_membrane, uri=http://blulab.chpc.utah.edu/ontologies/schema/endo/colonoscopyQuality.owl#Colonic_mucous_membrane, type= Semantic, classPath= [<http://blulab.chpc.utah.edu/ontologies/v2/ConText.owl#Lexicon> -> <http://blulab.chpc.utah.edu/ontologies/v2/ConText.owl#Modifier> -> <http://blulab.chpc.utah.edu/ontologies/v2/ConText.owl#SemanticModifier> -> <http://blulab.chpc.utah.edu/ontologies/v2/ConText.owl#BodySite> -> <http://blulab.chpc.utah.edu/ontologies/schema/endo/colonoscopyQuality.owl#Colon_structure> -> <http://blulab.chpc.utah.edu/ontologies/schema/endo/colonoscopyQuality.owl#Entire_colon> -> <http://blulab.chpc.utah.edu/ontologies/schema/endo/colonoscopyQuality.owl#Colonic_mucous_membrane>, <http://blulab.chpc.utah.edu/ontologies/v2/ConText.owl#Lexicon> -> <http://blulab.chpc.utah.edu/ontologies/v2/ConText.owl#Modifier> -> <http://blulab.chpc.utah.edu/ontologies/v2/ConText.owl#SemanticModifier> -> <http://blulab.chpc.utah.edu/ontologies/v2/ConText.owl#BodySite> -> <http://blulab.chpc.utah.edu/ontologies/schema/endo/colonoscopyQuality.owl#Colon_structure> -> <http://blulab.chpc.utah.edu/ontologies/schema/endo/colonoscopyQuality.owl#Wall_of_colon> -> <http://blulab.chpc.utah.edu/ontologies/schema/endo/colonoscopyQuality.owl#Colonic_mucous_membrane>]]

	Modifier: Colonic_crypt_of_Lieberk_hn, uri=http://blulab.chpc.utah.edu/ontologies/schema/endo/colonoscopyQuality.owl#Colonic_crypt_of_Lieberk_hn, type= Semantic, classPath= [<http://blulab.chpc.utah.edu/ontologies/v2/ConText.owl#Lexicon> -> <http://blulab.chpc.utah.edu/ontologies/v2/ConText.owl#Modifier> -> <http://blulab.chpc.utah.edu/ontologies/v2/ConText.owl#SemanticModifier> -> <http://blulab.chpc.utah.edu/ontologies/v2/ConText.owl#BodySite> -> <http://blulab.chpc.utah.edu/ontologies/schema/endo/colonoscopyQuality.owl#Colon_structure> -> <http://blulab.chpc.utah.edu/ontologies/schema/endo/colonoscopyQuality.owl#Entire_colon> -> <http://blulab.chpc.utah.edu/ontologies/schema/endo/colonoscopyQuality.owl#Colonic_mucous_membrane> -> <http://blulab.chpc.utah.edu/ontologies/schema/endo/colonoscopyQuality.owl#Colonic_crypt_of_Lieberk_hn>, <http://blulab.chpc.utah.edu/ontologies/v2/ConText.owl#Lexicon> -> <http://blulab.chpc.utah.edu/ontologies/v2/ConText.owl#Modifier> -> <http://blulab.chpc.utah.edu/ontologies/v2/ConText.owl#SemanticModifier> -> <http://blulab.chpc.utah.edu/ontologies/v2/ConText.owl#BodySite> -> <http://blulab.chpc.utah.edu/ontologies/schema/endo/colonoscopyQuality.owl#Colon_structure> -> <http://blulab.chpc.utah.edu/ontologies/schema/endo/colonoscopyQuality.owl#Entire_colon> -> <http://blulab.chpc.utah.edu/ontologies/schema/endo/colonoscopyQuality.owl#Colonic_mucous_membrane> -> <http://blulab.chpc.utah.edu/ontologies/schema/endo/colonoscopyQuality.owl#Entire_colonic_mucous_membrane> -> <http://blulab.chpc.utah.edu/ontologies/schema/endo/colonoscopyQuality.owl#Colonic_crypt_of_Lieberk_hn>, <http://blulab.chpc.utah.edu/ontologies/v2/ConText.owl#Lexicon> -> <http://blulab.chpc.utah.edu/ontologies/v2/ConText.owl#Modifier> -> <http://blulab.chpc.utah.edu/ontologies/v2/ConText.owl#SemanticModifier> -> <http://blulab.chpc.utah.edu/ontologies/v2/ConText.owl#BodySite> -> <http://blulab.chpc.utah.edu/ontologies/schema/endo/colonoscopyQuality.owl#Colon_structure> -> <http://blulab.chpc.utah.edu/ontologies/schema/endo/colonoscopyQuality.owl#Wall_of_colon> -> <http://blulab.chpc.utah.edu/ontologies/schema/endo/colonoscopyQuality.owl#Colonic_mucous_membrane> -> <http://blulab.chpc.utah.edu/ontologies/schema/endo/colonoscopyQuality.owl#Entire_colonic_mucous_membrane> -> <http://blulab.chpc.utah.edu/ontologies/schema/endo/colonoscopyQuality.owl#Colonic_crypt_of_Lieberk_hn>, <http://blulab.chpc.utah.edu/ontologies/v2/ConText.owl#Lexicon> -> <http://blulab.chpc.utah.edu/ontologies/v2/ConText.owl#Modifier> -> <http://blulab.chpc.utah.edu/ontologies/v2/ConText.owl#SemanticModifier> -> <http://blulab.chpc.utah.edu/ontologies/v2/ConText.owl#BodySite> -> <http://blulab.chpc.utah.edu/ontologies/schema/endo/colonoscopyQuality.owl#Colon_structure> -> <http://blulab.chpc.utah.edu/ontologies/schema/endo/colonoscopyQuality.owl#Wall_of_colon> -> <http://blulab.chpc.utah.edu/ontologies/schema/endo/colonoscopyQuality.owl#Colonic_mucous_membrane> -> <http://blulab.chpc.utah.edu/ontologies/schema/endo/colonoscopyQuality.owl#Colonic_crypt_of_Lieberk_hn>]]

	Modifier: Colonic_epithelium, uri=http://blulab.chpc.utah.edu/ontologies/schema/endo/colonoscopyQuality.owl#Colonic_epithelium, type= Semantic, classPath= [<http://blulab.chpc.utah.edu/ontologies/v2/ConText.owl#Lexicon> -> <http://blulab.chpc.utah.edu/ontologies/v2/ConText.owl#Modifier> -> <http://blulab.chpc.utah.edu/ontologies/v2/ConText.owl#SemanticModifier> -> <http://blulab.chpc.utah.edu/ontologies/v2/ConText.owl#BodySite> -> <http://blulab.chpc.utah.edu/ontologies/schema/endo/colonoscopyQuality.owl#Colon_structure> -> <http://blulab.chpc.utah.edu/ontologies/schema/endo/colonoscopyQuality.owl#Entire_colon> -> <http://blulab.chpc.utah.edu/ontologies/schema/endo/colonoscopyQuality.owl#Colonic_mucous_membrane> -> <http://blulab.chpc.utah.edu/ontologies/schema/endo/colonoscopyQuality.owl#Colonic_epithelium>, <http://blulab.chpc.utah.edu/ontologies/v2/ConText.owl#Lexicon> -> <http://blulab.chpc.utah.edu/ontologies/v2/ConText.owl#Modifier> -> <http://blulab.chpc.utah.edu/ontologies/v2/ConText.owl#SemanticModifier> -> <http://blulab.chpc.utah.edu/ontologies/v2/ConText.owl#BodySite> -> <http://blulab.chpc.utah.edu/ontologies/schema/endo/colonoscopyQuality.owl#Colon_structure> -> <http://blulab.chpc.utah.edu/ontologies/schema/endo/colonoscopyQuality.owl#Entire_colon> -> <http://blulab.chpc.utah.edu/ontologies/schema/endo/colonoscopyQuality.owl#Colonic_mucous_membrane> -> <http://blulab.chpc.utah.edu/ontologies/schema/endo/colonoscopyQuality.owl#Entire_colonic_mucous_membrane> -> <http://blulab.chpc.utah.edu/ontologies/schema/endo/colonoscopyQuality.owl#Colonic_epithelium>, <http://blulab.chpc.utah.edu/ontologies/v2/ConText.owl#Lexicon> -> <http://blulab.chpc.utah.edu/ontologies/v2/ConText.owl#Modifier> -> <http://blulab.chpc.utah.edu/ontologies/v2/ConText.owl#SemanticModifier> -> <http://blulab.chpc.utah.edu/ontologies/v2/ConText.owl#BodySite> -> <http://blulab.chpc.utah.edu/ontologies/schema/endo/colonoscopyQuality.owl#Colon_structure> -> <http://blulab.chpc.utah.edu/ontologies/schema/endo/colonoscopyQuality.owl#Wall_of_colon> -> <http://blulab.chpc.utah.edu/ontologies/schema/endo/colonoscopyQuality.owl#Colonic_mucous_membrane> -> <http://blulab.chpc.utah.edu/ontologies/schema/endo/colonoscopyQuality.owl#Entire_colonic_mucous_membrane> -> <http://blulab.chpc.utah.edu/ontologies/schema/endo/colonoscopyQuality.owl#Colonic_epithelium>, <http://blulab.chpc.utah.edu/ontologies/v2/ConText.owl#Lexicon> -> <http://blulab.chpc.utah.edu/ontologies/v2/ConText.owl#Modifier> -> <http://blulab.chpc.utah.edu/ontologies/v2/ConText.owl#SemanticModifier> -> <http://blulab.chpc.utah.edu/ontologies/v2/ConText.owl#BodySite> -> <http://blulab.chpc.utah.edu/ontologies/schema/endo/colonoscopyQuality.owl#Colon_structure> -> <http://blulab.chpc.utah.edu/ontologies/schema/endo/colonoscopyQuality.owl#Wall_of_colon> -> <http://blulab.chpc.utah.edu/ontologies/schema/endo/colonoscopyQuality.owl#Colonic_mucous_membrane> -> <http://blulab.chpc.utah.edu/ontologies/schema/endo/colonoscopyQuality.owl#Colonic_epithelium>]]

	Modifier: Colonic_lamina_propria, uri=http://blulab.chpc.utah.edu/ontologies/schema/endo/colonoscopyQuality.owl#Colonic_lamina_propria, type= Semantic, classPath= [<http://blulab.chpc.utah.edu/ontologies/v2/ConText.owl#Lexicon> -> <http://blulab.chpc.utah.edu/ontologies/v2/ConText.owl#Modifier> -> <http://blulab.chpc.utah.edu/ontologies/v2/ConText.owl#SemanticModifier> -> <http://blulab.chpc.utah.edu/ontologies/v2/ConText.owl#BodySite> -> <http://blulab.chpc.utah.edu/ontologies/schema/endo/colonoscopyQuality.owl#Colon_structure> -> <http://blulab.chpc.utah.edu/ontologies/schema/endo/colonoscopyQuality.owl#Entire_colon> -> <http://blulab.chpc.utah.edu/ontologies/schema/endo/colonoscopyQuality.owl#Colonic_mucous_membrane> -> <http://blulab.chpc.utah.edu/ontologies/schema/endo/colonoscopyQuality.owl#Colonic_lamina_propria>, <http://blulab.chpc.utah.edu/ontologies/v2/ConText.owl#Lexicon> -> <http://blulab.chpc.utah.edu/ontologies/v2/ConText.owl#Modifier> -> <http://blulab.chpc.utah.edu/ontologies/v2/ConText.owl#SemanticModifier> -> <http://blulab.chpc.utah.edu/ontologies/v2/ConText.owl#BodySite> -> <http://blulab.chpc.utah.edu/ontologies/schema/endo/colonoscopyQuality.owl#Colon_structure> -> <http://blulab.chpc.utah.edu/ontologies/schema/endo/colonoscopyQuality.owl#Entire_colon> -> <http://blulab.chpc.utah.edu/ontologies/schema/endo/colonoscopyQuality.owl#Colonic_mucous_membrane> -> <http://blulab.chpc.utah.edu/ontologies/schema/endo/colonoscopyQuality.owl#Entire_colonic_mucous_membrane> -> <http://blulab.chpc.utah.edu/ontologies/schema/endo/colonoscopyQuality.owl#Colonic_lamina_propria>, <http://blulab.chpc.utah.edu/ontologies/v2/ConText.owl#Lexicon> -> <http://blulab.chpc.utah.edu/ontologies/v2/ConText.owl#Modifier> -> <http://blulab.chpc.utah.edu/ontologies/v2/ConText.owl#SemanticModifier> -> <http://blulab.chpc.utah.edu/ontologies/v2/ConText.owl#BodySite> -> <http://blulab.chpc.utah.edu/ontologies/schema/endo/colonoscopyQuality.owl#Colon_structure> -> <http://blulab.chpc.utah.edu/ontologies/schema/endo/colonoscopyQuality.owl#Wall_of_colon> -> <http://blulab.chpc.utah.edu/ontologies/schema/endo/colonoscopyQuality.owl#Colonic_mucous_membrane> -> <http://blulab.chpc.utah.edu/ontologies/schema/endo/colonoscopyQuality.owl#Entire_colonic_mucous_membrane> -> <http://blulab.chpc.utah.edu/ontologies/schema/endo/colonoscopyQuality.owl#Colonic_lamina_propria>, <http://blulab.chpc.utah.edu/ontologies/v2/ConText.owl#Lexicon> -> <http://blulab.chpc.utah.edu/ontologies/v2/ConText.owl#Modifier> -> <http://blulab.chpc.utah.edu/ontologies/v2/ConText.owl#SemanticModifier> -> <http://blulab.chpc.utah.edu/ontologies/v2/ConText.owl#BodySite> -> <http://blulab.chpc.utah.edu/ontologies/schema/endo/colonoscopyQuality.owl#Colon_structure> -> <http://blulab.chpc.utah.edu/ontologies/schema/endo/colonoscopyQuality.owl#Wall_of_colon> -> <http://blulab.chpc.utah.edu/ontologies/schema/endo/colonoscopyQuality.owl#Colonic_mucous_membrane> -> <http://blulab.chpc.utah.edu/ontologies/schema/endo/colonoscopyQuality.owl#Colonic_lamina_propria>]]

	Modifier: Entire_colonic_mucous_membrane, uri=http://blulab.chpc.utah.edu/ontologies/schema/endo/colonoscopyQuality.owl#Entire_colonic_mucous_membrane, type= Semantic, classPath= [<http://blulab.chpc.utah.edu/ontologies/v2/ConText.owl#Lexicon> -> <http://blulab.chpc.utah.edu/ontologies/v2/ConText.owl#Modifier> -> <http://blulab.chpc.utah.edu/ontologies/v2/ConText.owl#SemanticModifier> -> <http://blulab.chpc.utah.edu/ontologies/v2/ConText.owl#BodySite> -> <http://blulab.chpc.utah.edu/ontologies/schema/endo/colonoscopyQuality.owl#Colon_structure> -> <http://blulab.chpc.utah.edu/ontologies/schema/endo/colonoscopyQuality.owl#Entire_colon> -> <http://blulab.chpc.utah.edu/ontologies/schema/endo/colonoscopyQuality.owl#Colonic_mucous_membrane> -> <http://blulab.chpc.utah.edu/ontologies/schema/endo/colonoscopyQuality.owl#Entire_colonic_mucous_membrane>, <http://blulab.chpc.utah.edu/ontologies/v2/ConText.owl#Lexicon> -> <http://blulab.chpc.utah.edu/ontologies/v2/ConText.owl#Modifier> -> <http://blulab.chpc.utah.edu/ontologies/v2/ConText.owl#SemanticModifier> -> <http://blulab.chpc.utah.edu/ontologies/v2/ConText.owl#BodySite> -> <http://blulab.chpc.utah.edu/ontologies/schema/endo/colonoscopyQuality.owl#Colon_structure> -> <http://blulab.chpc.utah.edu/ontologies/schema/endo/colonoscopyQuality.owl#Wall_of_colon> -> <http://blulab.chpc.utah.edu/ontologies/schema/endo/colonoscopyQuality.owl#Colonic_mucous_membrane> -> <http://blulab.chpc.utah.edu/ontologies/schema/endo/colonoscopyQuality.owl#Entire_colonic_mucous_membrane>]]

	Modifier: Colonic_crypt_of_Lieberk_hn, uri=http://blulab.chpc.utah.edu/ontologies/schema/endo/colonoscopyQuality.owl#Colonic_crypt_of_Lieberk_hn, type= Semantic, classPath= [<http://blulab.chpc.utah.edu/ontologies/v2/ConText.owl#Lexicon> -> <http://blulab.chpc.utah.edu/ontologies/v2/ConText.owl#Modifier> -> <http://blulab.chpc.utah.edu/ontologies/v2/ConText.owl#SemanticModifier> -> <http://blulab.chpc.utah.edu/ontologies/v2/ConText.owl#BodySite> -> <http://blulab.chpc.utah.edu/ontologies/schema/endo/colonoscopyQuality.owl#Colon_structure> -> <http://blulab.chpc.utah.edu/ontologies/schema/endo/colonoscopyQuality.owl#Entire_colon> -> <http://blulab.chpc.utah.edu/ontologies/schema/endo/colonoscopyQuality.owl#Colonic_mucous_membrane> -> <http://blulab.chpc.utah.edu/ontologies/schema/endo/colonoscopyQuality.owl#Colonic_crypt_of_Lieberk_hn>, <http://blulab.chpc.utah.edu/ontologies/v2/ConText.owl#Lexicon> -> <http://blulab.chpc.utah.edu/ontologies/v2/ConText.owl#Modifier> -> <http://blulab.chpc.utah.edu/ontologies/v2/ConText.owl#SemanticModifier> -> <http://blulab.chpc.utah.edu/ontologies/v2/ConText.owl#BodySite> -> <http://blulab.chpc.utah.edu/ontologies/schema/endo/colonoscopyQuality.owl#Colon_structure> -> <http://blulab.chpc.utah.edu/ontologies/schema/endo/colonoscopyQuality.owl#Entire_colon> -> <http://blulab.chpc.utah.edu/ontologies/schema/endo/colonoscopyQuality.owl#Colonic_mucous_membrane> -> <http://blulab.chpc.utah.edu/ontologies/schema/endo/colonoscopyQuality.owl#Entire_colonic_mucous_membrane> -> <http://blulab.chpc.utah.edu/ontologies/schema/endo/colonoscopyQuality.owl#Colonic_crypt_of_Lieberk_hn>, <http://blulab.chpc.utah.edu/ontologies/v2/ConText.owl#Lexicon> -> <http://blulab.chpc.utah.edu/ontologies/v2/ConText.owl#Modifier> -> <http://blulab.chpc.utah.edu/ontologies/v2/ConText.owl#SemanticModifier> -> <http://blulab.chpc.utah.edu/ontologies/v2/ConText.owl#BodySite> -> <http://blulab.chpc.utah.edu/ontologies/schema/endo/colonoscopyQuality.owl#Colon_structure> -> <http://blulab.chpc.utah.edu/ontologies/schema/endo/colonoscopyQuality.owl#Wall_of_colon> -> <http://blulab.chpc.utah.edu/ontologies/schema/endo/colonoscopyQuality.owl#Colonic_mucous_membrane> -> <http://blulab.chpc.utah.edu/ontologies/schema/endo/colonoscopyQuality.owl#Entire_colonic_mucous_membrane> -> <http://blulab.chpc.utah.edu/ontologies/schema/endo/colonoscopyQuality.owl#Colonic_crypt_of_Lieberk_hn>, <http://blulab.chpc.utah.edu/ontologies/v2/ConText.owl#Lexicon> -> <http://blulab.chpc.utah.edu/ontologies/v2/ConText.owl#Modifier> -> <http://blulab.chpc.utah.edu/ontologies/v2/ConText.owl#SemanticModifier> -> <http://blulab.chpc.utah.edu/ontologies/v2/ConText.owl#BodySite> -> <http://blulab.chpc.utah.edu/ontologies/schema/endo/colonoscopyQuality.owl#Colon_structure> -> <http://blulab.chpc.utah.edu/ontologies/schema/endo/colonoscopyQuality.owl#Wall_of_colon> -> <http://blulab.chpc.utah.edu/ontologies/schema/endo/colonoscopyQuality.owl#Colonic_mucous_membrane> -> <http://blulab.chpc.utah.edu/ontologies/schema/endo/colonoscopyQuality.owl#Colonic_crypt_of_Lieberk_hn>]]

	Modifier: Colonic_epithelium, uri=http://blulab.chpc.utah.edu/ontologies/schema/endo/colonoscopyQuality.owl#Colonic_epithelium, type= Semantic, classPath= [<http://blulab.chpc.utah.edu/ontologies/v2/ConText.owl#Lexicon> -> <http://blulab.chpc.utah.edu/ontologies/v2/ConText.owl#Modifier> -> <http://blulab.chpc.utah.edu/ontologies/v2/ConText.owl#SemanticModifier> -> <http://blulab.chpc.utah.edu/ontologies/v2/ConText.owl#BodySite> -> <http://blulab.chpc.utah.edu/ontologies/schema/endo/colonoscopyQuality.owl#Colon_structure> -> <http://blulab.chpc.utah.edu/ontologies/schema/endo/colonoscopyQuality.owl#Entire_colon> -> <http://blulab.chpc.utah.edu/ontologies/schema/endo/colonoscopyQuality.owl#Colonic_mucous_membrane> -> <http://blulab.chpc.utah.edu/ontologies/schema/endo/colonoscopyQuality.owl#Colonic_epithelium>, <http://blulab.chpc.utah.edu/ontologies/v2/ConText.owl#Lexicon> -> <http://blulab.chpc.utah.edu/ontologies/v2/ConText.owl#Modifier> -> <http://blulab.chpc.utah.edu/ontologies/v2/ConText.owl#SemanticModifier> -> <http://blulab.chpc.utah.edu/ontologies/v2/ConText.owl#BodySite> -> <http://blulab.chpc.utah.edu/ontologies/schema/endo/colonoscopyQuality.owl#Colon_structure> -> <http://blulab.chpc.utah.edu/ontologies/schema/endo/colonoscopyQuality.owl#Entire_colon> -> <http://blulab.chpc.utah.edu/ontologies/schema/endo/colonoscopyQuality.owl#Colonic_mucous_membrane> -> <http://blulab.chpc.utah.edu/ontologies/schema/endo/colonoscopyQuality.owl#Entire_colonic_mucous_membrane> -> <http://blulab.chpc.utah.edu/ontologies/schema/endo/colonoscopyQuality.owl#Colonic_epithelium>, <http://blulab.chpc.utah.edu/ontologies/v2/ConText.owl#Lexicon> -> <http://blulab.chpc.utah.edu/ontologies/v2/ConText.owl#Modifier> -> <http://blulab.chpc.utah.edu/ontologies/v2/ConText.owl#SemanticModifier> -> <http://blulab.chpc.utah.edu/ontologies/v2/ConText.owl#BodySite> -> <http://blulab.chpc.utah.edu/ontologies/schema/endo/colonoscopyQuality.owl#Colon_structure> -> <http://blulab.chpc.utah.edu/ontologies/schema/endo/colonoscopyQuality.owl#Wall_of_colon> -> <http://blulab.chpc.utah.edu/ontologies/schema/endo/colonoscopyQuality.owl#Colonic_mucous_membrane> -> <http://blulab.chpc.utah.edu/ontologies/schema/endo/colonoscopyQuality.owl#Entire_colonic_mucous_membrane> -> <http://blulab.chpc.utah.edu/ontologies/schema/endo/colonoscopyQuality.owl#Colonic_epithelium>, <http://blulab.chpc.utah.edu/ontologies/v2/ConText.owl#Lexicon> -> <http://blulab.chpc.utah.edu/ontologies/v2/ConText.owl#Modifier> -> <http://blulab.chpc.utah.edu/ontologies/v2/ConText.owl#SemanticModifier> -> <http://blulab.chpc.utah.edu/ontologies/v2/ConText.owl#BodySite> -> <http://blulab.chpc.utah.edu/ontologies/schema/endo/colonoscopyQuality.owl#Colon_structure> -> <http://blulab.chpc.utah.edu/ontologies/schema/endo/colonoscopyQuality.owl#Wall_of_colon> -> <http://blulab.chpc.utah.edu/ontologies/schema/endo/colonoscopyQuality.owl#Colonic_mucous_membrane> -> <http://blulab.chpc.utah.edu/ontologies/schema/endo/colonoscopyQuality.owl#Colonic_epithelium>]]

	Modifier: Colonic_lamina_propria, uri=http://blulab.chpc.utah.edu/ontologies/schema/endo/colonoscopyQuality.owl#Colonic_lamina_propria, type= Semantic, classPath= [<http://blulab.chpc.utah.edu/ontologies/v2/ConText.owl#Lexicon> -> <http://blulab.chpc.utah.edu/ontologies/v2/ConText.owl#Modifier> -> <http://blulab.chpc.utah.edu/ontologies/v2/ConText.owl#SemanticModifier> -> <http://blulab.chpc.utah.edu/ontologies/v2/ConText.owl#BodySite> -> <http://blulab.chpc.utah.edu/ontologies/schema/endo/colonoscopyQuality.owl#Colon_structure> -> <http://blulab.chpc.utah.edu/ontologies/schema/endo/colonoscopyQuality.owl#Entire_colon> -> <http://blulab.chpc.utah.edu/ontologies/schema/endo/colonoscopyQuality.owl#Colonic_mucous_membrane> -> <http://blulab.chpc.utah.edu/ontologies/schema/endo/colonoscopyQuality.owl#Colonic_lamina_propria>, <http://blulab.chpc.utah.edu/ontologies/v2/ConText.owl#Lexicon> -> <http://blulab.chpc.utah.edu/ontologies/v2/ConText.owl#Modifier> -> <http://blulab.chpc.utah.edu/ontologies/v2/ConText.owl#SemanticModifier> -> <http://blulab.chpc.utah.edu/ontologies/v2/ConText.owl#BodySite> -> <http://blulab.chpc.utah.edu/ontologies/schema/endo/colonoscopyQuality.owl#Colon_structure> -> <http://blulab.chpc.utah.edu/ontologies/schema/endo/colonoscopyQuality.owl#Entire_colon> -> <http://blulab.chpc.utah.edu/ontologies/schema/endo/colonoscopyQuality.owl#Colonic_mucous_membrane> -> <http://blulab.chpc.utah.edu/ontologies/schema/endo/colonoscopyQuality.owl#Entire_colonic_mucous_membrane> -> <http://blulab.chpc.utah.edu/ontologies/schema/endo/colonoscopyQuality.owl#Colonic_lamina_propria>, <http://blulab.chpc.utah.edu/ontologies/v2/ConText.owl#Lexicon> -> <http://blulab.chpc.utah.edu/ontologies/v2/ConText.owl#Modifier> -> <http://blulab.chpc.utah.edu/ontologies/v2/ConText.owl#SemanticModifier> -> <http://blulab.chpc.utah.edu/ontologies/v2/ConText.owl#BodySite> -> <http://blulab.chpc.utah.edu/ontologies/schema/endo/colonoscopyQuality.owl#Colon_structure> -> <http://blulab.chpc.utah.edu/ontologies/schema/endo/colonoscopyQuality.owl#Wall_of_colon> -> <http://blulab.chpc.utah.edu/ontologies/schema/endo/colonoscopyQuality.owl#Colonic_mucous_membrane> -> <http://blulab.chpc.utah.edu/ontologies/schema/endo/colonoscopyQuality.owl#Entire_colonic_mucous_membrane> -> <http://blulab.chpc.utah.edu/ontologies/schema/endo/colonoscopyQuality.owl#Colonic_lamina_propria>, <http://blulab.chpc.utah.edu/ontologies/v2/ConText.owl#Lexicon> -> <http://blulab.chpc.utah.edu/ontologies/v2/ConText.owl#Modifier> -> <http://blulab.chpc.utah.edu/ontologies/v2/ConText.owl#SemanticModifier> -> <http://blulab.chpc.utah.edu/ontologies/v2/ConText.owl#BodySite> -> <http://blulab.chpc.utah.edu/ontologies/schema/endo/colonoscopyQuality.owl#Colon_structure> -> <http://blulab.chpc.utah.edu/ontologies/schema/endo/colonoscopyQuality.owl#Wall_of_colon> -> <http://blulab.chpc.utah.edu/ontologies/schema/endo/colonoscopyQuality.owl#Colonic_mucous_membrane> -> <http://blulab.chpc.utah.edu/ontologies/schema/endo/colonoscopyQuality.owl#Colonic_lamina_propria>]]

	Modifier: Lamina_muscularis_of_colonic_mucous_membrane, uri=http://blulab.chpc.utah.edu/ontologies/schema/endo/colonoscopyQuality.owl#Lamina_muscularis_of_colonic_mucous_membrane, type= Semantic, classPath= [<http://blulab.chpc.utah.edu/ontologies/v2/ConText.owl#Lexicon> -> <http://blulab.chpc.utah.edu/ontologies/v2/ConText.owl#Modifier> -> <http://blulab.chpc.utah.edu/ontologies/v2/ConText.owl#SemanticModifier> -> <http://blulab.chpc.utah.edu/ontologies/v2/ConText.owl#BodySite> -> <http://blulab.chpc.utah.edu/ontologies/schema/endo/colonoscopyQuality.owl#Colon_structure> -> <http://blulab.chpc.utah.edu/ontologies/schema/endo/colonoscopyQuality.owl#Entire_colon> -> <http://blulab.chpc.utah.edu/ontologies/schema/endo/colonoscopyQuality.owl#Colonic_mucous_membrane> -> <http://blulab.chpc.utah.edu/ontologies/schema/endo/colonoscopyQuality.owl#Lamina_muscularis_of_colonic_mucous_membrane>, <http://blulab.chpc.utah.edu/ontologies/v2/ConText.owl#Lexicon> -> <http://blulab.chpc.utah.edu/ontologies/v2/ConText.owl#Modifier> -> <http://blulab.chpc.utah.edu/ontologies/v2/ConText.owl#SemanticModifier> -> <http://blulab.chpc.utah.edu/ontologies/v2/ConText.owl#BodySite> -> <http://blulab.chpc.utah.edu/ontologies/schema/endo/colonoscopyQuality.owl#Colon_structure> -> <http://blulab.chpc.utah.edu/ontologies/schema/endo/colonoscopyQuality.owl#Entire_colon> -> <http://blulab.chpc.utah.edu/ontologies/schema/endo/colonoscopyQuality.owl#Colonic_mucous_membrane> -> <http://blulab.chpc.utah.edu/ontologies/schema/endo/colonoscopyQuality.owl#Entire_colonic_mucous_membrane> -> <http://blulab.chpc.utah.edu/ontologies/schema/endo/colonoscopyQuality.owl#Lamina_muscularis_of_colonic_mucous_membrane>, <http://blulab.chpc.utah.edu/ontologies/v2/ConText.owl#Lexicon> -> <http://blulab.chpc.utah.edu/ontologies/v2/ConText.owl#Modifier> -> <http://blulab.chpc.utah.edu/ontologies/v2/ConText.owl#SemanticModifier> -> <http://blulab.chpc.utah.edu/ontologies/v2/ConText.owl#BodySite> -> <http://blulab.chpc.utah.edu/ontologies/schema/endo/colonoscopyQuality.owl#Colon_structure> -> <http://blulab.chpc.utah.edu/ontologies/schema/endo/colonoscopyQuality.owl#Wall_of_colon> -> <http://blulab.chpc.utah.edu/ontologies/schema/endo/colonoscopyQuality.owl#Colonic_mucous_membrane> -> <http://blulab.chpc.utah.edu/ontologies/schema/endo/colonoscopyQuality.owl#Entire_colonic_mucous_membrane> -> <http://blulab.chpc.utah.edu/ontologies/schema/endo/colonoscopyQuality.owl#Lamina_muscularis_of_colonic_mucous_membrane>, <http://blulab.chpc.utah.edu/ontologies/v2/ConText.owl#Lexicon> -> <http://blulab.chpc.utah.edu/ontologies/v2/ConText.owl#Modifier> -> <http://blulab.chpc.utah.edu/ontologies/v2/ConText.owl#SemanticModifier> -> <http://blulab.chpc.utah.edu/ontologies/v2/ConText.owl#BodySite> -> <http://blulab.chpc.utah.edu/ontologies/schema/endo/colonoscopyQuality.owl#Colon_structure> -> <http://blulab.chpc.utah.edu/ontologies/schema/endo/colonoscopyQuality.owl#Wall_of_colon> -> <http://blulab.chpc.utah.edu/ontologies/schema/endo/colonoscopyQuality.owl#Colonic_mucous_membrane> -> <http://blulab.chpc.utah.edu/ontologies/schema/endo/colonoscopyQuality.owl#Lamina_muscularis_of_colonic_mucous_membrane>]]

	Modifier: Circular_muscularis_mucosae_of_large_intestine, uri=http://blulab.chpc.utah.edu/ontologies/schema/endo/colonoscopyQuality.owl#Circular_muscularis_mucosae_of_large_intestine, type= Semantic, classPath= [<http://blulab.chpc.utah.edu/ontologies/v2/ConText.owl#Lexicon> -> <http://blulab.chpc.utah.edu/ontologies/v2/ConText.owl#Modifier> -> <http://blulab.chpc.utah.edu/ontologies/v2/ConText.owl#SemanticModifier> -> <http://blulab.chpc.utah.edu/ontologies/v2/ConText.owl#BodySite> -> <http://blulab.chpc.utah.edu/ontologies/schema/endo/colonoscopyQuality.owl#Colon_structure> -> <http://blulab.chpc.utah.edu/ontologies/schema/endo/colonoscopyQuality.owl#Entire_colon> -> <http://blulab.chpc.utah.edu/ontologies/schema/endo/colonoscopyQuality.owl#Colonic_mucous_membrane> -> <http://blulab.chpc.utah.edu/ontologies/schema/endo/colonoscopyQuality.owl#Lamina_muscularis_of_colonic_mucous_membrane> -> <http://blulab.chpc.utah.edu/ontologies/schema/endo/colonoscopyQuality.owl#Circular_muscularis_mucosae_of_large_intestine>, <http://blulab.chpc.utah.edu/ontologies/v2/ConText.owl#Lexicon> -> <http://blulab.chpc.utah.edu/ontologies/v2/ConText.owl#Modifier> -> <http://blulab.chpc.utah.edu/ontologies/v2/ConText.owl#SemanticModifier> -> <http://blulab.chpc.utah.edu/ontologies/v2/ConText.owl#BodySite> -> <http://blulab.chpc.utah.edu/ontologies/schema/endo/colonoscopyQuality.owl#Rectum> -> <http://blulab.chpc.utah.edu/ontologies/schema/endo/colonoscopyQuality.owl#Entire_rectum> -> <http://blulab.chpc.utah.edu/ontologies/schema/endo/colonoscopyQuality.owl#Rectal_mucous_membrane> -> <http://blulab.chpc.utah.edu/ontologies/schema/endo/colonoscopyQuality.owl#Lamina_muscularis_of_rectal_mucous_membrane> -> <http://blulab.chpc.utah.edu/ontologies/schema/endo/colonoscopyQuality.owl#Circular_muscularis_mucosae_of_large_intestine>, <http://blulab.chpc.utah.edu/ontologies/v2/ConText.owl#Lexicon> -> <http://blulab.chpc.utah.edu/ontologies/v2/ConText.owl#Modifier> -> <http://blulab.chpc.utah.edu/ontologies/v2/ConText.owl#SemanticModifier> -> <http://blulab.chpc.utah.edu/ontologies/v2/ConText.owl#BodySite> -> <http://blulab.chpc.utah.edu/ontologies/schema/endo/colonoscopyQuality.owl#Rectum> -> <http://blulab.chpc.utah.edu/ontologies/schema/endo/colonoscopyQuality.owl#Wall_of_rectum> -> <http://blulab.chpc.utah.edu/ontologies/schema/endo/colonoscopyQuality.owl#Rectal_mucous_membrane> -> <http://blulab.chpc.utah.edu/ontologies/schema/endo/colonoscopyQuality.owl#Lamina_muscularis_of_rectal_mucous_membrane> -> <http://blulab.chpc.utah.edu/ontologies/schema/endo/colonoscopyQuality.owl#Circular_muscularis_mucosae_of_large_intestine>, <http://blulab.chpc.utah.edu/ontologies/v2/ConText.owl#Lexicon> -> <http://blulab.chpc.utah.edu/ontologies/v2/ConText.owl#Modifier> -> <http://blulab.chpc.utah.edu/ontologies/v2/ConText.owl#SemanticModifier> -> <http://blulab.chpc.utah.edu/ontologies/v2/ConText.owl#BodySite> -> <http://blulab.chpc.utah.edu/ontologies/schema/endo/colonoscopyQuality.owl#Rectum> -> <http://blulab.chpc.utah.edu/ontologies/schema/endo/colonoscopyQuality.owl#Entire_rectum> -> <http://blulab.chpc.utah.edu/ontologies/schema/endo/colonoscopyQuality.owl#Rectal_mucous_membrane> -> <http://blulab.chpc.utah.edu/ontologies/schema/endo/colonoscopyQuality.owl#Entire_rectal_mucous_membrane> -> <http://blulab.chpc.utah.edu/ontologies/schema/endo/colonoscopyQuality.owl#Lamina_muscularis_of_rectal_mucous_membrane> -> <http://blulab.chpc.utah.edu/ontologies/schema/endo/colonoscopyQuality.owl#Circular_muscularis_mucosae_of_large_intestine>, <http://blulab.chpc.utah.edu/ontologies/v2/ConText.owl#Lexicon> -> <http://blulab.chpc.utah.edu/ontologies/v2/ConText.owl#Modifier> -> <http://blulab.chpc.utah.edu/ontologies/v2/ConText.owl#SemanticModifier> -> <http://blulab.chpc.utah.edu/ontologies/v2/ConText.owl#BodySite> -> <http://blulab.chpc.utah.edu/ontologies/schema/endo/colonoscopyQuality.owl#Rectum> -> <http://blulab.chpc.utah.edu/ontologies/schema/endo/colonoscopyQuality.owl#Wall_of_rectum> -> <http://blulab.chpc.utah.edu/ontologies/schema/endo/colonoscopyQuality.owl#Rectal_mucous_membrane> -> <http://blulab.chpc.utah.edu/ontologies/schema/endo/colonoscopyQuality.owl#Entire_rectal_mucous_membrane> -> <http://blulab.chpc.utah.edu/ontologies/schema/endo/colonoscopyQuality.owl#Lamina_muscularis_of_rectal_mucous_membrane> -> <http://blulab.chpc.utah.edu/ontologies/schema/endo/colonoscopyQuality.owl#Circular_muscularis_mucosae_of_large_intestine>, <http://blulab.chpc.utah.edu/ontologies/v2/ConText.owl#Lexicon> -> <http://blulab.chpc.utah.edu/ontologies/v2/ConText.owl#Modifier> -> <http://blulab.chpc.utah.edu/ontologies/v2/ConText.owl#SemanticModifier> -> <http://blulab.chpc.utah.edu/ontologies/v2/ConText.owl#BodySite> -> <http://blulab.chpc.utah.edu/ontologies/schema/endo/colonoscopyQuality.owl#Colon_structure> -> <http://blulab.chpc.utah.edu/ontologies/schema/endo/colonoscopyQuality.owl#Entire_colon> -> <http://blulab.chpc.utah.edu/ontologies/schema/endo/colonoscopyQuality.owl#Colonic_mucous_membrane> -> <http://blulab.chpc.utah.edu/ontologies/schema/endo/colonoscopyQuality.owl#Entire_colonic_mucous_membrane> -> <http://blulab.chpc.utah.edu/ontologies/schema/endo/colonoscopyQuality.owl#Lamina_muscularis_of_colonic_mucous_membrane> -> <http://blulab.chpc.utah.edu/ontologies/schema/endo/colonoscopyQuality.owl#Circular_muscularis_mucosae_of_large_intestine>, <http://blulab.chpc.utah.edu/ontologies/v2/ConText.owl#Lexicon> -> <http://blulab.chpc.utah.edu/ontologies/v2/ConText.owl#Modifier> -> <http://blulab.chpc.utah.edu/ontologies/v2/ConText.owl#SemanticModifier> -> <http://blulab.chpc.utah.edu/ontologies/v2/ConText.owl#BodySite> -> <http://blulab.chpc.utah.edu/ontologies/schema/endo/colonoscopyQuality.owl#Colon_structure> -> <http://blulab.chpc.utah.edu/ontologies/schema/endo/colonoscopyQuality.owl#Wall_of_colon> -> <http://blulab.chpc.utah.edu/ontologies/schema/endo/colonoscopyQuality.owl#Colonic_mucous_membrane> -> <http://blulab.chpc.utah.edu/ontologies/schema/endo/colonoscopyQuality.owl#Entire_colonic_mucous_membrane> -> <http://blulab.chpc.utah.edu/ontologies/schema/endo/colonoscopyQuality.owl#Lamina_muscularis_of_colonic_mucous_membrane> -> <http://blulab.chpc.utah.edu/ontologies/schema/endo/colonoscopyQuality.owl#Circular_muscularis_mucosae_of_large_intestine>, <http://blulab.chpc.utah.edu/ontologies/v2/ConText.owl#Lexicon> -> <http://blulab.chpc.utah.edu/ontologies/v2/ConText.owl#Modifier> -> <http://blulab.chpc.utah.edu/ontologies/v2/ConText.owl#SemanticModifier> -> <http://blulab.chpc.utah.edu/ontologies/v2/ConText.owl#BodySite> -> <http://blulab.chpc.utah.edu/ontologies/schema/endo/colonoscopyQuality.owl#Colon_structure> -> <http://blulab.chpc.utah.edu/ontologies/schema/endo/colonoscopyQuality.owl#Wall_of_colon> -> <http://blulab.chpc.utah.edu/ontologies/schema/endo/colonoscopyQuality.owl#Colonic_mucous_membrane> -> <http://blulab.chpc.utah.edu/ontologies/schema/endo/colonoscopyQuality.owl#Lamina_muscularis_of_colonic_mucous_membrane> -> <http://blulab.chpc.utah.edu/ontologies/schema/endo/colonoscopyQuality.owl#Circular_muscularis_mucosae_of_large_intestine>]]

	Modifier: Longitudinal_muscularis_mucosae_of_large_intestine, uri=http://blulab.chpc.utah.edu/ontologies/schema/endo/colonoscopyQuality.owl#Longitudinal_muscularis_mucosae_of_large_intestine, type= Semantic, classPath= [<http://blulab.chpc.utah.edu/ontologies/v2/ConText.owl#Lexicon> -> <http://blulab.chpc.utah.edu/ontologies/v2/ConText.owl#Modifier> -> <http://blulab.chpc.utah.edu/ontologies/v2/ConText.owl#SemanticModifier> -> <http://blulab.chpc.utah.edu/ontologies/v2/ConText.owl#BodySite> -> <http://blulab.chpc.utah.edu/ontologies/schema/endo/colonoscopyQuality.owl#Colon_structure> -> <http://blulab.chpc.utah.edu/ontologies/schema/endo/colonoscopyQuality.owl#Entire_colon> -> <http://blulab.chpc.utah.edu/ontologies/schema/endo/colonoscopyQuality.owl#Colonic_mucous_membrane> -> <http://blulab.chpc.utah.edu/ontologies/schema/endo/colonoscopyQuality.owl#Lamina_muscularis_of_colonic_mucous_membrane> -> <http://blulab.chpc.utah.edu/ontologies/schema/endo/colonoscopyQuality.owl#Longitudinal_muscularis_mucosae_of_large_intestine>, <http://blulab.chpc.utah.edu/ontologies/v2/ConText.owl#Lexicon> -> <http://blulab.chpc.utah.edu/ontologies/v2/ConText.owl#Modifier> -> <http://blulab.chpc.utah.edu/ontologies/v2/ConText.owl#SemanticModifier> -> <http://blulab.chpc.utah.edu/ontologies/v2/ConText.owl#BodySite> -> <http://blulab.chpc.utah.edu/ontologies/schema/endo/colonoscopyQuality.owl#Rectum> -> <http://blulab.chpc.utah.edu/ontologies/schema/endo/colonoscopyQuality.owl#Entire_rectum> -> <http://blulab.chpc.utah.edu/ontologies/schema/endo/colonoscopyQuality.owl#Rectal_mucous_membrane> -> <http://blulab.chpc.utah.edu/ontologies/schema/endo/colonoscopyQuality.owl#Lamina_muscularis_of_rectal_mucous_membrane> -> <http://blulab.chpc.utah.edu/ontologies/schema/endo/colonoscopyQuality.owl#Longitudinal_muscularis_mucosae_of_large_intestine>, <http://blulab.chpc.utah.edu/ontologies/v2/ConText.owl#Lexicon> -> <http://blulab.chpc.utah.edu/ontologies/v2/ConText.owl#Modifier> -> <http://blulab.chpc.utah.edu/ontologies/v2/ConText.owl#SemanticModifier> -> <http://blulab.chpc.utah.edu/ontologies/v2/ConText.owl#BodySite> -> <http://blulab.chpc.utah.edu/ontologies/schema/endo/colonoscopyQuality.owl#Rectum> -> <http://blulab.chpc.utah.edu/ontologies/schema/endo/colonoscopyQuality.owl#Wall_of_rectum> -> <http://blulab.chpc.utah.edu/ontologies/schema/endo/colonoscopyQuality.owl#Rectal_mucous_membrane> -> <http://blulab.chpc.utah.edu/ontologies/schema/endo/colonoscopyQuality.owl#Lamina_muscularis_of_rectal_mucous_membrane> -> <http://blulab.chpc.utah.edu/ontologies/schema/endo/colonoscopyQuality.owl#Longitudinal_muscularis_mucosae_of_large_intestine>, <http://blulab.chpc.utah.edu/ontologies/v2/ConText.owl#Lexicon> -> <http://blulab.chpc.utah.edu/ontologies/v2/ConText.owl#Modifier> -> <http://blulab.chpc.utah.edu/ontologies/v2/ConText.owl#SemanticModifier> -> <http://blulab.chpc.utah.edu/ontologies/v2/ConText.owl#BodySite> -> <http://blulab.chpc.utah.edu/ontologies/schema/endo/colonoscopyQuality.owl#Rectum> -> <http://blulab.chpc.utah.edu/ontologies/schema/endo/colonoscopyQuality.owl#Entire_rectum> -> <http://blulab.chpc.utah.edu/ontologies/schema/endo/colonoscopyQuality.owl#Rectal_mucous_membrane> -> <http://blulab.chpc.utah.edu/ontologies/schema/endo/colonoscopyQuality.owl#Entire_rectal_mucous_membrane> -> <http://blulab.chpc.utah.edu/ontologies/schema/endo/colonoscopyQuality.owl#Lamina_muscularis_of_rectal_mucous_membrane> -> <http://blulab.chpc.utah.edu/ontologies/schema/endo/colonoscopyQuality.owl#Longitudinal_muscularis_mucosae_of_large_intestine>, <http://blulab.chpc.utah.edu/ontologies/v2/ConText.owl#Lexicon> -> <http://blulab.chpc.utah.edu/ontologies/v2/ConText.owl#Modifier> -> <http://blulab.chpc.utah.edu/ontologies/v2/ConText.owl#SemanticModifier> -> <http://blulab.chpc.utah.edu/ontologies/v2/ConText.owl#BodySite> -> <http://blulab.chpc.utah.edu/ontologies/schema/endo/colonoscopyQuality.owl#Rectum> -> <http://blulab.chpc.utah.edu/ontologies/schema/endo/colonoscopyQuality.owl#Wall_of_rectum> -> <http://blulab.chpc.utah.edu/ontologies/schema/endo/colonoscopyQuality.owl#Rectal_mucous_membrane> -> <http://blulab.chpc.utah.edu/ontologies/schema/endo/colonoscopyQuality.owl#Entire_rectal_mucous_membrane> -> <http://blulab.chpc.utah.edu/ontologies/schema/endo/colonoscopyQuality.owl#Lamina_muscularis_of_rectal_mucous_membrane> -> <http://blulab.chpc.utah.edu/ontologies/schema/endo/colonoscopyQuality.owl#Longitudinal_muscularis_mucosae_of_large_intestine>, <http://blulab.chpc.utah.edu/ontologies/v2/ConText.owl#Lexicon> -> <http://blulab.chpc.utah.edu/ontologies/v2/ConText.owl#Modifier> -> <http://blulab.chpc.utah.edu/ontologies/v2/ConText.owl#SemanticModifier> -> <http://blulab.chpc.utah.edu/ontologies/v2/ConText.owl#BodySite> -> <http://blulab.chpc.utah.edu/ontologies/schema/endo/colonoscopyQuality.owl#Colon_structure> -> <http://blulab.chpc.utah.edu/ontologies/schema/endo/colonoscopyQuality.owl#Entire_colon> -> <http://blulab.chpc.utah.edu/ontologies/schema/endo/colonoscopyQuality.owl#Colonic_mucous_membrane> -> <http://blulab.chpc.utah.edu/ontologies/schema/endo/colonoscopyQuality.owl#Entire_colonic_mucous_membrane> -> <http://blulab.chpc.utah.edu/ontologies/schema/endo/colonoscopyQuality.owl#Lamina_muscularis_of_colonic_mucous_membrane> -> <http://blulab.chpc.utah.edu/ontologies/schema/endo/colonoscopyQuality.owl#Longitudinal_muscularis_mucosae_of_large_intestine>, <http://blulab.chpc.utah.edu/ontologies/v2/ConText.owl#Lexicon> -> <http://blulab.chpc.utah.edu/ontologies/v2/ConText.owl#Modifier> -> <http://blulab.chpc.utah.edu/ontologies/v2/ConText.owl#SemanticModifier> -> <http://blulab.chpc.utah.edu/ontologies/v2/ConText.owl#BodySite> -> <http://blulab.chpc.utah.edu/ontologies/schema/endo/colonoscopyQuality.owl#Colon_structure> -> <http://blulab.chpc.utah.edu/ontologies/schema/endo/colonoscopyQuality.owl#Wall_of_colon> -> <http://blulab.chpc.utah.edu/ontologies/schema/endo/colonoscopyQuality.owl#Colonic_mucous_membrane> -> <http://blulab.chpc.utah.edu/ontologies/schema/endo/colonoscopyQuality.owl#Entire_colonic_mucous_membrane> -> <http://blulab.chpc.utah.edu/ontologies/schema/endo/colonoscopyQuality.owl#Lamina_muscularis_of_colonic_mucous_membrane> -> <http://blulab.chpc.utah.edu/ontologies/schema/endo/colonoscopyQuality.owl#Longitudinal_muscularis_mucosae_of_large_intestine>, <http://blulab.chpc.utah.edu/ontologies/v2/ConText.owl#Lexicon> -> <http://blulab.chpc.utah.edu/ontologies/v2/ConText.owl#Modifier> -> <http://blulab.chpc.utah.edu/ontologies/v2/ConText.owl#SemanticModifier> -> <http://blulab.chpc.utah.edu/ontologies/v2/ConText.owl#BodySite> -> <http://blulab.chpc.utah.edu/ontologies/schema/endo/colonoscopyQuality.owl#Colon_structure> -> <http://blulab.chpc.utah.edu/ontologies/schema/endo/colonoscopyQuality.owl#Wall_of_colon> -> <http://blulab.chpc.utah.edu/ontologies/schema/endo/colonoscopyQuality.owl#Colonic_mucous_membrane> -> <http://blulab.chpc.utah.edu/ontologies/schema/endo/colonoscopyQuality.owl#Lamina_muscularis_of_colonic_mucous_membrane> -> <http://blulab.chpc.utah.edu/ontologies/schema/endo/colonoscopyQuality.owl#Longitudinal_muscularis_mucosae_of_large_intestine>]]

	Modifier: Muscularis_mucosae_of_ascending_colon, uri=http://blulab.chpc.utah.edu/ontologies/schema/endo/colonoscopyQuality.owl#Muscularis_mucosae_of_ascending_colon, type= Semantic, classPath= [<http://blulab.chpc.utah.edu/ontologies/v2/ConText.owl#Lexicon> -> <http://blulab.chpc.utah.edu/ontologies/v2/ConText.owl#Modifier> -> <http://blulab.chpc.utah.edu/ontologies/v2/ConText.owl#SemanticModifier> -> <http://blulab.chpc.utah.edu/ontologies/v2/ConText.owl#BodySite> -> <http://blulab.chpc.utah.edu/ontologies/schema/endo/colonoscopyQuality.owl#Colon_structure> -> <http://blulab.chpc.utah.edu/ontologies/schema/endo/colonoscopyQuality.owl#Entire_colon> -> <http://blulab.chpc.utah.edu/ontologies/schema/endo/colonoscopyQuality.owl#Colonic_mucous_membrane> -> <http://blulab.chpc.utah.edu/ontologies/schema/endo/colonoscopyQuality.owl#Lamina_muscularis_of_colonic_mucous_membrane> -> <http://blulab.chpc.utah.edu/ontologies/schema/endo/colonoscopyQuality.owl#Muscularis_mucosae_of_ascending_colon>, <http://blulab.chpc.utah.edu/ontologies/v2/ConText.owl#Lexicon> -> <http://blulab.chpc.utah.edu/ontologies/v2/ConText.owl#Modifier> -> <http://blulab.chpc.utah.edu/ontologies/v2/ConText.owl#SemanticModifier> -> <http://blulab.chpc.utah.edu/ontologies/v2/ConText.owl#BodySite> -> <http://blulab.chpc.utah.edu/ontologies/schema/endo/colonoscopyQuality.owl#Colon_structure> -> <http://blulab.chpc.utah.edu/ontologies/schema/endo/colonoscopyQuality.owl#Ascending_colon> -> <http://blulab.chpc.utah.edu/ontologies/schema/endo/colonoscopyQuality.owl#Wall_of_ascending_colon> -> <http://blulab.chpc.utah.edu/ontologies/schema/endo/colonoscopyQuality.owl#Mucosa_of_ascending_colon> -> <http://blulab.chpc.utah.edu/ontologies/schema/endo/colonoscopyQuality.owl#Muscularis_mucosae_of_ascending_colon>, <http://blulab.chpc.utah.edu/ontologies/v2/ConText.owl#Lexicon> -> <http://blulab.chpc.utah.edu/ontologies/v2/ConText.owl#Modifier> -> <http://blulab.chpc.utah.edu/ontologies/v2/ConText.owl#SemanticModifier> -> <http://blulab.chpc.utah.edu/ontologies/v2/ConText.owl#BodySite> -> <http://blulab.chpc.utah.edu/ontologies/schema/endo/colonoscopyQuality.owl#Colon_structure> -> <http://blulab.chpc.utah.edu/ontologies/schema/endo/colonoscopyQuality.owl#Entire_colon> -> <http://blulab.chpc.utah.edu/ontologies/schema/endo/colonoscopyQuality.owl#Right_colon> -> <http://blulab.chpc.utah.edu/ontologies/schema/endo/colonoscopyQuality.owl#Entire_right_colon> -> <http://blulab.chpc.utah.edu/ontologies/schema/endo/colonoscopyQuality.owl#Ascending_colon> -> <http://blulab.chpc.utah.edu/ontologies/schema/endo/colonoscopyQuality.owl#Wall_of_ascending_colon> -> <http://blulab.chpc.utah.edu/ontologies/schema/endo/colonoscopyQuality.owl#Mucosa_of_ascending_colon> -> <http://blulab.chpc.utah.edu/ontologies/schema/endo/colonoscopyQuality.owl#Muscularis_mucosae_of_ascending_colon>, <http://blulab.chpc.utah.edu/ontologies/v2/ConText.owl#Lexicon> -> <http://blulab.chpc.utah.edu/ontologies/v2/ConText.owl#Modifier> -> <http://blulab.chpc.utah.edu/ontologies/v2/ConText.owl#SemanticModifier> -> <http://blulab.chpc.utah.edu/ontologies/v2/ConText.owl#BodySite> -> <http://blulab.chpc.utah.edu/ontologies/schema/endo/colonoscopyQuality.owl#Colon_structure> -> <http://blulab.chpc.utah.edu/ontologies/schema/endo/colonoscopyQuality.owl#Entire_colon> -> <http://blulab.chpc.utah.edu/ontologies/schema/endo/colonoscopyQuality.owl#Entire_right_colon> -> <http://blulab.chpc.utah.edu/ontologies/schema/endo/colonoscopyQuality.owl#Ascending_colon> -> <http://blulab.chpc.utah.edu/ontologies/schema/endo/colonoscopyQuality.owl#Wall_of_ascending_colon> -> <http://blulab.chpc.utah.edu/ontologies/schema/endo/colonoscopyQuality.owl#Mucosa_of_ascending_colon> -> <http://blulab.chpc.utah.edu/ontologies/schema/endo/colonoscopyQuality.owl#Muscularis_mucosae_of_ascending_colon>, <http://blulab.chpc.utah.edu/ontologies/v2/ConText.owl#Lexicon> -> <http://blulab.chpc.utah.edu/ontologies/v2/ConText.owl#Modifier> -> <http://blulab.chpc.utah.edu/ontologies/v2/ConText.owl#SemanticModifier> -> <http://blulab.chpc.utah.edu/ontologies/v2/ConText.owl#BodySite> -> <http://blulab.chpc.utah.edu/ontologies/schema/endo/colonoscopyQuality.owl#Colon_structure> -> <http://blulab.chpc.utah.edu/ontologies/schema/endo/colonoscopyQuality.owl#Region_of_colon> -> <http://blulab.chpc.utah.edu/ontologies/schema/endo/colonoscopyQuality.owl#Ascending_colon> -> <http://blulab.chpc.utah.edu/ontologies/schema/endo/colonoscopyQuality.owl#Wall_of_ascending_colon> -> <http://blulab.chpc.utah.edu/ontologies/schema/endo/colonoscopyQuality.owl#Mucosa_of_ascending_colon> -> <http://blulab.chpc.utah.edu/ontologies/schema/endo/colonoscopyQuality.owl#Muscularis_mucosae_of_ascending_colon>, <http://blulab.chpc.utah.edu/ontologies/v2/ConText.owl#Lexicon> -> <http://blulab.chpc.utah.edu/ontologies/v2/ConText.owl#Modifier> -> <http://blulab.chpc.utah.edu/ontologies/v2/ConText.owl#SemanticModifier> -> <http://blulab.chpc.utah.edu/ontologies/v2/ConText.owl#BodySite> -> <http://blulab.chpc.utah.edu/ontologies/schema/endo/colonoscopyQuality.owl#Colon_structure> -> <http://blulab.chpc.utah.edu/ontologies/schema/endo/colonoscopyQuality.owl#Entire_colon> -> <http://blulab.chpc.utah.edu/ontologies/schema/endo/colonoscopyQuality.owl#Right_colon> -> <http://blulab.chpc.utah.edu/ontologies/schema/endo/colonoscopyQuality.owl#Ascending_colon> -> <http://blulab.chpc.utah.edu/ontologies/schema/endo/colonoscopyQuality.owl#Wall_of_ascending_colon> -> <http://blulab.chpc.utah.edu/ontologies/schema/endo/colonoscopyQuality.owl#Mucosa_of_ascending_colon> -> <http://blulab.chpc.utah.edu/ontologies/schema/endo/colonoscopyQuality.owl#Muscularis_mucosae_of_ascending_colon>, <http://blulab.chpc.utah.edu/ontologies/v2/ConText.owl#Lexicon> -> <http://blulab.chpc.utah.edu/ontologies/v2/ConText.owl#Modifier> -> <http://blulab.chpc.utah.edu/ontologies/v2/ConText.owl#SemanticModifier> -> <http://blulab.chpc.utah.edu/ontologies/v2/ConText.owl#BodySite> -> <http://blulab.chpc.utah.edu/ontologies/schema/endo/colonoscopyQuality.owl#Colon_structure> -> <http://blulab.chpc.utah.edu/ontologies/schema/endo/colonoscopyQuality.owl#Entire_colon> -> <http://blulab.chpc.utah.edu/ontologies/schema/endo/colonoscopyQuality.owl#Colonic_mucous_membrane> -> <http://blulab.chpc.utah.edu/ontologies/schema/endo/colonoscopyQuality.owl#Entire_colonic_mucous_membrane> -> <http://blulab.chpc.utah.edu/ontologies/schema/endo/colonoscopyQuality.owl#Lamina_muscularis_of_colonic_mucous_membrane> -> <http://blulab.chpc.utah.edu/ontologies/schema/endo/colonoscopyQuality.owl#Muscularis_mucosae_of_ascending_colon>, <http://blulab.chpc.utah.edu/ontologies/v2/ConText.owl#Lexicon> -> <http://blulab.chpc.utah.edu/ontologies/v2/ConText.owl#Modifier> -> <http://blulab.chpc.utah.edu/ontologies/v2/ConText.owl#SemanticModifier> -> <http://blulab.chpc.utah.edu/ontologies/v2/ConText.owl#BodySite> -> <http://blulab.chpc.utah.edu/ontologies/schema/endo/colonoscopyQuality.owl#Colon_structure> -> <http://blulab.chpc.utah.edu/ontologies/schema/endo/colonoscopyQuality.owl#Wall_of_colon> -> <http://blulab.chpc.utah.edu/ontologies/schema/endo/colonoscopyQuality.owl#Colonic_mucous_membrane> -> <http://blulab.chpc.utah.edu/ontologies/schema/endo/colonoscopyQuality.owl#Entire_colonic_mucous_membrane> -> <http://blulab.chpc.utah.edu/ontologies/schema/endo/colonoscopyQuality.owl#Lamina_muscularis_of_colonic_mucous_membrane> -> <http://blulab.chpc.utah.edu/ontologies/schema/endo/colonoscopyQuality.owl#Muscularis_mucosae_of_ascending_colon>, <http://blulab.chpc.utah.edu/ontologies/v2/ConText.owl#Lexicon> -> <http://blulab.chpc.utah.edu/ontologies/v2/ConText.owl#Modifier> -> <http://blulab.chpc.utah.edu/ontologies/v2/ConText.owl#SemanticModifier> -> <http://blulab.chpc.utah.edu/ontologies/v2/ConText.owl#BodySite> -> <http://blulab.chpc.utah.edu/ontologies/schema/endo/colonoscopyQuality.owl#Colon_structure> -> <http://blulab.chpc.utah.edu/ontologies/schema/endo/colonoscopyQuality.owl#Wall_of_colon> -> <http://blulab.chpc.utah.edu/ontologies/schema/endo/colonoscopyQuality.owl#Colonic_mucous_membrane> -> <http://blulab.chpc.utah.edu/ontologies/schema/endo/colonoscopyQuality.owl#Lamina_muscularis_of_colonic_mucous_membrane> -> <http://blulab.chpc.utah.edu/ontologies/schema/endo/colonoscopyQuality.owl#Muscularis_mucosae_of_ascending_colon>]]

	Modifier: Muscularis_mucosae_of_descending_colon, uri=http://blulab.chpc.utah.edu/ontologies/schema/endo/colonoscopyQuality.owl#Muscularis_mucosae_of_descending_colon, type= Semantic, classPath= [<http://blulab.chpc.utah.edu/ontologies/v2/ConText.owl#Lexicon> -> <http://blulab.chpc.utah.edu/ontologies/v2/ConText.owl#Modifier> -> <http://blulab.chpc.utah.edu/ontologies/v2/ConText.owl#SemanticModifier> -> <http://blulab.chpc.utah.edu/ontologies/v2/ConText.owl#BodySite> -> <http://blulab.chpc.utah.edu/ontologies/schema/endo/colonoscopyQuality.owl#Colon_structure> -> <http://blulab.chpc.utah.edu/ontologies/schema/endo/colonoscopyQuality.owl#Entire_colon> -> <http://blulab.chpc.utah.edu/ontologies/schema/endo/colonoscopyQuality.owl#Colonic_mucous_membrane> -> <http://blulab.chpc.utah.edu/ontologies/schema/endo/colonoscopyQuality.owl#Lamina_muscularis_of_colonic_mucous_membrane> -> <http://blulab.chpc.utah.edu/ontologies/schema/endo/colonoscopyQuality.owl#Muscularis_mucosae_of_descending_colon>, <http://blulab.chpc.utah.edu/ontologies/v2/ConText.owl#Lexicon> -> <http://blulab.chpc.utah.edu/ontologies/v2/ConText.owl#Modifier> -> <http://blulab.chpc.utah.edu/ontologies/v2/ConText.owl#SemanticModifier> -> <http://blulab.chpc.utah.edu/ontologies/v2/ConText.owl#BodySite> -> <http://blulab.chpc.utah.edu/ontologies/schema/endo/colonoscopyQuality.owl#Colon_structure> -> <http://blulab.chpc.utah.edu/ontologies/schema/endo/colonoscopyQuality.owl#Descending_colon> -> <http://blulab.chpc.utah.edu/ontologies/schema/endo/colonoscopyQuality.owl#Wall_of_descending_colon> -> <http://blulab.chpc.utah.edu/ontologies/schema/endo/colonoscopyQuality.owl#Mucosa_of_descending_colon> -> <http://blulab.chpc.utah.edu/ontologies/schema/endo/colonoscopyQuality.owl#Muscularis_mucosae_of_descending_colon>, <http://blulab.chpc.utah.edu/ontologies/v2/ConText.owl#Lexicon> -> <http://blulab.chpc.utah.edu/ontologies/v2/ConText.owl#Modifier> -> <http://blulab.chpc.utah.edu/ontologies/v2/ConText.owl#SemanticModifier> -> <http://blulab.chpc.utah.edu/ontologies/v2/ConText.owl#BodySite> -> <http://blulab.chpc.utah.edu/ontologies/schema/endo/colonoscopyQuality.owl#Colon_structure> -> <http://blulab.chpc.utah.edu/ontologies/schema/endo/colonoscopyQuality.owl#Left_colon> -> <http://blulab.chpc.utah.edu/ontologies/schema/endo/colonoscopyQuality.owl#Entire_left_colon> -> <http://blulab.chpc.utah.edu/ontologies/schema/endo/colonoscopyQuality.owl#Descending_colon> -> <http://blulab.chpc.utah.edu/ontologies/schema/endo/colonoscopyQuality.owl#Wall_of_descending_colon> -> <http://blulab.chpc.utah.edu/ontologies/schema/endo/colonoscopyQuality.owl#Mucosa_of_descending_colon> -> <http://blulab.chpc.utah.edu/ontologies/schema/endo/colonoscopyQuality.owl#Muscularis_mucosae_of_descending_colon>, <http://blulab.chpc.utah.edu/ontologies/v2/ConText.owl#Lexicon> -> <http://blulab.chpc.utah.edu/ontologies/v2/ConText.owl#Modifier> -> <http://blulab.chpc.utah.edu/ontologies/v2/ConText.owl#SemanticModifier> -> <http://blulab.chpc.utah.edu/ontologies/v2/ConText.owl#BodySite> -> <http://blulab.chpc.utah.edu/ontologies/schema/endo/colonoscopyQuality.owl#Colon_structure> -> <http://blulab.chpc.utah.edu/ontologies/schema/endo/colonoscopyQuality.owl#Entire_colon> -> <http://blulab.chpc.utah.edu/ontologies/schema/endo/colonoscopyQuality.owl#Left_colon> -> <http://blulab.chpc.utah.edu/ontologies/schema/endo/colonoscopyQuality.owl#Entire_left_colon> -> <http://blulab.chpc.utah.edu/ontologies/schema/endo/colonoscopyQuality.owl#Descending_colon> -> <http://blulab.chpc.utah.edu/ontologies/schema/endo/colonoscopyQuality.owl#Wall_of_descending_colon> -> <http://blulab.chpc.utah.edu/ontologies/schema/endo/colonoscopyQuality.owl#Mucosa_of_descending_colon> -> <http://blulab.chpc.utah.edu/ontologies/schema/endo/colonoscopyQuality.owl#Muscularis_mucosae_of_descending_colon>, <http://blulab.chpc.utah.edu/ontologies/v2/ConText.owl#Lexicon> -> <http://blulab.chpc.utah.edu/ontologies/v2/ConText.owl#Modifier> -> <http://blulab.chpc.utah.edu/ontologies/v2/ConText.owl#SemanticModifier> -> <http://blulab.chpc.utah.edu/ontologies/v2/ConText.owl#BodySite> -> <http://blulab.chpc.utah.edu/ontologies/schema/endo/colonoscopyQuality.owl#Colon_structure> -> <http://blulab.chpc.utah.edu/ontologies/schema/endo/colonoscopyQuality.owl#Entire_colon> -> <http://blulab.chpc.utah.edu/ontologies/schema/endo/colonoscopyQuality.owl#Left_colon> -> <http://blulab.chpc.utah.edu/ontologies/schema/endo/colonoscopyQuality.owl#Descending_colon> -> <http://blulab.chpc.utah.edu/ontologies/schema/endo/colonoscopyQuality.owl#Wall_of_descending_colon> -> <http://blulab.chpc.utah.edu/ontologies/schema/endo/colonoscopyQuality.owl#Mucosa_of_descending_colon> -> <http://blulab.chpc.utah.edu/ontologies/schema/endo/colonoscopyQuality.owl#Muscularis_mucosae_of_descending_colon>, <http://blulab.chpc.utah.edu/ontologies/v2/ConText.owl#Lexicon> -> <http://blulab.chpc.utah.edu/ontologies/v2/ConText.owl#Modifier> -> <http://blulab.chpc.utah.edu/ontologies/v2/ConText.owl#SemanticModifier> -> <http://blulab.chpc.utah.edu/ontologies/v2/ConText.owl#BodySite> -> <http://blulab.chpc.utah.edu/ontologies/schema/endo/colonoscopyQuality.owl#Colon_structure> -> <http://blulab.chpc.utah.edu/ontologies/schema/endo/colonoscopyQuality.owl#Left_colon> -> <http://blulab.chpc.utah.edu/ontologies/schema/endo/colonoscopyQuality.owl#Descending_colon> -> <http://blulab.chpc.utah.edu/ontologies/schema/endo/colonoscopyQuality.owl#Wall_of_descending_colon> -> <http://blulab.chpc.utah.edu/ontologies/schema/endo/colonoscopyQuality.owl#Mucosa_of_descending_colon> -> <http://blulab.chpc.utah.edu/ontologies/schema/endo/colonoscopyQuality.owl#Muscularis_mucosae_of_descending_colon>, <http://blulab.chpc.utah.edu/ontologies/v2/ConText.owl#Lexicon> -> <http://blulab.chpc.utah.edu/ontologies/v2/ConText.owl#Modifier> -> <http://blulab.chpc.utah.edu/ontologies/v2/ConText.owl#SemanticModifier> -> <http://blulab.chpc.utah.edu/ontologies/v2/ConText.owl#BodySite> -> <http://blulab.chpc.utah.edu/ontologies/schema/endo/colonoscopyQuality.owl#Colon_structure> -> <http://blulab.chpc.utah.edu/ontologies/schema/endo/colonoscopyQuality.owl#Region_of_colon> -> <http://blulab.chpc.utah.edu/ontologies/schema/endo/colonoscopyQuality.owl#Descending_colon> -> <http://blulab.chpc.utah.edu/ontologies/schema/endo/colonoscopyQuality.owl#Wall_of_descending_colon> -> <http://blulab.chpc.utah.edu/ontologies/schema/endo/colonoscopyQuality.owl#Mucosa_of_descending_colon> -> <http://blulab.chpc.utah.edu/ontologies/schema/endo/colonoscopyQuality.owl#Muscularis_mucosae_of_descending_colon>, <http://blulab.chpc.utah.edu/ontologies/v2/ConText.owl#Lexicon> -> <http://blulab.chpc.utah.edu/ontologies/v2/ConText.owl#Modifier> -> <http://blulab.chpc.utah.edu/ontologies/v2/ConText.owl#SemanticModifier> -> <http://blulab.chpc.utah.edu/ontologies/v2/ConText.owl#BodySite> -> <http://blulab.chpc.utah.edu/ontologies/schema/endo/colonoscopyQuality.owl#Colon_structure> -> <http://blulab.chpc.utah.edu/ontologies/schema/endo/colonoscopyQuality.owl#Entire_colon> -> <http://blulab.chpc.utah.edu/ontologies/schema/endo/colonoscopyQuality.owl#Colonic_mucous_membrane> -> <http://blulab.chpc.utah.edu/ontologies/schema/endo/colonoscopyQuality.owl#Entire_colonic_mucous_membrane> -> <http://blulab.chpc.utah.edu/ontologies/schema/endo/colonoscopyQuality.owl#Lamina_muscularis_of_colonic_mucous_membrane> -> <http://blulab.chpc.utah.edu/ontologies/schema/endo/colonoscopyQuality.owl#Muscularis_mucosae_of_descending_colon>, <http://blulab.chpc.utah.edu/ontologies/v2/ConText.owl#Lexicon> -> <http://blulab.chpc.utah.edu/ontologies/v2/ConText.owl#Modifier> -> <http://blulab.chpc.utah.edu/ontologies/v2/ConText.owl#SemanticModifier> -> <http://blulab.chpc.utah.edu/ontologies/v2/ConText.owl#BodySite> -> <http://blulab.chpc.utah.edu/ontologies/schema/endo/colonoscopyQuality.owl#Colon_structure> -> <http://blulab.chpc.utah.edu/ontologies/schema/endo/colonoscopyQuality.owl#Wall_of_colon> -> <http://blulab.chpc.utah.edu/ontologies/schema/endo/colonoscopyQuality.owl#Colonic_mucous_membrane> -> <http://blulab.chpc.utah.edu/ontologies/schema/endo/colonoscopyQuality.owl#Entire_colonic_mucous_membrane> -> <http://blulab.chpc.utah.edu/ontologies/schema/endo/colonoscopyQuality.owl#Lamina_muscularis_of_colonic_mucous_membrane> -> <http://blulab.chpc.utah.edu/ontologies/schema/endo/colonoscopyQuality.owl#Muscularis_mucosae_of_descending_colon>, <http://blulab.chpc.utah.edu/ontologies/v2/ConText.owl#Lexicon> -> <http://blulab.chpc.utah.edu/ontologies/v2/ConText.owl#Modifier> -> <http://blulab.chpc.utah.edu/ontologies/v2/ConText.owl#SemanticModifier> -> <http://blulab.chpc.utah.edu/ontologies/v2/ConText.owl#BodySite> -> <http://blulab.chpc.utah.edu/ontologies/schema/endo/colonoscopyQuality.owl#Colon_structure> -> <http://blulab.chpc.utah.edu/ontologies/schema/endo/colonoscopyQuality.owl#Wall_of_colon> -> <http://blulab.chpc.utah.edu/ontologies/schema/endo/colonoscopyQuality.owl#Colonic_mucous_membrane> -> <http://blulab.chpc.utah.edu/ontologies/schema/endo/colonoscopyQuality.owl#Lamina_muscularis_of_colonic_mucous_membrane> -> <http://blulab.chpc.utah.edu/ontologies/schema/endo/colonoscopyQuality.owl#Muscularis_mucosae_of_descending_colon>]]

	Modifier: Muscularis_mucosae_of_sigmoid_colon, uri=http://blulab.chpc.utah.edu/ontologies/schema/endo/colonoscopyQuality.owl#Muscularis_mucosae_of_sigmoid_colon, type= Semantic, classPath= [<http://blulab.chpc.utah.edu/ontologies/v2/ConText.owl#Lexicon> -> <http://blulab.chpc.utah.edu/ontologies/v2/ConText.owl#Modifier> -> <http://blulab.chpc.utah.edu/ontologies/v2/ConText.owl#SemanticModifier> -> <http://blulab.chpc.utah.edu/ontologies/v2/ConText.owl#BodySite> -> <http://blulab.chpc.utah.edu/ontologies/schema/endo/colonoscopyQuality.owl#Colon_structure> -> <http://blulab.chpc.utah.edu/ontologies/schema/endo/colonoscopyQuality.owl#Entire_colon> -> <http://blulab.chpc.utah.edu/ontologies/schema/endo/colonoscopyQuality.owl#Colonic_mucous_membrane> -> <http://blulab.chpc.utah.edu/ontologies/schema/endo/colonoscopyQuality.owl#Lamina_muscularis_of_colonic_mucous_membrane> -> <http://blulab.chpc.utah.edu/ontologies/schema/endo/colonoscopyQuality.owl#Muscularis_mucosae_of_sigmoid_colon>, <http://blulab.chpc.utah.edu/ontologies/v2/ConText.owl#Lexicon> -> <http://blulab.chpc.utah.edu/ontologies/v2/ConText.owl#Modifier> -> <http://blulab.chpc.utah.edu/ontologies/v2/ConText.owl#SemanticModifier> -> <http://blulab.chpc.utah.edu/ontologies/v2/ConText.owl#BodySite> -> <http://blulab.chpc.utah.edu/ontologies/schema/endo/colonoscopyQuality.owl#Colon_structure> -> <http://blulab.chpc.utah.edu/ontologies/schema/endo/colonoscopyQuality.owl#Sigmoid_colon> -> <http://blulab.chpc.utah.edu/ontologies/schema/endo/colonoscopyQuality.owl#Wall_of_sigmoid_colon> -> <http://blulab.chpc.utah.edu/ontologies/schema/endo/colonoscopyQuality.owl#Mucosa_of_sigmoid_colon> -> <http://blulab.chpc.utah.edu/ontologies/schema/endo/colonoscopyQuality.owl#Muscularis_mucosae_of_sigmoid_colon>, <http://blulab.chpc.utah.edu/ontologies/v2/ConText.owl#Lexicon> -> <http://blulab.chpc.utah.edu/ontologies/v2/ConText.owl#Modifier> -> <http://blulab.chpc.utah.edu/ontologies/v2/ConText.owl#SemanticModifier> -> <http://blulab.chpc.utah.edu/ontologies/v2/ConText.owl#BodySite> -> <http://blulab.chpc.utah.edu/ontologies/schema/endo/colonoscopyQuality.owl#Colon_structure> -> <http://blulab.chpc.utah.edu/ontologies/schema/endo/colonoscopyQuality.owl#Entire_colon> -> <http://blulab.chpc.utah.edu/ontologies/schema/endo/colonoscopyQuality.owl#Sigmoid_colon> -> <http://blulab.chpc.utah.edu/ontologies/schema/endo/colonoscopyQuality.owl#Wall_of_sigmoid_colon> -> <http://blulab.chpc.utah.edu/ontologies/schema/endo/colonoscopyQuality.owl#Mucosa_of_sigmoid_colon> -> <http://blulab.chpc.utah.edu/ontologies/schema/endo/colonoscopyQuality.owl#Muscularis_mucosae_of_sigmoid_colon>, <http://blulab.chpc.utah.edu/ontologies/v2/ConText.owl#Lexicon> -> <http://blulab.chpc.utah.edu/ontologies/v2/ConText.owl#Modifier> -> <http://blulab.chpc.utah.edu/ontologies/v2/ConText.owl#SemanticModifier> -> <http://blulab.chpc.utah.edu/ontologies/v2/ConText.owl#BodySite> -> <http://blulab.chpc.utah.edu/ontologies/schema/endo/colonoscopyQuality.owl#Colon_structure> -> <http://blulab.chpc.utah.edu/ontologies/schema/endo/colonoscopyQuality.owl#Region_of_colon> -> <http://blulab.chpc.utah.edu/ontologies/schema/endo/colonoscopyQuality.owl#Sigmoid_colon> -> <http://blulab.chpc.utah.edu/ontologies/schema/endo/colonoscopyQuality.owl#Wall_of_sigmoid_colon> -> <http://blulab.chpc.utah.edu/ontologies/schema/endo/colonoscopyQuality.owl#Mucosa_of_sigmoid_colon> -> <http://blulab.chpc.utah.edu/ontologies/schema/endo/colonoscopyQuality.owl#Muscularis_mucosae_of_sigmoid_colon>, <http://blulab.chpc.utah.edu/ontologies/v2/ConText.owl#Lexicon> -> <http://blulab.chpc.utah.edu/ontologies/v2/ConText.owl#Modifier> -> <http://blulab.chpc.utah.edu/ontologies/v2/ConText.owl#SemanticModifier> -> <http://blulab.chpc.utah.edu/ontologies/v2/ConText.owl#BodySite> -> <http://blulab.chpc.utah.edu/ontologies/schema/endo/colonoscopyQuality.owl#Colon_structure> -> <http://blulab.chpc.utah.edu/ontologies/schema/endo/colonoscopyQuality.owl#Entire_colon> -> <http://blulab.chpc.utah.edu/ontologies/schema/endo/colonoscopyQuality.owl#Colonic_mucous_membrane> -> <http://blulab.chpc.utah.edu/ontologies/schema/endo/colonoscopyQuality.owl#Entire_colonic_mucous_membrane> -> <http://blulab.chpc.utah.edu/ontologies/schema/endo/colonoscopyQuality.owl#Lamina_muscularis_of_colonic_mucous_membrane> -> <http://blulab.chpc.utah.edu/ontologies/schema/endo/colonoscopyQuality.owl#Muscularis_mucosae_of_sigmoid_colon>, <http://blulab.chpc.utah.edu/ontologies/v2/ConText.owl#Lexicon> -> <http://blulab.chpc.utah.edu/ontologies/v2/ConText.owl#Modifier> -> <http://blulab.chpc.utah.edu/ontologies/v2/ConText.owl#SemanticModifier> -> <http://blulab.chpc.utah.edu/ontologies/v2/ConText.owl#BodySite> -> <http://blulab.chpc.utah.edu/ontologies/schema/endo/colonoscopyQuality.owl#Colon_structure> -> <http://blulab.chpc.utah.edu/ontologies/schema/endo/colonoscopyQuality.owl#Wall_of_colon> -> <http://blulab.chpc.utah.edu/ontologies/schema/endo/colonoscopyQuality.owl#Colonic_mucous_membrane> -> <http://blulab.chpc.utah.edu/ontologies/schema/endo/colonoscopyQuality.owl#Entire_colonic_mucous_membrane> -> <http://blulab.chpc.utah.edu/ontologies/schema/endo/colonoscopyQuality.owl#Lamina_muscularis_of_colonic_mucous_membrane> -> <http://blulab.chpc.utah.edu/ontologies/schema/endo/colonoscopyQuality.owl#Muscularis_mucosae_of_sigmoid_colon>, <http://blulab.chpc.utah.edu/ontologies/v2/ConText.owl#Lexicon> -> <http://blulab.chpc.utah.edu/ontologies/v2/ConText.owl#Modifier> -> <http://blulab.chpc.utah.edu/ontologies/v2/ConText.owl#SemanticModifier> -> <http://blulab.chpc.utah.edu/ontologies/v2/ConText.owl#BodySite> -> <http://blulab.chpc.utah.edu/ontologies/schema/endo/colonoscopyQuality.owl#Colon_structure> -> <http://blulab.chpc.utah.edu/ontologies/schema/endo/colonoscopyQuality.owl#Wall_of_colon> -> <http://blulab.chpc.utah.edu/ontologies/schema/endo/colonoscopyQuality.owl#Colonic_mucous_membrane> -> <http://blulab.chpc.utah.edu/ontologies/schema/endo/colonoscopyQuality.owl#Lamina_muscularis_of_colonic_mucous_membrane> -> <http://blulab.chpc.utah.edu/ontologies/schema/endo/colonoscopyQuality.owl#Muscularis_mucosae_of_sigmoid_colon>]]

	Modifier: Muscularis_mucosae_of_transverse_colon, uri=http://blulab.chpc.utah.edu/ontologies/schema/endo/colonoscopyQuality.owl#Muscularis_mucosae_of_transverse_colon, type= Semantic, classPath= [<http://blulab.chpc.utah.edu/ontologies/v2/ConText.owl#Lexicon> -> <http://blulab.chpc.utah.edu/ontologies/v2/ConText.owl#Modifier> -> <http://blulab.chpc.utah.edu/ontologies/v2/ConText.owl#SemanticModifier> -> <http://blulab.chpc.utah.edu/ontologies/v2/ConText.owl#BodySite> -> <http://blulab.chpc.utah.edu/ontologies/schema/endo/colonoscopyQuality.owl#Colon_structure> -> <http://blulab.chpc.utah.edu/ontologies/schema/endo/colonoscopyQuality.owl#Entire_colon> -> <http://blulab.chpc.utah.edu/ontologies/schema/endo/colonoscopyQuality.owl#Colonic_mucous_membrane> -> <http://blulab.chpc.utah.edu/ontologies/schema/endo/colonoscopyQuality.owl#Lamina_muscularis_of_colonic_mucous_membrane> -> <http://blulab.chpc.utah.edu/ontologies/schema/endo/colonoscopyQuality.owl#Muscularis_mucosae_of_transverse_colon>, <http://blulab.chpc.utah.edu/ontologies/v2/ConText.owl#Lexicon> -> <http://blulab.chpc.utah.edu/ontologies/v2/ConText.owl#Modifier> -> <http://blulab.chpc.utah.edu/ontologies/v2/ConText.owl#SemanticModifier> -> <http://blulab.chpc.utah.edu/ontologies/v2/ConText.owl#BodySite> -> <http://blulab.chpc.utah.edu/ontologies/schema/endo/colonoscopyQuality.owl#Colon_structure> -> <http://blulab.chpc.utah.edu/ontologies/schema/endo/colonoscopyQuality.owl#Transverse_colon> -> <http://blulab.chpc.utah.edu/ontologies/schema/endo/colonoscopyQuality.owl#Wall_of_transverse_colon> -> <http://blulab.chpc.utah.edu/ontologies/schema/endo/colonoscopyQuality.owl#Mucosa_of_transverse_colon> -> <http://blulab.chpc.utah.edu/ontologies/schema/endo/colonoscopyQuality.owl#Muscularis_mucosae_of_transverse_colon>, <http://blulab.chpc.utah.edu/ontologies/v2/ConText.owl#Lexicon> -> <http://blulab.chpc.utah.edu/ontologies/v2/ConText.owl#Modifier> -> <http://blulab.chpc.utah.edu/ontologies/v2/ConText.owl#SemanticModifier> -> <http://blulab.chpc.utah.edu/ontologies/v2/ConText.owl#BodySite> -> <http://blulab.chpc.utah.edu/ontologies/schema/endo/colonoscopyQuality.owl#Colon_structure> -> <http://blulab.chpc.utah.edu/ontologies/schema/endo/colonoscopyQuality.owl#Entire_colon> -> <http://blulab.chpc.utah.edu/ontologies/schema/endo/colonoscopyQuality.owl#Transverse_colon> -> <http://blulab.chpc.utah.edu/ontologies/schema/endo/colonoscopyQuality.owl#Wall_of_transverse_colon> -> <http://blulab.chpc.utah.edu/ontologies/schema/endo/colonoscopyQuality.owl#Mucosa_of_transverse_colon> -> <http://blulab.chpc.utah.edu/ontologies/schema/endo/colonoscopyQuality.owl#Muscularis_mucosae_of_transverse_colon>, <http://blulab.chpc.utah.edu/ontologies/v2/ConText.owl#Lexicon> -> <http://blulab.chpc.utah.edu/ontologies/v2/ConText.owl#Modifier> -> <http://blulab.chpc.utah.edu/ontologies/v2/ConText.owl#SemanticModifier> -> <http://blulab.chpc.utah.edu/ontologies/v2/ConText.owl#BodySite> -> <http://blulab.chpc.utah.edu/ontologies/schema/endo/colonoscopyQuality.owl#Colon_structure> -> <http://blulab.chpc.utah.edu/ontologies/schema/endo/colonoscopyQuality.owl#Region_of_colon> -> <http://blulab.chpc.utah.edu/ontologies/schema/endo/colonoscopyQuality.owl#Transverse_colon> -> <http://blulab.chpc.utah.edu/ontologies/schema/endo/colonoscopyQuality.owl#Wall_of_transverse_colon> -> <http://blulab.chpc.utah.edu/ontologies/schema/endo/colonoscopyQuality.owl#Mucosa_of_transverse_colon> -> <http://blulab.chpc.utah.edu/ontologies/schema/endo/colonoscopyQuality.owl#Muscularis_mucosae_of_transverse_colon>, <http://blulab.chpc.utah.edu/ontologies/v2/ConText.owl#Lexicon> -> <http://blulab.chpc.utah.edu/ontologies/v2/ConText.owl#Modifier> -> <http://blulab.chpc.utah.edu/ontologies/v2/ConText.owl#SemanticModifier> -> <http://blulab.chpc.utah.edu/ontologies/v2/ConText.owl#BodySite> -> <http://blulab.chpc.utah.edu/ontologies/schema/endo/colonoscopyQuality.owl#Colon_structure> -> <http://blulab.chpc.utah.edu/ontologies/schema/endo/colonoscopyQuality.owl#Entire_colon> -> <http://blulab.chpc.utah.edu/ontologies/schema/endo/colonoscopyQuality.owl#Colonic_mucous_membrane> -> <http://blulab.chpc.utah.edu/ontologies/schema/endo/colonoscopyQuality.owl#Entire_colonic_mucous_membrane> -> <http://blulab.chpc.utah.edu/ontologies/schema/endo/colonoscopyQuality.owl#Lamina_muscularis_of_colonic_mucous_membrane> -> <http://blulab.chpc.utah.edu/ontologies/schema/endo/colonoscopyQuality.owl#Muscularis_mucosae_of_transverse_colon>, <http://blulab.chpc.utah.edu/ontologies/v2/ConText.owl#Lexicon> -> <http://blulab.chpc.utah.edu/ontologies/v2/ConText.owl#Modifier> -> <http://blulab.chpc.utah.edu/ontologies/v2/ConText.owl#SemanticModifier> -> <http://blulab.chpc.utah.edu/ontologies/v2/ConText.owl#BodySite> -> <http://blulab.chpc.utah.edu/ontologies/schema/endo/colonoscopyQuality.owl#Colon_structure> -> <http://blulab.chpc.utah.edu/ontologies/schema/endo/colonoscopyQuality.owl#Wall_of_colon> -> <http://blulab.chpc.utah.edu/ontologies/schema/endo/colonoscopyQuality.owl#Colonic_mucous_membrane> -> <http://blulab.chpc.utah.edu/ontologies/schema/endo/colonoscopyQuality.owl#Entire_colonic_mucous_membrane> -> <http://blulab.chpc.utah.edu/ontologies/schema/endo/colonoscopyQuality.owl#Lamina_muscularis_of_colonic_mucous_membrane> -> <http://blulab.chpc.utah.edu/ontologies/schema/endo/colonoscopyQuality.owl#Muscularis_mucosae_of_transverse_colon>, <http://blulab.chpc.utah.edu/ontologies/v2/ConText.owl#Lexicon> -> <http://blulab.chpc.utah.edu/ontologies/v2/ConText.owl#Modifier> -> <http://blulab.chpc.utah.edu/ontologies/v2/ConText.owl#SemanticModifier> -> <http://blulab.chpc.utah.edu/ontologies/v2/ConText.owl#BodySite> -> <http://blulab.chpc.utah.edu/ontologies/schema/endo/colonoscopyQuality.owl#Colon_structure> -> <http://blulab.chpc.utah.edu/ontologies/schema/endo/colonoscopyQuality.owl#Wall_of_colon> -> <http://blulab.chpc.utah.edu/ontologies/schema/endo/colonoscopyQuality.owl#Colonic_mucous_membrane> -> <http://blulab.chpc.utah.edu/ontologies/schema/endo/colonoscopyQuality.owl#Lamina_muscularis_of_colonic_mucous_membrane> -> <http://blulab.chpc.utah.edu/ontologies/schema/endo/colonoscopyQuality.owl#Muscularis_mucosae_of_transverse_colon>]]

	Modifier: Lamina_muscularis_of_colonic_mucous_membrane, uri=http://blulab.chpc.utah.edu/ontologies/schema/endo/colonoscopyQuality.owl#Lamina_muscularis_of_colonic_mucous_membrane, type= Semantic, classPath= [<http://blulab.chpc.utah.edu/ontologies/v2/ConText.owl#Lexicon> -> <http://blulab.chpc.utah.edu/ontologies/v2/ConText.owl#Modifier> -> <http://blulab.chpc.utah.edu/ontologies/v2/ConText.owl#SemanticModifier> -> <http://blulab.chpc.utah.edu/ontologies/v2/ConText.owl#BodySite> -> <http://blulab.chpc.utah.edu/ontologies/schema/endo/colonoscopyQuality.owl#Colon_structure> -> <http://blulab.chpc.utah.edu/ontologies/schema/endo/colonoscopyQuality.owl#Entire_colon> -> <http://blulab.chpc.utah.edu/ontologies/schema/endo/colonoscopyQuality.owl#Colonic_mucous_membrane> -> <http://blulab.chpc.utah.edu/ontologies/schema/endo/colonoscopyQuality.owl#Lamina_muscularis_of_colonic_mucous_membrane>, <http://blulab.chpc.utah.edu/ontologies/v2/ConText.owl#Lexicon> -> <http://blulab.chpc.utah.edu/ontologies/v2/ConText.owl#Modifier> -> <http://blulab.chpc.utah.edu/ontologies/v2/ConText.owl#SemanticModifier> -> <http://blulab.chpc.utah.edu/ontologies/v2/ConText.owl#BodySite> -> <http://blulab.chpc.utah.edu/ontologies/schema/endo/colonoscopyQuality.owl#Colon_structure> -> <http://blulab.chpc.utah.edu/ontologies/schema/endo/colonoscopyQuality.owl#Entire_colon> -> <http://blulab.chpc.utah.edu/ontologies/schema/endo/colonoscopyQuality.owl#Colonic_mucous_membrane> -> <http://blulab.chpc.utah.edu/ontologies/schema/endo/colonoscopyQuality.owl#Entire_colonic_mucous_membrane> -> <http://blulab.chpc.utah.edu/ontologies/schema/endo/colonoscopyQuality.owl#Lamina_muscularis_of_colonic_mucous_membrane>, <http://blulab.chpc.utah.edu/ontologies/v2/ConText.owl#Lexicon> -> <http://blulab.chpc.utah.edu/ontologies/v2/ConText.owl#Modifier> -> <http://blulab.chpc.utah.edu/ontologies/v2/ConText.owl#SemanticModifier> -> <http://blulab.chpc.utah.edu/ontologies/v2/ConText.owl#BodySite> -> <http://blulab.chpc.utah.edu/ontologies/schema/endo/colonoscopyQuality.owl#Colon_structure> -> <http://blulab.chpc.utah.edu/ontologies/schema/endo/colonoscopyQuality.owl#Wall_of_colon> -> <http://blulab.chpc.utah.edu/ontologies/schema/endo/colonoscopyQuality.owl#Colonic_mucous_membrane> -> <http://blulab.chpc.utah.edu/ontologies/schema/endo/colonoscopyQuality.owl#Entire_colonic_mucous_membrane> -> <http://blulab.chpc.utah.edu/ontologies/schema/endo/colonoscopyQuality.owl#Lamina_muscularis_of_colonic_mucous_membrane>, <http://blulab.chpc.utah.edu/ontologies/v2/ConText.owl#Lexicon> -> <http://blulab.chpc.utah.edu/ontologies/v2/ConText.owl#Modifier> -> <http://blulab.chpc.utah.edu/ontologies/v2/ConText.owl#SemanticModifier> -> <http://blulab.chpc.utah.edu/ontologies/v2/ConText.owl#BodySite> -> <http://blulab.chpc.utah.edu/ontologies/schema/endo/colonoscopyQuality.owl#Colon_structure> -> <http://blulab.chpc.utah.edu/ontologies/schema/endo/colonoscopyQuality.owl#Wall_of_colon> -> <http://blulab.chpc.utah.edu/ontologies/schema/endo/colonoscopyQuality.owl#Colonic_mucous_membrane> -> <http://blulab.chpc.utah.edu/ontologies/schema/endo/colonoscopyQuality.owl#Lamina_muscularis_of_colonic_mucous_membrane>]]

	Modifier: Colonic_muscularis_propria, uri=http://blulab.chpc.utah.edu/ontologies/schema/endo/colonoscopyQuality.owl#Colonic_muscularis_propria, type= Semantic, classPath= [<http://blulab.chpc.utah.edu/ontologies/v2/ConText.owl#Lexicon> -> <http://blulab.chpc.utah.edu/ontologies/v2/ConText.owl#Modifier> -> <http://blulab.chpc.utah.edu/ontologies/v2/ConText.owl#SemanticModifier> -> <http://blulab.chpc.utah.edu/ontologies/v2/ConText.owl#BodySite> -> <http://blulab.chpc.utah.edu/ontologies/schema/endo/colonoscopyQuality.owl#Colon_structure> -> <http://blulab.chpc.utah.edu/ontologies/schema/endo/colonoscopyQuality.owl#Entire_colon> -> <http://blulab.chpc.utah.edu/ontologies/schema/endo/colonoscopyQuality.owl#Colonic_muscularis_propria>, <http://blulab.chpc.utah.edu/ontologies/v2/ConText.owl#Lexicon> -> <http://blulab.chpc.utah.edu/ontologies/v2/ConText.owl#Modifier> -> <http://blulab.chpc.utah.edu/ontologies/v2/ConText.owl#SemanticModifier> -> <http://blulab.chpc.utah.edu/ontologies/v2/ConText.owl#BodySite> -> <http://blulab.chpc.utah.edu/ontologies/schema/endo/colonoscopyQuality.owl#Colon_structure> -> <http://blulab.chpc.utah.edu/ontologies/schema/endo/colonoscopyQuality.owl#Wall_of_colon> -> <http://blulab.chpc.utah.edu/ontologies/schema/endo/colonoscopyQuality.owl#Colonic_muscularis_propria>]]

	Modifier: Circular_layer_of_colonic_muscularis_propria, uri=http://blulab.chpc.utah.edu/ontologies/schema/endo/colonoscopyQuality.owl#Circular_layer_of_colonic_muscularis_propria, type= Semantic, classPath= [<http://blulab.chpc.utah.edu/ontologies/v2/ConText.owl#Lexicon> -> <http://blulab.chpc.utah.edu/ontologies/v2/ConText.owl#Modifier> -> <http://blulab.chpc.utah.edu/ontologies/v2/ConText.owl#SemanticModifier> -> <http://blulab.chpc.utah.edu/ontologies/v2/ConText.owl#BodySite> -> <http://blulab.chpc.utah.edu/ontologies/schema/endo/colonoscopyQuality.owl#Colon_structure> -> <http://blulab.chpc.utah.edu/ontologies/schema/endo/colonoscopyQuality.owl#Entire_colon> -> <http://blulab.chpc.utah.edu/ontologies/schema/endo/colonoscopyQuality.owl#Colonic_muscularis_propria> -> <http://blulab.chpc.utah.edu/ontologies/schema/endo/colonoscopyQuality.owl#Circular_layer_of_colonic_muscularis_propria>, <http://blulab.chpc.utah.edu/ontologies/v2/ConText.owl#Lexicon> -> <http://blulab.chpc.utah.edu/ontologies/v2/ConText.owl#Modifier> -> <http://blulab.chpc.utah.edu/ontologies/v2/ConText.owl#SemanticModifier> -> <http://blulab.chpc.utah.edu/ontologies/v2/ConText.owl#BodySite> -> <http://blulab.chpc.utah.edu/ontologies/schema/endo/colonoscopyQuality.owl#Colon_structure> -> <http://blulab.chpc.utah.edu/ontologies/schema/endo/colonoscopyQuality.owl#Wall_of_colon> -> <http://blulab.chpc.utah.edu/ontologies/schema/endo/colonoscopyQuality.owl#Colonic_muscularis_propria> -> <http://blulab.chpc.utah.edu/ontologies/schema/endo/colonoscopyQuality.owl#Circular_layer_of_colonic_muscularis_propria>]]

	Modifier: Entire_colonic_muscularis_propria, uri=http://blulab.chpc.utah.edu/ontologies/schema/endo/colonoscopyQuality.owl#Entire_colonic_muscularis_propria, type= Semantic, classPath= [<http://blulab.chpc.utah.edu/ontologies/v2/ConText.owl#Lexicon> -> <http://blulab.chpc.utah.edu/ontologies/v2/ConText.owl#Modifier> -> <http://blulab.chpc.utah.edu/ontologies/v2/ConText.owl#SemanticModifier> -> <http://blulab.chpc.utah.edu/ontologies/v2/ConText.owl#BodySite> -> <http://blulab.chpc.utah.edu/ontologies/schema/endo/colonoscopyQuality.owl#Colon_structure> -> <http://blulab.chpc.utah.edu/ontologies/schema/endo/colonoscopyQuality.owl#Entire_colon> -> <http://blulab.chpc.utah.edu/ontologies/schema/endo/colonoscopyQuality.owl#Colonic_muscularis_propria> -> <http://blulab.chpc.utah.edu/ontologies/schema/endo/colonoscopyQuality.owl#Entire_colonic_muscularis_propria>, <http://blulab.chpc.utah.edu/ontologies/v2/ConText.owl#Lexicon> -> <http://blulab.chpc.utah.edu/ontologies/v2/ConText.owl#Modifier> -> <http://blulab.chpc.utah.edu/ontologies/v2/ConText.owl#SemanticModifier> -> <http://blulab.chpc.utah.edu/ontologies/v2/ConText.owl#BodySite> -> <http://blulab.chpc.utah.edu/ontologies/schema/endo/colonoscopyQuality.owl#Colon_structure> -> <http://blulab.chpc.utah.edu/ontologies/schema/endo/colonoscopyQuality.owl#Wall_of_colon> -> <http://blulab.chpc.utah.edu/ontologies/schema/endo/colonoscopyQuality.owl#Colonic_muscularis_propria> -> <http://blulab.chpc.utah.edu/ontologies/schema/endo/colonoscopyQuality.owl#Entire_colonic_muscularis_propria>]]

	Modifier: Longitudinal_muscle_layer_of_colon, uri=http://blulab.chpc.utah.edu/ontologies/schema/endo/colonoscopyQuality.owl#Longitudinal_muscle_layer_of_colon, type= Semantic, classPath= [<http://blulab.chpc.utah.edu/ontologies/v2/ConText.owl#Lexicon> -> <http://blulab.chpc.utah.edu/ontologies/v2/ConText.owl#Modifier> -> <http://blulab.chpc.utah.edu/ontologies/v2/ConText.owl#SemanticModifier> -> <http://blulab.chpc.utah.edu/ontologies/v2/ConText.owl#BodySite> -> <http://blulab.chpc.utah.edu/ontologies/schema/endo/colonoscopyQuality.owl#Colon_structure> -> <http://blulab.chpc.utah.edu/ontologies/schema/endo/colonoscopyQuality.owl#Entire_colon> -> <http://blulab.chpc.utah.edu/ontologies/schema/endo/colonoscopyQuality.owl#Colonic_muscularis_propria> -> <http://blulab.chpc.utah.edu/ontologies/schema/endo/colonoscopyQuality.owl#Longitudinal_muscle_layer_of_colon>, <http://blulab.chpc.utah.edu/ontologies/v2/ConText.owl#Lexicon> -> <http://blulab.chpc.utah.edu/ontologies/v2/ConText.owl#Modifier> -> <http://blulab.chpc.utah.edu/ontologies/v2/ConText.owl#SemanticModifier> -> <http://blulab.chpc.utah.edu/ontologies/v2/ConText.owl#BodySite> -> <http://blulab.chpc.utah.edu/ontologies/schema/endo/colonoscopyQuality.owl#Colon_structure> -> <http://blulab.chpc.utah.edu/ontologies/schema/endo/colonoscopyQuality.owl#Entire_colon> -> <http://blulab.chpc.utah.edu/ontologies/schema/endo/colonoscopyQuality.owl#Colonic_muscularis_propria> -> <http://blulab.chpc.utah.edu/ontologies/schema/endo/colonoscopyQuality.owl#Entire_colonic_muscularis_propria> -> <http://blulab.chpc.utah.edu/ontologies/schema/endo/colonoscopyQuality.owl#Longitudinal_muscle_layer_of_colon>, <http://blulab.chpc.utah.edu/ontologies/v2/ConText.owl#Lexicon> -> <http://blulab.chpc.utah.edu/ontologies/v2/ConText.owl#Modifier> -> <http://blulab.chpc.utah.edu/ontologies/v2/ConText.owl#SemanticModifier> -> <http://blulab.chpc.utah.edu/ontologies/v2/ConText.owl#BodySite> -> <http://blulab.chpc.utah.edu/ontologies/schema/endo/colonoscopyQuality.owl#Colon_structure> -> <http://blulab.chpc.utah.edu/ontologies/schema/endo/colonoscopyQuality.owl#Wall_of_colon> -> <http://blulab.chpc.utah.edu/ontologies/schema/endo/colonoscopyQuality.owl#Colonic_muscularis_propria> -> <http://blulab.chpc.utah.edu/ontologies/schema/endo/colonoscopyQuality.owl#Entire_colonic_muscularis_propria> -> <http://blulab.chpc.utah.edu/ontologies/schema/endo/colonoscopyQuality.owl#Longitudinal_muscle_layer_of_colon>, <http://blulab.chpc.utah.edu/ontologies/v2/ConText.owl#Lexicon> -> <http://blulab.chpc.utah.edu/ontologies/v2/ConText.owl#Modifier> -> <http://blulab.chpc.utah.edu/ontologies/v2/ConText.owl#SemanticModifier> -> <http://blulab.chpc.utah.edu/ontologies/v2/ConText.owl#BodySite> -> <http://blulab.chpc.utah.edu/ontologies/schema/endo/colonoscopyQuality.owl#Colon_structure> -> <http://blulab.chpc.utah.edu/ontologies/schema/endo/colonoscopyQuality.owl#Wall_of_colon> -> <http://blulab.chpc.utah.edu/ontologies/schema/endo/colonoscopyQuality.owl#Colonic_muscularis_propria> -> <http://blulab.chpc.utah.edu/ontologies/schema/endo/colonoscopyQuality.owl#Longitudinal_muscle_layer_of_colon>]]

	Modifier: Entire_longitudinal_layer_of_colonic_muscularis_propria, uri=http://blulab.chpc.utah.edu/ontologies/schema/endo/colonoscopyQuality.owl#Entire_longitudinal_layer_of_colonic_muscularis_propria, type= Semantic, classPath= [<http://blulab.chpc.utah.edu/ontologies/v2/ConText.owl#Lexicon> -> <http://blulab.chpc.utah.edu/ontologies/v2/ConText.owl#Modifier> -> <http://blulab.chpc.utah.edu/ontologies/v2/ConText.owl#SemanticModifier> -> <http://blulab.chpc.utah.edu/ontologies/v2/ConText.owl#BodySite> -> <http://blulab.chpc.utah.edu/ontologies/schema/endo/colonoscopyQuality.owl#Colon_structure> -> <http://blulab.chpc.utah.edu/ontologies/schema/endo/colonoscopyQuality.owl#Entire_colon> -> <http://blulab.chpc.utah.edu/ontologies/schema/endo/colonoscopyQuality.owl#Colonic_muscularis_propria> -> <http://blulab.chpc.utah.edu/ontologies/schema/endo/colonoscopyQuality.owl#Longitudinal_muscle_layer_of_colon> -> <http://blulab.chpc.utah.edu/ontologies/schema/endo/colonoscopyQuality.owl#Entire_longitudinal_layer_of_colonic_muscularis_propria>, <http://blulab.chpc.utah.edu/ontologies/v2/ConText.owl#Lexicon> -> <http://blulab.chpc.utah.edu/ontologies/v2/ConText.owl#Modifier> -> <http://blulab.chpc.utah.edu/ontologies/v2/ConText.owl#SemanticModifier> -> <http://blulab.chpc.utah.edu/ontologies/v2/ConText.owl#BodySite> -> <http://blulab.chpc.utah.edu/ontologies/schema/endo/colonoscopyQuality.owl#Colon_structure> -> <http://blulab.chpc.utah.edu/ontologies/schema/endo/colonoscopyQuality.owl#Entire_colon> -> <http://blulab.chpc.utah.edu/ontologies/schema/endo/colonoscopyQuality.owl#Colonic_muscularis_propria> -> <http://blulab.chpc.utah.edu/ontologies/schema/endo/colonoscopyQuality.owl#Entire_colonic_muscularis_propria> -> <http://blulab.chpc.utah.edu/ontologies/schema/endo/colonoscopyQuality.owl#Longitudinal_muscle_layer_of_colon> -> <http://blulab.chpc.utah.edu/ontologies/schema/endo/colonoscopyQuality.owl#Entire_longitudinal_layer_of_colonic_muscularis_propria>, <http://blulab.chpc.utah.edu/ontologies/v2/ConText.owl#Lexicon> -> <http://blulab.chpc.utah.edu/ontologies/v2/ConText.owl#Modifier> -> <http://blulab.chpc.utah.edu/ontologies/v2/ConText.owl#SemanticModifier> -> <http://blulab.chpc.utah.edu/ontologies/v2/ConText.owl#BodySite> -> <http://blulab.chpc.utah.edu/ontologies/schema/endo/colonoscopyQuality.owl#Colon_structure> -> <http://blulab.chpc.utah.edu/ontologies/schema/endo/colonoscopyQuality.owl#Wall_of_colon> -> <http://blulab.chpc.utah.edu/ontologies/schema/endo/colonoscopyQuality.owl#Colonic_muscularis_propria> -> <http://blulab.chpc.utah.edu/ontologies/schema/endo/colonoscopyQuality.owl#Entire_colonic_muscularis_propria> -> <http://blulab.chpc.utah.edu/ontologies/schema/endo/colonoscopyQuality.owl#Longitudinal_muscle_layer_of_colon> -> <http://blulab.chpc.utah.edu/ontologies/schema/endo/colonoscopyQuality.owl#Entire_longitudinal_layer_of_colonic_muscularis_propria>, <http://blulab.chpc.utah.edu/ontologies/v2/ConText.owl#Lexicon> -> <http://blulab.chpc.utah.edu/ontologies/v2/ConText.owl#Modifier> -> <http://blulab.chpc.utah.edu/ontologies/v2/ConText.owl#SemanticModifier> -> <http://blulab.chpc.utah.edu/ontologies/v2/ConText.owl#BodySite> -> <http://blulab.chpc.utah.edu/ontologies/schema/endo/colonoscopyQuality.owl#Colon_structure> -> <http://blulab.chpc.utah.edu/ontologies/schema/endo/colonoscopyQuality.owl#Wall_of_colon> -> <http://blulab.chpc.utah.edu/ontologies/schema/endo/colonoscopyQuality.owl#Colonic_muscularis_propria> -> <http://blulab.chpc.utah.edu/ontologies/schema/endo/colonoscopyQuality.owl#Longitudinal_muscle_layer_of_colon> -> <http://blulab.chpc.utah.edu/ontologies/schema/endo/colonoscopyQuality.owl#Entire_longitudinal_layer_of_colonic_muscularis_propria>]]

	Modifier: Taenia_Coli, uri=http://blulab.chpc.utah.edu/ontologies/schema/endo/colonoscopyQuality.owl#Taenia_Coli, type= Semantic, classPath= [<http://blulab.chpc.utah.edu/ontologies/v2/ConText.owl#Lexicon> -> <http://blulab.chpc.utah.edu/ontologies/v2/ConText.owl#Modifier> -> <http://blulab.chpc.utah.edu/ontologies/v2/ConText.owl#SemanticModifier> -> <http://blulab.chpc.utah.edu/ontologies/v2/ConText.owl#BodySite> -> <http://blulab.chpc.utah.edu/ontologies/schema/endo/colonoscopyQuality.owl#Colon_structure> -> <http://blulab.chpc.utah.edu/ontologies/schema/endo/colonoscopyQuality.owl#Colon_wall_structure> -> <http://blulab.chpc.utah.edu/ontologies/schema/endo/colonoscopyQuality.owl#Taenia_Coli>, <http://blulab.chpc.utah.edu/ontologies/v2/ConText.owl#Lexicon> -> <http://blulab.chpc.utah.edu/ontologies/v2/ConText.owl#Modifier> -> <http://blulab.chpc.utah.edu/ontologies/v2/ConText.owl#SemanticModifier> -> <http://blulab.chpc.utah.edu/ontologies/v2/ConText.owl#BodySite> -> <http://blulab.chpc.utah.edu/ontologies/schema/endo/colonoscopyQuality.owl#Colon_structure> -> <http://blulab.chpc.utah.edu/ontologies/schema/endo/colonoscopyQuality.owl#Entire_colon> -> <http://blulab.chpc.utah.edu/ontologies/schema/endo/colonoscopyQuality.owl#Colonic_muscularis_propria> -> <http://blulab.chpc.utah.edu/ontologies/schema/endo/colonoscopyQuality.owl#Entire_colonic_muscularis_propria> -> <http://blulab.chpc.utah.edu/ontologies/schema/endo/colonoscopyQuality.owl#Longitudinal_muscle_layer_of_colon> -> <http://blulab.chpc.utah.edu/ontologies/schema/endo/colonoscopyQuality.owl#Taenia_Coli>, <http://blulab.chpc.utah.edu/ontologies/v2/ConText.owl#Lexicon> -> <http://blulab.chpc.utah.edu/ontologies/v2/ConText.owl#Modifier> -> <http://blulab.chpc.utah.edu/ontologies/v2/ConText.owl#SemanticModifier> -> <http://blulab.chpc.utah.edu/ontologies/v2/ConText.owl#BodySite> -> <http://blulab.chpc.utah.edu/ontologies/schema/endo/colonoscopyQuality.owl#Colon_structure> -> <http://blulab.chpc.utah.edu/ontologies/schema/endo/colonoscopyQuality.owl#Wall_of_colon> -> <http://blulab.chpc.utah.edu/ontologies/schema/endo/colonoscopyQuality.owl#Colonic_muscularis_propria> -> <http://blulab.chpc.utah.edu/ontologies/schema/endo/colonoscopyQuality.owl#Entire_colonic_muscularis_propria> -> <http://blulab.chpc.utah.edu/ontologies/schema/endo/colonoscopyQuality.owl#Longitudinal_muscle_layer_of_colon> -> <http://blulab.chpc.utah.edu/ontologies/schema/endo/colonoscopyQuality.owl#Taenia_Coli>, <http://blulab.chpc.utah.edu/ontologies/v2/ConText.owl#Lexicon> -> <http://blulab.chpc.utah.edu/ontologies/v2/ConText.owl#Modifier> -> <http://blulab.chpc.utah.edu/ontologies/v2/ConText.owl#SemanticModifier> -> <http://blulab.chpc.utah.edu/ontologies/v2/ConText.owl#BodySite> -> <http://blulab.chpc.utah.edu/ontologies/schema/endo/colonoscopyQuality.owl#Colon_structure> -> <http://blulab.chpc.utah.edu/ontologies/schema/endo/colonoscopyQuality.owl#Entire_colon> -> <http://blulab.chpc.utah.edu/ontologies/schema/endo/colonoscopyQuality.owl#Colonic_muscularis_propria> -> <http://blulab.chpc.utah.edu/ontologies/schema/endo/colonoscopyQuality.owl#Longitudinal_muscle_layer_of_colon> -> <http://blulab.chpc.utah.edu/ontologies/schema/endo/colonoscopyQuality.owl#Taenia_Coli>, <http://blulab.chpc.utah.edu/ontologies/v2/ConText.owl#Lexicon> -> <http://blulab.chpc.utah.edu/ontologies/v2/ConText.owl#Modifier> -> <http://blulab.chpc.utah.edu/ontologies/v2/ConText.owl#SemanticModifier> -> <http://blulab.chpc.utah.edu/ontologies/v2/ConText.owl#BodySite> -> <http://blulab.chpc.utah.edu/ontologies/schema/endo/colonoscopyQuality.owl#Colon_structure> -> <http://blulab.chpc.utah.edu/ontologies/schema/endo/colonoscopyQuality.owl#Wall_of_colon> -> <http://blulab.chpc.utah.edu/ontologies/schema/endo/colonoscopyQuality.owl#Colonic_muscularis_propria> -> <http://blulab.chpc.utah.edu/ontologies/schema/endo/colonoscopyQuality.owl#Longitudinal_muscle_layer_of_colon> -> <http://blulab.chpc.utah.edu/ontologies/schema/endo/colonoscopyQuality.owl#Taenia_Coli>]]

	Modifier: Longitudinal_muscle_layer_of_colon, uri=http://blulab.chpc.utah.edu/ontologies/schema/endo/colonoscopyQuality.owl#Longitudinal_muscle_layer_of_colon, type= Semantic, classPath= [<http://blulab.chpc.utah.edu/ontologies/v2/ConText.owl#Lexicon> -> <http://blulab.chpc.utah.edu/ontologies/v2/ConText.owl#Modifier> -> <http://blulab.chpc.utah.edu/ontologies/v2/ConText.owl#SemanticModifier> -> <http://blulab.chpc.utah.edu/ontologies/v2/ConText.owl#BodySite> -> <http://blulab.chpc.utah.edu/ontologies/schema/endo/colonoscopyQuality.owl#Colon_structure> -> <http://blulab.chpc.utah.edu/ontologies/schema/endo/colonoscopyQuality.owl#Entire_colon> -> <http://blulab.chpc.utah.edu/ontologies/schema/endo/colonoscopyQuality.owl#Colonic_muscularis_propria> -> <http://blulab.chpc.utah.edu/ontologies/schema/endo/colonoscopyQuality.owl#Longitudinal_muscle_layer_of_colon>, <http://blulab.chpc.utah.edu/ontologies/v2/ConText.owl#Lexicon> -> <http://blulab.chpc.utah.edu/ontologies/v2/ConText.owl#Modifier> -> <http://blulab.chpc.utah.edu/ontologies/v2/ConText.owl#SemanticModifier> -> <http://blulab.chpc.utah.edu/ontologies/v2/ConText.owl#BodySite> -> <http://blulab.chpc.utah.edu/ontologies/schema/endo/colonoscopyQuality.owl#Colon_structure> -> <http://blulab.chpc.utah.edu/ontologies/schema/endo/colonoscopyQuality.owl#Entire_colon> -> <http://blulab.chpc.utah.edu/ontologies/schema/endo/colonoscopyQuality.owl#Colonic_muscularis_propria> -> <http://blulab.chpc.utah.edu/ontologies/schema/endo/colonoscopyQuality.owl#Entire_colonic_muscularis_propria> -> <http://blulab.chpc.utah.edu/ontologies/schema/endo/colonoscopyQuality.owl#Longitudinal_muscle_layer_of_colon>, <http://blulab.chpc.utah.edu/ontologies/v2/ConText.owl#Lexicon> -> <http://blulab.chpc.utah.edu/ontologies/v2/ConText.owl#Modifier> -> <http://blulab.chpc.utah.edu/ontologies/v2/ConText.owl#SemanticModifier> -> <http://blulab.chpc.utah.edu/ontologies/v2/ConText.owl#BodySite> -> <http://blulab.chpc.utah.edu/ontologies/schema/endo/colonoscopyQuality.owl#Colon_structure> -> <http://blulab.chpc.utah.edu/ontologies/schema/endo/colonoscopyQuality.owl#Wall_of_colon> -> <http://blulab.chpc.utah.edu/ontologies/schema/endo/colonoscopyQuality.owl#Colonic_muscularis_propria> -> <http://blulab.chpc.utah.edu/ontologies/schema/endo/colonoscopyQuality.owl#Entire_colonic_muscularis_propria> -> <http://blulab.chpc.utah.edu/ontologies/schema/endo/colonoscopyQuality.owl#Longitudinal_muscle_layer_of_colon>, <http://blulab.chpc.utah.edu/ontologies/v2/ConText.owl#Lexicon> -> <http://blulab.chpc.utah.edu/ontologies/v2/ConText.owl#Modifier> -> <http://blulab.chpc.utah.edu/ontologies/v2/ConText.owl#SemanticModifier> -> <http://blulab.chpc.utah.edu/ontologies/v2/ConText.owl#BodySite> -> <http://blulab.chpc.utah.edu/ontologies/schema/endo/colonoscopyQuality.owl#Colon_structure> -> <http://blulab.chpc.utah.edu/ontologies/schema/endo/colonoscopyQuality.owl#Wall_of_colon> -> <http://blulab.chpc.utah.edu/ontologies/schema/endo/colonoscopyQuality.owl#Colonic_muscularis_propria> -> <http://blulab.chpc.utah.edu/ontologies/schema/endo/colonoscopyQuality.owl#Longitudinal_muscle_layer_of_colon>]]

	Modifier: Colonic_serosa, uri=http://blulab.chpc.utah.edu/ontologies/schema/endo/colonoscopyQuality.owl#Colonic_serosa, type= Semantic, classPath= [<http://blulab.chpc.utah.edu/ontologies/v2/ConText.owl#Lexicon> -> <http://blulab.chpc.utah.edu/ontologies/v2/ConText.owl#Modifier> -> <http://blulab.chpc.utah.edu/ontologies/v2/ConText.owl#SemanticModifier> -> <http://blulab.chpc.utah.edu/ontologies/v2/ConText.owl#BodySite> -> <http://blulab.chpc.utah.edu/ontologies/schema/endo/colonoscopyQuality.owl#Colon_structure> -> <http://blulab.chpc.utah.edu/ontologies/schema/endo/colonoscopyQuality.owl#Entire_colon> -> <http://blulab.chpc.utah.edu/ontologies/schema/endo/colonoscopyQuality.owl#Colonic_serosa>, <http://blulab.chpc.utah.edu/ontologies/v2/ConText.owl#Lexicon> -> <http://blulab.chpc.utah.edu/ontologies/v2/ConText.owl#Modifier> -> <http://blulab.chpc.utah.edu/ontologies/v2/ConText.owl#SemanticModifier> -> <http://blulab.chpc.utah.edu/ontologies/v2/ConText.owl#BodySite> -> <http://blulab.chpc.utah.edu/ontologies/schema/endo/colonoscopyQuality.owl#Colon_structure> -> <http://blulab.chpc.utah.edu/ontologies/schema/endo/colonoscopyQuality.owl#Wall_of_colon> -> <http://blulab.chpc.utah.edu/ontologies/schema/endo/colonoscopyQuality.owl#Colonic_serosa>]]

	Modifier: Connective_tissue_of_serosa_of_colon, uri=http://blulab.chpc.utah.edu/ontologies/schema/endo/colonoscopyQuality.owl#Connective_tissue_of_serosa_of_colon, type= Semantic, classPath= [<http://blulab.chpc.utah.edu/ontologies/v2/ConText.owl#Lexicon> -> <http://blulab.chpc.utah.edu/ontologies/v2/ConText.owl#Modifier> -> <http://blulab.chpc.utah.edu/ontologies/v2/ConText.owl#SemanticModifier> -> <http://blulab.chpc.utah.edu/ontologies/v2/ConText.owl#BodySite> -> <http://blulab.chpc.utah.edu/ontologies/schema/endo/colonoscopyQuality.owl#Colon_structure> -> <http://blulab.chpc.utah.edu/ontologies/schema/endo/colonoscopyQuality.owl#Entire_colon> -> <http://blulab.chpc.utah.edu/ontologies/schema/endo/colonoscopyQuality.owl#Colonic_serosa> -> <http://blulab.chpc.utah.edu/ontologies/schema/endo/colonoscopyQuality.owl#Connective_tissue_of_serosa_of_colon>, <http://blulab.chpc.utah.edu/ontologies/v2/ConText.owl#Lexicon> -> <http://blulab.chpc.utah.edu/ontologies/v2/ConText.owl#Modifier> -> <http://blulab.chpc.utah.edu/ontologies/v2/ConText.owl#SemanticModifier> -> <http://blulab.chpc.utah.edu/ontologies/v2/ConText.owl#BodySite> -> <http://blulab.chpc.utah.edu/ontologies/schema/endo/colonoscopyQuality.owl#Colon_structure> -> <http://blulab.chpc.utah.edu/ontologies/schema/endo/colonoscopyQuality.owl#Wall_of_colon> -> <http://blulab.chpc.utah.edu/ontologies/schema/endo/colonoscopyQuality.owl#Colonic_serosa> -> <http://blulab.chpc.utah.edu/ontologies/schema/endo/colonoscopyQuality.owl#Connective_tissue_of_serosa_of_colon>]]

	Modifier: Connective_tissue_of_visceral_peritoneum, uri=http://blulab.chpc.utah.edu/ontologies/schema/endo/colonoscopyQuality.owl#Connective_tissue_of_visceral_peritoneum, type= Semantic, classPath= [<http://blulab.chpc.utah.edu/ontologies/v2/ConText.owl#Lexicon> -> <http://blulab.chpc.utah.edu/ontologies/v2/ConText.owl#Modifier> -> <http://blulab.chpc.utah.edu/ontologies/v2/ConText.owl#SemanticModifier> -> <http://blulab.chpc.utah.edu/ontologies/v2/ConText.owl#BodySite> -> <http://blulab.chpc.utah.edu/ontologies/schema/endo/colonoscopyQuality.owl#Colon_structure> -> <http://blulab.chpc.utah.edu/ontologies/schema/endo/colonoscopyQuality.owl#Cecum> -> <http://blulab.chpc.utah.edu/ontologies/schema/endo/colonoscopyQuality.owl#Appendix> -> <http://blulab.chpc.utah.edu/ontologies/schema/endo/colonoscopyQuality.owl#Entire_appendix> -> <http://blulab.chpc.utah.edu/ontologies/schema/endo/colonoscopyQuality.owl#Appendiceal_serosa> -> <http://blulab.chpc.utah.edu/ontologies/schema/endo/colonoscopyQuality.owl#Connective_tissue_of_visceral_peritoneum>, <http://blulab.chpc.utah.edu/ontologies/v2/ConText.owl#Lexicon> -> <http://blulab.chpc.utah.edu/ontologies/v2/ConText.owl#Modifier> -> <http://blulab.chpc.utah.edu/ontologies/v2/ConText.owl#SemanticModifier> -> <http://blulab.chpc.utah.edu/ontologies/v2/ConText.owl#BodySite> -> <http://blulab.chpc.utah.edu/ontologies/schema/endo/colonoscopyQuality.owl#Colon_structure> -> <http://blulab.chpc.utah.edu/ontologies/schema/endo/colonoscopyQuality.owl#Wall_of_colon> -> <http://blulab.chpc.utah.edu/ontologies/schema/endo/colonoscopyQuality.owl#Colonic_serosa> -> <http://blulab.chpc.utah.edu/ontologies/schema/endo/colonoscopyQuality.owl#Connective_tissue_of_visceral_peritoneum>, <http://blulab.chpc.utah.edu/ontologies/v2/ConText.owl#Lexicon> -> <http://blulab.chpc.utah.edu/ontologies/v2/ConText.owl#Modifier> -> <http://blulab.chpc.utah.edu/ontologies/v2/ConText.owl#SemanticModifier> -> <http://blulab.chpc.utah.edu/ontologies/v2/ConText.owl#BodySite> -> <http://blulab.chpc.utah.edu/ontologies/schema/endo/colonoscopyQuality.owl#Colon_structure> -> <http://blulab.chpc.utah.edu/ontologies/schema/endo/colonoscopyQuality.owl#Entire_colon> -> <http://blulab.chpc.utah.edu/ontologies/schema/endo/colonoscopyQuality.owl#Colonic_serosa> -> <http://blulab.chpc.utah.edu/ontologies/schema/endo/colonoscopyQuality.owl#Connective_tissue_of_visceral_peritoneum>, <http://blulab.chpc.utah.edu/ontologies/v2/ConText.owl#Lexicon> -> <http://blulab.chpc.utah.edu/ontologies/v2/ConText.owl#Modifier> -> <http://blulab.chpc.utah.edu/ontologies/v2/ConText.owl#SemanticModifier> -> <http://blulab.chpc.utah.edu/ontologies/v2/ConText.owl#BodySite> -> <http://blulab.chpc.utah.edu/ontologies/schema/endo/colonoscopyQuality.owl#Colon_structure> -> <http://blulab.chpc.utah.edu/ontologies/schema/endo/colonoscopyQuality.owl#Cecum> -> <http://blulab.chpc.utah.edu/ontologies/schema/endo/colonoscopyQuality.owl#Wall_of_cecum> -> <http://blulab.chpc.utah.edu/ontologies/schema/endo/colonoscopyQuality.owl#Serosa_of_cecum> -> <http://blulab.chpc.utah.edu/ontologies/schema/endo/colonoscopyQuality.owl#Connective_tissue_of_visceral_peritoneum>, <http://blulab.chpc.utah.edu/ontologies/v2/ConText.owl#Lexicon> -> <http://blulab.chpc.utah.edu/ontologies/v2/ConText.owl#Modifier> -> <http://blulab.chpc.utah.edu/ontologies/v2/ConText.owl#SemanticModifier> -> <http://blulab.chpc.utah.edu/ontologies/v2/ConText.owl#BodySite> -> <http://blulab.chpc.utah.edu/ontologies/schema/endo/colonoscopyQuality.owl#Colon_structure> -> <http://blulab.chpc.utah.edu/ontologies/schema/endo/colonoscopyQuality.owl#Descending_colon> -> <http://blulab.chpc.utah.edu/ontologies/schema/endo/colonoscopyQuality.owl#Wall_of_descending_colon> -> <http://blulab.chpc.utah.edu/ontologies/schema/endo/colonoscopyQuality.owl#Serosa_of_descending_colon> -> <http://blulab.chpc.utah.edu/ontologies/schema/endo/colonoscopyQuality.owl#Connective_tissue_of_visceral_peritoneum>, <http://blulab.chpc.utah.edu/ontologies/v2/ConText.owl#Lexicon> -> <http://blulab.chpc.utah.edu/ontologies/v2/ConText.owl#Modifier> -> <http://blulab.chpc.utah.edu/ontologies/v2/ConText.owl#SemanticModifier> -> <http://blulab.chpc.utah.edu/ontologies/v2/ConText.owl#BodySite> -> <http://blulab.chpc.utah.edu/ontologies/schema/endo/colonoscopyQuality.owl#Colon_structure> -> <http://blulab.chpc.utah.edu/ontologies/schema/endo/colonoscopyQuality.owl#Left_colon> -> <http://blulab.chpc.utah.edu/ontologies/schema/endo/colonoscopyQuality.owl#Entire_left_colon> -> <http://blulab.chpc.utah.edu/ontologies/schema/endo/colonoscopyQuality.owl#Descending_colon> -> <http://blulab.chpc.utah.edu/ontologies/schema/endo/colonoscopyQuality.owl#Wall_of_descending_colon> -> <http://blulab.chpc.utah.edu/ontologies/schema/endo/colonoscopyQuality.owl#Serosa_of_descending_colon> -> <http://blulab.chpc.utah.edu/ontologies/schema/endo/colonoscopyQuality.owl#Connective_tissue_of_visceral_peritoneum>, <http://blulab.chpc.utah.edu/ontologies/v2/ConText.owl#Lexicon> -> <http://blulab.chpc.utah.edu/ontologies/v2/ConText.owl#Modifier> -> <http://blulab.chpc.utah.edu/ontologies/v2/ConText.owl#SemanticModifier> -> <http://blulab.chpc.utah.edu/ontologies/v2/ConText.owl#BodySite> -> <http://blulab.chpc.utah.edu/ontologies/schema/endo/colonoscopyQuality.owl#Colon_structure> -> <http://blulab.chpc.utah.edu/ontologies/schema/endo/colonoscopyQuality.owl#Entire_colon> -> <http://blulab.chpc.utah.edu/ontologies/schema/endo/colonoscopyQuality.owl#Left_colon> -> <http://blulab.chpc.utah.edu/ontologies/schema/endo/colonoscopyQuality.owl#Entire_left_colon> -> <http://blulab.chpc.utah.edu/ontologies/schema/endo/colonoscopyQuality.owl#Descending_colon> -> <http://blulab.chpc.utah.edu/ontologies/schema/endo/colonoscopyQuality.owl#Wall_of_descending_colon> -> <http://blulab.chpc.utah.edu/ontologies/schema/endo/colonoscopyQuality.owl#Serosa_of_descending_colon> -> <http://blulab.chpc.utah.edu/ontologies/schema/endo/colonoscopyQuality.owl#Connective_tissue_of_visceral_peritoneum>, <http://blulab.chpc.utah.edu/ontologies/v2/ConText.owl#Lexicon> -> <http://blulab.chpc.utah.edu/ontologies/v2/ConText.owl#Modifier> -> <http://blulab.chpc.utah.edu/ontologies/v2/ConText.owl#SemanticModifier> -> <http://blulab.chpc.utah.edu/ontologies/v2/ConText.owl#BodySite> -> <http://blulab.chpc.utah.edu/ontologies/schema/endo/colonoscopyQuality.owl#Colon_structure> -> <http://blulab.chpc.utah.edu/ontologies/schema/endo/colonoscopyQuality.owl#Entire_colon> -> <http://blulab.chpc.utah.edu/ontologies/schema/endo/colonoscopyQuality.owl#Left_colon> -> <http://blulab.chpc.utah.edu/ontologies/schema/endo/colonoscopyQuality.owl#Descending_colon> -> <http://blulab.chpc.utah.edu/ontologies/schema/endo/colonoscopyQuality.owl#Wall_of_descending_colon> -> <http://blulab.chpc.utah.edu/ontologies/schema/endo/colonoscopyQuality.owl#Serosa_of_descending_colon> -> <http://blulab.chpc.utah.edu/ontologies/schema/endo/colonoscopyQuality.owl#Connective_tissue_of_visceral_peritoneum>, <http://blulab.chpc.utah.edu/ontologies/v2/ConText.owl#Lexicon> -> <http://blulab.chpc.utah.edu/ontologies/v2/ConText.owl#Modifier> -> <http://blulab.chpc.utah.edu/ontologies/v2/ConText.owl#SemanticModifier> -> <http://blulab.chpc.utah.edu/ontologies/v2/ConText.owl#BodySite> -> <http://blulab.chpc.utah.edu/ontologies/schema/endo/colonoscopyQuality.owl#Colon_structure> -> <http://blulab.chpc.utah.edu/ontologies/schema/endo/colonoscopyQuality.owl#Left_colon> -> <http://blulab.chpc.utah.edu/ontologies/schema/endo/colonoscopyQuality.owl#Descending_colon> -> <http://blulab.chpc.utah.edu/ontologies/schema/endo/colonoscopyQuality.owl#Wall_of_descending_colon> -> <http://blulab.chpc.utah.edu/ontologies/schema/endo/colonoscopyQuality.owl#Serosa_of_descending_colon> -> <http://blulab.chpc.utah.edu/ontologies/schema/endo/colonoscopyQuality.owl#Connective_tissue_of_visceral_peritoneum>, <http://blulab.chpc.utah.edu/ontologies/v2/ConText.owl#Lexicon> -> <http://blulab.chpc.utah.edu/ontologies/v2/ConText.owl#Modifier> -> <http://blulab.chpc.utah.edu/ontologies/v2/ConText.owl#SemanticModifier> -> <http://blulab.chpc.utah.edu/ontologies/v2/ConText.owl#BodySite> -> <http://blulab.chpc.utah.edu/ontologies/schema/endo/colonoscopyQuality.owl#Colon_structure> -> <http://blulab.chpc.utah.edu/ontologies/schema/endo/colonoscopyQuality.owl#Region_of_colon> -> <http://blulab.chpc.utah.edu/ontologies/schema/endo/colonoscopyQuality.owl#Descending_colon> -> <http://blulab.chpc.utah.edu/ontologies/schema/endo/colonoscopyQuality.owl#Wall_of_descending_colon> -> <http://blulab.chpc.utah.edu/ontologies/schema/endo/colonoscopyQuality.owl#Serosa_of_descending_colon> -> <http://blulab.chpc.utah.edu/ontologies/schema/endo/colonoscopyQuality.owl#Connective_tissue_of_visceral_peritoneum>, <http://blulab.chpc.utah.edu/ontologies/v2/ConText.owl#Lexicon> -> <http://blulab.chpc.utah.edu/ontologies/v2/ConText.owl#Modifier> -> <http://blulab.chpc.utah.edu/ontologies/v2/ConText.owl#SemanticModifier> -> <http://blulab.chpc.utah.edu/ontologies/v2/ConText.owl#BodySite> -> <http://blulab.chpc.utah.edu/ontologies/schema/endo/colonoscopyQuality.owl#ileum> -> <http://blulab.chpc.utah.edu/ontologies/schema/endo/colonoscopyQuality.owl#Region_of_ileum> -> <http://blulab.chpc.utah.edu/ontologies/schema/endo/colonoscopyQuality.owl#Wall_of_ileum> -> <http://blulab.chpc.utah.edu/ontologies/schema/endo/colonoscopyQuality.owl#Serosa_of_ileum> -> <http://blulab.chpc.utah.edu/ontologies/schema/endo/colonoscopyQuality.owl#Connective_tissue_of_visceral_peritoneum>, <http://blulab.chpc.utah.edu/ontologies/v2/ConText.owl#Lexicon> -> <http://blulab.chpc.utah.edu/ontologies/v2/ConText.owl#Modifier> -> <http://blulab.chpc.utah.edu/ontologies/v2/ConText.owl#SemanticModifier> -> <http://blulab.chpc.utah.edu/ontologies/v2/ConText.owl#BodySite> -> <http://blulab.chpc.utah.edu/ontologies/schema/endo/colonoscopyQuality.owl#ileum> -> <http://blulab.chpc.utah.edu/ontologies/schema/endo/colonoscopyQuality.owl#Wall_of_ileum> -> <http://blulab.chpc.utah.edu/ontologies/schema/endo/colonoscopyQuality.owl#Serosa_of_ileum> -> <http://blulab.chpc.utah.edu/ontologies/schema/endo/colonoscopyQuality.owl#Connective_tissue_of_visceral_peritoneum>, <http://blulab.chpc.utah.edu/ontologies/v2/ConText.owl#Lexicon> -> <http://blulab.chpc.utah.edu/ontologies/v2/ConText.owl#Modifier> -> <http://blulab.chpc.utah.edu/ontologies/v2/ConText.owl#SemanticModifier> -> <http://blulab.chpc.utah.edu/ontologies/v2/ConText.owl#BodySite> -> <http://blulab.chpc.utah.edu/ontologies/schema/endo/colonoscopyQuality.owl#Colon_structure> -> <http://blulab.chpc.utah.edu/ontologies/schema/endo/colonoscopyQuality.owl#Sigmoid_colon> -> <http://blulab.chpc.utah.edu/ontologies/schema/endo/colonoscopyQuality.owl#Wall_of_sigmoid_colon> -> <http://blulab.chpc.utah.edu/ontologies/schema/endo/colonoscopyQuality.owl#Serosa_of_sigmoid_colon> -> <http://blulab.chpc.utah.edu/ontologies/schema/endo/colonoscopyQuality.owl#Connective_tissue_of_visceral_peritoneum>, <http://blulab.chpc.utah.edu/ontologies/v2/ConText.owl#Lexicon> -> <http://blulab.chpc.utah.edu/ontologies/v2/ConText.owl#Modifier> -> <http://blulab.chpc.utah.edu/ontologies/v2/ConText.owl#SemanticModifier> -> <http://blulab.chpc.utah.edu/ontologies/v2/ConText.owl#BodySite> -> <http://blulab.chpc.utah.edu/ontologies/schema/endo/colonoscopyQuality.owl#Colon_structure> -> <http://blulab.chpc.utah.edu/ontologies/schema/endo/colonoscopyQuality.owl#Entire_colon> -> <http://blulab.chpc.utah.edu/ontologies/schema/endo/colonoscopyQuality.owl#Sigmoid_colon> -> <http://blulab.chpc.utah.edu/ontologies/schema/endo/colonoscopyQuality.owl#Wall_of_sigmoid_colon> -> <http://blulab.chpc.utah.edu/ontologies/schema/endo/colonoscopyQuality.owl#Serosa_of_sigmoid_colon> -> <http://blulab.chpc.utah.edu/ontologies/schema/endo/colonoscopyQuality.owl#Connective_tissue_of_visceral_peritoneum>, <http://blulab.chpc.utah.edu/ontologies/v2/ConText.owl#Lexicon> -> <http://blulab.chpc.utah.edu/ontologies/v2/ConText.owl#Modifier> -> <http://blulab.chpc.utah.edu/ontologies/v2/ConText.owl#SemanticModifier> -> <http://blulab.chpc.utah.edu/ontologies/v2/ConText.owl#BodySite> -> <http://blulab.chpc.utah.edu/ontologies/schema/endo/colonoscopyQuality.owl#Colon_structure> -> <http://blulab.chpc.utah.edu/ontologies/schema/endo/colonoscopyQuality.owl#Region_of_colon> -> <http://blulab.chpc.utah.edu/ontologies/schema/endo/colonoscopyQuality.owl#Sigmoid_colon> -> <http://blulab.chpc.utah.edu/ontologies/schema/endo/colonoscopyQuality.owl#Wall_of_sigmoid_colon> -> <http://blulab.chpc.utah.edu/ontologies/schema/endo/colonoscopyQuality.owl#Serosa_of_sigmoid_colon> -> <http://blulab.chpc.utah.edu/ontologies/schema/endo/colonoscopyQuality.owl#Connective_tissue_of_visceral_peritoneum>, <http://blulab.chpc.utah.edu/ontologies/v2/ConText.owl#Lexicon> -> <http://blulab.chpc.utah.edu/ontologies/v2/ConText.owl#Modifier> -> <http://blulab.chpc.utah.edu/ontologies/v2/ConText.owl#SemanticModifier> -> <http://blulab.chpc.utah.edu/ontologies/v2/ConText.owl#BodySite> -> <http://blulab.chpc.utah.edu/ontologies/schema/endo/colonoscopyQuality.owl#Colon_structure> -> <http://blulab.chpc.utah.edu/ontologies/schema/endo/colonoscopyQuality.owl#Transverse_colon> -> <http://blulab.chpc.utah.edu/ontologies/schema/endo/colonoscopyQuality.owl#Wall_of_transverse_colon> -> <http://blulab.chpc.utah.edu/ontologies/schema/endo/colonoscopyQuality.owl#Serosa_of_transverse_colon> -> <http://blulab.chpc.utah.edu/ontologies/schema/endo/colonoscopyQuality.owl#Connective_tissue_of_visceral_peritoneum>, <http://blulab.chpc.utah.edu/ontologies/v2/ConText.owl#Lexicon> -> <http://blulab.chpc.utah.edu/ontologies/v2/ConText.owl#Modifier> -> <http://blulab.chpc.utah.edu/ontologies/v2/ConText.owl#SemanticModifier> -> <http://blulab.chpc.utah.edu/ontologies/v2/ConText.owl#BodySite> -> <http://blulab.chpc.utah.edu/ontologies/schema/endo/colonoscopyQuality.owl#Colon_structure> -> <http://blulab.chpc.utah.edu/ontologies/schema/endo/colonoscopyQuality.owl#Entire_colon> -> <http://blulab.chpc.utah.edu/ontologies/schema/endo/colonoscopyQuality.owl#Transverse_colon> -> <http://blulab.chpc.utah.edu/ontologies/schema/endo/colonoscopyQuality.owl#Wall_of_transverse_colon> -> <http://blulab.chpc.utah.edu/ontologies/schema/endo/colonoscopyQuality.owl#Serosa_of_transverse_colon> -> <http://blulab.chpc.utah.edu/ontologies/schema/endo/colonoscopyQuality.owl#Connective_tissue_of_visceral_peritoneum>, <http://blulab.chpc.utah.edu/ontologies/v2/ConText.owl#Lexicon> -> <http://blulab.chpc.utah.edu/ontologies/v2/ConText.owl#Modifier> -> <http://blulab.chpc.utah.edu/ontologies/v2/ConText.owl#SemanticModifier> -> <http://blulab.chpc.utah.edu/ontologies/v2/ConText.owl#BodySite> -> <http://blulab.chpc.utah.edu/ontologies/schema/endo/colonoscopyQuality.owl#Colon_structure> -> <http://blulab.chpc.utah.edu/ontologies/schema/endo/colonoscopyQuality.owl#Region_of_colon> -> <http://blulab.chpc.utah.edu/ontologies/schema/endo/colonoscopyQuality.owl#Transverse_colon> -> <http://blulab.chpc.utah.edu/ontologies/schema/endo/colonoscopyQuality.owl#Wall_of_transverse_colon> -> <http://blulab.chpc.utah.edu/ontologies/schema/endo/colonoscopyQuality.owl#Serosa_of_transverse_colon> -> <http://blulab.chpc.utah.edu/ontologies/schema/endo/colonoscopyQuality.owl#Connective_tissue_of_visceral_peritoneum>, <http://blulab.chpc.utah.edu/ontologies/v2/ConText.owl#Lexicon> -> <http://blulab.chpc.utah.edu/ontologies/v2/ConText.owl#Modifier> -> <http://blulab.chpc.utah.edu/ontologies/v2/ConText.owl#SemanticModifier> -> <http://blulab.chpc.utah.edu/ontologies/v2/ConText.owl#BodySite> -> <http://blulab.chpc.utah.edu/ontologies/schema/endo/colonoscopyQuality.owl#Colon_structure> -> <http://blulab.chpc.utah.edu/ontologies/schema/endo/colonoscopyQuality.owl#Cecum> -> <http://blulab.chpc.utah.edu/ontologies/schema/endo/colonoscopyQuality.owl#Appendix> -> <http://blulab.chpc.utah.edu/ontologies/schema/endo/colonoscopyQuality.owl#Wall_of_appendix> -> <http://blulab.chpc.utah.edu/ontologies/schema/endo/colonoscopyQuality.owl#Appendiceal_serosa> -> <http://blulab.chpc.utah.edu/ontologies/schema/endo/colonoscopyQuality.owl#Connective_tissue_of_visceral_peritoneum>, <http://blulab.chpc.utah.edu/ontologies/v2/ConText.owl#Lexicon> -> <http://blulab.chpc.utah.edu/ontologies/v2/ConText.owl#Modifier> -> <http://blulab.chpc.utah.edu/ontologies/v2/ConText.owl#SemanticModifier> -> <http://blulab.chpc.utah.edu/ontologies/v2/ConText.owl#BodySite> -> <http://blulab.chpc.utah.edu/ontologies/schema/endo/colonoscopyQuality.owl#Colon_structure> -> <http://blulab.chpc.utah.edu/ontologies/schema/endo/colonoscopyQuality.owl#Appendix> -> <http://blulab.chpc.utah.edu/ontologies/schema/endo/colonoscopyQuality.owl#Wall_of_appendix> -> <http://blulab.chpc.utah.edu/ontologies/schema/endo/colonoscopyQuality.owl#Appendiceal_serosa> -> <http://blulab.chpc.utah.edu/ontologies/schema/endo/colonoscopyQuality.owl#Connective_tissue_of_visceral_peritoneum>, <http://blulab.chpc.utah.edu/ontologies/v2/ConText.owl#Lexicon> -> <http://blulab.chpc.utah.edu/ontologies/v2/ConText.owl#Modifier> -> <http://blulab.chpc.utah.edu/ontologies/v2/ConText.owl#SemanticModifier> -> <http://blulab.chpc.utah.edu/ontologies/v2/ConText.owl#BodySite> -> <http://blulab.chpc.utah.edu/ontologies/schema/endo/colonoscopyQuality.owl#Colon_structure> -> <http://blulab.chpc.utah.edu/ontologies/schema/endo/colonoscopyQuality.owl#Appendix> -> <http://blulab.chpc.utah.edu/ontologies/schema/endo/colonoscopyQuality.owl#Entire_appendix> -> <http://blulab.chpc.utah.edu/ontologies/schema/endo/colonoscopyQuality.owl#Appendiceal_serosa> -> <http://blulab.chpc.utah.edu/ontologies/schema/endo/colonoscopyQuality.owl#Connective_tissue_of_visceral_peritoneum>]]

	Modifier: Mesothelium_of_serosa_of_colon, uri=http://blulab.chpc.utah.edu/ontologies/schema/endo/colonoscopyQuality.owl#Mesothelium_of_serosa_of_colon, type= Semantic, classPath= [<http://blulab.chpc.utah.edu/ontologies/v2/ConText.owl#Lexicon> -> <http://blulab.chpc.utah.edu/ontologies/v2/ConText.owl#Modifier> -> <http://blulab.chpc.utah.edu/ontologies/v2/ConText.owl#SemanticModifier> -> <http://blulab.chpc.utah.edu/ontologies/v2/ConText.owl#BodySite> -> <http://blulab.chpc.utah.edu/ontologies/schema/endo/colonoscopyQuality.owl#Colon_structure> -> <http://blulab.chpc.utah.edu/ontologies/schema/endo/colonoscopyQuality.owl#Entire_colon> -> <http://blulab.chpc.utah.edu/ontologies/schema/endo/colonoscopyQuality.owl#Colonic_serosa> -> <http://blulab.chpc.utah.edu/ontologies/schema/endo/colonoscopyQuality.owl#Mesothelium_of_serosa_of_colon>, <http://blulab.chpc.utah.edu/ontologies/v2/ConText.owl#Lexicon> -> <http://blulab.chpc.utah.edu/ontologies/v2/ConText.owl#Modifier> -> <http://blulab.chpc.utah.edu/ontologies/v2/ConText.owl#SemanticModifier> -> <http://blulab.chpc.utah.edu/ontologies/v2/ConText.owl#BodySite> -> <http://blulab.chpc.utah.edu/ontologies/schema/endo/colonoscopyQuality.owl#Colon_structure> -> <http://blulab.chpc.utah.edu/ontologies/schema/endo/colonoscopyQuality.owl#Wall_of_colon> -> <http://blulab.chpc.utah.edu/ontologies/schema/endo/colonoscopyQuality.owl#Colonic_serosa> -> <http://blulab.chpc.utah.edu/ontologies/schema/endo/colonoscopyQuality.owl#Mesothelium_of_serosa_of_colon>]]

	Modifier: Mesothelium_of_visceral_peritoneum, uri=http://blulab.chpc.utah.edu/ontologies/schema/endo/colonoscopyQuality.owl#Mesothelium_of_visceral_peritoneum, type= Semantic, classPath= [<http://blulab.chpc.utah.edu/ontologies/v2/ConText.owl#Lexicon> -> <http://blulab.chpc.utah.edu/ontologies/v2/ConText.owl#Modifier> -> <http://blulab.chpc.utah.edu/ontologies/v2/ConText.owl#SemanticModifier> -> <http://blulab.chpc.utah.edu/ontologies/v2/ConText.owl#BodySite> -> <http://blulab.chpc.utah.edu/ontologies/schema/endo/colonoscopyQuality.owl#Colon_structure> -> <http://blulab.chpc.utah.edu/ontologies/schema/endo/colonoscopyQuality.owl#Cecum> -> <http://blulab.chpc.utah.edu/ontologies/schema/endo/colonoscopyQuality.owl#Appendix> -> <http://blulab.chpc.utah.edu/ontologies/schema/endo/colonoscopyQuality.owl#Entire_appendix> -> <http://blulab.chpc.utah.edu/ontologies/schema/endo/colonoscopyQuality.owl#Appendiceal_serosa> -> <http://blulab.chpc.utah.edu/ontologies/schema/endo/colonoscopyQuality.owl#Mesothelium_of_visceral_peritoneum>, <http://blulab.chpc.utah.edu/ontologies/v2/ConText.owl#Lexicon> -> <http://blulab.chpc.utah.edu/ontologies/v2/ConText.owl#Modifier> -> <http://blulab.chpc.utah.edu/ontologies/v2/ConText.owl#SemanticModifier> -> <http://blulab.chpc.utah.edu/ontologies/v2/ConText.owl#BodySite> -> <http://blulab.chpc.utah.edu/ontologies/schema/endo/colonoscopyQuality.owl#Colon_structure> -> <http://blulab.chpc.utah.edu/ontologies/schema/endo/colonoscopyQuality.owl#Wall_of_colon> -> <http://blulab.chpc.utah.edu/ontologies/schema/endo/colonoscopyQuality.owl#Colonic_serosa> -> <http://blulab.chpc.utah.edu/ontologies/schema/endo/colonoscopyQuality.owl#Mesothelium_of_visceral_peritoneum>, <http://blulab.chpc.utah.edu/ontologies/v2/ConText.owl#Lexicon> -> <http://blulab.chpc.utah.edu/ontologies/v2/ConText.owl#Modifier> -> <http://blulab.chpc.utah.edu/ontologies/v2/ConText.owl#SemanticModifier> -> <http://blulab.chpc.utah.edu/ontologies/v2/ConText.owl#BodySite> -> <http://blulab.chpc.utah.edu/ontologies/schema/endo/colonoscopyQuality.owl#Colon_structure> -> <http://blulab.chpc.utah.edu/ontologies/schema/endo/colonoscopyQuality.owl#Entire_colon> -> <http://blulab.chpc.utah.edu/ontologies/schema/endo/colonoscopyQuality.owl#Colonic_serosa> -> <http://blulab.chpc.utah.edu/ontologies/schema/endo/colonoscopyQuality.owl#Mesothelium_of_visceral_peritoneum>, <http://blulab.chpc.utah.edu/ontologies/v2/ConText.owl#Lexicon> -> <http://blulab.chpc.utah.edu/ontologies/v2/ConText.owl#Modifier> -> <http://blulab.chpc.utah.edu/ontologies/v2/ConText.owl#SemanticModifier> -> <http://blulab.chpc.utah.edu/ontologies/v2/ConText.owl#BodySite> -> <http://blulab.chpc.utah.edu/ontologies/schema/endo/colonoscopyQuality.owl#Colon_structure> -> <http://blulab.chpc.utah.edu/ontologies/schema/endo/colonoscopyQuality.owl#Cecum> -> <http://blulab.chpc.utah.edu/ontologies/schema/endo/colonoscopyQuality.owl#Wall_of_cecum> -> <http://blulab.chpc.utah.edu/ontologies/schema/endo/colonoscopyQuality.owl#Serosa_of_cecum> -> <http://blulab.chpc.utah.edu/ontologies/schema/endo/colonoscopyQuality.owl#Mesothelium_of_visceral_peritoneum>, <http://blulab.chpc.utah.edu/ontologies/v2/ConText.owl#Lexicon> -> <http://blulab.chpc.utah.edu/ontologies/v2/ConText.owl#Modifier> -> <http://blulab.chpc.utah.edu/ontologies/v2/ConText.owl#SemanticModifier> -> <http://blulab.chpc.utah.edu/ontologies/v2/ConText.owl#BodySite> -> <http://blulab.chpc.utah.edu/ontologies/schema/endo/colonoscopyQuality.owl#Colon_structure> -> <http://blulab.chpc.utah.edu/ontologies/schema/endo/colonoscopyQuality.owl#Descending_colon> -> <http://blulab.chpc.utah.edu/ontologies/schema/endo/colonoscopyQuality.owl#Wall_of_descending_colon> -> <http://blulab.chpc.utah.edu/ontologies/schema/endo/colonoscopyQuality.owl#Serosa_of_descending_colon> -> <http://blulab.chpc.utah.edu/ontologies/schema/endo/colonoscopyQuality.owl#Mesothelium_of_visceral_peritoneum>, <http://blulab.chpc.utah.edu/ontologies/v2/ConText.owl#Lexicon> -> <http://blulab.chpc.utah.edu/ontologies/v2/ConText.owl#Modifier> -> <http://blulab.chpc.utah.edu/ontologies/v2/ConText.owl#SemanticModifier> -> <http://blulab.chpc.utah.edu/ontologies/v2/ConText.owl#BodySite> -> <http://blulab.chpc.utah.edu/ontologies/schema/endo/colonoscopyQuality.owl#Colon_structure> -> <http://blulab.chpc.utah.edu/ontologies/schema/endo/colonoscopyQuality.owl#Left_colon> -> <http://blulab.chpc.utah.edu/ontologies/schema/endo/colonoscopyQuality.owl#Entire_left_colon> -> <http://blulab.chpc.utah.edu/ontologies/schema/endo/colonoscopyQuality.owl#Descending_colon> -> <http://blulab.chpc.utah.edu/ontologies/schema/endo/colonoscopyQuality.owl#Wall_of_descending_colon> -> <http://blulab.chpc.utah.edu/ontologies/schema/endo/colonoscopyQuality.owl#Serosa_of_descending_colon> -> <http://blulab.chpc.utah.edu/ontologies/schema/endo/colonoscopyQuality.owl#Mesothelium_of_visceral_peritoneum>, <http://blulab.chpc.utah.edu/ontologies/v2/ConText.owl#Lexicon> -> <http://blulab.chpc.utah.edu/ontologies/v2/ConText.owl#Modifier> -> <http://blulab.chpc.utah.edu/ontologies/v2/ConText.owl#SemanticModifier> -> <http://blulab.chpc.utah.edu/ontologies/v2/ConText.owl#BodySite> -> <http://blulab.chpc.utah.edu/ontologies/schema/endo/colonoscopyQuality.owl#Colon_structure> -> <http://blulab.chpc.utah.edu/ontologies/schema/endo/colonoscopyQuality.owl#Entire_colon> -> <http://blulab.chpc.utah.edu/ontologies/schema/endo/colonoscopyQuality.owl#Left_colon> -> <http://blulab.chpc.utah.edu/ontologies/schema/endo/colonoscopyQuality.owl#Entire_left_colon> -> <http://blulab.chpc.utah.edu/ontologies/schema/endo/colonoscopyQuality.owl#Descending_colon> -> <http://blulab.chpc.utah.edu/ontologies/schema/endo/colonoscopyQuality.owl#Wall_of_descending_colon> -> <http://blulab.chpc.utah.edu/ontologies/schema/endo/colonoscopyQuality.owl#Serosa_of_descending_colon> -> <http://blulab.chpc.utah.edu/ontologies/schema/endo/colonoscopyQuality.owl#Mesothelium_of_visceral_peritoneum>, <http://blulab.chpc.utah.edu/ontologies/v2/ConText.owl#Lexicon> -> <http://blulab.chpc.utah.edu/ontologies/v2/ConText.owl#Modifier> -> <http://blulab.chpc.utah.edu/ontologies/v2/ConText.owl#SemanticModifier> -> <http://blulab.chpc.utah.edu/ontologies/v2/ConText.owl#BodySite> -> <http://blulab.chpc.utah.edu/ontologies/schema/endo/colonoscopyQuality.owl#Colon_structure> -> <http://blulab.chpc.utah.edu/ontologies/schema/endo/colonoscopyQuality.owl#Entire_colon> -> <http://blulab.chpc.utah.edu/ontologies/schema/endo/colonoscopyQuality.owl#Left_colon> -> <http://blulab.chpc.utah.edu/ontologies/schema/endo/colonoscopyQuality.owl#Descending_colon> -> <http://blulab.chpc.utah.edu/ontologies/schema/endo/colonoscopyQuality.owl#Wall_of_descending_colon> -> <http://blulab.chpc.utah.edu/ontologies/schema/endo/colonoscopyQuality.owl#Serosa_of_descending_colon> -> <http://blulab.chpc.utah.edu/ontologies/schema/endo/colonoscopyQuality.owl#Mesothelium_of_visceral_peritoneum>, <http://blulab.chpc.utah.edu/ontologies/v2/ConText.owl#Lexicon> -> <http://blulab.chpc.utah.edu/ontologies/v2/ConText.owl#Modifier> -> <http://blulab.chpc.utah.edu/ontologies/v2/ConText.owl#SemanticModifier> -> <http://blulab.chpc.utah.edu/ontologies/v2/ConText.owl#BodySite> -> <http://blulab.chpc.utah.edu/ontologies/schema/endo/colonoscopyQuality.owl#Colon_structure> -> <http://blulab.chpc.utah.edu/ontologies/schema/endo/colonoscopyQuality.owl#Left_colon> -> <http://blulab.chpc.utah.edu/ontologies/schema/endo/colonoscopyQuality.owl#Descending_colon> -> <http://blulab.chpc.utah.edu/ontologies/schema/endo/colonoscopyQuality.owl#Wall_of_descending_colon> -> <http://blulab.chpc.utah.edu/ontologies/schema/endo/colonoscopyQuality.owl#Serosa_of_descending_colon> -> <http://blulab.chpc.utah.edu/ontologies/schema/endo/colonoscopyQuality.owl#Mesothelium_of_visceral_peritoneum>, <http://blulab.chpc.utah.edu/ontologies/v2/ConText.owl#Lexicon> -> <http://blulab.chpc.utah.edu/ontologies/v2/ConText.owl#Modifier> -> <http://blulab.chpc.utah.edu/ontologies/v2/ConText.owl#SemanticModifier> -> <http://blulab.chpc.utah.edu/ontologies/v2/ConText.owl#BodySite> -> <http://blulab.chpc.utah.edu/ontologies/schema/endo/colonoscopyQuality.owl#Colon_structure> -> <http://blulab.chpc.utah.edu/ontologies/schema/endo/colonoscopyQuality.owl#Region_of_colon> -> <http://blulab.chpc.utah.edu/ontologies/schema/endo/colonoscopyQuality.owl#Descending_colon> -> <http://blulab.chpc.utah.edu/ontologies/schema/endo/colonoscopyQuality.owl#Wall_of_descending_colon> -> <http://blulab.chpc.utah.edu/ontologies/schema/endo/colonoscopyQuality.owl#Serosa_of_descending_colon> -> <http://blulab.chpc.utah.edu/ontologies/schema/endo/colonoscopyQuality.owl#Mesothelium_of_visceral_peritoneum>, <http://blulab.chpc.utah.edu/ontologies/v2/ConText.owl#Lexicon> -> <http://blulab.chpc.utah.edu/ontologies/v2/ConText.owl#Modifier> -> <http://blulab.chpc.utah.edu/ontologies/v2/ConText.owl#SemanticModifier> -> <http://blulab.chpc.utah.edu/ontologies/v2/ConText.owl#BodySite> -> <http://blulab.chpc.utah.edu/ontologies/schema/endo/colonoscopyQuality.owl#ileum> -> <http://blulab.chpc.utah.edu/ontologies/schema/endo/colonoscopyQuality.owl#Region_of_ileum> -> <http://blulab.chpc.utah.edu/ontologies/schema/endo/colonoscopyQuality.owl#Wall_of_ileum> -> <http://blulab.chpc.utah.edu/ontologies/schema/endo/colonoscopyQuality.owl#Serosa_of_ileum> -> <http://blulab.chpc.utah.edu/ontologies/schema/endo/colonoscopyQuality.owl#Mesothelium_of_visceral_peritoneum>, <http://blulab.chpc.utah.edu/ontologies/v2/ConText.owl#Lexicon> -> <http://blulab.chpc.utah.edu/ontologies/v2/ConText.owl#Modifier> -> <http://blulab.chpc.utah.edu/ontologies/v2/ConText.owl#SemanticModifier> -> <http://blulab.chpc.utah.edu/ontologies/v2/ConText.owl#BodySite> -> <http://blulab.chpc.utah.edu/ontologies/schema/endo/colonoscopyQuality.owl#ileum> -> <http://blulab.chpc.utah.edu/ontologies/schema/endo/colonoscopyQuality.owl#Wall_of_ileum> -> <http://blulab.chpc.utah.edu/ontologies/schema/endo/colonoscopyQuality.owl#Serosa_of_ileum> -> <http://blulab.chpc.utah.edu/ontologies/schema/endo/colonoscopyQuality.owl#Mesothelium_of_visceral_peritoneum>, <http://blulab.chpc.utah.edu/ontologies/v2/ConText.owl#Lexicon> -> <http://blulab.chpc.utah.edu/ontologies/v2/ConText.owl#Modifier> -> <http://blulab.chpc.utah.edu/ontologies/v2/ConText.owl#SemanticModifier> -> <http://blulab.chpc.utah.edu/ontologies/v2/ConText.owl#BodySite> -> <http://blulab.chpc.utah.edu/ontologies/schema/endo/colonoscopyQuality.owl#Colon_structure> -> <http://blulab.chpc.utah.edu/ontologies/schema/endo/colonoscopyQuality.owl#Sigmoid_colon> -> <http://blulab.chpc.utah.edu/ontologies/schema/endo/colonoscopyQuality.owl#Wall_of_sigmoid_colon> -> <http://blulab.chpc.utah.edu/ontologies/schema/endo/colonoscopyQuality.owl#Serosa_of_sigmoid_colon> -> <http://blulab.chpc.utah.edu/ontologies/schema/endo/colonoscopyQuality.owl#Mesothelium_of_visceral_peritoneum>, <http://blulab.chpc.utah.edu/ontologies/v2/ConText.owl#Lexicon> -> <http://blulab.chpc.utah.edu/ontologies/v2/ConText.owl#Modifier> -> <http://blulab.chpc.utah.edu/ontologies/v2/ConText.owl#SemanticModifier> -> <http://blulab.chpc.utah.edu/ontologies/v2/ConText.owl#BodySite> -> <http://blulab.chpc.utah.edu/ontologies/schema/endo/colonoscopyQuality.owl#Colon_structure> -> <http://blulab.chpc.utah.edu/ontologies/schema/endo/colonoscopyQuality.owl#Entire_colon> -> <http://blulab.chpc.utah.edu/ontologies/schema/endo/colonoscopyQuality.owl#Sigmoid_colon> -> <http://blulab.chpc.utah.edu/ontologies/schema/endo/colonoscopyQuality.owl#Wall_of_sigmoid_colon> -> <http://blulab.chpc.utah.edu/ontologies/schema/endo/colonoscopyQuality.owl#Serosa_of_sigmoid_colon> -> <http://blulab.chpc.utah.edu/ontologies/schema/endo/colonoscopyQuality.owl#Mesothelium_of_visceral_peritoneum>, <http://blulab.chpc.utah.edu/ontologies/v2/ConText.owl#Lexicon> -> <http://blulab.chpc.utah.edu/ontologies/v2/ConText.owl#Modifier> -> <http://blulab.chpc.utah.edu/ontologies/v2/ConText.owl#SemanticModifier> -> <http://blulab.chpc.utah.edu/ontologies/v2/ConText.owl#BodySite> -> <http://blulab.chpc.utah.edu/ontologies/schema/endo/colonoscopyQuality.owl#Colon_structure> -> <http://blulab.chpc.utah.edu/ontologies/schema/endo/colonoscopyQuality.owl#Region_of_colon> -> <http://blulab.chpc.utah.edu/ontologies/schema/endo/colonoscopyQuality.owl#Sigmoid_colon> -> <http://blulab.chpc.utah.edu/ontologies/schema/endo/colonoscopyQuality.owl#Wall_of_sigmoid_colon> -> <http://blulab.chpc.utah.edu/ontologies/schema/endo/colonoscopyQuality.owl#Serosa_of_sigmoid_colon> -> <http://blulab.chpc.utah.edu/ontologies/schema/endo/colonoscopyQuality.owl#Mesothelium_of_visceral_peritoneum>, <http://blulab.chpc.utah.edu/ontologies/v2/ConText.owl#Lexicon> -> <http://blulab.chpc.utah.edu/ontologies/v2/ConText.owl#Modifier> -> <http://blulab.chpc.utah.edu/ontologies/v2/ConText.owl#SemanticModifier> -> <http://blulab.chpc.utah.edu/ontologies/v2/ConText.owl#BodySite> -> <http://blulab.chpc.utah.edu/ontologies/schema/endo/colonoscopyQuality.owl#Colon_structure> -> <http://blulab.chpc.utah.edu/ontologies/schema/endo/colonoscopyQuality.owl#Transverse_colon> -> <http://blulab.chpc.utah.edu/ontologies/schema/endo/colonoscopyQuality.owl#Wall_of_transverse_colon> -> <http://blulab.chpc.utah.edu/ontologies/schema/endo/colonoscopyQuality.owl#Serosa_of_transverse_colon> -> <http://blulab.chpc.utah.edu/ontologies/schema/endo/colonoscopyQuality.owl#Mesothelium_of_visceral_peritoneum>, <http://blulab.chpc.utah.edu/ontologies/v2/ConText.owl#Lexicon> -> <http://blulab.chpc.utah.edu/ontologies/v2/ConText.owl#Modifier> -> <http://blulab.chpc.utah.edu/ontologies/v2/ConText.owl#SemanticModifier> -> <http://blulab.chpc.utah.edu/ontologies/v2/ConText.owl#BodySite> -> <http://blulab.chpc.utah.edu/ontologies/schema/endo/colonoscopyQuality.owl#Colon_structure> -> <http://blulab.chpc.utah.edu/ontologies/schema/endo/colonoscopyQuality.owl#Entire_colon> -> <http://blulab.chpc.utah.edu/ontologies/schema/endo/colonoscopyQuality.owl#Transverse_colon> -> <http://blulab.chpc.utah.edu/ontologies/schema/endo/colonoscopyQuality.owl#Wall_of_transverse_colon> -> <http://blulab.chpc.utah.edu/ontologies/schema/endo/colonoscopyQuality.owl#Serosa_of_transverse_colon> -> <http://blulab.chpc.utah.edu/ontologies/schema/endo/colonoscopyQuality.owl#Mesothelium_of_visceral_peritoneum>, <http://blulab.chpc.utah.edu/ontologies/v2/ConText.owl#Lexicon> -> <http://blulab.chpc.utah.edu/ontologies/v2/ConText.owl#Modifier> -> <http://blulab.chpc.utah.edu/ontologies/v2/ConText.owl#SemanticModifier> -> <http://blulab.chpc.utah.edu/ontologies/v2/ConText.owl#BodySite> -> <http://blulab.chpc.utah.edu/ontologies/schema/endo/colonoscopyQuality.owl#Colon_structure> -> <http://blulab.chpc.utah.edu/ontologies/schema/endo/colonoscopyQuality.owl#Region_of_colon> -> <http://blulab.chpc.utah.edu/ontologies/schema/endo/colonoscopyQuality.owl#Transverse_colon> -> <http://blulab.chpc.utah.edu/ontologies/schema/endo/colonoscopyQuality.owl#Wall_of_transverse_colon> -> <http://blulab.chpc.utah.edu/ontologies/schema/endo/colonoscopyQuality.owl#Serosa_of_transverse_colon> -> <http://blulab.chpc.utah.edu/ontologies/schema/endo/colonoscopyQuality.owl#Mesothelium_of_visceral_peritoneum>, <http://blulab.chpc.utah.edu/ontologies/v2/ConText.owl#Lexicon> -> <http://blulab.chpc.utah.edu/ontologies/v2/ConText.owl#Modifier> -> <http://blulab.chpc.utah.edu/ontologies/v2/ConText.owl#SemanticModifier> -> <http://blulab.chpc.utah.edu/ontologies/v2/ConText.owl#BodySite> -> <http://blulab.chpc.utah.edu/ontologies/schema/endo/colonoscopyQuality.owl#Colon_structure> -> <http://blulab.chpc.utah.edu/ontologies/schema/endo/colonoscopyQuality.owl#Cecum> -> <http://blulab.chpc.utah.edu/ontologies/schema/endo/colonoscopyQuality.owl#Appendix> -> <http://blulab.chpc.utah.edu/ontologies/schema/endo/colonoscopyQuality.owl#Wall_of_appendix> -> <http://blulab.chpc.utah.edu/ontologies/schema/endo/colonoscopyQuality.owl#Appendiceal_serosa> -> <http://blulab.chpc.utah.edu/ontologies/schema/endo/colonoscopyQuality.owl#Mesothelium_of_visceral_peritoneum>, <http://blulab.chpc.utah.edu/ontologies/v2/ConText.owl#Lexicon> -> <http://blulab.chpc.utah.edu/ontologies/v2/ConText.owl#Modifier> -> <http://blulab.chpc.utah.edu/ontologies/v2/ConText.owl#SemanticModifier> -> <http://blulab.chpc.utah.edu/ontologies/v2/ConText.owl#BodySite> -> <http://blulab.chpc.utah.edu/ontologies/schema/endo/colonoscopyQuality.owl#Colon_structure> -> <http://blulab.chpc.utah.edu/ontologies/schema/endo/colonoscopyQuality.owl#Appendix> -> <http://blulab.chpc.utah.edu/ontologies/schema/endo/colonoscopyQuality.owl#Wall_of_appendix> -> <http://blulab.chpc.utah.edu/ontologies/schema/endo/colonoscopyQuality.owl#Appendiceal_serosa> -> <http://blulab.chpc.utah.edu/ontologies/schema/endo/colonoscopyQuality.owl#Mesothelium_of_visceral_peritoneum>, <http://blulab.chpc.utah.edu/ontologies/v2/ConText.owl#Lexicon> -> <http://blulab.chpc.utah.edu/ontologies/v2/ConText.owl#Modifier> -> <http://blulab.chpc.utah.edu/ontologies/v2/ConText.owl#SemanticModifier> -> <http://blulab.chpc.utah.edu/ontologies/v2/ConText.owl#BodySite> -> <http://blulab.chpc.utah.edu/ontologies/schema/endo/colonoscopyQuality.owl#Colon_structure> -> <http://blulab.chpc.utah.edu/ontologies/schema/endo/colonoscopyQuality.owl#Appendix> -> <http://blulab.chpc.utah.edu/ontologies/schema/endo/colonoscopyQuality.owl#Entire_appendix> -> <http://blulab.chpc.utah.edu/ontologies/schema/endo/colonoscopyQuality.owl#Appendiceal_serosa> -> <http://blulab.chpc.utah.edu/ontologies/schema/endo/colonoscopyQuality.owl#Mesothelium_of_visceral_peritoneum>]]

	Modifier: Colonic_submucosa, uri=http://blulab.chpc.utah.edu/ontologies/schema/endo/colonoscopyQuality.owl#Colonic_submucosa, type= Semantic, classPath= [<http://blulab.chpc.utah.edu/ontologies/v2/ConText.owl#Lexicon> -> <http://blulab.chpc.utah.edu/ontologies/v2/ConText.owl#Modifier> -> <http://blulab.chpc.utah.edu/ontologies/v2/ConText.owl#SemanticModifier> -> <http://blulab.chpc.utah.edu/ontologies/v2/ConText.owl#BodySite> -> <http://blulab.chpc.utah.edu/ontologies/schema/endo/colonoscopyQuality.owl#Colon_structure> -> <http://blulab.chpc.utah.edu/ontologies/schema/endo/colonoscopyQuality.owl#Entire_colon> -> <http://blulab.chpc.utah.edu/ontologies/schema/endo/colonoscopyQuality.owl#Colonic_submucosa>, <http://blulab.chpc.utah.edu/ontologies/v2/ConText.owl#Lexicon> -> <http://blulab.chpc.utah.edu/ontologies/v2/ConText.owl#Modifier> -> <http://blulab.chpc.utah.edu/ontologies/v2/ConText.owl#SemanticModifier> -> <http://blulab.chpc.utah.edu/ontologies/v2/ConText.owl#BodySite> -> <http://blulab.chpc.utah.edu/ontologies/schema/endo/colonoscopyQuality.owl#Colon_structure> -> <http://blulab.chpc.utah.edu/ontologies/schema/endo/colonoscopyQuality.owl#Wall_of_colon> -> <http://blulab.chpc.utah.edu/ontologies/schema/endo/colonoscopyQuality.owl#Colonic_submucosa>]]

	Modifier: Colonic_subserosa, uri=http://blulab.chpc.utah.edu/ontologies/schema/endo/colonoscopyQuality.owl#Colonic_subserosa, type= Semantic, classPath= [<http://blulab.chpc.utah.edu/ontologies/v2/ConText.owl#Lexicon> -> <http://blulab.chpc.utah.edu/ontologies/v2/ConText.owl#Modifier> -> <http://blulab.chpc.utah.edu/ontologies/v2/ConText.owl#SemanticModifier> -> <http://blulab.chpc.utah.edu/ontologies/v2/ConText.owl#BodySite> -> <http://blulab.chpc.utah.edu/ontologies/schema/endo/colonoscopyQuality.owl#Colon_structure> -> <http://blulab.chpc.utah.edu/ontologies/schema/endo/colonoscopyQuality.owl#Entire_colon> -> <http://blulab.chpc.utah.edu/ontologies/schema/endo/colonoscopyQuality.owl#Colonic_subserosa>, <http://blulab.chpc.utah.edu/ontologies/v2/ConText.owl#Lexicon> -> <http://blulab.chpc.utah.edu/ontologies/v2/ConText.owl#Modifier> -> <http://blulab.chpc.utah.edu/ontologies/v2/ConText.owl#SemanticModifier> -> <http://blulab.chpc.utah.edu/ontologies/v2/ConText.owl#BodySite> -> <http://blulab.chpc.utah.edu/ontologies/schema/endo/colonoscopyQuality.owl#Colon_structure> -> <http://blulab.chpc.utah.edu/ontologies/schema/endo/colonoscopyQuality.owl#Wall_of_colon> -> <http://blulab.chpc.utah.edu/ontologies/schema/endo/colonoscopyQuality.owl#Colonic_subserosa>]]

	Modifier: Entire_right_colon, uri=http://blulab.chpc.utah.edu/ontologies/schema/endo/colonoscopyQuality.owl#Entire_right_colon, type= Semantic, classPath= [<http://blulab.chpc.utah.edu/ontologies/v2/ConText.owl#Lexicon> -> <http://blulab.chpc.utah.edu/ontologies/v2/ConText.owl#Modifier> -> <http://blulab.chpc.utah.edu/ontologies/v2/ConText.owl#SemanticModifier> -> <http://blulab.chpc.utah.edu/ontologies/v2/ConText.owl#BodySite> -> <http://blulab.chpc.utah.edu/ontologies/schema/endo/colonoscopyQuality.owl#Colon_structure> -> <http://blulab.chpc.utah.edu/ontologies/schema/endo/colonoscopyQuality.owl#Entire_colon> -> <http://blulab.chpc.utah.edu/ontologies/schema/endo/colonoscopyQuality.owl#Entire_right_colon>, <http://blulab.chpc.utah.edu/ontologies/v2/ConText.owl#Lexicon> -> <http://blulab.chpc.utah.edu/ontologies/v2/ConText.owl#Modifier> -> <http://blulab.chpc.utah.edu/ontologies/v2/ConText.owl#SemanticModifier> -> <http://blulab.chpc.utah.edu/ontologies/v2/ConText.owl#BodySite> -> <http://blulab.chpc.utah.edu/ontologies/schema/endo/colonoscopyQuality.owl#Colon_structure> -> <http://blulab.chpc.utah.edu/ontologies/schema/endo/colonoscopyQuality.owl#Entire_colon> -> <http://blulab.chpc.utah.edu/ontologies/schema/endo/colonoscopyQuality.owl#Right_colon> -> <http://blulab.chpc.utah.edu/ontologies/schema/endo/colonoscopyQuality.owl#Entire_right_colon>]]

	Modifier: Ascending_colon, uri=http://blulab.chpc.utah.edu/ontologies/schema/endo/colonoscopyQuality.owl#Ascending_colon, type= Semantic, classPath= [<http://blulab.chpc.utah.edu/ontologies/v2/ConText.owl#Lexicon> -> <http://blulab.chpc.utah.edu/ontologies/v2/ConText.owl#Modifier> -> <http://blulab.chpc.utah.edu/ontologies/v2/ConText.owl#SemanticModifier> -> <http://blulab.chpc.utah.edu/ontologies/v2/ConText.owl#BodySite> -> <http://blulab.chpc.utah.edu/ontologies/schema/endo/colonoscopyQuality.owl#Colon_structure> -> <http://blulab.chpc.utah.edu/ontologies/schema/endo/colonoscopyQuality.owl#Ascending_colon>, <http://blulab.chpc.utah.edu/ontologies/v2/ConText.owl#Lexicon> -> <http://blulab.chpc.utah.edu/ontologies/v2/ConText.owl#Modifier> -> <http://blulab.chpc.utah.edu/ontologies/v2/ConText.owl#SemanticModifier> -> <http://blulab.chpc.utah.edu/ontologies/v2/ConText.owl#BodySite> -> <http://blulab.chpc.utah.edu/ontologies/schema/endo/colonoscopyQuality.owl#Colon_structure> -> <http://blulab.chpc.utah.edu/ontologies/schema/endo/colonoscopyQuality.owl#Entire_colon> -> <http://blulab.chpc.utah.edu/ontologies/schema/endo/colonoscopyQuality.owl#Right_colon> -> <http://blulab.chpc.utah.edu/ontologies/schema/endo/colonoscopyQuality.owl#Entire_right_colon> -> <http://blulab.chpc.utah.edu/ontologies/schema/endo/colonoscopyQuality.owl#Ascending_colon>, <http://blulab.chpc.utah.edu/ontologies/v2/ConText.owl#Lexicon> -> <http://blulab.chpc.utah.edu/ontologies/v2/ConText.owl#Modifier> -> <http://blulab.chpc.utah.edu/ontologies/v2/ConText.owl#SemanticModifier> -> <http://blulab.chpc.utah.edu/ontologies/v2/ConText.owl#BodySite> -> <http://blulab.chpc.utah.edu/ontologies/schema/endo/colonoscopyQuality.owl#Colon_structure> -> <http://blulab.chpc.utah.edu/ontologies/schema/endo/colonoscopyQuality.owl#Entire_colon> -> <http://blulab.chpc.utah.edu/ontologies/schema/endo/colonoscopyQuality.owl#Entire_right_colon> -> <http://blulab.chpc.utah.edu/ontologies/schema/endo/colonoscopyQuality.owl#Ascending_colon>, <http://blulab.chpc.utah.edu/ontologies/v2/ConText.owl#Lexicon> -> <http://blulab.chpc.utah.edu/ontologies/v2/ConText.owl#Modifier> -> <http://blulab.chpc.utah.edu/ontologies/v2/ConText.owl#SemanticModifier> -> <http://blulab.chpc.utah.edu/ontologies/v2/ConText.owl#BodySite> -> <http://blulab.chpc.utah.edu/ontologies/schema/endo/colonoscopyQuality.owl#Colon_structure> -> <http://blulab.chpc.utah.edu/ontologies/schema/endo/colonoscopyQuality.owl#Region_of_colon> -> <http://blulab.chpc.utah.edu/ontologies/schema/endo/colonoscopyQuality.owl#Ascending_colon>, <http://blulab.chpc.utah.edu/ontologies/v2/ConText.owl#Lexicon> -> <http://blulab.chpc.utah.edu/ontologies/v2/ConText.owl#Modifier> -> <http://blulab.chpc.utah.edu/ontologies/v2/ConText.owl#SemanticModifier> -> <http://blulab.chpc.utah.edu/ontologies/v2/ConText.owl#BodySite> -> <http://blulab.chpc.utah.edu/ontologies/schema/endo/colonoscopyQuality.owl#Colon_structure> -> <http://blulab.chpc.utah.edu/ontologies/schema/endo/colonoscopyQuality.owl#Entire_colon> -> <http://blulab.chpc.utah.edu/ontologies/schema/endo/colonoscopyQuality.owl#Right_colon> -> <http://blulab.chpc.utah.edu/ontologies/schema/endo/colonoscopyQuality.owl#Ascending_colon>]]

	Modifier: Left_colon, uri=http://blulab.chpc.utah.edu/ontologies/schema/endo/colonoscopyQuality.owl#Left_colon, type= Semantic, classPath= [<http://blulab.chpc.utah.edu/ontologies/v2/ConText.owl#Lexicon> -> <http://blulab.chpc.utah.edu/ontologies/v2/ConText.owl#Modifier> -> <http://blulab.chpc.utah.edu/ontologies/v2/ConText.owl#SemanticModifier> -> <http://blulab.chpc.utah.edu/ontologies/v2/ConText.owl#BodySite> -> <http://blulab.chpc.utah.edu/ontologies/schema/endo/colonoscopyQuality.owl#Colon_structure> -> <http://blulab.chpc.utah.edu/ontologies/schema/endo/colonoscopyQuality.owl#Left_colon>, <http://blulab.chpc.utah.edu/ontologies/v2/ConText.owl#Lexicon> -> <http://blulab.chpc.utah.edu/ontologies/v2/ConText.owl#Modifier> -> <http://blulab.chpc.utah.edu/ontologies/v2/ConText.owl#SemanticModifier> -> <http://blulab.chpc.utah.edu/ontologies/v2/ConText.owl#BodySite> -> <http://blulab.chpc.utah.edu/ontologies/schema/endo/colonoscopyQuality.owl#Colon_structure> -> <http://blulab.chpc.utah.edu/ontologies/schema/endo/colonoscopyQuality.owl#Entire_colon> -> <http://blulab.chpc.utah.edu/ontologies/schema/endo/colonoscopyQuality.owl#Left_colon>]]

	Modifier: Descending_colon, uri=http://blulab.chpc.utah.edu/ontologies/schema/endo/colonoscopyQuality.owl#Descending_colon, type= Semantic, classPath= [<http://blulab.chpc.utah.edu/ontologies/v2/ConText.owl#Lexicon> -> <http://blulab.chpc.utah.edu/ontologies/v2/ConText.owl#Modifier> -> <http://blulab.chpc.utah.edu/ontologies/v2/ConText.owl#SemanticModifier> -> <http://blulab.chpc.utah.edu/ontologies/v2/ConText.owl#BodySite> -> <http://blulab.chpc.utah.edu/ontologies/schema/endo/colonoscopyQuality.owl#Colon_structure> -> <http://blulab.chpc.utah.edu/ontologies/schema/endo/colonoscopyQuality.owl#Descending_colon>, <http://blulab.chpc.utah.edu/ontologies/v2/ConText.owl#Lexicon> -> <http://blulab.chpc.utah.edu/ontologies/v2/ConText.owl#Modifier> -> <http://blulab.chpc.utah.edu/ontologies/v2/ConText.owl#SemanticModifier> -> <http://blulab.chpc.utah.edu/ontologies/v2/ConText.owl#BodySite> -> <http://blulab.chpc.utah.edu/ontologies/schema/endo/colonoscopyQuality.owl#Colon_structure> -> <http://blulab.chpc.utah.edu/ontologies/schema/endo/colonoscopyQuality.owl#Left_colon> -> <http://blulab.chpc.utah.edu/ontologies/schema/endo/colonoscopyQuality.owl#Entire_left_colon> -> <http://blulab.chpc.utah.edu/ontologies/schema/endo/colonoscopyQuality.owl#Descending_colon>, <http://blulab.chpc.utah.edu/ontologies/v2/ConText.owl#Lexicon> -> <http://blulab.chpc.utah.edu/ontologies/v2/ConText.owl#Modifier> -> <http://blulab.chpc.utah.edu/ontologies/v2/ConText.owl#SemanticModifier> -> <http://blulab.chpc.utah.edu/ontologies/v2/ConText.owl#BodySite> -> <http://blulab.chpc.utah.edu/ontologies/schema/endo/colonoscopyQuality.owl#Colon_structure> -> <http://blulab.chpc.utah.edu/ontologies/schema/endo/colonoscopyQuality.owl#Entire_colon> -> <http://blulab.chpc.utah.edu/ontologies/schema/endo/colonoscopyQuality.owl#Left_colon> -> <http://blulab.chpc.utah.edu/ontologies/schema/endo/colonoscopyQuality.owl#Entire_left_colon> -> <http://blulab.chpc.utah.edu/ontologies/schema/endo/colonoscopyQuality.owl#Descending_colon>, <http://blulab.chpc.utah.edu/ontologies/v2/ConText.owl#Lexicon> -> <http://blulab.chpc.utah.edu/ontologies/v2/ConText.owl#Modifier> -> <http://blulab.chpc.utah.edu/ontologies/v2/ConText.owl#SemanticModifier> -> <http://blulab.chpc.utah.edu/ontologies/v2/ConText.owl#BodySite> -> <http://blulab.chpc.utah.edu/ontologies/schema/endo/colonoscopyQuality.owl#Colon_structure> -> <http://blulab.chpc.utah.edu/ontologies/schema/endo/colonoscopyQuality.owl#Entire_colon> -> <http://blulab.chpc.utah.edu/ontologies/schema/endo/colonoscopyQuality.owl#Left_colon> -> <http://blulab.chpc.utah.edu/ontologies/schema/endo/colonoscopyQuality.owl#Descending_colon>, <http://blulab.chpc.utah.edu/ontologies/v2/ConText.owl#Lexicon> -> <http://blulab.chpc.utah.edu/ontologies/v2/ConText.owl#Modifier> -> <http://blulab.chpc.utah.edu/ontologies/v2/ConText.owl#SemanticModifier> -> <http://blulab.chpc.utah.edu/ontologies/v2/ConText.owl#BodySite> -> <http://blulab.chpc.utah.edu/ontologies/schema/endo/colonoscopyQuality.owl#Colon_structure> -> <http://blulab.chpc.utah.edu/ontologies/schema/endo/colonoscopyQuality.owl#Left_colon> -> <http://blulab.chpc.utah.edu/ontologies/schema/endo/colonoscopyQuality.owl#Descending_colon>, <http://blulab.chpc.utah.edu/ontologies/v2/ConText.owl#Lexicon> -> <http://blulab.chpc.utah.edu/ontologies/v2/ConText.owl#Modifier> -> <http://blulab.chpc.utah.edu/ontologies/v2/ConText.owl#SemanticModifier> -> <http://blulab.chpc.utah.edu/ontologies/v2/ConText.owl#BodySite> -> <http://blulab.chpc.utah.edu/ontologies/schema/endo/colonoscopyQuality.owl#Colon_structure> -> <http://blulab.chpc.utah.edu/ontologies/schema/endo/colonoscopyQuality.owl#Region_of_colon> -> <http://blulab.chpc.utah.edu/ontologies/schema/endo/colonoscopyQuality.owl#Descending_colon>]]

	Modifier: Entire_left_colon, uri=http://blulab.chpc.utah.edu/ontologies/schema/endo/colonoscopyQuality.owl#Entire_left_colon, type= Semantic, classPath= [<http://blulab.chpc.utah.edu/ontologies/v2/ConText.owl#Lexicon> -> <http://blulab.chpc.utah.edu/ontologies/v2/ConText.owl#Modifier> -> <http://blulab.chpc.utah.edu/ontologies/v2/ConText.owl#SemanticModifier> -> <http://blulab.chpc.utah.edu/ontologies/v2/ConText.owl#BodySite> -> <http://blulab.chpc.utah.edu/ontologies/schema/endo/colonoscopyQuality.owl#Colon_structure> -> <http://blulab.chpc.utah.edu/ontologies/schema/endo/colonoscopyQuality.owl#Left_colon> -> <http://blulab.chpc.utah.edu/ontologies/schema/endo/colonoscopyQuality.owl#Entire_left_colon>, <http://blulab.chpc.utah.edu/ontologies/v2/ConText.owl#Lexicon> -> <http://blulab.chpc.utah.edu/ontologies/v2/ConText.owl#Modifier> -> <http://blulab.chpc.utah.edu/ontologies/v2/ConText.owl#SemanticModifier> -> <http://blulab.chpc.utah.edu/ontologies/v2/ConText.owl#BodySite> -> <http://blulab.chpc.utah.edu/ontologies/schema/endo/colonoscopyQuality.owl#Colon_structure> -> <http://blulab.chpc.utah.edu/ontologies/schema/endo/colonoscopyQuality.owl#Entire_colon> -> <http://blulab.chpc.utah.edu/ontologies/schema/endo/colonoscopyQuality.owl#Left_colon> -> <http://blulab.chpc.utah.edu/ontologies/schema/endo/colonoscopyQuality.owl#Entire_left_colon>]]

	Modifier: Descending_colon, uri=http://blulab.chpc.utah.edu/ontologies/schema/endo/colonoscopyQuality.owl#Descending_colon, type= Semantic, classPath= [<http://blulab.chpc.utah.edu/ontologies/v2/ConText.owl#Lexicon> -> <http://blulab.chpc.utah.edu/ontologies/v2/ConText.owl#Modifier> -> <http://blulab.chpc.utah.edu/ontologies/v2/ConText.owl#SemanticModifier> -> <http://blulab.chpc.utah.edu/ontologies/v2/ConText.owl#BodySite> -> <http://blulab.chpc.utah.edu/ontologies/schema/endo/colonoscopyQuality.owl#Colon_structure> -> <http://blulab.chpc.utah.edu/ontologies/schema/endo/colonoscopyQuality.owl#Descending_colon>, <http://blulab.chpc.utah.edu/ontologies/v2/ConText.owl#Lexicon> -> <http://blulab.chpc.utah.edu/ontologies/v2/ConText.owl#Modifier> -> <http://blulab.chpc.utah.edu/ontologies/v2/ConText.owl#SemanticModifier> -> <http://blulab.chpc.utah.edu/ontologies/v2/ConText.owl#BodySite> -> <http://blulab.chpc.utah.edu/ontologies/schema/endo/colonoscopyQuality.owl#Colon_structure> -> <http://blulab.chpc.utah.edu/ontologies/schema/endo/colonoscopyQuality.owl#Left_colon> -> <http://blulab.chpc.utah.edu/ontologies/schema/endo/colonoscopyQuality.owl#Entire_left_colon> -> <http://blulab.chpc.utah.edu/ontologies/schema/endo/colonoscopyQuality.owl#Descending_colon>, <http://blulab.chpc.utah.edu/ontologies/v2/ConText.owl#Lexicon> -> <http://blulab.chpc.utah.edu/ontologies/v2/ConText.owl#Modifier> -> <http://blulab.chpc.utah.edu/ontologies/v2/ConText.owl#SemanticModifier> -> <http://blulab.chpc.utah.edu/ontologies/v2/ConText.owl#BodySite> -> <http://blulab.chpc.utah.edu/ontologies/schema/endo/colonoscopyQuality.owl#Colon_structure> -> <http://blulab.chpc.utah.edu/ontologies/schema/endo/colonoscopyQuality.owl#Entire_colon> -> <http://blulab.chpc.utah.edu/ontologies/schema/endo/colonoscopyQuality.owl#Left_colon> -> <http://blulab.chpc.utah.edu/ontologies/schema/endo/colonoscopyQuality.owl#Entire_left_colon> -> <http://blulab.chpc.utah.edu/ontologies/schema/endo/colonoscopyQuality.owl#Descending_colon>, <http://blulab.chpc.utah.edu/ontologies/v2/ConText.owl#Lexicon> -> <http://blulab.chpc.utah.edu/ontologies/v2/ConText.owl#Modifier> -> <http://blulab.chpc.utah.edu/ontologies/v2/ConText.owl#SemanticModifier> -> <http://blulab.chpc.utah.edu/ontologies/v2/ConText.owl#BodySite> -> <http://blulab.chpc.utah.edu/ontologies/schema/endo/colonoscopyQuality.owl#Colon_structure> -> <http://blulab.chpc.utah.edu/ontologies/schema/endo/colonoscopyQuality.owl#Entire_colon> -> <http://blulab.chpc.utah.edu/ontologies/schema/endo/colonoscopyQuality.owl#Left_colon> -> <http://blulab.chpc.utah.edu/ontologies/schema/endo/colonoscopyQuality.owl#Descending_colon>, <http://blulab.chpc.utah.edu/ontologies/v2/ConText.owl#Lexicon> -> <http://blulab.chpc.utah.edu/ontologies/v2/ConText.owl#Modifier> -> <http://blulab.chpc.utah.edu/ontologies/v2/ConText.owl#SemanticModifier> -> <http://blulab.chpc.utah.edu/ontologies/v2/ConText.owl#BodySite> -> <http://blulab.chpc.utah.edu/ontologies/schema/endo/colonoscopyQuality.owl#Colon_structure> -> <http://blulab.chpc.utah.edu/ontologies/schema/endo/colonoscopyQuality.owl#Left_colon> -> <http://blulab.chpc.utah.edu/ontologies/schema/endo/colonoscopyQuality.owl#Descending_colon>, <http://blulab.chpc.utah.edu/ontologies/v2/ConText.owl#Lexicon> -> <http://blulab.chpc.utah.edu/ontologies/v2/ConText.owl#Modifier> -> <http://blulab.chpc.utah.edu/ontologies/v2/ConText.owl#SemanticModifier> -> <http://blulab.chpc.utah.edu/ontologies/v2/ConText.owl#BodySite> -> <http://blulab.chpc.utah.edu/ontologies/schema/endo/colonoscopyQuality.owl#Colon_structure> -> <http://blulab.chpc.utah.edu/ontologies/schema/endo/colonoscopyQuality.owl#Region_of_colon> -> <http://blulab.chpc.utah.edu/ontologies/schema/endo/colonoscopyQuality.owl#Descending_colon>]]

	Modifier: Right_colon, uri=http://blulab.chpc.utah.edu/ontologies/schema/endo/colonoscopyQuality.owl#Right_colon, type= Semantic, classPath= [<http://blulab.chpc.utah.edu/ontologies/v2/ConText.owl#Lexicon> -> <http://blulab.chpc.utah.edu/ontologies/v2/ConText.owl#Modifier> -> <http://blulab.chpc.utah.edu/ontologies/v2/ConText.owl#SemanticModifier> -> <http://blulab.chpc.utah.edu/ontologies/v2/ConText.owl#BodySite> -> <http://blulab.chpc.utah.edu/ontologies/schema/endo/colonoscopyQuality.owl#Colon_structure> -> <http://blulab.chpc.utah.edu/ontologies/schema/endo/colonoscopyQuality.owl#Entire_colon> -> <http://blulab.chpc.utah.edu/ontologies/schema/endo/colonoscopyQuality.owl#Right_colon>]]

	Modifier: Ascending_colon, uri=http://blulab.chpc.utah.edu/ontologies/schema/endo/colonoscopyQuality.owl#Ascending_colon, type= Semantic, classPath= [<http://blulab.chpc.utah.edu/ontologies/v2/ConText.owl#Lexicon> -> <http://blulab.chpc.utah.edu/ontologies/v2/ConText.owl#Modifier> -> <http://blulab.chpc.utah.edu/ontologies/v2/ConText.owl#SemanticModifier> -> <http://blulab.chpc.utah.edu/ontologies/v2/ConText.owl#BodySite> -> <http://blulab.chpc.utah.edu/ontologies/schema/endo/colonoscopyQuality.owl#Colon_structure> -> <http://blulab.chpc.utah.edu/ontologies/schema/endo/colonoscopyQuality.owl#Ascending_colon>, <http://blulab.chpc.utah.edu/ontologies/v2/ConText.owl#Lexicon> -> <http://blulab.chpc.utah.edu/ontologies/v2/ConText.owl#Modifier> -> <http://blulab.chpc.utah.edu/ontologies/v2/ConText.owl#SemanticModifier> -> <http://blulab.chpc.utah.edu/ontologies/v2/ConText.owl#BodySite> -> <http://blulab.chpc.utah.edu/ontologies/schema/endo/colonoscopyQuality.owl#Colon_structure> -> <http://blulab.chpc.utah.edu/ontologies/schema/endo/colonoscopyQuality.owl#Entire_colon> -> <http://blulab.chpc.utah.edu/ontologies/schema/endo/colonoscopyQuality.owl#Right_colon> -> <http://blulab.chpc.utah.edu/ontologies/schema/endo/colonoscopyQuality.owl#Entire_right_colon> -> <http://blulab.chpc.utah.edu/ontologies/schema/endo/colonoscopyQuality.owl#Ascending_colon>, <http://blulab.chpc.utah.edu/ontologies/v2/ConText.owl#Lexicon> -> <http://blulab.chpc.utah.edu/ontologies/v2/ConText.owl#Modifier> -> <http://blulab.chpc.utah.edu/ontologies/v2/ConText.owl#SemanticModifier> -> <http://blulab.chpc.utah.edu/ontologies/v2/ConText.owl#BodySite> -> <http://blulab.chpc.utah.edu/ontologies/schema/endo/colonoscopyQuality.owl#Colon_structure> -> <http://blulab.chpc.utah.edu/ontologies/schema/endo/colonoscopyQuality.owl#Entire_colon> -> <http://blulab.chpc.utah.edu/ontologies/schema/endo/colonoscopyQuality.owl#Entire_right_colon> -> <http://blulab.chpc.utah.edu/ontologies/schema/endo/colonoscopyQuality.owl#Ascending_colon>, <http://blulab.chpc.utah.edu/ontologies/v2/ConText.owl#Lexicon> -> <http://blulab.chpc.utah.edu/ontologies/v2/ConText.owl#Modifier> -> <http://blulab.chpc.utah.edu/ontologies/v2/ConText.owl#SemanticModifier> -> <http://blulab.chpc.utah.edu/ontologies/v2/ConText.owl#BodySite> -> <http://blulab.chpc.utah.edu/ontologies/schema/endo/colonoscopyQuality.owl#Colon_structure> -> <http://blulab.chpc.utah.edu/ontologies/schema/endo/colonoscopyQuality.owl#Region_of_colon> -> <http://blulab.chpc.utah.edu/ontologies/schema/endo/colonoscopyQuality.owl#Ascending_colon>, <http://blulab.chpc.utah.edu/ontologies/v2/ConText.owl#Lexicon> -> <http://blulab.chpc.utah.edu/ontologies/v2/ConText.owl#Modifier> -> <http://blulab.chpc.utah.edu/ontologies/v2/ConText.owl#SemanticModifier> -> <http://blulab.chpc.utah.edu/ontologies/v2/ConText.owl#BodySite> -> <http://blulab.chpc.utah.edu/ontologies/schema/endo/colonoscopyQuality.owl#Colon_structure> -> <http://blulab.chpc.utah.edu/ontologies/schema/endo/colonoscopyQuality.owl#Entire_colon> -> <http://blulab.chpc.utah.edu/ontologies/schema/endo/colonoscopyQuality.owl#Right_colon> -> <http://blulab.chpc.utah.edu/ontologies/schema/endo/colonoscopyQuality.owl#Ascending_colon>]]

	Modifier: Entire_right_colon, uri=http://blulab.chpc.utah.edu/ontologies/schema/endo/colonoscopyQuality.owl#Entire_right_colon, type= Semantic, classPath= [<http://blulab.chpc.utah.edu/ontologies/v2/ConText.owl#Lexicon> -> <http://blulab.chpc.utah.edu/ontologies/v2/ConText.owl#Modifier> -> <http://blulab.chpc.utah.edu/ontologies/v2/ConText.owl#SemanticModifier> -> <http://blulab.chpc.utah.edu/ontologies/v2/ConText.owl#BodySite> -> <http://blulab.chpc.utah.edu/ontologies/schema/endo/colonoscopyQuality.owl#Colon_structure> -> <http://blulab.chpc.utah.edu/ontologies/schema/endo/colonoscopyQuality.owl#Entire_colon> -> <http://blulab.chpc.utah.edu/ontologies/schema/endo/colonoscopyQuality.owl#Entire_right_colon>, <http://blulab.chpc.utah.edu/ontologies/v2/ConText.owl#Lexicon> -> <http://blulab.chpc.utah.edu/ontologies/v2/ConText.owl#Modifier> -> <http://blulab.chpc.utah.edu/ontologies/v2/ConText.owl#SemanticModifier> -> <http://blulab.chpc.utah.edu/ontologies/v2/ConText.owl#BodySite> -> <http://blulab.chpc.utah.edu/ontologies/schema/endo/colonoscopyQuality.owl#Colon_structure> -> <http://blulab.chpc.utah.edu/ontologies/schema/endo/colonoscopyQuality.owl#Entire_colon> -> <http://blulab.chpc.utah.edu/ontologies/schema/endo/colonoscopyQuality.owl#Right_colon> -> <http://blulab.chpc.utah.edu/ontologies/schema/endo/colonoscopyQuality.owl#Entire_right_colon>]]

	Modifier: Sigmoid_colon, uri=http://blulab.chpc.utah.edu/ontologies/schema/endo/colonoscopyQuality.owl#Sigmoid_colon, type= Semantic, classPath= [<http://blulab.chpc.utah.edu/ontologies/v2/ConText.owl#Lexicon> -> <http://blulab.chpc.utah.edu/ontologies/v2/ConText.owl#Modifier> -> <http://blulab.chpc.utah.edu/ontologies/v2/ConText.owl#SemanticModifier> -> <http://blulab.chpc.utah.edu/ontologies/v2/ConText.owl#BodySite> -> <http://blulab.chpc.utah.edu/ontologies/schema/endo/colonoscopyQuality.owl#Colon_structure> -> <http://blulab.chpc.utah.edu/ontologies/schema/endo/colonoscopyQuality.owl#Sigmoid_colon>, <http://blulab.chpc.utah.edu/ontologies/v2/ConText.owl#Lexicon> -> <http://blulab.chpc.utah.edu/ontologies/v2/ConText.owl#Modifier> -> <http://blulab.chpc.utah.edu/ontologies/v2/ConText.owl#SemanticModifier> -> <http://blulab.chpc.utah.edu/ontologies/v2/ConText.owl#BodySite> -> <http://blulab.chpc.utah.edu/ontologies/schema/endo/colonoscopyQuality.owl#Colon_structure> -> <http://blulab.chpc.utah.edu/ontologies/schema/endo/colonoscopyQuality.owl#Entire_colon> -> <http://blulab.chpc.utah.edu/ontologies/schema/endo/colonoscopyQuality.owl#Sigmoid_colon>, <http://blulab.chpc.utah.edu/ontologies/v2/ConText.owl#Lexicon> -> <http://blulab.chpc.utah.edu/ontologies/v2/ConText.owl#Modifier> -> <http://blulab.chpc.utah.edu/ontologies/v2/ConText.owl#SemanticModifier> -> <http://blulab.chpc.utah.edu/ontologies/v2/ConText.owl#BodySite> -> <http://blulab.chpc.utah.edu/ontologies/schema/endo/colonoscopyQuality.owl#Colon_structure> -> <http://blulab.chpc.utah.edu/ontologies/schema/endo/colonoscopyQuality.owl#Region_of_colon> -> <http://blulab.chpc.utah.edu/ontologies/schema/endo/colonoscopyQuality.owl#Sigmoid_colon>]]

	Modifier: Distal_part_of_sigmoid_colon, uri=http://blulab.chpc.utah.edu/ontologies/schema/endo/colonoscopyQuality.owl#Distal_part_of_sigmoid_colon, type= Semantic, classPath= [<http://blulab.chpc.utah.edu/ontologies/v2/ConText.owl#Lexicon> -> <http://blulab.chpc.utah.edu/ontologies/v2/ConText.owl#Modifier> -> <http://blulab.chpc.utah.edu/ontologies/v2/ConText.owl#SemanticModifier> -> <http://blulab.chpc.utah.edu/ontologies/v2/ConText.owl#BodySite> -> <http://blulab.chpc.utah.edu/ontologies/schema/endo/colonoscopyQuality.owl#Colon_structure> -> <http://blulab.chpc.utah.edu/ontologies/schema/endo/colonoscopyQuality.owl#Sigmoid_colon> -> <http://blulab.chpc.utah.edu/ontologies/schema/endo/colonoscopyQuality.owl#Distal_part_of_sigmoid_colon>, <http://blulab.chpc.utah.edu/ontologies/v2/ConText.owl#Lexicon> -> <http://blulab.chpc.utah.edu/ontologies/v2/ConText.owl#Modifier> -> <http://blulab.chpc.utah.edu/ontologies/v2/ConText.owl#SemanticModifier> -> <http://blulab.chpc.utah.edu/ontologies/v2/ConText.owl#BodySite> -> <http://blulab.chpc.utah.edu/ontologies/schema/endo/colonoscopyQuality.owl#Colon_structure> -> <http://blulab.chpc.utah.edu/ontologies/schema/endo/colonoscopyQuality.owl#Entire_colon> -> <http://blulab.chpc.utah.edu/ontologies/schema/endo/colonoscopyQuality.owl#Sigmoid_colon> -> <http://blulab.chpc.utah.edu/ontologies/schema/endo/colonoscopyQuality.owl#Distal_part_of_sigmoid_colon>, <http://blulab.chpc.utah.edu/ontologies/v2/ConText.owl#Lexicon> -> <http://blulab.chpc.utah.edu/ontologies/v2/ConText.owl#Modifier> -> <http://blulab.chpc.utah.edu/ontologies/v2/ConText.owl#SemanticModifier> -> <http://blulab.chpc.utah.edu/ontologies/v2/ConText.owl#BodySite> -> <http://blulab.chpc.utah.edu/ontologies/schema/endo/colonoscopyQuality.owl#Colon_structure> -> <http://blulab.chpc.utah.edu/ontologies/schema/endo/colonoscopyQuality.owl#Region_of_colon> -> <http://blulab.chpc.utah.edu/ontologies/schema/endo/colonoscopyQuality.owl#Sigmoid_colon> -> <http://blulab.chpc.utah.edu/ontologies/schema/endo/colonoscopyQuality.owl#Distal_part_of_sigmoid_colon>]]

	Modifier: Entire_sigmoid_colon, uri=http://blulab.chpc.utah.edu/ontologies/schema/endo/colonoscopyQuality.owl#Entire_sigmoid_colon, type= Semantic, classPath= [<http://blulab.chpc.utah.edu/ontologies/v2/ConText.owl#Lexicon> -> <http://blulab.chpc.utah.edu/ontologies/v2/ConText.owl#Modifier> -> <http://blulab.chpc.utah.edu/ontologies/v2/ConText.owl#SemanticModifier> -> <http://blulab.chpc.utah.edu/ontologies/v2/ConText.owl#BodySite> -> <http://blulab.chpc.utah.edu/ontologies/schema/endo/colonoscopyQuality.owl#Colon_structure> -> <http://blulab.chpc.utah.edu/ontologies/schema/endo/colonoscopyQuality.owl#Sigmoid_colon> -> <http://blulab.chpc.utah.edu/ontologies/schema/endo/colonoscopyQuality.owl#Entire_sigmoid_colon>, <http://blulab.chpc.utah.edu/ontologies/v2/ConText.owl#Lexicon> -> <http://blulab.chpc.utah.edu/ontologies/v2/ConText.owl#Modifier> -> <http://blulab.chpc.utah.edu/ontologies/v2/ConText.owl#SemanticModifier> -> <http://blulab.chpc.utah.edu/ontologies/v2/ConText.owl#BodySite> -> <http://blulab.chpc.utah.edu/ontologies/schema/endo/colonoscopyQuality.owl#Colon_structure> -> <http://blulab.chpc.utah.edu/ontologies/schema/endo/colonoscopyQuality.owl#Entire_colon> -> <http://blulab.chpc.utah.edu/ontologies/schema/endo/colonoscopyQuality.owl#Sigmoid_colon> -> <http://blulab.chpc.utah.edu/ontologies/schema/endo/colonoscopyQuality.owl#Entire_sigmoid_colon>, <http://blulab.chpc.utah.edu/ontologies/v2/ConText.owl#Lexicon> -> <http://blulab.chpc.utah.edu/ontologies/v2/ConText.owl#Modifier> -> <http://blulab.chpc.utah.edu/ontologies/v2/ConText.owl#SemanticModifier> -> <http://blulab.chpc.utah.edu/ontologies/v2/ConText.owl#BodySite> -> <http://blulab.chpc.utah.edu/ontologies/schema/endo/colonoscopyQuality.owl#Colon_structure> -> <http://blulab.chpc.utah.edu/ontologies/schema/endo/colonoscopyQuality.owl#Region_of_colon> -> <http://blulab.chpc.utah.edu/ontologies/schema/endo/colonoscopyQuality.owl#Sigmoid_colon> -> <http://blulab.chpc.utah.edu/ontologies/schema/endo/colonoscopyQuality.owl#Entire_sigmoid_colon>]]

	Modifier: Mesosigmoid, uri=http://blulab.chpc.utah.edu/ontologies/schema/endo/colonoscopyQuality.owl#Mesosigmoid, type= Semantic, classPath= [<http://blulab.chpc.utah.edu/ontologies/v2/ConText.owl#Lexicon> -> <http://blulab.chpc.utah.edu/ontologies/v2/ConText.owl#Modifier> -> <http://blulab.chpc.utah.edu/ontologies/v2/ConText.owl#SemanticModifier> -> <http://blulab.chpc.utah.edu/ontologies/v2/ConText.owl#BodySite> -> <http://blulab.chpc.utah.edu/ontologies/schema/endo/colonoscopyQuality.owl#Colon_structure> -> <http://blulab.chpc.utah.edu/ontologies/schema/endo/colonoscopyQuality.owl#Sigmoid_colon> -> <http://blulab.chpc.utah.edu/ontologies/schema/endo/colonoscopyQuality.owl#Entire_sigmoid_colon> -> <http://blulab.chpc.utah.edu/ontologies/schema/endo/colonoscopyQuality.owl#Mesosigmoid>, <http://blulab.chpc.utah.edu/ontologies/v2/ConText.owl#Lexicon> -> <http://blulab.chpc.utah.edu/ontologies/v2/ConText.owl#Modifier> -> <http://blulab.chpc.utah.edu/ontologies/v2/ConText.owl#SemanticModifier> -> <http://blulab.chpc.utah.edu/ontologies/v2/ConText.owl#BodySite> -> <http://blulab.chpc.utah.edu/ontologies/schema/endo/colonoscopyQuality.owl#Colon_structure> -> <http://blulab.chpc.utah.edu/ontologies/schema/endo/colonoscopyQuality.owl#Entire_colon> -> <http://blulab.chpc.utah.edu/ontologies/schema/endo/colonoscopyQuality.owl#Sigmoid_colon> -> <http://blulab.chpc.utah.edu/ontologies/schema/endo/colonoscopyQuality.owl#Mesosigmoid>, <http://blulab.chpc.utah.edu/ontologies/v2/ConText.owl#Lexicon> -> <http://blulab.chpc.utah.edu/ontologies/v2/ConText.owl#Modifier> -> <http://blulab.chpc.utah.edu/ontologies/v2/ConText.owl#SemanticModifier> -> <http://blulab.chpc.utah.edu/ontologies/v2/ConText.owl#BodySite> -> <http://blulab.chpc.utah.edu/ontologies/schema/endo/colonoscopyQuality.owl#Colon_structure> -> <http://blulab.chpc.utah.edu/ontologies/schema/endo/colonoscopyQuality.owl#Region_of_colon> -> <http://blulab.chpc.utah.edu/ontologies/schema/endo/colonoscopyQuality.owl#Sigmoid_colon> -> <http://blulab.chpc.utah.edu/ontologies/schema/endo/colonoscopyQuality.owl#Mesosigmoid>, <http://blulab.chpc.utah.edu/ontologies/v2/ConText.owl#Lexicon> -> <http://blulab.chpc.utah.edu/ontologies/v2/ConText.owl#Modifier> -> <http://blulab.chpc.utah.edu/ontologies/v2/ConText.owl#SemanticModifier> -> <http://blulab.chpc.utah.edu/ontologies/v2/ConText.owl#BodySite> -> <http://blulab.chpc.utah.edu/ontologies/schema/endo/colonoscopyQuality.owl#Colon_structure> -> <http://blulab.chpc.utah.edu/ontologies/schema/endo/colonoscopyQuality.owl#Sigmoid_colon> -> <http://blulab.chpc.utah.edu/ontologies/schema/endo/colonoscopyQuality.owl#Mesosigmoid>, <http://blulab.chpc.utah.edu/ontologies/v2/ConText.owl#Lexicon> -> <http://blulab.chpc.utah.edu/ontologies/v2/ConText.owl#Modifier> -> <http://blulab.chpc.utah.edu/ontologies/v2/ConText.owl#SemanticModifier> -> <http://blulab.chpc.utah.edu/ontologies/v2/ConText.owl#BodySite> -> <http://blulab.chpc.utah.edu/ontologies/schema/endo/colonoscopyQuality.owl#Colon_structure> -> <http://blulab.chpc.utah.edu/ontologies/schema/endo/colonoscopyQuality.owl#Entire_colon> -> <http://blulab.chpc.utah.edu/ontologies/schema/endo/colonoscopyQuality.owl#Sigmoid_colon> -> <http://blulab.chpc.utah.edu/ontologies/schema/endo/colonoscopyQuality.owl#Entire_sigmoid_colon> -> <http://blulab.chpc.utah.edu/ontologies/schema/endo/colonoscopyQuality.owl#Mesosigmoid>, <http://blulab.chpc.utah.edu/ontologies/v2/ConText.owl#Lexicon> -> <http://blulab.chpc.utah.edu/ontologies/v2/ConText.owl#Modifier> -> <http://blulab.chpc.utah.edu/ontologies/v2/ConText.owl#SemanticModifier> -> <http://blulab.chpc.utah.edu/ontologies/v2/ConText.owl#BodySite> -> <http://blulab.chpc.utah.edu/ontologies/schema/endo/colonoscopyQuality.owl#Colon_structure> -> <http://blulab.chpc.utah.edu/ontologies/schema/endo/colonoscopyQuality.owl#Region_of_colon> -> <http://blulab.chpc.utah.edu/ontologies/schema/endo/colonoscopyQuality.owl#Sigmoid_colon> -> <http://blulab.chpc.utah.edu/ontologies/schema/endo/colonoscopyQuality.owl#Entire_sigmoid_colon> -> <http://blulab.chpc.utah.edu/ontologies/schema/endo/colonoscopyQuality.owl#Mesosigmoid>]]

	Modifier: Entire_sigmoid_mesocolon, uri=http://blulab.chpc.utah.edu/ontologies/schema/endo/colonoscopyQuality.owl#Entire_sigmoid_mesocolon, type= Semantic, classPath= [<http://blulab.chpc.utah.edu/ontologies/v2/ConText.owl#Lexicon> -> <http://blulab.chpc.utah.edu/ontologies/v2/ConText.owl#Modifier> -> <http://blulab.chpc.utah.edu/ontologies/v2/ConText.owl#SemanticModifier> -> <http://blulab.chpc.utah.edu/ontologies/v2/ConText.owl#BodySite> -> <http://blulab.chpc.utah.edu/ontologies/schema/endo/colonoscopyQuality.owl#Colon_structure> -> <http://blulab.chpc.utah.edu/ontologies/schema/endo/colonoscopyQuality.owl#Sigmoid_colon> -> <http://blulab.chpc.utah.edu/ontologies/schema/endo/colonoscopyQuality.owl#Entire_sigmoid_colon> -> <http://blulab.chpc.utah.edu/ontologies/schema/endo/colonoscopyQuality.owl#Mesosigmoid> -> <http://blulab.chpc.utah.edu/ontologies/schema/endo/colonoscopyQuality.owl#Entire_sigmoid_mesocolon>, <http://blulab.chpc.utah.edu/ontologies/v2/ConText.owl#Lexicon> -> <http://blulab.chpc.utah.edu/ontologies/v2/ConText.owl#Modifier> -> <http://blulab.chpc.utah.edu/ontologies/v2/ConText.owl#SemanticModifier> -> <http://blulab.chpc.utah.edu/ontologies/v2/ConText.owl#BodySite> -> <http://blulab.chpc.utah.edu/ontologies/schema/endo/colonoscopyQuality.owl#Colon_structure> -> <http://blulab.chpc.utah.edu/ontologies/schema/endo/colonoscopyQuality.owl#Entire_colon> -> <http://blulab.chpc.utah.edu/ontologies/schema/endo/colonoscopyQuality.owl#Sigmoid_colon> -> <http://blulab.chpc.utah.edu/ontologies/schema/endo/colonoscopyQuality.owl#Mesosigmoid> -> <http://blulab.chpc.utah.edu/ontologies/schema/endo/colonoscopyQuality.owl#Entire_sigmoid_mesocolon>, <http://blulab.chpc.utah.edu/ontologies/v2/ConText.owl#Lexicon> -> <http://blulab.chpc.utah.edu/ontologies/v2/ConText.owl#Modifier> -> <http://blulab.chpc.utah.edu/ontologies/v2/ConText.owl#SemanticModifier> -> <http://blulab.chpc.utah.edu/ontologies/v2/ConText.owl#BodySite> -> <http://blulab.chpc.utah.edu/ontologies/schema/endo/colonoscopyQuality.owl#Colon_structure> -> <http://blulab.chpc.utah.edu/ontologies/schema/endo/colonoscopyQuality.owl#Region_of_colon> -> <http://blulab.chpc.utah.edu/ontologies/schema/endo/colonoscopyQuality.owl#Sigmoid_colon> -> <http://blulab.chpc.utah.edu/ontologies/schema/endo/colonoscopyQuality.owl#Mesosigmoid> -> <http://blulab.chpc.utah.edu/ontologies/schema/endo/colonoscopyQuality.owl#Entire_sigmoid_mesocolon>, <http://blulab.chpc.utah.edu/ontologies/v2/ConText.owl#Lexicon> -> <http://blulab.chpc.utah.edu/ontologies/v2/ConText.owl#Modifier> -> <http://blulab.chpc.utah.edu/ontologies/v2/ConText.owl#SemanticModifier> -> <http://blulab.chpc.utah.edu/ontologies/v2/ConText.owl#BodySite> -> <http://blulab.chpc.utah.edu/ontologies/schema/endo/colonoscopyQuality.owl#Colon_structure> -> <http://blulab.chpc.utah.edu/ontologies/schema/endo/colonoscopyQuality.owl#Sigmoid_colon> -> <http://blulab.chpc.utah.edu/ontologies/schema/endo/colonoscopyQuality.owl#Mesosigmoid> -> <http://blulab.chpc.utah.edu/ontologies/schema/endo/colonoscopyQuality.owl#Entire_sigmoid_mesocolon>, <http://blulab.chpc.utah.edu/ontologies/v2/ConText.owl#Lexicon> -> <http://blulab.chpc.utah.edu/ontologies/v2/ConText.owl#Modifier> -> <http://blulab.chpc.utah.edu/ontologies/v2/ConText.owl#SemanticModifier> -> <http://blulab.chpc.utah.edu/ontologies/v2/ConText.owl#BodySite> -> <http://blulab.chpc.utah.edu/ontologies/schema/endo/colonoscopyQuality.owl#Colon_structure> -> <http://blulab.chpc.utah.edu/ontologies/schema/endo/colonoscopyQuality.owl#Entire_colon> -> <http://blulab.chpc.utah.edu/ontologies/schema/endo/colonoscopyQuality.owl#Sigmoid_colon> -> <http://blulab.chpc.utah.edu/ontologies/schema/endo/colonoscopyQuality.owl#Entire_sigmoid_colon> -> <http://blulab.chpc.utah.edu/ontologies/schema/endo/colonoscopyQuality.owl#Mesosigmoid> -> <http://blulab.chpc.utah.edu/ontologies/schema/endo/colonoscopyQuality.owl#Entire_sigmoid_mesocolon>, <http://blulab.chpc.utah.edu/ontologies/v2/ConText.owl#Lexicon> -> <http://blulab.chpc.utah.edu/ontologies/v2/ConText.owl#Modifier> -> <http://blulab.chpc.utah.edu/ontologies/v2/ConText.owl#SemanticModifier> -> <http://blulab.chpc.utah.edu/ontologies/v2/ConText.owl#BodySite> -> <http://blulab.chpc.utah.edu/ontologies/schema/endo/colonoscopyQuality.owl#Colon_structure> -> <http://blulab.chpc.utah.edu/ontologies/schema/endo/colonoscopyQuality.owl#Region_of_colon> -> <http://blulab.chpc.utah.edu/ontologies/schema/endo/colonoscopyQuality.owl#Sigmoid_colon> -> <http://blulab.chpc.utah.edu/ontologies/schema/endo/colonoscopyQuality.owl#Entire_sigmoid_colon> -> <http://blulab.chpc.utah.edu/ontologies/schema/endo/colonoscopyQuality.owl#Mesosigmoid> -> <http://blulab.chpc.utah.edu/ontologies/schema/endo/colonoscopyQuality.owl#Entire_sigmoid_mesocolon>]]

	Modifier: Inferior_lamina_of_sigmoid_mesocolon, uri=http://blulab.chpc.utah.edu/ontologies/schema/endo/colonoscopyQuality.owl#Inferior_lamina_of_sigmoid_mesocolon, type= Semantic, classPath= [<http://blulab.chpc.utah.edu/ontologies/v2/ConText.owl#Lexicon> -> <http://blulab.chpc.utah.edu/ontologies/v2/ConText.owl#Modifier> -> <http://blulab.chpc.utah.edu/ontologies/v2/ConText.owl#SemanticModifier> -> <http://blulab.chpc.utah.edu/ontologies/v2/ConText.owl#BodySite> -> <http://blulab.chpc.utah.edu/ontologies/schema/endo/colonoscopyQuality.owl#Colon_structure> -> <http://blulab.chpc.utah.edu/ontologies/schema/endo/colonoscopyQuality.owl#Sigmoid_colon> -> <http://blulab.chpc.utah.edu/ontologies/schema/endo/colonoscopyQuality.owl#Entire_sigmoid_colon> -> <http://blulab.chpc.utah.edu/ontologies/schema/endo/colonoscopyQuality.owl#Mesosigmoid> -> <http://blulab.chpc.utah.edu/ontologies/schema/endo/colonoscopyQuality.owl#Inferior_lamina_of_sigmoid_mesocolon>, <http://blulab.chpc.utah.edu/ontologies/v2/ConText.owl#Lexicon> -> <http://blulab.chpc.utah.edu/ontologies/v2/ConText.owl#Modifier> -> <http://blulab.chpc.utah.edu/ontologies/v2/ConText.owl#SemanticModifier> -> <http://blulab.chpc.utah.edu/ontologies/v2/ConText.owl#BodySite> -> <http://blulab.chpc.utah.edu/ontologies/schema/endo/colonoscopyQuality.owl#Colon_structure> -> <http://blulab.chpc.utah.edu/ontologies/schema/endo/colonoscopyQuality.owl#Entire_colon> -> <http://blulab.chpc.utah.edu/ontologies/schema/endo/colonoscopyQuality.owl#Sigmoid_colon> -> <http://blulab.chpc.utah.edu/ontologies/schema/endo/colonoscopyQuality.owl#Mesosigmoid> -> <http://blulab.chpc.utah.edu/ontologies/schema/endo/colonoscopyQuality.owl#Inferior_lamina_of_sigmoid_mesocolon>, <http://blulab.chpc.utah.edu/ontologies/v2/ConText.owl#Lexicon> -> <http://blulab.chpc.utah.edu/ontologies/v2/ConText.owl#Modifier> -> <http://blulab.chpc.utah.edu/ontologies/v2/ConText.owl#SemanticModifier> -> <http://blulab.chpc.utah.edu/ontologies/v2/ConText.owl#BodySite> -> <http://blulab.chpc.utah.edu/ontologies/schema/endo/colonoscopyQuality.owl#Colon_structure> -> <http://blulab.chpc.utah.edu/ontologies/schema/endo/colonoscopyQuality.owl#Region_of_colon> -> <http://blulab.chpc.utah.edu/ontologies/schema/endo/colonoscopyQuality.owl#Sigmoid_colon> -> <http://blulab.chpc.utah.edu/ontologies/schema/endo/colonoscopyQuality.owl#Mesosigmoid> -> <http://blulab.chpc.utah.edu/ontologies/schema/endo/colonoscopyQuality.owl#Inferior_lamina_of_sigmoid_mesocolon>, <http://blulab.chpc.utah.edu/ontologies/v2/ConText.owl#Lexicon> -> <http://blulab.chpc.utah.edu/ontologies/v2/ConText.owl#Modifier> -> <http://blulab.chpc.utah.edu/ontologies/v2/ConText.owl#SemanticModifier> -> <http://blulab.chpc.utah.edu/ontologies/v2/ConText.owl#BodySite> -> <http://blulab.chpc.utah.edu/ontologies/schema/endo/colonoscopyQuality.owl#Colon_structure> -> <http://blulab.chpc.utah.edu/ontologies/schema/endo/colonoscopyQuality.owl#Sigmoid_colon> -> <http://blulab.chpc.utah.edu/ontologies/schema/endo/colonoscopyQuality.owl#Mesosigmoid> -> <http://blulab.chpc.utah.edu/ontologies/schema/endo/colonoscopyQuality.owl#Inferior_lamina_of_sigmoid_mesocolon>, <http://blulab.chpc.utah.edu/ontologies/v2/ConText.owl#Lexicon> -> <http://blulab.chpc.utah.edu/ontologies/v2/ConText.owl#Modifier> -> <http://blulab.chpc.utah.edu/ontologies/v2/ConText.owl#SemanticModifier> -> <http://blulab.chpc.utah.edu/ontologies/v2/ConText.owl#BodySite> -> <http://blulab.chpc.utah.edu/ontologies/schema/endo/colonoscopyQuality.owl#Colon_structure> -> <http://blulab.chpc.utah.edu/ontologies/schema/endo/colonoscopyQuality.owl#Entire_colon> -> <http://blulab.chpc.utah.edu/ontologies/schema/endo/colonoscopyQuality.owl#Sigmoid_colon> -> <http://blulab.chpc.utah.edu/ontologies/schema/endo/colonoscopyQuality.owl#Entire_sigmoid_colon> -> <http://blulab.chpc.utah.edu/ontologies/schema/endo/colonoscopyQuality.owl#Mesosigmoid> -> <http://blulab.chpc.utah.edu/ontologies/schema/endo/colonoscopyQuality.owl#Inferior_lamina_of_sigmoid_mesocolon>, <http://blulab.chpc.utah.edu/ontologies/v2/ConText.owl#Lexicon> -> <http://blulab.chpc.utah.edu/ontologies/v2/ConText.owl#Modifier> -> <http://blulab.chpc.utah.edu/ontologies/v2/ConText.owl#SemanticModifier> -> <http://blulab.chpc.utah.edu/ontologies/v2/ConText.owl#BodySite> -> <http://blulab.chpc.utah.edu/ontologies/schema/endo/colonoscopyQuality.owl#Colon_structure> -> <http://blulab.chpc.utah.edu/ontologies/schema/endo/colonoscopyQuality.owl#Region_of_colon> -> <http://blulab.chpc.utah.edu/ontologies/schema/endo/colonoscopyQuality.owl#Sigmoid_colon> -> <http://blulab.chpc.utah.edu/ontologies/schema/endo/colonoscopyQuality.owl#Entire_sigmoid_colon> -> <http://blulab.chpc.utah.edu/ontologies/schema/endo/colonoscopyQuality.owl#Mesosigmoid> -> <http://blulab.chpc.utah.edu/ontologies/schema/endo/colonoscopyQuality.owl#Inferior_lamina_of_sigmoid_mesocolon>]]

	Modifier: Superior_lamina_of_sigmoid_mesocolon, uri=http://blulab.chpc.utah.edu/ontologies/schema/endo/colonoscopyQuality.owl#Superior_lamina_of_sigmoid_mesocolon, type= Semantic, classPath= [<http://blulab.chpc.utah.edu/ontologies/v2/ConText.owl#Lexicon> -> <http://blulab.chpc.utah.edu/ontologies/v2/ConText.owl#Modifier> -> <http://blulab.chpc.utah.edu/ontologies/v2/ConText.owl#SemanticModifier> -> <http://blulab.chpc.utah.edu/ontologies/v2/ConText.owl#BodySite> -> <http://blulab.chpc.utah.edu/ontologies/schema/endo/colonoscopyQuality.owl#Colon_structure> -> <http://blulab.chpc.utah.edu/ontologies/schema/endo/colonoscopyQuality.owl#Sigmoid_colon> -> <http://blulab.chpc.utah.edu/ontologies/schema/endo/colonoscopyQuality.owl#Entire_sigmoid_colon> -> <http://blulab.chpc.utah.edu/ontologies/schema/endo/colonoscopyQuality.owl#Mesosigmoid> -> <http://blulab.chpc.utah.edu/ontologies/schema/endo/colonoscopyQuality.owl#Superior_lamina_of_sigmoid_mesocolon>, <http://blulab.chpc.utah.edu/ontologies/v2/ConText.owl#Lexicon> -> <http://blulab.chpc.utah.edu/ontologies/v2/ConText.owl#Modifier> -> <http://blulab.chpc.utah.edu/ontologies/v2/ConText.owl#SemanticModifier> -> <http://blulab.chpc.utah.edu/ontologies/v2/ConText.owl#BodySite> -> <http://blulab.chpc.utah.edu/ontologies/schema/endo/colonoscopyQuality.owl#Colon_structure> -> <http://blulab.chpc.utah.edu/ontologies/schema/endo/colonoscopyQuality.owl#Entire_colon> -> <http://blulab.chpc.utah.edu/ontologies/schema/endo/colonoscopyQuality.owl#Sigmoid_colon> -> <http://blulab.chpc.utah.edu/ontologies/schema/endo/colonoscopyQuality.owl#Mesosigmoid> -> <http://blulab.chpc.utah.edu/ontologies/schema/endo/colonoscopyQuality.owl#Superior_lamina_of_sigmoid_mesocolon>, <http://blulab.chpc.utah.edu/ontologies/v2/ConText.owl#Lexicon> -> <http://blulab.chpc.utah.edu/ontologies/v2/ConText.owl#Modifier> -> <http://blulab.chpc.utah.edu/ontologies/v2/ConText.owl#SemanticModifier> -> <http://blulab.chpc.utah.edu/ontologies/v2/ConText.owl#BodySite> -> <http://blulab.chpc.utah.edu/ontologies/schema/endo/colonoscopyQuality.owl#Colon_structure> -> <http://blulab.chpc.utah.edu/ontologies/schema/endo/colonoscopyQuality.owl#Region_of_colon> -> <http://blulab.chpc.utah.edu/ontologies/schema/endo/colonoscopyQuality.owl#Sigmoid_colon> -> <http://blulab.chpc.utah.edu/ontologies/schema/endo/colonoscopyQuality.owl#Mesosigmoid> -> <http://blulab.chpc.utah.edu/ontologies/schema/endo/colonoscopyQuality.owl#Superior_lamina_of_sigmoid_mesocolon>, <http://blulab.chpc.utah.edu/ontologies/v2/ConText.owl#Lexicon> -> <http://blulab.chpc.utah.edu/ontologies/v2/ConText.owl#Modifier> -> <http://blulab.chpc.utah.edu/ontologies/v2/ConText.owl#SemanticModifier> -> <http://blulab.chpc.utah.edu/ontologies/v2/ConText.owl#BodySite> -> <http://blulab.chpc.utah.edu/ontologies/schema/endo/colonoscopyQuality.owl#Colon_structure> -> <http://blulab.chpc.utah.edu/ontologies/schema/endo/colonoscopyQuality.owl#Sigmoid_colon> -> <http://blulab.chpc.utah.edu/ontologies/schema/endo/colonoscopyQuality.owl#Mesosigmoid> -> <http://blulab.chpc.utah.edu/ontologies/schema/endo/colonoscopyQuality.owl#Superior_lamina_of_sigmoid_mesocolon>, <http://blulab.chpc.utah.edu/ontologies/v2/ConText.owl#Lexicon> -> <http://blulab.chpc.utah.edu/ontologies/v2/ConText.owl#Modifier> -> <http://blulab.chpc.utah.edu/ontologies/v2/ConText.owl#SemanticModifier> -> <http://blulab.chpc.utah.edu/ontologies/v2/ConText.owl#BodySite> -> <http://blulab.chpc.utah.edu/ontologies/schema/endo/colonoscopyQuality.owl#Colon_structure> -> <http://blulab.chpc.utah.edu/ontologies/schema/endo/colonoscopyQuality.owl#Entire_colon> -> <http://blulab.chpc.utah.edu/ontologies/schema/endo/colonoscopyQuality.owl#Sigmoid_colon> -> <http://blulab.chpc.utah.edu/ontologies/schema/endo/colonoscopyQuality.owl#Entire_sigmoid_colon> -> <http://blulab.chpc.utah.edu/ontologies/schema/endo/colonoscopyQuality.owl#Mesosigmoid> -> <http://blulab.chpc.utah.edu/ontologies/schema/endo/colonoscopyQuality.owl#Superior_lamina_of_sigmoid_mesocolon>, <http://blulab.chpc.utah.edu/ontologies/v2/ConText.owl#Lexicon> -> <http://blulab.chpc.utah.edu/ontologies/v2/ConText.owl#Modifier> -> <http://blulab.chpc.utah.edu/ontologies/v2/ConText.owl#SemanticModifier> -> <http://blulab.chpc.utah.edu/ontologies/v2/ConText.owl#BodySite> -> <http://blulab.chpc.utah.edu/ontologies/schema/endo/colonoscopyQuality.owl#Colon_structure> -> <http://blulab.chpc.utah.edu/ontologies/schema/endo/colonoscopyQuality.owl#Region_of_colon> -> <http://blulab.chpc.utah.edu/ontologies/schema/endo/colonoscopyQuality.owl#Sigmoid_colon> -> <http://blulab.chpc.utah.edu/ontologies/schema/endo/colonoscopyQuality.owl#Entire_sigmoid_colon> -> <http://blulab.chpc.utah.edu/ontologies/schema/endo/colonoscopyQuality.owl#Mesosigmoid> -> <http://blulab.chpc.utah.edu/ontologies/schema/endo/colonoscopyQuality.owl#Superior_lamina_of_sigmoid_mesocolon>]]

	Modifier: Rectosigmoid_Region, uri=http://blulab.chpc.utah.edu/ontologies/schema/endo/colonoscopyQuality.owl#Rectosigmoid_Region, type= Semantic, classPath= [<http://blulab.chpc.utah.edu/ontologies/v2/ConText.owl#Lexicon> -> <http://blulab.chpc.utah.edu/ontologies/v2/ConText.owl#Modifier> -> <http://blulab.chpc.utah.edu/ontologies/v2/ConText.owl#SemanticModifier> -> <http://blulab.chpc.utah.edu/ontologies/v2/ConText.owl#BodySite> -> <http://blulab.chpc.utah.edu/ontologies/schema/endo/colonoscopyQuality.owl#Rectum> -> <http://blulab.chpc.utah.edu/ontologies/schema/endo/colonoscopyQuality.owl#Entire_rectum> -> <http://blulab.chpc.utah.edu/ontologies/schema/endo/colonoscopyQuality.owl#Rectosigmoid_Region>, <http://blulab.chpc.utah.edu/ontologies/v2/ConText.owl#Lexicon> -> <http://blulab.chpc.utah.edu/ontologies/v2/ConText.owl#Modifier> -> <http://blulab.chpc.utah.edu/ontologies/v2/ConText.owl#SemanticModifier> -> <http://blulab.chpc.utah.edu/ontologies/v2/ConText.owl#BodySite> -> <http://blulab.chpc.utah.edu/ontologies/schema/endo/colonoscopyQuality.owl#Colon_structure> -> <http://blulab.chpc.utah.edu/ontologies/schema/endo/colonoscopyQuality.owl#Sigmoid_colon> -> <http://blulab.chpc.utah.edu/ontologies/schema/endo/colonoscopyQuality.owl#Entire_sigmoid_colon> -> <http://blulab.chpc.utah.edu/ontologies/schema/endo/colonoscopyQuality.owl#Rectosigmoid_Region>, <http://blulab.chpc.utah.edu/ontologies/v2/ConText.owl#Lexicon> -> <http://blulab.chpc.utah.edu/ontologies/v2/ConText.owl#Modifier> -> <http://blulab.chpc.utah.edu/ontologies/v2/ConText.owl#SemanticModifier> -> <http://blulab.chpc.utah.edu/ontologies/v2/ConText.owl#BodySite> -> <http://blulab.chpc.utah.edu/ontologies/schema/endo/colonoscopyQuality.owl#Colon_structure> -> <http://blulab.chpc.utah.edu/ontologies/schema/endo/colonoscopyQuality.owl#Entire_colon> -> <http://blulab.chpc.utah.edu/ontologies/schema/endo/colonoscopyQuality.owl#Sigmoid_colon> -> <http://blulab.chpc.utah.edu/ontologies/schema/endo/colonoscopyQuality.owl#Entire_sigmoid_colon> -> <http://blulab.chpc.utah.edu/ontologies/schema/endo/colonoscopyQuality.owl#Rectosigmoid_Region>, <http://blulab.chpc.utah.edu/ontologies/v2/ConText.owl#Lexicon> -> <http://blulab.chpc.utah.edu/ontologies/v2/ConText.owl#Modifier> -> <http://blulab.chpc.utah.edu/ontologies/v2/ConText.owl#SemanticModifier> -> <http://blulab.chpc.utah.edu/ontologies/v2/ConText.owl#BodySite> -> <http://blulab.chpc.utah.edu/ontologies/schema/endo/colonoscopyQuality.owl#Colon_structure> -> <http://blulab.chpc.utah.edu/ontologies/schema/endo/colonoscopyQuality.owl#Region_of_colon> -> <http://blulab.chpc.utah.edu/ontologies/schema/endo/colonoscopyQuality.owl#Sigmoid_colon> -> <http://blulab.chpc.utah.edu/ontologies/schema/endo/colonoscopyQuality.owl#Entire_sigmoid_colon> -> <http://blulab.chpc.utah.edu/ontologies/schema/endo/colonoscopyQuality.owl#Rectosigmoid_Region>, <http://blulab.chpc.utah.edu/ontologies/v2/ConText.owl#Lexicon> -> <http://blulab.chpc.utah.edu/ontologies/v2/ConText.owl#Modifier> -> <http://blulab.chpc.utah.edu/ontologies/v2/ConText.owl#SemanticModifier> -> <http://blulab.chpc.utah.edu/ontologies/v2/ConText.owl#BodySite> -> <http://blulab.chpc.utah.edu/ontologies/schema/endo/colonoscopyQuality.owl#Rectum> -> <http://blulab.chpc.utah.edu/ontologies/schema/endo/colonoscopyQuality.owl#Rectosigmoid_Region>, <http://blulab.chpc.utah.edu/ontologies/v2/ConText.owl#Lexicon> -> <http://blulab.chpc.utah.edu/ontologies/v2/ConText.owl#Modifier> -> <http://blulab.chpc.utah.edu/ontologies/v2/ConText.owl#SemanticModifier> -> <http://blulab.chpc.utah.edu/ontologies/v2/ConText.owl#BodySite> -> <http://blulab.chpc.utah.edu/ontologies/schema/endo/colonoscopyQuality.owl#Colon_structure> -> <http://blulab.chpc.utah.edu/ontologies/schema/endo/colonoscopyQuality.owl#Entire_colon> -> <http://blulab.chpc.utah.edu/ontologies/schema/endo/colonoscopyQuality.owl#Sigmoid_colon> -> <http://blulab.chpc.utah.edu/ontologies/schema/endo/colonoscopyQuality.owl#Rectosigmoid_Region>, <http://blulab.chpc.utah.edu/ontologies/v2/ConText.owl#Lexicon> -> <http://blulab.chpc.utah.edu/ontologies/v2/ConText.owl#Modifier> -> <http://blulab.chpc.utah.edu/ontologies/v2/ConText.owl#SemanticModifier> -> <http://blulab.chpc.utah.edu/ontologies/v2/ConText.owl#BodySite> -> <http://blulab.chpc.utah.edu/ontologies/schema/endo/colonoscopyQuality.owl#Colon_structure> -> <http://blulab.chpc.utah.edu/ontologies/schema/endo/colonoscopyQuality.owl#Region_of_colon> -> <http://blulab.chpc.utah.edu/ontologies/schema/endo/colonoscopyQuality.owl#Sigmoid_colon> -> <http://blulab.chpc.utah.edu/ontologies/schema/endo/colonoscopyQuality.owl#Rectosigmoid_Region>, <http://blulab.chpc.utah.edu/ontologies/v2/ConText.owl#Lexicon> -> <http://blulab.chpc.utah.edu/ontologies/v2/ConText.owl#Modifier> -> <http://blulab.chpc.utah.edu/ontologies/v2/ConText.owl#SemanticModifier> -> <http://blulab.chpc.utah.edu/ontologies/v2/ConText.owl#BodySite> -> <http://blulab.chpc.utah.edu/ontologies/schema/endo/colonoscopyQuality.owl#Colon_structure> -> <http://blulab.chpc.utah.edu/ontologies/schema/endo/colonoscopyQuality.owl#Sigmoid_colon> -> <http://blulab.chpc.utah.edu/ontologies/schema/endo/colonoscopyQuality.owl#Rectosigmoid_Region>]]

	Modifier: Pelvirectal_junction, uri=http://blulab.chpc.utah.edu/ontologies/schema/endo/colonoscopyQuality.owl#Pelvirectal_junction, type= Semantic, classPath= [<http://blulab.chpc.utah.edu/ontologies/v2/ConText.owl#Lexicon> -> <http://blulab.chpc.utah.edu/ontologies/v2/ConText.owl#Modifier> -> <http://blulab.chpc.utah.edu/ontologies/v2/ConText.owl#SemanticModifier> -> <http://blulab.chpc.utah.edu/ontologies/v2/ConText.owl#BodySite> -> <http://blulab.chpc.utah.edu/ontologies/schema/endo/colonoscopyQuality.owl#Rectum> -> <http://blulab.chpc.utah.edu/ontologies/schema/endo/colonoscopyQuality.owl#Entire_rectum> -> <http://blulab.chpc.utah.edu/ontologies/schema/endo/colonoscopyQuality.owl#Rectosigmoid_Region> -> <http://blulab.chpc.utah.edu/ontologies/schema/endo/colonoscopyQuality.owl#Pelvirectal_junction>, <http://blulab.chpc.utah.edu/ontologies/v2/ConText.owl#Lexicon> -> <http://blulab.chpc.utah.edu/ontologies/v2/ConText.owl#Modifier> -> <http://blulab.chpc.utah.edu/ontologies/v2/ConText.owl#SemanticModifier> -> <http://blulab.chpc.utah.edu/ontologies/v2/ConText.owl#BodySite> -> <http://blulab.chpc.utah.edu/ontologies/schema/endo/colonoscopyQuality.owl#Colon_structure> -> <http://blulab.chpc.utah.edu/ontologies/schema/endo/colonoscopyQuality.owl#Sigmoid_colon> -> <http://blulab.chpc.utah.edu/ontologies/schema/endo/colonoscopyQuality.owl#Entire_sigmoid_colon> -> <http://blulab.chpc.utah.edu/ontologies/schema/endo/colonoscopyQuality.owl#Rectosigmoid_Region> -> <http://blulab.chpc.utah.edu/ontologies/schema/endo/colonoscopyQuality.owl#Pelvirectal_junction>, <http://blulab.chpc.utah.edu/ontologies/v2/ConText.owl#Lexicon> -> <http://blulab.chpc.utah.edu/ontologies/v2/ConText.owl#Modifier> -> <http://blulab.chpc.utah.edu/ontologies/v2/ConText.owl#SemanticModifier> -> <http://blulab.chpc.utah.edu/ontologies/v2/ConText.owl#BodySite> -> <http://blulab.chpc.utah.edu/ontologies/schema/endo/colonoscopyQuality.owl#Colon_structure> -> <http://blulab.chpc.utah.edu/ontologies/schema/endo/colonoscopyQuality.owl#Entire_colon> -> <http://blulab.chpc.utah.edu/ontologies/schema/endo/colonoscopyQuality.owl#Sigmoid_colon> -> <http://blulab.chpc.utah.edu/ontologies/schema/endo/colonoscopyQuality.owl#Entire_sigmoid_colon> -> <http://blulab.chpc.utah.edu/ontologies/schema/endo/colonoscopyQuality.owl#Rectosigmoid_Region> -> <http://blulab.chpc.utah.edu/ontologies/schema/endo/colonoscopyQuality.owl#Pelvirectal_junction>, <http://blulab.chpc.utah.edu/ontologies/v2/ConText.owl#Lexicon> -> <http://blulab.chpc.utah.edu/ontologies/v2/ConText.owl#Modifier> -> <http://blulab.chpc.utah.edu/ontologies/v2/ConText.owl#SemanticModifier> -> <http://blulab.chpc.utah.edu/ontologies/v2/ConText.owl#BodySite> -> <http://blulab.chpc.utah.edu/ontologies/schema/endo/colonoscopyQuality.owl#Colon_structure> -> <http://blulab.chpc.utah.edu/ontologies/schema/endo/colonoscopyQuality.owl#Region_of_colon> -> <http://blulab.chpc.utah.edu/ontologies/schema/endo/colonoscopyQuality.owl#Sigmoid_colon> -> <http://blulab.chpc.utah.edu/ontologies/schema/endo/colonoscopyQuality.owl#Entire_sigmoid_colon> -> <http://blulab.chpc.utah.edu/ontologies/schema/endo/colonoscopyQuality.owl#Rectosigmoid_Region> -> <http://blulab.chpc.utah.edu/ontologies/schema/endo/colonoscopyQuality.owl#Pelvirectal_junction>, <http://blulab.chpc.utah.edu/ontologies/v2/ConText.owl#Lexicon> -> <http://blulab.chpc.utah.edu/ontologies/v2/ConText.owl#Modifier> -> <http://blulab.chpc.utah.edu/ontologies/v2/ConText.owl#SemanticModifier> -> <http://blulab.chpc.utah.edu/ontologies/v2/ConText.owl#BodySite> -> <http://blulab.chpc.utah.edu/ontologies/schema/endo/colonoscopyQuality.owl#Rectum> -> <http://blulab.chpc.utah.edu/ontologies/schema/endo/colonoscopyQuality.owl#Rectosigmoid_Region> -> <http://blulab.chpc.utah.edu/ontologies/schema/endo/colonoscopyQuality.owl#Pelvirectal_junction>, <http://blulab.chpc.utah.edu/ontologies/v2/ConText.owl#Lexicon> -> <http://blulab.chpc.utah.edu/ontologies/v2/ConText.owl#Modifier> -> <http://blulab.chpc.utah.edu/ontologies/v2/ConText.owl#SemanticModifier> -> <http://blulab.chpc.utah.edu/ontologies/v2/ConText.owl#BodySite> -> <http://blulab.chpc.utah.edu/ontologies/schema/endo/colonoscopyQuality.owl#Colon_structure> -> <http://blulab.chpc.utah.edu/ontologies/schema/endo/colonoscopyQuality.owl#Entire_colon> -> <http://blulab.chpc.utah.edu/ontologies/schema/endo/colonoscopyQuality.owl#Sigmoid_colon> -> <http://blulab.chpc.utah.edu/ontologies/schema/endo/colonoscopyQuality.owl#Rectosigmoid_Region> -> <http://blulab.chpc.utah.edu/ontologies/schema/endo/colonoscopyQuality.owl#Pelvirectal_junction>, <http://blulab.chpc.utah.edu/ontologies/v2/ConText.owl#Lexicon> -> <http://blulab.chpc.utah.edu/ontologies/v2/ConText.owl#Modifier> -> <http://blulab.chpc.utah.edu/ontologies/v2/ConText.owl#SemanticModifier> -> <http://blulab.chpc.utah.edu/ontologies/v2/ConText.owl#BodySite> -> <http://blulab.chpc.utah.edu/ontologies/schema/endo/colonoscopyQuality.owl#Colon_structure> -> <http://blulab.chpc.utah.edu/ontologies/schema/endo/colonoscopyQuality.owl#Region_of_colon> -> <http://blulab.chpc.utah.edu/ontologies/schema/endo/colonoscopyQuality.owl#Sigmoid_colon> -> <http://blulab.chpc.utah.edu/ontologies/schema/endo/colonoscopyQuality.owl#Rectosigmoid_Region> -> <http://blulab.chpc.utah.edu/ontologies/schema/endo/colonoscopyQuality.owl#Pelvirectal_junction>, <http://blulab.chpc.utah.edu/ontologies/v2/ConText.owl#Lexicon> -> <http://blulab.chpc.utah.edu/ontologies/v2/ConText.owl#Modifier> -> <http://blulab.chpc.utah.edu/ontologies/v2/ConText.owl#SemanticModifier> -> <http://blulab.chpc.utah.edu/ontologies/v2/ConText.owl#BodySite> -> <http://blulab.chpc.utah.edu/ontologies/schema/endo/colonoscopyQuality.owl#Colon_structure> -> <http://blulab.chpc.utah.edu/ontologies/schema/endo/colonoscopyQuality.owl#Sigmoid_colon> -> <http://blulab.chpc.utah.edu/ontologies/schema/endo/colonoscopyQuality.owl#Rectosigmoid_Region> -> <http://blulab.chpc.utah.edu/ontologies/schema/endo/colonoscopyQuality.owl#Pelvirectal_junction>]]

	Modifier: Lumen_of_sigmoid_colon, uri=http://blulab.chpc.utah.edu/ontologies/schema/endo/colonoscopyQuality.owl#Lumen_of_sigmoid_colon, type= Semantic, classPath= [<http://blulab.chpc.utah.edu/ontologies/v2/ConText.owl#Lexicon> -> <http://blulab.chpc.utah.edu/ontologies/v2/ConText.owl#Modifier> -> <http://blulab.chpc.utah.edu/ontologies/v2/ConText.owl#SemanticModifier> -> <http://blulab.chpc.utah.edu/ontologies/v2/ConText.owl#BodySite> -> <http://blulab.chpc.utah.edu/ontologies/schema/endo/colonoscopyQuality.owl#Colon_structure> -> <http://blulab.chpc.utah.edu/ontologies/schema/endo/colonoscopyQuality.owl#Colonic_lumen> -> <http://blulab.chpc.utah.edu/ontologies/schema/endo/colonoscopyQuality.owl#Lumen_of_sigmoid_colon>, <http://blulab.chpc.utah.edu/ontologies/v2/ConText.owl#Lexicon> -> <http://blulab.chpc.utah.edu/ontologies/v2/ConText.owl#Modifier> -> <http://blulab.chpc.utah.edu/ontologies/v2/ConText.owl#SemanticModifier> -> <http://blulab.chpc.utah.edu/ontologies/v2/ConText.owl#BodySite> -> <http://blulab.chpc.utah.edu/ontologies/schema/endo/colonoscopyQuality.owl#Colon_structure> -> <http://blulab.chpc.utah.edu/ontologies/schema/endo/colonoscopyQuality.owl#Entire_colon> -> <http://blulab.chpc.utah.edu/ontologies/schema/endo/colonoscopyQuality.owl#Sigmoid_colon> -> <http://blulab.chpc.utah.edu/ontologies/schema/endo/colonoscopyQuality.owl#Lumen_of_sigmoid_colon>, <http://blulab.chpc.utah.edu/ontologies/v2/ConText.owl#Lexicon> -> <http://blulab.chpc.utah.edu/ontologies/v2/ConText.owl#Modifier> -> <http://blulab.chpc.utah.edu/ontologies/v2/ConText.owl#SemanticModifier> -> <http://blulab.chpc.utah.edu/ontologies/v2/ConText.owl#BodySite> -> <http://blulab.chpc.utah.edu/ontologies/schema/endo/colonoscopyQuality.owl#Colon_structure> -> <http://blulab.chpc.utah.edu/ontologies/schema/endo/colonoscopyQuality.owl#Region_of_colon> -> <http://blulab.chpc.utah.edu/ontologies/schema/endo/colonoscopyQuality.owl#Sigmoid_colon> -> <http://blulab.chpc.utah.edu/ontologies/schema/endo/colonoscopyQuality.owl#Lumen_of_sigmoid_colon>, <http://blulab.chpc.utah.edu/ontologies/v2/ConText.owl#Lexicon> -> <http://blulab.chpc.utah.edu/ontologies/v2/ConText.owl#Modifier> -> <http://blulab.chpc.utah.edu/ontologies/v2/ConText.owl#SemanticModifier> -> <http://blulab.chpc.utah.edu/ontologies/v2/ConText.owl#BodySite> -> <http://blulab.chpc.utah.edu/ontologies/schema/endo/colonoscopyQuality.owl#Colon_structure> -> <http://blulab.chpc.utah.edu/ontologies/schema/endo/colonoscopyQuality.owl#Sigmoid_colon> -> <http://blulab.chpc.utah.edu/ontologies/schema/endo/colonoscopyQuality.owl#Lumen_of_sigmoid_colon>, <http://blulab.chpc.utah.edu/ontologies/v2/ConText.owl#Lexicon> -> <http://blulab.chpc.utah.edu/ontologies/v2/ConText.owl#Modifier> -> <http://blulab.chpc.utah.edu/ontologies/v2/ConText.owl#SemanticModifier> -> <http://blulab.chpc.utah.edu/ontologies/v2/ConText.owl#BodySite> -> <http://blulab.chpc.utah.edu/ontologies/schema/endo/colonoscopyQuality.owl#Colon_structure> -> <http://blulab.chpc.utah.edu/ontologies/schema/endo/colonoscopyQuality.owl#Entire_colon> -> <http://blulab.chpc.utah.edu/ontologies/schema/endo/colonoscopyQuality.owl#Colonic_lumen> -> <http://blulab.chpc.utah.edu/ontologies/schema/endo/colonoscopyQuality.owl#Lumen_of_sigmoid_colon>]]

	Modifier: Mesosigmoid, uri=http://blulab.chpc.utah.edu/ontologies/schema/endo/colonoscopyQuality.owl#Mesosigmoid, type= Semantic, classPath= [<http://blulab.chpc.utah.edu/ontologies/v2/ConText.owl#Lexicon> -> <http://blulab.chpc.utah.edu/ontologies/v2/ConText.owl#Modifier> -> <http://blulab.chpc.utah.edu/ontologies/v2/ConText.owl#SemanticModifier> -> <http://blulab.chpc.utah.edu/ontologies/v2/ConText.owl#BodySite> -> <http://blulab.chpc.utah.edu/ontologies/schema/endo/colonoscopyQuality.owl#Colon_structure> -> <http://blulab.chpc.utah.edu/ontologies/schema/endo/colonoscopyQuality.owl#Sigmoid_colon> -> <http://blulab.chpc.utah.edu/ontologies/schema/endo/colonoscopyQuality.owl#Entire_sigmoid_colon> -> <http://blulab.chpc.utah.edu/ontologies/schema/endo/colonoscopyQuality.owl#Mesosigmoid>, <http://blulab.chpc.utah.edu/ontologies/v2/ConText.owl#Lexicon> -> <http://blulab.chpc.utah.edu/ontologies/v2/ConText.owl#Modifier> -> <http://blulab.chpc.utah.edu/ontologies/v2/ConText.owl#SemanticModifier> -> <http://blulab.chpc.utah.edu/ontologies/v2/ConText.owl#BodySite> -> <http://blulab.chpc.utah.edu/ontologies/schema/endo/colonoscopyQuality.owl#Colon_structure> -> <http://blulab.chpc.utah.edu/ontologies/schema/endo/colonoscopyQuality.owl#Entire_colon> -> <http://blulab.chpc.utah.edu/ontologies/schema/endo/colonoscopyQuality.owl#Sigmoid_colon> -> <http://blulab.chpc.utah.edu/ontologies/schema/endo/colonoscopyQuality.owl#Mesosigmoid>, <http://blulab.chpc.utah.edu/ontologies/v2/ConText.owl#Lexicon> -> <http://blulab.chpc.utah.edu/ontologies/v2/ConText.owl#Modifier> -> <http://blulab.chpc.utah.edu/ontologies/v2/ConText.owl#SemanticModifier> -> <http://blulab.chpc.utah.edu/ontologies/v2/ConText.owl#BodySite> -> <http://blulab.chpc.utah.edu/ontologies/schema/endo/colonoscopyQuality.owl#Colon_structure> -> <http://blulab.chpc.utah.edu/ontologies/schema/endo/colonoscopyQuality.owl#Region_of_colon> -> <http://blulab.chpc.utah.edu/ontologies/schema/endo/colonoscopyQuality.owl#Sigmoid_colon> -> <http://blulab.chpc.utah.edu/ontologies/schema/endo/colonoscopyQuality.owl#Mesosigmoid>, <http://blulab.chpc.utah.edu/ontologies/v2/ConText.owl#Lexicon> -> <http://blulab.chpc.utah.edu/ontologies/v2/ConText.owl#Modifier> -> <http://blulab.chpc.utah.edu/ontologies/v2/ConText.owl#SemanticModifier> -> <http://blulab.chpc.utah.edu/ontologies/v2/ConText.owl#BodySite> -> <http://blulab.chpc.utah.edu/ontologies/schema/endo/colonoscopyQuality.owl#Colon_structure> -> <http://blulab.chpc.utah.edu/ontologies/schema/endo/colonoscopyQuality.owl#Sigmoid_colon> -> <http://blulab.chpc.utah.edu/ontologies/schema/endo/colonoscopyQuality.owl#Mesosigmoid>, <http://blulab.chpc.utah.edu/ontologies/v2/ConText.owl#Lexicon> -> <http://blulab.chpc.utah.edu/ontologies/v2/ConText.owl#Modifier> -> <http://blulab.chpc.utah.edu/ontologies/v2/ConText.owl#SemanticModifier> -> <http://blulab.chpc.utah.edu/ontologies/v2/ConText.owl#BodySite> -> <http://blulab.chpc.utah.edu/ontologies/schema/endo/colonoscopyQuality.owl#Colon_structure> -> <http://blulab.chpc.utah.edu/ontologies/schema/endo/colonoscopyQuality.owl#Entire_colon> -> <http://blulab.chpc.utah.edu/ontologies/schema/endo/colonoscopyQuality.owl#Sigmoid_colon> -> <http://blulab.chpc.utah.edu/ontologies/schema/endo/colonoscopyQuality.owl#Entire_sigmoid_colon> -> <http://blulab.chpc.utah.edu/ontologies/schema/endo/colonoscopyQuality.owl#Mesosigmoid>, <http://blulab.chpc.utah.edu/ontologies/v2/ConText.owl#Lexicon> -> <http://blulab.chpc.utah.edu/ontologies/v2/ConText.owl#Modifier> -> <http://blulab.chpc.utah.edu/ontologies/v2/ConText.owl#SemanticModifier> -> <http://blulab.chpc.utah.edu/ontologies/v2/ConText.owl#BodySite> -> <http://blulab.chpc.utah.edu/ontologies/schema/endo/colonoscopyQuality.owl#Colon_structure> -> <http://blulab.chpc.utah.edu/ontologies/schema/endo/colonoscopyQuality.owl#Region_of_colon> -> <http://blulab.chpc.utah.edu/ontologies/schema/endo/colonoscopyQuality.owl#Sigmoid_colon> -> <http://blulab.chpc.utah.edu/ontologies/schema/endo/colonoscopyQuality.owl#Entire_sigmoid_colon> -> <http://blulab.chpc.utah.edu/ontologies/schema/endo/colonoscopyQuality.owl#Mesosigmoid>]]

	Modifier: Proximal_part_of_sigmoid_colon, uri=http://blulab.chpc.utah.edu/ontologies/schema/endo/colonoscopyQuality.owl#Proximal_part_of_sigmoid_colon, type= Semantic, classPath= [<http://blulab.chpc.utah.edu/ontologies/v2/ConText.owl#Lexicon> -> <http://blulab.chpc.utah.edu/ontologies/v2/ConText.owl#Modifier> -> <http://blulab.chpc.utah.edu/ontologies/v2/ConText.owl#SemanticModifier> -> <http://blulab.chpc.utah.edu/ontologies/v2/ConText.owl#BodySite> -> <http://blulab.chpc.utah.edu/ontologies/schema/endo/colonoscopyQuality.owl#Colon_structure> -> <http://blulab.chpc.utah.edu/ontologies/schema/endo/colonoscopyQuality.owl#Sigmoid_colon> -> <http://blulab.chpc.utah.edu/ontologies/schema/endo/colonoscopyQuality.owl#Proximal_part_of_sigmoid_colon>, <http://blulab.chpc.utah.edu/ontologies/v2/ConText.owl#Lexicon> -> <http://blulab.chpc.utah.edu/ontologies/v2/ConText.owl#Modifier> -> <http://blulab.chpc.utah.edu/ontologies/v2/ConText.owl#SemanticModifier> -> <http://blulab.chpc.utah.edu/ontologies/v2/ConText.owl#BodySite> -> <http://blulab.chpc.utah.edu/ontologies/schema/endo/colonoscopyQuality.owl#Colon_structure> -> <http://blulab.chpc.utah.edu/ontologies/schema/endo/colonoscopyQuality.owl#Entire_colon> -> <http://blulab.chpc.utah.edu/ontologies/schema/endo/colonoscopyQuality.owl#Sigmoid_colon> -> <http://blulab.chpc.utah.edu/ontologies/schema/endo/colonoscopyQuality.owl#Proximal_part_of_sigmoid_colon>, <http://blulab.chpc.utah.edu/ontologies/v2/ConText.owl#Lexicon> -> <http://blulab.chpc.utah.edu/ontologies/v2/ConText.owl#Modifier> -> <http://blulab.chpc.utah.edu/ontologies/v2/ConText.owl#SemanticModifier> -> <http://blulab.chpc.utah.edu/ontologies/v2/ConText.owl#BodySite> -> <http://blulab.chpc.utah.edu/ontologies/schema/endo/colonoscopyQuality.owl#Colon_structure> -> <http://blulab.chpc.utah.edu/ontologies/schema/endo/colonoscopyQuality.owl#Region_of_colon> -> <http://blulab.chpc.utah.edu/ontologies/schema/endo/colonoscopyQuality.owl#Sigmoid_colon> -> <http://blulab.chpc.utah.edu/ontologies/schema/endo/colonoscopyQuality.owl#Proximal_part_of_sigmoid_colon>]]

	Modifier: Rectosigmoid_Region, uri=http://blulab.chpc.utah.edu/ontologies/schema/endo/colonoscopyQuality.owl#Rectosigmoid_Region, type= Semantic, classPath= [<http://blulab.chpc.utah.edu/ontologies/v2/ConText.owl#Lexicon> -> <http://blulab.chpc.utah.edu/ontologies/v2/ConText.owl#Modifier> -> <http://blulab.chpc.utah.edu/ontologies/v2/ConText.owl#SemanticModifier> -> <http://blulab.chpc.utah.edu/ontologies/v2/ConText.owl#BodySite> -> <http://blulab.chpc.utah.edu/ontologies/schema/endo/colonoscopyQuality.owl#Rectum> -> <http://blulab.chpc.utah.edu/ontologies/schema/endo/colonoscopyQuality.owl#Entire_rectum> -> <http://blulab.chpc.utah.edu/ontologies/schema/endo/colonoscopyQuality.owl#Rectosigmoid_Region>, <http://blulab.chpc.utah.edu/ontologies/v2/ConText.owl#Lexicon> -> <http://blulab.chpc.utah.edu/ontologies/v2/ConText.owl#Modifier> -> <http://blulab.chpc.utah.edu/ontologies/v2/ConText.owl#SemanticModifier> -> <http://blulab.chpc.utah.edu/ontologies/v2/ConText.owl#BodySite> -> <http://blulab.chpc.utah.edu/ontologies/schema/endo/colonoscopyQuality.owl#Colon_structure> -> <http://blulab.chpc.utah.edu/ontologies/schema/endo/colonoscopyQuality.owl#Sigmoid_colon> -> <http://blulab.chpc.utah.edu/ontologies/schema/endo/colonoscopyQuality.owl#Entire_sigmoid_colon> -> <http://blulab.chpc.utah.edu/ontologies/schema/endo/colonoscopyQuality.owl#Rectosigmoid_Region>, <http://blulab.chpc.utah.edu/ontologies/v2/ConText.owl#Lexicon> -> <http://blulab.chpc.utah.edu/ontologies/v2/ConText.owl#Modifier> -> <http://blulab.chpc.utah.edu/ontologies/v2/ConText.owl#SemanticModifier> -> <http://blulab.chpc.utah.edu/ontologies/v2/ConText.owl#BodySite> -> <http://blulab.chpc.utah.edu/ontologies/schema/endo/colonoscopyQuality.owl#Colon_structure> -> <http://blulab.chpc.utah.edu/ontologies/schema/endo/colonoscopyQuality.owl#Entire_colon> -> <http://blulab.chpc.utah.edu/ontologies/schema/endo/colonoscopyQuality.owl#Sigmoid_colon> -> <http://blulab.chpc.utah.edu/ontologies/schema/endo/colonoscopyQuality.owl#Entire_sigmoid_colon> -> <http://blulab.chpc.utah.edu/ontologies/schema/endo/colonoscopyQuality.owl#Rectosigmoid_Region>, <http://blulab.chpc.utah.edu/ontologies/v2/ConText.owl#Lexicon> -> <http://blulab.chpc.utah.edu/ontologies/v2/ConText.owl#Modifier> -> <http://blulab.chpc.utah.edu/ontologies/v2/ConText.owl#SemanticModifier> -> <http://blulab.chpc.utah.edu/ontologies/v2/ConText.owl#BodySite> -> <http://blulab.chpc.utah.edu/ontologies/schema/endo/colonoscopyQuality.owl#Colon_structure> -> <http://blulab.chpc.utah.edu/ontologies/schema/endo/colonoscopyQuality.owl#Region_of_colon> -> <http://blulab.chpc.utah.edu/ontologies/schema/endo/colonoscopyQuality.owl#Sigmoid_colon> -> <http://blulab.chpc.utah.edu/ontologies/schema/endo/colonoscopyQuality.owl#Entire_sigmoid_colon> -> <http://blulab.chpc.utah.edu/ontologies/schema/endo/colonoscopyQuality.owl#Rectosigmoid_Region>, <http://blulab.chpc.utah.edu/ontologies/v2/ConText.owl#Lexicon> -> <http://blulab.chpc.utah.edu/ontologies/v2/ConText.owl#Modifier> -> <http://blulab.chpc.utah.edu/ontologies/v2/ConText.owl#SemanticModifier> -> <http://blulab.chpc.utah.edu/ontologies/v2/ConText.owl#BodySite> -> <http://blulab.chpc.utah.edu/ontologies/schema/endo/colonoscopyQuality.owl#Rectum> -> <http://blulab.chpc.utah.edu/ontologies/schema/endo/colonoscopyQuality.owl#Rectosigmoid_Region>, <http://blulab.chpc.utah.edu/ontologies/v2/ConText.owl#Lexicon> -> <http://blulab.chpc.utah.edu/ontologies/v2/ConText.owl#Modifier> -> <http://blulab.chpc.utah.edu/ontologies/v2/ConText.owl#SemanticModifier> -> <http://blulab.chpc.utah.edu/ontologies/v2/ConText.owl#BodySite> -> <http://blulab.chpc.utah.edu/ontologies/schema/endo/colonoscopyQuality.owl#Colon_structure> -> <http://blulab.chpc.utah.edu/ontologies/schema/endo/colonoscopyQuality.owl#Entire_colon> -> <http://blulab.chpc.utah.edu/ontologies/schema/endo/colonoscopyQuality.owl#Sigmoid_colon> -> <http://blulab.chpc.utah.edu/ontologies/schema/endo/colonoscopyQuality.owl#Rectosigmoid_Region>, <http://blulab.chpc.utah.edu/ontologies/v2/ConText.owl#Lexicon> -> <http://blulab.chpc.utah.edu/ontologies/v2/ConText.owl#Modifier> -> <http://blulab.chpc.utah.edu/ontologies/v2/ConText.owl#SemanticModifier> -> <http://blulab.chpc.utah.edu/ontologies/v2/ConText.owl#BodySite> -> <http://blulab.chpc.utah.edu/ontologies/schema/endo/colonoscopyQuality.owl#Colon_structure> -> <http://blulab.chpc.utah.edu/ontologies/schema/endo/colonoscopyQuality.owl#Region_of_colon> -> <http://blulab.chpc.utah.edu/ontologies/schema/endo/colonoscopyQuality.owl#Sigmoid_colon> -> <http://blulab.chpc.utah.edu/ontologies/schema/endo/colonoscopyQuality.owl#Rectosigmoid_Region>, <http://blulab.chpc.utah.edu/ontologies/v2/ConText.owl#Lexicon> -> <http://blulab.chpc.utah.edu/ontologies/v2/ConText.owl#Modifier> -> <http://blulab.chpc.utah.edu/ontologies/v2/ConText.owl#SemanticModifier> -> <http://blulab.chpc.utah.edu/ontologies/v2/ConText.owl#BodySite> -> <http://blulab.chpc.utah.edu/ontologies/schema/endo/colonoscopyQuality.owl#Colon_structure> -> <http://blulab.chpc.utah.edu/ontologies/schema/endo/colonoscopyQuality.owl#Sigmoid_colon> -> <http://blulab.chpc.utah.edu/ontologies/schema/endo/colonoscopyQuality.owl#Rectosigmoid_Region>]]

	Modifier: Sigmoid_colon_part, uri=http://blulab.chpc.utah.edu/ontologies/schema/endo/colonoscopyQuality.owl#Sigmoid_colon_part, type= Semantic, classPath= [<http://blulab.chpc.utah.edu/ontologies/v2/ConText.owl#Lexicon> -> <http://blulab.chpc.utah.edu/ontologies/v2/ConText.owl#Modifier> -> <http://blulab.chpc.utah.edu/ontologies/v2/ConText.owl#SemanticModifier> -> <http://blulab.chpc.utah.edu/ontologies/v2/ConText.owl#BodySite> -> <http://blulab.chpc.utah.edu/ontologies/schema/endo/colonoscopyQuality.owl#Colon_structure> -> <http://blulab.chpc.utah.edu/ontologies/schema/endo/colonoscopyQuality.owl#Sigmoid_colon> -> <http://blulab.chpc.utah.edu/ontologies/schema/endo/colonoscopyQuality.owl#Sigmoid_colon_part>, <http://blulab.chpc.utah.edu/ontologies/v2/ConText.owl#Lexicon> -> <http://blulab.chpc.utah.edu/ontologies/v2/ConText.owl#Modifier> -> <http://blulab.chpc.utah.edu/ontologies/v2/ConText.owl#SemanticModifier> -> <http://blulab.chpc.utah.edu/ontologies/v2/ConText.owl#BodySite> -> <http://blulab.chpc.utah.edu/ontologies/schema/endo/colonoscopyQuality.owl#Colon_structure> -> <http://blulab.chpc.utah.edu/ontologies/schema/endo/colonoscopyQuality.owl#Entire_colon> -> <http://blulab.chpc.utah.edu/ontologies/schema/endo/colonoscopyQuality.owl#Sigmoid_colon> -> <http://blulab.chpc.utah.edu/ontologies/schema/endo/colonoscopyQuality.owl#Sigmoid_colon_part>, <http://blulab.chpc.utah.edu/ontologies/v2/ConText.owl#Lexicon> -> <http://blulab.chpc.utah.edu/ontologies/v2/ConText.owl#Modifier> -> <http://blulab.chpc.utah.edu/ontologies/v2/ConText.owl#SemanticModifier> -> <http://blulab.chpc.utah.edu/ontologies/v2/ConText.owl#BodySite> -> <http://blulab.chpc.utah.edu/ontologies/schema/endo/colonoscopyQuality.owl#Colon_structure> -> <http://blulab.chpc.utah.edu/ontologies/schema/endo/colonoscopyQuality.owl#Region_of_colon> -> <http://blulab.chpc.utah.edu/ontologies/schema/endo/colonoscopyQuality.owl#Sigmoid_colon> -> <http://blulab.chpc.utah.edu/ontologies/schema/endo/colonoscopyQuality.owl#Sigmoid_colon_part>]]

	Modifier: Wall_of_sigmoid_colon, uri=http://blulab.chpc.utah.edu/ontologies/schema/endo/colonoscopyQuality.owl#Wall_of_sigmoid_colon, type= Semantic, classPath= [<http://blulab.chpc.utah.edu/ontologies/v2/ConText.owl#Lexicon> -> <http://blulab.chpc.utah.edu/ontologies/v2/ConText.owl#Modifier> -> <http://blulab.chpc.utah.edu/ontologies/v2/ConText.owl#SemanticModifier> -> <http://blulab.chpc.utah.edu/ontologies/v2/ConText.owl#BodySite> -> <http://blulab.chpc.utah.edu/ontologies/schema/endo/colonoscopyQuality.owl#Colon_structure> -> <http://blulab.chpc.utah.edu/ontologies/schema/endo/colonoscopyQuality.owl#Sigmoid_colon> -> <http://blulab.chpc.utah.edu/ontologies/schema/endo/colonoscopyQuality.owl#Wall_of_sigmoid_colon>, <http://blulab.chpc.utah.edu/ontologies/v2/ConText.owl#Lexicon> -> <http://blulab.chpc.utah.edu/ontologies/v2/ConText.owl#Modifier> -> <http://blulab.chpc.utah.edu/ontologies/v2/ConText.owl#SemanticModifier> -> <http://blulab.chpc.utah.edu/ontologies/v2/ConText.owl#BodySite> -> <http://blulab.chpc.utah.edu/ontologies/schema/endo/colonoscopyQuality.owl#Colon_structure> -> <http://blulab.chpc.utah.edu/ontologies/schema/endo/colonoscopyQuality.owl#Entire_colon> -> <http://blulab.chpc.utah.edu/ontologies/schema/endo/colonoscopyQuality.owl#Sigmoid_colon> -> <http://blulab.chpc.utah.edu/ontologies/schema/endo/colonoscopyQuality.owl#Wall_of_sigmoid_colon>, <http://blulab.chpc.utah.edu/ontologies/v2/ConText.owl#Lexicon> -> <http://blulab.chpc.utah.edu/ontologies/v2/ConText.owl#Modifier> -> <http://blulab.chpc.utah.edu/ontologies/v2/ConText.owl#SemanticModifier> -> <http://blulab.chpc.utah.edu/ontologies/v2/ConText.owl#BodySite> -> <http://blulab.chpc.utah.edu/ontologies/schema/endo/colonoscopyQuality.owl#Colon_structure> -> <http://blulab.chpc.utah.edu/ontologies/schema/endo/colonoscopyQuality.owl#Region_of_colon> -> <http://blulab.chpc.utah.edu/ontologies/schema/endo/colonoscopyQuality.owl#Sigmoid_colon> -> <http://blulab.chpc.utah.edu/ontologies/schema/endo/colonoscopyQuality.owl#Wall_of_sigmoid_colon>]]

	Modifier: Anterior_wall_of_sigmoid_colon, uri=http://blulab.chpc.utah.edu/ontologies/schema/endo/colonoscopyQuality.owl#Anterior_wall_of_sigmoid_colon, type= Semantic, classPath= [<http://blulab.chpc.utah.edu/ontologies/v2/ConText.owl#Lexicon> -> <http://blulab.chpc.utah.edu/ontologies/v2/ConText.owl#Modifier> -> <http://blulab.chpc.utah.edu/ontologies/v2/ConText.owl#SemanticModifier> -> <http://blulab.chpc.utah.edu/ontologies/v2/ConText.owl#BodySite> -> <http://blulab.chpc.utah.edu/ontologies/schema/endo/colonoscopyQuality.owl#Colon_structure> -> <http://blulab.chpc.utah.edu/ontologies/schema/endo/colonoscopyQuality.owl#Sigmoid_colon> -> <http://blulab.chpc.utah.edu/ontologies/schema/endo/colonoscopyQuality.owl#Wall_of_sigmoid_colon> -> <http://blulab.chpc.utah.edu/ontologies/schema/endo/colonoscopyQuality.owl#Anterior_wall_of_sigmoid_colon>, <http://blulab.chpc.utah.edu/ontologies/v2/ConText.owl#Lexicon> -> <http://blulab.chpc.utah.edu/ontologies/v2/ConText.owl#Modifier> -> <http://blulab.chpc.utah.edu/ontologies/v2/ConText.owl#SemanticModifier> -> <http://blulab.chpc.utah.edu/ontologies/v2/ConText.owl#BodySite> -> <http://blulab.chpc.utah.edu/ontologies/schema/endo/colonoscopyQuality.owl#Colon_structure> -> <http://blulab.chpc.utah.edu/ontologies/schema/endo/colonoscopyQuality.owl#Entire_colon> -> <http://blulab.chpc.utah.edu/ontologies/schema/endo/colonoscopyQuality.owl#Sigmoid_colon> -> <http://blulab.chpc.utah.edu/ontologies/schema/endo/colonoscopyQuality.owl#Wall_of_sigmoid_colon> -> <http://blulab.chpc.utah.edu/ontologies/schema/endo/colonoscopyQuality.owl#Anterior_wall_of_sigmoid_colon>, <http://blulab.chpc.utah.edu/ontologies/v2/ConText.owl#Lexicon> -> <http://blulab.chpc.utah.edu/ontologies/v2/ConText.owl#Modifier> -> <http://blulab.chpc.utah.edu/ontologies/v2/ConText.owl#SemanticModifier> -> <http://blulab.chpc.utah.edu/ontologies/v2/ConText.owl#BodySite> -> <http://blulab.chpc.utah.edu/ontologies/schema/endo/colonoscopyQuality.owl#Colon_structure> -> <http://blulab.chpc.utah.edu/ontologies/schema/endo/colonoscopyQuality.owl#Region_of_colon> -> <http://blulab.chpc.utah.edu/ontologies/schema/endo/colonoscopyQuality.owl#Sigmoid_colon> -> <http://blulab.chpc.utah.edu/ontologies/schema/endo/colonoscopyQuality.owl#Wall_of_sigmoid_colon> -> <http://blulab.chpc.utah.edu/ontologies/schema/endo/colonoscopyQuality.owl#Anterior_wall_of_sigmoid_colon>]]

	Modifier: Epiploic_appendage_of_sigmoid_colon, uri=http://blulab.chpc.utah.edu/ontologies/schema/endo/colonoscopyQuality.owl#Epiploic_appendage_of_sigmoid_colon, type= Semantic, classPath= [<http://blulab.chpc.utah.edu/ontologies/v2/ConText.owl#Lexicon> -> <http://blulab.chpc.utah.edu/ontologies/v2/ConText.owl#Modifier> -> <http://blulab.chpc.utah.edu/ontologies/v2/ConText.owl#SemanticModifier> -> <http://blulab.chpc.utah.edu/ontologies/v2/ConText.owl#BodySite> -> <http://blulab.chpc.utah.edu/ontologies/schema/endo/colonoscopyQuality.owl#Colon_structure> -> <http://blulab.chpc.utah.edu/ontologies/schema/endo/colonoscopyQuality.owl#Colon_wall_structure> -> <http://blulab.chpc.utah.edu/ontologies/schema/endo/colonoscopyQuality.owl#Appendix_Epiploica> -> <http://blulab.chpc.utah.edu/ontologies/schema/endo/colonoscopyQuality.owl#Epiploic_appendage_of_sigmoid_colon>, <http://blulab.chpc.utah.edu/ontologies/v2/ConText.owl#Lexicon> -> <http://blulab.chpc.utah.edu/ontologies/v2/ConText.owl#Modifier> -> <http://blulab.chpc.utah.edu/ontologies/v2/ConText.owl#SemanticModifier> -> <http://blulab.chpc.utah.edu/ontologies/v2/ConText.owl#BodySite> -> <http://blulab.chpc.utah.edu/ontologies/schema/endo/colonoscopyQuality.owl#Colon_structure> -> <http://blulab.chpc.utah.edu/ontologies/schema/endo/colonoscopyQuality.owl#Sigmoid_colon> -> <http://blulab.chpc.utah.edu/ontologies/schema/endo/colonoscopyQuality.owl#Wall_of_sigmoid_colon> -> <http://blulab.chpc.utah.edu/ontologies/schema/endo/colonoscopyQuality.owl#Epiploic_appendage_of_sigmoid_colon>, <http://blulab.chpc.utah.edu/ontologies/v2/ConText.owl#Lexicon> -> <http://blulab.chpc.utah.edu/ontologies/v2/ConText.owl#Modifier> -> <http://blulab.chpc.utah.edu/ontologies/v2/ConText.owl#SemanticModifier> -> <http://blulab.chpc.utah.edu/ontologies/v2/ConText.owl#BodySite> -> <http://blulab.chpc.utah.edu/ontologies/schema/endo/colonoscopyQuality.owl#Colon_structure> -> <http://blulab.chpc.utah.edu/ontologies/schema/endo/colonoscopyQuality.owl#Entire_colon> -> <http://blulab.chpc.utah.edu/ontologies/schema/endo/colonoscopyQuality.owl#Sigmoid_colon> -> <http://blulab.chpc.utah.edu/ontologies/schema/endo/colonoscopyQuality.owl#Wall_of_sigmoid_colon> -> <http://blulab.chpc.utah.edu/ontologies/schema/endo/colonoscopyQuality.owl#Epiploic_appendage_of_sigmoid_colon>, <http://blulab.chpc.utah.edu/ontologies/v2/ConText.owl#Lexicon> -> <http://blulab.chpc.utah.edu/ontologies/v2/ConText.owl#Modifier> -> <http://blulab.chpc.utah.edu/ontologies/v2/ConText.owl#SemanticModifier> -> <http://blulab.chpc.utah.edu/ontologies/v2/ConText.owl#BodySite> -> <http://blulab.chpc.utah.edu/ontologies/schema/endo/colonoscopyQuality.owl#Colon_structure> -> <http://blulab.chpc.utah.edu/ontologies/schema/endo/colonoscopyQuality.owl#Region_of_colon> -> <http://blulab.chpc.utah.edu/ontologies/schema/endo/colonoscopyQuality.owl#Sigmoid_colon> -> <http://blulab.chpc.utah.edu/ontologies/schema/endo/colonoscopyQuality.owl#Wall_of_sigmoid_colon> -> <http://blulab.chpc.utah.edu/ontologies/schema/endo/colonoscopyQuality.owl#Epiploic_appendage_of_sigmoid_colon>, <http://blulab.chpc.utah.edu/ontologies/v2/ConText.owl#Lexicon> -> <http://blulab.chpc.utah.edu/ontologies/v2/ConText.owl#Modifier> -> <http://blulab.chpc.utah.edu/ontologies/v2/ConText.owl#SemanticModifier> -> <http://blulab.chpc.utah.edu/ontologies/v2/ConText.owl#BodySite> -> <http://blulab.chpc.utah.edu/ontologies/schema/endo/colonoscopyQuality.owl#Colon_structure> -> <http://blulab.chpc.utah.edu/ontologies/schema/endo/colonoscopyQuality.owl#Entire_colon> -> <http://blulab.chpc.utah.edu/ontologies/schema/endo/colonoscopyQuality.owl#Appendix_Epiploica> -> <http://blulab.chpc.utah.edu/ontologies/schema/endo/colonoscopyQuality.owl#Epiploic_appendage_of_sigmoid_colon>]]

	Modifier: Mucosa_of_sigmoid_colon, uri=http://blulab.chpc.utah.edu/ontologies/schema/endo/colonoscopyQuality.owl#Mucosa_of_sigmoid_colon, type= Semantic, classPath= [<http://blulab.chpc.utah.edu/ontologies/v2/ConText.owl#Lexicon> -> <http://blulab.chpc.utah.edu/ontologies/v2/ConText.owl#Modifier> -> <http://blulab.chpc.utah.edu/ontologies/v2/ConText.owl#SemanticModifier> -> <http://blulab.chpc.utah.edu/ontologies/v2/ConText.owl#BodySite> -> <http://blulab.chpc.utah.edu/ontologies/schema/endo/colonoscopyQuality.owl#Colon_structure> -> <http://blulab.chpc.utah.edu/ontologies/schema/endo/colonoscopyQuality.owl#Sigmoid_colon> -> <http://blulab.chpc.utah.edu/ontologies/schema/endo/colonoscopyQuality.owl#Wall_of_sigmoid_colon> -> <http://blulab.chpc.utah.edu/ontologies/schema/endo/colonoscopyQuality.owl#Mucosa_of_sigmoid_colon>, <http://blulab.chpc.utah.edu/ontologies/v2/ConText.owl#Lexicon> -> <http://blulab.chpc.utah.edu/ontologies/v2/ConText.owl#Modifier> -> <http://blulab.chpc.utah.edu/ontologies/v2/ConText.owl#SemanticModifier> -> <http://blulab.chpc.utah.edu/ontologies/v2/ConText.owl#BodySite> -> <http://blulab.chpc.utah.edu/ontologies/schema/endo/colonoscopyQuality.owl#Colon_structure> -> <http://blulab.chpc.utah.edu/ontologies/schema/endo/colonoscopyQuality.owl#Entire_colon> -> <http://blulab.chpc.utah.edu/ontologies/schema/endo/colonoscopyQuality.owl#Sigmoid_colon> -> <http://blulab.chpc.utah.edu/ontologies/schema/endo/colonoscopyQuality.owl#Wall_of_sigmoid_colon> -> <http://blulab.chpc.utah.edu/ontologies/schema/endo/colonoscopyQuality.owl#Mucosa_of_sigmoid_colon>, <http://blulab.chpc.utah.edu/ontologies/v2/ConText.owl#Lexicon> -> <http://blulab.chpc.utah.edu/ontologies/v2/ConText.owl#Modifier> -> <http://blulab.chpc.utah.edu/ontologies/v2/ConText.owl#SemanticModifier> -> <http://blulab.chpc.utah.edu/ontologies/v2/ConText.owl#BodySite> -> <http://blulab.chpc.utah.edu/ontologies/schema/endo/colonoscopyQuality.owl#Colon_structure> -> <http://blulab.chpc.utah.edu/ontologies/schema/endo/colonoscopyQuality.owl#Region_of_colon> -> <http://blulab.chpc.utah.edu/ontologies/schema/endo/colonoscopyQuality.owl#Sigmoid_colon> -> <http://blulab.chpc.utah.edu/ontologies/schema/endo/colonoscopyQuality.owl#Wall_of_sigmoid_colon> -> <http://blulab.chpc.utah.edu/ontologies/schema/endo/colonoscopyQuality.owl#Mucosa_of_sigmoid_colon>]]

	Modifier: Epithelium_of_sigmoid_colon, uri=http://blulab.chpc.utah.edu/ontologies/schema/endo/colonoscopyQuality.owl#Epithelium_of_sigmoid_colon, type= Semantic, classPath= [<http://blulab.chpc.utah.edu/ontologies/v2/ConText.owl#Lexicon> -> <http://blulab.chpc.utah.edu/ontologies/v2/ConText.owl#Modifier> -> <http://blulab.chpc.utah.edu/ontologies/v2/ConText.owl#SemanticModifier> -> <http://blulab.chpc.utah.edu/ontologies/v2/ConText.owl#BodySite> -> <http://blulab.chpc.utah.edu/ontologies/schema/endo/colonoscopyQuality.owl#Colon_structure> -> <http://blulab.chpc.utah.edu/ontologies/schema/endo/colonoscopyQuality.owl#Sigmoid_colon> -> <http://blulab.chpc.utah.edu/ontologies/schema/endo/colonoscopyQuality.owl#Wall_of_sigmoid_colon> -> <http://blulab.chpc.utah.edu/ontologies/schema/endo/colonoscopyQuality.owl#Mucosa_of_sigmoid_colon> -> <http://blulab.chpc.utah.edu/ontologies/schema/endo/colonoscopyQuality.owl#Epithelium_of_sigmoid_colon>, <http://blulab.chpc.utah.edu/ontologies/v2/ConText.owl#Lexicon> -> <http://blulab.chpc.utah.edu/ontologies/v2/ConText.owl#Modifier> -> <http://blulab.chpc.utah.edu/ontologies/v2/ConText.owl#SemanticModifier> -> <http://blulab.chpc.utah.edu/ontologies/v2/ConText.owl#BodySite> -> <http://blulab.chpc.utah.edu/ontologies/schema/endo/colonoscopyQuality.owl#Colon_structure> -> <http://blulab.chpc.utah.edu/ontologies/schema/endo/colonoscopyQuality.owl#Entire_colon> -> <http://blulab.chpc.utah.edu/ontologies/schema/endo/colonoscopyQuality.owl#Sigmoid_colon> -> <http://blulab.chpc.utah.edu/ontologies/schema/endo/colonoscopyQuality.owl#Wall_of_sigmoid_colon> -> <http://blulab.chpc.utah.edu/ontologies/schema/endo/colonoscopyQuality.owl#Mucosa_of_sigmoid_colon> -> <http://blulab.chpc.utah.edu/ontologies/schema/endo/colonoscopyQuality.owl#Epithelium_of_sigmoid_colon>, <http://blulab.chpc.utah.edu/ontologies/v2/ConText.owl#Lexicon> -> <http://blulab.chpc.utah.edu/ontologies/v2/ConText.owl#Modifier> -> <http://blulab.chpc.utah.edu/ontologies/v2/ConText.owl#SemanticModifier> -> <http://blulab.chpc.utah.edu/ontologies/v2/ConText.owl#BodySite> -> <http://blulab.chpc.utah.edu/ontologies/schema/endo/colonoscopyQuality.owl#Colon_structure> -> <http://blulab.chpc.utah.edu/ontologies/schema/endo/colonoscopyQuality.owl#Region_of_colon> -> <http://blulab.chpc.utah.edu/ontologies/schema/endo/colonoscopyQuality.owl#Sigmoid_colon> -> <http://blulab.chpc.utah.edu/ontologies/schema/endo/colonoscopyQuality.owl#Wall_of_sigmoid_colon> -> <http://blulab.chpc.utah.edu/ontologies/schema/endo/colonoscopyQuality.owl#Mucosa_of_sigmoid_colon> -> <http://blulab.chpc.utah.edu/ontologies/schema/endo/colonoscopyQuality.owl#Epithelium_of_sigmoid_colon>]]

	Modifier: Lamina_propria_mucosae_of_sigmoid_colon, uri=http://blulab.chpc.utah.edu/ontologies/schema/endo/colonoscopyQuality.owl#Lamina_propria_mucosae_of_sigmoid_colon, type= Semantic, classPath= [<http://blulab.chpc.utah.edu/ontologies/v2/ConText.owl#Lexicon> -> <http://blulab.chpc.utah.edu/ontologies/v2/ConText.owl#Modifier> -> <http://blulab.chpc.utah.edu/ontologies/v2/ConText.owl#SemanticModifier> -> <http://blulab.chpc.utah.edu/ontologies/v2/ConText.owl#BodySite> -> <http://blulab.chpc.utah.edu/ontologies/schema/endo/colonoscopyQuality.owl#Colon_structure> -> <http://blulab.chpc.utah.edu/ontologies/schema/endo/colonoscopyQuality.owl#Sigmoid_colon> -> <http://blulab.chpc.utah.edu/ontologies/schema/endo/colonoscopyQuality.owl#Wall_of_sigmoid_colon> -> <http://blulab.chpc.utah.edu/ontologies/schema/endo/colonoscopyQuality.owl#Mucosa_of_sigmoid_colon> -> <http://blulab.chpc.utah.edu/ontologies/schema/endo/colonoscopyQuality.owl#Lamina_propria_mucosae_of_sigmoid_colon>, <http://blulab.chpc.utah.edu/ontologies/v2/ConText.owl#Lexicon> -> <http://blulab.chpc.utah.edu/ontologies/v2/ConText.owl#Modifier> -> <http://blulab.chpc.utah.edu/ontologies/v2/ConText.owl#SemanticModifier> -> <http://blulab.chpc.utah.edu/ontologies/v2/ConText.owl#BodySite> -> <http://blulab.chpc.utah.edu/ontologies/schema/endo/colonoscopyQuality.owl#Colon_structure> -> <http://blulab.chpc.utah.edu/ontologies/schema/endo/colonoscopyQuality.owl#Entire_colon> -> <http://blulab.chpc.utah.edu/ontologies/schema/endo/colonoscopyQuality.owl#Sigmoid_colon> -> <http://blulab.chpc.utah.edu/ontologies/schema/endo/colonoscopyQuality.owl#Wall_of_sigmoid_colon> -> <http://blulab.chpc.utah.edu/ontologies/schema/endo/colonoscopyQuality.owl#Mucosa_of_sigmoid_colon> -> <http://blulab.chpc.utah.edu/ontologies/schema/endo/colonoscopyQuality.owl#Lamina_propria_mucosae_of_sigmoid_colon>, <http://blulab.chpc.utah.edu/ontologies/v2/ConText.owl#Lexicon> -> <http://blulab.chpc.utah.edu/ontologies/v2/ConText.owl#Modifier> -> <http://blulab.chpc.utah.edu/ontologies/v2/ConText.owl#SemanticModifier> -> <http://blulab.chpc.utah.edu/ontologies/v2/ConText.owl#BodySite> -> <http://blulab.chpc.utah.edu/ontologies/schema/endo/colonoscopyQuality.owl#Colon_structure> -> <http://blulab.chpc.utah.edu/ontologies/schema/endo/colonoscopyQuality.owl#Region_of_colon> -> <http://blulab.chpc.utah.edu/ontologies/schema/endo/colonoscopyQuality.owl#Sigmoid_colon> -> <http://blulab.chpc.utah.edu/ontologies/schema/endo/colonoscopyQuality.owl#Wall_of_sigmoid_colon> -> <http://blulab.chpc.utah.edu/ontologies/schema/endo/colonoscopyQuality.owl#Mucosa_of_sigmoid_colon> -> <http://blulab.chpc.utah.edu/ontologies/schema/endo/colonoscopyQuality.owl#Lamina_propria_mucosae_of_sigmoid_colon>]]

	Modifier: Muscularis_mucosae_of_sigmoid_colon, uri=http://blulab.chpc.utah.edu/ontologies/schema/endo/colonoscopyQuality.owl#Muscularis_mucosae_of_sigmoid_colon, type= Semantic, classPath= [<http://blulab.chpc.utah.edu/ontologies/v2/ConText.owl#Lexicon> -> <http://blulab.chpc.utah.edu/ontologies/v2/ConText.owl#Modifier> -> <http://blulab.chpc.utah.edu/ontologies/v2/ConText.owl#SemanticModifier> -> <http://blulab.chpc.utah.edu/ontologies/v2/ConText.owl#BodySite> -> <http://blulab.chpc.utah.edu/ontologies/schema/endo/colonoscopyQuality.owl#Colon_structure> -> <http://blulab.chpc.utah.edu/ontologies/schema/endo/colonoscopyQuality.owl#Entire_colon> -> <http://blulab.chpc.utah.edu/ontologies/schema/endo/colonoscopyQuality.owl#Colonic_mucous_membrane> -> <http://blulab.chpc.utah.edu/ontologies/schema/endo/colonoscopyQuality.owl#Lamina_muscularis_of_colonic_mucous_membrane> -> <http://blulab.chpc.utah.edu/ontologies/schema/endo/colonoscopyQuality.owl#Muscularis_mucosae_of_sigmoid_colon>, <http://blulab.chpc.utah.edu/ontologies/v2/ConText.owl#Lexicon> -> <http://blulab.chpc.utah.edu/ontologies/v2/ConText.owl#Modifier> -> <http://blulab.chpc.utah.edu/ontologies/v2/ConText.owl#SemanticModifier> -> <http://blulab.chpc.utah.edu/ontologies/v2/ConText.owl#BodySite> -> <http://blulab.chpc.utah.edu/ontologies/schema/endo/colonoscopyQuality.owl#Colon_structure> -> <http://blulab.chpc.utah.edu/ontologies/schema/endo/colonoscopyQuality.owl#Sigmoid_colon> -> <http://blulab.chpc.utah.edu/ontologies/schema/endo/colonoscopyQuality.owl#Wall_of_sigmoid_colon> -> <http://blulab.chpc.utah.edu/ontologies/schema/endo/colonoscopyQuality.owl#Mucosa_of_sigmoid_colon> -> <http://blulab.chpc.utah.edu/ontologies/schema/endo/colonoscopyQuality.owl#Muscularis_mucosae_of_sigmoid_colon>, <http://blulab.chpc.utah.edu/ontologies/v2/ConText.owl#Lexicon> -> <http://blulab.chpc.utah.edu/ontologies/v2/ConText.owl#Modifier> -> <http://blulab.chpc.utah.edu/ontologies/v2/ConText.owl#SemanticModifier> -> <http://blulab.chpc.utah.edu/ontologies/v2/ConText.owl#BodySite> -> <http://blulab.chpc.utah.edu/ontologies/schema/endo/colonoscopyQuality.owl#Colon_structure> -> <http://blulab.chpc.utah.edu/ontologies/schema/endo/colonoscopyQuality.owl#Entire_colon> -> <http://blulab.chpc.utah.edu/ontologies/schema/endo/colonoscopyQuality.owl#Sigmoid_colon> -> <http://blulab.chpc.utah.edu/ontologies/schema/endo/colonoscopyQuality.owl#Wall_of_sigmoid_colon> -> <http://blulab.chpc.utah.edu/ontologies/schema/endo/colonoscopyQuality.owl#Mucosa_of_sigmoid_colon> -> <http://blulab.chpc.utah.edu/ontologies/schema/endo/colonoscopyQuality.owl#Muscularis_mucosae_of_sigmoid_colon>, <http://blulab.chpc.utah.edu/ontologies/v2/ConText.owl#Lexicon> -> <http://blulab.chpc.utah.edu/ontologies/v2/ConText.owl#Modifier> -> <http://blulab.chpc.utah.edu/ontologies/v2/ConText.owl#SemanticModifier> -> <http://blulab.chpc.utah.edu/ontologies/v2/ConText.owl#BodySite> -> <http://blulab.chpc.utah.edu/ontologies/schema/endo/colonoscopyQuality.owl#Colon_structure> -> <http://blulab.chpc.utah.edu/ontologies/schema/endo/colonoscopyQuality.owl#Region_of_colon> -> <http://blulab.chpc.utah.edu/ontologies/schema/endo/colonoscopyQuality.owl#Sigmoid_colon> -> <http://blulab.chpc.utah.edu/ontologies/schema/endo/colonoscopyQuality.owl#Wall_of_sigmoid_colon> -> <http://blulab.chpc.utah.edu/ontologies/schema/endo/colonoscopyQuality.owl#Mucosa_of_sigmoid_colon> -> <http://blulab.chpc.utah.edu/ontologies/schema/endo/colonoscopyQuality.owl#Muscularis_mucosae_of_sigmoid_colon>, <http://blulab.chpc.utah.edu/ontologies/v2/ConText.owl#Lexicon> -> <http://blulab.chpc.utah.edu/ontologies/v2/ConText.owl#Modifier> -> <http://blulab.chpc.utah.edu/ontologies/v2/ConText.owl#SemanticModifier> -> <http://blulab.chpc.utah.edu/ontologies/v2/ConText.owl#BodySite> -> <http://blulab.chpc.utah.edu/ontologies/schema/endo/colonoscopyQuality.owl#Colon_structure> -> <http://blulab.chpc.utah.edu/ontologies/schema/endo/colonoscopyQuality.owl#Entire_colon> -> <http://blulab.chpc.utah.edu/ontologies/schema/endo/colonoscopyQuality.owl#Colonic_mucous_membrane> -> <http://blulab.chpc.utah.edu/ontologies/schema/endo/colonoscopyQuality.owl#Entire_colonic_mucous_membrane> -> <http://blulab.chpc.utah.edu/ontologies/schema/endo/colonoscopyQuality.owl#Lamina_muscularis_of_colonic_mucous_membrane> -> <http://blulab.chpc.utah.edu/ontologies/schema/endo/colonoscopyQuality.owl#Muscularis_mucosae_of_sigmoid_colon>, <http://blulab.chpc.utah.edu/ontologies/v2/ConText.owl#Lexicon> -> <http://blulab.chpc.utah.edu/ontologies/v2/ConText.owl#Modifier> -> <http://blulab.chpc.utah.edu/ontologies/v2/ConText.owl#SemanticModifier> -> <http://blulab.chpc.utah.edu/ontologies/v2/ConText.owl#BodySite> -> <http://blulab.chpc.utah.edu/ontologies/schema/endo/colonoscopyQuality.owl#Colon_structure> -> <http://blulab.chpc.utah.edu/ontologies/schema/endo/colonoscopyQuality.owl#Wall_of_colon> -> <http://blulab.chpc.utah.edu/ontologies/schema/endo/colonoscopyQuality.owl#Colonic_mucous_membrane> -> <http://blulab.chpc.utah.edu/ontologies/schema/endo/colonoscopyQuality.owl#Entire_colonic_mucous_membrane> -> <http://blulab.chpc.utah.edu/ontologies/schema/endo/colonoscopyQuality.owl#Lamina_muscularis_of_colonic_mucous_membrane> -> <http://blulab.chpc.utah.edu/ontologies/schema/endo/colonoscopyQuality.owl#Muscularis_mucosae_of_sigmoid_colon>, <http://blulab.chpc.utah.edu/ontologies/v2/ConText.owl#Lexicon> -> <http://blulab.chpc.utah.edu/ontologies/v2/ConText.owl#Modifier> -> <http://blulab.chpc.utah.edu/ontologies/v2/ConText.owl#SemanticModifier> -> <http://blulab.chpc.utah.edu/ontologies/v2/ConText.owl#BodySite> -> <http://blulab.chpc.utah.edu/ontologies/schema/endo/colonoscopyQuality.owl#Colon_structure> -> <http://blulab.chpc.utah.edu/ontologies/schema/endo/colonoscopyQuality.owl#Wall_of_colon> -> <http://blulab.chpc.utah.edu/ontologies/schema/endo/colonoscopyQuality.owl#Colonic_mucous_membrane> -> <http://blulab.chpc.utah.edu/ontologies/schema/endo/colonoscopyQuality.owl#Lamina_muscularis_of_colonic_mucous_membrane> -> <http://blulab.chpc.utah.edu/ontologies/schema/endo/colonoscopyQuality.owl#Muscularis_mucosae_of_sigmoid_colon>]]

	Modifier: Muscle_layer_of_sigmoid_colon, uri=http://blulab.chpc.utah.edu/ontologies/schema/endo/colonoscopyQuality.owl#Muscle_layer_of_sigmoid_colon, type= Semantic, classPath= [<http://blulab.chpc.utah.edu/ontologies/v2/ConText.owl#Lexicon> -> <http://blulab.chpc.utah.edu/ontologies/v2/ConText.owl#Modifier> -> <http://blulab.chpc.utah.edu/ontologies/v2/ConText.owl#SemanticModifier> -> <http://blulab.chpc.utah.edu/ontologies/v2/ConText.owl#BodySite> -> <http://blulab.chpc.utah.edu/ontologies/schema/endo/colonoscopyQuality.owl#Colon_structure> -> <http://blulab.chpc.utah.edu/ontologies/schema/endo/colonoscopyQuality.owl#Sigmoid_colon> -> <http://blulab.chpc.utah.edu/ontologies/schema/endo/colonoscopyQuality.owl#Wall_of_sigmoid_colon> -> <http://blulab.chpc.utah.edu/ontologies/schema/endo/colonoscopyQuality.owl#Muscle_layer_of_sigmoid_colon>, <http://blulab.chpc.utah.edu/ontologies/v2/ConText.owl#Lexicon> -> <http://blulab.chpc.utah.edu/ontologies/v2/ConText.owl#Modifier> -> <http://blulab.chpc.utah.edu/ontologies/v2/ConText.owl#SemanticModifier> -> <http://blulab.chpc.utah.edu/ontologies/v2/ConText.owl#BodySite> -> <http://blulab.chpc.utah.edu/ontologies/schema/endo/colonoscopyQuality.owl#Colon_structure> -> <http://blulab.chpc.utah.edu/ontologies/schema/endo/colonoscopyQuality.owl#Entire_colon> -> <http://blulab.chpc.utah.edu/ontologies/schema/endo/colonoscopyQuality.owl#Sigmoid_colon> -> <http://blulab.chpc.utah.edu/ontologies/schema/endo/colonoscopyQuality.owl#Wall_of_sigmoid_colon> -> <http://blulab.chpc.utah.edu/ontologies/schema/endo/colonoscopyQuality.owl#Muscle_layer_of_sigmoid_colon>, <http://blulab.chpc.utah.edu/ontologies/v2/ConText.owl#Lexicon> -> <http://blulab.chpc.utah.edu/ontologies/v2/ConText.owl#Modifier> -> <http://blulab.chpc.utah.edu/ontologies/v2/ConText.owl#SemanticModifier> -> <http://blulab.chpc.utah.edu/ontologies/v2/ConText.owl#BodySite> -> <http://blulab.chpc.utah.edu/ontologies/schema/endo/colonoscopyQuality.owl#Colon_structure> -> <http://blulab.chpc.utah.edu/ontologies/schema/endo/colonoscopyQuality.owl#Region_of_colon> -> <http://blulab.chpc.utah.edu/ontologies/schema/endo/colonoscopyQuality.owl#Sigmoid_colon> -> <http://blulab.chpc.utah.edu/ontologies/schema/endo/colonoscopyQuality.owl#Wall_of_sigmoid_colon> -> <http://blulab.chpc.utah.edu/ontologies/schema/endo/colonoscopyQuality.owl#Muscle_layer_of_sigmoid_colon>]]

	Modifier: Circular_muscle_layer_of_sigmoid_colon, uri=http://blulab.chpc.utah.edu/ontologies/schema/endo/colonoscopyQuality.owl#Circular_muscle_layer_of_sigmoid_colon, type= Semantic, classPath= [<http://blulab.chpc.utah.edu/ontologies/v2/ConText.owl#Lexicon> -> <http://blulab.chpc.utah.edu/ontologies/v2/ConText.owl#Modifier> -> <http://blulab.chpc.utah.edu/ontologies/v2/ConText.owl#SemanticModifier> -> <http://blulab.chpc.utah.edu/ontologies/v2/ConText.owl#BodySite> -> <http://blulab.chpc.utah.edu/ontologies/schema/endo/colonoscopyQuality.owl#Colon_structure> -> <http://blulab.chpc.utah.edu/ontologies/schema/endo/colonoscopyQuality.owl#Sigmoid_colon> -> <http://blulab.chpc.utah.edu/ontologies/schema/endo/colonoscopyQuality.owl#Wall_of_sigmoid_colon> -> <http://blulab.chpc.utah.edu/ontologies/schema/endo/colonoscopyQuality.owl#Muscle_layer_of_sigmoid_colon> -> <http://blulab.chpc.utah.edu/ontologies/schema/endo/colonoscopyQuality.owl#Circular_muscle_layer_of_sigmoid_colon>, <http://blulab.chpc.utah.edu/ontologies/v2/ConText.owl#Lexicon> -> <http://blulab.chpc.utah.edu/ontologies/v2/ConText.owl#Modifier> -> <http://blulab.chpc.utah.edu/ontologies/v2/ConText.owl#SemanticModifier> -> <http://blulab.chpc.utah.edu/ontologies/v2/ConText.owl#BodySite> -> <http://blulab.chpc.utah.edu/ontologies/schema/endo/colonoscopyQuality.owl#Colon_structure> -> <http://blulab.chpc.utah.edu/ontologies/schema/endo/colonoscopyQuality.owl#Entire_colon> -> <http://blulab.chpc.utah.edu/ontologies/schema/endo/colonoscopyQuality.owl#Sigmoid_colon> -> <http://blulab.chpc.utah.edu/ontologies/schema/endo/colonoscopyQuality.owl#Wall_of_sigmoid_colon> -> <http://blulab.chpc.utah.edu/ontologies/schema/endo/colonoscopyQuality.owl#Muscle_layer_of_sigmoid_colon> -> <http://blulab.chpc.utah.edu/ontologies/schema/endo/colonoscopyQuality.owl#Circular_muscle_layer_of_sigmoid_colon>, <http://blulab.chpc.utah.edu/ontologies/v2/ConText.owl#Lexicon> -> <http://blulab.chpc.utah.edu/ontologies/v2/ConText.owl#Modifier> -> <http://blulab.chpc.utah.edu/ontologies/v2/ConText.owl#SemanticModifier> -> <http://blulab.chpc.utah.edu/ontologies/v2/ConText.owl#BodySite> -> <http://blulab.chpc.utah.edu/ontologies/schema/endo/colonoscopyQuality.owl#Colon_structure> -> <http://blulab.chpc.utah.edu/ontologies/schema/endo/colonoscopyQuality.owl#Region_of_colon> -> <http://blulab.chpc.utah.edu/ontologies/schema/endo/colonoscopyQuality.owl#Sigmoid_colon> -> <http://blulab.chpc.utah.edu/ontologies/schema/endo/colonoscopyQuality.owl#Wall_of_sigmoid_colon> -> <http://blulab.chpc.utah.edu/ontologies/schema/endo/colonoscopyQuality.owl#Muscle_layer_of_sigmoid_colon> -> <http://blulab.chpc.utah.edu/ontologies/schema/endo/colonoscopyQuality.owl#Circular_muscle_layer_of_sigmoid_colon>]]

	Modifier: Longitudinal_muscle_layer_of_sigmoid_colon, uri=http://blulab.chpc.utah.edu/ontologies/schema/endo/colonoscopyQuality.owl#Longitudinal_muscle_layer_of_sigmoid_colon, type= Semantic, classPath= [<http://blulab.chpc.utah.edu/ontologies/v2/ConText.owl#Lexicon> -> <http://blulab.chpc.utah.edu/ontologies/v2/ConText.owl#Modifier> -> <http://blulab.chpc.utah.edu/ontologies/v2/ConText.owl#SemanticModifier> -> <http://blulab.chpc.utah.edu/ontologies/v2/ConText.owl#BodySite> -> <http://blulab.chpc.utah.edu/ontologies/schema/endo/colonoscopyQuality.owl#Colon_structure> -> <http://blulab.chpc.utah.edu/ontologies/schema/endo/colonoscopyQuality.owl#Sigmoid_colon> -> <http://blulab.chpc.utah.edu/ontologies/schema/endo/colonoscopyQuality.owl#Wall_of_sigmoid_colon> -> <http://blulab.chpc.utah.edu/ontologies/schema/endo/colonoscopyQuality.owl#Muscle_layer_of_sigmoid_colon> -> <http://blulab.chpc.utah.edu/ontologies/schema/endo/colonoscopyQuality.owl#Longitudinal_muscle_layer_of_sigmoid_colon>, <http://blulab.chpc.utah.edu/ontologies/v2/ConText.owl#Lexicon> -> <http://blulab.chpc.utah.edu/ontologies/v2/ConText.owl#Modifier> -> <http://blulab.chpc.utah.edu/ontologies/v2/ConText.owl#SemanticModifier> -> <http://blulab.chpc.utah.edu/ontologies/v2/ConText.owl#BodySite> -> <http://blulab.chpc.utah.edu/ontologies/schema/endo/colonoscopyQuality.owl#Colon_structure> -> <http://blulab.chpc.utah.edu/ontologies/schema/endo/colonoscopyQuality.owl#Entire_colon> -> <http://blulab.chpc.utah.edu/ontologies/schema/endo/colonoscopyQuality.owl#Sigmoid_colon> -> <http://blulab.chpc.utah.edu/ontologies/schema/endo/colonoscopyQuality.owl#Wall_of_sigmoid_colon> -> <http://blulab.chpc.utah.edu/ontologies/schema/endo/colonoscopyQuality.owl#Muscle_layer_of_sigmoid_colon> -> <http://blulab.chpc.utah.edu/ontologies/schema/endo/colonoscopyQuality.owl#Longitudinal_muscle_layer_of_sigmoid_colon>, <http://blulab.chpc.utah.edu/ontologies/v2/ConText.owl#Lexicon> -> <http://blulab.chpc.utah.edu/ontologies/v2/ConText.owl#Modifier> -> <http://blulab.chpc.utah.edu/ontologies/v2/ConText.owl#SemanticModifier> -> <http://blulab.chpc.utah.edu/ontologies/v2/ConText.owl#BodySite> -> <http://blulab.chpc.utah.edu/ontologies/schema/endo/colonoscopyQuality.owl#Colon_structure> -> <http://blulab.chpc.utah.edu/ontologies/schema/endo/colonoscopyQuality.owl#Region_of_colon> -> <http://blulab.chpc.utah.edu/ontologies/schema/endo/colonoscopyQuality.owl#Sigmoid_colon> -> <http://blulab.chpc.utah.edu/ontologies/schema/endo/colonoscopyQuality.owl#Wall_of_sigmoid_colon> -> <http://blulab.chpc.utah.edu/ontologies/schema/endo/colonoscopyQuality.owl#Muscle_layer_of_sigmoid_colon> -> <http://blulab.chpc.utah.edu/ontologies/schema/endo/colonoscopyQuality.owl#Longitudinal_muscle_layer_of_sigmoid_colon>]]

	Modifier: Posterior_wall_of_sigmoid_colon, uri=http://blulab.chpc.utah.edu/ontologies/schema/endo/colonoscopyQuality.owl#Posterior_wall_of_sigmoid_colon, type= Semantic, classPath= [<http://blulab.chpc.utah.edu/ontologies/v2/ConText.owl#Lexicon> -> <http://blulab.chpc.utah.edu/ontologies/v2/ConText.owl#Modifier> -> <http://blulab.chpc.utah.edu/ontologies/v2/ConText.owl#SemanticModifier> -> <http://blulab.chpc.utah.edu/ontologies/v2/ConText.owl#BodySite> -> <http://blulab.chpc.utah.edu/ontologies/schema/endo/colonoscopyQuality.owl#Colon_structure> -> <http://blulab.chpc.utah.edu/ontologies/schema/endo/colonoscopyQuality.owl#Sigmoid_colon> -> <http://blulab.chpc.utah.edu/ontologies/schema/endo/colonoscopyQuality.owl#Wall_of_sigmoid_colon> -> <http://blulab.chpc.utah.edu/ontologies/schema/endo/colonoscopyQuality.owl#Posterior_wall_of_sigmoid_colon>, <http://blulab.chpc.utah.edu/ontologies/v2/ConText.owl#Lexicon> -> <http://blulab.chpc.utah.edu/ontologies/v2/ConText.owl#Modifier> -> <http://blulab.chpc.utah.edu/ontologies/v2/ConText.owl#SemanticModifier> -> <http://blulab.chpc.utah.edu/ontologies/v2/ConText.owl#BodySite> -> <http://blulab.chpc.utah.edu/ontologies/schema/endo/colonoscopyQuality.owl#Colon_structure> -> <http://blulab.chpc.utah.edu/ontologies/schema/endo/colonoscopyQuality.owl#Entire_colon> -> <http://blulab.chpc.utah.edu/ontologies/schema/endo/colonoscopyQuality.owl#Sigmoid_colon> -> <http://blulab.chpc.utah.edu/ontologies/schema/endo/colonoscopyQuality.owl#Wall_of_sigmoid_colon> -> <http://blulab.chpc.utah.edu/ontologies/schema/endo/colonoscopyQuality.owl#Posterior_wall_of_sigmoid_colon>, <http://blulab.chpc.utah.edu/ontologies/v2/ConText.owl#Lexicon> -> <http://blulab.chpc.utah.edu/ontologies/v2/ConText.owl#Modifier> -> <http://blulab.chpc.utah.edu/ontologies/v2/ConText.owl#SemanticModifier> -> <http://blulab.chpc.utah.edu/ontologies/v2/ConText.owl#BodySite> -> <http://blulab.chpc.utah.edu/ontologies/schema/endo/colonoscopyQuality.owl#Colon_structure> -> <http://blulab.chpc.utah.edu/ontologies/schema/endo/colonoscopyQuality.owl#Region_of_colon> -> <http://blulab.chpc.utah.edu/ontologies/schema/endo/colonoscopyQuality.owl#Sigmoid_colon> -> <http://blulab.chpc.utah.edu/ontologies/schema/endo/colonoscopyQuality.owl#Wall_of_sigmoid_colon> -> <http://blulab.chpc.utah.edu/ontologies/schema/endo/colonoscopyQuality.owl#Posterior_wall_of_sigmoid_colon>]]

	Modifier: Serosa_of_sigmoid_colon, uri=http://blulab.chpc.utah.edu/ontologies/schema/endo/colonoscopyQuality.owl#Serosa_of_sigmoid_colon, type= Semantic, classPath= [<http://blulab.chpc.utah.edu/ontologies/v2/ConText.owl#Lexicon> -> <http://blulab.chpc.utah.edu/ontologies/v2/ConText.owl#Modifier> -> <http://blulab.chpc.utah.edu/ontologies/v2/ConText.owl#SemanticModifier> -> <http://blulab.chpc.utah.edu/ontologies/v2/ConText.owl#BodySite> -> <http://blulab.chpc.utah.edu/ontologies/schema/endo/colonoscopyQuality.owl#Colon_structure> -> <http://blulab.chpc.utah.edu/ontologies/schema/endo/colonoscopyQuality.owl#Sigmoid_colon> -> <http://blulab.chpc.utah.edu/ontologies/schema/endo/colonoscopyQuality.owl#Wall_of_sigmoid_colon> -> <http://blulab.chpc.utah.edu/ontologies/schema/endo/colonoscopyQuality.owl#Serosa_of_sigmoid_colon>, <http://blulab.chpc.utah.edu/ontologies/v2/ConText.owl#Lexicon> -> <http://blulab.chpc.utah.edu/ontologies/v2/ConText.owl#Modifier> -> <http://blulab.chpc.utah.edu/ontologies/v2/ConText.owl#SemanticModifier> -> <http://blulab.chpc.utah.edu/ontologies/v2/ConText.owl#BodySite> -> <http://blulab.chpc.utah.edu/ontologies/schema/endo/colonoscopyQuality.owl#Colon_structure> -> <http://blulab.chpc.utah.edu/ontologies/schema/endo/colonoscopyQuality.owl#Entire_colon> -> <http://blulab.chpc.utah.edu/ontologies/schema/endo/colonoscopyQuality.owl#Sigmoid_colon> -> <http://blulab.chpc.utah.edu/ontologies/schema/endo/colonoscopyQuality.owl#Wall_of_sigmoid_colon> -> <http://blulab.chpc.utah.edu/ontologies/schema/endo/colonoscopyQuality.owl#Serosa_of_sigmoid_colon>, <http://blulab.chpc.utah.edu/ontologies/v2/ConText.owl#Lexicon> -> <http://blulab.chpc.utah.edu/ontologies/v2/ConText.owl#Modifier> -> <http://blulab.chpc.utah.edu/ontologies/v2/ConText.owl#SemanticModifier> -> <http://blulab.chpc.utah.edu/ontologies/v2/ConText.owl#BodySite> -> <http://blulab.chpc.utah.edu/ontologies/schema/endo/colonoscopyQuality.owl#Colon_structure> -> <http://blulab.chpc.utah.edu/ontologies/schema/endo/colonoscopyQuality.owl#Region_of_colon> -> <http://blulab.chpc.utah.edu/ontologies/schema/endo/colonoscopyQuality.owl#Sigmoid_colon> -> <http://blulab.chpc.utah.edu/ontologies/schema/endo/colonoscopyQuality.owl#Wall_of_sigmoid_colon> -> <http://blulab.chpc.utah.edu/ontologies/schema/endo/colonoscopyQuality.owl#Serosa_of_sigmoid_colon>]]

	Modifier: Connective_tissue_of_serosa_of_sigmoid_colon, uri=http://blulab.chpc.utah.edu/ontologies/schema/endo/colonoscopyQuality.owl#Connective_tissue_of_serosa_of_sigmoid_colon, type= Semantic, classPath= [<http://blulab.chpc.utah.edu/ontologies/v2/ConText.owl#Lexicon> -> <http://blulab.chpc.utah.edu/ontologies/v2/ConText.owl#Modifier> -> <http://blulab.chpc.utah.edu/ontologies/v2/ConText.owl#SemanticModifier> -> <http://blulab.chpc.utah.edu/ontologies/v2/ConText.owl#BodySite> -> <http://blulab.chpc.utah.edu/ontologies/schema/endo/colonoscopyQuality.owl#Colon_structure> -> <http://blulab.chpc.utah.edu/ontologies/schema/endo/colonoscopyQuality.owl#Sigmoid_colon> -> <http://blulab.chpc.utah.edu/ontologies/schema/endo/colonoscopyQuality.owl#Wall_of_sigmoid_colon> -> <http://blulab.chpc.utah.edu/ontologies/schema/endo/colonoscopyQuality.owl#Serosa_of_sigmoid_colon> -> <http://blulab.chpc.utah.edu/ontologies/schema/endo/colonoscopyQuality.owl#Connective_tissue_of_serosa_of_sigmoid_colon>, <http://blulab.chpc.utah.edu/ontologies/v2/ConText.owl#Lexicon> -> <http://blulab.chpc.utah.edu/ontologies/v2/ConText.owl#Modifier> -> <http://blulab.chpc.utah.edu/ontologies/v2/ConText.owl#SemanticModifier> -> <http://blulab.chpc.utah.edu/ontologies/v2/ConText.owl#BodySite> -> <http://blulab.chpc.utah.edu/ontologies/schema/endo/colonoscopyQuality.owl#Colon_structure> -> <http://blulab.chpc.utah.edu/ontologies/schema/endo/colonoscopyQuality.owl#Entire_colon> -> <http://blulab.chpc.utah.edu/ontologies/schema/endo/colonoscopyQuality.owl#Sigmoid_colon> -> <http://blulab.chpc.utah.edu/ontologies/schema/endo/colonoscopyQuality.owl#Wall_of_sigmoid_colon> -> <http://blulab.chpc.utah.edu/ontologies/schema/endo/colonoscopyQuality.owl#Serosa_of_sigmoid_colon> -> <http://blulab.chpc.utah.edu/ontologies/schema/endo/colonoscopyQuality.owl#Connective_tissue_of_serosa_of_sigmoid_colon>, <http://blulab.chpc.utah.edu/ontologies/v2/ConText.owl#Lexicon> -> <http://blulab.chpc.utah.edu/ontologies/v2/ConText.owl#Modifier> -> <http://blulab.chpc.utah.edu/ontologies/v2/ConText.owl#SemanticModifier> -> <http://blulab.chpc.utah.edu/ontologies/v2/ConText.owl#BodySite> -> <http://blulab.chpc.utah.edu/ontologies/schema/endo/colonoscopyQuality.owl#Colon_structure> -> <http://blulab.chpc.utah.edu/ontologies/schema/endo/colonoscopyQuality.owl#Region_of_colon> -> <http://blulab.chpc.utah.edu/ontologies/schema/endo/colonoscopyQuality.owl#Sigmoid_colon> -> <http://blulab.chpc.utah.edu/ontologies/schema/endo/colonoscopyQuality.owl#Wall_of_sigmoid_colon> -> <http://blulab.chpc.utah.edu/ontologies/schema/endo/colonoscopyQuality.owl#Serosa_of_sigmoid_colon> -> <http://blulab.chpc.utah.edu/ontologies/schema/endo/colonoscopyQuality.owl#Connective_tissue_of_serosa_of_sigmoid_colon>]]

	Modifier: Connective_tissue_of_visceral_peritoneum, uri=http://blulab.chpc.utah.edu/ontologies/schema/endo/colonoscopyQuality.owl#Connective_tissue_of_visceral_peritoneum, type= Semantic, classPath= [<http://blulab.chpc.utah.edu/ontologies/v2/ConText.owl#Lexicon> -> <http://blulab.chpc.utah.edu/ontologies/v2/ConText.owl#Modifier> -> <http://blulab.chpc.utah.edu/ontologies/v2/ConText.owl#SemanticModifier> -> <http://blulab.chpc.utah.edu/ontologies/v2/ConText.owl#BodySite> -> <http://blulab.chpc.utah.edu/ontologies/schema/endo/colonoscopyQuality.owl#Colon_structure> -> <http://blulab.chpc.utah.edu/ontologies/schema/endo/colonoscopyQuality.owl#Cecum> -> <http://blulab.chpc.utah.edu/ontologies/schema/endo/colonoscopyQuality.owl#Appendix> -> <http://blulab.chpc.utah.edu/ontologies/schema/endo/colonoscopyQuality.owl#Entire_appendix> -> <http://blulab.chpc.utah.edu/ontologies/schema/endo/colonoscopyQuality.owl#Appendiceal_serosa> -> <http://blulab.chpc.utah.edu/ontologies/schema/endo/colonoscopyQuality.owl#Connective_tissue_of_visceral_peritoneum>, <http://blulab.chpc.utah.edu/ontologies/v2/ConText.owl#Lexicon> -> <http://blulab.chpc.utah.edu/ontologies/v2/ConText.owl#Modifier> -> <http://blulab.chpc.utah.edu/ontologies/v2/ConText.owl#SemanticModifier> -> <http://blulab.chpc.utah.edu/ontologies/v2/ConText.owl#BodySite> -> <http://blulab.chpc.utah.edu/ontologies/schema/endo/colonoscopyQuality.owl#Colon_structure> -> <http://blulab.chpc.utah.edu/ontologies/schema/endo/colonoscopyQuality.owl#Wall_of_colon> -> <http://blulab.chpc.utah.edu/ontologies/schema/endo/colonoscopyQuality.owl#Colonic_serosa> -> <http://blulab.chpc.utah.edu/ontologies/schema/endo/colonoscopyQuality.owl#Connective_tissue_of_visceral_peritoneum>, <http://blulab.chpc.utah.edu/ontologies/v2/ConText.owl#Lexicon> -> <http://blulab.chpc.utah.edu/ontologies/v2/ConText.owl#Modifier> -> <http://blulab.chpc.utah.edu/ontologies/v2/ConText.owl#SemanticModifier> -> <http://blulab.chpc.utah.edu/ontologies/v2/ConText.owl#BodySite> -> <http://blulab.chpc.utah.edu/ontologies/schema/endo/colonoscopyQuality.owl#Colon_structure> -> <http://blulab.chpc.utah.edu/ontologies/schema/endo/colonoscopyQuality.owl#Entire_colon> -> <http://blulab.chpc.utah.edu/ontologies/schema/endo/colonoscopyQuality.owl#Colonic_serosa> -> <http://blulab.chpc.utah.edu/ontologies/schema/endo/colonoscopyQuality.owl#Connective_tissue_of_visceral_peritoneum>, <http://blulab.chpc.utah.edu/ontologies/v2/ConText.owl#Lexicon> -> <http://blulab.chpc.utah.edu/ontologies/v2/ConText.owl#Modifier> -> <http://blulab.chpc.utah.edu/ontologies/v2/ConText.owl#SemanticModifier> -> <http://blulab.chpc.utah.edu/ontologies/v2/ConText.owl#BodySite> -> <http://blulab.chpc.utah.edu/ontologies/schema/endo/colonoscopyQuality.owl#Colon_structure> -> <http://blulab.chpc.utah.edu/ontologies/schema/endo/colonoscopyQuality.owl#Cecum> -> <http://blulab.chpc.utah.edu/ontologies/schema/endo/colonoscopyQuality.owl#Wall_of_cecum> -> <http://blulab.chpc.utah.edu/ontologies/schema/endo/colonoscopyQuality.owl#Serosa_of_cecum> -> <http://blulab.chpc.utah.edu/ontologies/schema/endo/colonoscopyQuality.owl#Connective_tissue_of_visceral_peritoneum>, <http://blulab.chpc.utah.edu/ontologies/v2/ConText.owl#Lexicon> -> <http://blulab.chpc.utah.edu/ontologies/v2/ConText.owl#Modifier> -> <http://blulab.chpc.utah.edu/ontologies/v2/ConText.owl#SemanticModifier> -> <http://blulab.chpc.utah.edu/ontologies/v2/ConText.owl#BodySite> -> <http://blulab.chpc.utah.edu/ontologies/schema/endo/colonoscopyQuality.owl#Colon_structure> -> <http://blulab.chpc.utah.edu/ontologies/schema/endo/colonoscopyQuality.owl#Descending_colon> -> <http://blulab.chpc.utah.edu/ontologies/schema/endo/colonoscopyQuality.owl#Wall_of_descending_colon> -> <http://blulab.chpc.utah.edu/ontologies/schema/endo/colonoscopyQuality.owl#Serosa_of_descending_colon> -> <http://blulab.chpc.utah.edu/ontologies/schema/endo/colonoscopyQuality.owl#Connective_tissue_of_visceral_peritoneum>, <http://blulab.chpc.utah.edu/ontologies/v2/ConText.owl#Lexicon> -> <http://blulab.chpc.utah.edu/ontologies/v2/ConText.owl#Modifier> -> <http://blulab.chpc.utah.edu/ontologies/v2/ConText.owl#SemanticModifier> -> <http://blulab.chpc.utah.edu/ontologies/v2/ConText.owl#BodySite> -> <http://blulab.chpc.utah.edu/ontologies/schema/endo/colonoscopyQuality.owl#Colon_structure> -> <http://blulab.chpc.utah.edu/ontologies/schema/endo/colonoscopyQuality.owl#Left_colon> -> <http://blulab.chpc.utah.edu/ontologies/schema/endo/colonoscopyQuality.owl#Entire_left_colon> -> <http://blulab.chpc.utah.edu/ontologies/schema/endo/colonoscopyQuality.owl#Descending_colon> -> <http://blulab.chpc.utah.edu/ontologies/schema/endo/colonoscopyQuality.owl#Wall_of_descending_colon> -> <http://blulab.chpc.utah.edu/ontologies/schema/endo/colonoscopyQuality.owl#Serosa_of_descending_colon> -> <http://blulab.chpc.utah.edu/ontologies/schema/endo/colonoscopyQuality.owl#Connective_tissue_of_visceral_peritoneum>, <http://blulab.chpc.utah.edu/ontologies/v2/ConText.owl#Lexicon> -> <http://blulab.chpc.utah.edu/ontologies/v2/ConText.owl#Modifier> -> <http://blulab.chpc.utah.edu/ontologies/v2/ConText.owl#SemanticModifier> -> <http://blulab.chpc.utah.edu/ontologies/v2/ConText.owl#BodySite> -> <http://blulab.chpc.utah.edu/ontologies/schema/endo/colonoscopyQuality.owl#Colon_structure> -> <http://blulab.chpc.utah.edu/ontologies/schema/endo/colonoscopyQuality.owl#Entire_colon> -> <http://blulab.chpc.utah.edu/ontologies/schema/endo/colonoscopyQuality.owl#Left_colon> -> <http://blulab.chpc.utah.edu/ontologies/schema/endo/colonoscopyQuality.owl#Entire_left_colon> -> <http://blulab.chpc.utah.edu/ontologies/schema/endo/colonoscopyQuality.owl#Descending_colon> -> <http://blulab.chpc.utah.edu/ontologies/schema/endo/colonoscopyQuality.owl#Wall_of_descending_colon> -> <http://blulab.chpc.utah.edu/ontologies/schema/endo/colonoscopyQuality.owl#Serosa_of_descending_colon> -> <http://blulab.chpc.utah.edu/ontologies/schema/endo/colonoscopyQuality.owl#Connective_tissue_of_visceral_peritoneum>, <http://blulab.chpc.utah.edu/ontologies/v2/ConText.owl#Lexicon> -> <http://blulab.chpc.utah.edu/ontologies/v2/ConText.owl#Modifier> -> <http://blulab.chpc.utah.edu/ontologies/v2/ConText.owl#SemanticModifier> -> <http://blulab.chpc.utah.edu/ontologies/v2/ConText.owl#BodySite> -> <http://blulab.chpc.utah.edu/ontologies/schema/endo/colonoscopyQuality.owl#Colon_structure> -> <http://blulab.chpc.utah.edu/ontologies/schema/endo/colonoscopyQuality.owl#Entire_colon> -> <http://blulab.chpc.utah.edu/ontologies/schema/endo/colonoscopyQuality.owl#Left_colon> -> <http://blulab.chpc.utah.edu/ontologies/schema/endo/colonoscopyQuality.owl#Descending_colon> -> <http://blulab.chpc.utah.edu/ontologies/schema/endo/colonoscopyQuality.owl#Wall_of_descending_colon> -> <http://blulab.chpc.utah.edu/ontologies/schema/endo/colonoscopyQuality.owl#Serosa_of_descending_colon> -> <http://blulab.chpc.utah.edu/ontologies/schema/endo/colonoscopyQuality.owl#Connective_tissue_of_visceral_peritoneum>, <http://blulab.chpc.utah.edu/ontologies/v2/ConText.owl#Lexicon> -> <http://blulab.chpc.utah.edu/ontologies/v2/ConText.owl#Modifier> -> <http://blulab.chpc.utah.edu/ontologies/v2/ConText.owl#SemanticModifier> -> <http://blulab.chpc.utah.edu/ontologies/v2/ConText.owl#BodySite> -> <http://blulab.chpc.utah.edu/ontologies/schema/endo/colonoscopyQuality.owl#Colon_structure> -> <http://blulab.chpc.utah.edu/ontologies/schema/endo/colonoscopyQuality.owl#Left_colon> -> <http://blulab.chpc.utah.edu/ontologies/schema/endo/colonoscopyQuality.owl#Descending_colon> -> <http://blulab.chpc.utah.edu/ontologies/schema/endo/colonoscopyQuality.owl#Wall_of_descending_colon> -> <http://blulab.chpc.utah.edu/ontologies/schema/endo/colonoscopyQuality.owl#Serosa_of_descending_colon> -> <http://blulab.chpc.utah.edu/ontologies/schema/endo/colonoscopyQuality.owl#Connective_tissue_of_visceral_peritoneum>, <http://blulab.chpc.utah.edu/ontologies/v2/ConText.owl#Lexicon> -> <http://blulab.chpc.utah.edu/ontologies/v2/ConText.owl#Modifier> -> <http://blulab.chpc.utah.edu/ontologies/v2/ConText.owl#SemanticModifier> -> <http://blulab.chpc.utah.edu/ontologies/v2/ConText.owl#BodySite> -> <http://blulab.chpc.utah.edu/ontologies/schema/endo/colonoscopyQuality.owl#Colon_structure> -> <http://blulab.chpc.utah.edu/ontologies/schema/endo/colonoscopyQuality.owl#Region_of_colon> -> <http://blulab.chpc.utah.edu/ontologies/schema/endo/colonoscopyQuality.owl#Descending_colon> -> <http://blulab.chpc.utah.edu/ontologies/schema/endo/colonoscopyQuality.owl#Wall_of_descending_colon> -> <http://blulab.chpc.utah.edu/ontologies/schema/endo/colonoscopyQuality.owl#Serosa_of_descending_colon> -> <http://blulab.chpc.utah.edu/ontologies/schema/endo/colonoscopyQuality.owl#Connective_tissue_of_visceral_peritoneum>, <http://blulab.chpc.utah.edu/ontologies/v2/ConText.owl#Lexicon> -> <http://blulab.chpc.utah.edu/ontologies/v2/ConText.owl#Modifier> -> <http://blulab.chpc.utah.edu/ontologies/v2/ConText.owl#SemanticModifier> -> <http://blulab.chpc.utah.edu/ontologies/v2/ConText.owl#BodySite> -> <http://blulab.chpc.utah.edu/ontologies/schema/endo/colonoscopyQuality.owl#ileum> -> <http://blulab.chpc.utah.edu/ontologies/schema/endo/colonoscopyQuality.owl#Region_of_ileum> -> <http://blulab.chpc.utah.edu/ontologies/schema/endo/colonoscopyQuality.owl#Wall_of_ileum> -> <http://blulab.chpc.utah.edu/ontologies/schema/endo/colonoscopyQuality.owl#Serosa_of_ileum> -> <http://blulab.chpc.utah.edu/ontologies/schema/endo/colonoscopyQuality.owl#Connective_tissue_of_visceral_peritoneum>, <http://blulab.chpc.utah.edu/ontologies/v2/ConText.owl#Lexicon> -> <http://blulab.chpc.utah.edu/ontologies/v2/ConText.owl#Modifier> -> <http://blulab.chpc.utah.edu/ontologies/v2/ConText.owl#SemanticModifier> -> <http://blulab.chpc.utah.edu/ontologies/v2/ConText.owl#BodySite> -> <http://blulab.chpc.utah.edu/ontologies/schema/endo/colonoscopyQuality.owl#ileum> -> <http://blulab.chpc.utah.edu/ontologies/schema/endo/colonoscopyQuality.owl#Wall_of_ileum> -> <http://blulab.chpc.utah.edu/ontologies/schema/endo/colonoscopyQuality.owl#Serosa_of_ileum> -> <http://blulab.chpc.utah.edu/ontologies/schema/endo/colonoscopyQuality.owl#Connective_tissue_of_visceral_peritoneum>, <http://blulab.chpc.utah.edu/ontologies/v2/ConText.owl#Lexicon> -> <http://blulab.chpc.utah.edu/ontologies/v2/ConText.owl#Modifier> -> <http://blulab.chpc.utah.edu/ontologies/v2/ConText.owl#SemanticModifier> -> <http://blulab.chpc.utah.edu/ontologies/v2/ConText.owl#BodySite> -> <http://blulab.chpc.utah.edu/ontologies/schema/endo/colonoscopyQuality.owl#Colon_structure> -> <http://blulab.chpc.utah.edu/ontologies/schema/endo/colonoscopyQuality.owl#Sigmoid_colon> -> <http://blulab.chpc.utah.edu/ontologies/schema/endo/colonoscopyQuality.owl#Wall_of_sigmoid_colon> -> <http://blulab.chpc.utah.edu/ontologies/schema/endo/colonoscopyQuality.owl#Serosa_of_sigmoid_colon> -> <http://blulab.chpc.utah.edu/ontologies/schema/endo/colonoscopyQuality.owl#Connective_tissue_of_visceral_peritoneum>, <http://blulab.chpc.utah.edu/ontologies/v2/ConText.owl#Lexicon> -> <http://blulab.chpc.utah.edu/ontologies/v2/ConText.owl#Modifier> -> <http://blulab.chpc.utah.edu/ontologies/v2/ConText.owl#SemanticModifier> -> <http://blulab.chpc.utah.edu/ontologies/v2/ConText.owl#BodySite> -> <http://blulab.chpc.utah.edu/ontologies/schema/endo/colonoscopyQuality.owl#Colon_structure> -> <http://blulab.chpc.utah.edu/ontologies/schema/endo/colonoscopyQuality.owl#Entire_colon> -> <http://blulab.chpc.utah.edu/ontologies/schema/endo/colonoscopyQuality.owl#Sigmoid_colon> -> <http://blulab.chpc.utah.edu/ontologies/schema/endo/colonoscopyQuality.owl#Wall_of_sigmoid_colon> -> <http://blulab.chpc.utah.edu/ontologies/schema/endo/colonoscopyQuality.owl#Serosa_of_sigmoid_colon> -> <http://blulab.chpc.utah.edu/ontologies/schema/endo/colonoscopyQuality.owl#Connective_tissue_of_visceral_peritoneum>, <http://blulab.chpc.utah.edu/ontologies/v2/ConText.owl#Lexicon> -> <http://blulab.chpc.utah.edu/ontologies/v2/ConText.owl#Modifier> -> <http://blulab.chpc.utah.edu/ontologies/v2/ConText.owl#SemanticModifier> -> <http://blulab.chpc.utah.edu/ontologies/v2/ConText.owl#BodySite> -> <http://blulab.chpc.utah.edu/ontologies/schema/endo/colonoscopyQuality.owl#Colon_structure> -> <http://blulab.chpc.utah.edu/ontologies/schema/endo/colonoscopyQuality.owl#Region_of_colon> -> <http://blulab.chpc.utah.edu/ontologies/schema/endo/colonoscopyQuality.owl#Sigmoid_colon> -> <http://blulab.chpc.utah.edu/ontologies/schema/endo/colonoscopyQuality.owl#Wall_of_sigmoid_colon> -> <http://blulab.chpc.utah.edu/ontologies/schema/endo/colonoscopyQuality.owl#Serosa_of_sigmoid_colon> -> <http://blulab.chpc.utah.edu/ontologies/schema/endo/colonoscopyQuality.owl#Connective_tissue_of_visceral_peritoneum>, <http://blulab.chpc.utah.edu/ontologies/v2/ConText.owl#Lexicon> -> <http://blulab.chpc.utah.edu/ontologies/v2/ConText.owl#Modifier> -> <http://blulab.chpc.utah.edu/ontologies/v2/ConText.owl#SemanticModifier> -> <http://blulab.chpc.utah.edu/ontologies/v2/ConText.owl#BodySite> -> <http://blulab.chpc.utah.edu/ontologies/schema/endo/colonoscopyQuality.owl#Colon_structure> -> <http://blulab.chpc.utah.edu/ontologies/schema/endo/colonoscopyQuality.owl#Transverse_colon> -> <http://blulab.chpc.utah.edu/ontologies/schema/endo/colonoscopyQuality.owl#Wall_of_transverse_colon> -> <http://blulab.chpc.utah.edu/ontologies/schema/endo/colonoscopyQuality.owl#Serosa_of_transverse_colon> -> <http://blulab.chpc.utah.edu/ontologies/schema/endo/colonoscopyQuality.owl#Connective_tissue_of_visceral_peritoneum>, <http://blulab.chpc.utah.edu/ontologies/v2/ConText.owl#Lexicon> -> <http://blulab.chpc.utah.edu/ontologies/v2/ConText.owl#Modifier> -> <http://blulab.chpc.utah.edu/ontologies/v2/ConText.owl#SemanticModifier> -> <http://blulab.chpc.utah.edu/ontologies/v2/ConText.owl#BodySite> -> <http://blulab.chpc.utah.edu/ontologies/schema/endo/colonoscopyQuality.owl#Colon_structure> -> <http://blulab.chpc.utah.edu/ontologies/schema/endo/colonoscopyQuality.owl#Entire_colon> -> <http://blulab.chpc.utah.edu/ontologies/schema/endo/colonoscopyQuality.owl#Transverse_colon> -> <http://blulab.chpc.utah.edu/ontologies/schema/endo/colonoscopyQuality.owl#Wall_of_transverse_colon> -> <http://blulab.chpc.utah.edu/ontologies/schema/endo/colonoscopyQuality.owl#Serosa_of_transverse_colon> -> <http://blulab.chpc.utah.edu/ontologies/schema/endo/colonoscopyQuality.owl#Connective_tissue_of_visceral_peritoneum>, <http://blulab.chpc.utah.edu/ontologies/v2/ConText.owl#Lexicon> -> <http://blulab.chpc.utah.edu/ontologies/v2/ConText.owl#Modifier> -> <http://blulab.chpc.utah.edu/ontologies/v2/ConText.owl#SemanticModifier> -> <http://blulab.chpc.utah.edu/ontologies/v2/ConText.owl#BodySite> -> <http://blulab.chpc.utah.edu/ontologies/schema/endo/colonoscopyQuality.owl#Colon_structure> -> <http://blulab.chpc.utah.edu/ontologies/schema/endo/colonoscopyQuality.owl#Region_of_colon> -> <http://blulab.chpc.utah.edu/ontologies/schema/endo/colonoscopyQuality.owl#Transverse_colon> -> <http://blulab.chpc.utah.edu/ontologies/schema/endo/colonoscopyQuality.owl#Wall_of_transverse_colon> -> <http://blulab.chpc.utah.edu/ontologies/schema/endo/colonoscopyQuality.owl#Serosa_of_transverse_colon> -> <http://blulab.chpc.utah.edu/ontologies/schema/endo/colonoscopyQuality.owl#Connective_tissue_of_visceral_peritoneum>, <http://blulab.chpc.utah.edu/ontologies/v2/ConText.owl#Lexicon> -> <http://blulab.chpc.utah.edu/ontologies/v2/ConText.owl#Modifier> -> <http://blulab.chpc.utah.edu/ontologies/v2/ConText.owl#SemanticModifier> -> <http://blulab.chpc.utah.edu/ontologies/v2/ConText.owl#BodySite> -> <http://blulab.chpc.utah.edu/ontologies/schema/endo/colonoscopyQuality.owl#Colon_structure> -> <http://blulab.chpc.utah.edu/ontologies/schema/endo/colonoscopyQuality.owl#Cecum> -> <http://blulab.chpc.utah.edu/ontologies/schema/endo/colonoscopyQuality.owl#Appendix> -> <http://blulab.chpc.utah.edu/ontologies/schema/endo/colonoscopyQuality.owl#Wall_of_appendix> -> <http://blulab.chpc.utah.edu/ontologies/schema/endo/colonoscopyQuality.owl#Appendiceal_serosa> -> <http://blulab.chpc.utah.edu/ontologies/schema/endo/colonoscopyQuality.owl#Connective_tissue_of_visceral_peritoneum>, <http://blulab.chpc.utah.edu/ontologies/v2/ConText.owl#Lexicon> -> <http://blulab.chpc.utah.edu/ontologies/v2/ConText.owl#Modifier> -> <http://blulab.chpc.utah.edu/ontologies/v2/ConText.owl#SemanticModifier> -> <http://blulab.chpc.utah.edu/ontologies/v2/ConText.owl#BodySite> -> <http://blulab.chpc.utah.edu/ontologies/schema/endo/colonoscopyQuality.owl#Colon_structure> -> <http://blulab.chpc.utah.edu/ontologies/schema/endo/colonoscopyQuality.owl#Appendix> -> <http://blulab.chpc.utah.edu/ontologies/schema/endo/colonoscopyQuality.owl#Wall_of_appendix> -> <http://blulab.chpc.utah.edu/ontologies/schema/endo/colonoscopyQuality.owl#Appendiceal_serosa> -> <http://blulab.chpc.utah.edu/ontologies/schema/endo/colonoscopyQuality.owl#Connective_tissue_of_visceral_peritoneum>, <http://blulab.chpc.utah.edu/ontologies/v2/ConText.owl#Lexicon> -> <http://blulab.chpc.utah.edu/ontologies/v2/ConText.owl#Modifier> -> <http://blulab.chpc.utah.edu/ontologies/v2/ConText.owl#SemanticModifier> -> <http://blulab.chpc.utah.edu/ontologies/v2/ConText.owl#BodySite> -> <http://blulab.chpc.utah.edu/ontologies/schema/endo/colonoscopyQuality.owl#Colon_structure> -> <http://blulab.chpc.utah.edu/ontologies/schema/endo/colonoscopyQuality.owl#Appendix> -> <http://blulab.chpc.utah.edu/ontologies/schema/endo/colonoscopyQuality.owl#Entire_appendix> -> <http://blulab.chpc.utah.edu/ontologies/schema/endo/colonoscopyQuality.owl#Appendiceal_serosa> -> <http://blulab.chpc.utah.edu/ontologies/schema/endo/colonoscopyQuality.owl#Connective_tissue_of_visceral_peritoneum>]]

	Modifier: Mesothelium_of_serosa_of_sigmoid_colon, uri=http://blulab.chpc.utah.edu/ontologies/schema/endo/colonoscopyQuality.owl#Mesothelium_of_serosa_of_sigmoid_colon, type= Semantic, classPath= [<http://blulab.chpc.utah.edu/ontologies/v2/ConText.owl#Lexicon> -> <http://blulab.chpc.utah.edu/ontologies/v2/ConText.owl#Modifier> -> <http://blulab.chpc.utah.edu/ontologies/v2/ConText.owl#SemanticModifier> -> <http://blulab.chpc.utah.edu/ontologies/v2/ConText.owl#BodySite> -> <http://blulab.chpc.utah.edu/ontologies/schema/endo/colonoscopyQuality.owl#Colon_structure> -> <http://blulab.chpc.utah.edu/ontologies/schema/endo/colonoscopyQuality.owl#Sigmoid_colon> -> <http://blulab.chpc.utah.edu/ontologies/schema/endo/colonoscopyQuality.owl#Wall_of_sigmoid_colon> -> <http://blulab.chpc.utah.edu/ontologies/schema/endo/colonoscopyQuality.owl#Serosa_of_sigmoid_colon> -> <http://blulab.chpc.utah.edu/ontologies/schema/endo/colonoscopyQuality.owl#Mesothelium_of_serosa_of_sigmoid_colon>, <http://blulab.chpc.utah.edu/ontologies/v2/ConText.owl#Lexicon> -> <http://blulab.chpc.utah.edu/ontologies/v2/ConText.owl#Modifier> -> <http://blulab.chpc.utah.edu/ontologies/v2/ConText.owl#SemanticModifier> -> <http://blulab.chpc.utah.edu/ontologies/v2/ConText.owl#BodySite> -> <http://blulab.chpc.utah.edu/ontologies/schema/endo/colonoscopyQuality.owl#Colon_structure> -> <http://blulab.chpc.utah.edu/ontologies/schema/endo/colonoscopyQuality.owl#Entire_colon> -> <http://blulab.chpc.utah.edu/ontologies/schema/endo/colonoscopyQuality.owl#Sigmoid_colon> -> <http://blulab.chpc.utah.edu/ontologies/schema/endo/colonoscopyQuality.owl#Wall_of_sigmoid_colon> -> <http://blulab.chpc.utah.edu/ontologies/schema/endo/colonoscopyQuality.owl#Serosa_of_sigmoid_colon> -> <http://blulab.chpc.utah.edu/ontologies/schema/endo/colonoscopyQuality.owl#Mesothelium_of_serosa_of_sigmoid_colon>, <http://blulab.chpc.utah.edu/ontologies/v2/ConText.owl#Lexicon> -> <http://blulab.chpc.utah.edu/ontologies/v2/ConText.owl#Modifier> -> <http://blulab.chpc.utah.edu/ontologies/v2/ConText.owl#SemanticModifier> -> <http://blulab.chpc.utah.edu/ontologies/v2/ConText.owl#BodySite> -> <http://blulab.chpc.utah.edu/ontologies/schema/endo/colonoscopyQuality.owl#Colon_structure> -> <http://blulab.chpc.utah.edu/ontologies/schema/endo/colonoscopyQuality.owl#Region_of_colon> -> <http://blulab.chpc.utah.edu/ontologies/schema/endo/colonoscopyQuality.owl#Sigmoid_colon> -> <http://blulab.chpc.utah.edu/ontologies/schema/endo/colonoscopyQuality.owl#Wall_of_sigmoid_colon> -> <http://blulab.chpc.utah.edu/ontologies/schema/endo/colonoscopyQuality.owl#Serosa_of_sigmoid_colon> -> <http://blulab.chpc.utah.edu/ontologies/schema/endo/colonoscopyQuality.owl#Mesothelium_of_serosa_of_sigmoid_colon>]]

	Modifier: Mesothelium_of_visceral_peritoneum, uri=http://blulab.chpc.utah.edu/ontologies/schema/endo/colonoscopyQuality.owl#Mesothelium_of_visceral_peritoneum, type= Semantic, classPath= [<http://blulab.chpc.utah.edu/ontologies/v2/ConText.owl#Lexicon> -> <http://blulab.chpc.utah.edu/ontologies/v2/ConText.owl#Modifier> -> <http://blulab.chpc.utah.edu/ontologies/v2/ConText.owl#SemanticModifier> -> <http://blulab.chpc.utah.edu/ontologies/v2/ConText.owl#BodySite> -> <http://blulab.chpc.utah.edu/ontologies/schema/endo/colonoscopyQuality.owl#Colon_structure> -> <http://blulab.chpc.utah.edu/ontologies/schema/endo/colonoscopyQuality.owl#Cecum> -> <http://blulab.chpc.utah.edu/ontologies/schema/endo/colonoscopyQuality.owl#Appendix> -> <http://blulab.chpc.utah.edu/ontologies/schema/endo/colonoscopyQuality.owl#Entire_appendix> -> <http://blulab.chpc.utah.edu/ontologies/schema/endo/colonoscopyQuality.owl#Appendiceal_serosa> -> <http://blulab.chpc.utah.edu/ontologies/schema/endo/colonoscopyQuality.owl#Mesothelium_of_visceral_peritoneum>, <http://blulab.chpc.utah.edu/ontologies/v2/ConText.owl#Lexicon> -> <http://blulab.chpc.utah.edu/ontologies/v2/ConText.owl#Modifier> -> <http://blulab.chpc.utah.edu/ontologies/v2/ConText.owl#SemanticModifier> -> <http://blulab.chpc.utah.edu/ontologies/v2/ConText.owl#BodySite> -> <http://blulab.chpc.utah.edu/ontologies/schema/endo/colonoscopyQuality.owl#Colon_structure> -> <http://blulab.chpc.utah.edu/ontologies/schema/endo/colonoscopyQuality.owl#Wall_of_colon> -> <http://blulab.chpc.utah.edu/ontologies/schema/endo/colonoscopyQuality.owl#Colonic_serosa> -> <http://blulab.chpc.utah.edu/ontologies/schema/endo/colonoscopyQuality.owl#Mesothelium_of_visceral_peritoneum>, <http://blulab.chpc.utah.edu/ontologies/v2/ConText.owl#Lexicon> -> <http://blulab.chpc.utah.edu/ontologies/v2/ConText.owl#Modifier> -> <http://blulab.chpc.utah.edu/ontologies/v2/ConText.owl#SemanticModifier> -> <http://blulab.chpc.utah.edu/ontologies/v2/ConText.owl#BodySite> -> <http://blulab.chpc.utah.edu/ontologies/schema/endo/colonoscopyQuality.owl#Colon_structure> -> <http://blulab.chpc.utah.edu/ontologies/schema/endo/colonoscopyQuality.owl#Entire_colon> -> <http://blulab.chpc.utah.edu/ontologies/schema/endo/colonoscopyQuality.owl#Colonic_serosa> -> <http://blulab.chpc.utah.edu/ontologies/schema/endo/colonoscopyQuality.owl#Mesothelium_of_visceral_peritoneum>, <http://blulab.chpc.utah.edu/ontologies/v2/ConText.owl#Lexicon> -> <http://blulab.chpc.utah.edu/ontologies/v2/ConText.owl#Modifier> -> <http://blulab.chpc.utah.edu/ontologies/v2/ConText.owl#SemanticModifier> -> <http://blulab.chpc.utah.edu/ontologies/v2/ConText.owl#BodySite> -> <http://blulab.chpc.utah.edu/ontologies/schema/endo/colonoscopyQuality.owl#Colon_structure> -> <http://blulab.chpc.utah.edu/ontologies/schema/endo/colonoscopyQuality.owl#Cecum> -> <http://blulab.chpc.utah.edu/ontologies/schema/endo/colonoscopyQuality.owl#Wall_of_cecum> -> <http://blulab.chpc.utah.edu/ontologies/schema/endo/colonoscopyQuality.owl#Serosa_of_cecum> -> <http://blulab.chpc.utah.edu/ontologies/schema/endo/colonoscopyQuality.owl#Mesothelium_of_visceral_peritoneum>, <http://blulab.chpc.utah.edu/ontologies/v2/ConText.owl#Lexicon> -> <http://blulab.chpc.utah.edu/ontologies/v2/ConText.owl#Modifier> -> <http://blulab.chpc.utah.edu/ontologies/v2/ConText.owl#SemanticModifier> -> <http://blulab.chpc.utah.edu/ontologies/v2/ConText.owl#BodySite> -> <http://blulab.chpc.utah.edu/ontologies/schema/endo/colonoscopyQuality.owl#Colon_structure> -> <http://blulab.chpc.utah.edu/ontologies/schema/endo/colonoscopyQuality.owl#Descending_colon> -> <http://blulab.chpc.utah.edu/ontologies/schema/endo/colonoscopyQuality.owl#Wall_of_descending_colon> -> <http://blulab.chpc.utah.edu/ontologies/schema/endo/colonoscopyQuality.owl#Serosa_of_descending_colon> -> <http://blulab.chpc.utah.edu/ontologies/schema/endo/colonoscopyQuality.owl#Mesothelium_of_visceral_peritoneum>, <http://blulab.chpc.utah.edu/ontologies/v2/ConText.owl#Lexicon> -> <http://blulab.chpc.utah.edu/ontologies/v2/ConText.owl#Modifier> -> <http://blulab.chpc.utah.edu/ontologies/v2/ConText.owl#SemanticModifier> -> <http://blulab.chpc.utah.edu/ontologies/v2/ConText.owl#BodySite> -> <http://blulab.chpc.utah.edu/ontologies/schema/endo/colonoscopyQuality.owl#Colon_structure> -> <http://blulab.chpc.utah.edu/ontologies/schema/endo/colonoscopyQuality.owl#Left_colon> -> <http://blulab.chpc.utah.edu/ontologies/schema/endo/colonoscopyQuality.owl#Entire_left_colon> -> <http://blulab.chpc.utah.edu/ontologies/schema/endo/colonoscopyQuality.owl#Descending_colon> -> <http://blulab.chpc.utah.edu/ontologies/schema/endo/colonoscopyQuality.owl#Wall_of_descending_colon> -> <http://blulab.chpc.utah.edu/ontologies/schema/endo/colonoscopyQuality.owl#Serosa_of_descending_colon> -> <http://blulab.chpc.utah.edu/ontologies/schema/endo/colonoscopyQuality.owl#Mesothelium_of_visceral_peritoneum>, <http://blulab.chpc.utah.edu/ontologies/v2/ConText.owl#Lexicon> -> <http://blulab.chpc.utah.edu/ontologies/v2/ConText.owl#Modifier> -> <http://blulab.chpc.utah.edu/ontologies/v2/ConText.owl#SemanticModifier> -> <http://blulab.chpc.utah.edu/ontologies/v2/ConText.owl#BodySite> -> <http://blulab.chpc.utah.edu/ontologies/schema/endo/colonoscopyQuality.owl#Colon_structure> -> <http://blulab.chpc.utah.edu/ontologies/schema/endo/colonoscopyQuality.owl#Entire_colon> -> <http://blulab.chpc.utah.edu/ontologies/schema/endo/colonoscopyQuality.owl#Left_colon> -> <http://blulab.chpc.utah.edu/ontologies/schema/endo/colonoscopyQuality.owl#Entire_left_colon> -> <http://blulab.chpc.utah.edu/ontologies/schema/endo/colonoscopyQuality.owl#Descending_colon> -> <http://blulab.chpc.utah.edu/ontologies/schema/endo/colonoscopyQuality.owl#Wall_of_descending_colon> -> <http://blulab.chpc.utah.edu/ontologies/schema/endo/colonoscopyQuality.owl#Serosa_of_descending_colon> -> <http://blulab.chpc.utah.edu/ontologies/schema/endo/colonoscopyQuality.owl#Mesothelium_of_visceral_peritoneum>, <http://blulab.chpc.utah.edu/ontologies/v2/ConText.owl#Lexicon> -> <http://blulab.chpc.utah.edu/ontologies/v2/ConText.owl#Modifier> -> <http://blulab.chpc.utah.edu/ontologies/v2/ConText.owl#SemanticModifier> -> <http://blulab.chpc.utah.edu/ontologies/v2/ConText.owl#BodySite> -> <http://blulab.chpc.utah.edu/ontologies/schema/endo/colonoscopyQuality.owl#Colon_structure> -> <http://blulab.chpc.utah.edu/ontologies/schema/endo/colonoscopyQuality.owl#Entire_colon> -> <http://blulab.chpc.utah.edu/ontologies/schema/endo/colonoscopyQuality.owl#Left_colon> -> <http://blulab.chpc.utah.edu/ontologies/schema/endo/colonoscopyQuality.owl#Descending_colon> -> <http://blulab.chpc.utah.edu/ontologies/schema/endo/colonoscopyQuality.owl#Wall_of_descending_colon> -> <http://blulab.chpc.utah.edu/ontologies/schema/endo/colonoscopyQuality.owl#Serosa_of_descending_colon> -> <http://blulab.chpc.utah.edu/ontologies/schema/endo/colonoscopyQuality.owl#Mesothelium_of_visceral_peritoneum>, <http://blulab.chpc.utah.edu/ontologies/v2/ConText.owl#Lexicon> -> <http://blulab.chpc.utah.edu/ontologies/v2/ConText.owl#Modifier> -> <http://blulab.chpc.utah.edu/ontologies/v2/ConText.owl#SemanticModifier> -> <http://blulab.chpc.utah.edu/ontologies/v2/ConText.owl#BodySite> -> <http://blulab.chpc.utah.edu/ontologies/schema/endo/colonoscopyQuality.owl#Colon_structure> -> <http://blulab.chpc.utah.edu/ontologies/schema/endo/colonoscopyQuality.owl#Left_colon> -> <http://blulab.chpc.utah.edu/ontologies/schema/endo/colonoscopyQuality.owl#Descending_colon> -> <http://blulab.chpc.utah.edu/ontologies/schema/endo/colonoscopyQuality.owl#Wall_of_descending_colon> -> <http://blulab.chpc.utah.edu/ontologies/schema/endo/colonoscopyQuality.owl#Serosa_of_descending_colon> -> <http://blulab.chpc.utah.edu/ontologies/schema/endo/colonoscopyQuality.owl#Mesothelium_of_visceral_peritoneum>, <http://blulab.chpc.utah.edu/ontologies/v2/ConText.owl#Lexicon> -> <http://blulab.chpc.utah.edu/ontologies/v2/ConText.owl#Modifier> -> <http://blulab.chpc.utah.edu/ontologies/v2/ConText.owl#SemanticModifier> -> <http://blulab.chpc.utah.edu/ontologies/v2/ConText.owl#BodySite> -> <http://blulab.chpc.utah.edu/ontologies/schema/endo/colonoscopyQuality.owl#Colon_structure> -> <http://blulab.chpc.utah.edu/ontologies/schema/endo/colonoscopyQuality.owl#Region_of_colon> -> <http://blulab.chpc.utah.edu/ontologies/schema/endo/colonoscopyQuality.owl#Descending_colon> -> <http://blulab.chpc.utah.edu/ontologies/schema/endo/colonoscopyQuality.owl#Wall_of_descending_colon> -> <http://blulab.chpc.utah.edu/ontologies/schema/endo/colonoscopyQuality.owl#Serosa_of_descending_colon> -> <http://blulab.chpc.utah.edu/ontologies/schema/endo/colonoscopyQuality.owl#Mesothelium_of_visceral_peritoneum>, <http://blulab.chpc.utah.edu/ontologies/v2/ConText.owl#Lexicon> -> <http://blulab.chpc.utah.edu/ontologies/v2/ConText.owl#Modifier> -> <http://blulab.chpc.utah.edu/ontologies/v2/ConText.owl#SemanticModifier> -> <http://blulab.chpc.utah.edu/ontologies/v2/ConText.owl#BodySite> -> <http://blulab.chpc.utah.edu/ontologies/schema/endo/colonoscopyQuality.owl#ileum> -> <http://blulab.chpc.utah.edu/ontologies/schema/endo/colonoscopyQuality.owl#Region_of_ileum> -> <http://blulab.chpc.utah.edu/ontologies/schema/endo/colonoscopyQuality.owl#Wall_of_ileum> -> <http://blulab.chpc.utah.edu/ontologies/schema/endo/colonoscopyQuality.owl#Serosa_of_ileum> -> <http://blulab.chpc.utah.edu/ontologies/schema/endo/colonoscopyQuality.owl#Mesothelium_of_visceral_peritoneum>, <http://blulab.chpc.utah.edu/ontologies/v2/ConText.owl#Lexicon> -> <http://blulab.chpc.utah.edu/ontologies/v2/ConText.owl#Modifier> -> <http://blulab.chpc.utah.edu/ontologies/v2/ConText.owl#SemanticModifier> -> <http://blulab.chpc.utah.edu/ontologies/v2/ConText.owl#BodySite> -> <http://blulab.chpc.utah.edu/ontologies/schema/endo/colonoscopyQuality.owl#ileum> -> <http://blulab.chpc.utah.edu/ontologies/schema/endo/colonoscopyQuality.owl#Wall_of_ileum> -> <http://blulab.chpc.utah.edu/ontologies/schema/endo/colonoscopyQuality.owl#Serosa_of_ileum> -> <http://blulab.chpc.utah.edu/ontologies/schema/endo/colonoscopyQuality.owl#Mesothelium_of_visceral_peritoneum>, <http://blulab.chpc.utah.edu/ontologies/v2/ConText.owl#Lexicon> -> <http://blulab.chpc.utah.edu/ontologies/v2/ConText.owl#Modifier> -> <http://blulab.chpc.utah.edu/ontologies/v2/ConText.owl#SemanticModifier> -> <http://blulab.chpc.utah.edu/ontologies/v2/ConText.owl#BodySite> -> <http://blulab.chpc.utah.edu/ontologies/schema/endo/colonoscopyQuality.owl#Colon_structure> -> <http://blulab.chpc.utah.edu/ontologies/schema/endo/colonoscopyQuality.owl#Sigmoid_colon> -> <http://blulab.chpc.utah.edu/ontologies/schema/endo/colonoscopyQuality.owl#Wall_of_sigmoid_colon> -> <http://blulab.chpc.utah.edu/ontologies/schema/endo/colonoscopyQuality.owl#Serosa_of_sigmoid_colon> -> <http://blulab.chpc.utah.edu/ontologies/schema/endo/colonoscopyQuality.owl#Mesothelium_of_visceral_peritoneum>, <http://blulab.chpc.utah.edu/ontologies/v2/ConText.owl#Lexicon> -> <http://blulab.chpc.utah.edu/ontologies/v2/ConText.owl#Modifier> -> <http://blulab.chpc.utah.edu/ontologies/v2/ConText.owl#SemanticModifier> -> <http://blulab.chpc.utah.edu/ontologies/v2/ConText.owl#BodySite> -> <http://blulab.chpc.utah.edu/ontologies/schema/endo/colonoscopyQuality.owl#Colon_structure> -> <http://blulab.chpc.utah.edu/ontologies/schema/endo/colonoscopyQuality.owl#Entire_colon> -> <http://blulab.chpc.utah.edu/ontologies/schema/endo/colonoscopyQuality.owl#Sigmoid_colon> -> <http://blulab.chpc.utah.edu/ontologies/schema/endo/colonoscopyQuality.owl#Wall_of_sigmoid_colon> -> <http://blulab.chpc.utah.edu/ontologies/schema/endo/colonoscopyQuality.owl#Serosa_of_sigmoid_colon> -> <http://blulab.chpc.utah.edu/ontologies/schema/endo/colonoscopyQuality.owl#Mesothelium_of_visceral_peritoneum>, <http://blulab.chpc.utah.edu/ontologies/v2/ConText.owl#Lexicon> -> <http://blulab.chpc.utah.edu/ontologies/v2/ConText.owl#Modifier> -> <http://blulab.chpc.utah.edu/ontologies/v2/ConText.owl#SemanticModifier> -> <http://blulab.chpc.utah.edu/ontologies/v2/ConText.owl#BodySite> -> <http://blulab.chpc.utah.edu/ontologies/schema/endo/colonoscopyQuality.owl#Colon_structure> -> <http://blulab.chpc.utah.edu/ontologies/schema/endo/colonoscopyQuality.owl#Region_of_colon> -> <http://blulab.chpc.utah.edu/ontologies/schema/endo/colonoscopyQuality.owl#Sigmoid_colon> -> <http://blulab.chpc.utah.edu/ontologies/schema/endo/colonoscopyQuality.owl#Wall_of_sigmoid_colon> -> <http://blulab.chpc.utah.edu/ontologies/schema/endo/colonoscopyQuality.owl#Serosa_of_sigmoid_colon> -> <http://blulab.chpc.utah.edu/ontologies/schema/endo/colonoscopyQuality.owl#Mesothelium_of_visceral_peritoneum>, <http://blulab.chpc.utah.edu/ontologies/v2/ConText.owl#Lexicon> -> <http://blulab.chpc.utah.edu/ontologies/v2/ConText.owl#Modifier> -> <http://blulab.chpc.utah.edu/ontologies/v2/ConText.owl#SemanticModifier> -> <http://blulab.chpc.utah.edu/ontologies/v2/ConText.owl#BodySite> -> <http://blulab.chpc.utah.edu/ontologies/schema/endo/colonoscopyQuality.owl#Colon_structure> -> <http://blulab.chpc.utah.edu/ontologies/schema/endo/colonoscopyQuality.owl#Transverse_colon> -> <http://blulab.chpc.utah.edu/ontologies/schema/endo/colonoscopyQuality.owl#Wall_of_transverse_colon> -> <http://blulab.chpc.utah.edu/ontologies/schema/endo/colonoscopyQuality.owl#Serosa_of_transverse_colon> -> <http://blulab.chpc.utah.edu/ontologies/schema/endo/colonoscopyQuality.owl#Mesothelium_of_visceral_peritoneum>, <http://blulab.chpc.utah.edu/ontologies/v2/ConText.owl#Lexicon> -> <http://blulab.chpc.utah.edu/ontologies/v2/ConText.owl#Modifier> -> <http://blulab.chpc.utah.edu/ontologies/v2/ConText.owl#SemanticModifier> -> <http://blulab.chpc.utah.edu/ontologies/v2/ConText.owl#BodySite> -> <http://blulab.chpc.utah.edu/ontologies/schema/endo/colonoscopyQuality.owl#Colon_structure> -> <http://blulab.chpc.utah.edu/ontologies/schema/endo/colonoscopyQuality.owl#Entire_colon> -> <http://blulab.chpc.utah.edu/ontologies/schema/endo/colonoscopyQuality.owl#Transverse_colon> -> <http://blulab.chpc.utah.edu/ontologies/schema/endo/colonoscopyQuality.owl#Wall_of_transverse_colon> -> <http://blulab.chpc.utah.edu/ontologies/schema/endo/colonoscopyQuality.owl#Serosa_of_transverse_colon> -> <http://blulab.chpc.utah.edu/ontologies/schema/endo/colonoscopyQuality.owl#Mesothelium_of_visceral_peritoneum>, <http://blulab.chpc.utah.edu/ontologies/v2/ConText.owl#Lexicon> -> <http://blulab.chpc.utah.edu/ontologies/v2/ConText.owl#Modifier> -> <http://blulab.chpc.utah.edu/ontologies/v2/ConText.owl#SemanticModifier> -> <http://blulab.chpc.utah.edu/ontologies/v2/ConText.owl#BodySite> -> <http://blulab.chpc.utah.edu/ontologies/schema/endo/colonoscopyQuality.owl#Colon_structure> -> <http://blulab.chpc.utah.edu/ontologies/schema/endo/colonoscopyQuality.owl#Region_of_colon> -> <http://blulab.chpc.utah.edu/ontologies/schema/endo/colonoscopyQuality.owl#Transverse_colon> -> <http://blulab.chpc.utah.edu/ontologies/schema/endo/colonoscopyQuality.owl#Wall_of_transverse_colon> -> <http://blulab.chpc.utah.edu/ontologies/schema/endo/colonoscopyQuality.owl#Serosa_of_transverse_colon> -> <http://blulab.chpc.utah.edu/ontologies/schema/endo/colonoscopyQuality.owl#Mesothelium_of_visceral_peritoneum>, <http://blulab.chpc.utah.edu/ontologies/v2/ConText.owl#Lexicon> -> <http://blulab.chpc.utah.edu/ontologies/v2/ConText.owl#Modifier> -> <http://blulab.chpc.utah.edu/ontologies/v2/ConText.owl#SemanticModifier> -> <http://blulab.chpc.utah.edu/ontologies/v2/ConText.owl#BodySite> -> <http://blulab.chpc.utah.edu/ontologies/schema/endo/colonoscopyQuality.owl#Colon_structure> -> <http://blulab.chpc.utah.edu/ontologies/schema/endo/colonoscopyQuality.owl#Cecum> -> <http://blulab.chpc.utah.edu/ontologies/schema/endo/colonoscopyQuality.owl#Appendix> -> <http://blulab.chpc.utah.edu/ontologies/schema/endo/colonoscopyQuality.owl#Wall_of_appendix> -> <http://blulab.chpc.utah.edu/ontologies/schema/endo/colonoscopyQuality.owl#Appendiceal_serosa> -> <http://blulab.chpc.utah.edu/ontologies/schema/endo/colonoscopyQuality.owl#Mesothelium_of_visceral_peritoneum>, <http://blulab.chpc.utah.edu/ontologies/v2/ConText.owl#Lexicon> -> <http://blulab.chpc.utah.edu/ontologies/v2/ConText.owl#Modifier> -> <http://blulab.chpc.utah.edu/ontologies/v2/ConText.owl#SemanticModifier> -> <http://blulab.chpc.utah.edu/ontologies/v2/ConText.owl#BodySite> -> <http://blulab.chpc.utah.edu/ontologies/schema/endo/colonoscopyQuality.owl#Colon_structure> -> <http://blulab.chpc.utah.edu/ontologies/schema/endo/colonoscopyQuality.owl#Appendix> -> <http://blulab.chpc.utah.edu/ontologies/schema/endo/colonoscopyQuality.owl#Wall_of_appendix> -> <http://blulab.chpc.utah.edu/ontologies/schema/endo/colonoscopyQuality.owl#Appendiceal_serosa> -> <http://blulab.chpc.utah.edu/ontologies/schema/endo/colonoscopyQuality.owl#Mesothelium_of_visceral_peritoneum>, <http://blulab.chpc.utah.edu/ontologies/v2/ConText.owl#Lexicon> -> <http://blulab.chpc.utah.edu/ontologies/v2/ConText.owl#Modifier> -> <http://blulab.chpc.utah.edu/ontologies/v2/ConText.owl#SemanticModifier> -> <http://blulab.chpc.utah.edu/ontologies/v2/ConText.owl#BodySite> -> <http://blulab.chpc.utah.edu/ontologies/schema/endo/colonoscopyQuality.owl#Colon_structure> -> <http://blulab.chpc.utah.edu/ontologies/schema/endo/colonoscopyQuality.owl#Appendix> -> <http://blulab.chpc.utah.edu/ontologies/schema/endo/colonoscopyQuality.owl#Entire_appendix> -> <http://blulab.chpc.utah.edu/ontologies/schema/endo/colonoscopyQuality.owl#Appendiceal_serosa> -> <http://blulab.chpc.utah.edu/ontologies/schema/endo/colonoscopyQuality.owl#Mesothelium_of_visceral_peritoneum>]]

	Modifier: Submucosa_of_sigmoid_colon, uri=http://blulab.chpc.utah.edu/ontologies/schema/endo/colonoscopyQuality.owl#Submucosa_of_sigmoid_colon, type= Semantic, classPath= [<http://blulab.chpc.utah.edu/ontologies/v2/ConText.owl#Lexicon> -> <http://blulab.chpc.utah.edu/ontologies/v2/ConText.owl#Modifier> -> <http://blulab.chpc.utah.edu/ontologies/v2/ConText.owl#SemanticModifier> -> <http://blulab.chpc.utah.edu/ontologies/v2/ConText.owl#BodySite> -> <http://blulab.chpc.utah.edu/ontologies/schema/endo/colonoscopyQuality.owl#Colon_structure> -> <http://blulab.chpc.utah.edu/ontologies/schema/endo/colonoscopyQuality.owl#Sigmoid_colon> -> <http://blulab.chpc.utah.edu/ontologies/schema/endo/colonoscopyQuality.owl#Wall_of_sigmoid_colon> -> <http://blulab.chpc.utah.edu/ontologies/schema/endo/colonoscopyQuality.owl#Submucosa_of_sigmoid_colon>, <http://blulab.chpc.utah.edu/ontologies/v2/ConText.owl#Lexicon> -> <http://blulab.chpc.utah.edu/ontologies/v2/ConText.owl#Modifier> -> <http://blulab.chpc.utah.edu/ontologies/v2/ConText.owl#SemanticModifier> -> <http://blulab.chpc.utah.edu/ontologies/v2/ConText.owl#BodySite> -> <http://blulab.chpc.utah.edu/ontologies/schema/endo/colonoscopyQuality.owl#Colon_structure> -> <http://blulab.chpc.utah.edu/ontologies/schema/endo/colonoscopyQuality.owl#Entire_colon> -> <http://blulab.chpc.utah.edu/ontologies/schema/endo/colonoscopyQuality.owl#Sigmoid_colon> -> <http://blulab.chpc.utah.edu/ontologies/schema/endo/colonoscopyQuality.owl#Wall_of_sigmoid_colon> -> <http://blulab.chpc.utah.edu/ontologies/schema/endo/colonoscopyQuality.owl#Submucosa_of_sigmoid_colon>, <http://blulab.chpc.utah.edu/ontologies/v2/ConText.owl#Lexicon> -> <http://blulab.chpc.utah.edu/ontologies/v2/ConText.owl#Modifier> -> <http://blulab.chpc.utah.edu/ontologies/v2/ConText.owl#SemanticModifier> -> <http://blulab.chpc.utah.edu/ontologies/v2/ConText.owl#BodySite> -> <http://blulab.chpc.utah.edu/ontologies/schema/endo/colonoscopyQuality.owl#Colon_structure> -> <http://blulab.chpc.utah.edu/ontologies/schema/endo/colonoscopyQuality.owl#Region_of_colon> -> <http://blulab.chpc.utah.edu/ontologies/schema/endo/colonoscopyQuality.owl#Sigmoid_colon> -> <http://blulab.chpc.utah.edu/ontologies/schema/endo/colonoscopyQuality.owl#Wall_of_sigmoid_colon> -> <http://blulab.chpc.utah.edu/ontologies/schema/endo/colonoscopyQuality.owl#Submucosa_of_sigmoid_colon>]]

	Modifier: Dense_elastic_connective_tissue, uri=http://blulab.chpc.utah.edu/ontologies/schema/endo/colonoscopyQuality.owl#Dense_elastic_connective_tissue, type= Semantic, classPath= [<http://blulab.chpc.utah.edu/ontologies/v2/ConText.owl#Lexicon> -> <http://blulab.chpc.utah.edu/ontologies/v2/ConText.owl#Modifier> -> <http://blulab.chpc.utah.edu/ontologies/v2/ConText.owl#SemanticModifier> -> <http://blulab.chpc.utah.edu/ontologies/v2/ConText.owl#BodySite> -> <http://blulab.chpc.utah.edu/ontologies/schema/endo/colonoscopyQuality.owl#Colon_structure> -> <http://blulab.chpc.utah.edu/ontologies/schema/endo/colonoscopyQuality.owl#Cecum> -> <http://blulab.chpc.utah.edu/ontologies/schema/endo/colonoscopyQuality.owl#Appendix> -> <http://blulab.chpc.utah.edu/ontologies/schema/endo/colonoscopyQuality.owl#Entire_appendix> -> <http://blulab.chpc.utah.edu/ontologies/schema/endo/colonoscopyQuality.owl#Appendiceal_submucosa> -> <http://blulab.chpc.utah.edu/ontologies/schema/endo/colonoscopyQuality.owl#Dense_elastic_connective_tissue>, <http://blulab.chpc.utah.edu/ontologies/v2/ConText.owl#Lexicon> -> <http://blulab.chpc.utah.edu/ontologies/v2/ConText.owl#Modifier> -> <http://blulab.chpc.utah.edu/ontologies/v2/ConText.owl#SemanticModifier> -> <http://blulab.chpc.utah.edu/ontologies/v2/ConText.owl#BodySite> -> <http://blulab.chpc.utah.edu/ontologies/schema/endo/colonoscopyQuality.owl#Colon_structure> -> <http://blulab.chpc.utah.edu/ontologies/schema/endo/colonoscopyQuality.owl#Sigmoid_colon> -> <http://blulab.chpc.utah.edu/ontologies/schema/endo/colonoscopyQuality.owl#Wall_of_sigmoid_colon> -> <http://blulab.chpc.utah.edu/ontologies/schema/endo/colonoscopyQuality.owl#Submucosa_of_sigmoid_colon> -> <http://blulab.chpc.utah.edu/ontologies/schema/endo/colonoscopyQuality.owl#Dense_elastic_connective_tissue>, <http://blulab.chpc.utah.edu/ontologies/v2/ConText.owl#Lexicon> -> <http://blulab.chpc.utah.edu/ontologies/v2/ConText.owl#Modifier> -> <http://blulab.chpc.utah.edu/ontologies/v2/ConText.owl#SemanticModifier> -> <http://blulab.chpc.utah.edu/ontologies/v2/ConText.owl#BodySite> -> <http://blulab.chpc.utah.edu/ontologies/schema/endo/colonoscopyQuality.owl#Colon_structure> -> <http://blulab.chpc.utah.edu/ontologies/schema/endo/colonoscopyQuality.owl#Entire_colon> -> <http://blulab.chpc.utah.edu/ontologies/schema/endo/colonoscopyQuality.owl#Sigmoid_colon> -> <http://blulab.chpc.utah.edu/ontologies/schema/endo/colonoscopyQuality.owl#Wall_of_sigmoid_colon> -> <http://blulab.chpc.utah.edu/ontologies/schema/endo/colonoscopyQuality.owl#Submucosa_of_sigmoid_colon> -> <http://blulab.chpc.utah.edu/ontologies/schema/endo/colonoscopyQuality.owl#Dense_elastic_connective_tissue>, <http://blulab.chpc.utah.edu/ontologies/v2/ConText.owl#Lexicon> -> <http://blulab.chpc.utah.edu/ontologies/v2/ConText.owl#Modifier> -> <http://blulab.chpc.utah.edu/ontologies/v2/ConText.owl#SemanticModifier> -> <http://blulab.chpc.utah.edu/ontologies/v2/ConText.owl#BodySite> -> <http://blulab.chpc.utah.edu/ontologies/schema/endo/colonoscopyQuality.owl#Colon_structure> -> <http://blulab.chpc.utah.edu/ontologies/schema/endo/colonoscopyQuality.owl#Region_of_colon> -> <http://blulab.chpc.utah.edu/ontologies/schema/endo/colonoscopyQuality.owl#Sigmoid_colon> -> <http://blulab.chpc.utah.edu/ontologies/schema/endo/colonoscopyQuality.owl#Wall_of_sigmoid_colon> -> <http://blulab.chpc.utah.edu/ontologies/schema/endo/colonoscopyQuality.owl#Submucosa_of_sigmoid_colon> -> <http://blulab.chpc.utah.edu/ontologies/schema/endo/colonoscopyQuality.owl#Dense_elastic_connective_tissue>, <http://blulab.chpc.utah.edu/ontologies/v2/ConText.owl#Lexicon> -> <http://blulab.chpc.utah.edu/ontologies/v2/ConText.owl#Modifier> -> <http://blulab.chpc.utah.edu/ontologies/v2/ConText.owl#SemanticModifier> -> <http://blulab.chpc.utah.edu/ontologies/v2/ConText.owl#BodySite> -> <http://blulab.chpc.utah.edu/ontologies/schema/endo/colonoscopyQuality.owl#Colon_structure> -> <http://blulab.chpc.utah.edu/ontologies/schema/endo/colonoscopyQuality.owl#Cecum> -> <http://blulab.chpc.utah.edu/ontologies/schema/endo/colonoscopyQuality.owl#Appendix> -> <http://blulab.chpc.utah.edu/ontologies/schema/endo/colonoscopyQuality.owl#Wall_of_appendix> -> <http://blulab.chpc.utah.edu/ontologies/schema/endo/colonoscopyQuality.owl#Appendiceal_submucosa> -> <http://blulab.chpc.utah.edu/ontologies/schema/endo/colonoscopyQuality.owl#Dense_elastic_connective_tissue>, <http://blulab.chpc.utah.edu/ontologies/v2/ConText.owl#Lexicon> -> <http://blulab.chpc.utah.edu/ontologies/v2/ConText.owl#Modifier> -> <http://blulab.chpc.utah.edu/ontologies/v2/ConText.owl#SemanticModifier> -> <http://blulab.chpc.utah.edu/ontologies/v2/ConText.owl#BodySite> -> <http://blulab.chpc.utah.edu/ontologies/schema/endo/colonoscopyQuality.owl#Colon_structure> -> <http://blulab.chpc.utah.edu/ontologies/schema/endo/colonoscopyQuality.owl#Appendix> -> <http://blulab.chpc.utah.edu/ontologies/schema/endo/colonoscopyQuality.owl#Wall_of_appendix> -> <http://blulab.chpc.utah.edu/ontologies/schema/endo/colonoscopyQuality.owl#Appendiceal_submucosa> -> <http://blulab.chpc.utah.edu/ontologies/schema/endo/colonoscopyQuality.owl#Dense_elastic_connective_tissue>, <http://blulab.chpc.utah.edu/ontologies/v2/ConText.owl#Lexicon> -> <http://blulab.chpc.utah.edu/ontologies/v2/ConText.owl#Modifier> -> <http://blulab.chpc.utah.edu/ontologies/v2/ConText.owl#SemanticModifier> -> <http://blulab.chpc.utah.edu/ontologies/v2/ConText.owl#BodySite> -> <http://blulab.chpc.utah.edu/ontologies/schema/endo/colonoscopyQuality.owl#Colon_structure> -> <http://blulab.chpc.utah.edu/ontologies/schema/endo/colonoscopyQuality.owl#Appendix> -> <http://blulab.chpc.utah.edu/ontologies/schema/endo/colonoscopyQuality.owl#Entire_appendix> -> <http://blulab.chpc.utah.edu/ontologies/schema/endo/colonoscopyQuality.owl#Appendiceal_submucosa> -> <http://blulab.chpc.utah.edu/ontologies/schema/endo/colonoscopyQuality.owl#Dense_elastic_connective_tissue>]]

	Modifier: Subserosa_of_sigmoid_colon, uri=http://blulab.chpc.utah.edu/ontologies/schema/endo/colonoscopyQuality.owl#Subserosa_of_sigmoid_colon, type= Semantic, classPath= [<http://blulab.chpc.utah.edu/ontologies/v2/ConText.owl#Lexicon> -> <http://blulab.chpc.utah.edu/ontologies/v2/ConText.owl#Modifier> -> <http://blulab.chpc.utah.edu/ontologies/v2/ConText.owl#SemanticModifier> -> <http://blulab.chpc.utah.edu/ontologies/v2/ConText.owl#BodySite> -> <http://blulab.chpc.utah.edu/ontologies/schema/endo/colonoscopyQuality.owl#Colon_structure> -> <http://blulab.chpc.utah.edu/ontologies/schema/endo/colonoscopyQuality.owl#Sigmoid_colon> -> <http://blulab.chpc.utah.edu/ontologies/schema/endo/colonoscopyQuality.owl#Wall_of_sigmoid_colon> -> <http://blulab.chpc.utah.edu/ontologies/schema/endo/colonoscopyQuality.owl#Subserosa_of_sigmoid_colon>, <http://blulab.chpc.utah.edu/ontologies/v2/ConText.owl#Lexicon> -> <http://blulab.chpc.utah.edu/ontologies/v2/ConText.owl#Modifier> -> <http://blulab.chpc.utah.edu/ontologies/v2/ConText.owl#SemanticModifier> -> <http://blulab.chpc.utah.edu/ontologies/v2/ConText.owl#BodySite> -> <http://blulab.chpc.utah.edu/ontologies/schema/endo/colonoscopyQuality.owl#Colon_structure> -> <http://blulab.chpc.utah.edu/ontologies/schema/endo/colonoscopyQuality.owl#Entire_colon> -> <http://blulab.chpc.utah.edu/ontologies/schema/endo/colonoscopyQuality.owl#Sigmoid_colon> -> <http://blulab.chpc.utah.edu/ontologies/schema/endo/colonoscopyQuality.owl#Wall_of_sigmoid_colon> -> <http://blulab.chpc.utah.edu/ontologies/schema/endo/colonoscopyQuality.owl#Subserosa_of_sigmoid_colon>, <http://blulab.chpc.utah.edu/ontologies/v2/ConText.owl#Lexicon> -> <http://blulab.chpc.utah.edu/ontologies/v2/ConText.owl#Modifier> -> <http://blulab.chpc.utah.edu/ontologies/v2/ConText.owl#SemanticModifier> -> <http://blulab.chpc.utah.edu/ontologies/v2/ConText.owl#BodySite> -> <http://blulab.chpc.utah.edu/ontologies/schema/endo/colonoscopyQuality.owl#Colon_structure> -> <http://blulab.chpc.utah.edu/ontologies/schema/endo/colonoscopyQuality.owl#Region_of_colon> -> <http://blulab.chpc.utah.edu/ontologies/schema/endo/colonoscopyQuality.owl#Sigmoid_colon> -> <http://blulab.chpc.utah.edu/ontologies/schema/endo/colonoscopyQuality.owl#Wall_of_sigmoid_colon> -> <http://blulab.chpc.utah.edu/ontologies/schema/endo/colonoscopyQuality.owl#Subserosa_of_sigmoid_colon>]]

	Modifier: Areolar_connective_tissue_of_subserosa_of_sigmoid_colon, uri=http://blulab.chpc.utah.edu/ontologies/schema/endo/colonoscopyQuality.owl#Areolar_connective_tissue_of_subserosa_of_sigmoid_colon, type= Semantic, classPath= [<http://blulab.chpc.utah.edu/ontologies/v2/ConText.owl#Lexicon> -> <http://blulab.chpc.utah.edu/ontologies/v2/ConText.owl#Modifier> -> <http://blulab.chpc.utah.edu/ontologies/v2/ConText.owl#SemanticModifier> -> <http://blulab.chpc.utah.edu/ontologies/v2/ConText.owl#BodySite> -> <http://blulab.chpc.utah.edu/ontologies/schema/endo/colonoscopyQuality.owl#Colon_structure> -> <http://blulab.chpc.utah.edu/ontologies/schema/endo/colonoscopyQuality.owl#Sigmoid_colon> -> <http://blulab.chpc.utah.edu/ontologies/schema/endo/colonoscopyQuality.owl#Wall_of_sigmoid_colon> -> <http://blulab.chpc.utah.edu/ontologies/schema/endo/colonoscopyQuality.owl#Subserosa_of_sigmoid_colon> -> <http://blulab.chpc.utah.edu/ontologies/schema/endo/colonoscopyQuality.owl#Areolar_connective_tissue_of_subserosa_of_sigmoid_colon>, <http://blulab.chpc.utah.edu/ontologies/v2/ConText.owl#Lexicon> -> <http://blulab.chpc.utah.edu/ontologies/v2/ConText.owl#Modifier> -> <http://blulab.chpc.utah.edu/ontologies/v2/ConText.owl#SemanticModifier> -> <http://blulab.chpc.utah.edu/ontologies/v2/ConText.owl#BodySite> -> <http://blulab.chpc.utah.edu/ontologies/schema/endo/colonoscopyQuality.owl#Colon_structure> -> <http://blulab.chpc.utah.edu/ontologies/schema/endo/colonoscopyQuality.owl#Entire_colon> -> <http://blulab.chpc.utah.edu/ontologies/schema/endo/colonoscopyQuality.owl#Sigmoid_colon> -> <http://blulab.chpc.utah.edu/ontologies/schema/endo/colonoscopyQuality.owl#Wall_of_sigmoid_colon> -> <http://blulab.chpc.utah.edu/ontologies/schema/endo/colonoscopyQuality.owl#Subserosa_of_sigmoid_colon> -> <http://blulab.chpc.utah.edu/ontologies/schema/endo/colonoscopyQuality.owl#Areolar_connective_tissue_of_subserosa_of_sigmoid_colon>, <http://blulab.chpc.utah.edu/ontologies/v2/ConText.owl#Lexicon> -> <http://blulab.chpc.utah.edu/ontologies/v2/ConText.owl#Modifier> -> <http://blulab.chpc.utah.edu/ontologies/v2/ConText.owl#SemanticModifier> -> <http://blulab.chpc.utah.edu/ontologies/v2/ConText.owl#BodySite> -> <http://blulab.chpc.utah.edu/ontologies/schema/endo/colonoscopyQuality.owl#Colon_structure> -> <http://blulab.chpc.utah.edu/ontologies/schema/endo/colonoscopyQuality.owl#Region_of_colon> -> <http://blulab.chpc.utah.edu/ontologies/schema/endo/colonoscopyQuality.owl#Sigmoid_colon> -> <http://blulab.chpc.utah.edu/ontologies/schema/endo/colonoscopyQuality.owl#Wall_of_sigmoid_colon> -> <http://blulab.chpc.utah.edu/ontologies/schema/endo/colonoscopyQuality.owl#Subserosa_of_sigmoid_colon> -> <http://blulab.chpc.utah.edu/ontologies/schema/endo/colonoscopyQuality.owl#Areolar_connective_tissue_of_subserosa_of_sigmoid_colon>]]

	Modifier: Loose_areolar_connective_tissue, uri=http://blulab.chpc.utah.edu/ontologies/schema/endo/colonoscopyQuality.owl#Loose_areolar_connective_tissue, type= Semantic, classPath= [<http://blulab.chpc.utah.edu/ontologies/v2/ConText.owl#Lexicon> -> <http://blulab.chpc.utah.edu/ontologies/v2/ConText.owl#Modifier> -> <http://blulab.chpc.utah.edu/ontologies/v2/ConText.owl#SemanticModifier> -> <http://blulab.chpc.utah.edu/ontologies/v2/ConText.owl#BodySite> -> <http://blulab.chpc.utah.edu/ontologies/schema/endo/colonoscopyQuality.owl#Rectum> -> <http://blulab.chpc.utah.edu/ontologies/schema/endo/colonoscopyQuality.owl#Entire_rectum> -> <http://blulab.chpc.utah.edu/ontologies/schema/endo/colonoscopyQuality.owl#Rectal_mucous_membrane> -> <http://blulab.chpc.utah.edu/ontologies/schema/endo/colonoscopyQuality.owl#Lamina_propria_mucosae_of_rectum> -> <http://blulab.chpc.utah.edu/ontologies/schema/endo/colonoscopyQuality.owl#Loose_areolar_connective_tissue>, <http://blulab.chpc.utah.edu/ontologies/v2/ConText.owl#Lexicon> -> <http://blulab.chpc.utah.edu/ontologies/v2/ConText.owl#Modifier> -> <http://blulab.chpc.utah.edu/ontologies/v2/ConText.owl#SemanticModifier> -> <http://blulab.chpc.utah.edu/ontologies/v2/ConText.owl#BodySite> -> <http://blulab.chpc.utah.edu/ontologies/schema/endo/colonoscopyQuality.owl#Colon_structure> -> <http://blulab.chpc.utah.edu/ontologies/schema/endo/colonoscopyQuality.owl#Descending_colon> -> <http://blulab.chpc.utah.edu/ontologies/schema/endo/colonoscopyQuality.owl#Wall_of_descending_colon> -> <http://blulab.chpc.utah.edu/ontologies/schema/endo/colonoscopyQuality.owl#Subserosa_of_descending_colon> -> <http://blulab.chpc.utah.edu/ontologies/schema/endo/colonoscopyQuality.owl#Loose_areolar_connective_tissue>, <http://blulab.chpc.utah.edu/ontologies/v2/ConText.owl#Lexicon> -> <http://blulab.chpc.utah.edu/ontologies/v2/ConText.owl#Modifier> -> <http://blulab.chpc.utah.edu/ontologies/v2/ConText.owl#SemanticModifier> -> <http://blulab.chpc.utah.edu/ontologies/v2/ConText.owl#BodySite> -> <http://blulab.chpc.utah.edu/ontologies/schema/endo/colonoscopyQuality.owl#Colon_structure> -> <http://blulab.chpc.utah.edu/ontologies/schema/endo/colonoscopyQuality.owl#Left_colon> -> <http://blulab.chpc.utah.edu/ontologies/schema/endo/colonoscopyQuality.owl#Entire_left_colon> -> <http://blulab.chpc.utah.edu/ontologies/schema/endo/colonoscopyQuality.owl#Descending_colon> -> <http://blulab.chpc.utah.edu/ontologies/schema/endo/colonoscopyQuality.owl#Wall_of_descending_colon> -> <http://blulab.chpc.utah.edu/ontologies/schema/endo/colonoscopyQuality.owl#Subserosa_of_descending_colon> -> <http://blulab.chpc.utah.edu/ontologies/schema/endo/colonoscopyQuality.owl#Loose_areolar_connective_tissue>, <http://blulab.chpc.utah.edu/ontologies/v2/ConText.owl#Lexicon> -> <http://blulab.chpc.utah.edu/ontologies/v2/ConText.owl#Modifier> -> <http://blulab.chpc.utah.edu/ontologies/v2/ConText.owl#SemanticModifier> -> <http://blulab.chpc.utah.edu/ontologies/v2/ConText.owl#BodySite> -> <http://blulab.chpc.utah.edu/ontologies/schema/endo/colonoscopyQuality.owl#Colon_structure> -> <http://blulab.chpc.utah.edu/ontologies/schema/endo/colonoscopyQuality.owl#Entire_colon> -> <http://blulab.chpc.utah.edu/ontologies/schema/endo/colonoscopyQuality.owl#Left_colon> -> <http://blulab.chpc.utah.edu/ontologies/schema/endo/colonoscopyQuality.owl#Entire_left_colon> -> <http://blulab.chpc.utah.edu/ontologies/schema/endo/colonoscopyQuality.owl#Descending_colon> -> <http://blulab.chpc.utah.edu/ontologies/schema/endo/colonoscopyQuality.owl#Wall_of_descending_colon> -> <http://blulab.chpc.utah.edu/ontologies/schema/endo/colonoscopyQuality.owl#Subserosa_of_descending_colon> -> <http://blulab.chpc.utah.edu/ontologies/schema/endo/colonoscopyQuality.owl#Loose_areolar_connective_tissue>, <http://blulab.chpc.utah.edu/ontologies/v2/ConText.owl#Lexicon> -> <http://blulab.chpc.utah.edu/ontologies/v2/ConText.owl#Modifier> -> <http://blulab.chpc.utah.edu/ontologies/v2/ConText.owl#SemanticModifier> -> <http://blulab.chpc.utah.edu/ontologies/v2/ConText.owl#BodySite> -> <http://blulab.chpc.utah.edu/ontologies/schema/endo/colonoscopyQuality.owl#Colon_structure> -> <http://blulab.chpc.utah.edu/ontologies/schema/endo/colonoscopyQuality.owl#Entire_colon> -> <http://blulab.chpc.utah.edu/ontologies/schema/endo/colonoscopyQuality.owl#Left_colon> -> <http://blulab.chpc.utah.edu/ontologies/schema/endo/colonoscopyQuality.owl#Descending_colon> -> <http://blulab.chpc.utah.edu/ontologies/schema/endo/colonoscopyQuality.owl#Wall_of_descending_colon> -> <http://blulab.chpc.utah.edu/ontologies/schema/endo/colonoscopyQuality.owl#Subserosa_of_descending_colon> -> <http://blulab.chpc.utah.edu/ontologies/schema/endo/colonoscopyQuality.owl#Loose_areolar_connective_tissue>, <http://blulab.chpc.utah.edu/ontologies/v2/ConText.owl#Lexicon> -> <http://blulab.chpc.utah.edu/ontologies/v2/ConText.owl#Modifier> -> <http://blulab.chpc.utah.edu/ontologies/v2/ConText.owl#SemanticModifier> -> <http://blulab.chpc.utah.edu/ontologies/v2/ConText.owl#BodySite> -> <http://blulab.chpc.utah.edu/ontologies/schema/endo/colonoscopyQuality.owl#Colon_structure> -> <http://blulab.chpc.utah.edu/ontologies/schema/endo/colonoscopyQuality.owl#Left_colon> -> <http://blulab.chpc.utah.edu/ontologies/schema/endo/colonoscopyQuality.owl#Descending_colon> -> <http://blulab.chpc.utah.edu/ontologies/schema/endo/colonoscopyQuality.owl#Wall_of_descending_colon> -> <http://blulab.chpc.utah.edu/ontologies/schema/endo/colonoscopyQuality.owl#Subserosa_of_descending_colon> -> <http://blulab.chpc.utah.edu/ontologies/schema/endo/colonoscopyQuality.owl#Loose_areolar_connective_tissue>, <http://blulab.chpc.utah.edu/ontologies/v2/ConText.owl#Lexicon> -> <http://blulab.chpc.utah.edu/ontologies/v2/ConText.owl#Modifier> -> <http://blulab.chpc.utah.edu/ontologies/v2/ConText.owl#SemanticModifier> -> <http://blulab.chpc.utah.edu/ontologies/v2/ConText.owl#BodySite> -> <http://blulab.chpc.utah.edu/ontologies/schema/endo/colonoscopyQuality.owl#Colon_structure> -> <http://blulab.chpc.utah.edu/ontologies/schema/endo/colonoscopyQuality.owl#Region_of_colon> -> <http://blulab.chpc.utah.edu/ontologies/schema/endo/colonoscopyQuality.owl#Descending_colon> -> <http://blulab.chpc.utah.edu/ontologies/schema/endo/colonoscopyQuality.owl#Wall_of_descending_colon> -> <http://blulab.chpc.utah.edu/ontologies/schema/endo/colonoscopyQuality.owl#Subserosa_of_descending_colon> -> <http://blulab.chpc.utah.edu/ontologies/schema/endo/colonoscopyQuality.owl#Loose_areolar_connective_tissue>, <http://blulab.chpc.utah.edu/ontologies/v2/ConText.owl#Lexicon> -> <http://blulab.chpc.utah.edu/ontologies/v2/ConText.owl#Modifier> -> <http://blulab.chpc.utah.edu/ontologies/v2/ConText.owl#SemanticModifier> -> <http://blulab.chpc.utah.edu/ontologies/v2/ConText.owl#BodySite> -> <http://blulab.chpc.utah.edu/ontologies/schema/endo/colonoscopyQuality.owl#Colon_structure> -> <http://blulab.chpc.utah.edu/ontologies/schema/endo/colonoscopyQuality.owl#Sigmoid_colon> -> <http://blulab.chpc.utah.edu/ontologies/schema/endo/colonoscopyQuality.owl#Wall_of_sigmoid_colon> -> <http://blulab.chpc.utah.edu/ontologies/schema/endo/colonoscopyQuality.owl#Subserosa_of_sigmoid_colon> -> <http://blulab.chpc.utah.edu/ontologies/schema/endo/colonoscopyQuality.owl#Loose_areolar_connective_tissue>, <http://blulab.chpc.utah.edu/ontologies/v2/ConText.owl#Lexicon> -> <http://blulab.chpc.utah.edu/ontologies/v2/ConText.owl#Modifier> -> <http://blulab.chpc.utah.edu/ontologies/v2/ConText.owl#SemanticModifier> -> <http://blulab.chpc.utah.edu/ontologies/v2/ConText.owl#BodySite> -> <http://blulab.chpc.utah.edu/ontologies/schema/endo/colonoscopyQuality.owl#Colon_structure> -> <http://blulab.chpc.utah.edu/ontologies/schema/endo/colonoscopyQuality.owl#Entire_colon> -> <http://blulab.chpc.utah.edu/ontologies/schema/endo/colonoscopyQuality.owl#Sigmoid_colon> -> <http://blulab.chpc.utah.edu/ontologies/schema/endo/colonoscopyQuality.owl#Wall_of_sigmoid_colon> -> <http://blulab.chpc.utah.edu/ontologies/schema/endo/colonoscopyQuality.owl#Subserosa_of_sigmoid_colon> -> <http://blulab.chpc.utah.edu/ontologies/schema/endo/colonoscopyQuality.owl#Loose_areolar_connective_tissue>, <http://blulab.chpc.utah.edu/ontologies/v2/ConText.owl#Lexicon> -> <http://blulab.chpc.utah.edu/ontologies/v2/ConText.owl#Modifier> -> <http://blulab.chpc.utah.edu/ontologies/v2/ConText.owl#SemanticModifier> -> <http://blulab.chpc.utah.edu/ontologies/v2/ConText.owl#BodySite> -> <http://blulab.chpc.utah.edu/ontologies/schema/endo/colonoscopyQuality.owl#Colon_structure> -> <http://blulab.chpc.utah.edu/ontologies/schema/endo/colonoscopyQuality.owl#Region_of_colon> -> <http://blulab.chpc.utah.edu/ontologies/schema/endo/colonoscopyQuality.owl#Sigmoid_colon> -> <http://blulab.chpc.utah.edu/ontologies/schema/endo/colonoscopyQuality.owl#Wall_of_sigmoid_colon> -> <http://blulab.chpc.utah.edu/ontologies/schema/endo/colonoscopyQuality.owl#Subserosa_of_sigmoid_colon> -> <http://blulab.chpc.utah.edu/ontologies/schema/endo/colonoscopyQuality.owl#Loose_areolar_connective_tissue>, <http://blulab.chpc.utah.edu/ontologies/v2/ConText.owl#Lexicon> -> <http://blulab.chpc.utah.edu/ontologies/v2/ConText.owl#Modifier> -> <http://blulab.chpc.utah.edu/ontologies/v2/ConText.owl#SemanticModifier> -> <http://blulab.chpc.utah.edu/ontologies/v2/ConText.owl#BodySite> -> <http://blulab.chpc.utah.edu/ontologies/schema/endo/colonoscopyQuality.owl#Rectum> -> <http://blulab.chpc.utah.edu/ontologies/schema/endo/colonoscopyQuality.owl#Wall_of_rectum> -> <http://blulab.chpc.utah.edu/ontologies/schema/endo/colonoscopyQuality.owl#Rectal_mucous_membrane> -> <http://blulab.chpc.utah.edu/ontologies/schema/endo/colonoscopyQuality.owl#Lamina_propria_mucosae_of_rectum> -> <http://blulab.chpc.utah.edu/ontologies/schema/endo/colonoscopyQuality.owl#Loose_areolar_connective_tissue>]]

	Modifier: Structure_of_colic_flexure, uri=http://blulab.chpc.utah.edu/ontologies/schema/endo/colonoscopyQuality.owl#Structure_of_colic_flexure, type= Semantic, classPath= [<http://blulab.chpc.utah.edu/ontologies/v2/ConText.owl#Lexicon> -> <http://blulab.chpc.utah.edu/ontologies/v2/ConText.owl#Modifier> -> <http://blulab.chpc.utah.edu/ontologies/v2/ConText.owl#SemanticModifier> -> <http://blulab.chpc.utah.edu/ontologies/v2/ConText.owl#BodySite> -> <http://blulab.chpc.utah.edu/ontologies/schema/endo/colonoscopyQuality.owl#Colon_structure> -> <http://blulab.chpc.utah.edu/ontologies/schema/endo/colonoscopyQuality.owl#Entire_colon> -> <http://blulab.chpc.utah.edu/ontologies/schema/endo/colonoscopyQuality.owl#Structure_of_colic_flexure>, <http://blulab.chpc.utah.edu/ontologies/v2/ConText.owl#Lexicon> -> <http://blulab.chpc.utah.edu/ontologies/v2/ConText.owl#Modifier> -> <http://blulab.chpc.utah.edu/ontologies/v2/ConText.owl#SemanticModifier> -> <http://blulab.chpc.utah.edu/ontologies/v2/ConText.owl#BodySite> -> <http://blulab.chpc.utah.edu/ontologies/schema/endo/colonoscopyQuality.owl#Colon_structure> -> <http://blulab.chpc.utah.edu/ontologies/schema/endo/colonoscopyQuality.owl#Region_of_colon> -> <http://blulab.chpc.utah.edu/ontologies/schema/endo/colonoscopyQuality.owl#Structure_of_colic_flexure>]]

	Modifier: Diaphragmatic_flexure_of_colon, uri=http://blulab.chpc.utah.edu/ontologies/schema/endo/colonoscopyQuality.owl#Diaphragmatic_flexure_of_colon, type= Semantic, classPath= [<http://blulab.chpc.utah.edu/ontologies/v2/ConText.owl#Lexicon> -> <http://blulab.chpc.utah.edu/ontologies/v2/ConText.owl#Modifier> -> <http://blulab.chpc.utah.edu/ontologies/v2/ConText.owl#SemanticModifier> -> <http://blulab.chpc.utah.edu/ontologies/v2/ConText.owl#BodySite> -> <http://blulab.chpc.utah.edu/ontologies/schema/endo/colonoscopyQuality.owl#Colon_structure> -> <http://blulab.chpc.utah.edu/ontologies/schema/endo/colonoscopyQuality.owl#Entire_colon> -> <http://blulab.chpc.utah.edu/ontologies/schema/endo/colonoscopyQuality.owl#Structure_of_colic_flexure> -> <http://blulab.chpc.utah.edu/ontologies/schema/endo/colonoscopyQuality.owl#Diaphragmatic_flexure_of_colon>, <http://blulab.chpc.utah.edu/ontologies/v2/ConText.owl#Lexicon> -> <http://blulab.chpc.utah.edu/ontologies/v2/ConText.owl#Modifier> -> <http://blulab.chpc.utah.edu/ontologies/v2/ConText.owl#SemanticModifier> -> <http://blulab.chpc.utah.edu/ontologies/v2/ConText.owl#BodySite> -> <http://blulab.chpc.utah.edu/ontologies/schema/endo/colonoscopyQuality.owl#Colon_structure> -> <http://blulab.chpc.utah.edu/ontologies/schema/endo/colonoscopyQuality.owl#Region_of_colon> -> <http://blulab.chpc.utah.edu/ontologies/schema/endo/colonoscopyQuality.owl#Structure_of_colic_flexure> -> <http://blulab.chpc.utah.edu/ontologies/schema/endo/colonoscopyQuality.owl#Diaphragmatic_flexure_of_colon>]]

	Modifier: Entire_colic_flexure, uri=http://blulab.chpc.utah.edu/ontologies/schema/endo/colonoscopyQuality.owl#Entire_colic_flexure, type= Semantic, classPath= [<http://blulab.chpc.utah.edu/ontologies/v2/ConText.owl#Lexicon> -> <http://blulab.chpc.utah.edu/ontologies/v2/ConText.owl#Modifier> -> <http://blulab.chpc.utah.edu/ontologies/v2/ConText.owl#SemanticModifier> -> <http://blulab.chpc.utah.edu/ontologies/v2/ConText.owl#BodySite> -> <http://blulab.chpc.utah.edu/ontologies/schema/endo/colonoscopyQuality.owl#Colon_structure> -> <http://blulab.chpc.utah.edu/ontologies/schema/endo/colonoscopyQuality.owl#Entire_colon> -> <http://blulab.chpc.utah.edu/ontologies/schema/endo/colonoscopyQuality.owl#Structure_of_colic_flexure> -> <http://blulab.chpc.utah.edu/ontologies/schema/endo/colonoscopyQuality.owl#Entire_colic_flexure>, <http://blulab.chpc.utah.edu/ontologies/v2/ConText.owl#Lexicon> -> <http://blulab.chpc.utah.edu/ontologies/v2/ConText.owl#Modifier> -> <http://blulab.chpc.utah.edu/ontologies/v2/ConText.owl#SemanticModifier> -> <http://blulab.chpc.utah.edu/ontologies/v2/ConText.owl#BodySite> -> <http://blulab.chpc.utah.edu/ontologies/schema/endo/colonoscopyQuality.owl#Colon_structure> -> <http://blulab.chpc.utah.edu/ontologies/schema/endo/colonoscopyQuality.owl#Region_of_colon> -> <http://blulab.chpc.utah.edu/ontologies/schema/endo/colonoscopyQuality.owl#Structure_of_colic_flexure> -> <http://blulab.chpc.utah.edu/ontologies/schema/endo/colonoscopyQuality.owl#Entire_colic_flexure>]]

	Modifier: Entire_left_colic_flexure, uri=http://blulab.chpc.utah.edu/ontologies/schema/endo/colonoscopyQuality.owl#Entire_left_colic_flexure, type= Semantic, classPath= [<http://blulab.chpc.utah.edu/ontologies/v2/ConText.owl#Lexicon> -> <http://blulab.chpc.utah.edu/ontologies/v2/ConText.owl#Modifier> -> <http://blulab.chpc.utah.edu/ontologies/v2/ConText.owl#SemanticModifier> -> <http://blulab.chpc.utah.edu/ontologies/v2/ConText.owl#BodySite> -> <http://blulab.chpc.utah.edu/ontologies/schema/endo/colonoscopyQuality.owl#Colon_structure> -> <http://blulab.chpc.utah.edu/ontologies/schema/endo/colonoscopyQuality.owl#Entire_colon> -> <http://blulab.chpc.utah.edu/ontologies/schema/endo/colonoscopyQuality.owl#Structure_of_colic_flexure> -> <http://blulab.chpc.utah.edu/ontologies/schema/endo/colonoscopyQuality.owl#Entire_colic_flexure> -> <http://blulab.chpc.utah.edu/ontologies/schema/endo/colonoscopyQuality.owl#Entire_left_colic_flexure>, <http://blulab.chpc.utah.edu/ontologies/v2/ConText.owl#Lexicon> -> <http://blulab.chpc.utah.edu/ontologies/v2/ConText.owl#Modifier> -> <http://blulab.chpc.utah.edu/ontologies/v2/ConText.owl#SemanticModifier> -> <http://blulab.chpc.utah.edu/ontologies/v2/ConText.owl#BodySite> -> <http://blulab.chpc.utah.edu/ontologies/schema/endo/colonoscopyQuality.owl#Colon_structure> -> <http://blulab.chpc.utah.edu/ontologies/schema/endo/colonoscopyQuality.owl#Descending_colon> -> <http://blulab.chpc.utah.edu/ontologies/schema/endo/colonoscopyQuality.owl#Left_colic_flexure> -> <http://blulab.chpc.utah.edu/ontologies/schema/endo/colonoscopyQuality.owl#Entire_transverse_colon> -> <http://blulab.chpc.utah.edu/ontologies/schema/endo/colonoscopyQuality.owl#Entire_left_colic_flexure>, <http://blulab.chpc.utah.edu/ontologies/v2/ConText.owl#Lexicon> -> <http://blulab.chpc.utah.edu/ontologies/v2/ConText.owl#Modifier> -> <http://blulab.chpc.utah.edu/ontologies/v2/ConText.owl#SemanticModifier> -> <http://blulab.chpc.utah.edu/ontologies/v2/ConText.owl#BodySite> -> <http://blulab.chpc.utah.edu/ontologies/schema/endo/colonoscopyQuality.owl#Colon_structure> -> <http://blulab.chpc.utah.edu/ontologies/schema/endo/colonoscopyQuality.owl#Descending_colon> -> <http://blulab.chpc.utah.edu/ontologies/schema/endo/colonoscopyQuality.owl#Entire_descending_colon> -> <http://blulab.chpc.utah.edu/ontologies/schema/endo/colonoscopyQuality.owl#Left_colic_flexure> -> <http://blulab.chpc.utah.edu/ontologies/schema/endo/colonoscopyQuality.owl#Entire_transverse_colon> -> <http://blulab.chpc.utah.edu/ontologies/schema/endo/colonoscopyQuality.owl#Entire_left_colic_flexure>, <http://blulab.chpc.utah.edu/ontologies/v2/ConText.owl#Lexicon> -> <http://blulab.chpc.utah.edu/ontologies/v2/ConText.owl#Modifier> -> <http://blulab.chpc.utah.edu/ontologies/v2/ConText.owl#SemanticModifier> -> <http://blulab.chpc.utah.edu/ontologies/v2/ConText.owl#BodySite> -> <http://blulab.chpc.utah.edu/ontologies/schema/endo/colonoscopyQuality.owl#Colon_structure> -> <http://blulab.chpc.utah.edu/ontologies/schema/endo/colonoscopyQuality.owl#Left_colon> -> <http://blulab.chpc.utah.edu/ontologies/schema/endo/colonoscopyQuality.owl#Entire_left_colon> -> <http://blulab.chpc.utah.edu/ontologies/schema/endo/colonoscopyQuality.owl#Descending_colon> -> <http://blulab.chpc.utah.edu/ontologies/schema/endo/colonoscopyQuality.owl#Entire_descending_colon> -> <http://blulab.chpc.utah.edu/ontologies/schema/endo/colonoscopyQuality.owl#Left_colic_flexure> -> <http://blulab.chpc.utah.edu/ontologies/schema/endo/colonoscopyQuality.owl#Entire_transverse_colon> -> <http://blulab.chpc.utah.edu/ontologies/schema/endo/colonoscopyQuality.owl#Entire_left_colic_flexure>, <http://blulab.chpc.utah.edu/ontologies/v2/ConText.owl#Lexicon> -> <http://blulab.chpc.utah.edu/ontologies/v2/ConText.owl#Modifier> -> <http://blulab.chpc.utah.edu/ontologies/v2/ConText.owl#SemanticModifier> -> <http://blulab.chpc.utah.edu/ontologies/v2/ConText.owl#BodySite> -> <http://blulab.chpc.utah.edu/ontologies/schema/endo/colonoscopyQuality.owl#Colon_structure> -> <http://blulab.chpc.utah.edu/ontologies/schema/endo/colonoscopyQuality.owl#Entire_colon> -> <http://blulab.chpc.utah.edu/ontologies/schema/endo/colonoscopyQuality.owl#Left_colon> -> <http://blulab.chpc.utah.edu/ontologies/schema/endo/colonoscopyQuality.owl#Entire_left_colon> -> <http://blulab.chpc.utah.edu/ontologies/schema/endo/colonoscopyQuality.owl#Descending_colon> -> <http://blulab.chpc.utah.edu/ontologies/schema/endo/colonoscopyQuality.owl#Entire_descending_colon> -> <http://blulab.chpc.utah.edu/ontologies/schema/endo/colonoscopyQuality.owl#Left_colic_flexure> -> <http://blulab.chpc.utah.edu/ontologies/schema/endo/colonoscopyQuality.owl#Entire_transverse_colon> -> <http://blulab.chpc.utah.edu/ontologies/schema/endo/colonoscopyQuality.owl#Entire_left_colic_flexure>, <http://blulab.chpc.utah.edu/ontologies/v2/ConText.owl#Lexicon> -> <http://blulab.chpc.utah.edu/ontologies/v2/ConText.owl#Modifier> -> <http://blulab.chpc.utah.edu/ontologies/v2/ConText.owl#SemanticModifier> -> <http://blulab.chpc.utah.edu/ontologies/v2/ConText.owl#BodySite> -> <http://blulab.chpc.utah.edu/ontologies/schema/endo/colonoscopyQuality.owl#Colon_structure> -> <http://blulab.chpc.utah.edu/ontologies/schema/endo/colonoscopyQuality.owl#Entire_colon> -> <http://blulab.chpc.utah.edu/ontologies/schema/endo/colonoscopyQuality.owl#Left_colon> -> <http://blulab.chpc.utah.edu/ontologies/schema/endo/colonoscopyQuality.owl#Descending_colon> -> <http://blulab.chpc.utah.edu/ontologies/schema/endo/colonoscopyQuality.owl#Entire_descending_colon> -> <http://blulab.chpc.utah.edu/ontologies/schema/endo/colonoscopyQuality.owl#Left_colic_flexure> -> <http://blulab.chpc.utah.edu/ontologies/schema/endo/colonoscopyQuality.owl#Entire_transverse_colon> -> <http://blulab.chpc.utah.edu/ontologies/schema/endo/colonoscopyQuality.owl#Entire_left_colic_flexure>, <http://blulab.chpc.utah.edu/ontologies/v2/ConText.owl#Lexicon> -> <http://blulab.chpc.utah.edu/ontologies/v2/ConText.owl#Modifier> -> <http://blulab.chpc.utah.edu/ontologies/v2/ConText.owl#SemanticModifier> -> <http://blulab.chpc.utah.edu/ontologies/v2/ConText.owl#BodySite> -> <http://blulab.chpc.utah.edu/ontologies/schema/endo/colonoscopyQuality.owl#Colon_structure> -> <http://blulab.chpc.utah.edu/ontologies/schema/endo/colonoscopyQuality.owl#Left_colon> -> <http://blulab.chpc.utah.edu/ontologies/schema/endo/colonoscopyQuality.owl#Descending_colon> -> <http://blulab.chpc.utah.edu/ontologies/schema/endo/colonoscopyQuality.owl#Entire_descending_colon> -> <http://blulab.chpc.utah.edu/ontologies/schema/endo/colonoscopyQuality.owl#Left_colic_flexure> -> <http://blulab.chpc.utah.edu/ontologies/schema/endo/colonoscopyQuality.owl#Entire_transverse_colon> -> <http://blulab.chpc.utah.edu/ontologies/schema/endo/colonoscopyQuality.owl#Entire_left_colic_flexure>, <http://blulab.chpc.utah.edu/ontologies/v2/ConText.owl#Lexicon> -> <http://blulab.chpc.utah.edu/ontologies/v2/ConText.owl#Modifier> -> <http://blulab.chpc.utah.edu/ontologies/v2/ConText.owl#SemanticModifier> -> <http://blulab.chpc.utah.edu/ontologies/v2/ConText.owl#BodySite> -> <http://blulab.chpc.utah.edu/ontologies/schema/endo/colonoscopyQuality.owl#Colon_structure> -> <http://blulab.chpc.utah.edu/ontologies/schema/endo/colonoscopyQuality.owl#Region_of_colon> -> <http://blulab.chpc.utah.edu/ontologies/schema/endo/colonoscopyQuality.owl#Descending_colon> -> <http://blulab.chpc.utah.edu/ontologies/schema/endo/colonoscopyQuality.owl#Entire_descending_colon> -> <http://blulab.chpc.utah.edu/ontologies/schema/endo/colonoscopyQuality.owl#Left_colic_flexure> -> <http://blulab.chpc.utah.edu/ontologies/schema/endo/colonoscopyQuality.owl#Entire_transverse_colon> -> <http://blulab.chpc.utah.edu/ontologies/schema/endo/colonoscopyQuality.owl#Entire_left_colic_flexure>, <http://blulab.chpc.utah.edu/ontologies/v2/ConText.owl#Lexicon> -> <http://blulab.chpc.utah.edu/ontologies/v2/ConText.owl#Modifier> -> <http://blulab.chpc.utah.edu/ontologies/v2/ConText.owl#SemanticModifier> -> <http://blulab.chpc.utah.edu/ontologies/v2/ConText.owl#BodySite> -> <http://blulab.chpc.utah.edu/ontologies/schema/endo/colonoscopyQuality.owl#Colon_structure> -> <http://blulab.chpc.utah.edu/ontologies/schema/endo/colonoscopyQuality.owl#Region_of_colon> -> <http://blulab.chpc.utah.edu/ontologies/schema/endo/colonoscopyQuality.owl#Structure_of_colic_flexure> -> <http://blulab.chpc.utah.edu/ontologies/schema/endo/colonoscopyQuality.owl#Left_colic_flexure> -> <http://blulab.chpc.utah.edu/ontologies/schema/endo/colonoscopyQuality.owl#Entire_transverse_colon> -> <http://blulab.chpc.utah.edu/ontologies/schema/endo/colonoscopyQuality.owl#Entire_left_colic_flexure>, <http://blulab.chpc.utah.edu/ontologies/v2/ConText.owl#Lexicon> -> <http://blulab.chpc.utah.edu/ontologies/v2/ConText.owl#Modifier> -> <http://blulab.chpc.utah.edu/ontologies/v2/ConText.owl#SemanticModifier> -> <http://blulab.chpc.utah.edu/ontologies/v2/ConText.owl#BodySite> -> <http://blulab.chpc.utah.edu/ontologies/schema/endo/colonoscopyQuality.owl#Colon_structure> -> <http://blulab.chpc.utah.edu/ontologies/schema/endo/colonoscopyQuality.owl#Entire_colon> -> <http://blulab.chpc.utah.edu/ontologies/schema/endo/colonoscopyQuality.owl#Structure_of_colic_flexure> -> <http://blulab.chpc.utah.edu/ontologies/schema/endo/colonoscopyQuality.owl#Left_colic_flexure> -> <http://blulab.chpc.utah.edu/ontologies/schema/endo/colonoscopyQuality.owl#Entire_transverse_colon> -> <http://blulab.chpc.utah.edu/ontologies/schema/endo/colonoscopyQuality.owl#Entire_left_colic_flexure>, <http://blulab.chpc.utah.edu/ontologies/v2/ConText.owl#Lexicon> -> <http://blulab.chpc.utah.edu/ontologies/v2/ConText.owl#Modifier> -> <http://blulab.chpc.utah.edu/ontologies/v2/ConText.owl#SemanticModifier> -> <http://blulab.chpc.utah.edu/ontologies/v2/ConText.owl#BodySite> -> <http://blulab.chpc.utah.edu/ontologies/schema/endo/colonoscopyQuality.owl#Colon_structure> -> <http://blulab.chpc.utah.edu/ontologies/schema/endo/colonoscopyQuality.owl#Entire_colon> -> <http://blulab.chpc.utah.edu/ontologies/schema/endo/colonoscopyQuality.owl#Transverse_colon> -> <http://blulab.chpc.utah.edu/ontologies/schema/endo/colonoscopyQuality.owl#Left_colic_flexure> -> <http://blulab.chpc.utah.edu/ontologies/schema/endo/colonoscopyQuality.owl#Entire_transverse_colon> -> <http://blulab.chpc.utah.edu/ontologies/schema/endo/colonoscopyQuality.owl#Entire_left_colic_flexure>, <http://blulab.chpc.utah.edu/ontologies/v2/ConText.owl#Lexicon> -> <http://blulab.chpc.utah.edu/ontologies/v2/ConText.owl#Modifier> -> <http://blulab.chpc.utah.edu/ontologies/v2/ConText.owl#SemanticModifier> -> <http://blulab.chpc.utah.edu/ontologies/v2/ConText.owl#BodySite> -> <http://blulab.chpc.utah.edu/ontologies/schema/endo/colonoscopyQuality.owl#Colon_structure> -> <http://blulab.chpc.utah.edu/ontologies/schema/endo/colonoscopyQuality.owl#Region_of_colon> -> <http://blulab.chpc.utah.edu/ontologies/schema/endo/colonoscopyQuality.owl#Transverse_colon> -> <http://blulab.chpc.utah.edu/ontologies/schema/endo/colonoscopyQuality.owl#Left_colic_flexure> -> <http://blulab.chpc.utah.edu/ontologies/schema/endo/colonoscopyQuality.owl#Entire_transverse_colon> -> <http://blulab.chpc.utah.edu/ontologies/schema/endo/colonoscopyQuality.owl#Entire_left_colic_flexure>, <http://blulab.chpc.utah.edu/ontologies/v2/ConText.owl#Lexicon> -> <http://blulab.chpc.utah.edu/ontologies/v2/ConText.owl#Modifier> -> <http://blulab.chpc.utah.edu/ontologies/v2/ConText.owl#SemanticModifier> -> <http://blulab.chpc.utah.edu/ontologies/v2/ConText.owl#BodySite> -> <http://blulab.chpc.utah.edu/ontologies/schema/endo/colonoscopyQuality.owl#Colon_structure> -> <http://blulab.chpc.utah.edu/ontologies/schema/endo/colonoscopyQuality.owl#Transverse_colon> -> <http://blulab.chpc.utah.edu/ontologies/schema/endo/colonoscopyQuality.owl#Left_colic_flexure> -> <http://blulab.chpc.utah.edu/ontologies/schema/endo/colonoscopyQuality.owl#Entire_transverse_colon> -> <http://blulab.chpc.utah.edu/ontologies/schema/endo/colonoscopyQuality.owl#Entire_left_colic_flexure>, <http://blulab.chpc.utah.edu/ontologies/v2/ConText.owl#Lexicon> -> <http://blulab.chpc.utah.edu/ontologies/v2/ConText.owl#Modifier> -> <http://blulab.chpc.utah.edu/ontologies/v2/ConText.owl#SemanticModifier> -> <http://blulab.chpc.utah.edu/ontologies/v2/ConText.owl#BodySite> -> <http://blulab.chpc.utah.edu/ontologies/schema/endo/colonoscopyQuality.owl#Colon_structure> -> <http://blulab.chpc.utah.edu/ontologies/schema/endo/colonoscopyQuality.owl#Left_colon> -> <http://blulab.chpc.utah.edu/ontologies/schema/endo/colonoscopyQuality.owl#Entire_left_colon> -> <http://blulab.chpc.utah.edu/ontologies/schema/endo/colonoscopyQuality.owl#Descending_colon> -> <http://blulab.chpc.utah.edu/ontologies/schema/endo/colonoscopyQuality.owl#Left_colic_flexure> -> <http://blulab.chpc.utah.edu/ontologies/schema/endo/colonoscopyQuality.owl#Entire_transverse_colon> -> <http://blulab.chpc.utah.edu/ontologies/schema/endo/colonoscopyQuality.owl#Entire_left_colic_flexure>, <http://blulab.chpc.utah.edu/ontologies/v2/ConText.owl#Lexicon> -> <http://blulab.chpc.utah.edu/ontologies/v2/ConText.owl#Modifier> -> <http://blulab.chpc.utah.edu/ontologies/v2/ConText.owl#SemanticModifier> -> <http://blulab.chpc.utah.edu/ontologies/v2/ConText.owl#BodySite> -> <http://blulab.chpc.utah.edu/ontologies/schema/endo/colonoscopyQuality.owl#Colon_structure> -> <http://blulab.chpc.utah.edu/ontologies/schema/endo/colonoscopyQuality.owl#Entire_colon> -> <http://blulab.chpc.utah.edu/ontologies/schema/endo/colonoscopyQuality.owl#Left_colon> -> <http://blulab.chpc.utah.edu/ontologies/schema/endo/colonoscopyQuality.owl#Entire_left_colon> -> <http://blulab.chpc.utah.edu/ontologies/schema/endo/colonoscopyQuality.owl#Descending_colon> -> <http://blulab.chpc.utah.edu/ontologies/schema/endo/colonoscopyQuality.owl#Left_colic_flexure> -> <http://blulab.chpc.utah.edu/ontologies/schema/endo/colonoscopyQuality.owl#Entire_transverse_colon> -> <http://blulab.chpc.utah.edu/ontologies/schema/endo/colonoscopyQuality.owl#Entire_left_colic_flexure>, <http://blulab.chpc.utah.edu/ontologies/v2/ConText.owl#Lexicon> -> <http://blulab.chpc.utah.edu/ontologies/v2/ConText.owl#Modifier> -> <http://blulab.chpc.utah.edu/ontologies/v2/ConText.owl#SemanticModifier> -> <http://blulab.chpc.utah.edu/ontologies/v2/ConText.owl#BodySite> -> <http://blulab.chpc.utah.edu/ontologies/schema/endo/colonoscopyQuality.owl#Colon_structure> -> <http://blulab.chpc.utah.edu/ontologies/schema/endo/colonoscopyQuality.owl#Entire_colon> -> <http://blulab.chpc.utah.edu/ontologies/schema/endo/colonoscopyQuality.owl#Left_colon> -> <http://blulab.chpc.utah.edu/ontologies/schema/endo/colonoscopyQuality.owl#Descending_colon> -> <http://blulab.chpc.utah.edu/ontologies/schema/endo/colonoscopyQuality.owl#Left_colic_flexure> -> <http://blulab.chpc.utah.edu/ontologies/schema/endo/colonoscopyQuality.owl#Entire_transverse_colon> -> <http://blulab.chpc.utah.edu/ontologies/schema/endo/colonoscopyQuality.owl#Entire_left_colic_flexure>, <http://blulab.chpc.utah.edu/ontologies/v2/ConText.owl#Lexicon> -> <http://blulab.chpc.utah.edu/ontologies/v2/ConText.owl#Modifier> -> <http://blulab.chpc.utah.edu/ontologies/v2/ConText.owl#SemanticModifier> -> <http://blulab.chpc.utah.edu/ontologies/v2/ConText.owl#BodySite> -> <http://blulab.chpc.utah.edu/ontologies/schema/endo/colonoscopyQuality.owl#Colon_structure> -> <http://blulab.chpc.utah.edu/ontologies/schema/endo/colonoscopyQuality.owl#Left_colon> -> <http://blulab.chpc.utah.edu/ontologies/schema/endo/colonoscopyQuality.owl#Descending_colon> -> <http://blulab.chpc.utah.edu/ontologies/schema/endo/colonoscopyQuality.owl#Left_colic_flexure> -> <http://blulab.chpc.utah.edu/ontologies/schema/endo/colonoscopyQuality.owl#Entire_transverse_colon> -> <http://blulab.chpc.utah.edu/ontologies/schema/endo/colonoscopyQuality.owl#Entire_left_colic_flexure>, <http://blulab.chpc.utah.edu/ontologies/v2/ConText.owl#Lexicon> -> <http://blulab.chpc.utah.edu/ontologies/v2/ConText.owl#Modifier> -> <http://blulab.chpc.utah.edu/ontologies/v2/ConText.owl#SemanticModifier> -> <http://blulab.chpc.utah.edu/ontologies/v2/ConText.owl#BodySite> -> <http://blulab.chpc.utah.edu/ontologies/schema/endo/colonoscopyQuality.owl#Colon_structure> -> <http://blulab.chpc.utah.edu/ontologies/schema/endo/colonoscopyQuality.owl#Region_of_colon> -> <http://blulab.chpc.utah.edu/ontologies/schema/endo/colonoscopyQuality.owl#Descending_colon> -> <http://blulab.chpc.utah.edu/ontologies/schema/endo/colonoscopyQuality.owl#Left_colic_flexure> -> <http://blulab.chpc.utah.edu/ontologies/schema/endo/colonoscopyQuality.owl#Entire_transverse_colon> -> <http://blulab.chpc.utah.edu/ontologies/schema/endo/colonoscopyQuality.owl#Entire_left_colic_flexure>, <http://blulab.chpc.utah.edu/ontologies/v2/ConText.owl#Lexicon> -> <http://blulab.chpc.utah.edu/ontologies/v2/ConText.owl#Modifier> -> <http://blulab.chpc.utah.edu/ontologies/v2/ConText.owl#SemanticModifier> -> <http://blulab.chpc.utah.edu/ontologies/v2/ConText.owl#BodySite> -> <http://blulab.chpc.utah.edu/ontologies/schema/endo/colonoscopyQuality.owl#Colon_structure> -> <http://blulab.chpc.utah.edu/ontologies/schema/endo/colonoscopyQuality.owl#Descending_colon> -> <http://blulab.chpc.utah.edu/ontologies/schema/endo/colonoscopyQuality.owl#Entire_descending_colon> -> <http://blulab.chpc.utah.edu/ontologies/schema/endo/colonoscopyQuality.owl#Left_colic_flexure> -> <http://blulab.chpc.utah.edu/ontologies/schema/endo/colonoscopyQuality.owl#Entire_left_colic_flexure>, <http://blulab.chpc.utah.edu/ontologies/v2/ConText.owl#Lexicon> -> <http://blulab.chpc.utah.edu/ontologies/v2/ConText.owl#Modifier> -> <http://blulab.chpc.utah.edu/ontologies/v2/ConText.owl#SemanticModifier> -> <http://blulab.chpc.utah.edu/ontologies/v2/ConText.owl#BodySite> -> <http://blulab.chpc.utah.edu/ontologies/schema/endo/colonoscopyQuality.owl#Colon_structure> -> <http://blulab.chpc.utah.edu/ontologies/schema/endo/colonoscopyQuality.owl#Left_colon> -> <http://blulab.chpc.utah.edu/ontologies/schema/endo/colonoscopyQuality.owl#Entire_left_colon> -> <http://blulab.chpc.utah.edu/ontologies/schema/endo/colonoscopyQuality.owl#Descending_colon> -> <http://blulab.chpc.utah.edu/ontologies/schema/endo/colonoscopyQuality.owl#Entire_descending_colon> -> <http://blulab.chpc.utah.edu/ontologies/schema/endo/colonoscopyQuality.owl#Left_colic_flexure> -> <http://blulab.chpc.utah.edu/ontologies/schema/endo/colonoscopyQuality.owl#Entire_left_colic_flexure>, <http://blulab.chpc.utah.edu/ontologies/v2/ConText.owl#Lexicon> -> <http://blulab.chpc.utah.edu/ontologies/v2/ConText.owl#Modifier> -> <http://blulab.chpc.utah.edu/ontologies/v2/ConText.owl#SemanticModifier> -> <http://blulab.chpc.utah.edu/ontologies/v2/ConText.owl#BodySite> -> <http://blulab.chpc.utah.edu/ontologies/schema/endo/colonoscopyQuality.owl#Colon_structure> -> <http://blulab.chpc.utah.edu/ontologies/schema/endo/colonoscopyQuality.owl#Entire_colon> -> <http://blulab.chpc.utah.edu/ontologies/schema/endo/colonoscopyQuality.owl#Left_colon> -> <http://blulab.chpc.utah.edu/ontologies/schema/endo/colonoscopyQuality.owl#Entire_left_colon> -> <http://blulab.chpc.utah.edu/ontologies/schema/endo/colonoscopyQuality.owl#Descending_colon> -> <http://blulab.chpc.utah.edu/ontologies/schema/endo/colonoscopyQuality.owl#Entire_descending_colon> -> <http://blulab.chpc.utah.edu/ontologies/schema/endo/colonoscopyQuality.owl#Left_colic_flexure> -> <http://blulab.chpc.utah.edu/ontologies/schema/endo/colonoscopyQuality.owl#Entire_left_colic_flexure>, <http://blulab.chpc.utah.edu/ontologies/v2/ConText.owl#Lexicon> -> <http://blulab.chpc.utah.edu/ontologies/v2/ConText.owl#Modifier> -> <http://blulab.chpc.utah.edu/ontologies/v2/ConText.owl#SemanticModifier> -> <http://blulab.chpc.utah.edu/ontologies/v2/ConText.owl#BodySite> -> <http://blulab.chpc.utah.edu/ontologies/schema/endo/colonoscopyQuality.owl#Colon_structure> -> <http://blulab.chpc.utah.edu/ontologies/schema/endo/colonoscopyQuality.owl#Entire_colon> -> <http://blulab.chpc.utah.edu/ontologies/schema/endo/colonoscopyQuality.owl#Left_colon> -> <http://blulab.chpc.utah.edu/ontologies/schema/endo/colonoscopyQuality.owl#Descending_colon> -> <http://blulab.chpc.utah.edu/ontologies/schema/endo/colonoscopyQuality.owl#Entire_descending_colon> -> <http://blulab.chpc.utah.edu/ontologies/schema/endo/colonoscopyQuality.owl#Left_colic_flexure> -> <http://blulab.chpc.utah.edu/ontologies/schema/endo/colonoscopyQuality.owl#Entire_left_colic_flexure>, <http://blulab.chpc.utah.edu/ontologies/v2/ConText.owl#Lexicon> -> <http://blulab.chpc.utah.edu/ontologies/v2/ConText.owl#Modifier> -> <http://blulab.chpc.utah.edu/ontologies/v2/ConText.owl#SemanticModifier> -> <http://blulab.chpc.utah.edu/ontologies/v2/ConText.owl#BodySite> -> <http://blulab.chpc.utah.edu/ontologies/schema/endo/colonoscopyQuality.owl#Colon_structure> -> <http://blulab.chpc.utah.edu/ontologies/schema/endo/colonoscopyQuality.owl#Left_colon> -> <http://blulab.chpc.utah.edu/ontologies/schema/endo/colonoscopyQuality.owl#Descending_colon> -> <http://blulab.chpc.utah.edu/ontologies/schema/endo/colonoscopyQuality.owl#Entire_descending_colon> -> <http://blulab.chpc.utah.edu/ontologies/schema/endo/colonoscopyQuality.owl#Left_colic_flexure> -> <http://blulab.chpc.utah.edu/ontologies/schema/endo/colonoscopyQuality.owl#Entire_left_colic_flexure>, <http://blulab.chpc.utah.edu/ontologies/v2/ConText.owl#Lexicon> -> <http://blulab.chpc.utah.edu/ontologies/v2/ConText.owl#Modifier> -> <http://blulab.chpc.utah.edu/ontologies/v2/ConText.owl#SemanticModifier> -> <http://blulab.chpc.utah.edu/ontologies/v2/ConText.owl#BodySite> -> <http://blulab.chpc.utah.edu/ontologies/schema/endo/colonoscopyQuality.owl#Colon_structure> -> <http://blulab.chpc.utah.edu/ontologies/schema/endo/colonoscopyQuality.owl#Region_of_colon> -> <http://blulab.chpc.utah.edu/ontologies/schema/endo/colonoscopyQuality.owl#Descending_colon> -> <http://blulab.chpc.utah.edu/ontologies/schema/endo/colonoscopyQuality.owl#Entire_descending_colon> -> <http://blulab.chpc.utah.edu/ontologies/schema/endo/colonoscopyQuality.owl#Left_colic_flexure> -> <http://blulab.chpc.utah.edu/ontologies/schema/endo/colonoscopyQuality.owl#Entire_left_colic_flexure>, <http://blulab.chpc.utah.edu/ontologies/v2/ConText.owl#Lexicon> -> <http://blulab.chpc.utah.edu/ontologies/v2/ConText.owl#Modifier> -> <http://blulab.chpc.utah.edu/ontologies/v2/ConText.owl#SemanticModifier> -> <http://blulab.chpc.utah.edu/ontologies/v2/ConText.owl#BodySite> -> <http://blulab.chpc.utah.edu/ontologies/schema/endo/colonoscopyQuality.owl#Colon_structure> -> <http://blulab.chpc.utah.edu/ontologies/schema/endo/colonoscopyQuality.owl#Entire_colon> -> <http://blulab.chpc.utah.edu/ontologies/schema/endo/colonoscopyQuality.owl#Structure_of_colic_flexure> -> <http://blulab.chpc.utah.edu/ontologies/schema/endo/colonoscopyQuality.owl#Left_colic_flexure> -> <http://blulab.chpc.utah.edu/ontologies/schema/endo/colonoscopyQuality.owl#Entire_left_colic_flexure>, <http://blulab.chpc.utah.edu/ontologies/v2/ConText.owl#Lexicon> -> <http://blulab.chpc.utah.edu/ontologies/v2/ConText.owl#Modifier> -> <http://blulab.chpc.utah.edu/ontologies/v2/ConText.owl#SemanticModifier> -> <http://blulab.chpc.utah.edu/ontologies/v2/ConText.owl#BodySite> -> <http://blulab.chpc.utah.edu/ontologies/schema/endo/colonoscopyQuality.owl#Colon_structure> -> <http://blulab.chpc.utah.edu/ontologies/schema/endo/colonoscopyQuality.owl#Region_of_colon> -> <http://blulab.chpc.utah.edu/ontologies/schema/endo/colonoscopyQuality.owl#Structure_of_colic_flexure> -> <http://blulab.chpc.utah.edu/ontologies/schema/endo/colonoscopyQuality.owl#Left_colic_flexure> -> <http://blulab.chpc.utah.edu/ontologies/schema/endo/colonoscopyQuality.owl#Entire_left_colic_flexure>, <http://blulab.chpc.utah.edu/ontologies/v2/ConText.owl#Lexicon> -> <http://blulab.chpc.utah.edu/ontologies/v2/ConText.owl#Modifier> -> <http://blulab.chpc.utah.edu/ontologies/v2/ConText.owl#SemanticModifier> -> <http://blulab.chpc.utah.edu/ontologies/v2/ConText.owl#BodySite> -> <http://blulab.chpc.utah.edu/ontologies/schema/endo/colonoscopyQuality.owl#Colon_structure> -> <http://blulab.chpc.utah.edu/ontologies/schema/endo/colonoscopyQuality.owl#Transverse_colon> -> <http://blulab.chpc.utah.edu/ontologies/schema/endo/colonoscopyQuality.owl#Left_colic_flexure> -> <http://blulab.chpc.utah.edu/ontologies/schema/endo/colonoscopyQuality.owl#Entire_left_colic_flexure>, <http://blulab.chpc.utah.edu/ontologies/v2/ConText.owl#Lexicon> -> <http://blulab.chpc.utah.edu/ontologies/v2/ConText.owl#Modifier> -> <http://blulab.chpc.utah.edu/ontologies/v2/ConText.owl#SemanticModifier> -> <http://blulab.chpc.utah.edu/ontologies/v2/ConText.owl#BodySite> -> <http://blulab.chpc.utah.edu/ontologies/schema/endo/colonoscopyQuality.owl#Colon_structure> -> <http://blulab.chpc.utah.edu/ontologies/schema/endo/colonoscopyQuality.owl#Entire_colon> -> <http://blulab.chpc.utah.edu/ontologies/schema/endo/colonoscopyQuality.owl#Transverse_colon> -> <http://blulab.chpc.utah.edu/ontologies/schema/endo/colonoscopyQuality.owl#Left_colic_flexure> -> <http://blulab.chpc.utah.edu/ontologies/schema/endo/colonoscopyQuality.owl#Entire_left_colic_flexure>, <http://blulab.chpc.utah.edu/ontologies/v2/ConText.owl#Lexicon> -> <http://blulab.chpc.utah.edu/ontologies/v2/ConText.owl#Modifier> -> <http://blulab.chpc.utah.edu/ontologies/v2/ConText.owl#SemanticModifier> -> <http://blulab.chpc.utah.edu/ontologies/v2/ConText.owl#BodySite> -> <http://blulab.chpc.utah.edu/ontologies/schema/endo/colonoscopyQuality.owl#Colon_structure> -> <http://blulab.chpc.utah.edu/ontologies/schema/endo/colonoscopyQuality.owl#Region_of_colon> -> <http://blulab.chpc.utah.edu/ontologies/schema/endo/colonoscopyQuality.owl#Transverse_colon> -> <http://blulab.chpc.utah.edu/ontologies/schema/endo/colonoscopyQuality.owl#Left_colic_flexure> -> <http://blulab.chpc.utah.edu/ontologies/schema/endo/colonoscopyQuality.owl#Entire_left_colic_flexure>, <http://blulab.chpc.utah.edu/ontologies/v2/ConText.owl#Lexicon> -> <http://blulab.chpc.utah.edu/ontologies/v2/ConText.owl#Modifier> -> <http://blulab.chpc.utah.edu/ontologies/v2/ConText.owl#SemanticModifier> -> <http://blulab.chpc.utah.edu/ontologies/v2/ConText.owl#BodySite> -> <http://blulab.chpc.utah.edu/ontologies/schema/endo/colonoscopyQuality.owl#Colon_structure> -> <http://blulab.chpc.utah.edu/ontologies/schema/endo/colonoscopyQuality.owl#Descending_colon> -> <http://blulab.chpc.utah.edu/ontologies/schema/endo/colonoscopyQuality.owl#Left_colic_flexure> -> <http://blulab.chpc.utah.edu/ontologies/schema/endo/colonoscopyQuality.owl#Entire_left_colic_flexure>, <http://blulab.chpc.utah.edu/ontologies/v2/ConText.owl#Lexicon> -> <http://blulab.chpc.utah.edu/ontologies/v2/ConText.owl#Modifier> -> <http://blulab.chpc.utah.edu/ontologies/v2/ConText.owl#SemanticModifier> -> <http://blulab.chpc.utah.edu/ontologies/v2/ConText.owl#BodySite> -> <http://blulab.chpc.utah.edu/ontologies/schema/endo/colonoscopyQuality.owl#Colon_structure> -> <http://blulab.chpc.utah.edu/ontologies/schema/endo/colonoscopyQuality.owl#Left_colon> -> <http://blulab.chpc.utah.edu/ontologies/schema/endo/colonoscopyQuality.owl#Entire_left_colon> -> <http://blulab.chpc.utah.edu/ontologies/schema/endo/colonoscopyQuality.owl#Descending_colon> -> <http://blulab.chpc.utah.edu/ontologies/schema/endo/colonoscopyQuality.owl#Left_colic_flexure> -> <http://blulab.chpc.utah.edu/ontologies/schema/endo/colonoscopyQuality.owl#Entire_left_colic_flexure>, <http://blulab.chpc.utah.edu/ontologies/v2/ConText.owl#Lexicon> -> <http://blulab.chpc.utah.edu/ontologies/v2/ConText.owl#Modifier> -> <http://blulab.chpc.utah.edu/ontologies/v2/ConText.owl#SemanticModifier> -> <http://blulab.chpc.utah.edu/ontologies/v2/ConText.owl#BodySite> -> <http://blulab.chpc.utah.edu/ontologies/schema/endo/colonoscopyQuality.owl#Colon_structure> -> <http://blulab.chpc.utah.edu/ontologies/schema/endo/colonoscopyQuality.owl#Entire_colon> -> <http://blulab.chpc.utah.edu/ontologies/schema/endo/colonoscopyQuality.owl#Left_colon> -> <http://blulab.chpc.utah.edu/ontologies/schema/endo/colonoscopyQuality.owl#Entire_left_colon> -> <http://blulab.chpc.utah.edu/ontologies/schema/endo/colonoscopyQuality.owl#Descending_colon> -> <http://blulab.chpc.utah.edu/ontologies/schema/endo/colonoscopyQuality.owl#Left_colic_flexure> -> <http://blulab.chpc.utah.edu/ontologies/schema/endo/colonoscopyQuality.owl#Entire_left_colic_flexure>, <http://blulab.chpc.utah.edu/ontologies/v2/ConText.owl#Lexicon> -> <http://blulab.chpc.utah.edu/ontologies/v2/ConText.owl#Modifier> -> <http://blulab.chpc.utah.edu/ontologies/v2/ConText.owl#SemanticModifier> -> <http://blulab.chpc.utah.edu/ontologies/v2/ConText.owl#BodySite> -> <http://blulab.chpc.utah.edu/ontologies/schema/endo/colonoscopyQuality.owl#Colon_structure> -> <http://blulab.chpc.utah.edu/ontologies/schema/endo/colonoscopyQuality.owl#Entire_colon> -> <http://blulab.chpc.utah.edu/ontologies/schema/endo/colonoscopyQuality.owl#Left_colon> -> <http://blulab.chpc.utah.edu/ontologies/schema/endo/colonoscopyQuality.owl#Descending_colon> -> <http://blulab.chpc.utah.edu/ontologies/schema/endo/colonoscopyQuality.owl#Left_colic_flexure> -> <http://blulab.chpc.utah.edu/ontologies/schema/endo/colonoscopyQuality.owl#Entire_left_colic_flexure>, <http://blulab.chpc.utah.edu/ontologies/v2/ConText.owl#Lexicon> -> <http://blulab.chpc.utah.edu/ontologies/v2/ConText.owl#Modifier> -> <http://blulab.chpc.utah.edu/ontologies/v2/ConText.owl#SemanticModifier> -> <http://blulab.chpc.utah.edu/ontologies/v2/ConText.owl#BodySite> -> <http://blulab.chpc.utah.edu/ontologies/schema/endo/colonoscopyQuality.owl#Colon_structure> -> <http://blulab.chpc.utah.edu/ontologies/schema/endo/colonoscopyQuality.owl#Left_colon> -> <http://blulab.chpc.utah.edu/ontologies/schema/endo/colonoscopyQuality.owl#Descending_colon> -> <http://blulab.chpc.utah.edu/ontologies/schema/endo/colonoscopyQuality.owl#Left_colic_flexure> -> <http://blulab.chpc.utah.edu/ontologies/schema/endo/colonoscopyQuality.owl#Entire_left_colic_flexure>, <http://blulab.chpc.utah.edu/ontologies/v2/ConText.owl#Lexicon> -> <http://blulab.chpc.utah.edu/ontologies/v2/ConText.owl#Modifier> -> <http://blulab.chpc.utah.edu/ontologies/v2/ConText.owl#SemanticModifier> -> <http://blulab.chpc.utah.edu/ontologies/v2/ConText.owl#BodySite> -> <http://blulab.chpc.utah.edu/ontologies/schema/endo/colonoscopyQuality.owl#Colon_structure> -> <http://blulab.chpc.utah.edu/ontologies/schema/endo/colonoscopyQuality.owl#Region_of_colon> -> <http://blulab.chpc.utah.edu/ontologies/schema/endo/colonoscopyQuality.owl#Descending_colon> -> <http://blulab.chpc.utah.edu/ontologies/schema/endo/colonoscopyQuality.owl#Left_colic_flexure> -> <http://blulab.chpc.utah.edu/ontologies/schema/endo/colonoscopyQuality.owl#Entire_left_colic_flexure>, <http://blulab.chpc.utah.edu/ontologies/v2/ConText.owl#Lexicon> -> <http://blulab.chpc.utah.edu/ontologies/v2/ConText.owl#Modifier> -> <http://blulab.chpc.utah.edu/ontologies/v2/ConText.owl#SemanticModifier> -> <http://blulab.chpc.utah.edu/ontologies/v2/ConText.owl#BodySite> -> <http://blulab.chpc.utah.edu/ontologies/schema/endo/colonoscopyQuality.owl#Colon_structure> -> <http://blulab.chpc.utah.edu/ontologies/schema/endo/colonoscopyQuality.owl#Region_of_colon> -> <http://blulab.chpc.utah.edu/ontologies/schema/endo/colonoscopyQuality.owl#Structure_of_colic_flexure> -> <http://blulab.chpc.utah.edu/ontologies/schema/endo/colonoscopyQuality.owl#Entire_colic_flexure> -> <http://blulab.chpc.utah.edu/ontologies/schema/endo/colonoscopyQuality.owl#Entire_left_colic_flexure>]]

	Modifier: Hepatic_flexure_of_colon, uri=http://blulab.chpc.utah.edu/ontologies/schema/endo/colonoscopyQuality.owl#Hepatic_flexure_of_colon, type= Semantic, classPath= [<http://blulab.chpc.utah.edu/ontologies/v2/ConText.owl#Lexicon> -> <http://blulab.chpc.utah.edu/ontologies/v2/ConText.owl#Modifier> -> <http://blulab.chpc.utah.edu/ontologies/v2/ConText.owl#SemanticModifier> -> <http://blulab.chpc.utah.edu/ontologies/v2/ConText.owl#BodySite> -> <http://blulab.chpc.utah.edu/ontologies/schema/endo/colonoscopyQuality.owl#Colon_structure> -> <http://blulab.chpc.utah.edu/ontologies/schema/endo/colonoscopyQuality.owl#Ascending_colon> -> <http://blulab.chpc.utah.edu/ontologies/schema/endo/colonoscopyQuality.owl#Hepatic_flexure_of_colon>, <http://blulab.chpc.utah.edu/ontologies/v2/ConText.owl#Lexicon> -> <http://blulab.chpc.utah.edu/ontologies/v2/ConText.owl#Modifier> -> <http://blulab.chpc.utah.edu/ontologies/v2/ConText.owl#SemanticModifier> -> <http://blulab.chpc.utah.edu/ontologies/v2/ConText.owl#BodySite> -> <http://blulab.chpc.utah.edu/ontologies/schema/endo/colonoscopyQuality.owl#Colon_structure> -> <http://blulab.chpc.utah.edu/ontologies/schema/endo/colonoscopyQuality.owl#Ascending_colon> -> <http://blulab.chpc.utah.edu/ontologies/schema/endo/colonoscopyQuality.owl#Entire_ascending_colon> -> <http://blulab.chpc.utah.edu/ontologies/schema/endo/colonoscopyQuality.owl#Hepatic_flexure_of_colon>, <http://blulab.chpc.utah.edu/ontologies/v2/ConText.owl#Lexicon> -> <http://blulab.chpc.utah.edu/ontologies/v2/ConText.owl#Modifier> -> <http://blulab.chpc.utah.edu/ontologies/v2/ConText.owl#SemanticModifier> -> <http://blulab.chpc.utah.edu/ontologies/v2/ConText.owl#BodySite> -> <http://blulab.chpc.utah.edu/ontologies/schema/endo/colonoscopyQuality.owl#Colon_structure> -> <http://blulab.chpc.utah.edu/ontologies/schema/endo/colonoscopyQuality.owl#Entire_colon> -> <http://blulab.chpc.utah.edu/ontologies/schema/endo/colonoscopyQuality.owl#Right_colon> -> <http://blulab.chpc.utah.edu/ontologies/schema/endo/colonoscopyQuality.owl#Entire_right_colon> -> <http://blulab.chpc.utah.edu/ontologies/schema/endo/colonoscopyQuality.owl#Ascending_colon> -> <http://blulab.chpc.utah.edu/ontologies/schema/endo/colonoscopyQuality.owl#Entire_ascending_colon> -> <http://blulab.chpc.utah.edu/ontologies/schema/endo/colonoscopyQuality.owl#Hepatic_flexure_of_colon>, <http://blulab.chpc.utah.edu/ontologies/v2/ConText.owl#Lexicon> -> <http://blulab.chpc.utah.edu/ontologies/v2/ConText.owl#Modifier> -> <http://blulab.chpc.utah.edu/ontologies/v2/ConText.owl#SemanticModifier> -> <http://blulab.chpc.utah.edu/ontologies/v2/ConText.owl#BodySite> -> <http://blulab.chpc.utah.edu/ontologies/schema/endo/colonoscopyQuality.owl#Colon_structure> -> <http://blulab.chpc.utah.edu/ontologies/schema/endo/colonoscopyQuality.owl#Entire_colon> -> <http://blulab.chpc.utah.edu/ontologies/schema/endo/colonoscopyQuality.owl#Entire_right_colon> -> <http://blulab.chpc.utah.edu/ontologies/schema/endo/colonoscopyQuality.owl#Ascending_colon> -> <http://blulab.chpc.utah.edu/ontologies/schema/endo/colonoscopyQuality.owl#Entire_ascending_colon> -> <http://blulab.chpc.utah.edu/ontologies/schema/endo/colonoscopyQuality.owl#Hepatic_flexure_of_colon>, <http://blulab.chpc.utah.edu/ontologies/v2/ConText.owl#Lexicon> -> <http://blulab.chpc.utah.edu/ontologies/v2/ConText.owl#Modifier> -> <http://blulab.chpc.utah.edu/ontologies/v2/ConText.owl#SemanticModifier> -> <http://blulab.chpc.utah.edu/ontologies/v2/ConText.owl#BodySite> -> <http://blulab.chpc.utah.edu/ontologies/schema/endo/colonoscopyQuality.owl#Colon_structure> -> <http://blulab.chpc.utah.edu/ontologies/schema/endo/colonoscopyQuality.owl#Region_of_colon> -> <http://blulab.chpc.utah.edu/ontologies/schema/endo/colonoscopyQuality.owl#Ascending_colon> -> <http://blulab.chpc.utah.edu/ontologies/schema/endo/colonoscopyQuality.owl#Entire_ascending_colon> -> <http://blulab.chpc.utah.edu/ontologies/schema/endo/colonoscopyQuality.owl#Hepatic_flexure_of_colon>, <http://blulab.chpc.utah.edu/ontologies/v2/ConText.owl#Lexicon> -> <http://blulab.chpc.utah.edu/ontologies/v2/ConText.owl#Modifier> -> <http://blulab.chpc.utah.edu/ontologies/v2/ConText.owl#SemanticModifier> -> <http://blulab.chpc.utah.edu/ontologies/v2/ConText.owl#BodySite> -> <http://blulab.chpc.utah.edu/ontologies/schema/endo/colonoscopyQuality.owl#Colon_structure> -> <http://blulab.chpc.utah.edu/ontologies/schema/endo/colonoscopyQuality.owl#Entire_colon> -> <http://blulab.chpc.utah.edu/ontologies/schema/endo/colonoscopyQuality.owl#Right_colon> -> <http://blulab.chpc.utah.edu/ontologies/schema/endo/colonoscopyQuality.owl#Ascending_colon> -> <http://blulab.chpc.utah.edu/ontologies/schema/endo/colonoscopyQuality.owl#Entire_ascending_colon> -> <http://blulab.chpc.utah.edu/ontologies/schema/endo/colonoscopyQuality.owl#Hepatic_flexure_of_colon>, <http://blulab.chpc.utah.edu/ontologies/v2/ConText.owl#Lexicon> -> <http://blulab.chpc.utah.edu/ontologies/v2/ConText.owl#Modifier> -> <http://blulab.chpc.utah.edu/ontologies/v2/ConText.owl#SemanticModifier> -> <http://blulab.chpc.utah.edu/ontologies/v2/ConText.owl#BodySite> -> <http://blulab.chpc.utah.edu/ontologies/schema/endo/colonoscopyQuality.owl#Colon_structure> -> <http://blulab.chpc.utah.edu/ontologies/schema/endo/colonoscopyQuality.owl#Entire_colon> -> <http://blulab.chpc.utah.edu/ontologies/schema/endo/colonoscopyQuality.owl#Structure_of_colic_flexure> -> <http://blulab.chpc.utah.edu/ontologies/schema/endo/colonoscopyQuality.owl#Entire_colic_flexure> -> <http://blulab.chpc.utah.edu/ontologies/schema/endo/colonoscopyQuality.owl#Hepatic_flexure_of_colon>, <http://blulab.chpc.utah.edu/ontologies/v2/ConText.owl#Lexicon> -> <http://blulab.chpc.utah.edu/ontologies/v2/ConText.owl#Modifier> -> <http://blulab.chpc.utah.edu/ontologies/v2/ConText.owl#SemanticModifier> -> <http://blulab.chpc.utah.edu/ontologies/v2/ConText.owl#BodySite> -> <http://blulab.chpc.utah.edu/ontologies/schema/endo/colonoscopyQuality.owl#Colon_structure> -> <http://blulab.chpc.utah.edu/ontologies/schema/endo/colonoscopyQuality.owl#Region_of_colon> -> <http://blulab.chpc.utah.edu/ontologies/schema/endo/colonoscopyQuality.owl#Structure_of_colic_flexure> -> <http://blulab.chpc.utah.edu/ontologies/schema/endo/colonoscopyQuality.owl#Entire_colic_flexure> -> <http://blulab.chpc.utah.edu/ontologies/schema/endo/colonoscopyQuality.owl#Hepatic_flexure_of_colon>, <http://blulab.chpc.utah.edu/ontologies/v2/ConText.owl#Lexicon> -> <http://blulab.chpc.utah.edu/ontologies/v2/ConText.owl#Modifier> -> <http://blulab.chpc.utah.edu/ontologies/v2/ConText.owl#SemanticModifier> -> <http://blulab.chpc.utah.edu/ontologies/v2/ConText.owl#BodySite> -> <http://blulab.chpc.utah.edu/ontologies/schema/endo/colonoscopyQuality.owl#Colon_structure> -> <http://blulab.chpc.utah.edu/ontologies/schema/endo/colonoscopyQuality.owl#Descending_colon> -> <http://blulab.chpc.utah.edu/ontologies/schema/endo/colonoscopyQuality.owl#Left_colic_flexure> -> <http://blulab.chpc.utah.edu/ontologies/schema/endo/colonoscopyQuality.owl#Entire_transverse_colon> -> <http://blulab.chpc.utah.edu/ontologies/schema/endo/colonoscopyQuality.owl#Hepatic_flexure_of_colon>, <http://blulab.chpc.utah.edu/ontologies/v2/ConText.owl#Lexicon> -> <http://blulab.chpc.utah.edu/ontologies/v2/ConText.owl#Modifier> -> <http://blulab.chpc.utah.edu/ontologies/v2/ConText.owl#SemanticModifier> -> <http://blulab.chpc.utah.edu/ontologies/v2/ConText.owl#BodySite> -> <http://blulab.chpc.utah.edu/ontologies/schema/endo/colonoscopyQuality.owl#Colon_structure> -> <http://blulab.chpc.utah.edu/ontologies/schema/endo/colonoscopyQuality.owl#Descending_colon> -> <http://blulab.chpc.utah.edu/ontologies/schema/endo/colonoscopyQuality.owl#Entire_descending_colon> -> <http://blulab.chpc.utah.edu/ontologies/schema/endo/colonoscopyQuality.owl#Left_colic_flexure> -> <http://blulab.chpc.utah.edu/ontologies/schema/endo/colonoscopyQuality.owl#Entire_transverse_colon> -> <http://blulab.chpc.utah.edu/ontologies/schema/endo/colonoscopyQuality.owl#Hepatic_flexure_of_colon>, <http://blulab.chpc.utah.edu/ontologies/v2/ConText.owl#Lexicon> -> <http://blulab.chpc.utah.edu/ontologies/v2/ConText.owl#Modifier> -> <http://blulab.chpc.utah.edu/ontologies/v2/ConText.owl#SemanticModifier> -> <http://blulab.chpc.utah.edu/ontologies/v2/ConText.owl#BodySite> -> <http://blulab.chpc.utah.edu/ontologies/schema/endo/colonoscopyQuality.owl#Colon_structure> -> <http://blulab.chpc.utah.edu/ontologies/schema/endo/colonoscopyQuality.owl#Left_colon> -> <http://blulab.chpc.utah.edu/ontologies/schema/endo/colonoscopyQuality.owl#Entire_left_colon> -> <http://blulab.chpc.utah.edu/ontologies/schema/endo/colonoscopyQuality.owl#Descending_colon> -> <http://blulab.chpc.utah.edu/ontologies/schema/endo/colonoscopyQuality.owl#Entire_descending_colon> -> <http://blulab.chpc.utah.edu/ontologies/schema/endo/colonoscopyQuality.owl#Left_colic_flexure> -> <http://blulab.chpc.utah.edu/ontologies/schema/endo/colonoscopyQuality.owl#Entire_transverse_colon> -> <http://blulab.chpc.utah.edu/ontologies/schema/endo/colonoscopyQuality.owl#Hepatic_flexure_of_colon>, <http://blulab.chpc.utah.edu/ontologies/v2/ConText.owl#Lexicon> -> <http://blulab.chpc.utah.edu/ontologies/v2/ConText.owl#Modifier> -> <http://blulab.chpc.utah.edu/ontologies/v2/ConText.owl#SemanticModifier> -> <http://blulab.chpc.utah.edu/ontologies/v2/ConText.owl#BodySite> -> <http://blulab.chpc.utah.edu/ontologies/schema/endo/colonoscopyQuality.owl#Colon_structure> -> <http://blulab.chpc.utah.edu/ontologies/schema/endo/colonoscopyQuality.owl#Entire_colon> -> <http://blulab.chpc.utah.edu/ontologies/schema/endo/colonoscopyQuality.owl#Left_colon> -> <http://blulab.chpc.utah.edu/ontologies/schema/endo/colonoscopyQuality.owl#Entire_left_colon> -> <http://blulab.chpc.utah.edu/ontologies/schema/endo/colonoscopyQuality.owl#Descending_colon> -> <http://blulab.chpc.utah.edu/ontologies/schema/endo/colonoscopyQuality.owl#Entire_descending_colon> -> <http://blulab.chpc.utah.edu/ontologies/schema/endo/colonoscopyQuality.owl#Left_colic_flexure> -> <http://blulab.chpc.utah.edu/ontologies/schema/endo/colonoscopyQuality.owl#Entire_transverse_colon> -> <http://blulab.chpc.utah.edu/ontologies/schema/endo/colonoscopyQuality.owl#Hepatic_flexure_of_colon>, <http://blulab.chpc.utah.edu/ontologies/v2/ConText.owl#Lexicon> -> <http://blulab.chpc.utah.edu/ontologies/v2/ConText.owl#Modifier> -> <http://blulab.chpc.utah.edu/ontologies/v2/ConText.owl#SemanticModifier> -> <http://blulab.chpc.utah.edu/ontologies/v2/ConText.owl#BodySite> -> <http://blulab.chpc.utah.edu/ontologies/schema/endo/colonoscopyQuality.owl#Colon_structure> -> <http://blulab.chpc.utah.edu/ontologies/schema/endo/colonoscopyQuality.owl#Entire_colon> -> <http://blulab.chpc.utah.edu/ontologies/schema/endo/colonoscopyQuality.owl#Left_colon> -> <http://blulab.chpc.utah.edu/ontologies/schema/endo/colonoscopyQuality.owl#Descending_colon> -> <http://blulab.chpc.utah.edu/ontologies/schema/endo/colonoscopyQuality.owl#Entire_descending_colon> -> <http://blulab.chpc.utah.edu/ontologies/schema/endo/colonoscopyQuality.owl#Left_colic_flexure> -> <http://blulab.chpc.utah.edu/ontologies/schema/endo/colonoscopyQuality.owl#Entire_transverse_colon> -> <http://blulab.chpc.utah.edu/ontologies/schema/endo/colonoscopyQuality.owl#Hepatic_flexure_of_colon>, <http://blulab.chpc.utah.edu/ontologies/v2/ConText.owl#Lexicon> -> <http://blulab.chpc.utah.edu/ontologies/v2/ConText.owl#Modifier> -> <http://blulab.chpc.utah.edu/ontologies/v2/ConText.owl#SemanticModifier> -> <http://blulab.chpc.utah.edu/ontologies/v2/ConText.owl#BodySite> -> <http://blulab.chpc.utah.edu/ontologies/schema/endo/colonoscopyQuality.owl#Colon_structure> -> <http://blulab.chpc.utah.edu/ontologies/schema/endo/colonoscopyQuality.owl#Left_colon> -> <http://blulab.chpc.utah.edu/ontologies/schema/endo/colonoscopyQuality.owl#Descending_colon> -> <http://blulab.chpc.utah.edu/ontologies/schema/endo/colonoscopyQuality.owl#Entire_descending_colon> -> <http://blulab.chpc.utah.edu/ontologies/schema/endo/colonoscopyQuality.owl#Left_colic_flexure> -> <http://blulab.chpc.utah.edu/ontologies/schema/endo/colonoscopyQuality.owl#Entire_transverse_colon> -> <http://blulab.chpc.utah.edu/ontologies/schema/endo/colonoscopyQuality.owl#Hepatic_flexure_of_colon>, <http://blulab.chpc.utah.edu/ontologies/v2/ConText.owl#Lexicon> -> <http://blulab.chpc.utah.edu/ontologies/v2/ConText.owl#Modifier> -> <http://blulab.chpc.utah.edu/ontologies/v2/ConText.owl#SemanticModifier> -> <http://blulab.chpc.utah.edu/ontologies/v2/ConText.owl#BodySite> -> <http://blulab.chpc.utah.edu/ontologies/schema/endo/colonoscopyQuality.owl#Colon_structure> -> <http://blulab.chpc.utah.edu/ontologies/schema/endo/colonoscopyQuality.owl#Region_of_colon> -> <http://blulab.chpc.utah.edu/ontologies/schema/endo/colonoscopyQuality.owl#Descending_colon> -> <http://blulab.chpc.utah.edu/ontologies/schema/endo/colonoscopyQuality.owl#Entire_descending_colon> -> <http://blulab.chpc.utah.edu/ontologies/schema/endo/colonoscopyQuality.owl#Left_colic_flexure> -> <http://blulab.chpc.utah.edu/ontologies/schema/endo/colonoscopyQuality.owl#Entire_transverse_colon> -> <http://blulab.chpc.utah.edu/ontologies/schema/endo/colonoscopyQuality.owl#Hepatic_flexure_of_colon>, <http://blulab.chpc.utah.edu/ontologies/v2/ConText.owl#Lexicon> -> <http://blulab.chpc.utah.edu/ontologies/v2/ConText.owl#Modifier> -> <http://blulab.chpc.utah.edu/ontologies/v2/ConText.owl#SemanticModifier> -> <http://blulab.chpc.utah.edu/ontologies/v2/ConText.owl#BodySite> -> <http://blulab.chpc.utah.edu/ontologies/schema/endo/colonoscopyQuality.owl#Colon_structure> -> <http://blulab.chpc.utah.edu/ontologies/schema/endo/colonoscopyQuality.owl#Region_of_colon> -> <http://blulab.chpc.utah.edu/ontologies/schema/endo/colonoscopyQuality.owl#Structure_of_colic_flexure> -> <http://blulab.chpc.utah.edu/ontologies/schema/endo/colonoscopyQuality.owl#Left_colic_flexure> -> <http://blulab.chpc.utah.edu/ontologies/schema/endo/colonoscopyQuality.owl#Entire_transverse_colon> -> <http://blulab.chpc.utah.edu/ontologies/schema/endo/colonoscopyQuality.owl#Hepatic_flexure_of_colon>, <http://blulab.chpc.utah.edu/ontologies/v2/ConText.owl#Lexicon> -> <http://blulab.chpc.utah.edu/ontologies/v2/ConText.owl#Modifier> -> <http://blulab.chpc.utah.edu/ontologies/v2/ConText.owl#SemanticModifier> -> <http://blulab.chpc.utah.edu/ontologies/v2/ConText.owl#BodySite> -> <http://blulab.chpc.utah.edu/ontologies/schema/endo/colonoscopyQuality.owl#Colon_structure> -> <http://blulab.chpc.utah.edu/ontologies/schema/endo/colonoscopyQuality.owl#Entire_colon> -> <http://blulab.chpc.utah.edu/ontologies/schema/endo/colonoscopyQuality.owl#Structure_of_colic_flexure> -> <http://blulab.chpc.utah.edu/ontologies/schema/endo/colonoscopyQuality.owl#Left_colic_flexure> -> <http://blulab.chpc.utah.edu/ontologies/schema/endo/colonoscopyQuality.owl#Entire_transverse_colon> -> <http://blulab.chpc.utah.edu/ontologies/schema/endo/colonoscopyQuality.owl#Hepatic_flexure_of_colon>, <http://blulab.chpc.utah.edu/ontologies/v2/ConText.owl#Lexicon> -> <http://blulab.chpc.utah.edu/ontologies/v2/ConText.owl#Modifier> -> <http://blulab.chpc.utah.edu/ontologies/v2/ConText.owl#SemanticModifier> -> <http://blulab.chpc.utah.edu/ontologies/v2/ConText.owl#BodySite> -> <http://blulab.chpc.utah.edu/ontologies/schema/endo/colonoscopyQuality.owl#Colon_structure> -> <http://blulab.chpc.utah.edu/ontologies/schema/endo/colonoscopyQuality.owl#Entire_colon> -> <http://blulab.chpc.utah.edu/ontologies/schema/endo/colonoscopyQuality.owl#Transverse_colon> -> <http://blulab.chpc.utah.edu/ontologies/schema/endo/colonoscopyQuality.owl#Left_colic_flexure> -> <http://blulab.chpc.utah.edu/ontologies/schema/endo/colonoscopyQuality.owl#Entire_transverse_colon> -> <http://blulab.chpc.utah.edu/ontologies/schema/endo/colonoscopyQuality.owl#Hepatic_flexure_of_colon>, <http://blulab.chpc.utah.edu/ontologies/v2/ConText.owl#Lexicon> -> <http://blulab.chpc.utah.edu/ontologies/v2/ConText.owl#Modifier> -> <http://blulab.chpc.utah.edu/ontologies/v2/ConText.owl#SemanticModifier> -> <http://blulab.chpc.utah.edu/ontologies/v2/ConText.owl#BodySite> -> <http://blulab.chpc.utah.edu/ontologies/schema/endo/colonoscopyQuality.owl#Colon_structure> -> <http://blulab.chpc.utah.edu/ontologies/schema/endo/colonoscopyQuality.owl#Region_of_colon> -> <http://blulab.chpc.utah.edu/ontologies/schema/endo/colonoscopyQuality.owl#Transverse_colon> -> <http://blulab.chpc.utah.edu/ontologies/schema/endo/colonoscopyQuality.owl#Left_colic_flexure> -> <http://blulab.chpc.utah.edu/ontologies/schema/endo/colonoscopyQuality.owl#Entire_transverse_colon> -> <http://blulab.chpc.utah.edu/ontologies/schema/endo/colonoscopyQuality.owl#Hepatic_flexure_of_colon>, <http://blulab.chpc.utah.edu/ontologies/v2/ConText.owl#Lexicon> -> <http://blulab.chpc.utah.edu/ontologies/v2/ConText.owl#Modifier> -> <http://blulab.chpc.utah.edu/ontologies/v2/ConText.owl#SemanticModifier> -> <http://blulab.chpc.utah.edu/ontologies/v2/ConText.owl#BodySite> -> <http://blulab.chpc.utah.edu/ontologies/schema/endo/colonoscopyQuality.owl#Colon_structure> -> <http://blulab.chpc.utah.edu/ontologies/schema/endo/colonoscopyQuality.owl#Transverse_colon> -> <http://blulab.chpc.utah.edu/ontologies/schema/endo/colonoscopyQuality.owl#Left_colic_flexure> -> <http://blulab.chpc.utah.edu/ontologies/schema/endo/colonoscopyQuality.owl#Entire_transverse_colon> -> <http://blulab.chpc.utah.edu/ontologies/schema/endo/colonoscopyQuality.owl#Hepatic_flexure_of_colon>, <http://blulab.chpc.utah.edu/ontologies/v2/ConText.owl#Lexicon> -> <http://blulab.chpc.utah.edu/ontologies/v2/ConText.owl#Modifier> -> <http://blulab.chpc.utah.edu/ontologies/v2/ConText.owl#SemanticModifier> -> <http://blulab.chpc.utah.edu/ontologies/v2/ConText.owl#BodySite> -> <http://blulab.chpc.utah.edu/ontologies/schema/endo/colonoscopyQuality.owl#Colon_structure> -> <http://blulab.chpc.utah.edu/ontologies/schema/endo/colonoscopyQuality.owl#Left_colon> -> <http://blulab.chpc.utah.edu/ontologies/schema/endo/colonoscopyQuality.owl#Entire_left_colon> -> <http://blulab.chpc.utah.edu/ontologies/schema/endo/colonoscopyQuality.owl#Descending_colon> -> <http://blulab.chpc.utah.edu/ontologies/schema/endo/colonoscopyQuality.owl#Left_colic_flexure> -> <http://blulab.chpc.utah.edu/ontologies/schema/endo/colonoscopyQuality.owl#Entire_transverse_colon> -> <http://blulab.chpc.utah.edu/ontologies/schema/endo/colonoscopyQuality.owl#Hepatic_flexure_of_colon>, <http://blulab.chpc.utah.edu/ontologies/v2/ConText.owl#Lexicon> -> <http://blulab.chpc.utah.edu/ontologies/v2/ConText.owl#Modifier> -> <http://blulab.chpc.utah.edu/ontologies/v2/ConText.owl#SemanticModifier> -> <http://blulab.chpc.utah.edu/ontologies/v2/ConText.owl#BodySite> -> <http://blulab.chpc.utah.edu/ontologies/schema/endo/colonoscopyQuality.owl#Colon_structure> -> <http://blulab.chpc.utah.edu/ontologies/schema/endo/colonoscopyQuality.owl#Entire_colon> -> <http://blulab.chpc.utah.edu/ontologies/schema/endo/colonoscopyQuality.owl#Left_colon> -> <http://blulab.chpc.utah.edu/ontologies/schema/endo/colonoscopyQuality.owl#Entire_left_colon> -> <http://blulab.chpc.utah.edu/ontologies/schema/endo/colonoscopyQuality.owl#Descending_colon> -> <http://blulab.chpc.utah.edu/ontologies/schema/endo/colonoscopyQuality.owl#Left_colic_flexure> -> <http://blulab.chpc.utah.edu/ontologies/schema/endo/colonoscopyQuality.owl#Entire_transverse_colon> -> <http://blulab.chpc.utah.edu/ontologies/schema/endo/colonoscopyQuality.owl#Hepatic_flexure_of_colon>, <http://blulab.chpc.utah.edu/ontologies/v2/ConText.owl#Lexicon> -> <http://blulab.chpc.utah.edu/ontologies/v2/ConText.owl#Modifier> -> <http://blulab.chpc.utah.edu/ontologies/v2/ConText.owl#SemanticModifier> -> <http://blulab.chpc.utah.edu/ontologies/v2/ConText.owl#BodySite> -> <http://blulab.chpc.utah.edu/ontologies/schema/endo/colonoscopyQuality.owl#Colon_structure> -> <http://blulab.chpc.utah.edu/ontologies/schema/endo/colonoscopyQuality.owl#Entire_colon> -> <http://blulab.chpc.utah.edu/ontologies/schema/endo/colonoscopyQuality.owl#Left_colon> -> <http://blulab.chpc.utah.edu/ontologies/schema/endo/colonoscopyQuality.owl#Descending_colon> -> <http://blulab.chpc.utah.edu/ontologies/schema/endo/colonoscopyQuality.owl#Left_colic_flexure> -> <http://blulab.chpc.utah.edu/ontologies/schema/endo/colonoscopyQuality.owl#Entire_transverse_colon> -> <http://blulab.chpc.utah.edu/ontologies/schema/endo/colonoscopyQuality.owl#Hepatic_flexure_of_colon>, <http://blulab.chpc.utah.edu/ontologies/v2/ConText.owl#Lexicon> -> <http://blulab.chpc.utah.edu/ontologies/v2/ConText.owl#Modifier> -> <http://blulab.chpc.utah.edu/ontologies/v2/ConText.owl#SemanticModifier> -> <http://blulab.chpc.utah.edu/ontologies/v2/ConText.owl#BodySite> -> <http://blulab.chpc.utah.edu/ontologies/schema/endo/colonoscopyQuality.owl#Colon_structure> -> <http://blulab.chpc.utah.edu/ontologies/schema/endo/colonoscopyQuality.owl#Left_colon> -> <http://blulab.chpc.utah.edu/ontologies/schema/endo/colonoscopyQuality.owl#Descending_colon> -> <http://blulab.chpc.utah.edu/ontologies/schema/endo/colonoscopyQuality.owl#Left_colic_flexure> -> <http://blulab.chpc.utah.edu/ontologies/schema/endo/colonoscopyQuality.owl#Entire_transverse_colon> -> <http://blulab.chpc.utah.edu/ontologies/schema/endo/colonoscopyQuality.owl#Hepatic_flexure_of_colon>, <http://blulab.chpc.utah.edu/ontologies/v2/ConText.owl#Lexicon> -> <http://blulab.chpc.utah.edu/ontologies/v2/ConText.owl#Modifier> -> <http://blulab.chpc.utah.edu/ontologies/v2/ConText.owl#SemanticModifier> -> <http://blulab.chpc.utah.edu/ontologies/v2/ConText.owl#BodySite> -> <http://blulab.chpc.utah.edu/ontologies/schema/endo/colonoscopyQuality.owl#Colon_structure> -> <http://blulab.chpc.utah.edu/ontologies/schema/endo/colonoscopyQuality.owl#Region_of_colon> -> <http://blulab.chpc.utah.edu/ontologies/schema/endo/colonoscopyQuality.owl#Descending_colon> -> <http://blulab.chpc.utah.edu/ontologies/schema/endo/colonoscopyQuality.owl#Left_colic_flexure> -> <http://blulab.chpc.utah.edu/ontologies/schema/endo/colonoscopyQuality.owl#Entire_transverse_colon> -> <http://blulab.chpc.utah.edu/ontologies/schema/endo/colonoscopyQuality.owl#Hepatic_flexure_of_colon>, <http://blulab.chpc.utah.edu/ontologies/v2/ConText.owl#Lexicon> -> <http://blulab.chpc.utah.edu/ontologies/v2/ConText.owl#Modifier> -> <http://blulab.chpc.utah.edu/ontologies/v2/ConText.owl#SemanticModifier> -> <http://blulab.chpc.utah.edu/ontologies/v2/ConText.owl#BodySite> -> <http://blulab.chpc.utah.edu/ontologies/schema/endo/colonoscopyQuality.owl#Colon_structure> -> <http://blulab.chpc.utah.edu/ontologies/schema/endo/colonoscopyQuality.owl#Region_of_colon> -> <http://blulab.chpc.utah.edu/ontologies/schema/endo/colonoscopyQuality.owl#Structure_of_colic_flexure> -> <http://blulab.chpc.utah.edu/ontologies/schema/endo/colonoscopyQuality.owl#Hepatic_flexure_of_colon>, <http://blulab.chpc.utah.edu/ontologies/v2/ConText.owl#Lexicon> -> <http://blulab.chpc.utah.edu/ontologies/v2/ConText.owl#Modifier> -> <http://blulab.chpc.utah.edu/ontologies/v2/ConText.owl#SemanticModifier> -> <http://blulab.chpc.utah.edu/ontologies/v2/ConText.owl#BodySite> -> <http://blulab.chpc.utah.edu/ontologies/schema/endo/colonoscopyQuality.owl#Colon_structure> -> <http://blulab.chpc.utah.edu/ontologies/schema/endo/colonoscopyQuality.owl#Entire_colon> -> <http://blulab.chpc.utah.edu/ontologies/schema/endo/colonoscopyQuality.owl#Structure_of_colic_flexure> -> <http://blulab.chpc.utah.edu/ontologies/schema/endo/colonoscopyQuality.owl#Hepatic_flexure_of_colon>, <http://blulab.chpc.utah.edu/ontologies/v2/ConText.owl#Lexicon> -> <http://blulab.chpc.utah.edu/ontologies/v2/ConText.owl#Modifier> -> <http://blulab.chpc.utah.edu/ontologies/v2/ConText.owl#SemanticModifier> -> <http://blulab.chpc.utah.edu/ontologies/v2/ConText.owl#BodySite> -> <http://blulab.chpc.utah.edu/ontologies/schema/endo/colonoscopyQuality.owl#Colon_structure> -> <http://blulab.chpc.utah.edu/ontologies/schema/endo/colonoscopyQuality.owl#Entire_colon> -> <http://blulab.chpc.utah.edu/ontologies/schema/endo/colonoscopyQuality.owl#Transverse_colon> -> <http://blulab.chpc.utah.edu/ontologies/schema/endo/colonoscopyQuality.owl#Hepatic_flexure_of_colon>, <http://blulab.chpc.utah.edu/ontologies/v2/ConText.owl#Lexicon> -> <http://blulab.chpc.utah.edu/ontologies/v2/ConText.owl#Modifier> -> <http://blulab.chpc.utah.edu/ontologies/v2/ConText.owl#SemanticModifier> -> <http://blulab.chpc.utah.edu/ontologies/v2/ConText.owl#BodySite> -> <http://blulab.chpc.utah.edu/ontologies/schema/endo/colonoscopyQuality.owl#Colon_structure> -> <http://blulab.chpc.utah.edu/ontologies/schema/endo/colonoscopyQuality.owl#Region_of_colon> -> <http://blulab.chpc.utah.edu/ontologies/schema/endo/colonoscopyQuality.owl#Transverse_colon> -> <http://blulab.chpc.utah.edu/ontologies/schema/endo/colonoscopyQuality.owl#Hepatic_flexure_of_colon>, <http://blulab.chpc.utah.edu/ontologies/v2/ConText.owl#Lexicon> -> <http://blulab.chpc.utah.edu/ontologies/v2/ConText.owl#Modifier> -> <http://blulab.chpc.utah.edu/ontologies/v2/ConText.owl#SemanticModifier> -> <http://blulab.chpc.utah.edu/ontologies/v2/ConText.owl#BodySite> -> <http://blulab.chpc.utah.edu/ontologies/schema/endo/colonoscopyQuality.owl#Colon_structure> -> <http://blulab.chpc.utah.edu/ontologies/schema/endo/colonoscopyQuality.owl#Transverse_colon> -> <http://blulab.chpc.utah.edu/ontologies/schema/endo/colonoscopyQuality.owl#Hepatic_flexure_of_colon>, <http://blulab.chpc.utah.edu/ontologies/v2/ConText.owl#Lexicon> -> <http://blulab.chpc.utah.edu/ontologies/v2/ConText.owl#Modifier> -> <http://blulab.chpc.utah.edu/ontologies/v2/ConText.owl#SemanticModifier> -> <http://blulab.chpc.utah.edu/ontologies/v2/ConText.owl#BodySite> -> <http://blulab.chpc.utah.edu/ontologies/schema/endo/colonoscopyQuality.owl#Colon_structure> -> <http://blulab.chpc.utah.edu/ontologies/schema/endo/colonoscopyQuality.owl#Entire_colon> -> <http://blulab.chpc.utah.edu/ontologies/schema/endo/colonoscopyQuality.owl#Right_colon> -> <http://blulab.chpc.utah.edu/ontologies/schema/endo/colonoscopyQuality.owl#Entire_right_colon> -> <http://blulab.chpc.utah.edu/ontologies/schema/endo/colonoscopyQuality.owl#Ascending_colon> -> <http://blulab.chpc.utah.edu/ontologies/schema/endo/colonoscopyQuality.owl#Hepatic_flexure_of_colon>, <http://blulab.chpc.utah.edu/ontologies/v2/ConText.owl#Lexicon> -> <http://blulab.chpc.utah.edu/ontologies/v2/ConText.owl#Modifier> -> <http://blulab.chpc.utah.edu/ontologies/v2/ConText.owl#SemanticModifier> -> <http://blulab.chpc.utah.edu/ontologies/v2/ConText.owl#BodySite> -> <http://blulab.chpc.utah.edu/ontologies/schema/endo/colonoscopyQuality.owl#Colon_structure> -> <http://blulab.chpc.utah.edu/ontologies/schema/endo/colonoscopyQuality.owl#Entire_colon> -> <http://blulab.chpc.utah.edu/ontologies/schema/endo/colonoscopyQuality.owl#Entire_right_colon> -> <http://blulab.chpc.utah.edu/ontologies/schema/endo/colonoscopyQuality.owl#Ascending_colon> -> <http://blulab.chpc.utah.edu/ontologies/schema/endo/colonoscopyQuality.owl#Hepatic_flexure_of_colon>, <http://blulab.chpc.utah.edu/ontologies/v2/ConText.owl#Lexicon> -> <http://blulab.chpc.utah.edu/ontologies/v2/ConText.owl#Modifier> -> <http://blulab.chpc.utah.edu/ontologies/v2/ConText.owl#SemanticModifier> -> <http://blulab.chpc.utah.edu/ontologies/v2/ConText.owl#BodySite> -> <http://blulab.chpc.utah.edu/ontologies/schema/endo/colonoscopyQuality.owl#Colon_structure> -> <http://blulab.chpc.utah.edu/ontologies/schema/endo/colonoscopyQuality.owl#Region_of_colon> -> <http://blulab.chpc.utah.edu/ontologies/schema/endo/colonoscopyQuality.owl#Ascending_colon> -> <http://blulab.chpc.utah.edu/ontologies/schema/endo/colonoscopyQuality.owl#Hepatic_flexure_of_colon>, <http://blulab.chpc.utah.edu/ontologies/v2/ConText.owl#Lexicon> -> <http://blulab.chpc.utah.edu/ontologies/v2/ConText.owl#Modifier> -> <http://blulab.chpc.utah.edu/ontologies/v2/ConText.owl#SemanticModifier> -> <http://blulab.chpc.utah.edu/ontologies/v2/ConText.owl#BodySite> -> <http://blulab.chpc.utah.edu/ontologies/schema/endo/colonoscopyQuality.owl#Colon_structure> -> <http://blulab.chpc.utah.edu/ontologies/schema/endo/colonoscopyQuality.owl#Entire_colon> -> <http://blulab.chpc.utah.edu/ontologies/schema/endo/colonoscopyQuality.owl#Right_colon> -> <http://blulab.chpc.utah.edu/ontologies/schema/endo/colonoscopyQuality.owl#Ascending_colon> -> <http://blulab.chpc.utah.edu/ontologies/schema/endo/colonoscopyQuality.owl#Hepatic_flexure_of_colon>]]

	Modifier: Hepatic_flexure_of_colon, uri=http://blulab.chpc.utah.edu/ontologies/schema/endo/colonoscopyQuality.owl#Hepatic_flexure_of_colon, type= Semantic, classPath= [<http://blulab.chpc.utah.edu/ontologies/v2/ConText.owl#Lexicon> -> <http://blulab.chpc.utah.edu/ontologies/v2/ConText.owl#Modifier> -> <http://blulab.chpc.utah.edu/ontologies/v2/ConText.owl#SemanticModifier> -> <http://blulab.chpc.utah.edu/ontologies/v2/ConText.owl#BodySite> -> <http://blulab.chpc.utah.edu/ontologies/schema/endo/colonoscopyQuality.owl#Colon_structure> -> <http://blulab.chpc.utah.edu/ontologies/schema/endo/colonoscopyQuality.owl#Ascending_colon> -> <http://blulab.chpc.utah.edu/ontologies/schema/endo/colonoscopyQuality.owl#Hepatic_flexure_of_colon>, <http://blulab.chpc.utah.edu/ontologies/v2/ConText.owl#Lexicon> -> <http://blulab.chpc.utah.edu/ontologies/v2/ConText.owl#Modifier> -> <http://blulab.chpc.utah.edu/ontologies/v2/ConText.owl#SemanticModifier> -> <http://blulab.chpc.utah.edu/ontologies/v2/ConText.owl#BodySite> -> <http://blulab.chpc.utah.edu/ontologies/schema/endo/colonoscopyQuality.owl#Colon_structure> -> <http://blulab.chpc.utah.edu/ontologies/schema/endo/colonoscopyQuality.owl#Ascending_colon> -> <http://blulab.chpc.utah.edu/ontologies/schema/endo/colonoscopyQuality.owl#Entire_ascending_colon> -> <http://blulab.chpc.utah.edu/ontologies/schema/endo/colonoscopyQuality.owl#Hepatic_flexure_of_colon>, <http://blulab.chpc.utah.edu/ontologies/v2/ConText.owl#Lexicon> -> <http://blulab.chpc.utah.edu/ontologies/v2/ConText.owl#Modifier> -> <http://blulab.chpc.utah.edu/ontologies/v2/ConText.owl#SemanticModifier> -> <http://blulab.chpc.utah.edu/ontologies/v2/ConText.owl#BodySite> -> <http://blulab.chpc.utah.edu/ontologies/schema/endo/colonoscopyQuality.owl#Colon_structure> -> <http://blulab.chpc.utah.edu/ontologies/schema/endo/colonoscopyQuality.owl#Entire_colon> -> <http://blulab.chpc.utah.edu/ontologies/schema/endo/colonoscopyQuality.owl#Right_colon> -> <http://blulab.chpc.utah.edu/ontologies/schema/endo/colonoscopyQuality.owl#Entire_right_colon> -> <http://blulab.chpc.utah.edu/ontologies/schema/endo/colonoscopyQuality.owl#Ascending_colon> -> <http://blulab.chpc.utah.edu/ontologies/schema/endo/colonoscopyQuality.owl#Entire_ascending_colon> -> <http://blulab.chpc.utah.edu/ontologies/schema/endo/colonoscopyQuality.owl#Hepatic_flexure_of_colon>, <http://blulab.chpc.utah.edu/ontologies/v2/ConText.owl#Lexicon> -> <http://blulab.chpc.utah.edu/ontologies/v2/ConText.owl#Modifier> -> <http://blulab.chpc.utah.edu/ontologies/v2/ConText.owl#SemanticModifier> -> <http://blulab.chpc.utah.edu/ontologies/v2/ConText.owl#BodySite> -> <http://blulab.chpc.utah.edu/ontologies/schema/endo/colonoscopyQuality.owl#Colon_structure> -> <http://blulab.chpc.utah.edu/ontologies/schema/endo/colonoscopyQuality.owl#Entire_colon> -> <http://blulab.chpc.utah.edu/ontologies/schema/endo/colonoscopyQuality.owl#Entire_right_colon> -> <http://blulab.chpc.utah.edu/ontologies/schema/endo/colonoscopyQuality.owl#Ascending_colon> -> <http://blulab.chpc.utah.edu/ontologies/schema/endo/colonoscopyQuality.owl#Entire_ascending_colon> -> <http://blulab.chpc.utah.edu/ontologies/schema/endo/colonoscopyQuality.owl#Hepatic_flexure_of_colon>, <http://blulab.chpc.utah.edu/ontologies/v2/ConText.owl#Lexicon> -> <http://blulab.chpc.utah.edu/ontologies/v2/ConText.owl#Modifier> -> <http://blulab.chpc.utah.edu/ontologies/v2/ConText.owl#SemanticModifier> -> <http://blulab.chpc.utah.edu/ontologies/v2/ConText.owl#BodySite> -> <http://blulab.chpc.utah.edu/ontologies/schema/endo/colonoscopyQuality.owl#Colon_structure> -> <http://blulab.chpc.utah.edu/ontologies/schema/endo/colonoscopyQuality.owl#Region_of_colon> -> <http://blulab.chpc.utah.edu/ontologies/schema/endo/colonoscopyQuality.owl#Ascending_colon> -> <http://blulab.chpc.utah.edu/ontologies/schema/endo/colonoscopyQuality.owl#Entire_ascending_colon> -> <http://blulab.chpc.utah.edu/ontologies/schema/endo/colonoscopyQuality.owl#Hepatic_flexure_of_colon>, <http://blulab.chpc.utah.edu/ontologies/v2/ConText.owl#Lexicon> -> <http://blulab.chpc.utah.edu/ontologies/v2/ConText.owl#Modifier> -> <http://blulab.chpc.utah.edu/ontologies/v2/ConText.owl#SemanticModifier> -> <http://blulab.chpc.utah.edu/ontologies/v2/ConText.owl#BodySite> -> <http://blulab.chpc.utah.edu/ontologies/schema/endo/colonoscopyQuality.owl#Colon_structure> -> <http://blulab.chpc.utah.edu/ontologies/schema/endo/colonoscopyQuality.owl#Entire_colon> -> <http://blulab.chpc.utah.edu/ontologies/schema/endo/colonoscopyQuality.owl#Right_colon> -> <http://blulab.chpc.utah.edu/ontologies/schema/endo/colonoscopyQuality.owl#Ascending_colon> -> <http://blulab.chpc.utah.edu/ontologies/schema/endo/colonoscopyQuality.owl#Entire_ascending_colon> -> <http://blulab.chpc.utah.edu/ontologies/schema/endo/colonoscopyQuality.owl#Hepatic_flexure_of_colon>, <http://blulab.chpc.utah.edu/ontologies/v2/ConText.owl#Lexicon> -> <http://blulab.chpc.utah.edu/ontologies/v2/ConText.owl#Modifier> -> <http://blulab.chpc.utah.edu/ontologies/v2/ConText.owl#SemanticModifier> -> <http://blulab.chpc.utah.edu/ontologies/v2/ConText.owl#BodySite> -> <http://blulab.chpc.utah.edu/ontologies/schema/endo/colonoscopyQuality.owl#Colon_structure> -> <http://blulab.chpc.utah.edu/ontologies/schema/endo/colonoscopyQuality.owl#Entire_colon> -> <http://blulab.chpc.utah.edu/ontologies/schema/endo/colonoscopyQuality.owl#Structure_of_colic_flexure> -> <http://blulab.chpc.utah.edu/ontologies/schema/endo/colonoscopyQuality.owl#Entire_colic_flexure> -> <http://blulab.chpc.utah.edu/ontologies/schema/endo/colonoscopyQuality.owl#Hepatic_flexure_of_colon>, <http://blulab.chpc.utah.edu/ontologies/v2/ConText.owl#Lexicon> -> <http://blulab.chpc.utah.edu/ontologies/v2/ConText.owl#Modifier> -> <http://blulab.chpc.utah.edu/ontologies/v2/ConText.owl#SemanticModifier> -> <http://blulab.chpc.utah.edu/ontologies/v2/ConText.owl#BodySite> -> <http://blulab.chpc.utah.edu/ontologies/schema/endo/colonoscopyQuality.owl#Colon_structure> -> <http://blulab.chpc.utah.edu/ontologies/schema/endo/colonoscopyQuality.owl#Region_of_colon> -> <http://blulab.chpc.utah.edu/ontologies/schema/endo/colonoscopyQuality.owl#Structure_of_colic_flexure> -> <http://blulab.chpc.utah.edu/ontologies/schema/endo/colonoscopyQuality.owl#Entire_colic_flexure> -> <http://blulab.chpc.utah.edu/ontologies/schema/endo/colonoscopyQuality.owl#Hepatic_flexure_of_colon>, <http://blulab.chpc.utah.edu/ontologies/v2/ConText.owl#Lexicon> -> <http://blulab.chpc.utah.edu/ontologies/v2/ConText.owl#Modifier> -> <http://blulab.chpc.utah.edu/ontologies/v2/ConText.owl#SemanticModifier> -> <http://blulab.chpc.utah.edu/ontologies/v2/ConText.owl#BodySite> -> <http://blulab.chpc.utah.edu/ontologies/schema/endo/colonoscopyQuality.owl#Colon_structure> -> <http://blulab.chpc.utah.edu/ontologies/schema/endo/colonoscopyQuality.owl#Descending_colon> -> <http://blulab.chpc.utah.edu/ontologies/schema/endo/colonoscopyQuality.owl#Left_colic_flexure> -> <http://blulab.chpc.utah.edu/ontologies/schema/endo/colonoscopyQuality.owl#Entire_transverse_colon> -> <http://blulab.chpc.utah.edu/ontologies/schema/endo/colonoscopyQuality.owl#Hepatic_flexure_of_colon>, <http://blulab.chpc.utah.edu/ontologies/v2/ConText.owl#Lexicon> -> <http://blulab.chpc.utah.edu/ontologies/v2/ConText.owl#Modifier> -> <http://blulab.chpc.utah.edu/ontologies/v2/ConText.owl#SemanticModifier> -> <http://blulab.chpc.utah.edu/ontologies/v2/ConText.owl#BodySite> -> <http://blulab.chpc.utah.edu/ontologies/schema/endo/colonoscopyQuality.owl#Colon_structure> -> <http://blulab.chpc.utah.edu/ontologies/schema/endo/colonoscopyQuality.owl#Descending_colon> -> <http://blulab.chpc.utah.edu/ontologies/schema/endo/colonoscopyQuality.owl#Entire_descending_colon> -> <http://blulab.chpc.utah.edu/ontologies/schema/endo/colonoscopyQuality.owl#Left_colic_flexure> -> <http://blulab.chpc.utah.edu/ontologies/schema/endo/colonoscopyQuality.owl#Entire_transverse_colon> -> <http://blulab.chpc.utah.edu/ontologies/schema/endo/colonoscopyQuality.owl#Hepatic_flexure_of_colon>, <http://blulab.chpc.utah.edu/ontologies/v2/ConText.owl#Lexicon> -> <http://blulab.chpc.utah.edu/ontologies/v2/ConText.owl#Modifier> -> <http://blulab.chpc.utah.edu/ontologies/v2/ConText.owl#SemanticModifier> -> <http://blulab.chpc.utah.edu/ontologies/v2/ConText.owl#BodySite> -> <http://blulab.chpc.utah.edu/ontologies/schema/endo/colonoscopyQuality.owl#Colon_structure> -> <http://blulab.chpc.utah.edu/ontologies/schema/endo/colonoscopyQuality.owl#Left_colon> -> <http://blulab.chpc.utah.edu/ontologies/schema/endo/colonoscopyQuality.owl#Entire_left_colon> -> <http://blulab.chpc.utah.edu/ontologies/schema/endo/colonoscopyQuality.owl#Descending_colon> -> <http://blulab.chpc.utah.edu/ontologies/schema/endo/colonoscopyQuality.owl#Entire_descending_colon> -> <http://blulab.chpc.utah.edu/ontologies/schema/endo/colonoscopyQuality.owl#Left_colic_flexure> -> <http://blulab.chpc.utah.edu/ontologies/schema/endo/colonoscopyQuality.owl#Entire_transverse_colon> -> <http://blulab.chpc.utah.edu/ontologies/schema/endo/colonoscopyQuality.owl#Hepatic_flexure_of_colon>, <http://blulab.chpc.utah.edu/ontologies/v2/ConText.owl#Lexicon> -> <http://blulab.chpc.utah.edu/ontologies/v2/ConText.owl#Modifier> -> <http://blulab.chpc.utah.edu/ontologies/v2/ConText.owl#SemanticModifier> -> <http://blulab.chpc.utah.edu/ontologies/v2/ConText.owl#BodySite> -> <http://blulab.chpc.utah.edu/ontologies/schema/endo/colonoscopyQuality.owl#Colon_structure> -> <http://blulab.chpc.utah.edu/ontologies/schema/endo/colonoscopyQuality.owl#Entire_colon> -> <http://blulab.chpc.utah.edu/ontologies/schema/endo/colonoscopyQuality.owl#Left_colon> -> <http://blulab.chpc.utah.edu/ontologies/schema/endo/colonoscopyQuality.owl#Entire_left_colon> -> <http://blulab.chpc.utah.edu/ontologies/schema/endo/colonoscopyQuality.owl#Descending_colon> -> <http://blulab.chpc.utah.edu/ontologies/schema/endo/colonoscopyQuality.owl#Entire_descending_colon> -> <http://blulab.chpc.utah.edu/ontologies/schema/endo/colonoscopyQuality.owl#Left_colic_flexure> -> <http://blulab.chpc.utah.edu/ontologies/schema/endo/colonoscopyQuality.owl#Entire_transverse_colon> -> <http://blulab.chpc.utah.edu/ontologies/schema/endo/colonoscopyQuality.owl#Hepatic_flexure_of_colon>, <http://blulab.chpc.utah.edu/ontologies/v2/ConText.owl#Lexicon> -> <http://blulab.chpc.utah.edu/ontologies/v2/ConText.owl#Modifier> -> <http://blulab.chpc.utah.edu/ontologies/v2/ConText.owl#SemanticModifier> -> <http://blulab.chpc.utah.edu/ontologies/v2/ConText.owl#BodySite> -> <http://blulab.chpc.utah.edu/ontologies/schema/endo/colonoscopyQuality.owl#Colon_structure> -> <http://blulab.chpc.utah.edu/ontologies/schema/endo/colonoscopyQuality.owl#Entire_colon> -> <http://blulab.chpc.utah.edu/ontologies/schema/endo/colonoscopyQuality.owl#Left_colon> -> <http://blulab.chpc.utah.edu/ontologies/schema/endo/colonoscopyQuality.owl#Descending_colon> -> <http://blulab.chpc.utah.edu/ontologies/schema/endo/colonoscopyQuality.owl#Entire_descending_colon> -> <http://blulab.chpc.utah.edu/ontologies/schema/endo/colonoscopyQuality.owl#Left_colic_flexure> -> <http://blulab.chpc.utah.edu/ontologies/schema/endo/colonoscopyQuality.owl#Entire_transverse_colon> -> <http://blulab.chpc.utah.edu/ontologies/schema/endo/colonoscopyQuality.owl#Hepatic_flexure_of_colon>, <http://blulab.chpc.utah.edu/ontologies/v2/ConText.owl#Lexicon> -> <http://blulab.chpc.utah.edu/ontologies/v2/ConText.owl#Modifier> -> <http://blulab.chpc.utah.edu/ontologies/v2/ConText.owl#SemanticModifier> -> <http://blulab.chpc.utah.edu/ontologies/v2/ConText.owl#BodySite> -> <http://blulab.chpc.utah.edu/ontologies/schema/endo/colonoscopyQuality.owl#Colon_structure> -> <http://blulab.chpc.utah.edu/ontologies/schema/endo/colonoscopyQuality.owl#Left_colon> -> <http://blulab.chpc.utah.edu/ontologies/schema/endo/colonoscopyQuality.owl#Descending_colon> -> <http://blulab.chpc.utah.edu/ontologies/schema/endo/colonoscopyQuality.owl#Entire_descending_colon> -> <http://blulab.chpc.utah.edu/ontologies/schema/endo/colonoscopyQuality.owl#Left_colic_flexure> -> <http://blulab.chpc.utah.edu/ontologies/schema/endo/colonoscopyQuality.owl#Entire_transverse_colon> -> <http://blulab.chpc.utah.edu/ontologies/schema/endo/colonoscopyQuality.owl#Hepatic_flexure_of_colon>, <http://blulab.chpc.utah.edu/ontologies/v2/ConText.owl#Lexicon> -> <http://blulab.chpc.utah.edu/ontologies/v2/ConText.owl#Modifier> -> <http://blulab.chpc.utah.edu/ontologies/v2/ConText.owl#SemanticModifier> -> <http://blulab.chpc.utah.edu/ontologies/v2/ConText.owl#BodySite> -> <http://blulab.chpc.utah.edu/ontologies/schema/endo/colonoscopyQuality.owl#Colon_structure> -> <http://blulab.chpc.utah.edu/ontologies/schema/endo/colonoscopyQuality.owl#Region_of_colon> -> <http://blulab.chpc.utah.edu/ontologies/schema/endo/colonoscopyQuality.owl#Descending_colon> -> <http://blulab.chpc.utah.edu/ontologies/schema/endo/colonoscopyQuality.owl#Entire_descending_colon> -> <http://blulab.chpc.utah.edu/ontologies/schema/endo/colonoscopyQuality.owl#Left_colic_flexure> -> <http://blulab.chpc.utah.edu/ontologies/schema/endo/colonoscopyQuality.owl#Entire_transverse_colon> -> <http://blulab.chpc.utah.edu/ontologies/schema/endo/colonoscopyQuality.owl#Hepatic_flexure_of_colon>, <http://blulab.chpc.utah.edu/ontologies/v2/ConText.owl#Lexicon> -> <http://blulab.chpc.utah.edu/ontologies/v2/ConText.owl#Modifier> -> <http://blulab.chpc.utah.edu/ontologies/v2/ConText.owl#SemanticModifier> -> <http://blulab.chpc.utah.edu/ontologies/v2/ConText.owl#BodySite> -> <http://blulab.chpc.utah.edu/ontologies/schema/endo/colonoscopyQuality.owl#Colon_structure> -> <http://blulab.chpc.utah.edu/ontologies/schema/endo/colonoscopyQuality.owl#Region_of_colon> -> <http://blulab.chpc.utah.edu/ontologies/schema/endo/colonoscopyQuality.owl#Structure_of_colic_flexure> -> <http://blulab.chpc.utah.edu/ontologies/schema/endo/colonoscopyQuality.owl#Left_colic_flexure> -> <http://blulab.chpc.utah.edu/ontologies/schema/endo/colonoscopyQuality.owl#Entire_transverse_colon> -> <http://blulab.chpc.utah.edu/ontologies/schema/endo/colonoscopyQuality.owl#Hepatic_flexure_of_colon>, <http://blulab.chpc.utah.edu/ontologies/v2/ConText.owl#Lexicon> -> <http://blulab.chpc.utah.edu/ontologies/v2/ConText.owl#Modifier> -> <http://blulab.chpc.utah.edu/ontologies/v2/ConText.owl#SemanticModifier> -> <http://blulab.chpc.utah.edu/ontologies/v2/ConText.owl#BodySite> -> <http://blulab.chpc.utah.edu/ontologies/schema/endo/colonoscopyQuality.owl#Colon_structure> -> <http://blulab.chpc.utah.edu/ontologies/schema/endo/colonoscopyQuality.owl#Entire_colon> -> <http://blulab.chpc.utah.edu/ontologies/schema/endo/colonoscopyQuality.owl#Structure_of_colic_flexure> -> <http://blulab.chpc.utah.edu/ontologies/schema/endo/colonoscopyQuality.owl#Left_colic_flexure> -> <http://blulab.chpc.utah.edu/ontologies/schema/endo/colonoscopyQuality.owl#Entire_transverse_colon> -> <http://blulab.chpc.utah.edu/ontologies/schema/endo/colonoscopyQuality.owl#Hepatic_flexure_of_colon>, <http://blulab.chpc.utah.edu/ontologies/v2/ConText.owl#Lexicon> -> <http://blulab.chpc.utah.edu/ontologies/v2/ConText.owl#Modifier> -> <http://blulab.chpc.utah.edu/ontologies/v2/ConText.owl#SemanticModifier> -> <http://blulab.chpc.utah.edu/ontologies/v2/ConText.owl#BodySite> -> <http://blulab.chpc.utah.edu/ontologies/schema/endo/colonoscopyQuality.owl#Colon_structure> -> <http://blulab.chpc.utah.edu/ontologies/schema/endo/colonoscopyQuality.owl#Entire_colon> -> <http://blulab.chpc.utah.edu/ontologies/schema/endo/colonoscopyQuality.owl#Transverse_colon> -> <http://blulab.chpc.utah.edu/ontologies/schema/endo/colonoscopyQuality.owl#Left_colic_flexure> -> <http://blulab.chpc.utah.edu/ontologies/schema/endo/colonoscopyQuality.owl#Entire_transverse_colon> -> <http://blulab.chpc.utah.edu/ontologies/schema/endo/colonoscopyQuality.owl#Hepatic_flexure_of_colon>, <http://blulab.chpc.utah.edu/ontologies/v2/ConText.owl#Lexicon> -> <http://blulab.chpc.utah.edu/ontologies/v2/ConText.owl#Modifier> -> <http://blulab.chpc.utah.edu/ontologies/v2/ConText.owl#SemanticModifier> -> <http://blulab.chpc.utah.edu/ontologies/v2/ConText.owl#BodySite> -> <http://blulab.chpc.utah.edu/ontologies/schema/endo/colonoscopyQuality.owl#Colon_structure> -> <http://blulab.chpc.utah.edu/ontologies/schema/endo/colonoscopyQuality.owl#Region_of_colon> -> <http://blulab.chpc.utah.edu/ontologies/schema/endo/colonoscopyQuality.owl#Transverse_colon> -> <http://blulab.chpc.utah.edu/ontologies/schema/endo/colonoscopyQuality.owl#Left_colic_flexure> -> <http://blulab.chpc.utah.edu/ontologies/schema/endo/colonoscopyQuality.owl#Entire_transverse_colon> -> <http://blulab.chpc.utah.edu/ontologies/schema/endo/colonoscopyQuality.owl#Hepatic_flexure_of_colon>, <http://blulab.chpc.utah.edu/ontologies/v2/ConText.owl#Lexicon> -> <http://blulab.chpc.utah.edu/ontologies/v2/ConText.owl#Modifier> -> <http://blulab.chpc.utah.edu/ontologies/v2/ConText.owl#SemanticModifier> -> <http://blulab.chpc.utah.edu/ontologies/v2/ConText.owl#BodySite> -> <http://blulab.chpc.utah.edu/ontologies/schema/endo/colonoscopyQuality.owl#Colon_structure> -> <http://blulab.chpc.utah.edu/ontologies/schema/endo/colonoscopyQuality.owl#Transverse_colon> -> <http://blulab.chpc.utah.edu/ontologies/schema/endo/colonoscopyQuality.owl#Left_colic_flexure> -> <http://blulab.chpc.utah.edu/ontologies/schema/endo/colonoscopyQuality.owl#Entire_transverse_colon> -> <http://blulab.chpc.utah.edu/ontologies/schema/endo/colonoscopyQuality.owl#Hepatic_flexure_of_colon>, <http://blulab.chpc.utah.edu/ontologies/v2/ConText.owl#Lexicon> -> <http://blulab.chpc.utah.edu/ontologies/v2/ConText.owl#Modifier> -> <http://blulab.chpc.utah.edu/ontologies/v2/ConText.owl#SemanticModifier> -> <http://blulab.chpc.utah.edu/ontologies/v2/ConText.owl#BodySite> -> <http://blulab.chpc.utah.edu/ontologies/schema/endo/colonoscopyQuality.owl#Colon_structure> -> <http://blulab.chpc.utah.edu/ontologies/schema/endo/colonoscopyQuality.owl#Left_colon> -> <http://blulab.chpc.utah.edu/ontologies/schema/endo/colonoscopyQuality.owl#Entire_left_colon> -> <http://blulab.chpc.utah.edu/ontologies/schema/endo/colonoscopyQuality.owl#Descending_colon> -> <http://blulab.chpc.utah.edu/ontologies/schema/endo/colonoscopyQuality.owl#Left_colic_flexure> -> <http://blulab.chpc.utah.edu/ontologies/schema/endo/colonoscopyQuality.owl#Entire_transverse_colon> -> <http://blulab.chpc.utah.edu/ontologies/schema/endo/colonoscopyQuality.owl#Hepatic_flexure_of_colon>, <http://blulab.chpc.utah.edu/ontologies/v2/ConText.owl#Lexicon> -> <http://blulab.chpc.utah.edu/ontologies/v2/ConText.owl#Modifier> -> <http://blulab.chpc.utah.edu/ontologies/v2/ConText.owl#SemanticModifier> -> <http://blulab.chpc.utah.edu/ontologies/v2/ConText.owl#BodySite> -> <http://blulab.chpc.utah.edu/ontologies/schema/endo/colonoscopyQuality.owl#Colon_structure> -> <http://blulab.chpc.utah.edu/ontologies/schema/endo/colonoscopyQuality.owl#Entire_colon> -> <http://blulab.chpc.utah.edu/ontologies/schema/endo/colonoscopyQuality.owl#Left_colon> -> <http://blulab.chpc.utah.edu/ontologies/schema/endo/colonoscopyQuality.owl#Entire_left_colon> -> <http://blulab.chpc.utah.edu/ontologies/schema/endo/colonoscopyQuality.owl#Descending_colon> -> <http://blulab.chpc.utah.edu/ontologies/schema/endo/colonoscopyQuality.owl#Left_colic_flexure> -> <http://blulab.chpc.utah.edu/ontologies/schema/endo/colonoscopyQuality.owl#Entire_transverse_colon> -> <http://blulab.chpc.utah.edu/ontologies/schema/endo/colonoscopyQuality.owl#Hepatic_flexure_of_colon>, <http://blulab.chpc.utah.edu/ontologies/v2/ConText.owl#Lexicon> -> <http://blulab.chpc.utah.edu/ontologies/v2/ConText.owl#Modifier> -> <http://blulab.chpc.utah.edu/ontologies/v2/ConText.owl#SemanticModifier> -> <http://blulab.chpc.utah.edu/ontologies/v2/ConText.owl#BodySite> -> <http://blulab.chpc.utah.edu/ontologies/schema/endo/colonoscopyQuality.owl#Colon_structure> -> <http://blulab.chpc.utah.edu/ontologies/schema/endo/colonoscopyQuality.owl#Entire_colon> -> <http://blulab.chpc.utah.edu/ontologies/schema/endo/colonoscopyQuality.owl#Left_colon> -> <http://blulab.chpc.utah.edu/ontologies/schema/endo/colonoscopyQuality.owl#Descending_colon> -> <http://blulab.chpc.utah.edu/ontologies/schema/endo/colonoscopyQuality.owl#Left_colic_flexure> -> <http://blulab.chpc.utah.edu/ontologies/schema/endo/colonoscopyQuality.owl#Entire_transverse_colon> -> <http://blulab.chpc.utah.edu/ontologies/schema/endo/colonoscopyQuality.owl#Hepatic_flexure_of_colon>, <http://blulab.chpc.utah.edu/ontologies/v2/ConText.owl#Lexicon> -> <http://blulab.chpc.utah.edu/ontologies/v2/ConText.owl#Modifier> -> <http://blulab.chpc.utah.edu/ontologies/v2/ConText.owl#SemanticModifier> -> <http://blulab.chpc.utah.edu/ontologies/v2/ConText.owl#BodySite> -> <http://blulab.chpc.utah.edu/ontologies/schema/endo/colonoscopyQuality.owl#Colon_structure> -> <http://blulab.chpc.utah.edu/ontologies/schema/endo/colonoscopyQuality.owl#Left_colon> -> <http://blulab.chpc.utah.edu/ontologies/schema/endo/colonoscopyQuality.owl#Descending_colon> -> <http://blulab.chpc.utah.edu/ontologies/schema/endo/colonoscopyQuality.owl#Left_colic_flexure> -> <http://blulab.chpc.utah.edu/ontologies/schema/endo/colonoscopyQuality.owl#Entire_transverse_colon> -> <http://blulab.chpc.utah.edu/ontologies/schema/endo/colonoscopyQuality.owl#Hepatic_flexure_of_colon>, <http://blulab.chpc.utah.edu/ontologies/v2/ConText.owl#Lexicon> -> <http://blulab.chpc.utah.edu/ontologies/v2/ConText.owl#Modifier> -> <http://blulab.chpc.utah.edu/ontologies/v2/ConText.owl#SemanticModifier> -> <http://blulab.chpc.utah.edu/ontologies/v2/ConText.owl#BodySite> -> <http://blulab.chpc.utah.edu/ontologies/schema/endo/colonoscopyQuality.owl#Colon_structure> -> <http://blulab.chpc.utah.edu/ontologies/schema/endo/colonoscopyQuality.owl#Region_of_colon> -> <http://blulab.chpc.utah.edu/ontologies/schema/endo/colonoscopyQuality.owl#Descending_colon> -> <http://blulab.chpc.utah.edu/ontologies/schema/endo/colonoscopyQuality.owl#Left_colic_flexure> -> <http://blulab.chpc.utah.edu/ontologies/schema/endo/colonoscopyQuality.owl#Entire_transverse_colon> -> <http://blulab.chpc.utah.edu/ontologies/schema/endo/colonoscopyQuality.owl#Hepatic_flexure_of_colon>, <http://blulab.chpc.utah.edu/ontologies/v2/ConText.owl#Lexicon> -> <http://blulab.chpc.utah.edu/ontologies/v2/ConText.owl#Modifier> -> <http://blulab.chpc.utah.edu/ontologies/v2/ConText.owl#SemanticModifier> -> <http://blulab.chpc.utah.edu/ontologies/v2/ConText.owl#BodySite> -> <http://blulab.chpc.utah.edu/ontologies/schema/endo/colonoscopyQuality.owl#Colon_structure> -> <http://blulab.chpc.utah.edu/ontologies/schema/endo/colonoscopyQuality.owl#Region_of_colon> -> <http://blulab.chpc.utah.edu/ontologies/schema/endo/colonoscopyQuality.owl#Structure_of_colic_flexure> -> <http://blulab.chpc.utah.edu/ontologies/schema/endo/colonoscopyQuality.owl#Hepatic_flexure_of_colon>, <http://blulab.chpc.utah.edu/ontologies/v2/ConText.owl#Lexicon> -> <http://blulab.chpc.utah.edu/ontologies/v2/ConText.owl#Modifier> -> <http://blulab.chpc.utah.edu/ontologies/v2/ConText.owl#SemanticModifier> -> <http://blulab.chpc.utah.edu/ontologies/v2/ConText.owl#BodySite> -> <http://blulab.chpc.utah.edu/ontologies/schema/endo/colonoscopyQuality.owl#Colon_structure> -> <http://blulab.chpc.utah.edu/ontologies/schema/endo/colonoscopyQuality.owl#Entire_colon> -> <http://blulab.chpc.utah.edu/ontologies/schema/endo/colonoscopyQuality.owl#Structure_of_colic_flexure> -> <http://blulab.chpc.utah.edu/ontologies/schema/endo/colonoscopyQuality.owl#Hepatic_flexure_of_colon>, <http://blulab.chpc.utah.edu/ontologies/v2/ConText.owl#Lexicon> -> <http://blulab.chpc.utah.edu/ontologies/v2/ConText.owl#Modifier> -> <http://blulab.chpc.utah.edu/ontologies/v2/ConText.owl#SemanticModifier> -> <http://blulab.chpc.utah.edu/ontologies/v2/ConText.owl#BodySite> -> <http://blulab.chpc.utah.edu/ontologies/schema/endo/colonoscopyQuality.owl#Colon_structure> -> <http://blulab.chpc.utah.edu/ontologies/schema/endo/colonoscopyQuality.owl#Entire_colon> -> <http://blulab.chpc.utah.edu/ontologies/schema/endo/colonoscopyQuality.owl#Transverse_colon> -> <http://blulab.chpc.utah.edu/ontologies/schema/endo/colonoscopyQuality.owl#Hepatic_flexure_of_colon>, <http://blulab.chpc.utah.edu/ontologies/v2/ConText.owl#Lexicon> -> <http://blulab.chpc.utah.edu/ontologies/v2/ConText.owl#Modifier> -> <http://blulab.chpc.utah.edu/ontologies/v2/ConText.owl#SemanticModifier> -> <http://blulab.chpc.utah.edu/ontologies/v2/ConText.owl#BodySite> -> <http://blulab.chpc.utah.edu/ontologies/schema/endo/colonoscopyQuality.owl#Colon_structure> -> <http://blulab.chpc.utah.edu/ontologies/schema/endo/colonoscopyQuality.owl#Region_of_colon> -> <http://blulab.chpc.utah.edu/ontologies/schema/endo/colonoscopyQuality.owl#Transverse_colon> -> <http://blulab.chpc.utah.edu/ontologies/schema/endo/colonoscopyQuality.owl#Hepatic_flexure_of_colon>, <http://blulab.chpc.utah.edu/ontologies/v2/ConText.owl#Lexicon> -> <http://blulab.chpc.utah.edu/ontologies/v2/ConText.owl#Modifier> -> <http://blulab.chpc.utah.edu/ontologies/v2/ConText.owl#SemanticModifier> -> <http://blulab.chpc.utah.edu/ontologies/v2/ConText.owl#BodySite> -> <http://blulab.chpc.utah.edu/ontologies/schema/endo/colonoscopyQuality.owl#Colon_structure> -> <http://blulab.chpc.utah.edu/ontologies/schema/endo/colonoscopyQuality.owl#Transverse_colon> -> <http://blulab.chpc.utah.edu/ontologies/schema/endo/colonoscopyQuality.owl#Hepatic_flexure_of_colon>, <http://blulab.chpc.utah.edu/ontologies/v2/ConText.owl#Lexicon> -> <http://blulab.chpc.utah.edu/ontologies/v2/ConText.owl#Modifier> -> <http://blulab.chpc.utah.edu/ontologies/v2/ConText.owl#SemanticModifier> -> <http://blulab.chpc.utah.edu/ontologies/v2/ConText.owl#BodySite> -> <http://blulab.chpc.utah.edu/ontologies/schema/endo/colonoscopyQuality.owl#Colon_structure> -> <http://blulab.chpc.utah.edu/ontologies/schema/endo/colonoscopyQuality.owl#Entire_colon> -> <http://blulab.chpc.utah.edu/ontologies/schema/endo/colonoscopyQuality.owl#Right_colon> -> <http://blulab.chpc.utah.edu/ontologies/schema/endo/colonoscopyQuality.owl#Entire_right_colon> -> <http://blulab.chpc.utah.edu/ontologies/schema/endo/colonoscopyQuality.owl#Ascending_colon> -> <http://blulab.chpc.utah.edu/ontologies/schema/endo/colonoscopyQuality.owl#Hepatic_flexure_of_colon>, <http://blulab.chpc.utah.edu/ontologies/v2/ConText.owl#Lexicon> -> <http://blulab.chpc.utah.edu/ontologies/v2/ConText.owl#Modifier> -> <http://blulab.chpc.utah.edu/ontologies/v2/ConText.owl#SemanticModifier> -> <http://blulab.chpc.utah.edu/ontologies/v2/ConText.owl#BodySite> -> <http://blulab.chpc.utah.edu/ontologies/schema/endo/colonoscopyQuality.owl#Colon_structure> -> <http://blulab.chpc.utah.edu/ontologies/schema/endo/colonoscopyQuality.owl#Entire_colon> -> <http://blulab.chpc.utah.edu/ontologies/schema/endo/colonoscopyQuality.owl#Entire_right_colon> -> <http://blulab.chpc.utah.edu/ontologies/schema/endo/colonoscopyQuality.owl#Ascending_colon> -> <http://blulab.chpc.utah.edu/ontologies/schema/endo/colonoscopyQuality.owl#Hepatic_flexure_of_colon>, <http://blulab.chpc.utah.edu/ontologies/v2/ConText.owl#Lexicon> -> <http://blulab.chpc.utah.edu/ontologies/v2/ConText.owl#Modifier> -> <http://blulab.chpc.utah.edu/ontologies/v2/ConText.owl#SemanticModifier> -> <http://blulab.chpc.utah.edu/ontologies/v2/ConText.owl#BodySite> -> <http://blulab.chpc.utah.edu/ontologies/schema/endo/colonoscopyQuality.owl#Colon_structure> -> <http://blulab.chpc.utah.edu/ontologies/schema/endo/colonoscopyQuality.owl#Region_of_colon> -> <http://blulab.chpc.utah.edu/ontologies/schema/endo/colonoscopyQuality.owl#Ascending_colon> -> <http://blulab.chpc.utah.edu/ontologies/schema/endo/colonoscopyQuality.owl#Hepatic_flexure_of_colon>, <http://blulab.chpc.utah.edu/ontologies/v2/ConText.owl#Lexicon> -> <http://blulab.chpc.utah.edu/ontologies/v2/ConText.owl#Modifier> -> <http://blulab.chpc.utah.edu/ontologies/v2/ConText.owl#SemanticModifier> -> <http://blulab.chpc.utah.edu/ontologies/v2/ConText.owl#BodySite> -> <http://blulab.chpc.utah.edu/ontologies/schema/endo/colonoscopyQuality.owl#Colon_structure> -> <http://blulab.chpc.utah.edu/ontologies/schema/endo/colonoscopyQuality.owl#Entire_colon> -> <http://blulab.chpc.utah.edu/ontologies/schema/endo/colonoscopyQuality.owl#Right_colon> -> <http://blulab.chpc.utah.edu/ontologies/schema/endo/colonoscopyQuality.owl#Ascending_colon> -> <http://blulab.chpc.utah.edu/ontologies/schema/endo/colonoscopyQuality.owl#Hepatic_flexure_of_colon>]]

	Modifier: Left_colic_flexure, uri=http://blulab.chpc.utah.edu/ontologies/schema/endo/colonoscopyQuality.owl#Left_colic_flexure, type= Semantic, classPath= [<http://blulab.chpc.utah.edu/ontologies/v2/ConText.owl#Lexicon> -> <http://blulab.chpc.utah.edu/ontologies/v2/ConText.owl#Modifier> -> <http://blulab.chpc.utah.edu/ontologies/v2/ConText.owl#SemanticModifier> -> <http://blulab.chpc.utah.edu/ontologies/v2/ConText.owl#BodySite> -> <http://blulab.chpc.utah.edu/ontologies/schema/endo/colonoscopyQuality.owl#Colon_structure> -> <http://blulab.chpc.utah.edu/ontologies/schema/endo/colonoscopyQuality.owl#Descending_colon> -> <http://blulab.chpc.utah.edu/ontologies/schema/endo/colonoscopyQuality.owl#Left_colic_flexure>, <http://blulab.chpc.utah.edu/ontologies/v2/ConText.owl#Lexicon> -> <http://blulab.chpc.utah.edu/ontologies/v2/ConText.owl#Modifier> -> <http://blulab.chpc.utah.edu/ontologies/v2/ConText.owl#SemanticModifier> -> <http://blulab.chpc.utah.edu/ontologies/v2/ConText.owl#BodySite> -> <http://blulab.chpc.utah.edu/ontologies/schema/endo/colonoscopyQuality.owl#Colon_structure> -> <http://blulab.chpc.utah.edu/ontologies/schema/endo/colonoscopyQuality.owl#Descending_colon> -> <http://blulab.chpc.utah.edu/ontologies/schema/endo/colonoscopyQuality.owl#Entire_descending_colon> -> <http://blulab.chpc.utah.edu/ontologies/schema/endo/colonoscopyQuality.owl#Left_colic_flexure>, <http://blulab.chpc.utah.edu/ontologies/v2/ConText.owl#Lexicon> -> <http://blulab.chpc.utah.edu/ontologies/v2/ConText.owl#Modifier> -> <http://blulab.chpc.utah.edu/ontologies/v2/ConText.owl#SemanticModifier> -> <http://blulab.chpc.utah.edu/ontologies/v2/ConText.owl#BodySite> -> <http://blulab.chpc.utah.edu/ontologies/schema/endo/colonoscopyQuality.owl#Colon_structure> -> <http://blulab.chpc.utah.edu/ontologies/schema/endo/colonoscopyQuality.owl#Left_colon> -> <http://blulab.chpc.utah.edu/ontologies/schema/endo/colonoscopyQuality.owl#Entire_left_colon> -> <http://blulab.chpc.utah.edu/ontologies/schema/endo/colonoscopyQuality.owl#Descending_colon> -> <http://blulab.chpc.utah.edu/ontologies/schema/endo/colonoscopyQuality.owl#Entire_descending_colon> -> <http://blulab.chpc.utah.edu/ontologies/schema/endo/colonoscopyQuality.owl#Left_colic_flexure>, <http://blulab.chpc.utah.edu/ontologies/v2/ConText.owl#Lexicon> -> <http://blulab.chpc.utah.edu/ontologies/v2/ConText.owl#Modifier> -> <http://blulab.chpc.utah.edu/ontologies/v2/ConText.owl#SemanticModifier> -> <http://blulab.chpc.utah.edu/ontologies/v2/ConText.owl#BodySite> -> <http://blulab.chpc.utah.edu/ontologies/schema/endo/colonoscopyQuality.owl#Colon_structure> -> <http://blulab.chpc.utah.edu/ontologies/schema/endo/colonoscopyQuality.owl#Entire_colon> -> <http://blulab.chpc.utah.edu/ontologies/schema/endo/colonoscopyQuality.owl#Left_colon> -> <http://blulab.chpc.utah.edu/ontologies/schema/endo/colonoscopyQuality.owl#Entire_left_colon> -> <http://blulab.chpc.utah.edu/ontologies/schema/endo/colonoscopyQuality.owl#Descending_colon> -> <http://blulab.chpc.utah.edu/ontologies/schema/endo/colonoscopyQuality.owl#Entire_descending_colon> -> <http://blulab.chpc.utah.edu/ontologies/schema/endo/colonoscopyQuality.owl#Left_colic_flexure>, <http://blulab.chpc.utah.edu/ontologies/v2/ConText.owl#Lexicon> -> <http://blulab.chpc.utah.edu/ontologies/v2/ConText.owl#Modifier> -> <http://blulab.chpc.utah.edu/ontologies/v2/ConText.owl#SemanticModifier> -> <http://blulab.chpc.utah.edu/ontologies/v2/ConText.owl#BodySite> -> <http://blulab.chpc.utah.edu/ontologies/schema/endo/colonoscopyQuality.owl#Colon_structure> -> <http://blulab.chpc.utah.edu/ontologies/schema/endo/colonoscopyQuality.owl#Entire_colon> -> <http://blulab.chpc.utah.edu/ontologies/schema/endo/colonoscopyQuality.owl#Left_colon> -> <http://blulab.chpc.utah.edu/ontologies/schema/endo/colonoscopyQuality.owl#Descending_colon> -> <http://blulab.chpc.utah.edu/ontologies/schema/endo/colonoscopyQuality.owl#Entire_descending_colon> -> <http://blulab.chpc.utah.edu/ontologies/schema/endo/colonoscopyQuality.owl#Left_colic_flexure>, <http://blulab.chpc.utah.edu/ontologies/v2/ConText.owl#Lexicon> -> <http://blulab.chpc.utah.edu/ontologies/v2/ConText.owl#Modifier> -> <http://blulab.chpc.utah.edu/ontologies/v2/ConText.owl#SemanticModifier> -> <http://blulab.chpc.utah.edu/ontologies/v2/ConText.owl#BodySite> -> <http://blulab.chpc.utah.edu/ontologies/schema/endo/colonoscopyQuality.owl#Colon_structure> -> <http://blulab.chpc.utah.edu/ontologies/schema/endo/colonoscopyQuality.owl#Left_colon> -> <http://blulab.chpc.utah.edu/ontologies/schema/endo/colonoscopyQuality.owl#Descending_colon> -> <http://blulab.chpc.utah.edu/ontologies/schema/endo/colonoscopyQuality.owl#Entire_descending_colon> -> <http://blulab.chpc.utah.edu/ontologies/schema/endo/colonoscopyQuality.owl#Left_colic_flexure>, <http://blulab.chpc.utah.edu/ontologies/v2/ConText.owl#Lexicon> -> <http://blulab.chpc.utah.edu/ontologies/v2/ConText.owl#Modifier> -> <http://blulab.chpc.utah.edu/ontologies/v2/ConText.owl#SemanticModifier> -> <http://blulab.chpc.utah.edu/ontologies/v2/ConText.owl#BodySite> -> <http://blulab.chpc.utah.edu/ontologies/schema/endo/colonoscopyQuality.owl#Colon_structure> -> <http://blulab.chpc.utah.edu/ontologies/schema/endo/colonoscopyQuality.owl#Region_of_colon> -> <http://blulab.chpc.utah.edu/ontologies/schema/endo/colonoscopyQuality.owl#Descending_colon> -> <http://blulab.chpc.utah.edu/ontologies/schema/endo/colonoscopyQuality.owl#Entire_descending_colon> -> <http://blulab.chpc.utah.edu/ontologies/schema/endo/colonoscopyQuality.owl#Left_colic_flexure>, <http://blulab.chpc.utah.edu/ontologies/v2/ConText.owl#Lexicon> -> <http://blulab.chpc.utah.edu/ontologies/v2/ConText.owl#Modifier> -> <http://blulab.chpc.utah.edu/ontologies/v2/ConText.owl#SemanticModifier> -> <http://blulab.chpc.utah.edu/ontologies/v2/ConText.owl#BodySite> -> <http://blulab.chpc.utah.edu/ontologies/schema/endo/colonoscopyQuality.owl#Colon_structure> -> <http://blulab.chpc.utah.edu/ontologies/schema/endo/colonoscopyQuality.owl#Region_of_colon> -> <http://blulab.chpc.utah.edu/ontologies/schema/endo/colonoscopyQuality.owl#Structure_of_colic_flexure> -> <http://blulab.chpc.utah.edu/ontologies/schema/endo/colonoscopyQuality.owl#Left_colic_flexure>, <http://blulab.chpc.utah.edu/ontologies/v2/ConText.owl#Lexicon> -> <http://blulab.chpc.utah.edu/ontologies/v2/ConText.owl#Modifier> -> <http://blulab.chpc.utah.edu/ontologies/v2/ConText.owl#SemanticModifier> -> <http://blulab.chpc.utah.edu/ontologies/v2/ConText.owl#BodySite> -> <http://blulab.chpc.utah.edu/ontologies/schema/endo/colonoscopyQuality.owl#Colon_structure> -> <http://blulab.chpc.utah.edu/ontologies/schema/endo/colonoscopyQuality.owl#Entire_colon> -> <http://blulab.chpc.utah.edu/ontologies/schema/endo/colonoscopyQuality.owl#Structure_of_colic_flexure> -> <http://blulab.chpc.utah.edu/ontologies/schema/endo/colonoscopyQuality.owl#Left_colic_flexure>, <http://blulab.chpc.utah.edu/ontologies/v2/ConText.owl#Lexicon> -> <http://blulab.chpc.utah.edu/ontologies/v2/ConText.owl#Modifier> -> <http://blulab.chpc.utah.edu/ontologies/v2/ConText.owl#SemanticModifier> -> <http://blulab.chpc.utah.edu/ontologies/v2/ConText.owl#BodySite> -> <http://blulab.chpc.utah.edu/ontologies/schema/endo/colonoscopyQuality.owl#Colon_structure> -> <http://blulab.chpc.utah.edu/ontologies/schema/endo/colonoscopyQuality.owl#Entire_colon> -> <http://blulab.chpc.utah.edu/ontologies/schema/endo/colonoscopyQuality.owl#Transverse_colon> -> <http://blulab.chpc.utah.edu/ontologies/schema/endo/colonoscopyQuality.owl#Left_colic_flexure>, <http://blulab.chpc.utah.edu/ontologies/v2/ConText.owl#Lexicon> -> <http://blulab.chpc.utah.edu/ontologies/v2/ConText.owl#Modifier> -> <http://blulab.chpc.utah.edu/ontologies/v2/ConText.owl#SemanticModifier> -> <http://blulab.chpc.utah.edu/ontologies/v2/ConText.owl#BodySite> -> <http://blulab.chpc.utah.edu/ontologies/schema/endo/colonoscopyQuality.owl#Colon_structure> -> <http://blulab.chpc.utah.edu/ontologies/schema/endo/colonoscopyQuality.owl#Region_of_colon> -> <http://blulab.chpc.utah.edu/ontologies/schema/endo/colonoscopyQuality.owl#Transverse_colon> -> <http://blulab.chpc.utah.edu/ontologies/schema/endo/colonoscopyQuality.owl#Left_colic_flexure>, <http://blulab.chpc.utah.edu/ontologies/v2/ConText.owl#Lexicon> -> <http://blulab.chpc.utah.edu/ontologies/v2/ConText.owl#Modifier> -> <http://blulab.chpc.utah.edu/ontologies/v2/ConText.owl#SemanticModifier> -> <http://blulab.chpc.utah.edu/ontologies/v2/ConText.owl#BodySite> -> <http://blulab.chpc.utah.edu/ontologies/schema/endo/colonoscopyQuality.owl#Colon_structure> -> <http://blulab.chpc.utah.edu/ontologies/schema/endo/colonoscopyQuality.owl#Transverse_colon> -> <http://blulab.chpc.utah.edu/ontologies/schema/endo/colonoscopyQuality.owl#Left_colic_flexure>, <http://blulab.chpc.utah.edu/ontologies/v2/ConText.owl#Lexicon> -> <http://blulab.chpc.utah.edu/ontologies/v2/ConText.owl#Modifier> -> <http://blulab.chpc.utah.edu/ontologies/v2/ConText.owl#SemanticModifier> -> <http://blulab.chpc.utah.edu/ontologies/v2/ConText.owl#BodySite> -> <http://blulab.chpc.utah.edu/ontologies/schema/endo/colonoscopyQuality.owl#Colon_structure> -> <http://blulab.chpc.utah.edu/ontologies/schema/endo/colonoscopyQuality.owl#Left_colon> -> <http://blulab.chpc.utah.edu/ontologies/schema/endo/colonoscopyQuality.owl#Entire_left_colon> -> <http://blulab.chpc.utah.edu/ontologies/schema/endo/colonoscopyQuality.owl#Descending_colon> -> <http://blulab.chpc.utah.edu/ontologies/schema/endo/colonoscopyQuality.owl#Left_colic_flexure>, <http://blulab.chpc.utah.edu/ontologies/v2/ConText.owl#Lexicon> -> <http://blulab.chpc.utah.edu/ontologies/v2/ConText.owl#Modifier> -> <http://blulab.chpc.utah.edu/ontologies/v2/ConText.owl#SemanticModifier> -> <http://blulab.chpc.utah.edu/ontologies/v2/ConText.owl#BodySite> -> <http://blulab.chpc.utah.edu/ontologies/schema/endo/colonoscopyQuality.owl#Colon_structure> -> <http://blulab.chpc.utah.edu/ontologies/schema/endo/colonoscopyQuality.owl#Entire_colon> -> <http://blulab.chpc.utah.edu/ontologies/schema/endo/colonoscopyQuality.owl#Left_colon> -> <http://blulab.chpc.utah.edu/ontologies/schema/endo/colonoscopyQuality.owl#Entire_left_colon> -> <http://blulab.chpc.utah.edu/ontologies/schema/endo/colonoscopyQuality.owl#Descending_colon> -> <http://blulab.chpc.utah.edu/ontologies/schema/endo/colonoscopyQuality.owl#Left_colic_flexure>, <http://blulab.chpc.utah.edu/ontologies/v2/ConText.owl#Lexicon> -> <http://blulab.chpc.utah.edu/ontologies/v2/ConText.owl#Modifier> -> <http://blulab.chpc.utah.edu/ontologies/v2/ConText.owl#SemanticModifier> -> <http://blulab.chpc.utah.edu/ontologies/v2/ConText.owl#BodySite> -> <http://blulab.chpc.utah.edu/ontologies/schema/endo/colonoscopyQuality.owl#Colon_structure> -> <http://blulab.chpc.utah.edu/ontologies/schema/endo/colonoscopyQuality.owl#Entire_colon> -> <http://blulab.chpc.utah.edu/ontologies/schema/endo/colonoscopyQuality.owl#Left_colon> -> <http://blulab.chpc.utah.edu/ontologies/schema/endo/colonoscopyQuality.owl#Descending_colon> -> <http://blulab.chpc.utah.edu/ontologies/schema/endo/colonoscopyQuality.owl#Left_colic_flexure>, <http://blulab.chpc.utah.edu/ontologies/v2/ConText.owl#Lexicon> -> <http://blulab.chpc.utah.edu/ontologies/v2/ConText.owl#Modifier> -> <http://blulab.chpc.utah.edu/ontologies/v2/ConText.owl#SemanticModifier> -> <http://blulab.chpc.utah.edu/ontologies/v2/ConText.owl#BodySite> -> <http://blulab.chpc.utah.edu/ontologies/schema/endo/colonoscopyQuality.owl#Colon_structure> -> <http://blulab.chpc.utah.edu/ontologies/schema/endo/colonoscopyQuality.owl#Left_colon> -> <http://blulab.chpc.utah.edu/ontologies/schema/endo/colonoscopyQuality.owl#Descending_colon> -> <http://blulab.chpc.utah.edu/ontologies/schema/endo/colonoscopyQuality.owl#Left_colic_flexure>, <http://blulab.chpc.utah.edu/ontologies/v2/ConText.owl#Lexicon> -> <http://blulab.chpc.utah.edu/ontologies/v2/ConText.owl#Modifier> -> <http://blulab.chpc.utah.edu/ontologies/v2/ConText.owl#SemanticModifier> -> <http://blulab.chpc.utah.edu/ontologies/v2/ConText.owl#BodySite> -> <http://blulab.chpc.utah.edu/ontologies/schema/endo/colonoscopyQuality.owl#Colon_structure> -> <http://blulab.chpc.utah.edu/ontologies/schema/endo/colonoscopyQuality.owl#Region_of_colon> -> <http://blulab.chpc.utah.edu/ontologies/schema/endo/colonoscopyQuality.owl#Descending_colon> -> <http://blulab.chpc.utah.edu/ontologies/schema/endo/colonoscopyQuality.owl#Left_colic_flexure>]]

	Modifier: Structure_of_colonic_haustra, uri=http://blulab.chpc.utah.edu/ontologies/schema/endo/colonoscopyQuality.owl#Structure_of_colonic_haustra, type= Semantic, classPath= [<http://blulab.chpc.utah.edu/ontologies/v2/ConText.owl#Lexicon> -> <http://blulab.chpc.utah.edu/ontologies/v2/ConText.owl#Modifier> -> <http://blulab.chpc.utah.edu/ontologies/v2/ConText.owl#SemanticModifier> -> <http://blulab.chpc.utah.edu/ontologies/v2/ConText.owl#BodySite> -> <http://blulab.chpc.utah.edu/ontologies/schema/endo/colonoscopyQuality.owl#Colon_structure> -> <http://blulab.chpc.utah.edu/ontologies/schema/endo/colonoscopyQuality.owl#Colon_wall_structure> -> <http://blulab.chpc.utah.edu/ontologies/schema/endo/colonoscopyQuality.owl#Structure_of_colonic_haustra>, <http://blulab.chpc.utah.edu/ontologies/v2/ConText.owl#Lexicon> -> <http://blulab.chpc.utah.edu/ontologies/v2/ConText.owl#Modifier> -> <http://blulab.chpc.utah.edu/ontologies/v2/ConText.owl#SemanticModifier> -> <http://blulab.chpc.utah.edu/ontologies/v2/ConText.owl#BodySite> -> <http://blulab.chpc.utah.edu/ontologies/schema/endo/colonoscopyQuality.owl#Colon_structure> -> <http://blulab.chpc.utah.edu/ontologies/schema/endo/colonoscopyQuality.owl#Entire_colon> -> <http://blulab.chpc.utah.edu/ontologies/schema/endo/colonoscopyQuality.owl#Structure_of_colonic_haustra>]]

	Modifier: Transverse_colon, uri=http://blulab.chpc.utah.edu/ontologies/schema/endo/colonoscopyQuality.owl#Transverse_colon, type= Semantic, classPath= [<http://blulab.chpc.utah.edu/ontologies/v2/ConText.owl#Lexicon> -> <http://blulab.chpc.utah.edu/ontologies/v2/ConText.owl#Modifier> -> <http://blulab.chpc.utah.edu/ontologies/v2/ConText.owl#SemanticModifier> -> <http://blulab.chpc.utah.edu/ontologies/v2/ConText.owl#BodySite> -> <http://blulab.chpc.utah.edu/ontologies/schema/endo/colonoscopyQuality.owl#Colon_structure> -> <http://blulab.chpc.utah.edu/ontologies/schema/endo/colonoscopyQuality.owl#Transverse_colon>, <http://blulab.chpc.utah.edu/ontologies/v2/ConText.owl#Lexicon> -> <http://blulab.chpc.utah.edu/ontologies/v2/ConText.owl#Modifier> -> <http://blulab.chpc.utah.edu/ontologies/v2/ConText.owl#SemanticModifier> -> <http://blulab.chpc.utah.edu/ontologies/v2/ConText.owl#BodySite> -> <http://blulab.chpc.utah.edu/ontologies/schema/endo/colonoscopyQuality.owl#Colon_structure> -> <http://blulab.chpc.utah.edu/ontologies/schema/endo/colonoscopyQuality.owl#Entire_colon> -> <http://blulab.chpc.utah.edu/ontologies/schema/endo/colonoscopyQuality.owl#Transverse_colon>, <http://blulab.chpc.utah.edu/ontologies/v2/ConText.owl#Lexicon> -> <http://blulab.chpc.utah.edu/ontologies/v2/ConText.owl#Modifier> -> <http://blulab.chpc.utah.edu/ontologies/v2/ConText.owl#SemanticModifier> -> <http://blulab.chpc.utah.edu/ontologies/v2/ConText.owl#BodySite> -> <http://blulab.chpc.utah.edu/ontologies/schema/endo/colonoscopyQuality.owl#Colon_structure> -> <http://blulab.chpc.utah.edu/ontologies/schema/endo/colonoscopyQuality.owl#Region_of_colon> -> <http://blulab.chpc.utah.edu/ontologies/schema/endo/colonoscopyQuality.owl#Transverse_colon>]]

	Modifier: Distal_part_of_transverse_colon, uri=http://blulab.chpc.utah.edu/ontologies/schema/endo/colonoscopyQuality.owl#Distal_part_of_transverse_colon, type= Semantic, classPath= [<http://blulab.chpc.utah.edu/ontologies/v2/ConText.owl#Lexicon> -> <http://blulab.chpc.utah.edu/ontologies/v2/ConText.owl#Modifier> -> <http://blulab.chpc.utah.edu/ontologies/v2/ConText.owl#SemanticModifier> -> <http://blulab.chpc.utah.edu/ontologies/v2/ConText.owl#BodySite> -> <http://blulab.chpc.utah.edu/ontologies/schema/endo/colonoscopyQuality.owl#Colon_structure> -> <http://blulab.chpc.utah.edu/ontologies/schema/endo/colonoscopyQuality.owl#Transverse_colon> -> <http://blulab.chpc.utah.edu/ontologies/schema/endo/colonoscopyQuality.owl#Distal_part_of_transverse_colon>, <http://blulab.chpc.utah.edu/ontologies/v2/ConText.owl#Lexicon> -> <http://blulab.chpc.utah.edu/ontologies/v2/ConText.owl#Modifier> -> <http://blulab.chpc.utah.edu/ontologies/v2/ConText.owl#SemanticModifier> -> <http://blulab.chpc.utah.edu/ontologies/v2/ConText.owl#BodySite> -> <http://blulab.chpc.utah.edu/ontologies/schema/endo/colonoscopyQuality.owl#Colon_structure> -> <http://blulab.chpc.utah.edu/ontologies/schema/endo/colonoscopyQuality.owl#Entire_colon> -> <http://blulab.chpc.utah.edu/ontologies/schema/endo/colonoscopyQuality.owl#Transverse_colon> -> <http://blulab.chpc.utah.edu/ontologies/schema/endo/colonoscopyQuality.owl#Distal_part_of_transverse_colon>, <http://blulab.chpc.utah.edu/ontologies/v2/ConText.owl#Lexicon> -> <http://blulab.chpc.utah.edu/ontologies/v2/ConText.owl#Modifier> -> <http://blulab.chpc.utah.edu/ontologies/v2/ConText.owl#SemanticModifier> -> <http://blulab.chpc.utah.edu/ontologies/v2/ConText.owl#BodySite> -> <http://blulab.chpc.utah.edu/ontologies/schema/endo/colonoscopyQuality.owl#Colon_structure> -> <http://blulab.chpc.utah.edu/ontologies/schema/endo/colonoscopyQuality.owl#Region_of_colon> -> <http://blulab.chpc.utah.edu/ontologies/schema/endo/colonoscopyQuality.owl#Transverse_colon> -> <http://blulab.chpc.utah.edu/ontologies/schema/endo/colonoscopyQuality.owl#Distal_part_of_transverse_colon>]]

	Modifier: Hepatic_flexure_of_colon, uri=http://blulab.chpc.utah.edu/ontologies/schema/endo/colonoscopyQuality.owl#Hepatic_flexure_of_colon, type= Semantic, classPath= [<http://blulab.chpc.utah.edu/ontologies/v2/ConText.owl#Lexicon> -> <http://blulab.chpc.utah.edu/ontologies/v2/ConText.owl#Modifier> -> <http://blulab.chpc.utah.edu/ontologies/v2/ConText.owl#SemanticModifier> -> <http://blulab.chpc.utah.edu/ontologies/v2/ConText.owl#BodySite> -> <http://blulab.chpc.utah.edu/ontologies/schema/endo/colonoscopyQuality.owl#Colon_structure> -> <http://blulab.chpc.utah.edu/ontologies/schema/endo/colonoscopyQuality.owl#Ascending_colon> -> <http://blulab.chpc.utah.edu/ontologies/schema/endo/colonoscopyQuality.owl#Hepatic_flexure_of_colon>, <http://blulab.chpc.utah.edu/ontologies/v2/ConText.owl#Lexicon> -> <http://blulab.chpc.utah.edu/ontologies/v2/ConText.owl#Modifier> -> <http://blulab.chpc.utah.edu/ontologies/v2/ConText.owl#SemanticModifier> -> <http://blulab.chpc.utah.edu/ontologies/v2/ConText.owl#BodySite> -> <http://blulab.chpc.utah.edu/ontologies/schema/endo/colonoscopyQuality.owl#Colon_structure> -> <http://blulab.chpc.utah.edu/ontologies/schema/endo/colonoscopyQuality.owl#Ascending_colon> -> <http://blulab.chpc.utah.edu/ontologies/schema/endo/colonoscopyQuality.owl#Entire_ascending_colon> -> <http://blulab.chpc.utah.edu/ontologies/schema/endo/colonoscopyQuality.owl#Hepatic_flexure_of_colon>, <http://blulab.chpc.utah.edu/ontologies/v2/ConText.owl#Lexicon> -> <http://blulab.chpc.utah.edu/ontologies/v2/ConText.owl#Modifier> -> <http://blulab.chpc.utah.edu/ontologies/v2/ConText.owl#SemanticModifier> -> <http://blulab.chpc.utah.edu/ontologies/v2/ConText.owl#BodySite> -> <http://blulab.chpc.utah.edu/ontologies/schema/endo/colonoscopyQuality.owl#Colon_structure> -> <http://blulab.chpc.utah.edu/ontologies/schema/endo/colonoscopyQuality.owl#Entire_colon> -> <http://blulab.chpc.utah.edu/ontologies/schema/endo/colonoscopyQuality.owl#Right_colon> -> <http://blulab.chpc.utah.edu/ontologies/schema/endo/colonoscopyQuality.owl#Entire_right_colon> -> <http://blulab.chpc.utah.edu/ontologies/schema/endo/colonoscopyQuality.owl#Ascending_colon> -> <http://blulab.chpc.utah.edu/ontologies/schema/endo/colonoscopyQuality.owl#Entire_ascending_colon> -> <http://blulab.chpc.utah.edu/ontologies/schema/endo/colonoscopyQuality.owl#Hepatic_flexure_of_colon>, <http://blulab.chpc.utah.edu/ontologies/v2/ConText.owl#Lexicon> -> <http://blulab.chpc.utah.edu/ontologies/v2/ConText.owl#Modifier> -> <http://blulab.chpc.utah.edu/ontologies/v2/ConText.owl#SemanticModifier> -> <http://blulab.chpc.utah.edu/ontologies/v2/ConText.owl#BodySite> -> <http://blulab.chpc.utah.edu/ontologies/schema/endo/colonoscopyQuality.owl#Colon_structure> -> <http://blulab.chpc.utah.edu/ontologies/schema/endo/colonoscopyQuality.owl#Entire_colon> -> <http://blulab.chpc.utah.edu/ontologies/schema/endo/colonoscopyQuality.owl#Entire_right_colon> -> <http://blulab.chpc.utah.edu/ontologies/schema/endo/colonoscopyQuality.owl#Ascending_colon> -> <http://blulab.chpc.utah.edu/ontologies/schema/endo/colonoscopyQuality.owl#Entire_ascending_colon> -> <http://blulab.chpc.utah.edu/ontologies/schema/endo/colonoscopyQuality.owl#Hepatic_flexure_of_colon>, <http://blulab.chpc.utah.edu/ontologies/v2/ConText.owl#Lexicon> -> <http://blulab.chpc.utah.edu/ontologies/v2/ConText.owl#Modifier> -> <http://blulab.chpc.utah.edu/ontologies/v2/ConText.owl#SemanticModifier> -> <http://blulab.chpc.utah.edu/ontologies/v2/ConText.owl#BodySite> -> <http://blulab.chpc.utah.edu/ontologies/schema/endo/colonoscopyQuality.owl#Colon_structure> -> <http://blulab.chpc.utah.edu/ontologies/schema/endo/colonoscopyQuality.owl#Region_of_colon> -> <http://blulab.chpc.utah.edu/ontologies/schema/endo/colonoscopyQuality.owl#Ascending_colon> -> <http://blulab.chpc.utah.edu/ontologies/schema/endo/colonoscopyQuality.owl#Entire_ascending_colon> -> <http://blulab.chpc.utah.edu/ontologies/schema/endo/colonoscopyQuality.owl#Hepatic_flexure_of_colon>, <http://blulab.chpc.utah.edu/ontologies/v2/ConText.owl#Lexicon> -> <http://blulab.chpc.utah.edu/ontologies/v2/ConText.owl#Modifier> -> <http://blulab.chpc.utah.edu/ontologies/v2/ConText.owl#SemanticModifier> -> <http://blulab.chpc.utah.edu/ontologies/v2/ConText.owl#BodySite> -> <http://blulab.chpc.utah.edu/ontologies/schema/endo/colonoscopyQuality.owl#Colon_structure> -> <http://blulab.chpc.utah.edu/ontologies/schema/endo/colonoscopyQuality.owl#Entire_colon> -> <http://blulab.chpc.utah.edu/ontologies/schema/endo/colonoscopyQuality.owl#Right_colon> -> <http://blulab.chpc.utah.edu/ontologies/schema/endo/colonoscopyQuality.owl#Ascending_colon> -> <http://blulab.chpc.utah.edu/ontologies/schema/endo/colonoscopyQuality.owl#Entire_ascending_colon> -> <http://blulab.chpc.utah.edu/ontologies/schema/endo/colonoscopyQuality.owl#Hepatic_flexure_of_colon>, <http://blulab.chpc.utah.edu/ontologies/v2/ConText.owl#Lexicon> -> <http://blulab.chpc.utah.edu/ontologies/v2/ConText.owl#Modifier> -> <http://blulab.chpc.utah.edu/ontologies/v2/ConText.owl#SemanticModifier> -> <http://blulab.chpc.utah.edu/ontologies/v2/ConText.owl#BodySite> -> <http://blulab.chpc.utah.edu/ontologies/schema/endo/colonoscopyQuality.owl#Colon_structure> -> <http://blulab.chpc.utah.edu/ontologies/schema/endo/colonoscopyQuality.owl#Entire_colon> -> <http://blulab.chpc.utah.edu/ontologies/schema/endo/colonoscopyQuality.owl#Structure_of_colic_flexure> -> <http://blulab.chpc.utah.edu/ontologies/schema/endo/colonoscopyQuality.owl#Entire_colic_flexure> -> <http://blulab.chpc.utah.edu/ontologies/schema/endo/colonoscopyQuality.owl#Hepatic_flexure_of_colon>, <http://blulab.chpc.utah.edu/ontologies/v2/ConText.owl#Lexicon> -> <http://blulab.chpc.utah.edu/ontologies/v2/ConText.owl#Modifier> -> <http://blulab.chpc.utah.edu/ontologies/v2/ConText.owl#SemanticModifier> -> <http://blulab.chpc.utah.edu/ontologies/v2/ConText.owl#BodySite> -> <http://blulab.chpc.utah.edu/ontologies/schema/endo/colonoscopyQuality.owl#Colon_structure> -> <http://blulab.chpc.utah.edu/ontologies/schema/endo/colonoscopyQuality.owl#Region_of_colon> -> <http://blulab.chpc.utah.edu/ontologies/schema/endo/colonoscopyQuality.owl#Structure_of_colic_flexure> -> <http://blulab.chpc.utah.edu/ontologies/schema/endo/colonoscopyQuality.owl#Entire_colic_flexure> -> <http://blulab.chpc.utah.edu/ontologies/schema/endo/colonoscopyQuality.owl#Hepatic_flexure_of_colon>, <http://blulab.chpc.utah.edu/ontologies/v2/ConText.owl#Lexicon> -> <http://blulab.chpc.utah.edu/ontologies/v2/ConText.owl#Modifier> -> <http://blulab.chpc.utah.edu/ontologies/v2/ConText.owl#SemanticModifier> -> <http://blulab.chpc.utah.edu/ontologies/v2/ConText.owl#BodySite> -> <http://blulab.chpc.utah.edu/ontologies/schema/endo/colonoscopyQuality.owl#Colon_structure> -> <http://blulab.chpc.utah.edu/ontologies/schema/endo/colonoscopyQuality.owl#Descending_colon> -> <http://blulab.chpc.utah.edu/ontologies/schema/endo/colonoscopyQuality.owl#Left_colic_flexure> -> <http://blulab.chpc.utah.edu/ontologies/schema/endo/colonoscopyQuality.owl#Entire_transverse_colon> -> <http://blulab.chpc.utah.edu/ontologies/schema/endo/colonoscopyQuality.owl#Hepatic_flexure_of_colon>, <http://blulab.chpc.utah.edu/ontologies/v2/ConText.owl#Lexicon> -> <http://blulab.chpc.utah.edu/ontologies/v2/ConText.owl#Modifier> -> <http://blulab.chpc.utah.edu/ontologies/v2/ConText.owl#SemanticModifier> -> <http://blulab.chpc.utah.edu/ontologies/v2/ConText.owl#BodySite> -> <http://blulab.chpc.utah.edu/ontologies/schema/endo/colonoscopyQuality.owl#Colon_structure> -> <http://blulab.chpc.utah.edu/ontologies/schema/endo/colonoscopyQuality.owl#Descending_colon> -> <http://blulab.chpc.utah.edu/ontologies/schema/endo/colonoscopyQuality.owl#Entire_descending_colon> -> <http://blulab.chpc.utah.edu/ontologies/schema/endo/colonoscopyQuality.owl#Left_colic_flexure> -> <http://blulab.chpc.utah.edu/ontologies/schema/endo/colonoscopyQuality.owl#Entire_transverse_colon> -> <http://blulab.chpc.utah.edu/ontologies/schema/endo/colonoscopyQuality.owl#Hepatic_flexure_of_colon>, <http://blulab.chpc.utah.edu/ontologies/v2/ConText.owl#Lexicon> -> <http://blulab.chpc.utah.edu/ontologies/v2/ConText.owl#Modifier> -> <http://blulab.chpc.utah.edu/ontologies/v2/ConText.owl#SemanticModifier> -> <http://blulab.chpc.utah.edu/ontologies/v2/ConText.owl#BodySite> -> <http://blulab.chpc.utah.edu/ontologies/schema/endo/colonoscopyQuality.owl#Colon_structure> -> <http://blulab.chpc.utah.edu/ontologies/schema/endo/colonoscopyQuality.owl#Left_colon> -> <http://blulab.chpc.utah.edu/ontologies/schema/endo/colonoscopyQuality.owl#Entire_left_colon> -> <http://blulab.chpc.utah.edu/ontologies/schema/endo/colonoscopyQuality.owl#Descending_colon> -> <http://blulab.chpc.utah.edu/ontologies/schema/endo/colonoscopyQuality.owl#Entire_descending_colon> -> <http://blulab.chpc.utah.edu/ontologies/schema/endo/colonoscopyQuality.owl#Left_colic_flexure> -> <http://blulab.chpc.utah.edu/ontologies/schema/endo/colonoscopyQuality.owl#Entire_transverse_colon> -> <http://blulab.chpc.utah.edu/ontologies/schema/endo/colonoscopyQuality.owl#Hepatic_flexure_of_colon>, <http://blulab.chpc.utah.edu/ontologies/v2/ConText.owl#Lexicon> -> <http://blulab.chpc.utah.edu/ontologies/v2/ConText.owl#Modifier> -> <http://blulab.chpc.utah.edu/ontologies/v2/ConText.owl#SemanticModifier> -> <http://blulab.chpc.utah.edu/ontologies/v2/ConText.owl#BodySite> -> <http://blulab.chpc.utah.edu/ontologies/schema/endo/colonoscopyQuality.owl#Colon_structure> -> <http://blulab.chpc.utah.edu/ontologies/schema/endo/colonoscopyQuality.owl#Entire_colon> -> <http://blulab.chpc.utah.edu/ontologies/schema/endo/colonoscopyQuality.owl#Left_colon> -> <http://blulab.chpc.utah.edu/ontologies/schema/endo/colonoscopyQuality.owl#Entire_left_colon> -> <http://blulab.chpc.utah.edu/ontologies/schema/endo/colonoscopyQuality.owl#Descending_colon> -> <http://blulab.chpc.utah.edu/ontologies/schema/endo/colonoscopyQuality.owl#Entire_descending_colon> -> <http://blulab.chpc.utah.edu/ontologies/schema/endo/colonoscopyQuality.owl#Left_colic_flexure> -> <http://blulab.chpc.utah.edu/ontologies/schema/endo/colonoscopyQuality.owl#Entire_transverse_colon> -> <http://blulab.chpc.utah.edu/ontologies/schema/endo/colonoscopyQuality.owl#Hepatic_flexure_of_colon>, <http://blulab.chpc.utah.edu/ontologies/v2/ConText.owl#Lexicon> -> <http://blulab.chpc.utah.edu/ontologies/v2/ConText.owl#Modifier> -> <http://blulab.chpc.utah.edu/ontologies/v2/ConText.owl#SemanticModifier> -> <http://blulab.chpc.utah.edu/ontologies/v2/ConText.owl#BodySite> -> <http://blulab.chpc.utah.edu/ontologies/schema/endo/colonoscopyQuality.owl#Colon_structure> -> <http://blulab.chpc.utah.edu/ontologies/schema/endo/colonoscopyQuality.owl#Entire_colon> -> <http://blulab.chpc.utah.edu/ontologies/schema/endo/colonoscopyQuality.owl#Left_colon> -> <http://blulab.chpc.utah.edu/ontologies/schema/endo/colonoscopyQuality.owl#Descending_colon> -> <http://blulab.chpc.utah.edu/ontologies/schema/endo/colonoscopyQuality.owl#Entire_descending_colon> -> <http://blulab.chpc.utah.edu/ontologies/schema/endo/colonoscopyQuality.owl#Left_colic_flexure> -> <http://blulab.chpc.utah.edu/ontologies/schema/endo/colonoscopyQuality.owl#Entire_transverse_colon> -> <http://blulab.chpc.utah.edu/ontologies/schema/endo/colonoscopyQuality.owl#Hepatic_flexure_of_colon>, <http://blulab.chpc.utah.edu/ontologies/v2/ConText.owl#Lexicon> -> <http://blulab.chpc.utah.edu/ontologies/v2/ConText.owl#Modifier> -> <http://blulab.chpc.utah.edu/ontologies/v2/ConText.owl#SemanticModifier> -> <http://blulab.chpc.utah.edu/ontologies/v2/ConText.owl#BodySite> -> <http://blulab.chpc.utah.edu/ontologies/schema/endo/colonoscopyQuality.owl#Colon_structure> -> <http://blulab.chpc.utah.edu/ontologies/schema/endo/colonoscopyQuality.owl#Left_colon> -> <http://blulab.chpc.utah.edu/ontologies/schema/endo/colonoscopyQuality.owl#Descending_colon> -> <http://blulab.chpc.utah.edu/ontologies/schema/endo/colonoscopyQuality.owl#Entire_descending_colon> -> <http://blulab.chpc.utah.edu/ontologies/schema/endo/colonoscopyQuality.owl#Left_colic_flexure> -> <http://blulab.chpc.utah.edu/ontologies/schema/endo/colonoscopyQuality.owl#Entire_transverse_colon> -> <http://blulab.chpc.utah.edu/ontologies/schema/endo/colonoscopyQuality.owl#Hepatic_flexure_of_colon>, <http://blulab.chpc.utah.edu/ontologies/v2/ConText.owl#Lexicon> -> <http://blulab.chpc.utah.edu/ontologies/v2/ConText.owl#Modifier> -> <http://blulab.chpc.utah.edu/ontologies/v2/ConText.owl#SemanticModifier> -> <http://blulab.chpc.utah.edu/ontologies/v2/ConText.owl#BodySite> -> <http://blulab.chpc.utah.edu/ontologies/schema/endo/colonoscopyQuality.owl#Colon_structure> -> <http://blulab.chpc.utah.edu/ontologies/schema/endo/colonoscopyQuality.owl#Region_of_colon> -> <http://blulab.chpc.utah.edu/ontologies/schema/endo/colonoscopyQuality.owl#Descending_colon> -> <http://blulab.chpc.utah.edu/ontologies/schema/endo/colonoscopyQuality.owl#Entire_descending_colon> -> <http://blulab.chpc.utah.edu/ontologies/schema/endo/colonoscopyQuality.owl#Left_colic_flexure> -> <http://blulab.chpc.utah.edu/ontologies/schema/endo/colonoscopyQuality.owl#Entire_transverse_colon> -> <http://blulab.chpc.utah.edu/ontologies/schema/endo/colonoscopyQuality.owl#Hepatic_flexure_of_colon>, <http://blulab.chpc.utah.edu/ontologies/v2/ConText.owl#Lexicon> -> <http://blulab.chpc.utah.edu/ontologies/v2/ConText.owl#Modifier> -> <http://blulab.chpc.utah.edu/ontologies/v2/ConText.owl#SemanticModifier> -> <http://blulab.chpc.utah.edu/ontologies/v2/ConText.owl#BodySite> -> <http://blulab.chpc.utah.edu/ontologies/schema/endo/colonoscopyQuality.owl#Colon_structure> -> <http://blulab.chpc.utah.edu/ontologies/schema/endo/colonoscopyQuality.owl#Region_of_colon> -> <http://blulab.chpc.utah.edu/ontologies/schema/endo/colonoscopyQuality.owl#Structure_of_colic_flexure> -> <http://blulab.chpc.utah.edu/ontologies/schema/endo/colonoscopyQuality.owl#Left_colic_flexure> -> <http://blulab.chpc.utah.edu/ontologies/schema/endo/colonoscopyQuality.owl#Entire_transverse_colon> -> <http://blulab.chpc.utah.edu/ontologies/schema/endo/colonoscopyQuality.owl#Hepatic_flexure_of_colon>, <http://blulab.chpc.utah.edu/ontologies/v2/ConText.owl#Lexicon> -> <http://blulab.chpc.utah.edu/ontologies/v2/ConText.owl#Modifier> -> <http://blulab.chpc.utah.edu/ontologies/v2/ConText.owl#SemanticModifier> -> <http://blulab.chpc.utah.edu/ontologies/v2/ConText.owl#BodySite> -> <http://blulab.chpc.utah.edu/ontologies/schema/endo/colonoscopyQuality.owl#Colon_structure> -> <http://blulab.chpc.utah.edu/ontologies/schema/endo/colonoscopyQuality.owl#Entire_colon> -> <http://blulab.chpc.utah.edu/ontologies/schema/endo/colonoscopyQuality.owl#Structure_of_colic_flexure> -> <http://blulab.chpc.utah.edu/ontologies/schema/endo/colonoscopyQuality.owl#Left_colic_flexure> -> <http://blulab.chpc.utah.edu/ontologies/schema/endo/colonoscopyQuality.owl#Entire_transverse_colon> -> <http://blulab.chpc.utah.edu/ontologies/schema/endo/colonoscopyQuality.owl#Hepatic_flexure_of_colon>, <http://blulab.chpc.utah.edu/ontologies/v2/ConText.owl#Lexicon> -> <http://blulab.chpc.utah.edu/ontologies/v2/ConText.owl#Modifier> -> <http://blulab.chpc.utah.edu/ontologies/v2/ConText.owl#SemanticModifier> -> <http://blulab.chpc.utah.edu/ontologies/v2/ConText.owl#BodySite> -> <http://blulab.chpc.utah.edu/ontologies/schema/endo/colonoscopyQuality.owl#Colon_structure> -> <http://blulab.chpc.utah.edu/ontologies/schema/endo/colonoscopyQuality.owl#Entire_colon> -> <http://blulab.chpc.utah.edu/ontologies/schema/endo/colonoscopyQuality.owl#Transverse_colon> -> <http://blulab.chpc.utah.edu/ontologies/schema/endo/colonoscopyQuality.owl#Left_colic_flexure> -> <http://blulab.chpc.utah.edu/ontologies/schema/endo/colonoscopyQuality.owl#Entire_transverse_colon> -> <http://blulab.chpc.utah.edu/ontologies/schema/endo/colonoscopyQuality.owl#Hepatic_flexure_of_colon>, <http://blulab.chpc.utah.edu/ontologies/v2/ConText.owl#Lexicon> -> <http://blulab.chpc.utah.edu/ontologies/v2/ConText.owl#Modifier> -> <http://blulab.chpc.utah.edu/ontologies/v2/ConText.owl#SemanticModifier> -> <http://blulab.chpc.utah.edu/ontologies/v2/ConText.owl#BodySite> -> <http://blulab.chpc.utah.edu/ontologies/schema/endo/colonoscopyQuality.owl#Colon_structure> -> <http://blulab.chpc.utah.edu/ontologies/schema/endo/colonoscopyQuality.owl#Region_of_colon> -> <http://blulab.chpc.utah.edu/ontologies/schema/endo/colonoscopyQuality.owl#Transverse_colon> -> <http://blulab.chpc.utah.edu/ontologies/schema/endo/colonoscopyQuality.owl#Left_colic_flexure> -> <http://blulab.chpc.utah.edu/ontologies/schema/endo/colonoscopyQuality.owl#Entire_transverse_colon> -> <http://blulab.chpc.utah.edu/ontologies/schema/endo/colonoscopyQuality.owl#Hepatic_flexure_of_colon>, <http://blulab.chpc.utah.edu/ontologies/v2/ConText.owl#Lexicon> -> <http://blulab.chpc.utah.edu/ontologies/v2/ConText.owl#Modifier> -> <http://blulab.chpc.utah.edu/ontologies/v2/ConText.owl#SemanticModifier> -> <http://blulab.chpc.utah.edu/ontologies/v2/ConText.owl#BodySite> -> <http://blulab.chpc.utah.edu/ontologies/schema/endo/colonoscopyQuality.owl#Colon_structure> -> <http://blulab.chpc.utah.edu/ontologies/schema/endo/colonoscopyQuality.owl#Transverse_colon> -> <http://blulab.chpc.utah.edu/ontologies/schema/endo/colonoscopyQuality.owl#Left_colic_flexure> -> <http://blulab.chpc.utah.edu/ontologies/schema/endo/colonoscopyQuality.owl#Entire_transverse_colon> -> <http://blulab.chpc.utah.edu/ontologies/schema/endo/colonoscopyQuality.owl#Hepatic_flexure_of_colon>, <http://blulab.chpc.utah.edu/ontologies/v2/ConText.owl#Lexicon> -> <http://blulab.chpc.utah.edu/ontologies/v2/ConText.owl#Modifier> -> <http://blulab.chpc.utah.edu/ontologies/v2/ConText.owl#SemanticModifier> -> <http://blulab.chpc.utah.edu/ontologies/v2/ConText.owl#BodySite> -> <http://blulab.chpc.utah.edu/ontologies/schema/endo/colonoscopyQuality.owl#Colon_structure> -> <http://blulab.chpc.utah.edu/ontologies/schema/endo/colonoscopyQuality.owl#Left_colon> -> <http://blulab.chpc.utah.edu/ontologies/schema/endo/colonoscopyQuality.owl#Entire_left_colon> -> <http://blulab.chpc.utah.edu/ontologies/schema/endo/colonoscopyQuality.owl#Descending_colon> -> <http://blulab.chpc.utah.edu/ontologies/schema/endo/colonoscopyQuality.owl#Left_colic_flexure> -> <http://blulab.chpc.utah.edu/ontologies/schema/endo/colonoscopyQuality.owl#Entire_transverse_colon> -> <http://blulab.chpc.utah.edu/ontologies/schema/endo/colonoscopyQuality.owl#Hepatic_flexure_of_colon>, <http://blulab.chpc.utah.edu/ontologies/v2/ConText.owl#Lexicon> -> <http://blulab.chpc.utah.edu/ontologies/v2/ConText.owl#Modifier> -> <http://blulab.chpc.utah.edu/ontologies/v2/ConText.owl#SemanticModifier> -> <http://blulab.chpc.utah.edu/ontologies/v2/ConText.owl#BodySite> -> <http://blulab.chpc.utah.edu/ontologies/schema/endo/colonoscopyQuality.owl#Colon_structure> -> <http://blulab.chpc.utah.edu/ontologies/schema/endo/colonoscopyQuality.owl#Entire_colon> -> <http://blulab.chpc.utah.edu/ontologies/schema/endo/colonoscopyQuality.owl#Left_colon> -> <http://blulab.chpc.utah.edu/ontologies/schema/endo/colonoscopyQuality.owl#Entire_left_colon> -> <http://blulab.chpc.utah.edu/ontologies/schema/endo/colonoscopyQuality.owl#Descending_colon> -> <http://blulab.chpc.utah.edu/ontologies/schema/endo/colonoscopyQuality.owl#Left_colic_flexure> -> <http://blulab.chpc.utah.edu/ontologies/schema/endo/colonoscopyQuality.owl#Entire_transverse_colon> -> <http://blulab.chpc.utah.edu/ontologies/schema/endo/colonoscopyQuality.owl#Hepatic_flexure_of_colon>, <http://blulab.chpc.utah.edu/ontologies/v2/ConText.owl#Lexicon> -> <http://blulab.chpc.utah.edu/ontologies/v2/ConText.owl#Modifier> -> <http://blulab.chpc.utah.edu/ontologies/v2/ConText.owl#SemanticModifier> -> <http://blulab.chpc.utah.edu/ontologies/v2/ConText.owl#BodySite> -> <http://blulab.chpc.utah.edu/ontologies/schema/endo/colonoscopyQuality.owl#Colon_structure> -> <http://blulab.chpc.utah.edu/ontologies/schema/endo/colonoscopyQuality.owl#Entire_colon> -> <http://blulab.chpc.utah.edu/ontologies/schema/endo/colonoscopyQuality.owl#Left_colon> -> <http://blulab.chpc.utah.edu/ontologies/schema/endo/colonoscopyQuality.owl#Descending_colon> -> <http://blulab.chpc.utah.edu/ontologies/schema/endo/colonoscopyQuality.owl#Left_colic_flexure> -> <http://blulab.chpc.utah.edu/ontologies/schema/endo/colonoscopyQuality.owl#Entire_transverse_colon> -> <http://blulab.chpc.utah.edu/ontologies/schema/endo/colonoscopyQuality.owl#Hepatic_flexure_of_colon>, <http://blulab.chpc.utah.edu/ontologies/v2/ConText.owl#Lexicon> -> <http://blulab.chpc.utah.edu/ontologies/v2/ConText.owl#Modifier> -> <http://blulab.chpc.utah.edu/ontologies/v2/ConText.owl#SemanticModifier> -> <http://blulab.chpc.utah.edu/ontologies/v2/ConText.owl#BodySite> -> <http://blulab.chpc.utah.edu/ontologies/schema/endo/colonoscopyQuality.owl#Colon_structure> -> <http://blulab.chpc.utah.edu/ontologies/schema/endo/colonoscopyQuality.owl#Left_colon> -> <http://blulab.chpc.utah.edu/ontologies/schema/endo/colonoscopyQuality.owl#Descending_colon> -> <http://blulab.chpc.utah.edu/ontologies/schema/endo/colonoscopyQuality.owl#Left_colic_flexure> -> <http://blulab.chpc.utah.edu/ontologies/schema/endo/colonoscopyQuality.owl#Entire_transverse_colon> -> <http://blulab.chpc.utah.edu/ontologies/schema/endo/colonoscopyQuality.owl#Hepatic_flexure_of_colon>, <http://blulab.chpc.utah.edu/ontologies/v2/ConText.owl#Lexicon> -> <http://blulab.chpc.utah.edu/ontologies/v2/ConText.owl#Modifier> -> <http://blulab.chpc.utah.edu/ontologies/v2/ConText.owl#SemanticModifier> -> <http://blulab.chpc.utah.edu/ontologies/v2/ConText.owl#BodySite> -> <http://blulab.chpc.utah.edu/ontologies/schema/endo/colonoscopyQuality.owl#Colon_structure> -> <http://blulab.chpc.utah.edu/ontologies/schema/endo/colonoscopyQuality.owl#Region_of_colon> -> <http://blulab.chpc.utah.edu/ontologies/schema/endo/colonoscopyQuality.owl#Descending_colon> -> <http://blulab.chpc.utah.edu/ontologies/schema/endo/colonoscopyQuality.owl#Left_colic_flexure> -> <http://blulab.chpc.utah.edu/ontologies/schema/endo/colonoscopyQuality.owl#Entire_transverse_colon> -> <http://blulab.chpc.utah.edu/ontologies/schema/endo/colonoscopyQuality.owl#Hepatic_flexure_of_colon>, <http://blulab.chpc.utah.edu/ontologies/v2/ConText.owl#Lexicon> -> <http://blulab.chpc.utah.edu/ontologies/v2/ConText.owl#Modifier> -> <http://blulab.chpc.utah.edu/ontologies/v2/ConText.owl#SemanticModifier> -> <http://blulab.chpc.utah.edu/ontologies/v2/ConText.owl#BodySite> -> <http://blulab.chpc.utah.edu/ontologies/schema/endo/colonoscopyQuality.owl#Colon_structure> -> <http://blulab.chpc.utah.edu/ontologies/schema/endo/colonoscopyQuality.owl#Region_of_colon> -> <http://blulab.chpc.utah.edu/ontologies/schema/endo/colonoscopyQuality.owl#Structure_of_colic_flexure> -> <http://blulab.chpc.utah.edu/ontologies/schema/endo/colonoscopyQuality.owl#Hepatic_flexure_of_colon>, <http://blulab.chpc.utah.edu/ontologies/v2/ConText.owl#Lexicon> -> <http://blulab.chpc.utah.edu/ontologies/v2/ConText.owl#Modifier> -> <http://blulab.chpc.utah.edu/ontologies/v2/ConText.owl#SemanticModifier> -> <http://blulab.chpc.utah.edu/ontologies/v2/ConText.owl#BodySite> -> <http://blulab.chpc.utah.edu/ontologies/schema/endo/colonoscopyQuality.owl#Colon_structure> -> <http://blulab.chpc.utah.edu/ontologies/schema/endo/colonoscopyQuality.owl#Entire_colon> -> <http://blulab.chpc.utah.edu/ontologies/schema/endo/colonoscopyQuality.owl#Structure_of_colic_flexure> -> <http://blulab.chpc.utah.edu/ontologies/schema/endo/colonoscopyQuality.owl#Hepatic_flexure_of_colon>, <http://blulab.chpc.utah.edu/ontologies/v2/ConText.owl#Lexicon> -> <http://blulab.chpc.utah.edu/ontologies/v2/ConText.owl#Modifier> -> <http://blulab.chpc.utah.edu/ontologies/v2/ConText.owl#SemanticModifier> -> <http://blulab.chpc.utah.edu/ontologies/v2/ConText.owl#BodySite> -> <http://blulab.chpc.utah.edu/ontologies/schema/endo/colonoscopyQuality.owl#Colon_structure> -> <http://blulab.chpc.utah.edu/ontologies/schema/endo/colonoscopyQuality.owl#Entire_colon> -> <http://blulab.chpc.utah.edu/ontologies/schema/endo/colonoscopyQuality.owl#Transverse_colon> -> <http://blulab.chpc.utah.edu/ontologies/schema/endo/colonoscopyQuality.owl#Hepatic_flexure_of_colon>, <http://blulab.chpc.utah.edu/ontologies/v2/ConText.owl#Lexicon> -> <http://blulab.chpc.utah.edu/ontologies/v2/ConText.owl#Modifier> -> <http://blulab.chpc.utah.edu/ontologies/v2/ConText.owl#SemanticModifier> -> <http://blulab.chpc.utah.edu/ontologies/v2/ConText.owl#BodySite> -> <http://blulab.chpc.utah.edu/ontologies/schema/endo/colonoscopyQuality.owl#Colon_structure> -> <http://blulab.chpc.utah.edu/ontologies/schema/endo/colonoscopyQuality.owl#Region_of_colon> -> <http://blulab.chpc.utah.edu/ontologies/schema/endo/colonoscopyQuality.owl#Transverse_colon> -> <http://blulab.chpc.utah.edu/ontologies/schema/endo/colonoscopyQuality.owl#Hepatic_flexure_of_colon>, <http://blulab.chpc.utah.edu/ontologies/v2/ConText.owl#Lexicon> -> <http://blulab.chpc.utah.edu/ontologies/v2/ConText.owl#Modifier> -> <http://blulab.chpc.utah.edu/ontologies/v2/ConText.owl#SemanticModifier> -> <http://blulab.chpc.utah.edu/ontologies/v2/ConText.owl#BodySite> -> <http://blulab.chpc.utah.edu/ontologies/schema/endo/colonoscopyQuality.owl#Colon_structure> -> <http://blulab.chpc.utah.edu/ontologies/schema/endo/colonoscopyQuality.owl#Transverse_colon> -> <http://blulab.chpc.utah.edu/ontologies/schema/endo/colonoscopyQuality.owl#Hepatic_flexure_of_colon>, <http://blulab.chpc.utah.edu/ontologies/v2/ConText.owl#Lexicon> -> <http://blulab.chpc.utah.edu/ontologies/v2/ConText.owl#Modifier> -> <http://blulab.chpc.utah.edu/ontologies/v2/ConText.owl#SemanticModifier> -> <http://blulab.chpc.utah.edu/ontologies/v2/ConText.owl#BodySite> -> <http://blulab.chpc.utah.edu/ontologies/schema/endo/colonoscopyQuality.owl#Colon_structure> -> <http://blulab.chpc.utah.edu/ontologies/schema/endo/colonoscopyQuality.owl#Entire_colon> -> <http://blulab.chpc.utah.edu/ontologies/schema/endo/colonoscopyQuality.owl#Right_colon> -> <http://blulab.chpc.utah.edu/ontologies/schema/endo/colonoscopyQuality.owl#Entire_right_colon> -> <http://blulab.chpc.utah.edu/ontologies/schema/endo/colonoscopyQuality.owl#Ascending_colon> -> <http://blulab.chpc.utah.edu/ontologies/schema/endo/colonoscopyQuality.owl#Hepatic_flexure_of_colon>, <http://blulab.chpc.utah.edu/ontologies/v2/ConText.owl#Lexicon> -> <http://blulab.chpc.utah.edu/ontologies/v2/ConText.owl#Modifier> -> <http://blulab.chpc.utah.edu/ontologies/v2/ConText.owl#SemanticModifier> -> <http://blulab.chpc.utah.edu/ontologies/v2/ConText.owl#BodySite> -> <http://blulab.chpc.utah.edu/ontologies/schema/endo/colonoscopyQuality.owl#Colon_structure> -> <http://blulab.chpc.utah.edu/ontologies/schema/endo/colonoscopyQuality.owl#Entire_colon> -> <http://blulab.chpc.utah.edu/ontologies/schema/endo/colonoscopyQuality.owl#Entire_right_colon> -> <http://blulab.chpc.utah.edu/ontologies/schema/endo/colonoscopyQuality.owl#Ascending_colon> -> <http://blulab.chpc.utah.edu/ontologies/schema/endo/colonoscopyQuality.owl#Hepatic_flexure_of_colon>, <http://blulab.chpc.utah.edu/ontologies/v2/ConText.owl#Lexicon> -> <http://blulab.chpc.utah.edu/ontologies/v2/ConText.owl#Modifier> -> <http://blulab.chpc.utah.edu/ontologies/v2/ConText.owl#SemanticModifier> -> <http://blulab.chpc.utah.edu/ontologies/v2/ConText.owl#BodySite> -> <http://blulab.chpc.utah.edu/ontologies/schema/endo/colonoscopyQuality.owl#Colon_structure> -> <http://blulab.chpc.utah.edu/ontologies/schema/endo/colonoscopyQuality.owl#Region_of_colon> -> <http://blulab.chpc.utah.edu/ontologies/schema/endo/colonoscopyQuality.owl#Ascending_colon> -> <http://blulab.chpc.utah.edu/ontologies/schema/endo/colonoscopyQuality.owl#Hepatic_flexure_of_colon>, <http://blulab.chpc.utah.edu/ontologies/v2/ConText.owl#Lexicon> -> <http://blulab.chpc.utah.edu/ontologies/v2/ConText.owl#Modifier> -> <http://blulab.chpc.utah.edu/ontologies/v2/ConText.owl#SemanticModifier> -> <http://blulab.chpc.utah.edu/ontologies/v2/ConText.owl#BodySite> -> <http://blulab.chpc.utah.edu/ontologies/schema/endo/colonoscopyQuality.owl#Colon_structure> -> <http://blulab.chpc.utah.edu/ontologies/schema/endo/colonoscopyQuality.owl#Entire_colon> -> <http://blulab.chpc.utah.edu/ontologies/schema/endo/colonoscopyQuality.owl#Right_colon> -> <http://blulab.chpc.utah.edu/ontologies/schema/endo/colonoscopyQuality.owl#Ascending_colon> -> <http://blulab.chpc.utah.edu/ontologies/schema/endo/colonoscopyQuality.owl#Hepatic_flexure_of_colon>]]

	Modifier: Left_colic_flexure, uri=http://blulab.chpc.utah.edu/ontologies/schema/endo/colonoscopyQuality.owl#Left_colic_flexure, type= Semantic, classPath= [<http://blulab.chpc.utah.edu/ontologies/v2/ConText.owl#Lexicon> -> <http://blulab.chpc.utah.edu/ontologies/v2/ConText.owl#Modifier> -> <http://blulab.chpc.utah.edu/ontologies/v2/ConText.owl#SemanticModifier> -> <http://blulab.chpc.utah.edu/ontologies/v2/ConText.owl#BodySite> -> <http://blulab.chpc.utah.edu/ontologies/schema/endo/colonoscopyQuality.owl#Colon_structure> -> <http://blulab.chpc.utah.edu/ontologies/schema/endo/colonoscopyQuality.owl#Descending_colon> -> <http://blulab.chpc.utah.edu/ontologies/schema/endo/colonoscopyQuality.owl#Left_colic_flexure>, <http://blulab.chpc.utah.edu/ontologies/v2/ConText.owl#Lexicon> -> <http://blulab.chpc.utah.edu/ontologies/v2/ConText.owl#Modifier> -> <http://blulab.chpc.utah.edu/ontologies/v2/ConText.owl#SemanticModifier> -> <http://blulab.chpc.utah.edu/ontologies/v2/ConText.owl#BodySite> -> <http://blulab.chpc.utah.edu/ontologies/schema/endo/colonoscopyQuality.owl#Colon_structure> -> <http://blulab.chpc.utah.edu/ontologies/schema/endo/colonoscopyQuality.owl#Descending_colon> -> <http://blulab.chpc.utah.edu/ontologies/schema/endo/colonoscopyQuality.owl#Entire_descending_colon> -> <http://blulab.chpc.utah.edu/ontologies/schema/endo/colonoscopyQuality.owl#Left_colic_flexure>, <http://blulab.chpc.utah.edu/ontologies/v2/ConText.owl#Lexicon> -> <http://blulab.chpc.utah.edu/ontologies/v2/ConText.owl#Modifier> -> <http://blulab.chpc.utah.edu/ontologies/v2/ConText.owl#SemanticModifier> -> <http://blulab.chpc.utah.edu/ontologies/v2/ConText.owl#BodySite> -> <http://blulab.chpc.utah.edu/ontologies/schema/endo/colonoscopyQuality.owl#Colon_structure> -> <http://blulab.chpc.utah.edu/ontologies/schema/endo/colonoscopyQuality.owl#Left_colon> -> <http://blulab.chpc.utah.edu/ontologies/schema/endo/colonoscopyQuality.owl#Entire_left_colon> -> <http://blulab.chpc.utah.edu/ontologies/schema/endo/colonoscopyQuality.owl#Descending_colon> -> <http://blulab.chpc.utah.edu/ontologies/schema/endo/colonoscopyQuality.owl#Entire_descending_colon> -> <http://blulab.chpc.utah.edu/ontologies/schema/endo/colonoscopyQuality.owl#Left_colic_flexure>, <http://blulab.chpc.utah.edu/ontologies/v2/ConText.owl#Lexicon> -> <http://blulab.chpc.utah.edu/ontologies/v2/ConText.owl#Modifier> -> <http://blulab.chpc.utah.edu/ontologies/v2/ConText.owl#SemanticModifier> -> <http://blulab.chpc.utah.edu/ontologies/v2/ConText.owl#BodySite> -> <http://blulab.chpc.utah.edu/ontologies/schema/endo/colonoscopyQuality.owl#Colon_structure> -> <http://blulab.chpc.utah.edu/ontologies/schema/endo/colonoscopyQuality.owl#Entire_colon> -> <http://blulab.chpc.utah.edu/ontologies/schema/endo/colonoscopyQuality.owl#Left_colon> -> <http://blulab.chpc.utah.edu/ontologies/schema/endo/colonoscopyQuality.owl#Entire_left_colon> -> <http://blulab.chpc.utah.edu/ontologies/schema/endo/colonoscopyQuality.owl#Descending_colon> -> <http://blulab.chpc.utah.edu/ontologies/schema/endo/colonoscopyQuality.owl#Entire_descending_colon> -> <http://blulab.chpc.utah.edu/ontologies/schema/endo/colonoscopyQuality.owl#Left_colic_flexure>, <http://blulab.chpc.utah.edu/ontologies/v2/ConText.owl#Lexicon> -> <http://blulab.chpc.utah.edu/ontologies/v2/ConText.owl#Modifier> -> <http://blulab.chpc.utah.edu/ontologies/v2/ConText.owl#SemanticModifier> -> <http://blulab.chpc.utah.edu/ontologies/v2/ConText.owl#BodySite> -> <http://blulab.chpc.utah.edu/ontologies/schema/endo/colonoscopyQuality.owl#Colon_structure> -> <http://blulab.chpc.utah.edu/ontologies/schema/endo/colonoscopyQuality.owl#Entire_colon> -> <http://blulab.chpc.utah.edu/ontologies/schema/endo/colonoscopyQuality.owl#Left_colon> -> <http://blulab.chpc.utah.edu/ontologies/schema/endo/colonoscopyQuality.owl#Descending_colon> -> <http://blulab.chpc.utah.edu/ontologies/schema/endo/colonoscopyQuality.owl#Entire_descending_colon> -> <http://blulab.chpc.utah.edu/ontologies/schema/endo/colonoscopyQuality.owl#Left_colic_flexure>, <http://blulab.chpc.utah.edu/ontologies/v2/ConText.owl#Lexicon> -> <http://blulab.chpc.utah.edu/ontologies/v2/ConText.owl#Modifier> -> <http://blulab.chpc.utah.edu/ontologies/v2/ConText.owl#SemanticModifier> -> <http://blulab.chpc.utah.edu/ontologies/v2/ConText.owl#BodySite> -> <http://blulab.chpc.utah.edu/ontologies/schema/endo/colonoscopyQuality.owl#Colon_structure> -> <http://blulab.chpc.utah.edu/ontologies/schema/endo/colonoscopyQuality.owl#Left_colon> -> <http://blulab.chpc.utah.edu/ontologies/schema/endo/colonoscopyQuality.owl#Descending_colon> -> <http://blulab.chpc.utah.edu/ontologies/schema/endo/colonoscopyQuality.owl#Entire_descending_colon> -> <http://blulab.chpc.utah.edu/ontologies/schema/endo/colonoscopyQuality.owl#Left_colic_flexure>, <http://blulab.chpc.utah.edu/ontologies/v2/ConText.owl#Lexicon> -> <http://blulab.chpc.utah.edu/ontologies/v2/ConText.owl#Modifier> -> <http://blulab.chpc.utah.edu/ontologies/v2/ConText.owl#SemanticModifier> -> <http://blulab.chpc.utah.edu/ontologies/v2/ConText.owl#BodySite> -> <http://blulab.chpc.utah.edu/ontologies/schema/endo/colonoscopyQuality.owl#Colon_structure> -> <http://blulab.chpc.utah.edu/ontologies/schema/endo/colonoscopyQuality.owl#Region_of_colon> -> <http://blulab.chpc.utah.edu/ontologies/schema/endo/colonoscopyQuality.owl#Descending_colon> -> <http://blulab.chpc.utah.edu/ontologies/schema/endo/colonoscopyQuality.owl#Entire_descending_colon> -> <http://blulab.chpc.utah.edu/ontologies/schema/endo/colonoscopyQuality.owl#Left_colic_flexure>, <http://blulab.chpc.utah.edu/ontologies/v2/ConText.owl#Lexicon> -> <http://blulab.chpc.utah.edu/ontologies/v2/ConText.owl#Modifier> -> <http://blulab.chpc.utah.edu/ontologies/v2/ConText.owl#SemanticModifier> -> <http://blulab.chpc.utah.edu/ontologies/v2/ConText.owl#BodySite> -> <http://blulab.chpc.utah.edu/ontologies/schema/endo/colonoscopyQuality.owl#Colon_structure> -> <http://blulab.chpc.utah.edu/ontologies/schema/endo/colonoscopyQuality.owl#Region_of_colon> -> <http://blulab.chpc.utah.edu/ontologies/schema/endo/colonoscopyQuality.owl#Structure_of_colic_flexure> -> <http://blulab.chpc.utah.edu/ontologies/schema/endo/colonoscopyQuality.owl#Left_colic_flexure>, <http://blulab.chpc.utah.edu/ontologies/v2/ConText.owl#Lexicon> -> <http://blulab.chpc.utah.edu/ontologies/v2/ConText.owl#Modifier> -> <http://blulab.chpc.utah.edu/ontologies/v2/ConText.owl#SemanticModifier> -> <http://blulab.chpc.utah.edu/ontologies/v2/ConText.owl#BodySite> -> <http://blulab.chpc.utah.edu/ontologies/schema/endo/colonoscopyQuality.owl#Colon_structure> -> <http://blulab.chpc.utah.edu/ontologies/schema/endo/colonoscopyQuality.owl#Entire_colon> -> <http://blulab.chpc.utah.edu/ontologies/schema/endo/colonoscopyQuality.owl#Structure_of_colic_flexure> -> <http://blulab.chpc.utah.edu/ontologies/schema/endo/colonoscopyQuality.owl#Left_colic_flexure>, <http://blulab.chpc.utah.edu/ontologies/v2/ConText.owl#Lexicon> -> <http://blulab.chpc.utah.edu/ontologies/v2/ConText.owl#Modifier> -> <http://blulab.chpc.utah.edu/ontologies/v2/ConText.owl#SemanticModifier> -> <http://blulab.chpc.utah.edu/ontologies/v2/ConText.owl#BodySite> -> <http://blulab.chpc.utah.edu/ontologies/schema/endo/colonoscopyQuality.owl#Colon_structure> -> <http://blulab.chpc.utah.edu/ontologies/schema/endo/colonoscopyQuality.owl#Entire_colon> -> <http://blulab.chpc.utah.edu/ontologies/schema/endo/colonoscopyQuality.owl#Transverse_colon> -> <http://blulab.chpc.utah.edu/ontologies/schema/endo/colonoscopyQuality.owl#Left_colic_flexure>, <http://blulab.chpc.utah.edu/ontologies/v2/ConText.owl#Lexicon> -> <http://blulab.chpc.utah.edu/ontologies/v2/ConText.owl#Modifier> -> <http://blulab.chpc.utah.edu/ontologies/v2/ConText.owl#SemanticModifier> -> <http://blulab.chpc.utah.edu/ontologies/v2/ConText.owl#BodySite> -> <http://blulab.chpc.utah.edu/ontologies/schema/endo/colonoscopyQuality.owl#Colon_structure> -> <http://blulab.chpc.utah.edu/ontologies/schema/endo/colonoscopyQuality.owl#Region_of_colon> -> <http://blulab.chpc.utah.edu/ontologies/schema/endo/colonoscopyQuality.owl#Transverse_colon> -> <http://blulab.chpc.utah.edu/ontologies/schema/endo/colonoscopyQuality.owl#Left_colic_flexure>, <http://blulab.chpc.utah.edu/ontologies/v2/ConText.owl#Lexicon> -> <http://blulab.chpc.utah.edu/ontologies/v2/ConText.owl#Modifier> -> <http://blulab.chpc.utah.edu/ontologies/v2/ConText.owl#SemanticModifier> -> <http://blulab.chpc.utah.edu/ontologies/v2/ConText.owl#BodySite> -> <http://blulab.chpc.utah.edu/ontologies/schema/endo/colonoscopyQuality.owl#Colon_structure> -> <http://blulab.chpc.utah.edu/ontologies/schema/endo/colonoscopyQuality.owl#Transverse_colon> -> <http://blulab.chpc.utah.edu/ontologies/schema/endo/colonoscopyQuality.owl#Left_colic_flexure>, <http://blulab.chpc.utah.edu/ontologies/v2/ConText.owl#Lexicon> -> <http://blulab.chpc.utah.edu/ontologies/v2/ConText.owl#Modifier> -> <http://blulab.chpc.utah.edu/ontologies/v2/ConText.owl#SemanticModifier> -> <http://blulab.chpc.utah.edu/ontologies/v2/ConText.owl#BodySite> -> <http://blulab.chpc.utah.edu/ontologies/schema/endo/colonoscopyQuality.owl#Colon_structure> -> <http://blulab.chpc.utah.edu/ontologies/schema/endo/colonoscopyQuality.owl#Left_colon> -> <http://blulab.chpc.utah.edu/ontologies/schema/endo/colonoscopyQuality.owl#Entire_left_colon> -> <http://blulab.chpc.utah.edu/ontologies/schema/endo/colonoscopyQuality.owl#Descending_colon> -> <http://blulab.chpc.utah.edu/ontologies/schema/endo/colonoscopyQuality.owl#Left_colic_flexure>, <http://blulab.chpc.utah.edu/ontologies/v2/ConText.owl#Lexicon> -> <http://blulab.chpc.utah.edu/ontologies/v2/ConText.owl#Modifier> -> <http://blulab.chpc.utah.edu/ontologies/v2/ConText.owl#SemanticModifier> -> <http://blulab.chpc.utah.edu/ontologies/v2/ConText.owl#BodySite> -> <http://blulab.chpc.utah.edu/ontologies/schema/endo/colonoscopyQuality.owl#Colon_structure> -> <http://blulab.chpc.utah.edu/ontologies/schema/endo/colonoscopyQuality.owl#Entire_colon> -> <http://blulab.chpc.utah.edu/ontologies/schema/endo/colonoscopyQuality.owl#Left_colon> -> <http://blulab.chpc.utah.edu/ontologies/schema/endo/colonoscopyQuality.owl#Entire_left_colon> -> <http://blulab.chpc.utah.edu/ontologies/schema/endo/colonoscopyQuality.owl#Descending_colon> -> <http://blulab.chpc.utah.edu/ontologies/schema/endo/colonoscopyQuality.owl#Left_colic_flexure>, <http://blulab.chpc.utah.edu/ontologies/v2/ConText.owl#Lexicon> -> <http://blulab.chpc.utah.edu/ontologies/v2/ConText.owl#Modifier> -> <http://blulab.chpc.utah.edu/ontologies/v2/ConText.owl#SemanticModifier> -> <http://blulab.chpc.utah.edu/ontologies/v2/ConText.owl#BodySite> -> <http://blulab.chpc.utah.edu/ontologies/schema/endo/colonoscopyQuality.owl#Colon_structure> -> <http://blulab.chpc.utah.edu/ontologies/schema/endo/colonoscopyQuality.owl#Entire_colon> -> <http://blulab.chpc.utah.edu/ontologies/schema/endo/colonoscopyQuality.owl#Left_colon> -> <http://blulab.chpc.utah.edu/ontologies/schema/endo/colonoscopyQuality.owl#Descending_colon> -> <http://blulab.chpc.utah.edu/ontologies/schema/endo/colonoscopyQuality.owl#Left_colic_flexure>, <http://blulab.chpc.utah.edu/ontologies/v2/ConText.owl#Lexicon> -> <http://blulab.chpc.utah.edu/ontologies/v2/ConText.owl#Modifier> -> <http://blulab.chpc.utah.edu/ontologies/v2/ConText.owl#SemanticModifier> -> <http://blulab.chpc.utah.edu/ontologies/v2/ConText.owl#BodySite> -> <http://blulab.chpc.utah.edu/ontologies/schema/endo/colonoscopyQuality.owl#Colon_structure> -> <http://blulab.chpc.utah.edu/ontologies/schema/endo/colonoscopyQuality.owl#Left_colon> -> <http://blulab.chpc.utah.edu/ontologies/schema/endo/colonoscopyQuality.owl#Descending_colon> -> <http://blulab.chpc.utah.edu/ontologies/schema/endo/colonoscopyQuality.owl#Left_colic_flexure>, <http://blulab.chpc.utah.edu/ontologies/v2/ConText.owl#Lexicon> -> <http://blulab.chpc.utah.edu/ontologies/v2/ConText.owl#Modifier> -> <http://blulab.chpc.utah.edu/ontologies/v2/ConText.owl#SemanticModifier> -> <http://blulab.chpc.utah.edu/ontologies/v2/ConText.owl#BodySite> -> <http://blulab.chpc.utah.edu/ontologies/schema/endo/colonoscopyQuality.owl#Colon_structure> -> <http://blulab.chpc.utah.edu/ontologies/schema/endo/colonoscopyQuality.owl#Region_of_colon> -> <http://blulab.chpc.utah.edu/ontologies/schema/endo/colonoscopyQuality.owl#Descending_colon> -> <http://blulab.chpc.utah.edu/ontologies/schema/endo/colonoscopyQuality.owl#Left_colic_flexure>]]

	Modifier: Lumen_of_transverse_colon, uri=http://blulab.chpc.utah.edu/ontologies/schema/endo/colonoscopyQuality.owl#Lumen_of_transverse_colon, type= Semantic, classPath= [<http://blulab.chpc.utah.edu/ontologies/v2/ConText.owl#Lexicon> -> <http://blulab.chpc.utah.edu/ontologies/v2/ConText.owl#Modifier> -> <http://blulab.chpc.utah.edu/ontologies/v2/ConText.owl#SemanticModifier> -> <http://blulab.chpc.utah.edu/ontologies/v2/ConText.owl#BodySite> -> <http://blulab.chpc.utah.edu/ontologies/schema/endo/colonoscopyQuality.owl#Colon_structure> -> <http://blulab.chpc.utah.edu/ontologies/schema/endo/colonoscopyQuality.owl#Colonic_lumen> -> <http://blulab.chpc.utah.edu/ontologies/schema/endo/colonoscopyQuality.owl#Lumen_of_transverse_colon>, <http://blulab.chpc.utah.edu/ontologies/v2/ConText.owl#Lexicon> -> <http://blulab.chpc.utah.edu/ontologies/v2/ConText.owl#Modifier> -> <http://blulab.chpc.utah.edu/ontologies/v2/ConText.owl#SemanticModifier> -> <http://blulab.chpc.utah.edu/ontologies/v2/ConText.owl#BodySite> -> <http://blulab.chpc.utah.edu/ontologies/schema/endo/colonoscopyQuality.owl#Colon_structure> -> <http://blulab.chpc.utah.edu/ontologies/schema/endo/colonoscopyQuality.owl#Entire_colon> -> <http://blulab.chpc.utah.edu/ontologies/schema/endo/colonoscopyQuality.owl#Transverse_colon> -> <http://blulab.chpc.utah.edu/ontologies/schema/endo/colonoscopyQuality.owl#Lumen_of_transverse_colon>, <http://blulab.chpc.utah.edu/ontologies/v2/ConText.owl#Lexicon> -> <http://blulab.chpc.utah.edu/ontologies/v2/ConText.owl#Modifier> -> <http://blulab.chpc.utah.edu/ontologies/v2/ConText.owl#SemanticModifier> -> <http://blulab.chpc.utah.edu/ontologies/v2/ConText.owl#BodySite> -> <http://blulab.chpc.utah.edu/ontologies/schema/endo/colonoscopyQuality.owl#Colon_structure> -> <http://blulab.chpc.utah.edu/ontologies/schema/endo/colonoscopyQuality.owl#Region_of_colon> -> <http://blulab.chpc.utah.edu/ontologies/schema/endo/colonoscopyQuality.owl#Transverse_colon> -> <http://blulab.chpc.utah.edu/ontologies/schema/endo/colonoscopyQuality.owl#Lumen_of_transverse_colon>, <http://blulab.chpc.utah.edu/ontologies/v2/ConText.owl#Lexicon> -> <http://blulab.chpc.utah.edu/ontologies/v2/ConText.owl#Modifier> -> <http://blulab.chpc.utah.edu/ontologies/v2/ConText.owl#SemanticModifier> -> <http://blulab.chpc.utah.edu/ontologies/v2/ConText.owl#BodySite> -> <http://blulab.chpc.utah.edu/ontologies/schema/endo/colonoscopyQuality.owl#Colon_structure> -> <http://blulab.chpc.utah.edu/ontologies/schema/endo/colonoscopyQuality.owl#Transverse_colon> -> <http://blulab.chpc.utah.edu/ontologies/schema/endo/colonoscopyQuality.owl#Lumen_of_transverse_colon>, <http://blulab.chpc.utah.edu/ontologies/v2/ConText.owl#Lexicon> -> <http://blulab.chpc.utah.edu/ontologies/v2/ConText.owl#Modifier> -> <http://blulab.chpc.utah.edu/ontologies/v2/ConText.owl#SemanticModifier> -> <http://blulab.chpc.utah.edu/ontologies/v2/ConText.owl#BodySite> -> <http://blulab.chpc.utah.edu/ontologies/schema/endo/colonoscopyQuality.owl#Colon_structure> -> <http://blulab.chpc.utah.edu/ontologies/schema/endo/colonoscopyQuality.owl#Entire_colon> -> <http://blulab.chpc.utah.edu/ontologies/schema/endo/colonoscopyQuality.owl#Colonic_lumen> -> <http://blulab.chpc.utah.edu/ontologies/schema/endo/colonoscopyQuality.owl#Lumen_of_transverse_colon>]]

	Modifier: Proximal_part_of_transverse_colon, uri=http://blulab.chpc.utah.edu/ontologies/schema/endo/colonoscopyQuality.owl#Proximal_part_of_transverse_colon, type= Semantic, classPath= [<http://blulab.chpc.utah.edu/ontologies/v2/ConText.owl#Lexicon> -> <http://blulab.chpc.utah.edu/ontologies/v2/ConText.owl#Modifier> -> <http://blulab.chpc.utah.edu/ontologies/v2/ConText.owl#SemanticModifier> -> <http://blulab.chpc.utah.edu/ontologies/v2/ConText.owl#BodySite> -> <http://blulab.chpc.utah.edu/ontologies/schema/endo/colonoscopyQuality.owl#Colon_structure> -> <http://blulab.chpc.utah.edu/ontologies/schema/endo/colonoscopyQuality.owl#Transverse_colon> -> <http://blulab.chpc.utah.edu/ontologies/schema/endo/colonoscopyQuality.owl#Proximal_part_of_transverse_colon>, <http://blulab.chpc.utah.edu/ontologies/v2/ConText.owl#Lexicon> -> <http://blulab.chpc.utah.edu/ontologies/v2/ConText.owl#Modifier> -> <http://blulab.chpc.utah.edu/ontologies/v2/ConText.owl#SemanticModifier> -> <http://blulab.chpc.utah.edu/ontologies/v2/ConText.owl#BodySite> -> <http://blulab.chpc.utah.edu/ontologies/schema/endo/colonoscopyQuality.owl#Colon_structure> -> <http://blulab.chpc.utah.edu/ontologies/schema/endo/colonoscopyQuality.owl#Entire_colon> -> <http://blulab.chpc.utah.edu/ontologies/schema/endo/colonoscopyQuality.owl#Transverse_colon> -> <http://blulab.chpc.utah.edu/ontologies/schema/endo/colonoscopyQuality.owl#Proximal_part_of_transverse_colon>, <http://blulab.chpc.utah.edu/ontologies/v2/ConText.owl#Lexicon> -> <http://blulab.chpc.utah.edu/ontologies/v2/ConText.owl#Modifier> -> <http://blulab.chpc.utah.edu/ontologies/v2/ConText.owl#SemanticModifier> -> <http://blulab.chpc.utah.edu/ontologies/v2/ConText.owl#BodySite> -> <http://blulab.chpc.utah.edu/ontologies/schema/endo/colonoscopyQuality.owl#Colon_structure> -> <http://blulab.chpc.utah.edu/ontologies/schema/endo/colonoscopyQuality.owl#Region_of_colon> -> <http://blulab.chpc.utah.edu/ontologies/schema/endo/colonoscopyQuality.owl#Transverse_colon> -> <http://blulab.chpc.utah.edu/ontologies/schema/endo/colonoscopyQuality.owl#Proximal_part_of_transverse_colon>]]

	Modifier: Transverse_colon_proper, uri=http://blulab.chpc.utah.edu/ontologies/schema/endo/colonoscopyQuality.owl#Transverse_colon_proper, type= Semantic, classPath= [<http://blulab.chpc.utah.edu/ontologies/v2/ConText.owl#Lexicon> -> <http://blulab.chpc.utah.edu/ontologies/v2/ConText.owl#Modifier> -> <http://blulab.chpc.utah.edu/ontologies/v2/ConText.owl#SemanticModifier> -> <http://blulab.chpc.utah.edu/ontologies/v2/ConText.owl#BodySite> -> <http://blulab.chpc.utah.edu/ontologies/schema/endo/colonoscopyQuality.owl#Colon_structure> -> <http://blulab.chpc.utah.edu/ontologies/schema/endo/colonoscopyQuality.owl#Transverse_colon> -> <http://blulab.chpc.utah.edu/ontologies/schema/endo/colonoscopyQuality.owl#Transverse_colon_proper>, <http://blulab.chpc.utah.edu/ontologies/v2/ConText.owl#Lexicon> -> <http://blulab.chpc.utah.edu/ontologies/v2/ConText.owl#Modifier> -> <http://blulab.chpc.utah.edu/ontologies/v2/ConText.owl#SemanticModifier> -> <http://blulab.chpc.utah.edu/ontologies/v2/ConText.owl#BodySite> -> <http://blulab.chpc.utah.edu/ontologies/schema/endo/colonoscopyQuality.owl#Colon_structure> -> <http://blulab.chpc.utah.edu/ontologies/schema/endo/colonoscopyQuality.owl#Entire_colon> -> <http://blulab.chpc.utah.edu/ontologies/schema/endo/colonoscopyQuality.owl#Transverse_colon> -> <http://blulab.chpc.utah.edu/ontologies/schema/endo/colonoscopyQuality.owl#Transverse_colon_proper>, <http://blulab.chpc.utah.edu/ontologies/v2/ConText.owl#Lexicon> -> <http://blulab.chpc.utah.edu/ontologies/v2/ConText.owl#Modifier> -> <http://blulab.chpc.utah.edu/ontologies/v2/ConText.owl#SemanticModifier> -> <http://blulab.chpc.utah.edu/ontologies/v2/ConText.owl#BodySite> -> <http://blulab.chpc.utah.edu/ontologies/schema/endo/colonoscopyQuality.owl#Colon_structure> -> <http://blulab.chpc.utah.edu/ontologies/schema/endo/colonoscopyQuality.owl#Region_of_colon> -> <http://blulab.chpc.utah.edu/ontologies/schema/endo/colonoscopyQuality.owl#Transverse_colon> -> <http://blulab.chpc.utah.edu/ontologies/schema/endo/colonoscopyQuality.owl#Transverse_colon_proper>]]

	Modifier: Wall_of_transverse_colon, uri=http://blulab.chpc.utah.edu/ontologies/schema/endo/colonoscopyQuality.owl#Wall_of_transverse_colon, type= Semantic, classPath= [<http://blulab.chpc.utah.edu/ontologies/v2/ConText.owl#Lexicon> -> <http://blulab.chpc.utah.edu/ontologies/v2/ConText.owl#Modifier> -> <http://blulab.chpc.utah.edu/ontologies/v2/ConText.owl#SemanticModifier> -> <http://blulab.chpc.utah.edu/ontologies/v2/ConText.owl#BodySite> -> <http://blulab.chpc.utah.edu/ontologies/schema/endo/colonoscopyQuality.owl#Colon_structure> -> <http://blulab.chpc.utah.edu/ontologies/schema/endo/colonoscopyQuality.owl#Transverse_colon> -> <http://blulab.chpc.utah.edu/ontologies/schema/endo/colonoscopyQuality.owl#Wall_of_transverse_colon>, <http://blulab.chpc.utah.edu/ontologies/v2/ConText.owl#Lexicon> -> <http://blulab.chpc.utah.edu/ontologies/v2/ConText.owl#Modifier> -> <http://blulab.chpc.utah.edu/ontologies/v2/ConText.owl#SemanticModifier> -> <http://blulab.chpc.utah.edu/ontologies/v2/ConText.owl#BodySite> -> <http://blulab.chpc.utah.edu/ontologies/schema/endo/colonoscopyQuality.owl#Colon_structure> -> <http://blulab.chpc.utah.edu/ontologies/schema/endo/colonoscopyQuality.owl#Entire_colon> -> <http://blulab.chpc.utah.edu/ontologies/schema/endo/colonoscopyQuality.owl#Transverse_colon> -> <http://blulab.chpc.utah.edu/ontologies/schema/endo/colonoscopyQuality.owl#Wall_of_transverse_colon>, <http://blulab.chpc.utah.edu/ontologies/v2/ConText.owl#Lexicon> -> <http://blulab.chpc.utah.edu/ontologies/v2/ConText.owl#Modifier> -> <http://blulab.chpc.utah.edu/ontologies/v2/ConText.owl#SemanticModifier> -> <http://blulab.chpc.utah.edu/ontologies/v2/ConText.owl#BodySite> -> <http://blulab.chpc.utah.edu/ontologies/schema/endo/colonoscopyQuality.owl#Colon_structure> -> <http://blulab.chpc.utah.edu/ontologies/schema/endo/colonoscopyQuality.owl#Region_of_colon> -> <http://blulab.chpc.utah.edu/ontologies/schema/endo/colonoscopyQuality.owl#Transverse_colon> -> <http://blulab.chpc.utah.edu/ontologies/schema/endo/colonoscopyQuality.owl#Wall_of_transverse_colon>]]

	Modifier: Anterior_wall_of_transverse_colon, uri=http://blulab.chpc.utah.edu/ontologies/schema/endo/colonoscopyQuality.owl#Anterior_wall_of_transverse_colon, type= Semantic, classPath= [<http://blulab.chpc.utah.edu/ontologies/v2/ConText.owl#Lexicon> -> <http://blulab.chpc.utah.edu/ontologies/v2/ConText.owl#Modifier> -> <http://blulab.chpc.utah.edu/ontologies/v2/ConText.owl#SemanticModifier> -> <http://blulab.chpc.utah.edu/ontologies/v2/ConText.owl#BodySite> -> <http://blulab.chpc.utah.edu/ontologies/schema/endo/colonoscopyQuality.owl#Colon_structure> -> <http://blulab.chpc.utah.edu/ontologies/schema/endo/colonoscopyQuality.owl#Transverse_colon> -> <http://blulab.chpc.utah.edu/ontologies/schema/endo/colonoscopyQuality.owl#Wall_of_transverse_colon> -> <http://blulab.chpc.utah.edu/ontologies/schema/endo/colonoscopyQuality.owl#Anterior_wall_of_transverse_colon>, <http://blulab.chpc.utah.edu/ontologies/v2/ConText.owl#Lexicon> -> <http://blulab.chpc.utah.edu/ontologies/v2/ConText.owl#Modifier> -> <http://blulab.chpc.utah.edu/ontologies/v2/ConText.owl#SemanticModifier> -> <http://blulab.chpc.utah.edu/ontologies/v2/ConText.owl#BodySite> -> <http://blulab.chpc.utah.edu/ontologies/schema/endo/colonoscopyQuality.owl#Colon_structure> -> <http://blulab.chpc.utah.edu/ontologies/schema/endo/colonoscopyQuality.owl#Entire_colon> -> <http://blulab.chpc.utah.edu/ontologies/schema/endo/colonoscopyQuality.owl#Transverse_colon> -> <http://blulab.chpc.utah.edu/ontologies/schema/endo/colonoscopyQuality.owl#Wall_of_transverse_colon> -> <http://blulab.chpc.utah.edu/ontologies/schema/endo/colonoscopyQuality.owl#Anterior_wall_of_transverse_colon>, <http://blulab.chpc.utah.edu/ontologies/v2/ConText.owl#Lexicon> -> <http://blulab.chpc.utah.edu/ontologies/v2/ConText.owl#Modifier> -> <http://blulab.chpc.utah.edu/ontologies/v2/ConText.owl#SemanticModifier> -> <http://blulab.chpc.utah.edu/ontologies/v2/ConText.owl#BodySite> -> <http://blulab.chpc.utah.edu/ontologies/schema/endo/colonoscopyQuality.owl#Colon_structure> -> <http://blulab.chpc.utah.edu/ontologies/schema/endo/colonoscopyQuality.owl#Region_of_colon> -> <http://blulab.chpc.utah.edu/ontologies/schema/endo/colonoscopyQuality.owl#Transverse_colon> -> <http://blulab.chpc.utah.edu/ontologies/schema/endo/colonoscopyQuality.owl#Wall_of_transverse_colon> -> <http://blulab.chpc.utah.edu/ontologies/schema/endo/colonoscopyQuality.owl#Anterior_wall_of_transverse_colon>]]

	Modifier: Epiploic_appendage_of_transverse_colon, uri=http://blulab.chpc.utah.edu/ontologies/schema/endo/colonoscopyQuality.owl#Epiploic_appendage_of_transverse_colon, type= Semantic, classPath= [<http://blulab.chpc.utah.edu/ontologies/v2/ConText.owl#Lexicon> -> <http://blulab.chpc.utah.edu/ontologies/v2/ConText.owl#Modifier> -> <http://blulab.chpc.utah.edu/ontologies/v2/ConText.owl#SemanticModifier> -> <http://blulab.chpc.utah.edu/ontologies/v2/ConText.owl#BodySite> -> <http://blulab.chpc.utah.edu/ontologies/schema/endo/colonoscopyQuality.owl#Colon_structure> -> <http://blulab.chpc.utah.edu/ontologies/schema/endo/colonoscopyQuality.owl#Colon_wall_structure> -> <http://blulab.chpc.utah.edu/ontologies/schema/endo/colonoscopyQuality.owl#Appendix_Epiploica> -> <http://blulab.chpc.utah.edu/ontologies/schema/endo/colonoscopyQuality.owl#Epiploic_appendage_of_transverse_colon>, <http://blulab.chpc.utah.edu/ontologies/v2/ConText.owl#Lexicon> -> <http://blulab.chpc.utah.edu/ontologies/v2/ConText.owl#Modifier> -> <http://blulab.chpc.utah.edu/ontologies/v2/ConText.owl#SemanticModifier> -> <http://blulab.chpc.utah.edu/ontologies/v2/ConText.owl#BodySite> -> <http://blulab.chpc.utah.edu/ontologies/schema/endo/colonoscopyQuality.owl#Colon_structure> -> <http://blulab.chpc.utah.edu/ontologies/schema/endo/colonoscopyQuality.owl#Transverse_colon> -> <http://blulab.chpc.utah.edu/ontologies/schema/endo/colonoscopyQuality.owl#Wall_of_transverse_colon> -> <http://blulab.chpc.utah.edu/ontologies/schema/endo/colonoscopyQuality.owl#Epiploic_appendage_of_transverse_colon>, <http://blulab.chpc.utah.edu/ontologies/v2/ConText.owl#Lexicon> -> <http://blulab.chpc.utah.edu/ontologies/v2/ConText.owl#Modifier> -> <http://blulab.chpc.utah.edu/ontologies/v2/ConText.owl#SemanticModifier> -> <http://blulab.chpc.utah.edu/ontologies/v2/ConText.owl#BodySite> -> <http://blulab.chpc.utah.edu/ontologies/schema/endo/colonoscopyQuality.owl#Colon_structure> -> <http://blulab.chpc.utah.edu/ontologies/schema/endo/colonoscopyQuality.owl#Entire_colon> -> <http://blulab.chpc.utah.edu/ontologies/schema/endo/colonoscopyQuality.owl#Transverse_colon> -> <http://blulab.chpc.utah.edu/ontologies/schema/endo/colonoscopyQuality.owl#Wall_of_transverse_colon> -> <http://blulab.chpc.utah.edu/ontologies/schema/endo/colonoscopyQuality.owl#Epiploic_appendage_of_transverse_colon>, <http://blulab.chpc.utah.edu/ontologies/v2/ConText.owl#Lexicon> -> <http://blulab.chpc.utah.edu/ontologies/v2/ConText.owl#Modifier> -> <http://blulab.chpc.utah.edu/ontologies/v2/ConText.owl#SemanticModifier> -> <http://blulab.chpc.utah.edu/ontologies/v2/ConText.owl#BodySite> -> <http://blulab.chpc.utah.edu/ontologies/schema/endo/colonoscopyQuality.owl#Colon_structure> -> <http://blulab.chpc.utah.edu/ontologies/schema/endo/colonoscopyQuality.owl#Region_of_colon> -> <http://blulab.chpc.utah.edu/ontologies/schema/endo/colonoscopyQuality.owl#Transverse_colon> -> <http://blulab.chpc.utah.edu/ontologies/schema/endo/colonoscopyQuality.owl#Wall_of_transverse_colon> -> <http://blulab.chpc.utah.edu/ontologies/schema/endo/colonoscopyQuality.owl#Epiploic_appendage_of_transverse_colon>, <http://blulab.chpc.utah.edu/ontologies/v2/ConText.owl#Lexicon> -> <http://blulab.chpc.utah.edu/ontologies/v2/ConText.owl#Modifier> -> <http://blulab.chpc.utah.edu/ontologies/v2/ConText.owl#SemanticModifier> -> <http://blulab.chpc.utah.edu/ontologies/v2/ConText.owl#BodySite> -> <http://blulab.chpc.utah.edu/ontologies/schema/endo/colonoscopyQuality.owl#Colon_structure> -> <http://blulab.chpc.utah.edu/ontologies/schema/endo/colonoscopyQuality.owl#Entire_colon> -> <http://blulab.chpc.utah.edu/ontologies/schema/endo/colonoscopyQuality.owl#Appendix_Epiploica> -> <http://blulab.chpc.utah.edu/ontologies/schema/endo/colonoscopyQuality.owl#Epiploic_appendage_of_transverse_colon>]]

	Modifier: Mucosa_of_transverse_colon, uri=http://blulab.chpc.utah.edu/ontologies/schema/endo/colonoscopyQuality.owl#Mucosa_of_transverse_colon, type= Semantic, classPath= [<http://blulab.chpc.utah.edu/ontologies/v2/ConText.owl#Lexicon> -> <http://blulab.chpc.utah.edu/ontologies/v2/ConText.owl#Modifier> -> <http://blulab.chpc.utah.edu/ontologies/v2/ConText.owl#SemanticModifier> -> <http://blulab.chpc.utah.edu/ontologies/v2/ConText.owl#BodySite> -> <http://blulab.chpc.utah.edu/ontologies/schema/endo/colonoscopyQuality.owl#Colon_structure> -> <http://blulab.chpc.utah.edu/ontologies/schema/endo/colonoscopyQuality.owl#Transverse_colon> -> <http://blulab.chpc.utah.edu/ontologies/schema/endo/colonoscopyQuality.owl#Wall_of_transverse_colon> -> <http://blulab.chpc.utah.edu/ontologies/schema/endo/colonoscopyQuality.owl#Mucosa_of_transverse_colon>, <http://blulab.chpc.utah.edu/ontologies/v2/ConText.owl#Lexicon> -> <http://blulab.chpc.utah.edu/ontologies/v2/ConText.owl#Modifier> -> <http://blulab.chpc.utah.edu/ontologies/v2/ConText.owl#SemanticModifier> -> <http://blulab.chpc.utah.edu/ontologies/v2/ConText.owl#BodySite> -> <http://blulab.chpc.utah.edu/ontologies/schema/endo/colonoscopyQuality.owl#Colon_structure> -> <http://blulab.chpc.utah.edu/ontologies/schema/endo/colonoscopyQuality.owl#Entire_colon> -> <http://blulab.chpc.utah.edu/ontologies/schema/endo/colonoscopyQuality.owl#Transverse_colon> -> <http://blulab.chpc.utah.edu/ontologies/schema/endo/colonoscopyQuality.owl#Wall_of_transverse_colon> -> <http://blulab.chpc.utah.edu/ontologies/schema/endo/colonoscopyQuality.owl#Mucosa_of_transverse_colon>, <http://blulab.chpc.utah.edu/ontologies/v2/ConText.owl#Lexicon> -> <http://blulab.chpc.utah.edu/ontologies/v2/ConText.owl#Modifier> -> <http://blulab.chpc.utah.edu/ontologies/v2/ConText.owl#SemanticModifier> -> <http://blulab.chpc.utah.edu/ontologies/v2/ConText.owl#BodySite> -> <http://blulab.chpc.utah.edu/ontologies/schema/endo/colonoscopyQuality.owl#Colon_structure> -> <http://blulab.chpc.utah.edu/ontologies/schema/endo/colonoscopyQuality.owl#Region_of_colon> -> <http://blulab.chpc.utah.edu/ontologies/schema/endo/colonoscopyQuality.owl#Transverse_colon> -> <http://blulab.chpc.utah.edu/ontologies/schema/endo/colonoscopyQuality.owl#Wall_of_transverse_colon> -> <http://blulab.chpc.utah.edu/ontologies/schema/endo/colonoscopyQuality.owl#Mucosa_of_transverse_colon>]]

	Modifier: Epithelium_of_transverse_colon, uri=http://blulab.chpc.utah.edu/ontologies/schema/endo/colonoscopyQuality.owl#Epithelium_of_transverse_colon, type= Semantic, classPath= [<http://blulab.chpc.utah.edu/ontologies/v2/ConText.owl#Lexicon> -> <http://blulab.chpc.utah.edu/ontologies/v2/ConText.owl#Modifier> -> <http://blulab.chpc.utah.edu/ontologies/v2/ConText.owl#SemanticModifier> -> <http://blulab.chpc.utah.edu/ontologies/v2/ConText.owl#BodySite> -> <http://blulab.chpc.utah.edu/ontologies/schema/endo/colonoscopyQuality.owl#Colon_structure> -> <http://blulab.chpc.utah.edu/ontologies/schema/endo/colonoscopyQuality.owl#Transverse_colon> -> <http://blulab.chpc.utah.edu/ontologies/schema/endo/colonoscopyQuality.owl#Wall_of_transverse_colon> -> <http://blulab.chpc.utah.edu/ontologies/schema/endo/colonoscopyQuality.owl#Mucosa_of_transverse_colon> -> <http://blulab.chpc.utah.edu/ontologies/schema/endo/colonoscopyQuality.owl#Epithelium_of_transverse_colon>, <http://blulab.chpc.utah.edu/ontologies/v2/ConText.owl#Lexicon> -> <http://blulab.chpc.utah.edu/ontologies/v2/ConText.owl#Modifier> -> <http://blulab.chpc.utah.edu/ontologies/v2/ConText.owl#SemanticModifier> -> <http://blulab.chpc.utah.edu/ontologies/v2/ConText.owl#BodySite> -> <http://blulab.chpc.utah.edu/ontologies/schema/endo/colonoscopyQuality.owl#Colon_structure> -> <http://blulab.chpc.utah.edu/ontologies/schema/endo/colonoscopyQuality.owl#Entire_colon> -> <http://blulab.chpc.utah.edu/ontologies/schema/endo/colonoscopyQuality.owl#Transverse_colon> -> <http://blulab.chpc.utah.edu/ontologies/schema/endo/colonoscopyQuality.owl#Wall_of_transverse_colon> -> <http://blulab.chpc.utah.edu/ontologies/schema/endo/colonoscopyQuality.owl#Mucosa_of_transverse_colon> -> <http://blulab.chpc.utah.edu/ontologies/schema/endo/colonoscopyQuality.owl#Epithelium_of_transverse_colon>, <http://blulab.chpc.utah.edu/ontologies/v2/ConText.owl#Lexicon> -> <http://blulab.chpc.utah.edu/ontologies/v2/ConText.owl#Modifier> -> <http://blulab.chpc.utah.edu/ontologies/v2/ConText.owl#SemanticModifier> -> <http://blulab.chpc.utah.edu/ontologies/v2/ConText.owl#BodySite> -> <http://blulab.chpc.utah.edu/ontologies/schema/endo/colonoscopyQuality.owl#Colon_structure> -> <http://blulab.chpc.utah.edu/ontologies/schema/endo/colonoscopyQuality.owl#Region_of_colon> -> <http://blulab.chpc.utah.edu/ontologies/schema/endo/colonoscopyQuality.owl#Transverse_colon> -> <http://blulab.chpc.utah.edu/ontologies/schema/endo/colonoscopyQuality.owl#Wall_of_transverse_colon> -> <http://blulab.chpc.utah.edu/ontologies/schema/endo/colonoscopyQuality.owl#Mucosa_of_transverse_colon> -> <http://blulab.chpc.utah.edu/ontologies/schema/endo/colonoscopyQuality.owl#Epithelium_of_transverse_colon>]]

	Modifier: Lamina_propria_mucosae_of_transverse_colon, uri=http://blulab.chpc.utah.edu/ontologies/schema/endo/colonoscopyQuality.owl#Lamina_propria_mucosae_of_transverse_colon, type= Semantic, classPath= [<http://blulab.chpc.utah.edu/ontologies/v2/ConText.owl#Lexicon> -> <http://blulab.chpc.utah.edu/ontologies/v2/ConText.owl#Modifier> -> <http://blulab.chpc.utah.edu/ontologies/v2/ConText.owl#SemanticModifier> -> <http://blulab.chpc.utah.edu/ontologies/v2/ConText.owl#BodySite> -> <http://blulab.chpc.utah.edu/ontologies/schema/endo/colonoscopyQuality.owl#Colon_structure> -> <http://blulab.chpc.utah.edu/ontologies/schema/endo/colonoscopyQuality.owl#Transverse_colon> -> <http://blulab.chpc.utah.edu/ontologies/schema/endo/colonoscopyQuality.owl#Wall_of_transverse_colon> -> <http://blulab.chpc.utah.edu/ontologies/schema/endo/colonoscopyQuality.owl#Mucosa_of_transverse_colon> -> <http://blulab.chpc.utah.edu/ontologies/schema/endo/colonoscopyQuality.owl#Lamina_propria_mucosae_of_transverse_colon>, <http://blulab.chpc.utah.edu/ontologies/v2/ConText.owl#Lexicon> -> <http://blulab.chpc.utah.edu/ontologies/v2/ConText.owl#Modifier> -> <http://blulab.chpc.utah.edu/ontologies/v2/ConText.owl#SemanticModifier> -> <http://blulab.chpc.utah.edu/ontologies/v2/ConText.owl#BodySite> -> <http://blulab.chpc.utah.edu/ontologies/schema/endo/colonoscopyQuality.owl#Colon_structure> -> <http://blulab.chpc.utah.edu/ontologies/schema/endo/colonoscopyQuality.owl#Entire_colon> -> <http://blulab.chpc.utah.edu/ontologies/schema/endo/colonoscopyQuality.owl#Transverse_colon> -> <http://blulab.chpc.utah.edu/ontologies/schema/endo/colonoscopyQuality.owl#Wall_of_transverse_colon> -> <http://blulab.chpc.utah.edu/ontologies/schema/endo/colonoscopyQuality.owl#Mucosa_of_transverse_colon> -> <http://blulab.chpc.utah.edu/ontologies/schema/endo/colonoscopyQuality.owl#Lamina_propria_mucosae_of_transverse_colon>, <http://blulab.chpc.utah.edu/ontologies/v2/ConText.owl#Lexicon> -> <http://blulab.chpc.utah.edu/ontologies/v2/ConText.owl#Modifier> -> <http://blulab.chpc.utah.edu/ontologies/v2/ConText.owl#SemanticModifier> -> <http://blulab.chpc.utah.edu/ontologies/v2/ConText.owl#BodySite> -> <http://blulab.chpc.utah.edu/ontologies/schema/endo/colonoscopyQuality.owl#Colon_structure> -> <http://blulab.chpc.utah.edu/ontologies/schema/endo/colonoscopyQuality.owl#Region_of_colon> -> <http://blulab.chpc.utah.edu/ontologies/schema/endo/colonoscopyQuality.owl#Transverse_colon> -> <http://blulab.chpc.utah.edu/ontologies/schema/endo/colonoscopyQuality.owl#Wall_of_transverse_colon> -> <http://blulab.chpc.utah.edu/ontologies/schema/endo/colonoscopyQuality.owl#Mucosa_of_transverse_colon> -> <http://blulab.chpc.utah.edu/ontologies/schema/endo/colonoscopyQuality.owl#Lamina_propria_mucosae_of_transverse_colon>]]

	Modifier: Muscularis_mucosae_of_transverse_colon, uri=http://blulab.chpc.utah.edu/ontologies/schema/endo/colonoscopyQuality.owl#Muscularis_mucosae_of_transverse_colon, type= Semantic, classPath= [<http://blulab.chpc.utah.edu/ontologies/v2/ConText.owl#Lexicon> -> <http://blulab.chpc.utah.edu/ontologies/v2/ConText.owl#Modifier> -> <http://blulab.chpc.utah.edu/ontologies/v2/ConText.owl#SemanticModifier> -> <http://blulab.chpc.utah.edu/ontologies/v2/ConText.owl#BodySite> -> <http://blulab.chpc.utah.edu/ontologies/schema/endo/colonoscopyQuality.owl#Colon_structure> -> <http://blulab.chpc.utah.edu/ontologies/schema/endo/colonoscopyQuality.owl#Entire_colon> -> <http://blulab.chpc.utah.edu/ontologies/schema/endo/colonoscopyQuality.owl#Colonic_mucous_membrane> -> <http://blulab.chpc.utah.edu/ontologies/schema/endo/colonoscopyQuality.owl#Lamina_muscularis_of_colonic_mucous_membrane> -> <http://blulab.chpc.utah.edu/ontologies/schema/endo/colonoscopyQuality.owl#Muscularis_mucosae_of_transverse_colon>, <http://blulab.chpc.utah.edu/ontologies/v2/ConText.owl#Lexicon> -> <http://blulab.chpc.utah.edu/ontologies/v2/ConText.owl#Modifier> -> <http://blulab.chpc.utah.edu/ontologies/v2/ConText.owl#SemanticModifier> -> <http://blulab.chpc.utah.edu/ontologies/v2/ConText.owl#BodySite> -> <http://blulab.chpc.utah.edu/ontologies/schema/endo/colonoscopyQuality.owl#Colon_structure> -> <http://blulab.chpc.utah.edu/ontologies/schema/endo/colonoscopyQuality.owl#Transverse_colon> -> <http://blulab.chpc.utah.edu/ontologies/schema/endo/colonoscopyQuality.owl#Wall_of_transverse_colon> -> <http://blulab.chpc.utah.edu/ontologies/schema/endo/colonoscopyQuality.owl#Mucosa_of_transverse_colon> -> <http://blulab.chpc.utah.edu/ontologies/schema/endo/colonoscopyQuality.owl#Muscularis_mucosae_of_transverse_colon>, <http://blulab.chpc.utah.edu/ontologies/v2/ConText.owl#Lexicon> -> <http://blulab.chpc.utah.edu/ontologies/v2/ConText.owl#Modifier> -> <http://blulab.chpc.utah.edu/ontologies/v2/ConText.owl#SemanticModifier> -> <http://blulab.chpc.utah.edu/ontologies/v2/ConText.owl#BodySite> -> <http://blulab.chpc.utah.edu/ontologies/schema/endo/colonoscopyQuality.owl#Colon_structure> -> <http://blulab.chpc.utah.edu/ontologies/schema/endo/colonoscopyQuality.owl#Entire_colon> -> <http://blulab.chpc.utah.edu/ontologies/schema/endo/colonoscopyQuality.owl#Transverse_colon> -> <http://blulab.chpc.utah.edu/ontologies/schema/endo/colonoscopyQuality.owl#Wall_of_transverse_colon> -> <http://blulab.chpc.utah.edu/ontologies/schema/endo/colonoscopyQuality.owl#Mucosa_of_transverse_colon> -> <http://blulab.chpc.utah.edu/ontologies/schema/endo/colonoscopyQuality.owl#Muscularis_mucosae_of_transverse_colon>, <http://blulab.chpc.utah.edu/ontologies/v2/ConText.owl#Lexicon> -> <http://blulab.chpc.utah.edu/ontologies/v2/ConText.owl#Modifier> -> <http://blulab.chpc.utah.edu/ontologies/v2/ConText.owl#SemanticModifier> -> <http://blulab.chpc.utah.edu/ontologies/v2/ConText.owl#BodySite> -> <http://blulab.chpc.utah.edu/ontologies/schema/endo/colonoscopyQuality.owl#Colon_structure> -> <http://blulab.chpc.utah.edu/ontologies/schema/endo/colonoscopyQuality.owl#Region_of_colon> -> <http://blulab.chpc.utah.edu/ontologies/schema/endo/colonoscopyQuality.owl#Transverse_colon> -> <http://blulab.chpc.utah.edu/ontologies/schema/endo/colonoscopyQuality.owl#Wall_of_transverse_colon> -> <http://blulab.chpc.utah.edu/ontologies/schema/endo/colonoscopyQuality.owl#Mucosa_of_transverse_colon> -> <http://blulab.chpc.utah.edu/ontologies/schema/endo/colonoscopyQuality.owl#Muscularis_mucosae_of_transverse_colon>, <http://blulab.chpc.utah.edu/ontologies/v2/ConText.owl#Lexicon> -> <http://blulab.chpc.utah.edu/ontologies/v2/ConText.owl#Modifier> -> <http://blulab.chpc.utah.edu/ontologies/v2/ConText.owl#SemanticModifier> -> <http://blulab.chpc.utah.edu/ontologies/v2/ConText.owl#BodySite> -> <http://blulab.chpc.utah.edu/ontologies/schema/endo/colonoscopyQuality.owl#Colon_structure> -> <http://blulab.chpc.utah.edu/ontologies/schema/endo/colonoscopyQuality.owl#Entire_colon> -> <http://blulab.chpc.utah.edu/ontologies/schema/endo/colonoscopyQuality.owl#Colonic_mucous_membrane> -> <http://blulab.chpc.utah.edu/ontologies/schema/endo/colonoscopyQuality.owl#Entire_colonic_mucous_membrane> -> <http://blulab.chpc.utah.edu/ontologies/schema/endo/colonoscopyQuality.owl#Lamina_muscularis_of_colonic_mucous_membrane> -> <http://blulab.chpc.utah.edu/ontologies/schema/endo/colonoscopyQuality.owl#Muscularis_mucosae_of_transverse_colon>, <http://blulab.chpc.utah.edu/ontologies/v2/ConText.owl#Lexicon> -> <http://blulab.chpc.utah.edu/ontologies/v2/ConText.owl#Modifier> -> <http://blulab.chpc.utah.edu/ontologies/v2/ConText.owl#SemanticModifier> -> <http://blulab.chpc.utah.edu/ontologies/v2/ConText.owl#BodySite> -> <http://blulab.chpc.utah.edu/ontologies/schema/endo/colonoscopyQuality.owl#Colon_structure> -> <http://blulab.chpc.utah.edu/ontologies/schema/endo/colonoscopyQuality.owl#Wall_of_colon> -> <http://blulab.chpc.utah.edu/ontologies/schema/endo/colonoscopyQuality.owl#Colonic_mucous_membrane> -> <http://blulab.chpc.utah.edu/ontologies/schema/endo/colonoscopyQuality.owl#Entire_colonic_mucous_membrane> -> <http://blulab.chpc.utah.edu/ontologies/schema/endo/colonoscopyQuality.owl#Lamina_muscularis_of_colonic_mucous_membrane> -> <http://blulab.chpc.utah.edu/ontologies/schema/endo/colonoscopyQuality.owl#Muscularis_mucosae_of_transverse_colon>, <http://blulab.chpc.utah.edu/ontologies/v2/ConText.owl#Lexicon> -> <http://blulab.chpc.utah.edu/ontologies/v2/ConText.owl#Modifier> -> <http://blulab.chpc.utah.edu/ontologies/v2/ConText.owl#SemanticModifier> -> <http://blulab.chpc.utah.edu/ontologies/v2/ConText.owl#BodySite> -> <http://blulab.chpc.utah.edu/ontologies/schema/endo/colonoscopyQuality.owl#Colon_structure> -> <http://blulab.chpc.utah.edu/ontologies/schema/endo/colonoscopyQuality.owl#Wall_of_colon> -> <http://blulab.chpc.utah.edu/ontologies/schema/endo/colonoscopyQuality.owl#Colonic_mucous_membrane> -> <http://blulab.chpc.utah.edu/ontologies/schema/endo/colonoscopyQuality.owl#Lamina_muscularis_of_colonic_mucous_membrane> -> <http://blulab.chpc.utah.edu/ontologies/schema/endo/colonoscopyQuality.owl#Muscularis_mucosae_of_transverse_colon>]]

	Modifier: Muscle_layer_of_transverse_colon, uri=http://blulab.chpc.utah.edu/ontologies/schema/endo/colonoscopyQuality.owl#Muscle_layer_of_transverse_colon, type= Semantic, classPath= [<http://blulab.chpc.utah.edu/ontologies/v2/ConText.owl#Lexicon> -> <http://blulab.chpc.utah.edu/ontologies/v2/ConText.owl#Modifier> -> <http://blulab.chpc.utah.edu/ontologies/v2/ConText.owl#SemanticModifier> -> <http://blulab.chpc.utah.edu/ontologies/v2/ConText.owl#BodySite> -> <http://blulab.chpc.utah.edu/ontologies/schema/endo/colonoscopyQuality.owl#Colon_structure> -> <http://blulab.chpc.utah.edu/ontologies/schema/endo/colonoscopyQuality.owl#Transverse_colon> -> <http://blulab.chpc.utah.edu/ontologies/schema/endo/colonoscopyQuality.owl#Wall_of_transverse_colon> -> <http://blulab.chpc.utah.edu/ontologies/schema/endo/colonoscopyQuality.owl#Muscle_layer_of_transverse_colon>, <http://blulab.chpc.utah.edu/ontologies/v2/ConText.owl#Lexicon> -> <http://blulab.chpc.utah.edu/ontologies/v2/ConText.owl#Modifier> -> <http://blulab.chpc.utah.edu/ontologies/v2/ConText.owl#SemanticModifier> -> <http://blulab.chpc.utah.edu/ontologies/v2/ConText.owl#BodySite> -> <http://blulab.chpc.utah.edu/ontologies/schema/endo/colonoscopyQuality.owl#Colon_structure> -> <http://blulab.chpc.utah.edu/ontologies/schema/endo/colonoscopyQuality.owl#Entire_colon> -> <http://blulab.chpc.utah.edu/ontologies/schema/endo/colonoscopyQuality.owl#Transverse_colon> -> <http://blulab.chpc.utah.edu/ontologies/schema/endo/colonoscopyQuality.owl#Wall_of_transverse_colon> -> <http://blulab.chpc.utah.edu/ontologies/schema/endo/colonoscopyQuality.owl#Muscle_layer_of_transverse_colon>, <http://blulab.chpc.utah.edu/ontologies/v2/ConText.owl#Lexicon> -> <http://blulab.chpc.utah.edu/ontologies/v2/ConText.owl#Modifier> -> <http://blulab.chpc.utah.edu/ontologies/v2/ConText.owl#SemanticModifier> -> <http://blulab.chpc.utah.edu/ontologies/v2/ConText.owl#BodySite> -> <http://blulab.chpc.utah.edu/ontologies/schema/endo/colonoscopyQuality.owl#Colon_structure> -> <http://blulab.chpc.utah.edu/ontologies/schema/endo/colonoscopyQuality.owl#Region_of_colon> -> <http://blulab.chpc.utah.edu/ontologies/schema/endo/colonoscopyQuality.owl#Transverse_colon> -> <http://blulab.chpc.utah.edu/ontologies/schema/endo/colonoscopyQuality.owl#Wall_of_transverse_colon> -> <http://blulab.chpc.utah.edu/ontologies/schema/endo/colonoscopyQuality.owl#Muscle_layer_of_transverse_colon>]]

	Modifier: Circular_muscle_layer_of_transverse_colon, uri=http://blulab.chpc.utah.edu/ontologies/schema/endo/colonoscopyQuality.owl#Circular_muscle_layer_of_transverse_colon, type= Semantic, classPath= [<http://blulab.chpc.utah.edu/ontologies/v2/ConText.owl#Lexicon> -> <http://blulab.chpc.utah.edu/ontologies/v2/ConText.owl#Modifier> -> <http://blulab.chpc.utah.edu/ontologies/v2/ConText.owl#SemanticModifier> -> <http://blulab.chpc.utah.edu/ontologies/v2/ConText.owl#BodySite> -> <http://blulab.chpc.utah.edu/ontologies/schema/endo/colonoscopyQuality.owl#Colon_structure> -> <http://blulab.chpc.utah.edu/ontologies/schema/endo/colonoscopyQuality.owl#Transverse_colon> -> <http://blulab.chpc.utah.edu/ontologies/schema/endo/colonoscopyQuality.owl#Wall_of_transverse_colon> -> <http://blulab.chpc.utah.edu/ontologies/schema/endo/colonoscopyQuality.owl#Muscle_layer_of_transverse_colon> -> <http://blulab.chpc.utah.edu/ontologies/schema/endo/colonoscopyQuality.owl#Circular_muscle_layer_of_transverse_colon>, <http://blulab.chpc.utah.edu/ontologies/v2/ConText.owl#Lexicon> -> <http://blulab.chpc.utah.edu/ontologies/v2/ConText.owl#Modifier> -> <http://blulab.chpc.utah.edu/ontologies/v2/ConText.owl#SemanticModifier> -> <http://blulab.chpc.utah.edu/ontologies/v2/ConText.owl#BodySite> -> <http://blulab.chpc.utah.edu/ontologies/schema/endo/colonoscopyQuality.owl#Colon_structure> -> <http://blulab.chpc.utah.edu/ontologies/schema/endo/colonoscopyQuality.owl#Entire_colon> -> <http://blulab.chpc.utah.edu/ontologies/schema/endo/colonoscopyQuality.owl#Transverse_colon> -> <http://blulab.chpc.utah.edu/ontologies/schema/endo/colonoscopyQuality.owl#Wall_of_transverse_colon> -> <http://blulab.chpc.utah.edu/ontologies/schema/endo/colonoscopyQuality.owl#Muscle_layer_of_transverse_colon> -> <http://blulab.chpc.utah.edu/ontologies/schema/endo/colonoscopyQuality.owl#Circular_muscle_layer_of_transverse_colon>, <http://blulab.chpc.utah.edu/ontologies/v2/ConText.owl#Lexicon> -> <http://blulab.chpc.utah.edu/ontologies/v2/ConText.owl#Modifier> -> <http://blulab.chpc.utah.edu/ontologies/v2/ConText.owl#SemanticModifier> -> <http://blulab.chpc.utah.edu/ontologies/v2/ConText.owl#BodySite> -> <http://blulab.chpc.utah.edu/ontologies/schema/endo/colonoscopyQuality.owl#Colon_structure> -> <http://blulab.chpc.utah.edu/ontologies/schema/endo/colonoscopyQuality.owl#Region_of_colon> -> <http://blulab.chpc.utah.edu/ontologies/schema/endo/colonoscopyQuality.owl#Transverse_colon> -> <http://blulab.chpc.utah.edu/ontologies/schema/endo/colonoscopyQuality.owl#Wall_of_transverse_colon> -> <http://blulab.chpc.utah.edu/ontologies/schema/endo/colonoscopyQuality.owl#Muscle_layer_of_transverse_colon> -> <http://blulab.chpc.utah.edu/ontologies/schema/endo/colonoscopyQuality.owl#Circular_muscle_layer_of_transverse_colon>]]

	Modifier: Longitudinal_muscle_layer_of_transverse_colon, uri=http://blulab.chpc.utah.edu/ontologies/schema/endo/colonoscopyQuality.owl#Longitudinal_muscle_layer_of_transverse_colon, type= Semantic, classPath= [<http://blulab.chpc.utah.edu/ontologies/v2/ConText.owl#Lexicon> -> <http://blulab.chpc.utah.edu/ontologies/v2/ConText.owl#Modifier> -> <http://blulab.chpc.utah.edu/ontologies/v2/ConText.owl#SemanticModifier> -> <http://blulab.chpc.utah.edu/ontologies/v2/ConText.owl#BodySite> -> <http://blulab.chpc.utah.edu/ontologies/schema/endo/colonoscopyQuality.owl#Colon_structure> -> <http://blulab.chpc.utah.edu/ontologies/schema/endo/colonoscopyQuality.owl#Transverse_colon> -> <http://blulab.chpc.utah.edu/ontologies/schema/endo/colonoscopyQuality.owl#Wall_of_transverse_colon> -> <http://blulab.chpc.utah.edu/ontologies/schema/endo/colonoscopyQuality.owl#Muscle_layer_of_transverse_colon> -> <http://blulab.chpc.utah.edu/ontologies/schema/endo/colonoscopyQuality.owl#Longitudinal_muscle_layer_of_transverse_colon>, <http://blulab.chpc.utah.edu/ontologies/v2/ConText.owl#Lexicon> -> <http://blulab.chpc.utah.edu/ontologies/v2/ConText.owl#Modifier> -> <http://blulab.chpc.utah.edu/ontologies/v2/ConText.owl#SemanticModifier> -> <http://blulab.chpc.utah.edu/ontologies/v2/ConText.owl#BodySite> -> <http://blulab.chpc.utah.edu/ontologies/schema/endo/colonoscopyQuality.owl#Colon_structure> -> <http://blulab.chpc.utah.edu/ontologies/schema/endo/colonoscopyQuality.owl#Entire_colon> -> <http://blulab.chpc.utah.edu/ontologies/schema/endo/colonoscopyQuality.owl#Transverse_colon> -> <http://blulab.chpc.utah.edu/ontologies/schema/endo/colonoscopyQuality.owl#Wall_of_transverse_colon> -> <http://blulab.chpc.utah.edu/ontologies/schema/endo/colonoscopyQuality.owl#Muscle_layer_of_transverse_colon> -> <http://blulab.chpc.utah.edu/ontologies/schema/endo/colonoscopyQuality.owl#Longitudinal_muscle_layer_of_transverse_colon>, <http://blulab.chpc.utah.edu/ontologies/v2/ConText.owl#Lexicon> -> <http://blulab.chpc.utah.edu/ontologies/v2/ConText.owl#Modifier> -> <http://blulab.chpc.utah.edu/ontologies/v2/ConText.owl#SemanticModifier> -> <http://blulab.chpc.utah.edu/ontologies/v2/ConText.owl#BodySite> -> <http://blulab.chpc.utah.edu/ontologies/schema/endo/colonoscopyQuality.owl#Colon_structure> -> <http://blulab.chpc.utah.edu/ontologies/schema/endo/colonoscopyQuality.owl#Region_of_colon> -> <http://blulab.chpc.utah.edu/ontologies/schema/endo/colonoscopyQuality.owl#Transverse_colon> -> <http://blulab.chpc.utah.edu/ontologies/schema/endo/colonoscopyQuality.owl#Wall_of_transverse_colon> -> <http://blulab.chpc.utah.edu/ontologies/schema/endo/colonoscopyQuality.owl#Muscle_layer_of_transverse_colon> -> <http://blulab.chpc.utah.edu/ontologies/schema/endo/colonoscopyQuality.owl#Longitudinal_muscle_layer_of_transverse_colon>]]

	Modifier: Posterior_wall_of_transverse_colon, uri=http://blulab.chpc.utah.edu/ontologies/schema/endo/colonoscopyQuality.owl#Posterior_wall_of_transverse_colon, type= Semantic, classPath= [<http://blulab.chpc.utah.edu/ontologies/v2/ConText.owl#Lexicon> -> <http://blulab.chpc.utah.edu/ontologies/v2/ConText.owl#Modifier> -> <http://blulab.chpc.utah.edu/ontologies/v2/ConText.owl#SemanticModifier> -> <http://blulab.chpc.utah.edu/ontologies/v2/ConText.owl#BodySite> -> <http://blulab.chpc.utah.edu/ontologies/schema/endo/colonoscopyQuality.owl#Colon_structure> -> <http://blulab.chpc.utah.edu/ontologies/schema/endo/colonoscopyQuality.owl#Transverse_colon> -> <http://blulab.chpc.utah.edu/ontologies/schema/endo/colonoscopyQuality.owl#Wall_of_transverse_colon> -> <http://blulab.chpc.utah.edu/ontologies/schema/endo/colonoscopyQuality.owl#Posterior_wall_of_transverse_colon>, <http://blulab.chpc.utah.edu/ontologies/v2/ConText.owl#Lexicon> -> <http://blulab.chpc.utah.edu/ontologies/v2/ConText.owl#Modifier> -> <http://blulab.chpc.utah.edu/ontologies/v2/ConText.owl#SemanticModifier> -> <http://blulab.chpc.utah.edu/ontologies/v2/ConText.owl#BodySite> -> <http://blulab.chpc.utah.edu/ontologies/schema/endo/colonoscopyQuality.owl#Colon_structure> -> <http://blulab.chpc.utah.edu/ontologies/schema/endo/colonoscopyQuality.owl#Entire_colon> -> <http://blulab.chpc.utah.edu/ontologies/schema/endo/colonoscopyQuality.owl#Transverse_colon> -> <http://blulab.chpc.utah.edu/ontologies/schema/endo/colonoscopyQuality.owl#Wall_of_transverse_colon> -> <http://blulab.chpc.utah.edu/ontologies/schema/endo/colonoscopyQuality.owl#Posterior_wall_of_transverse_colon>, <http://blulab.chpc.utah.edu/ontologies/v2/ConText.owl#Lexicon> -> <http://blulab.chpc.utah.edu/ontologies/v2/ConText.owl#Modifier> -> <http://blulab.chpc.utah.edu/ontologies/v2/ConText.owl#SemanticModifier> -> <http://blulab.chpc.utah.edu/ontologies/v2/ConText.owl#BodySite> -> <http://blulab.chpc.utah.edu/ontologies/schema/endo/colonoscopyQuality.owl#Colon_structure> -> <http://blulab.chpc.utah.edu/ontologies/schema/endo/colonoscopyQuality.owl#Region_of_colon> -> <http://blulab.chpc.utah.edu/ontologies/schema/endo/colonoscopyQuality.owl#Transverse_colon> -> <http://blulab.chpc.utah.edu/ontologies/schema/endo/colonoscopyQuality.owl#Wall_of_transverse_colon> -> <http://blulab.chpc.utah.edu/ontologies/schema/endo/colonoscopyQuality.owl#Posterior_wall_of_transverse_colon>]]

	Modifier: Serosa_of_transverse_colon, uri=http://blulab.chpc.utah.edu/ontologies/schema/endo/colonoscopyQuality.owl#Serosa_of_transverse_colon, type= Semantic, classPath= [<http://blulab.chpc.utah.edu/ontologies/v2/ConText.owl#Lexicon> -> <http://blulab.chpc.utah.edu/ontologies/v2/ConText.owl#Modifier> -> <http://blulab.chpc.utah.edu/ontologies/v2/ConText.owl#SemanticModifier> -> <http://blulab.chpc.utah.edu/ontologies/v2/ConText.owl#BodySite> -> <http://blulab.chpc.utah.edu/ontologies/schema/endo/colonoscopyQuality.owl#Colon_structure> -> <http://blulab.chpc.utah.edu/ontologies/schema/endo/colonoscopyQuality.owl#Transverse_colon> -> <http://blulab.chpc.utah.edu/ontologies/schema/endo/colonoscopyQuality.owl#Wall_of_transverse_colon> -> <http://blulab.chpc.utah.edu/ontologies/schema/endo/colonoscopyQuality.owl#Serosa_of_transverse_colon>, <http://blulab.chpc.utah.edu/ontologies/v2/ConText.owl#Lexicon> -> <http://blulab.chpc.utah.edu/ontologies/v2/ConText.owl#Modifier> -> <http://blulab.chpc.utah.edu/ontologies/v2/ConText.owl#SemanticModifier> -> <http://blulab.chpc.utah.edu/ontologies/v2/ConText.owl#BodySite> -> <http://blulab.chpc.utah.edu/ontologies/schema/endo/colonoscopyQuality.owl#Colon_structure> -> <http://blulab.chpc.utah.edu/ontologies/schema/endo/colonoscopyQuality.owl#Entire_colon> -> <http://blulab.chpc.utah.edu/ontologies/schema/endo/colonoscopyQuality.owl#Transverse_colon> -> <http://blulab.chpc.utah.edu/ontologies/schema/endo/colonoscopyQuality.owl#Wall_of_transverse_colon> -> <http://blulab.chpc.utah.edu/ontologies/schema/endo/colonoscopyQuality.owl#Serosa_of_transverse_colon>, <http://blulab.chpc.utah.edu/ontologies/v2/ConText.owl#Lexicon> -> <http://blulab.chpc.utah.edu/ontologies/v2/ConText.owl#Modifier> -> <http://blulab.chpc.utah.edu/ontologies/v2/ConText.owl#SemanticModifier> -> <http://blulab.chpc.utah.edu/ontologies/v2/ConText.owl#BodySite> -> <http://blulab.chpc.utah.edu/ontologies/schema/endo/colonoscopyQuality.owl#Colon_structure> -> <http://blulab.chpc.utah.edu/ontologies/schema/endo/colonoscopyQuality.owl#Region_of_colon> -> <http://blulab.chpc.utah.edu/ontologies/schema/endo/colonoscopyQuality.owl#Transverse_colon> -> <http://blulab.chpc.utah.edu/ontologies/schema/endo/colonoscopyQuality.owl#Wall_of_transverse_colon> -> <http://blulab.chpc.utah.edu/ontologies/schema/endo/colonoscopyQuality.owl#Serosa_of_transverse_colon>]]

	Modifier: Connective_tissue_of_serosa_of_transverse_colon, uri=http://blulab.chpc.utah.edu/ontologies/schema/endo/colonoscopyQuality.owl#Connective_tissue_of_serosa_of_transverse_colon, type= Semantic, classPath= [<http://blulab.chpc.utah.edu/ontologies/v2/ConText.owl#Lexicon> -> <http://blulab.chpc.utah.edu/ontologies/v2/ConText.owl#Modifier> -> <http://blulab.chpc.utah.edu/ontologies/v2/ConText.owl#SemanticModifier> -> <http://blulab.chpc.utah.edu/ontologies/v2/ConText.owl#BodySite> -> <http://blulab.chpc.utah.edu/ontologies/schema/endo/colonoscopyQuality.owl#Colon_structure> -> <http://blulab.chpc.utah.edu/ontologies/schema/endo/colonoscopyQuality.owl#Transverse_colon> -> <http://blulab.chpc.utah.edu/ontologies/schema/endo/colonoscopyQuality.owl#Wall_of_transverse_colon> -> <http://blulab.chpc.utah.edu/ontologies/schema/endo/colonoscopyQuality.owl#Serosa_of_transverse_colon> -> <http://blulab.chpc.utah.edu/ontologies/schema/endo/colonoscopyQuality.owl#Connective_tissue_of_serosa_of_transverse_colon>, <http://blulab.chpc.utah.edu/ontologies/v2/ConText.owl#Lexicon> -> <http://blulab.chpc.utah.edu/ontologies/v2/ConText.owl#Modifier> -> <http://blulab.chpc.utah.edu/ontologies/v2/ConText.owl#SemanticModifier> -> <http://blulab.chpc.utah.edu/ontologies/v2/ConText.owl#BodySite> -> <http://blulab.chpc.utah.edu/ontologies/schema/endo/colonoscopyQuality.owl#Colon_structure> -> <http://blulab.chpc.utah.edu/ontologies/schema/endo/colonoscopyQuality.owl#Entire_colon> -> <http://blulab.chpc.utah.edu/ontologies/schema/endo/colonoscopyQuality.owl#Transverse_colon> -> <http://blulab.chpc.utah.edu/ontologies/schema/endo/colonoscopyQuality.owl#Wall_of_transverse_colon> -> <http://blulab.chpc.utah.edu/ontologies/schema/endo/colonoscopyQuality.owl#Serosa_of_transverse_colon> -> <http://blulab.chpc.utah.edu/ontologies/schema/endo/colonoscopyQuality.owl#Connective_tissue_of_serosa_of_transverse_colon>, <http://blulab.chpc.utah.edu/ontologies/v2/ConText.owl#Lexicon> -> <http://blulab.chpc.utah.edu/ontologies/v2/ConText.owl#Modifier> -> <http://blulab.chpc.utah.edu/ontologies/v2/ConText.owl#SemanticModifier> -> <http://blulab.chpc.utah.edu/ontologies/v2/ConText.owl#BodySite> -> <http://blulab.chpc.utah.edu/ontologies/schema/endo/colonoscopyQuality.owl#Colon_structure> -> <http://blulab.chpc.utah.edu/ontologies/schema/endo/colonoscopyQuality.owl#Region_of_colon> -> <http://blulab.chpc.utah.edu/ontologies/schema/endo/colonoscopyQuality.owl#Transverse_colon> -> <http://blulab.chpc.utah.edu/ontologies/schema/endo/colonoscopyQuality.owl#Wall_of_transverse_colon> -> <http://blulab.chpc.utah.edu/ontologies/schema/endo/colonoscopyQuality.owl#Serosa_of_transverse_colon> -> <http://blulab.chpc.utah.edu/ontologies/schema/endo/colonoscopyQuality.owl#Connective_tissue_of_serosa_of_transverse_colon>]]

	Modifier: Connective_tissue_of_visceral_peritoneum, uri=http://blulab.chpc.utah.edu/ontologies/schema/endo/colonoscopyQuality.owl#Connective_tissue_of_visceral_peritoneum, type= Semantic, classPath= [<http://blulab.chpc.utah.edu/ontologies/v2/ConText.owl#Lexicon> -> <http://blulab.chpc.utah.edu/ontologies/v2/ConText.owl#Modifier> -> <http://blulab.chpc.utah.edu/ontologies/v2/ConText.owl#SemanticModifier> -> <http://blulab.chpc.utah.edu/ontologies/v2/ConText.owl#BodySite> -> <http://blulab.chpc.utah.edu/ontologies/schema/endo/colonoscopyQuality.owl#Colon_structure> -> <http://blulab.chpc.utah.edu/ontologies/schema/endo/colonoscopyQuality.owl#Cecum> -> <http://blulab.chpc.utah.edu/ontologies/schema/endo/colonoscopyQuality.owl#Appendix> -> <http://blulab.chpc.utah.edu/ontologies/schema/endo/colonoscopyQuality.owl#Entire_appendix> -> <http://blulab.chpc.utah.edu/ontologies/schema/endo/colonoscopyQuality.owl#Appendiceal_serosa> -> <http://blulab.chpc.utah.edu/ontologies/schema/endo/colonoscopyQuality.owl#Connective_tissue_of_visceral_peritoneum>, <http://blulab.chpc.utah.edu/ontologies/v2/ConText.owl#Lexicon> -> <http://blulab.chpc.utah.edu/ontologies/v2/ConText.owl#Modifier> -> <http://blulab.chpc.utah.edu/ontologies/v2/ConText.owl#SemanticModifier> -> <http://blulab.chpc.utah.edu/ontologies/v2/ConText.owl#BodySite> -> <http://blulab.chpc.utah.edu/ontologies/schema/endo/colonoscopyQuality.owl#Colon_structure> -> <http://blulab.chpc.utah.edu/ontologies/schema/endo/colonoscopyQuality.owl#Wall_of_colon> -> <http://blulab.chpc.utah.edu/ontologies/schema/endo/colonoscopyQuality.owl#Colonic_serosa> -> <http://blulab.chpc.utah.edu/ontologies/schema/endo/colonoscopyQuality.owl#Connective_tissue_of_visceral_peritoneum>, <http://blulab.chpc.utah.edu/ontologies/v2/ConText.owl#Lexicon> -> <http://blulab.chpc.utah.edu/ontologies/v2/ConText.owl#Modifier> -> <http://blulab.chpc.utah.edu/ontologies/v2/ConText.owl#SemanticModifier> -> <http://blulab.chpc.utah.edu/ontologies/v2/ConText.owl#BodySite> -> <http://blulab.chpc.utah.edu/ontologies/schema/endo/colonoscopyQuality.owl#Colon_structure> -> <http://blulab.chpc.utah.edu/ontologies/schema/endo/colonoscopyQuality.owl#Entire_colon> -> <http://blulab.chpc.utah.edu/ontologies/schema/endo/colonoscopyQuality.owl#Colonic_serosa> -> <http://blulab.chpc.utah.edu/ontologies/schema/endo/colonoscopyQuality.owl#Connective_tissue_of_visceral_peritoneum>, <http://blulab.chpc.utah.edu/ontologies/v2/ConText.owl#Lexicon> -> <http://blulab.chpc.utah.edu/ontologies/v2/ConText.owl#Modifier> -> <http://blulab.chpc.utah.edu/ontologies/v2/ConText.owl#SemanticModifier> -> <http://blulab.chpc.utah.edu/ontologies/v2/ConText.owl#BodySite> -> <http://blulab.chpc.utah.edu/ontologies/schema/endo/colonoscopyQuality.owl#Colon_structure> -> <http://blulab.chpc.utah.edu/ontologies/schema/endo/colonoscopyQuality.owl#Cecum> -> <http://blulab.chpc.utah.edu/ontologies/schema/endo/colonoscopyQuality.owl#Wall_of_cecum> -> <http://blulab.chpc.utah.edu/ontologies/schema/endo/colonoscopyQuality.owl#Serosa_of_cecum> -> <http://blulab.chpc.utah.edu/ontologies/schema/endo/colonoscopyQuality.owl#Connective_tissue_of_visceral_peritoneum>, <http://blulab.chpc.utah.edu/ontologies/v2/ConText.owl#Lexicon> -> <http://blulab.chpc.utah.edu/ontologies/v2/ConText.owl#Modifier> -> <http://blulab.chpc.utah.edu/ontologies/v2/ConText.owl#SemanticModifier> -> <http://blulab.chpc.utah.edu/ontologies/v2/ConText.owl#BodySite> -> <http://blulab.chpc.utah.edu/ontologies/schema/endo/colonoscopyQuality.owl#Colon_structure> -> <http://blulab.chpc.utah.edu/ontologies/schema/endo/colonoscopyQuality.owl#Descending_colon> -> <http://blulab.chpc.utah.edu/ontologies/schema/endo/colonoscopyQuality.owl#Wall_of_descending_colon> -> <http://blulab.chpc.utah.edu/ontologies/schema/endo/colonoscopyQuality.owl#Serosa_of_descending_colon> -> <http://blulab.chpc.utah.edu/ontologies/schema/endo/colonoscopyQuality.owl#Connective_tissue_of_visceral_peritoneum>, <http://blulab.chpc.utah.edu/ontologies/v2/ConText.owl#Lexicon> -> <http://blulab.chpc.utah.edu/ontologies/v2/ConText.owl#Modifier> -> <http://blulab.chpc.utah.edu/ontologies/v2/ConText.owl#SemanticModifier> -> <http://blulab.chpc.utah.edu/ontologies/v2/ConText.owl#BodySite> -> <http://blulab.chpc.utah.edu/ontologies/schema/endo/colonoscopyQuality.owl#Colon_structure> -> <http://blulab.chpc.utah.edu/ontologies/schema/endo/colonoscopyQuality.owl#Left_colon> -> <http://blulab.chpc.utah.edu/ontologies/schema/endo/colonoscopyQuality.owl#Entire_left_colon> -> <http://blulab.chpc.utah.edu/ontologies/schema/endo/colonoscopyQuality.owl#Descending_colon> -> <http://blulab.chpc.utah.edu/ontologies/schema/endo/colonoscopyQuality.owl#Wall_of_descending_colon> -> <http://blulab.chpc.utah.edu/ontologies/schema/endo/colonoscopyQuality.owl#Serosa_of_descending_colon> -> <http://blulab.chpc.utah.edu/ontologies/schema/endo/colonoscopyQuality.owl#Connective_tissue_of_visceral_peritoneum>, <http://blulab.chpc.utah.edu/ontologies/v2/ConText.owl#Lexicon> -> <http://blulab.chpc.utah.edu/ontologies/v2/ConText.owl#Modifier> -> <http://blulab.chpc.utah.edu/ontologies/v2/ConText.owl#SemanticModifier> -> <http://blulab.chpc.utah.edu/ontologies/v2/ConText.owl#BodySite> -> <http://blulab.chpc.utah.edu/ontologies/schema/endo/colonoscopyQuality.owl#Colon_structure> -> <http://blulab.chpc.utah.edu/ontologies/schema/endo/colonoscopyQuality.owl#Entire_colon> -> <http://blulab.chpc.utah.edu/ontologies/schema/endo/colonoscopyQuality.owl#Left_colon> -> <http://blulab.chpc.utah.edu/ontologies/schema/endo/colonoscopyQuality.owl#Entire_left_colon> -> <http://blulab.chpc.utah.edu/ontologies/schema/endo/colonoscopyQuality.owl#Descending_colon> -> <http://blulab.chpc.utah.edu/ontologies/schema/endo/colonoscopyQuality.owl#Wall_of_descending_colon> -> <http://blulab.chpc.utah.edu/ontologies/schema/endo/colonoscopyQuality.owl#Serosa_of_descending_colon> -> <http://blulab.chpc.utah.edu/ontologies/schema/endo/colonoscopyQuality.owl#Connective_tissue_of_visceral_peritoneum>, <http://blulab.chpc.utah.edu/ontologies/v2/ConText.owl#Lexicon> -> <http://blulab.chpc.utah.edu/ontologies/v2/ConText.owl#Modifier> -> <http://blulab.chpc.utah.edu/ontologies/v2/ConText.owl#SemanticModifier> -> <http://blulab.chpc.utah.edu/ontologies/v2/ConText.owl#BodySite> -> <http://blulab.chpc.utah.edu/ontologies/schema/endo/colonoscopyQuality.owl#Colon_structure> -> <http://blulab.chpc.utah.edu/ontologies/schema/endo/colonoscopyQuality.owl#Entire_colon> -> <http://blulab.chpc.utah.edu/ontologies/schema/endo/colonoscopyQuality.owl#Left_colon> -> <http://blulab.chpc.utah.edu/ontologies/schema/endo/colonoscopyQuality.owl#Descending_colon> -> <http://blulab.chpc.utah.edu/ontologies/schema/endo/colonoscopyQuality.owl#Wall_of_descending_colon> -> <http://blulab.chpc.utah.edu/ontologies/schema/endo/colonoscopyQuality.owl#Serosa_of_descending_colon> -> <http://blulab.chpc.utah.edu/ontologies/schema/endo/colonoscopyQuality.owl#Connective_tissue_of_visceral_peritoneum>, <http://blulab.chpc.utah.edu/ontologies/v2/ConText.owl#Lexicon> -> <http://blulab.chpc.utah.edu/ontologies/v2/ConText.owl#Modifier> -> <http://blulab.chpc.utah.edu/ontologies/v2/ConText.owl#SemanticModifier> -> <http://blulab.chpc.utah.edu/ontologies/v2/ConText.owl#BodySite> -> <http://blulab.chpc.utah.edu/ontologies/schema/endo/colonoscopyQuality.owl#Colon_structure> -> <http://blulab.chpc.utah.edu/ontologies/schema/endo/colonoscopyQuality.owl#Left_colon> -> <http://blulab.chpc.utah.edu/ontologies/schema/endo/colonoscopyQuality.owl#Descending_colon> -> <http://blulab.chpc.utah.edu/ontologies/schema/endo/colonoscopyQuality.owl#Wall_of_descending_colon> -> <http://blulab.chpc.utah.edu/ontologies/schema/endo/colonoscopyQuality.owl#Serosa_of_descending_colon> -> <http://blulab.chpc.utah.edu/ontologies/schema/endo/colonoscopyQuality.owl#Connective_tissue_of_visceral_peritoneum>, <http://blulab.chpc.utah.edu/ontologies/v2/ConText.owl#Lexicon> -> <http://blulab.chpc.utah.edu/ontologies/v2/ConText.owl#Modifier> -> <http://blulab.chpc.utah.edu/ontologies/v2/ConText.owl#SemanticModifier> -> <http://blulab.chpc.utah.edu/ontologies/v2/ConText.owl#BodySite> -> <http://blulab.chpc.utah.edu/ontologies/schema/endo/colonoscopyQuality.owl#Colon_structure> -> <http://blulab.chpc.utah.edu/ontologies/schema/endo/colonoscopyQuality.owl#Region_of_colon> -> <http://blulab.chpc.utah.edu/ontologies/schema/endo/colonoscopyQuality.owl#Descending_colon> -> <http://blulab.chpc.utah.edu/ontologies/schema/endo/colonoscopyQuality.owl#Wall_of_descending_colon> -> <http://blulab.chpc.utah.edu/ontologies/schema/endo/colonoscopyQuality.owl#Serosa_of_descending_colon> -> <http://blulab.chpc.utah.edu/ontologies/schema/endo/colonoscopyQuality.owl#Connective_tissue_of_visceral_peritoneum>, <http://blulab.chpc.utah.edu/ontologies/v2/ConText.owl#Lexicon> -> <http://blulab.chpc.utah.edu/ontologies/v2/ConText.owl#Modifier> -> <http://blulab.chpc.utah.edu/ontologies/v2/ConText.owl#SemanticModifier> -> <http://blulab.chpc.utah.edu/ontologies/v2/ConText.owl#BodySite> -> <http://blulab.chpc.utah.edu/ontologies/schema/endo/colonoscopyQuality.owl#ileum> -> <http://blulab.chpc.utah.edu/ontologies/schema/endo/colonoscopyQuality.owl#Region_of_ileum> -> <http://blulab.chpc.utah.edu/ontologies/schema/endo/colonoscopyQuality.owl#Wall_of_ileum> -> <http://blulab.chpc.utah.edu/ontologies/schema/endo/colonoscopyQuality.owl#Serosa_of_ileum> -> <http://blulab.chpc.utah.edu/ontologies/schema/endo/colonoscopyQuality.owl#Connective_tissue_of_visceral_peritoneum>, <http://blulab.chpc.utah.edu/ontologies/v2/ConText.owl#Lexicon> -> <http://blulab.chpc.utah.edu/ontologies/v2/ConText.owl#Modifier> -> <http://blulab.chpc.utah.edu/ontologies/v2/ConText.owl#SemanticModifier> -> <http://blulab.chpc.utah.edu/ontologies/v2/ConText.owl#BodySite> -> <http://blulab.chpc.utah.edu/ontologies/schema/endo/colonoscopyQuality.owl#ileum> -> <http://blulab.chpc.utah.edu/ontologies/schema/endo/colonoscopyQuality.owl#Wall_of_ileum> -> <http://blulab.chpc.utah.edu/ontologies/schema/endo/colonoscopyQuality.owl#Serosa_of_ileum> -> <http://blulab.chpc.utah.edu/ontologies/schema/endo/colonoscopyQuality.owl#Connective_tissue_of_visceral_peritoneum>, <http://blulab.chpc.utah.edu/ontologies/v2/ConText.owl#Lexicon> -> <http://blulab.chpc.utah.edu/ontologies/v2/ConText.owl#Modifier> -> <http://blulab.chpc.utah.edu/ontologies/v2/ConText.owl#SemanticModifier> -> <http://blulab.chpc.utah.edu/ontologies/v2/ConText.owl#BodySite> -> <http://blulab.chpc.utah.edu/ontologies/schema/endo/colonoscopyQuality.owl#Colon_structure> -> <http://blulab.chpc.utah.edu/ontologies/schema/endo/colonoscopyQuality.owl#Sigmoid_colon> -> <http://blulab.chpc.utah.edu/ontologies/schema/endo/colonoscopyQuality.owl#Wall_of_sigmoid_colon> -> <http://blulab.chpc.utah.edu/ontologies/schema/endo/colonoscopyQuality.owl#Serosa_of_sigmoid_colon> -> <http://blulab.chpc.utah.edu/ontologies/schema/endo/colonoscopyQuality.owl#Connective_tissue_of_visceral_peritoneum>, <http://blulab.chpc.utah.edu/ontologies/v2/ConText.owl#Lexicon> -> <http://blulab.chpc.utah.edu/ontologies/v2/ConText.owl#Modifier> -> <http://blulab.chpc.utah.edu/ontologies/v2/ConText.owl#SemanticModifier> -> <http://blulab.chpc.utah.edu/ontologies/v2/ConText.owl#BodySite> -> <http://blulab.chpc.utah.edu/ontologies/schema/endo/colonoscopyQuality.owl#Colon_structure> -> <http://blulab.chpc.utah.edu/ontologies/schema/endo/colonoscopyQuality.owl#Entire_colon> -> <http://blulab.chpc.utah.edu/ontologies/schema/endo/colonoscopyQuality.owl#Sigmoid_colon> -> <http://blulab.chpc.utah.edu/ontologies/schema/endo/colonoscopyQuality.owl#Wall_of_sigmoid_colon> -> <http://blulab.chpc.utah.edu/ontologies/schema/endo/colonoscopyQuality.owl#Serosa_of_sigmoid_colon> -> <http://blulab.chpc.utah.edu/ontologies/schema/endo/colonoscopyQuality.owl#Connective_tissue_of_visceral_peritoneum>, <http://blulab.chpc.utah.edu/ontologies/v2/ConText.owl#Lexicon> -> <http://blulab.chpc.utah.edu/ontologies/v2/ConText.owl#Modifier> -> <http://blulab.chpc.utah.edu/ontologies/v2/ConText.owl#SemanticModifier> -> <http://blulab.chpc.utah.edu/ontologies/v2/ConText.owl#BodySite> -> <http://blulab.chpc.utah.edu/ontologies/schema/endo/colonoscopyQuality.owl#Colon_structure> -> <http://blulab.chpc.utah.edu/ontologies/schema/endo/colonoscopyQuality.owl#Region_of_colon> -> <http://blulab.chpc.utah.edu/ontologies/schema/endo/colonoscopyQuality.owl#Sigmoid_colon> -> <http://blulab.chpc.utah.edu/ontologies/schema/endo/colonoscopyQuality.owl#Wall_of_sigmoid_colon> -> <http://blulab.chpc.utah.edu/ontologies/schema/endo/colonoscopyQuality.owl#Serosa_of_sigmoid_colon> -> <http://blulab.chpc.utah.edu/ontologies/schema/endo/colonoscopyQuality.owl#Connective_tissue_of_visceral_peritoneum>, <http://blulab.chpc.utah.edu/ontologies/v2/ConText.owl#Lexicon> -> <http://blulab.chpc.utah.edu/ontologies/v2/ConText.owl#Modifier> -> <http://blulab.chpc.utah.edu/ontologies/v2/ConText.owl#SemanticModifier> -> <http://blulab.chpc.utah.edu/ontologies/v2/ConText.owl#BodySite> -> <http://blulab.chpc.utah.edu/ontologies/schema/endo/colonoscopyQuality.owl#Colon_structure> -> <http://blulab.chpc.utah.edu/ontologies/schema/endo/colonoscopyQuality.owl#Transverse_colon> -> <http://blulab.chpc.utah.edu/ontologies/schema/endo/colonoscopyQuality.owl#Wall_of_transverse_colon> -> <http://blulab.chpc.utah.edu/ontologies/schema/endo/colonoscopyQuality.owl#Serosa_of_transverse_colon> -> <http://blulab.chpc.utah.edu/ontologies/schema/endo/colonoscopyQuality.owl#Connective_tissue_of_visceral_peritoneum>, <http://blulab.chpc.utah.edu/ontologies/v2/ConText.owl#Lexicon> -> <http://blulab.chpc.utah.edu/ontologies/v2/ConText.owl#Modifier> -> <http://blulab.chpc.utah.edu/ontologies/v2/ConText.owl#SemanticModifier> -> <http://blulab.chpc.utah.edu/ontologies/v2/ConText.owl#BodySite> -> <http://blulab.chpc.utah.edu/ontologies/schema/endo/colonoscopyQuality.owl#Colon_structure> -> <http://blulab.chpc.utah.edu/ontologies/schema/endo/colonoscopyQuality.owl#Entire_colon> -> <http://blulab.chpc.utah.edu/ontologies/schema/endo/colonoscopyQuality.owl#Transverse_colon> -> <http://blulab.chpc.utah.edu/ontologies/schema/endo/colonoscopyQuality.owl#Wall_of_transverse_colon> -> <http://blulab.chpc.utah.edu/ontologies/schema/endo/colonoscopyQuality.owl#Serosa_of_transverse_colon> -> <http://blulab.chpc.utah.edu/ontologies/schema/endo/colonoscopyQuality.owl#Connective_tissue_of_visceral_peritoneum>, <http://blulab.chpc.utah.edu/ontologies/v2/ConText.owl#Lexicon> -> <http://blulab.chpc.utah.edu/ontologies/v2/ConText.owl#Modifier> -> <http://blulab.chpc.utah.edu/ontologies/v2/ConText.owl#SemanticModifier> -> <http://blulab.chpc.utah.edu/ontologies/v2/ConText.owl#BodySite> -> <http://blulab.chpc.utah.edu/ontologies/schema/endo/colonoscopyQuality.owl#Colon_structure> -> <http://blulab.chpc.utah.edu/ontologies/schema/endo/colonoscopyQuality.owl#Region_of_colon> -> <http://blulab.chpc.utah.edu/ontologies/schema/endo/colonoscopyQuality.owl#Transverse_colon> -> <http://blulab.chpc.utah.edu/ontologies/schema/endo/colonoscopyQuality.owl#Wall_of_transverse_colon> -> <http://blulab.chpc.utah.edu/ontologies/schema/endo/colonoscopyQuality.owl#Serosa_of_transverse_colon> -> <http://blulab.chpc.utah.edu/ontologies/schema/endo/colonoscopyQuality.owl#Connective_tissue_of_visceral_peritoneum>, <http://blulab.chpc.utah.edu/ontologies/v2/ConText.owl#Lexicon> -> <http://blulab.chpc.utah.edu/ontologies/v2/ConText.owl#Modifier> -> <http://blulab.chpc.utah.edu/ontologies/v2/ConText.owl#SemanticModifier> -> <http://blulab.chpc.utah.edu/ontologies/v2/ConText.owl#BodySite> -> <http://blulab.chpc.utah.edu/ontologies/schema/endo/colonoscopyQuality.owl#Colon_structure> -> <http://blulab.chpc.utah.edu/ontologies/schema/endo/colonoscopyQuality.owl#Cecum> -> <http://blulab.chpc.utah.edu/ontologies/schema/endo/colonoscopyQuality.owl#Appendix> -> <http://blulab.chpc.utah.edu/ontologies/schema/endo/colonoscopyQuality.owl#Wall_of_appendix> -> <http://blulab.chpc.utah.edu/ontologies/schema/endo/colonoscopyQuality.owl#Appendiceal_serosa> -> <http://blulab.chpc.utah.edu/ontologies/schema/endo/colonoscopyQuality.owl#Connective_tissue_of_visceral_peritoneum>, <http://blulab.chpc.utah.edu/ontologies/v2/ConText.owl#Lexicon> -> <http://blulab.chpc.utah.edu/ontologies/v2/ConText.owl#Modifier> -> <http://blulab.chpc.utah.edu/ontologies/v2/ConText.owl#SemanticModifier> -> <http://blulab.chpc.utah.edu/ontologies/v2/ConText.owl#BodySite> -> <http://blulab.chpc.utah.edu/ontologies/schema/endo/colonoscopyQuality.owl#Colon_structure> -> <http://blulab.chpc.utah.edu/ontologies/schema/endo/colonoscopyQuality.owl#Appendix> -> <http://blulab.chpc.utah.edu/ontologies/schema/endo/colonoscopyQuality.owl#Wall_of_appendix> -> <http://blulab.chpc.utah.edu/ontologies/schema/endo/colonoscopyQuality.owl#Appendiceal_serosa> -> <http://blulab.chpc.utah.edu/ontologies/schema/endo/colonoscopyQuality.owl#Connective_tissue_of_visceral_peritoneum>, <http://blulab.chpc.utah.edu/ontologies/v2/ConText.owl#Lexicon> -> <http://blulab.chpc.utah.edu/ontologies/v2/ConText.owl#Modifier> -> <http://blulab.chpc.utah.edu/ontologies/v2/ConText.owl#SemanticModifier> -> <http://blulab.chpc.utah.edu/ontologies/v2/ConText.owl#BodySite> -> <http://blulab.chpc.utah.edu/ontologies/schema/endo/colonoscopyQuality.owl#Colon_structure> -> <http://blulab.chpc.utah.edu/ontologies/schema/endo/colonoscopyQuality.owl#Appendix> -> <http://blulab.chpc.utah.edu/ontologies/schema/endo/colonoscopyQuality.owl#Entire_appendix> -> <http://blulab.chpc.utah.edu/ontologies/schema/endo/colonoscopyQuality.owl#Appendiceal_serosa> -> <http://blulab.chpc.utah.edu/ontologies/schema/endo/colonoscopyQuality.owl#Connective_tissue_of_visceral_peritoneum>]]

	Modifier: Mesothelium_of_serosa_of_transverse_colon, uri=http://blulab.chpc.utah.edu/ontologies/schema/endo/colonoscopyQuality.owl#Mesothelium_of_serosa_of_transverse_colon, type= Semantic, classPath= [<http://blulab.chpc.utah.edu/ontologies/v2/ConText.owl#Lexicon> -> <http://blulab.chpc.utah.edu/ontologies/v2/ConText.owl#Modifier> -> <http://blulab.chpc.utah.edu/ontologies/v2/ConText.owl#SemanticModifier> -> <http://blulab.chpc.utah.edu/ontologies/v2/ConText.owl#BodySite> -> <http://blulab.chpc.utah.edu/ontologies/schema/endo/colonoscopyQuality.owl#Colon_structure> -> <http://blulab.chpc.utah.edu/ontologies/schema/endo/colonoscopyQuality.owl#Transverse_colon> -> <http://blulab.chpc.utah.edu/ontologies/schema/endo/colonoscopyQuality.owl#Wall_of_transverse_colon> -> <http://blulab.chpc.utah.edu/ontologies/schema/endo/colonoscopyQuality.owl#Serosa_of_transverse_colon> -> <http://blulab.chpc.utah.edu/ontologies/schema/endo/colonoscopyQuality.owl#Mesothelium_of_serosa_of_transverse_colon>, <http://blulab.chpc.utah.edu/ontologies/v2/ConText.owl#Lexicon> -> <http://blulab.chpc.utah.edu/ontologies/v2/ConText.owl#Modifier> -> <http://blulab.chpc.utah.edu/ontologies/v2/ConText.owl#SemanticModifier> -> <http://blulab.chpc.utah.edu/ontologies/v2/ConText.owl#BodySite> -> <http://blulab.chpc.utah.edu/ontologies/schema/endo/colonoscopyQuality.owl#Colon_structure> -> <http://blulab.chpc.utah.edu/ontologies/schema/endo/colonoscopyQuality.owl#Entire_colon> -> <http://blulab.chpc.utah.edu/ontologies/schema/endo/colonoscopyQuality.owl#Transverse_colon> -> <http://blulab.chpc.utah.edu/ontologies/schema/endo/colonoscopyQuality.owl#Wall_of_transverse_colon> -> <http://blulab.chpc.utah.edu/ontologies/schema/endo/colonoscopyQuality.owl#Serosa_of_transverse_colon> -> <http://blulab.chpc.utah.edu/ontologies/schema/endo/colonoscopyQuality.owl#Mesothelium_of_serosa_of_transverse_colon>, <http://blulab.chpc.utah.edu/ontologies/v2/ConText.owl#Lexicon> -> <http://blulab.chpc.utah.edu/ontologies/v2/ConText.owl#Modifier> -> <http://blulab.chpc.utah.edu/ontologies/v2/ConText.owl#SemanticModifier> -> <http://blulab.chpc.utah.edu/ontologies/v2/ConText.owl#BodySite> -> <http://blulab.chpc.utah.edu/ontologies/schema/endo/colonoscopyQuality.owl#Colon_structure> -> <http://blulab.chpc.utah.edu/ontologies/schema/endo/colonoscopyQuality.owl#Region_of_colon> -> <http://blulab.chpc.utah.edu/ontologies/schema/endo/colonoscopyQuality.owl#Transverse_colon> -> <http://blulab.chpc.utah.edu/ontologies/schema/endo/colonoscopyQuality.owl#Wall_of_transverse_colon> -> <http://blulab.chpc.utah.edu/ontologies/schema/endo/colonoscopyQuality.owl#Serosa_of_transverse_colon> -> <http://blulab.chpc.utah.edu/ontologies/schema/endo/colonoscopyQuality.owl#Mesothelium_of_serosa_of_transverse_colon>]]

	Modifier: Mesothelium_of_visceral_peritoneum, uri=http://blulab.chpc.utah.edu/ontologies/schema/endo/colonoscopyQuality.owl#Mesothelium_of_visceral_peritoneum, type= Semantic, classPath= [<http://blulab.chpc.utah.edu/ontologies/v2/ConText.owl#Lexicon> -> <http://blulab.chpc.utah.edu/ontologies/v2/ConText.owl#Modifier> -> <http://blulab.chpc.utah.edu/ontologies/v2/ConText.owl#SemanticModifier> -> <http://blulab.chpc.utah.edu/ontologies/v2/ConText.owl#BodySite> -> <http://blulab.chpc.utah.edu/ontologies/schema/endo/colonoscopyQuality.owl#Colon_structure> -> <http://blulab.chpc.utah.edu/ontologies/schema/endo/colonoscopyQuality.owl#Cecum> -> <http://blulab.chpc.utah.edu/ontologies/schema/endo/colonoscopyQuality.owl#Appendix> -> <http://blulab.chpc.utah.edu/ontologies/schema/endo/colonoscopyQuality.owl#Entire_appendix> -> <http://blulab.chpc.utah.edu/ontologies/schema/endo/colonoscopyQuality.owl#Appendiceal_serosa> -> <http://blulab.chpc.utah.edu/ontologies/schema/endo/colonoscopyQuality.owl#Mesothelium_of_visceral_peritoneum>, <http://blulab.chpc.utah.edu/ontologies/v2/ConText.owl#Lexicon> -> <http://blulab.chpc.utah.edu/ontologies/v2/ConText.owl#Modifier> -> <http://blulab.chpc.utah.edu/ontologies/v2/ConText.owl#SemanticModifier> -> <http://blulab.chpc.utah.edu/ontologies/v2/ConText.owl#BodySite> -> <http://blulab.chpc.utah.edu/ontologies/schema/endo/colonoscopyQuality.owl#Colon_structure> -> <http://blulab.chpc.utah.edu/ontologies/schema/endo/colonoscopyQuality.owl#Wall_of_colon> -> <http://blulab.chpc.utah.edu/ontologies/schema/endo/colonoscopyQuality.owl#Colonic_serosa> -> <http://blulab.chpc.utah.edu/ontologies/schema/endo/colonoscopyQuality.owl#Mesothelium_of_visceral_peritoneum>, <http://blulab.chpc.utah.edu/ontologies/v2/ConText.owl#Lexicon> -> <http://blulab.chpc.utah.edu/ontologies/v2/ConText.owl#Modifier> -> <http://blulab.chpc.utah.edu/ontologies/v2/ConText.owl#SemanticModifier> -> <http://blulab.chpc.utah.edu/ontologies/v2/ConText.owl#BodySite> -> <http://blulab.chpc.utah.edu/ontologies/schema/endo/colonoscopyQuality.owl#Colon_structure> -> <http://blulab.chpc.utah.edu/ontologies/schema/endo/colonoscopyQuality.owl#Entire_colon> -> <http://blulab.chpc.utah.edu/ontologies/schema/endo/colonoscopyQuality.owl#Colonic_serosa> -> <http://blulab.chpc.utah.edu/ontologies/schema/endo/colonoscopyQuality.owl#Mesothelium_of_visceral_peritoneum>, <http://blulab.chpc.utah.edu/ontologies/v2/ConText.owl#Lexicon> -> <http://blulab.chpc.utah.edu/ontologies/v2/ConText.owl#Modifier> -> <http://blulab.chpc.utah.edu/ontologies/v2/ConText.owl#SemanticModifier> -> <http://blulab.chpc.utah.edu/ontologies/v2/ConText.owl#BodySite> -> <http://blulab.chpc.utah.edu/ontologies/schema/endo/colonoscopyQuality.owl#Colon_structure> -> <http://blulab.chpc.utah.edu/ontologies/schema/endo/colonoscopyQuality.owl#Cecum> -> <http://blulab.chpc.utah.edu/ontologies/schema/endo/colonoscopyQuality.owl#Wall_of_cecum> -> <http://blulab.chpc.utah.edu/ontologies/schema/endo/colonoscopyQuality.owl#Serosa_of_cecum> -> <http://blulab.chpc.utah.edu/ontologies/schema/endo/colonoscopyQuality.owl#Mesothelium_of_visceral_peritoneum>, <http://blulab.chpc.utah.edu/ontologies/v2/ConText.owl#Lexicon> -> <http://blulab.chpc.utah.edu/ontologies/v2/ConText.owl#Modifier> -> <http://blulab.chpc.utah.edu/ontologies/v2/ConText.owl#SemanticModifier> -> <http://blulab.chpc.utah.edu/ontologies/v2/ConText.owl#BodySite> -> <http://blulab.chpc.utah.edu/ontologies/schema/endo/colonoscopyQuality.owl#Colon_structure> -> <http://blulab.chpc.utah.edu/ontologies/schema/endo/colonoscopyQuality.owl#Descending_colon> -> <http://blulab.chpc.utah.edu/ontologies/schema/endo/colonoscopyQuality.owl#Wall_of_descending_colon> -> <http://blulab.chpc.utah.edu/ontologies/schema/endo/colonoscopyQuality.owl#Serosa_of_descending_colon> -> <http://blulab.chpc.utah.edu/ontologies/schema/endo/colonoscopyQuality.owl#Mesothelium_of_visceral_peritoneum>, <http://blulab.chpc.utah.edu/ontologies/v2/ConText.owl#Lexicon> -> <http://blulab.chpc.utah.edu/ontologies/v2/ConText.owl#Modifier> -> <http://blulab.chpc.utah.edu/ontologies/v2/ConText.owl#SemanticModifier> -> <http://blulab.chpc.utah.edu/ontologies/v2/ConText.owl#BodySite> -> <http://blulab.chpc.utah.edu/ontologies/schema/endo/colonoscopyQuality.owl#Colon_structure> -> <http://blulab.chpc.utah.edu/ontologies/schema/endo/colonoscopyQuality.owl#Left_colon> -> <http://blulab.chpc.utah.edu/ontologies/schema/endo/colonoscopyQuality.owl#Entire_left_colon> -> <http://blulab.chpc.utah.edu/ontologies/schema/endo/colonoscopyQuality.owl#Descending_colon> -> <http://blulab.chpc.utah.edu/ontologies/schema/endo/colonoscopyQuality.owl#Wall_of_descending_colon> -> <http://blulab.chpc.utah.edu/ontologies/schema/endo/colonoscopyQuality.owl#Serosa_of_descending_colon> -> <http://blulab.chpc.utah.edu/ontologies/schema/endo/colonoscopyQuality.owl#Mesothelium_of_visceral_peritoneum>, <http://blulab.chpc.utah.edu/ontologies/v2/ConText.owl#Lexicon> -> <http://blulab.chpc.utah.edu/ontologies/v2/ConText.owl#Modifier> -> <http://blulab.chpc.utah.edu/ontologies/v2/ConText.owl#SemanticModifier> -> <http://blulab.chpc.utah.edu/ontologies/v2/ConText.owl#BodySite> -> <http://blulab.chpc.utah.edu/ontologies/schema/endo/colonoscopyQuality.owl#Colon_structure> -> <http://blulab.chpc.utah.edu/ontologies/schema/endo/colonoscopyQuality.owl#Entire_colon> -> <http://blulab.chpc.utah.edu/ontologies/schema/endo/colonoscopyQuality.owl#Left_colon> -> <http://blulab.chpc.utah.edu/ontologies/schema/endo/colonoscopyQuality.owl#Entire_left_colon> -> <http://blulab.chpc.utah.edu/ontologies/schema/endo/colonoscopyQuality.owl#Descending_colon> -> <http://blulab.chpc.utah.edu/ontologies/schema/endo/colonoscopyQuality.owl#Wall_of_descending_colon> -> <http://blulab.chpc.utah.edu/ontologies/schema/endo/colonoscopyQuality.owl#Serosa_of_descending_colon> -> <http://blulab.chpc.utah.edu/ontologies/schema/endo/colonoscopyQuality.owl#Mesothelium_of_visceral_peritoneum>, <http://blulab.chpc.utah.edu/ontologies/v2/ConText.owl#Lexicon> -> <http://blulab.chpc.utah.edu/ontologies/v2/ConText.owl#Modifier> -> <http://blulab.chpc.utah.edu/ontologies/v2/ConText.owl#SemanticModifier> -> <http://blulab.chpc.utah.edu/ontologies/v2/ConText.owl#BodySite> -> <http://blulab.chpc.utah.edu/ontologies/schema/endo/colonoscopyQuality.owl#Colon_structure> -> <http://blulab.chpc.utah.edu/ontologies/schema/endo/colonoscopyQuality.owl#Entire_colon> -> <http://blulab.chpc.utah.edu/ontologies/schema/endo/colonoscopyQuality.owl#Left_colon> -> <http://blulab.chpc.utah.edu/ontologies/schema/endo/colonoscopyQuality.owl#Descending_colon> -> <http://blulab.chpc.utah.edu/ontologies/schema/endo/colonoscopyQuality.owl#Wall_of_descending_colon> -> <http://blulab.chpc.utah.edu/ontologies/schema/endo/colonoscopyQuality.owl#Serosa_of_descending_colon> -> <http://blulab.chpc.utah.edu/ontologies/schema/endo/colonoscopyQuality.owl#Mesothelium_of_visceral_peritoneum>, <http://blulab.chpc.utah.edu/ontologies/v2/ConText.owl#Lexicon> -> <http://blulab.chpc.utah.edu/ontologies/v2/ConText.owl#Modifier> -> <http://blulab.chpc.utah.edu/ontologies/v2/ConText.owl#SemanticModifier> -> <http://blulab.chpc.utah.edu/ontologies/v2/ConText.owl#BodySite> -> <http://blulab.chpc.utah.edu/ontologies/schema/endo/colonoscopyQuality.owl#Colon_structure> -> <http://blulab.chpc.utah.edu/ontologies/schema/endo/colonoscopyQuality.owl#Left_colon> -> <http://blulab.chpc.utah.edu/ontologies/schema/endo/colonoscopyQuality.owl#Descending_colon> -> <http://blulab.chpc.utah.edu/ontologies/schema/endo/colonoscopyQuality.owl#Wall_of_descending_colon> -> <http://blulab.chpc.utah.edu/ontologies/schema/endo/colonoscopyQuality.owl#Serosa_of_descending_colon> -> <http://blulab.chpc.utah.edu/ontologies/schema/endo/colonoscopyQuality.owl#Mesothelium_of_visceral_peritoneum>, <http://blulab.chpc.utah.edu/ontologies/v2/ConText.owl#Lexicon> -> <http://blulab.chpc.utah.edu/ontologies/v2/ConText.owl#Modifier> -> <http://blulab.chpc.utah.edu/ontologies/v2/ConText.owl#SemanticModifier> -> <http://blulab.chpc.utah.edu/ontologies/v2/ConText.owl#BodySite> -> <http://blulab.chpc.utah.edu/ontologies/schema/endo/colonoscopyQuality.owl#Colon_structure> -> <http://blulab.chpc.utah.edu/ontologies/schema/endo/colonoscopyQuality.owl#Region_of_colon> -> <http://blulab.chpc.utah.edu/ontologies/schema/endo/colonoscopyQuality.owl#Descending_colon> -> <http://blulab.chpc.utah.edu/ontologies/schema/endo/colonoscopyQuality.owl#Wall_of_descending_colon> -> <http://blulab.chpc.utah.edu/ontologies/schema/endo/colonoscopyQuality.owl#Serosa_of_descending_colon> -> <http://blulab.chpc.utah.edu/ontologies/schema/endo/colonoscopyQuality.owl#Mesothelium_of_visceral_peritoneum>, <http://blulab.chpc.utah.edu/ontologies/v2/ConText.owl#Lexicon> -> <http://blulab.chpc.utah.edu/ontologies/v2/ConText.owl#Modifier> -> <http://blulab.chpc.utah.edu/ontologies/v2/ConText.owl#SemanticModifier> -> <http://blulab.chpc.utah.edu/ontologies/v2/ConText.owl#BodySite> -> <http://blulab.chpc.utah.edu/ontologies/schema/endo/colonoscopyQuality.owl#ileum> -> <http://blulab.chpc.utah.edu/ontologies/schema/endo/colonoscopyQuality.owl#Region_of_ileum> -> <http://blulab.chpc.utah.edu/ontologies/schema/endo/colonoscopyQuality.owl#Wall_of_ileum> -> <http://blulab.chpc.utah.edu/ontologies/schema/endo/colonoscopyQuality.owl#Serosa_of_ileum> -> <http://blulab.chpc.utah.edu/ontologies/schema/endo/colonoscopyQuality.owl#Mesothelium_of_visceral_peritoneum>, <http://blulab.chpc.utah.edu/ontologies/v2/ConText.owl#Lexicon> -> <http://blulab.chpc.utah.edu/ontologies/v2/ConText.owl#Modifier> -> <http://blulab.chpc.utah.edu/ontologies/v2/ConText.owl#SemanticModifier> -> <http://blulab.chpc.utah.edu/ontologies/v2/ConText.owl#BodySite> -> <http://blulab.chpc.utah.edu/ontologies/schema/endo/colonoscopyQuality.owl#ileum> -> <http://blulab.chpc.utah.edu/ontologies/schema/endo/colonoscopyQuality.owl#Wall_of_ileum> -> <http://blulab.chpc.utah.edu/ontologies/schema/endo/colonoscopyQuality.owl#Serosa_of_ileum> -> <http://blulab.chpc.utah.edu/ontologies/schema/endo/colonoscopyQuality.owl#Mesothelium_of_visceral_peritoneum>, <http://blulab.chpc.utah.edu/ontologies/v2/ConText.owl#Lexicon> -> <http://blulab.chpc.utah.edu/ontologies/v2/ConText.owl#Modifier> -> <http://blulab.chpc.utah.edu/ontologies/v2/ConText.owl#SemanticModifier> -> <http://blulab.chpc.utah.edu/ontologies/v2/ConText.owl#BodySite> -> <http://blulab.chpc.utah.edu/ontologies/schema/endo/colonoscopyQuality.owl#Colon_structure> -> <http://blulab.chpc.utah.edu/ontologies/schema/endo/colonoscopyQuality.owl#Sigmoid_colon> -> <http://blulab.chpc.utah.edu/ontologies/schema/endo/colonoscopyQuality.owl#Wall_of_sigmoid_colon> -> <http://blulab.chpc.utah.edu/ontologies/schema/endo/colonoscopyQuality.owl#Serosa_of_sigmoid_colon> -> <http://blulab.chpc.utah.edu/ontologies/schema/endo/colonoscopyQuality.owl#Mesothelium_of_visceral_peritoneum>, <http://blulab.chpc.utah.edu/ontologies/v2/ConText.owl#Lexicon> -> <http://blulab.chpc.utah.edu/ontologies/v2/ConText.owl#Modifier> -> <http://blulab.chpc.utah.edu/ontologies/v2/ConText.owl#SemanticModifier> -> <http://blulab.chpc.utah.edu/ontologies/v2/ConText.owl#BodySite> -> <http://blulab.chpc.utah.edu/ontologies/schema/endo/colonoscopyQuality.owl#Colon_structure> -> <http://blulab.chpc.utah.edu/ontologies/schema/endo/colonoscopyQuality.owl#Entire_colon> -> <http://blulab.chpc.utah.edu/ontologies/schema/endo/colonoscopyQuality.owl#Sigmoid_colon> -> <http://blulab.chpc.utah.edu/ontologies/schema/endo/colonoscopyQuality.owl#Wall_of_sigmoid_colon> -> <http://blulab.chpc.utah.edu/ontologies/schema/endo/colonoscopyQuality.owl#Serosa_of_sigmoid_colon> -> <http://blulab.chpc.utah.edu/ontologies/schema/endo/colonoscopyQuality.owl#Mesothelium_of_visceral_peritoneum>, <http://blulab.chpc.utah.edu/ontologies/v2/ConText.owl#Lexicon> -> <http://blulab.chpc.utah.edu/ontologies/v2/ConText.owl#Modifier> -> <http://blulab.chpc.utah.edu/ontologies/v2/ConText.owl#SemanticModifier> -> <http://blulab.chpc.utah.edu/ontologies/v2/ConText.owl#BodySite> -> <http://blulab.chpc.utah.edu/ontologies/schema/endo/colonoscopyQuality.owl#Colon_structure> -> <http://blulab.chpc.utah.edu/ontologies/schema/endo/colonoscopyQuality.owl#Region_of_colon> -> <http://blulab.chpc.utah.edu/ontologies/schema/endo/colonoscopyQuality.owl#Sigmoid_colon> -> <http://blulab.chpc.utah.edu/ontologies/schema/endo/colonoscopyQuality.owl#Wall_of_sigmoid_colon> -> <http://blulab.chpc.utah.edu/ontologies/schema/endo/colonoscopyQuality.owl#Serosa_of_sigmoid_colon> -> <http://blulab.chpc.utah.edu/ontologies/schema/endo/colonoscopyQuality.owl#Mesothelium_of_visceral_peritoneum>, <http://blulab.chpc.utah.edu/ontologies/v2/ConText.owl#Lexicon> -> <http://blulab.chpc.utah.edu/ontologies/v2/ConText.owl#Modifier> -> <http://blulab.chpc.utah.edu/ontologies/v2/ConText.owl#SemanticModifier> -> <http://blulab.chpc.utah.edu/ontologies/v2/ConText.owl#BodySite> -> <http://blulab.chpc.utah.edu/ontologies/schema/endo/colonoscopyQuality.owl#Colon_structure> -> <http://blulab.chpc.utah.edu/ontologies/schema/endo/colonoscopyQuality.owl#Transverse_colon> -> <http://blulab.chpc.utah.edu/ontologies/schema/endo/colonoscopyQuality.owl#Wall_of_transverse_colon> -> <http://blulab.chpc.utah.edu/ontologies/schema/endo/colonoscopyQuality.owl#Serosa_of_transverse_colon> -> <http://blulab.chpc.utah.edu/ontologies/schema/endo/colonoscopyQuality.owl#Mesothelium_of_visceral_peritoneum>, <http://blulab.chpc.utah.edu/ontologies/v2/ConText.owl#Lexicon> -> <http://blulab.chpc.utah.edu/ontologies/v2/ConText.owl#Modifier> -> <http://blulab.chpc.utah.edu/ontologies/v2/ConText.owl#SemanticModifier> -> <http://blulab.chpc.utah.edu/ontologies/v2/ConText.owl#BodySite> -> <http://blulab.chpc.utah.edu/ontologies/schema/endo/colonoscopyQuality.owl#Colon_structure> -> <http://blulab.chpc.utah.edu/ontologies/schema/endo/colonoscopyQuality.owl#Entire_colon> -> <http://blulab.chpc.utah.edu/ontologies/schema/endo/colonoscopyQuality.owl#Transverse_colon> -> <http://blulab.chpc.utah.edu/ontologies/schema/endo/colonoscopyQuality.owl#Wall_of_transverse_colon> -> <http://blulab.chpc.utah.edu/ontologies/schema/endo/colonoscopyQuality.owl#Serosa_of_transverse_colon> -> <http://blulab.chpc.utah.edu/ontologies/schema/endo/colonoscopyQuality.owl#Mesothelium_of_visceral_peritoneum>, <http://blulab.chpc.utah.edu/ontologies/v2/ConText.owl#Lexicon> -> <http://blulab.chpc.utah.edu/ontologies/v2/ConText.owl#Modifier> -> <http://blulab.chpc.utah.edu/ontologies/v2/ConText.owl#SemanticModifier> -> <http://blulab.chpc.utah.edu/ontologies/v2/ConText.owl#BodySite> -> <http://blulab.chpc.utah.edu/ontologies/schema/endo/colonoscopyQuality.owl#Colon_structure> -> <http://blulab.chpc.utah.edu/ontologies/schema/endo/colonoscopyQuality.owl#Region_of_colon> -> <http://blulab.chpc.utah.edu/ontologies/schema/endo/colonoscopyQuality.owl#Transverse_colon> -> <http://blulab.chpc.utah.edu/ontologies/schema/endo/colonoscopyQuality.owl#Wall_of_transverse_colon> -> <http://blulab.chpc.utah.edu/ontologies/schema/endo/colonoscopyQuality.owl#Serosa_of_transverse_colon> -> <http://blulab.chpc.utah.edu/ontologies/schema/endo/colonoscopyQuality.owl#Mesothelium_of_visceral_peritoneum>, <http://blulab.chpc.utah.edu/ontologies/v2/ConText.owl#Lexicon> -> <http://blulab.chpc.utah.edu/ontologies/v2/ConText.owl#Modifier> -> <http://blulab.chpc.utah.edu/ontologies/v2/ConText.owl#SemanticModifier> -> <http://blulab.chpc.utah.edu/ontologies/v2/ConText.owl#BodySite> -> <http://blulab.chpc.utah.edu/ontologies/schema/endo/colonoscopyQuality.owl#Colon_structure> -> <http://blulab.chpc.utah.edu/ontologies/schema/endo/colonoscopyQuality.owl#Cecum> -> <http://blulab.chpc.utah.edu/ontologies/schema/endo/colonoscopyQuality.owl#Appendix> -> <http://blulab.chpc.utah.edu/ontologies/schema/endo/colonoscopyQuality.owl#Wall_of_appendix> -> <http://blulab.chpc.utah.edu/ontologies/schema/endo/colonoscopyQuality.owl#Appendiceal_serosa> -> <http://blulab.chpc.utah.edu/ontologies/schema/endo/colonoscopyQuality.owl#Mesothelium_of_visceral_peritoneum>, <http://blulab.chpc.utah.edu/ontologies/v2/ConText.owl#Lexicon> -> <http://blulab.chpc.utah.edu/ontologies/v2/ConText.owl#Modifier> -> <http://blulab.chpc.utah.edu/ontologies/v2/ConText.owl#SemanticModifier> -> <http://blulab.chpc.utah.edu/ontologies/v2/ConText.owl#BodySite> -> <http://blulab.chpc.utah.edu/ontologies/schema/endo/colonoscopyQuality.owl#Colon_structure> -> <http://blulab.chpc.utah.edu/ontologies/schema/endo/colonoscopyQuality.owl#Appendix> -> <http://blulab.chpc.utah.edu/ontologies/schema/endo/colonoscopyQuality.owl#Wall_of_appendix> -> <http://blulab.chpc.utah.edu/ontologies/schema/endo/colonoscopyQuality.owl#Appendiceal_serosa> -> <http://blulab.chpc.utah.edu/ontologies/schema/endo/colonoscopyQuality.owl#Mesothelium_of_visceral_peritoneum>, <http://blulab.chpc.utah.edu/ontologies/v2/ConText.owl#Lexicon> -> <http://blulab.chpc.utah.edu/ontologies/v2/ConText.owl#Modifier> -> <http://blulab.chpc.utah.edu/ontologies/v2/ConText.owl#SemanticModifier> -> <http://blulab.chpc.utah.edu/ontologies/v2/ConText.owl#BodySite> -> <http://blulab.chpc.utah.edu/ontologies/schema/endo/colonoscopyQuality.owl#Colon_structure> -> <http://blulab.chpc.utah.edu/ontologies/schema/endo/colonoscopyQuality.owl#Appendix> -> <http://blulab.chpc.utah.edu/ontologies/schema/endo/colonoscopyQuality.owl#Entire_appendix> -> <http://blulab.chpc.utah.edu/ontologies/schema/endo/colonoscopyQuality.owl#Appendiceal_serosa> -> <http://blulab.chpc.utah.edu/ontologies/schema/endo/colonoscopyQuality.owl#Mesothelium_of_visceral_peritoneum>]]

	Modifier: Submucosa_of_transverse_colon, uri=http://blulab.chpc.utah.edu/ontologies/schema/endo/colonoscopyQuality.owl#Submucosa_of_transverse_colon, type= Semantic, classPath= [<http://blulab.chpc.utah.edu/ontologies/v2/ConText.owl#Lexicon> -> <http://blulab.chpc.utah.edu/ontologies/v2/ConText.owl#Modifier> -> <http://blulab.chpc.utah.edu/ontologies/v2/ConText.owl#SemanticModifier> -> <http://blulab.chpc.utah.edu/ontologies/v2/ConText.owl#BodySite> -> <http://blulab.chpc.utah.edu/ontologies/schema/endo/colonoscopyQuality.owl#Colon_structure> -> <http://blulab.chpc.utah.edu/ontologies/schema/endo/colonoscopyQuality.owl#Transverse_colon> -> <http://blulab.chpc.utah.edu/ontologies/schema/endo/colonoscopyQuality.owl#Wall_of_transverse_colon> -> <http://blulab.chpc.utah.edu/ontologies/schema/endo/colonoscopyQuality.owl#Submucosa_of_transverse_colon>, <http://blulab.chpc.utah.edu/ontologies/v2/ConText.owl#Lexicon> -> <http://blulab.chpc.utah.edu/ontologies/v2/ConText.owl#Modifier> -> <http://blulab.chpc.utah.edu/ontologies/v2/ConText.owl#SemanticModifier> -> <http://blulab.chpc.utah.edu/ontologies/v2/ConText.owl#BodySite> -> <http://blulab.chpc.utah.edu/ontologies/schema/endo/colonoscopyQuality.owl#Colon_structure> -> <http://blulab.chpc.utah.edu/ontologies/schema/endo/colonoscopyQuality.owl#Entire_colon> -> <http://blulab.chpc.utah.edu/ontologies/schema/endo/colonoscopyQuality.owl#Transverse_colon> -> <http://blulab.chpc.utah.edu/ontologies/schema/endo/colonoscopyQuality.owl#Wall_of_transverse_colon> -> <http://blulab.chpc.utah.edu/ontologies/schema/endo/colonoscopyQuality.owl#Submucosa_of_transverse_colon>, <http://blulab.chpc.utah.edu/ontologies/v2/ConText.owl#Lexicon> -> <http://blulab.chpc.utah.edu/ontologies/v2/ConText.owl#Modifier> -> <http://blulab.chpc.utah.edu/ontologies/v2/ConText.owl#SemanticModifier> -> <http://blulab.chpc.utah.edu/ontologies/v2/ConText.owl#BodySite> -> <http://blulab.chpc.utah.edu/ontologies/schema/endo/colonoscopyQuality.owl#Colon_structure> -> <http://blulab.chpc.utah.edu/ontologies/schema/endo/colonoscopyQuality.owl#Region_of_colon> -> <http://blulab.chpc.utah.edu/ontologies/schema/endo/colonoscopyQuality.owl#Transverse_colon> -> <http://blulab.chpc.utah.edu/ontologies/schema/endo/colonoscopyQuality.owl#Wall_of_transverse_colon> -> <http://blulab.chpc.utah.edu/ontologies/schema/endo/colonoscopyQuality.owl#Submucosa_of_transverse_colon>]]

	Modifier: Subserosa_of_transverse_colon, uri=http://blulab.chpc.utah.edu/ontologies/schema/endo/colonoscopyQuality.owl#Subserosa_of_transverse_colon, type= Semantic, classPath= [<http://blulab.chpc.utah.edu/ontologies/v2/ConText.owl#Lexicon> -> <http://blulab.chpc.utah.edu/ontologies/v2/ConText.owl#Modifier> -> <http://blulab.chpc.utah.edu/ontologies/v2/ConText.owl#SemanticModifier> -> <http://blulab.chpc.utah.edu/ontologies/v2/ConText.owl#BodySite> -> <http://blulab.chpc.utah.edu/ontologies/schema/endo/colonoscopyQuality.owl#Colon_structure> -> <http://blulab.chpc.utah.edu/ontologies/schema/endo/colonoscopyQuality.owl#Transverse_colon> -> <http://blulab.chpc.utah.edu/ontologies/schema/endo/colonoscopyQuality.owl#Wall_of_transverse_colon> -> <http://blulab.chpc.utah.edu/ontologies/schema/endo/colonoscopyQuality.owl#Subserosa_of_transverse_colon>, <http://blulab.chpc.utah.edu/ontologies/v2/ConText.owl#Lexicon> -> <http://blulab.chpc.utah.edu/ontologies/v2/ConText.owl#Modifier> -> <http://blulab.chpc.utah.edu/ontologies/v2/ConText.owl#SemanticModifier> -> <http://blulab.chpc.utah.edu/ontologies/v2/ConText.owl#BodySite> -> <http://blulab.chpc.utah.edu/ontologies/schema/endo/colonoscopyQuality.owl#Colon_structure> -> <http://blulab.chpc.utah.edu/ontologies/schema/endo/colonoscopyQuality.owl#Entire_colon> -> <http://blulab.chpc.utah.edu/ontologies/schema/endo/colonoscopyQuality.owl#Transverse_colon> -> <http://blulab.chpc.utah.edu/ontologies/schema/endo/colonoscopyQuality.owl#Wall_of_transverse_colon> -> <http://blulab.chpc.utah.edu/ontologies/schema/endo/colonoscopyQuality.owl#Subserosa_of_transverse_colon>, <http://blulab.chpc.utah.edu/ontologies/v2/ConText.owl#Lexicon> -> <http://blulab.chpc.utah.edu/ontologies/v2/ConText.owl#Modifier> -> <http://blulab.chpc.utah.edu/ontologies/v2/ConText.owl#SemanticModifier> -> <http://blulab.chpc.utah.edu/ontologies/v2/ConText.owl#BodySite> -> <http://blulab.chpc.utah.edu/ontologies/schema/endo/colonoscopyQuality.owl#Colon_structure> -> <http://blulab.chpc.utah.edu/ontologies/schema/endo/colonoscopyQuality.owl#Region_of_colon> -> <http://blulab.chpc.utah.edu/ontologies/schema/endo/colonoscopyQuality.owl#Transverse_colon> -> <http://blulab.chpc.utah.edu/ontologies/schema/endo/colonoscopyQuality.owl#Wall_of_transverse_colon> -> <http://blulab.chpc.utah.edu/ontologies/schema/endo/colonoscopyQuality.owl#Subserosa_of_transverse_colon>]]

	Modifier: Left_colon, uri=http://blulab.chpc.utah.edu/ontologies/schema/endo/colonoscopyQuality.owl#Left_colon, type= Semantic, classPath= [<http://blulab.chpc.utah.edu/ontologies/v2/ConText.owl#Lexicon> -> <http://blulab.chpc.utah.edu/ontologies/v2/ConText.owl#Modifier> -> <http://blulab.chpc.utah.edu/ontologies/v2/ConText.owl#SemanticModifier> -> <http://blulab.chpc.utah.edu/ontologies/v2/ConText.owl#BodySite> -> <http://blulab.chpc.utah.edu/ontologies/schema/endo/colonoscopyQuality.owl#Colon_structure> -> <http://blulab.chpc.utah.edu/ontologies/schema/endo/colonoscopyQuality.owl#Left_colon>, <http://blulab.chpc.utah.edu/ontologies/v2/ConText.owl#Lexicon> -> <http://blulab.chpc.utah.edu/ontologies/v2/ConText.owl#Modifier> -> <http://blulab.chpc.utah.edu/ontologies/v2/ConText.owl#SemanticModifier> -> <http://blulab.chpc.utah.edu/ontologies/v2/ConText.owl#BodySite> -> <http://blulab.chpc.utah.edu/ontologies/schema/endo/colonoscopyQuality.owl#Colon_structure> -> <http://blulab.chpc.utah.edu/ontologies/schema/endo/colonoscopyQuality.owl#Entire_colon> -> <http://blulab.chpc.utah.edu/ontologies/schema/endo/colonoscopyQuality.owl#Left_colon>]]

	Modifier: Lumen_of_colon, uri=http://blulab.chpc.utah.edu/ontologies/schema/endo/colonoscopyQuality.owl#Lumen_of_colon, type= Semantic, classPath= [<http://blulab.chpc.utah.edu/ontologies/v2/ConText.owl#Lexicon> -> <http://blulab.chpc.utah.edu/ontologies/v2/ConText.owl#Modifier> -> <http://blulab.chpc.utah.edu/ontologies/v2/ConText.owl#SemanticModifier> -> <http://blulab.chpc.utah.edu/ontologies/v2/ConText.owl#BodySite> -> <http://blulab.chpc.utah.edu/ontologies/schema/endo/colonoscopyQuality.owl#Colon_structure> -> <http://blulab.chpc.utah.edu/ontologies/schema/endo/colonoscopyQuality.owl#Lumen_of_colon>]]

	Modifier: Region_of_colon, uri=http://blulab.chpc.utah.edu/ontologies/schema/endo/colonoscopyQuality.owl#Region_of_colon, type= Semantic, classPath= [<http://blulab.chpc.utah.edu/ontologies/v2/ConText.owl#Lexicon> -> <http://blulab.chpc.utah.edu/ontologies/v2/ConText.owl#Modifier> -> <http://blulab.chpc.utah.edu/ontologies/v2/ConText.owl#SemanticModifier> -> <http://blulab.chpc.utah.edu/ontologies/v2/ConText.owl#BodySite> -> <http://blulab.chpc.utah.edu/ontologies/schema/endo/colonoscopyQuality.owl#Colon_structure> -> <http://blulab.chpc.utah.edu/ontologies/schema/endo/colonoscopyQuality.owl#Region_of_colon>]]

	Modifier: Ascending_colon, uri=http://blulab.chpc.utah.edu/ontologies/schema/endo/colonoscopyQuality.owl#Ascending_colon, type= Semantic, classPath= [<http://blulab.chpc.utah.edu/ontologies/v2/ConText.owl#Lexicon> -> <http://blulab.chpc.utah.edu/ontologies/v2/ConText.owl#Modifier> -> <http://blulab.chpc.utah.edu/ontologies/v2/ConText.owl#SemanticModifier> -> <http://blulab.chpc.utah.edu/ontologies/v2/ConText.owl#BodySite> -> <http://blulab.chpc.utah.edu/ontologies/schema/endo/colonoscopyQuality.owl#Colon_structure> -> <http://blulab.chpc.utah.edu/ontologies/schema/endo/colonoscopyQuality.owl#Ascending_colon>, <http://blulab.chpc.utah.edu/ontologies/v2/ConText.owl#Lexicon> -> <http://blulab.chpc.utah.edu/ontologies/v2/ConText.owl#Modifier> -> <http://blulab.chpc.utah.edu/ontologies/v2/ConText.owl#SemanticModifier> -> <http://blulab.chpc.utah.edu/ontologies/v2/ConText.owl#BodySite> -> <http://blulab.chpc.utah.edu/ontologies/schema/endo/colonoscopyQuality.owl#Colon_structure> -> <http://blulab.chpc.utah.edu/ontologies/schema/endo/colonoscopyQuality.owl#Entire_colon> -> <http://blulab.chpc.utah.edu/ontologies/schema/endo/colonoscopyQuality.owl#Right_colon> -> <http://blulab.chpc.utah.edu/ontologies/schema/endo/colonoscopyQuality.owl#Entire_right_colon> -> <http://blulab.chpc.utah.edu/ontologies/schema/endo/colonoscopyQuality.owl#Ascending_colon>, <http://blulab.chpc.utah.edu/ontologies/v2/ConText.owl#Lexicon> -> <http://blulab.chpc.utah.edu/ontologies/v2/ConText.owl#Modifier> -> <http://blulab.chpc.utah.edu/ontologies/v2/ConText.owl#SemanticModifier> -> <http://blulab.chpc.utah.edu/ontologies/v2/ConText.owl#BodySite> -> <http://blulab.chpc.utah.edu/ontologies/schema/endo/colonoscopyQuality.owl#Colon_structure> -> <http://blulab.chpc.utah.edu/ontologies/schema/endo/colonoscopyQuality.owl#Entire_colon> -> <http://blulab.chpc.utah.edu/ontologies/schema/endo/colonoscopyQuality.owl#Entire_right_colon> -> <http://blulab.chpc.utah.edu/ontologies/schema/endo/colonoscopyQuality.owl#Ascending_colon>, <http://blulab.chpc.utah.edu/ontologies/v2/ConText.owl#Lexicon> -> <http://blulab.chpc.utah.edu/ontologies/v2/ConText.owl#Modifier> -> <http://blulab.chpc.utah.edu/ontologies/v2/ConText.owl#SemanticModifier> -> <http://blulab.chpc.utah.edu/ontologies/v2/ConText.owl#BodySite> -> <http://blulab.chpc.utah.edu/ontologies/schema/endo/colonoscopyQuality.owl#Colon_structure> -> <http://blulab.chpc.utah.edu/ontologies/schema/endo/colonoscopyQuality.owl#Region_of_colon> -> <http://blulab.chpc.utah.edu/ontologies/schema/endo/colonoscopyQuality.owl#Ascending_colon>, <http://blulab.chpc.utah.edu/ontologies/v2/ConText.owl#Lexicon> -> <http://blulab.chpc.utah.edu/ontologies/v2/ConText.owl#Modifier> -> <http://blulab.chpc.utah.edu/ontologies/v2/ConText.owl#SemanticModifier> -> <http://blulab.chpc.utah.edu/ontologies/v2/ConText.owl#BodySite> -> <http://blulab.chpc.utah.edu/ontologies/schema/endo/colonoscopyQuality.owl#Colon_structure> -> <http://blulab.chpc.utah.edu/ontologies/schema/endo/colonoscopyQuality.owl#Entire_colon> -> <http://blulab.chpc.utah.edu/ontologies/schema/endo/colonoscopyQuality.owl#Right_colon> -> <http://blulab.chpc.utah.edu/ontologies/schema/endo/colonoscopyQuality.owl#Ascending_colon>]]

	Modifier: Descending_colon, uri=http://blulab.chpc.utah.edu/ontologies/schema/endo/colonoscopyQuality.owl#Descending_colon, type= Semantic, classPath= [<http://blulab.chpc.utah.edu/ontologies/v2/ConText.owl#Lexicon> -> <http://blulab.chpc.utah.edu/ontologies/v2/ConText.owl#Modifier> -> <http://blulab.chpc.utah.edu/ontologies/v2/ConText.owl#SemanticModifier> -> <http://blulab.chpc.utah.edu/ontologies/v2/ConText.owl#BodySite> -> <http://blulab.chpc.utah.edu/ontologies/schema/endo/colonoscopyQuality.owl#Colon_structure> -> <http://blulab.chpc.utah.edu/ontologies/schema/endo/colonoscopyQuality.owl#Descending_colon>, <http://blulab.chpc.utah.edu/ontologies/v2/ConText.owl#Lexicon> -> <http://blulab.chpc.utah.edu/ontologies/v2/ConText.owl#Modifier> -> <http://blulab.chpc.utah.edu/ontologies/v2/ConText.owl#SemanticModifier> -> <http://blulab.chpc.utah.edu/ontologies/v2/ConText.owl#BodySite> -> <http://blulab.chpc.utah.edu/ontologies/schema/endo/colonoscopyQuality.owl#Colon_structure> -> <http://blulab.chpc.utah.edu/ontologies/schema/endo/colonoscopyQuality.owl#Left_colon> -> <http://blulab.chpc.utah.edu/ontologies/schema/endo/colonoscopyQuality.owl#Entire_left_colon> -> <http://blulab.chpc.utah.edu/ontologies/schema/endo/colonoscopyQuality.owl#Descending_colon>, <http://blulab.chpc.utah.edu/ontologies/v2/ConText.owl#Lexicon> -> <http://blulab.chpc.utah.edu/ontologies/v2/ConText.owl#Modifier> -> <http://blulab.chpc.utah.edu/ontologies/v2/ConText.owl#SemanticModifier> -> <http://blulab.chpc.utah.edu/ontologies/v2/ConText.owl#BodySite> -> <http://blulab.chpc.utah.edu/ontologies/schema/endo/colonoscopyQuality.owl#Colon_structure> -> <http://blulab.chpc.utah.edu/ontologies/schema/endo/colonoscopyQuality.owl#Entire_colon> -> <http://blulab.chpc.utah.edu/ontologies/schema/endo/colonoscopyQuality.owl#Left_colon> -> <http://blulab.chpc.utah.edu/ontologies/schema/endo/colonoscopyQuality.owl#Entire_left_colon> -> <http://blulab.chpc.utah.edu/ontologies/schema/endo/colonoscopyQuality.owl#Descending_colon>, <http://blulab.chpc.utah.edu/ontologies/v2/ConText.owl#Lexicon> -> <http://blulab.chpc.utah.edu/ontologies/v2/ConText.owl#Modifier> -> <http://blulab.chpc.utah.edu/ontologies/v2/ConText.owl#SemanticModifier> -> <http://blulab.chpc.utah.edu/ontologies/v2/ConText.owl#BodySite> -> <http://blulab.chpc.utah.edu/ontologies/schema/endo/colonoscopyQuality.owl#Colon_structure> -> <http://blulab.chpc.utah.edu/ontologies/schema/endo/colonoscopyQuality.owl#Entire_colon> -> <http://blulab.chpc.utah.edu/ontologies/schema/endo/colonoscopyQuality.owl#Left_colon> -> <http://blulab.chpc.utah.edu/ontologies/schema/endo/colonoscopyQuality.owl#Descending_colon>, <http://blulab.chpc.utah.edu/ontologies/v2/ConText.owl#Lexicon> -> <http://blulab.chpc.utah.edu/ontologies/v2/ConText.owl#Modifier> -> <http://blulab.chpc.utah.edu/ontologies/v2/ConText.owl#SemanticModifier> -> <http://blulab.chpc.utah.edu/ontologies/v2/ConText.owl#BodySite> -> <http://blulab.chpc.utah.edu/ontologies/schema/endo/colonoscopyQuality.owl#Colon_structure> -> <http://blulab.chpc.utah.edu/ontologies/schema/endo/colonoscopyQuality.owl#Left_colon> -> <http://blulab.chpc.utah.edu/ontologies/schema/endo/colonoscopyQuality.owl#Descending_colon>, <http://blulab.chpc.utah.edu/ontologies/v2/ConText.owl#Lexicon> -> <http://blulab.chpc.utah.edu/ontologies/v2/ConText.owl#Modifier> -> <http://blulab.chpc.utah.edu/ontologies/v2/ConText.owl#SemanticModifier> -> <http://blulab.chpc.utah.edu/ontologies/v2/ConText.owl#BodySite> -> <http://blulab.chpc.utah.edu/ontologies/schema/endo/colonoscopyQuality.owl#Colon_structure> -> <http://blulab.chpc.utah.edu/ontologies/schema/endo/colonoscopyQuality.owl#Region_of_colon> -> <http://blulab.chpc.utah.edu/ontologies/schema/endo/colonoscopyQuality.owl#Descending_colon>]]

	Modifier: Sigmoid_colon, uri=http://blulab.chpc.utah.edu/ontologies/schema/endo/colonoscopyQuality.owl#Sigmoid_colon, type= Semantic, classPath= [<http://blulab.chpc.utah.edu/ontologies/v2/ConText.owl#Lexicon> -> <http://blulab.chpc.utah.edu/ontologies/v2/ConText.owl#Modifier> -> <http://blulab.chpc.utah.edu/ontologies/v2/ConText.owl#SemanticModifier> -> <http://blulab.chpc.utah.edu/ontologies/v2/ConText.owl#BodySite> -> <http://blulab.chpc.utah.edu/ontologies/schema/endo/colonoscopyQuality.owl#Colon_structure> -> <http://blulab.chpc.utah.edu/ontologies/schema/endo/colonoscopyQuality.owl#Sigmoid_colon>, <http://blulab.chpc.utah.edu/ontologies/v2/ConText.owl#Lexicon> -> <http://blulab.chpc.utah.edu/ontologies/v2/ConText.owl#Modifier> -> <http://blulab.chpc.utah.edu/ontologies/v2/ConText.owl#SemanticModifier> -> <http://blulab.chpc.utah.edu/ontologies/v2/ConText.owl#BodySite> -> <http://blulab.chpc.utah.edu/ontologies/schema/endo/colonoscopyQuality.owl#Colon_structure> -> <http://blulab.chpc.utah.edu/ontologies/schema/endo/colonoscopyQuality.owl#Entire_colon> -> <http://blulab.chpc.utah.edu/ontologies/schema/endo/colonoscopyQuality.owl#Sigmoid_colon>, <http://blulab.chpc.utah.edu/ontologies/v2/ConText.owl#Lexicon> -> <http://blulab.chpc.utah.edu/ontologies/v2/ConText.owl#Modifier> -> <http://blulab.chpc.utah.edu/ontologies/v2/ConText.owl#SemanticModifier> -> <http://blulab.chpc.utah.edu/ontologies/v2/ConText.owl#BodySite> -> <http://blulab.chpc.utah.edu/ontologies/schema/endo/colonoscopyQuality.owl#Colon_structure> -> <http://blulab.chpc.utah.edu/ontologies/schema/endo/colonoscopyQuality.owl#Region_of_colon> -> <http://blulab.chpc.utah.edu/ontologies/schema/endo/colonoscopyQuality.owl#Sigmoid_colon>]]

	Modifier: Structure_of_colic_flexure, uri=http://blulab.chpc.utah.edu/ontologies/schema/endo/colonoscopyQuality.owl#Structure_of_colic_flexure, type= Semantic, classPath= [<http://blulab.chpc.utah.edu/ontologies/v2/ConText.owl#Lexicon> -> <http://blulab.chpc.utah.edu/ontologies/v2/ConText.owl#Modifier> -> <http://blulab.chpc.utah.edu/ontologies/v2/ConText.owl#SemanticModifier> -> <http://blulab.chpc.utah.edu/ontologies/v2/ConText.owl#BodySite> -> <http://blulab.chpc.utah.edu/ontologies/schema/endo/colonoscopyQuality.owl#Colon_structure> -> <http://blulab.chpc.utah.edu/ontologies/schema/endo/colonoscopyQuality.owl#Entire_colon> -> <http://blulab.chpc.utah.edu/ontologies/schema/endo/colonoscopyQuality.owl#Structure_of_colic_flexure>, <http://blulab.chpc.utah.edu/ontologies/v2/ConText.owl#Lexicon> -> <http://blulab.chpc.utah.edu/ontologies/v2/ConText.owl#Modifier> -> <http://blulab.chpc.utah.edu/ontologies/v2/ConText.owl#SemanticModifier> -> <http://blulab.chpc.utah.edu/ontologies/v2/ConText.owl#BodySite> -> <http://blulab.chpc.utah.edu/ontologies/schema/endo/colonoscopyQuality.owl#Colon_structure> -> <http://blulab.chpc.utah.edu/ontologies/schema/endo/colonoscopyQuality.owl#Region_of_colon> -> <http://blulab.chpc.utah.edu/ontologies/schema/endo/colonoscopyQuality.owl#Structure_of_colic_flexure>]]

	Modifier: Transverse_colon, uri=http://blulab.chpc.utah.edu/ontologies/schema/endo/colonoscopyQuality.owl#Transverse_colon, type= Semantic, classPath= [<http://blulab.chpc.utah.edu/ontologies/v2/ConText.owl#Lexicon> -> <http://blulab.chpc.utah.edu/ontologies/v2/ConText.owl#Modifier> -> <http://blulab.chpc.utah.edu/ontologies/v2/ConText.owl#SemanticModifier> -> <http://blulab.chpc.utah.edu/ontologies/v2/ConText.owl#BodySite> -> <http://blulab.chpc.utah.edu/ontologies/schema/endo/colonoscopyQuality.owl#Colon_structure> -> <http://blulab.chpc.utah.edu/ontologies/schema/endo/colonoscopyQuality.owl#Transverse_colon>, <http://blulab.chpc.utah.edu/ontologies/v2/ConText.owl#Lexicon> -> <http://blulab.chpc.utah.edu/ontologies/v2/ConText.owl#Modifier> -> <http://blulab.chpc.utah.edu/ontologies/v2/ConText.owl#SemanticModifier> -> <http://blulab.chpc.utah.edu/ontologies/v2/ConText.owl#BodySite> -> <http://blulab.chpc.utah.edu/ontologies/schema/endo/colonoscopyQuality.owl#Colon_structure> -> <http://blulab.chpc.utah.edu/ontologies/schema/endo/colonoscopyQuality.owl#Entire_colon> -> <http://blulab.chpc.utah.edu/ontologies/schema/endo/colonoscopyQuality.owl#Transverse_colon>, <http://blulab.chpc.utah.edu/ontologies/v2/ConText.owl#Lexicon> -> <http://blulab.chpc.utah.edu/ontologies/v2/ConText.owl#Modifier> -> <http://blulab.chpc.utah.edu/ontologies/v2/ConText.owl#SemanticModifier> -> <http://blulab.chpc.utah.edu/ontologies/v2/ConText.owl#BodySite> -> <http://blulab.chpc.utah.edu/ontologies/schema/endo/colonoscopyQuality.owl#Colon_structure> -> <http://blulab.chpc.utah.edu/ontologies/schema/endo/colonoscopyQuality.owl#Region_of_colon> -> <http://blulab.chpc.utah.edu/ontologies/schema/endo/colonoscopyQuality.owl#Transverse_colon>]]

	Modifier: Sigmoid_Flexure, uri=http://blulab.chpc.utah.edu/ontologies/schema/endo/colonoscopyQuality.owl#Sigmoid_Flexure, type= Semantic, classPath= [<http://blulab.chpc.utah.edu/ontologies/v2/ConText.owl#Lexicon> -> <http://blulab.chpc.utah.edu/ontologies/v2/ConText.owl#Modifier> -> <http://blulab.chpc.utah.edu/ontologies/v2/ConText.owl#SemanticModifier> -> <http://blulab.chpc.utah.edu/ontologies/v2/ConText.owl#BodySite> -> <http://blulab.chpc.utah.edu/ontologies/schema/endo/colonoscopyQuality.owl#Colon_structure> -> <http://blulab.chpc.utah.edu/ontologies/schema/endo/colonoscopyQuality.owl#Sigmoid_Flexure>]]

	Modifier: Sigmoid_colon, uri=http://blulab.chpc.utah.edu/ontologies/schema/endo/colonoscopyQuality.owl#Sigmoid_colon, type= Semantic, classPath= [<http://blulab.chpc.utah.edu/ontologies/v2/ConText.owl#Lexicon> -> <http://blulab.chpc.utah.edu/ontologies/v2/ConText.owl#Modifier> -> <http://blulab.chpc.utah.edu/ontologies/v2/ConText.owl#SemanticModifier> -> <http://blulab.chpc.utah.edu/ontologies/v2/ConText.owl#BodySite> -> <http://blulab.chpc.utah.edu/ontologies/schema/endo/colonoscopyQuality.owl#Colon_structure> -> <http://blulab.chpc.utah.edu/ontologies/schema/endo/colonoscopyQuality.owl#Sigmoid_colon>, <http://blulab.chpc.utah.edu/ontologies/v2/ConText.owl#Lexicon> -> <http://blulab.chpc.utah.edu/ontologies/v2/ConText.owl#Modifier> -> <http://blulab.chpc.utah.edu/ontologies/v2/ConText.owl#SemanticModifier> -> <http://blulab.chpc.utah.edu/ontologies/v2/ConText.owl#BodySite> -> <http://blulab.chpc.utah.edu/ontologies/schema/endo/colonoscopyQuality.owl#Colon_structure> -> <http://blulab.chpc.utah.edu/ontologies/schema/endo/colonoscopyQuality.owl#Entire_colon> -> <http://blulab.chpc.utah.edu/ontologies/schema/endo/colonoscopyQuality.owl#Sigmoid_colon>, <http://blulab.chpc.utah.edu/ontologies/v2/ConText.owl#Lexicon> -> <http://blulab.chpc.utah.edu/ontologies/v2/ConText.owl#Modifier> -> <http://blulab.chpc.utah.edu/ontologies/v2/ConText.owl#SemanticModifier> -> <http://blulab.chpc.utah.edu/ontologies/v2/ConText.owl#BodySite> -> <http://blulab.chpc.utah.edu/ontologies/schema/endo/colonoscopyQuality.owl#Colon_structure> -> <http://blulab.chpc.utah.edu/ontologies/schema/endo/colonoscopyQuality.owl#Region_of_colon> -> <http://blulab.chpc.utah.edu/ontologies/schema/endo/colonoscopyQuality.owl#Sigmoid_colon>]]

	Modifier: Structure_of_pericolic_tissue, uri=http://blulab.chpc.utah.edu/ontologies/schema/endo/colonoscopyQuality.owl#Structure_of_pericolic_tissue, type= Semantic, classPath= [<http://blulab.chpc.utah.edu/ontologies/v2/ConText.owl#Lexicon> -> <http://blulab.chpc.utah.edu/ontologies/v2/ConText.owl#Modifier> -> <http://blulab.chpc.utah.edu/ontologies/v2/ConText.owl#SemanticModifier> -> <http://blulab.chpc.utah.edu/ontologies/v2/ConText.owl#BodySite> -> <http://blulab.chpc.utah.edu/ontologies/schema/endo/colonoscopyQuality.owl#Colon_structure> -> <http://blulab.chpc.utah.edu/ontologies/schema/endo/colonoscopyQuality.owl#Structure_of_pericolic_tissue>]]

	Modifier: Entire_pericolic_tissue, uri=http://blulab.chpc.utah.edu/ontologies/schema/endo/colonoscopyQuality.owl#Entire_pericolic_tissue, type= Semantic, classPath= [<http://blulab.chpc.utah.edu/ontologies/v2/ConText.owl#Lexicon> -> <http://blulab.chpc.utah.edu/ontologies/v2/ConText.owl#Modifier> -> <http://blulab.chpc.utah.edu/ontologies/v2/ConText.owl#SemanticModifier> -> <http://blulab.chpc.utah.edu/ontologies/v2/ConText.owl#BodySite> -> <http://blulab.chpc.utah.edu/ontologies/schema/endo/colonoscopyQuality.owl#Colon_structure> -> <http://blulab.chpc.utah.edu/ontologies/schema/endo/colonoscopyQuality.owl#Structure_of_pericolic_tissue> -> <http://blulab.chpc.utah.edu/ontologies/schema/endo/colonoscopyQuality.owl#Entire_pericolic_tissue>]]

	Modifier: Transverse_colon, uri=http://blulab.chpc.utah.edu/ontologies/schema/endo/colonoscopyQuality.owl#Transverse_colon, type= Semantic, classPath= [<http://blulab.chpc.utah.edu/ontologies/v2/ConText.owl#Lexicon> -> <http://blulab.chpc.utah.edu/ontologies/v2/ConText.owl#Modifier> -> <http://blulab.chpc.utah.edu/ontologies/v2/ConText.owl#SemanticModifier> -> <http://blulab.chpc.utah.edu/ontologies/v2/ConText.owl#BodySite> -> <http://blulab.chpc.utah.edu/ontologies/schema/endo/colonoscopyQuality.owl#Colon_structure> -> <http://blulab.chpc.utah.edu/ontologies/schema/endo/colonoscopyQuality.owl#Transverse_colon>, <http://blulab.chpc.utah.edu/ontologies/v2/ConText.owl#Lexicon> -> <http://blulab.chpc.utah.edu/ontologies/v2/ConText.owl#Modifier> -> <http://blulab.chpc.utah.edu/ontologies/v2/ConText.owl#SemanticModifier> -> <http://blulab.chpc.utah.edu/ontologies/v2/ConText.owl#BodySite> -> <http://blulab.chpc.utah.edu/ontologies/schema/endo/colonoscopyQuality.owl#Colon_structure> -> <http://blulab.chpc.utah.edu/ontologies/schema/endo/colonoscopyQuality.owl#Entire_colon> -> <http://blulab.chpc.utah.edu/ontologies/schema/endo/colonoscopyQuality.owl#Transverse_colon>, <http://blulab.chpc.utah.edu/ontologies/v2/ConText.owl#Lexicon> -> <http://blulab.chpc.utah.edu/ontologies/v2/ConText.owl#Modifier> -> <http://blulab.chpc.utah.edu/ontologies/v2/ConText.owl#SemanticModifier> -> <http://blulab.chpc.utah.edu/ontologies/v2/ConText.owl#BodySite> -> <http://blulab.chpc.utah.edu/ontologies/schema/endo/colonoscopyQuality.owl#Colon_structure> -> <http://blulab.chpc.utah.edu/ontologies/schema/endo/colonoscopyQuality.owl#Region_of_colon> -> <http://blulab.chpc.utah.edu/ontologies/schema/endo/colonoscopyQuality.owl#Transverse_colon>]]

	Modifier: Wall_of_colon, uri=http://blulab.chpc.utah.edu/ontologies/schema/endo/colonoscopyQuality.owl#Wall_of_colon, type= Semantic, classPath= [<http://blulab.chpc.utah.edu/ontologies/v2/ConText.owl#Lexicon> -> <http://blulab.chpc.utah.edu/ontologies/v2/ConText.owl#Modifier> -> <http://blulab.chpc.utah.edu/ontologies/v2/ConText.owl#SemanticModifier> -> <http://blulab.chpc.utah.edu/ontologies/v2/ConText.owl#BodySite> -> <http://blulab.chpc.utah.edu/ontologies/schema/endo/colonoscopyQuality.owl#Colon_structure> -> <http://blulab.chpc.utah.edu/ontologies/schema/endo/colonoscopyQuality.owl#Wall_of_colon>]]

	Modifier: Colonic_mucous_membrane, uri=http://blulab.chpc.utah.edu/ontologies/schema/endo/colonoscopyQuality.owl#Colonic_mucous_membrane, type= Semantic, classPath= [<http://blulab.chpc.utah.edu/ontologies/v2/ConText.owl#Lexicon> -> <http://blulab.chpc.utah.edu/ontologies/v2/ConText.owl#Modifier> -> <http://blulab.chpc.utah.edu/ontologies/v2/ConText.owl#SemanticModifier> -> <http://blulab.chpc.utah.edu/ontologies/v2/ConText.owl#BodySite> -> <http://blulab.chpc.utah.edu/ontologies/schema/endo/colonoscopyQuality.owl#Colon_structure> -> <http://blulab.chpc.utah.edu/ontologies/schema/endo/colonoscopyQuality.owl#Entire_colon> -> <http://blulab.chpc.utah.edu/ontologies/schema/endo/colonoscopyQuality.owl#Colonic_mucous_membrane>, <http://blulab.chpc.utah.edu/ontologies/v2/ConText.owl#Lexicon> -> <http://blulab.chpc.utah.edu/ontologies/v2/ConText.owl#Modifier> -> <http://blulab.chpc.utah.edu/ontologies/v2/ConText.owl#SemanticModifier> -> <http://blulab.chpc.utah.edu/ontologies/v2/ConText.owl#BodySite> -> <http://blulab.chpc.utah.edu/ontologies/schema/endo/colonoscopyQuality.owl#Colon_structure> -> <http://blulab.chpc.utah.edu/ontologies/schema/endo/colonoscopyQuality.owl#Wall_of_colon> -> <http://blulab.chpc.utah.edu/ontologies/schema/endo/colonoscopyQuality.owl#Colonic_mucous_membrane>]]

	Modifier: Colonic_muscularis_propria, uri=http://blulab.chpc.utah.edu/ontologies/schema/endo/colonoscopyQuality.owl#Colonic_muscularis_propria, type= Semantic, classPath= [<http://blulab.chpc.utah.edu/ontologies/v2/ConText.owl#Lexicon> -> <http://blulab.chpc.utah.edu/ontologies/v2/ConText.owl#Modifier> -> <http://blulab.chpc.utah.edu/ontologies/v2/ConText.owl#SemanticModifier> -> <http://blulab.chpc.utah.edu/ontologies/v2/ConText.owl#BodySite> -> <http://blulab.chpc.utah.edu/ontologies/schema/endo/colonoscopyQuality.owl#Colon_structure> -> <http://blulab.chpc.utah.edu/ontologies/schema/endo/colonoscopyQuality.owl#Entire_colon> -> <http://blulab.chpc.utah.edu/ontologies/schema/endo/colonoscopyQuality.owl#Colonic_muscularis_propria>, <http://blulab.chpc.utah.edu/ontologies/v2/ConText.owl#Lexicon> -> <http://blulab.chpc.utah.edu/ontologies/v2/ConText.owl#Modifier> -> <http://blulab.chpc.utah.edu/ontologies/v2/ConText.owl#SemanticModifier> -> <http://blulab.chpc.utah.edu/ontologies/v2/ConText.owl#BodySite> -> <http://blulab.chpc.utah.edu/ontologies/schema/endo/colonoscopyQuality.owl#Colon_structure> -> <http://blulab.chpc.utah.edu/ontologies/schema/endo/colonoscopyQuality.owl#Wall_of_colon> -> <http://blulab.chpc.utah.edu/ontologies/schema/endo/colonoscopyQuality.owl#Colonic_muscularis_propria>]]

	Modifier: Colonic_serosa, uri=http://blulab.chpc.utah.edu/ontologies/schema/endo/colonoscopyQuality.owl#Colonic_serosa, type= Semantic, classPath= [<http://blulab.chpc.utah.edu/ontologies/v2/ConText.owl#Lexicon> -> <http://blulab.chpc.utah.edu/ontologies/v2/ConText.owl#Modifier> -> <http://blulab.chpc.utah.edu/ontologies/v2/ConText.owl#SemanticModifier> -> <http://blulab.chpc.utah.edu/ontologies/v2/ConText.owl#BodySite> -> <http://blulab.chpc.utah.edu/ontologies/schema/endo/colonoscopyQuality.owl#Colon_structure> -> <http://blulab.chpc.utah.edu/ontologies/schema/endo/colonoscopyQuality.owl#Entire_colon> -> <http://blulab.chpc.utah.edu/ontologies/schema/endo/colonoscopyQuality.owl#Colonic_serosa>, <http://blulab.chpc.utah.edu/ontologies/v2/ConText.owl#Lexicon> -> <http://blulab.chpc.utah.edu/ontologies/v2/ConText.owl#Modifier> -> <http://blulab.chpc.utah.edu/ontologies/v2/ConText.owl#SemanticModifier> -> <http://blulab.chpc.utah.edu/ontologies/v2/ConText.owl#BodySite> -> <http://blulab.chpc.utah.edu/ontologies/schema/endo/colonoscopyQuality.owl#Colon_structure> -> <http://blulab.chpc.utah.edu/ontologies/schema/endo/colonoscopyQuality.owl#Wall_of_colon> -> <http://blulab.chpc.utah.edu/ontologies/schema/endo/colonoscopyQuality.owl#Colonic_serosa>]]

	Modifier: Colonic_submucosa, uri=http://blulab.chpc.utah.edu/ontologies/schema/endo/colonoscopyQuality.owl#Colonic_submucosa, type= Semantic, classPath= [<http://blulab.chpc.utah.edu/ontologies/v2/ConText.owl#Lexicon> -> <http://blulab.chpc.utah.edu/ontologies/v2/ConText.owl#Modifier> -> <http://blulab.chpc.utah.edu/ontologies/v2/ConText.owl#SemanticModifier> -> <http://blulab.chpc.utah.edu/ontologies/v2/ConText.owl#BodySite> -> <http://blulab.chpc.utah.edu/ontologies/schema/endo/colonoscopyQuality.owl#Colon_structure> -> <http://blulab.chpc.utah.edu/ontologies/schema/endo/colonoscopyQuality.owl#Entire_colon> -> <http://blulab.chpc.utah.edu/ontologies/schema/endo/colonoscopyQuality.owl#Colonic_submucosa>, <http://blulab.chpc.utah.edu/ontologies/v2/ConText.owl#Lexicon> -> <http://blulab.chpc.utah.edu/ontologies/v2/ConText.owl#Modifier> -> <http://blulab.chpc.utah.edu/ontologies/v2/ConText.owl#SemanticModifier> -> <http://blulab.chpc.utah.edu/ontologies/v2/ConText.owl#BodySite> -> <http://blulab.chpc.utah.edu/ontologies/schema/endo/colonoscopyQuality.owl#Colon_structure> -> <http://blulab.chpc.utah.edu/ontologies/schema/endo/colonoscopyQuality.owl#Wall_of_colon> -> <http://blulab.chpc.utah.edu/ontologies/schema/endo/colonoscopyQuality.owl#Colonic_submucosa>]]

	Modifier: Colonic_subserosa, uri=http://blulab.chpc.utah.edu/ontologies/schema/endo/colonoscopyQuality.owl#Colonic_subserosa, type= Semantic, classPath= [<http://blulab.chpc.utah.edu/ontologies/v2/ConText.owl#Lexicon> -> <http://blulab.chpc.utah.edu/ontologies/v2/ConText.owl#Modifier> -> <http://blulab.chpc.utah.edu/ontologies/v2/ConText.owl#SemanticModifier> -> <http://blulab.chpc.utah.edu/ontologies/v2/ConText.owl#BodySite> -> <http://blulab.chpc.utah.edu/ontologies/schema/endo/colonoscopyQuality.owl#Colon_structure> -> <http://blulab.chpc.utah.edu/ontologies/schema/endo/colonoscopyQuality.owl#Entire_colon> -> <http://blulab.chpc.utah.edu/ontologies/schema/endo/colonoscopyQuality.owl#Colonic_subserosa>, <http://blulab.chpc.utah.edu/ontologies/v2/ConText.owl#Lexicon> -> <http://blulab.chpc.utah.edu/ontologies/v2/ConText.owl#Modifier> -> <http://blulab.chpc.utah.edu/ontologies/v2/ConText.owl#SemanticModifier> -> <http://blulab.chpc.utah.edu/ontologies/v2/ConText.owl#BodySite> -> <http://blulab.chpc.utah.edu/ontologies/schema/endo/colonoscopyQuality.owl#Colon_structure> -> <http://blulab.chpc.utah.edu/ontologies/schema/endo/colonoscopyQuality.owl#Wall_of_colon> -> <http://blulab.chpc.utah.edu/ontologies/schema/endo/colonoscopyQuality.owl#Colonic_subserosa>]]

	Modifier: Rectum, uri=http://blulab.chpc.utah.edu/ontologies/schema/endo/colonoscopyQuality.owl#Rectum, type= Semantic, classPath= [<http://blulab.chpc.utah.edu/ontologies/v2/ConText.owl#Lexicon> -> <http://blulab.chpc.utah.edu/ontologies/v2/ConText.owl#Modifier> -> <http://blulab.chpc.utah.edu/ontologies/v2/ConText.owl#SemanticModifier> -> <http://blulab.chpc.utah.edu/ontologies/v2/ConText.owl#BodySite> -> <http://blulab.chpc.utah.edu/ontologies/schema/endo/colonoscopyQuality.owl#Rectum>]]

	Modifier: Anorectal_flexure, uri=http://blulab.chpc.utah.edu/ontologies/schema/endo/colonoscopyQuality.owl#Anorectal_flexure, type= Semantic, classPath= [<http://blulab.chpc.utah.edu/ontologies/v2/ConText.owl#Lexicon> -> <http://blulab.chpc.utah.edu/ontologies/v2/ConText.owl#Modifier> -> <http://blulab.chpc.utah.edu/ontologies/v2/ConText.owl#SemanticModifier> -> <http://blulab.chpc.utah.edu/ontologies/v2/ConText.owl#BodySite> -> <http://blulab.chpc.utah.edu/ontologies/schema/endo/colonoscopyQuality.owl#Rectum> -> <http://blulab.chpc.utah.edu/ontologies/schema/endo/colonoscopyQuality.owl#Anorectal_flexure>]]

	Modifier: Entire_rectum, uri=http://blulab.chpc.utah.edu/ontologies/schema/endo/colonoscopyQuality.owl#Entire_rectum, type= Semantic, classPath= [<http://blulab.chpc.utah.edu/ontologies/v2/ConText.owl#Lexicon> -> <http://blulab.chpc.utah.edu/ontologies/v2/ConText.owl#Modifier> -> <http://blulab.chpc.utah.edu/ontologies/v2/ConText.owl#SemanticModifier> -> <http://blulab.chpc.utah.edu/ontologies/v2/ConText.owl#BodySite> -> <http://blulab.chpc.utah.edu/ontologies/schema/endo/colonoscopyQuality.owl#Rectum> -> <http://blulab.chpc.utah.edu/ontologies/schema/endo/colonoscopyQuality.owl#Entire_rectum>]]

	Modifier: Rectal_ampulla, uri=http://blulab.chpc.utah.edu/ontologies/schema/endo/colonoscopyQuality.owl#Rectal_ampulla, type= Semantic, classPath= [<http://blulab.chpc.utah.edu/ontologies/v2/ConText.owl#Lexicon> -> <http://blulab.chpc.utah.edu/ontologies/v2/ConText.owl#Modifier> -> <http://blulab.chpc.utah.edu/ontologies/v2/ConText.owl#SemanticModifier> -> <http://blulab.chpc.utah.edu/ontologies/v2/ConText.owl#BodySite> -> <http://blulab.chpc.utah.edu/ontologies/schema/endo/colonoscopyQuality.owl#Rectum> -> <http://blulab.chpc.utah.edu/ontologies/schema/endo/colonoscopyQuality.owl#Entire_rectum> -> <http://blulab.chpc.utah.edu/ontologies/schema/endo/colonoscopyQuality.owl#Rectal_ampulla>, <http://blulab.chpc.utah.edu/ontologies/v2/ConText.owl#Lexicon> -> <http://blulab.chpc.utah.edu/ontologies/v2/ConText.owl#Modifier> -> <http://blulab.chpc.utah.edu/ontologies/v2/ConText.owl#SemanticModifier> -> <http://blulab.chpc.utah.edu/ontologies/v2/ConText.owl#BodySite> -> <http://blulab.chpc.utah.edu/ontologies/schema/endo/colonoscopyQuality.owl#Rectum> -> <http://blulab.chpc.utah.edu/ontologies/schema/endo/colonoscopyQuality.owl#Region_of_rectum> -> <http://blulab.chpc.utah.edu/ontologies/schema/endo/colonoscopyQuality.owl#Rectal_ampulla>]]

	Modifier: Entire_rectal_ampulla, uri=http://blulab.chpc.utah.edu/ontologies/schema/endo/colonoscopyQuality.owl#Entire_rectal_ampulla, type= Semantic, classPath= [<http://blulab.chpc.utah.edu/ontologies/v2/ConText.owl#Lexicon> -> <http://blulab.chpc.utah.edu/ontologies/v2/ConText.owl#Modifier> -> <http://blulab.chpc.utah.edu/ontologies/v2/ConText.owl#SemanticModifier> -> <http://blulab.chpc.utah.edu/ontologies/v2/ConText.owl#BodySite> -> <http://blulab.chpc.utah.edu/ontologies/schema/endo/colonoscopyQuality.owl#Rectum> -> <http://blulab.chpc.utah.edu/ontologies/schema/endo/colonoscopyQuality.owl#Entire_rectum> -> <http://blulab.chpc.utah.edu/ontologies/schema/endo/colonoscopyQuality.owl#Rectal_ampulla> -> <http://blulab.chpc.utah.edu/ontologies/schema/endo/colonoscopyQuality.owl#Entire_rectal_ampulla>, <http://blulab.chpc.utah.edu/ontologies/v2/ConText.owl#Lexicon> -> <http://blulab.chpc.utah.edu/ontologies/v2/ConText.owl#Modifier> -> <http://blulab.chpc.utah.edu/ontologies/v2/ConText.owl#SemanticModifier> -> <http://blulab.chpc.utah.edu/ontologies/v2/ConText.owl#BodySite> -> <http://blulab.chpc.utah.edu/ontologies/schema/endo/colonoscopyQuality.owl#Rectum> -> <http://blulab.chpc.utah.edu/ontologies/schema/endo/colonoscopyQuality.owl#Region_of_rectum> -> <http://blulab.chpc.utah.edu/ontologies/schema/endo/colonoscopyQuality.owl#Rectal_ampulla> -> <http://blulab.chpc.utah.edu/ontologies/schema/endo/colonoscopyQuality.owl#Entire_rectal_ampulla>]]

	Modifier: Rectal_mucous_membrane, uri=http://blulab.chpc.utah.edu/ontologies/schema/endo/colonoscopyQuality.owl#Rectal_mucous_membrane, type= Semantic, classPath= [<http://blulab.chpc.utah.edu/ontologies/v2/ConText.owl#Lexicon> -> <http://blulab.chpc.utah.edu/ontologies/v2/ConText.owl#Modifier> -> <http://blulab.chpc.utah.edu/ontologies/v2/ConText.owl#SemanticModifier> -> <http://blulab.chpc.utah.edu/ontologies/v2/ConText.owl#BodySite> -> <http://blulab.chpc.utah.edu/ontologies/schema/endo/colonoscopyQuality.owl#Rectum> -> <http://blulab.chpc.utah.edu/ontologies/schema/endo/colonoscopyQuality.owl#Entire_rectum> -> <http://blulab.chpc.utah.edu/ontologies/schema/endo/colonoscopyQuality.owl#Rectal_mucous_membrane>, <http://blulab.chpc.utah.edu/ontologies/v2/ConText.owl#Lexicon> -> <http://blulab.chpc.utah.edu/ontologies/v2/ConText.owl#Modifier> -> <http://blulab.chpc.utah.edu/ontologies/v2/ConText.owl#SemanticModifier> -> <http://blulab.chpc.utah.edu/ontologies/v2/ConText.owl#BodySite> -> <http://blulab.chpc.utah.edu/ontologies/schema/endo/colonoscopyQuality.owl#Rectum> -> <http://blulab.chpc.utah.edu/ontologies/schema/endo/colonoscopyQuality.owl#Wall_of_rectum> -> <http://blulab.chpc.utah.edu/ontologies/schema/endo/colonoscopyQuality.owl#Rectal_mucous_membrane>]]

	Modifier: Entire_rectal_mucous_membrane, uri=http://blulab.chpc.utah.edu/ontologies/schema/endo/colonoscopyQuality.owl#Entire_rectal_mucous_membrane, type= Semantic, classPath= [<http://blulab.chpc.utah.edu/ontologies/v2/ConText.owl#Lexicon> -> <http://blulab.chpc.utah.edu/ontologies/v2/ConText.owl#Modifier> -> <http://blulab.chpc.utah.edu/ontologies/v2/ConText.owl#SemanticModifier> -> <http://blulab.chpc.utah.edu/ontologies/v2/ConText.owl#BodySite> -> <http://blulab.chpc.utah.edu/ontologies/schema/endo/colonoscopyQuality.owl#Rectum> -> <http://blulab.chpc.utah.edu/ontologies/schema/endo/colonoscopyQuality.owl#Entire_rectum> -> <http://blulab.chpc.utah.edu/ontologies/schema/endo/colonoscopyQuality.owl#Rectal_mucous_membrane> -> <http://blulab.chpc.utah.edu/ontologies/schema/endo/colonoscopyQuality.owl#Entire_rectal_mucous_membrane>, <http://blulab.chpc.utah.edu/ontologies/v2/ConText.owl#Lexicon> -> <http://blulab.chpc.utah.edu/ontologies/v2/ConText.owl#Modifier> -> <http://blulab.chpc.utah.edu/ontologies/v2/ConText.owl#SemanticModifier> -> <http://blulab.chpc.utah.edu/ontologies/v2/ConText.owl#BodySite> -> <http://blulab.chpc.utah.edu/ontologies/schema/endo/colonoscopyQuality.owl#Rectum> -> <http://blulab.chpc.utah.edu/ontologies/schema/endo/colonoscopyQuality.owl#Wall_of_rectum> -> <http://blulab.chpc.utah.edu/ontologies/schema/endo/colonoscopyQuality.owl#Rectal_mucous_membrane> -> <http://blulab.chpc.utah.edu/ontologies/schema/endo/colonoscopyQuality.owl#Entire_rectal_mucous_membrane>]]

	Modifier: Lamina_muscularis_of_rectal_mucous_membrane, uri=http://blulab.chpc.utah.edu/ontologies/schema/endo/colonoscopyQuality.owl#Lamina_muscularis_of_rectal_mucous_membrane, type= Semantic, classPath= [<http://blulab.chpc.utah.edu/ontologies/v2/ConText.owl#Lexicon> -> <http://blulab.chpc.utah.edu/ontologies/v2/ConText.owl#Modifier> -> <http://blulab.chpc.utah.edu/ontologies/v2/ConText.owl#SemanticModifier> -> <http://blulab.chpc.utah.edu/ontologies/v2/ConText.owl#BodySite> -> <http://blulab.chpc.utah.edu/ontologies/schema/endo/colonoscopyQuality.owl#Rectum> -> <http://blulab.chpc.utah.edu/ontologies/schema/endo/colonoscopyQuality.owl#Entire_rectum> -> <http://blulab.chpc.utah.edu/ontologies/schema/endo/colonoscopyQuality.owl#Rectal_mucous_membrane> -> <http://blulab.chpc.utah.edu/ontologies/schema/endo/colonoscopyQuality.owl#Entire_rectal_mucous_membrane> -> <http://blulab.chpc.utah.edu/ontologies/schema/endo/colonoscopyQuality.owl#Lamina_muscularis_of_rectal_mucous_membrane>, <http://blulab.chpc.utah.edu/ontologies/v2/ConText.owl#Lexicon> -> <http://blulab.chpc.utah.edu/ontologies/v2/ConText.owl#Modifier> -> <http://blulab.chpc.utah.edu/ontologies/v2/ConText.owl#SemanticModifier> -> <http://blulab.chpc.utah.edu/ontologies/v2/ConText.owl#BodySite> -> <http://blulab.chpc.utah.edu/ontologies/schema/endo/colonoscopyQuality.owl#Rectum> -> <http://blulab.chpc.utah.edu/ontologies/schema/endo/colonoscopyQuality.owl#Wall_of_rectum> -> <http://blulab.chpc.utah.edu/ontologies/schema/endo/colonoscopyQuality.owl#Rectal_mucous_membrane> -> <http://blulab.chpc.utah.edu/ontologies/schema/endo/colonoscopyQuality.owl#Lamina_muscularis_of_rectal_mucous_membrane>, <http://blulab.chpc.utah.edu/ontologies/v2/ConText.owl#Lexicon> -> <http://blulab.chpc.utah.edu/ontologies/v2/ConText.owl#Modifier> -> <http://blulab.chpc.utah.edu/ontologies/v2/ConText.owl#SemanticModifier> -> <http://blulab.chpc.utah.edu/ontologies/v2/ConText.owl#BodySite> -> <http://blulab.chpc.utah.edu/ontologies/schema/endo/colonoscopyQuality.owl#Rectum> -> <http://blulab.chpc.utah.edu/ontologies/schema/endo/colonoscopyQuality.owl#Entire_rectum> -> <http://blulab.chpc.utah.edu/ontologies/schema/endo/colonoscopyQuality.owl#Rectal_mucous_membrane> -> <http://blulab.chpc.utah.edu/ontologies/schema/endo/colonoscopyQuality.owl#Lamina_muscularis_of_rectal_mucous_membrane>, <http://blulab.chpc.utah.edu/ontologies/v2/ConText.owl#Lexicon> -> <http://blulab.chpc.utah.edu/ontologies/v2/ConText.owl#Modifier> -> <http://blulab.chpc.utah.edu/ontologies/v2/ConText.owl#SemanticModifier> -> <http://blulab.chpc.utah.edu/ontologies/v2/ConText.owl#BodySite> -> <http://blulab.chpc.utah.edu/ontologies/schema/endo/colonoscopyQuality.owl#Rectum> -> <http://blulab.chpc.utah.edu/ontologies/schema/endo/colonoscopyQuality.owl#Wall_of_rectum> -> <http://blulab.chpc.utah.edu/ontologies/schema/endo/colonoscopyQuality.owl#Rectal_mucous_membrane> -> <http://blulab.chpc.utah.edu/ontologies/schema/endo/colonoscopyQuality.owl#Entire_rectal_mucous_membrane> -> <http://blulab.chpc.utah.edu/ontologies/schema/endo/colonoscopyQuality.owl#Lamina_muscularis_of_rectal_mucous_membrane>]]

	Modifier: Circular_muscularis_mucosae_of_large_intestine, uri=http://blulab.chpc.utah.edu/ontologies/schema/endo/colonoscopyQuality.owl#Circular_muscularis_mucosae_of_large_intestine, type= Semantic, classPath= [<http://blulab.chpc.utah.edu/ontologies/v2/ConText.owl#Lexicon> -> <http://blulab.chpc.utah.edu/ontologies/v2/ConText.owl#Modifier> -> <http://blulab.chpc.utah.edu/ontologies/v2/ConText.owl#SemanticModifier> -> <http://blulab.chpc.utah.edu/ontologies/v2/ConText.owl#BodySite> -> <http://blulab.chpc.utah.edu/ontologies/schema/endo/colonoscopyQuality.owl#Colon_structure> -> <http://blulab.chpc.utah.edu/ontologies/schema/endo/colonoscopyQuality.owl#Entire_colon> -> <http://blulab.chpc.utah.edu/ontologies/schema/endo/colonoscopyQuality.owl#Colonic_mucous_membrane> -> <http://blulab.chpc.utah.edu/ontologies/schema/endo/colonoscopyQuality.owl#Lamina_muscularis_of_colonic_mucous_membrane> -> <http://blulab.chpc.utah.edu/ontologies/schema/endo/colonoscopyQuality.owl#Circular_muscularis_mucosae_of_large_intestine>, <http://blulab.chpc.utah.edu/ontologies/v2/ConText.owl#Lexicon> -> <http://blulab.chpc.utah.edu/ontologies/v2/ConText.owl#Modifier> -> <http://blulab.chpc.utah.edu/ontologies/v2/ConText.owl#SemanticModifier> -> <http://blulab.chpc.utah.edu/ontologies/v2/ConText.owl#BodySite> -> <http://blulab.chpc.utah.edu/ontologies/schema/endo/colonoscopyQuality.owl#Rectum> -> <http://blulab.chpc.utah.edu/ontologies/schema/endo/colonoscopyQuality.owl#Entire_rectum> -> <http://blulab.chpc.utah.edu/ontologies/schema/endo/colonoscopyQuality.owl#Rectal_mucous_membrane> -> <http://blulab.chpc.utah.edu/ontologies/schema/endo/colonoscopyQuality.owl#Lamina_muscularis_of_rectal_mucous_membrane> -> <http://blulab.chpc.utah.edu/ontologies/schema/endo/colonoscopyQuality.owl#Circular_muscularis_mucosae_of_large_intestine>, <http://blulab.chpc.utah.edu/ontologies/v2/ConText.owl#Lexicon> -> <http://blulab.chpc.utah.edu/ontologies/v2/ConText.owl#Modifier> -> <http://blulab.chpc.utah.edu/ontologies/v2/ConText.owl#SemanticModifier> -> <http://blulab.chpc.utah.edu/ontologies/v2/ConText.owl#BodySite> -> <http://blulab.chpc.utah.edu/ontologies/schema/endo/colonoscopyQuality.owl#Rectum> -> <http://blulab.chpc.utah.edu/ontologies/schema/endo/colonoscopyQuality.owl#Wall_of_rectum> -> <http://blulab.chpc.utah.edu/ontologies/schema/endo/colonoscopyQuality.owl#Rectal_mucous_membrane> -> <http://blulab.chpc.utah.edu/ontologies/schema/endo/colonoscopyQuality.owl#Lamina_muscularis_of_rectal_mucous_membrane> -> <http://blulab.chpc.utah.edu/ontologies/schema/endo/colonoscopyQuality.owl#Circular_muscularis_mucosae_of_large_intestine>, <http://blulab.chpc.utah.edu/ontologies/v2/ConText.owl#Lexicon> -> <http://blulab.chpc.utah.edu/ontologies/v2/ConText.owl#Modifier> -> <http://blulab.chpc.utah.edu/ontologies/v2/ConText.owl#SemanticModifier> -> <http://blulab.chpc.utah.edu/ontologies/v2/ConText.owl#BodySite> -> <http://blulab.chpc.utah.edu/ontologies/schema/endo/colonoscopyQuality.owl#Rectum> -> <http://blulab.chpc.utah.edu/ontologies/schema/endo/colonoscopyQuality.owl#Entire_rectum> -> <http://blulab.chpc.utah.edu/ontologies/schema/endo/colonoscopyQuality.owl#Rectal_mucous_membrane> -> <http://blulab.chpc.utah.edu/ontologies/schema/endo/colonoscopyQuality.owl#Entire_rectal_mucous_membrane> -> <http://blulab.chpc.utah.edu/ontologies/schema/endo/colonoscopyQuality.owl#Lamina_muscularis_of_rectal_mucous_membrane> -> <http://blulab.chpc.utah.edu/ontologies/schema/endo/colonoscopyQuality.owl#Circular_muscularis_mucosae_of_large_intestine>, <http://blulab.chpc.utah.edu/ontologies/v2/ConText.owl#Lexicon> -> <http://blulab.chpc.utah.edu/ontologies/v2/ConText.owl#Modifier> -> <http://blulab.chpc.utah.edu/ontologies/v2/ConText.owl#SemanticModifier> -> <http://blulab.chpc.utah.edu/ontologies/v2/ConText.owl#BodySite> -> <http://blulab.chpc.utah.edu/ontologies/schema/endo/colonoscopyQuality.owl#Rectum> -> <http://blulab.chpc.utah.edu/ontologies/schema/endo/colonoscopyQuality.owl#Wall_of_rectum> -> <http://blulab.chpc.utah.edu/ontologies/schema/endo/colonoscopyQuality.owl#Rectal_mucous_membrane> -> <http://blulab.chpc.utah.edu/ontologies/schema/endo/colonoscopyQuality.owl#Entire_rectal_mucous_membrane> -> <http://blulab.chpc.utah.edu/ontologies/schema/endo/colonoscopyQuality.owl#Lamina_muscularis_of_rectal_mucous_membrane> -> <http://blulab.chpc.utah.edu/ontologies/schema/endo/colonoscopyQuality.owl#Circular_muscularis_mucosae_of_large_intestine>, <http://blulab.chpc.utah.edu/ontologies/v2/ConText.owl#Lexicon> -> <http://blulab.chpc.utah.edu/ontologies/v2/ConText.owl#Modifier> -> <http://blulab.chpc.utah.edu/ontologies/v2/ConText.owl#SemanticModifier> -> <http://blulab.chpc.utah.edu/ontologies/v2/ConText.owl#BodySite> -> <http://blulab.chpc.utah.edu/ontologies/schema/endo/colonoscopyQuality.owl#Colon_structure> -> <http://blulab.chpc.utah.edu/ontologies/schema/endo/colonoscopyQuality.owl#Entire_colon> -> <http://blulab.chpc.utah.edu/ontologies/schema/endo/colonoscopyQuality.owl#Colonic_mucous_membrane> -> <http://blulab.chpc.utah.edu/ontologies/schema/endo/colonoscopyQuality.owl#Entire_colonic_mucous_membrane> -> <http://blulab.chpc.utah.edu/ontologies/schema/endo/colonoscopyQuality.owl#Lamina_muscularis_of_colonic_mucous_membrane> -> <http://blulab.chpc.utah.edu/ontologies/schema/endo/colonoscopyQuality.owl#Circular_muscularis_mucosae_of_large_intestine>, <http://blulab.chpc.utah.edu/ontologies/v2/ConText.owl#Lexicon> -> <http://blulab.chpc.utah.edu/ontologies/v2/ConText.owl#Modifier> -> <http://blulab.chpc.utah.edu/ontologies/v2/ConText.owl#SemanticModifier> -> <http://blulab.chpc.utah.edu/ontologies/v2/ConText.owl#BodySite> -> <http://blulab.chpc.utah.edu/ontologies/schema/endo/colonoscopyQuality.owl#Colon_structure> -> <http://blulab.chpc.utah.edu/ontologies/schema/endo/colonoscopyQuality.owl#Wall_of_colon> -> <http://blulab.chpc.utah.edu/ontologies/schema/endo/colonoscopyQuality.owl#Colonic_mucous_membrane> -> <http://blulab.chpc.utah.edu/ontologies/schema/endo/colonoscopyQuality.owl#Entire_colonic_mucous_membrane> -> <http://blulab.chpc.utah.edu/ontologies/schema/endo/colonoscopyQuality.owl#Lamina_muscularis_of_colonic_mucous_membrane> -> <http://blulab.chpc.utah.edu/ontologies/schema/endo/colonoscopyQuality.owl#Circular_muscularis_mucosae_of_large_intestine>, <http://blulab.chpc.utah.edu/ontologies/v2/ConText.owl#Lexicon> -> <http://blulab.chpc.utah.edu/ontologies/v2/ConText.owl#Modifier> -> <http://blulab.chpc.utah.edu/ontologies/v2/ConText.owl#SemanticModifier> -> <http://blulab.chpc.utah.edu/ontologies/v2/ConText.owl#BodySite> -> <http://blulab.chpc.utah.edu/ontologies/schema/endo/colonoscopyQuality.owl#Colon_structure> -> <http://blulab.chpc.utah.edu/ontologies/schema/endo/colonoscopyQuality.owl#Wall_of_colon> -> <http://blulab.chpc.utah.edu/ontologies/schema/endo/colonoscopyQuality.owl#Colonic_mucous_membrane> -> <http://blulab.chpc.utah.edu/ontologies/schema/endo/colonoscopyQuality.owl#Lamina_muscularis_of_colonic_mucous_membrane> -> <http://blulab.chpc.utah.edu/ontologies/schema/endo/colonoscopyQuality.owl#Circular_muscularis_mucosae_of_large_intestine>]]

	Modifier: Longitudinal_muscularis_mucosae_of_large_intestine, uri=http://blulab.chpc.utah.edu/ontologies/schema/endo/colonoscopyQuality.owl#Longitudinal_muscularis_mucosae_of_large_intestine, type= Semantic, classPath= [<http://blulab.chpc.utah.edu/ontologies/v2/ConText.owl#Lexicon> -> <http://blulab.chpc.utah.edu/ontologies/v2/ConText.owl#Modifier> -> <http://blulab.chpc.utah.edu/ontologies/v2/ConText.owl#SemanticModifier> -> <http://blulab.chpc.utah.edu/ontologies/v2/ConText.owl#BodySite> -> <http://blulab.chpc.utah.edu/ontologies/schema/endo/colonoscopyQuality.owl#Colon_structure> -> <http://blulab.chpc.utah.edu/ontologies/schema/endo/colonoscopyQuality.owl#Entire_colon> -> <http://blulab.chpc.utah.edu/ontologies/schema/endo/colonoscopyQuality.owl#Colonic_mucous_membrane> -> <http://blulab.chpc.utah.edu/ontologies/schema/endo/colonoscopyQuality.owl#Lamina_muscularis_of_colonic_mucous_membrane> -> <http://blulab.chpc.utah.edu/ontologies/schema/endo/colonoscopyQuality.owl#Longitudinal_muscularis_mucosae_of_large_intestine>, <http://blulab.chpc.utah.edu/ontologies/v2/ConText.owl#Lexicon> -> <http://blulab.chpc.utah.edu/ontologies/v2/ConText.owl#Modifier> -> <http://blulab.chpc.utah.edu/ontologies/v2/ConText.owl#SemanticModifier> -> <http://blulab.chpc.utah.edu/ontologies/v2/ConText.owl#BodySite> -> <http://blulab.chpc.utah.edu/ontologies/schema/endo/colonoscopyQuality.owl#Rectum> -> <http://blulab.chpc.utah.edu/ontologies/schema/endo/colonoscopyQuality.owl#Entire_rectum> -> <http://blulab.chpc.utah.edu/ontologies/schema/endo/colonoscopyQuality.owl#Rectal_mucous_membrane> -> <http://blulab.chpc.utah.edu/ontologies/schema/endo/colonoscopyQuality.owl#Lamina_muscularis_of_rectal_mucous_membrane> -> <http://blulab.chpc.utah.edu/ontologies/schema/endo/colonoscopyQuality.owl#Longitudinal_muscularis_mucosae_of_large_intestine>, <http://blulab.chpc.utah.edu/ontologies/v2/ConText.owl#Lexicon> -> <http://blulab.chpc.utah.edu/ontologies/v2/ConText.owl#Modifier> -> <http://blulab.chpc.utah.edu/ontologies/v2/ConText.owl#SemanticModifier> -> <http://blulab.chpc.utah.edu/ontologies/v2/ConText.owl#BodySite> -> <http://blulab.chpc.utah.edu/ontologies/schema/endo/colonoscopyQuality.owl#Rectum> -> <http://blulab.chpc.utah.edu/ontologies/schema/endo/colonoscopyQuality.owl#Wall_of_rectum> -> <http://blulab.chpc.utah.edu/ontologies/schema/endo/colonoscopyQuality.owl#Rectal_mucous_membrane> -> <http://blulab.chpc.utah.edu/ontologies/schema/endo/colonoscopyQuality.owl#Lamina_muscularis_of_rectal_mucous_membrane> -> <http://blulab.chpc.utah.edu/ontologies/schema/endo/colonoscopyQuality.owl#Longitudinal_muscularis_mucosae_of_large_intestine>, <http://blulab.chpc.utah.edu/ontologies/v2/ConText.owl#Lexicon> -> <http://blulab.chpc.utah.edu/ontologies/v2/ConText.owl#Modifier> -> <http://blulab.chpc.utah.edu/ontologies/v2/ConText.owl#SemanticModifier> -> <http://blulab.chpc.utah.edu/ontologies/v2/ConText.owl#BodySite> -> <http://blulab.chpc.utah.edu/ontologies/schema/endo/colonoscopyQuality.owl#Rectum> -> <http://blulab.chpc.utah.edu/ontologies/schema/endo/colonoscopyQuality.owl#Entire_rectum> -> <http://blulab.chpc.utah.edu/ontologies/schema/endo/colonoscopyQuality.owl#Rectal_mucous_membrane> -> <http://blulab.chpc.utah.edu/ontologies/schema/endo/colonoscopyQuality.owl#Entire_rectal_mucous_membrane> -> <http://blulab.chpc.utah.edu/ontologies/schema/endo/colonoscopyQuality.owl#Lamina_muscularis_of_rectal_mucous_membrane> -> <http://blulab.chpc.utah.edu/ontologies/schema/endo/colonoscopyQuality.owl#Longitudinal_muscularis_mucosae_of_large_intestine>, <http://blulab.chpc.utah.edu/ontologies/v2/ConText.owl#Lexicon> -> <http://blulab.chpc.utah.edu/ontologies/v2/ConText.owl#Modifier> -> <http://blulab.chpc.utah.edu/ontologies/v2/ConText.owl#SemanticModifier> -> <http://blulab.chpc.utah.edu/ontologies/v2/ConText.owl#BodySite> -> <http://blulab.chpc.utah.edu/ontologies/schema/endo/colonoscopyQuality.owl#Rectum> -> <http://blulab.chpc.utah.edu/ontologies/schema/endo/colonoscopyQuality.owl#Wall_of_rectum> -> <http://blulab.chpc.utah.edu/ontologies/schema/endo/colonoscopyQuality.owl#Rectal_mucous_membrane> -> <http://blulab.chpc.utah.edu/ontologies/schema/endo/colonoscopyQuality.owl#Entire_rectal_mucous_membrane> -> <http://blulab.chpc.utah.edu/ontologies/schema/endo/colonoscopyQuality.owl#Lamina_muscularis_of_rectal_mucous_membrane> -> <http://blulab.chpc.utah.edu/ontologies/schema/endo/colonoscopyQuality.owl#Longitudinal_muscularis_mucosae_of_large_intestine>, <http://blulab.chpc.utah.edu/ontologies/v2/ConText.owl#Lexicon> -> <http://blulab.chpc.utah.edu/ontologies/v2/ConText.owl#Modifier> -> <http://blulab.chpc.utah.edu/ontologies/v2/ConText.owl#SemanticModifier> -> <http://blulab.chpc.utah.edu/ontologies/v2/ConText.owl#BodySite> -> <http://blulab.chpc.utah.edu/ontologies/schema/endo/colonoscopyQuality.owl#Colon_structure> -> <http://blulab.chpc.utah.edu/ontologies/schema/endo/colonoscopyQuality.owl#Entire_colon> -> <http://blulab.chpc.utah.edu/ontologies/schema/endo/colonoscopyQuality.owl#Colonic_mucous_membrane> -> <http://blulab.chpc.utah.edu/ontologies/schema/endo/colonoscopyQuality.owl#Entire_colonic_mucous_membrane> -> <http://blulab.chpc.utah.edu/ontologies/schema/endo/colonoscopyQuality.owl#Lamina_muscularis_of_colonic_mucous_membrane> -> <http://blulab.chpc.utah.edu/ontologies/schema/endo/colonoscopyQuality.owl#Longitudinal_muscularis_mucosae_of_large_intestine>, <http://blulab.chpc.utah.edu/ontologies/v2/ConText.owl#Lexicon> -> <http://blulab.chpc.utah.edu/ontologies/v2/ConText.owl#Modifier> -> <http://blulab.chpc.utah.edu/ontologies/v2/ConText.owl#SemanticModifier> -> <http://blulab.chpc.utah.edu/ontologies/v2/ConText.owl#BodySite> -> <http://blulab.chpc.utah.edu/ontologies/schema/endo/colonoscopyQuality.owl#Colon_structure> -> <http://blulab.chpc.utah.edu/ontologies/schema/endo/colonoscopyQuality.owl#Wall_of_colon> -> <http://blulab.chpc.utah.edu/ontologies/schema/endo/colonoscopyQuality.owl#Colonic_mucous_membrane> -> <http://blulab.chpc.utah.edu/ontologies/schema/endo/colonoscopyQuality.owl#Entire_colonic_mucous_membrane> -> <http://blulab.chpc.utah.edu/ontologies/schema/endo/colonoscopyQuality.owl#Lamina_muscularis_of_colonic_mucous_membrane> -> <http://blulab.chpc.utah.edu/ontologies/schema/endo/colonoscopyQuality.owl#Longitudinal_muscularis_mucosae_of_large_intestine>, <http://blulab.chpc.utah.edu/ontologies/v2/ConText.owl#Lexicon> -> <http://blulab.chpc.utah.edu/ontologies/v2/ConText.owl#Modifier> -> <http://blulab.chpc.utah.edu/ontologies/v2/ConText.owl#SemanticModifier> -> <http://blulab.chpc.utah.edu/ontologies/v2/ConText.owl#BodySite> -> <http://blulab.chpc.utah.edu/ontologies/schema/endo/colonoscopyQuality.owl#Colon_structure> -> <http://blulab.chpc.utah.edu/ontologies/schema/endo/colonoscopyQuality.owl#Wall_of_colon> -> <http://blulab.chpc.utah.edu/ontologies/schema/endo/colonoscopyQuality.owl#Colonic_mucous_membrane> -> <http://blulab.chpc.utah.edu/ontologies/schema/endo/colonoscopyQuality.owl#Lamina_muscularis_of_colonic_mucous_membrane> -> <http://blulab.chpc.utah.edu/ontologies/schema/endo/colonoscopyQuality.owl#Longitudinal_muscularis_mucosae_of_large_intestine>]]

	Modifier: Rectal_gland, uri=http://blulab.chpc.utah.edu/ontologies/schema/endo/colonoscopyQuality.owl#Rectal_gland, type= Semantic, classPath= [<http://blulab.chpc.utah.edu/ontologies/v2/ConText.owl#Lexicon> -> <http://blulab.chpc.utah.edu/ontologies/v2/ConText.owl#Modifier> -> <http://blulab.chpc.utah.edu/ontologies/v2/ConText.owl#SemanticModifier> -> <http://blulab.chpc.utah.edu/ontologies/v2/ConText.owl#BodySite> -> <http://blulab.chpc.utah.edu/ontologies/schema/endo/colonoscopyQuality.owl#Rectum> -> <http://blulab.chpc.utah.edu/ontologies/schema/endo/colonoscopyQuality.owl#Entire_rectum> -> <http://blulab.chpc.utah.edu/ontologies/schema/endo/colonoscopyQuality.owl#Rectal_mucous_membrane> -> <http://blulab.chpc.utah.edu/ontologies/schema/endo/colonoscopyQuality.owl#Entire_rectal_mucous_membrane> -> <http://blulab.chpc.utah.edu/ontologies/schema/endo/colonoscopyQuality.owl#Rectal_gland>, <http://blulab.chpc.utah.edu/ontologies/v2/ConText.owl#Lexicon> -> <http://blulab.chpc.utah.edu/ontologies/v2/ConText.owl#Modifier> -> <http://blulab.chpc.utah.edu/ontologies/v2/ConText.owl#SemanticModifier> -> <http://blulab.chpc.utah.edu/ontologies/v2/ConText.owl#BodySite> -> <http://blulab.chpc.utah.edu/ontologies/schema/endo/colonoscopyQuality.owl#Rectum> -> <http://blulab.chpc.utah.edu/ontologies/schema/endo/colonoscopyQuality.owl#Wall_of_rectum> -> <http://blulab.chpc.utah.edu/ontologies/schema/endo/colonoscopyQuality.owl#Rectal_mucous_membrane> -> <http://blulab.chpc.utah.edu/ontologies/schema/endo/colonoscopyQuality.owl#Entire_rectal_mucous_membrane> -> <http://blulab.chpc.utah.edu/ontologies/schema/endo/colonoscopyQuality.owl#Rectal_gland>]]

	Modifier: Epithelium_of_rectum, uri=http://blulab.chpc.utah.edu/ontologies/schema/endo/colonoscopyQuality.owl#Epithelium_of_rectum, type= Semantic, classPath= [<http://blulab.chpc.utah.edu/ontologies/v2/ConText.owl#Lexicon> -> <http://blulab.chpc.utah.edu/ontologies/v2/ConText.owl#Modifier> -> <http://blulab.chpc.utah.edu/ontologies/v2/ConText.owl#SemanticModifier> -> <http://blulab.chpc.utah.edu/ontologies/v2/ConText.owl#BodySite> -> <http://blulab.chpc.utah.edu/ontologies/schema/endo/colonoscopyQuality.owl#Rectum> -> <http://blulab.chpc.utah.edu/ontologies/schema/endo/colonoscopyQuality.owl#Entire_rectum> -> <http://blulab.chpc.utah.edu/ontologies/schema/endo/colonoscopyQuality.owl#Rectal_mucous_membrane> -> <http://blulab.chpc.utah.edu/ontologies/schema/endo/colonoscopyQuality.owl#Epithelium_of_rectum>, <http://blulab.chpc.utah.edu/ontologies/v2/ConText.owl#Lexicon> -> <http://blulab.chpc.utah.edu/ontologies/v2/ConText.owl#Modifier> -> <http://blulab.chpc.utah.edu/ontologies/v2/ConText.owl#SemanticModifier> -> <http://blulab.chpc.utah.edu/ontologies/v2/ConText.owl#BodySite> -> <http://blulab.chpc.utah.edu/ontologies/schema/endo/colonoscopyQuality.owl#Rectum> -> <http://blulab.chpc.utah.edu/ontologies/schema/endo/colonoscopyQuality.owl#Wall_of_rectum> -> <http://blulab.chpc.utah.edu/ontologies/schema/endo/colonoscopyQuality.owl#Rectal_mucous_membrane> -> <http://blulab.chpc.utah.edu/ontologies/schema/endo/colonoscopyQuality.owl#Epithelium_of_rectum>]]

	Modifier: Epithelium_of_crypt_of_Lieberkuhn_of_large_intestine, uri=http://blulab.chpc.utah.edu/ontologies/schema/endo/colonoscopyQuality.owl#Epithelium_of_crypt_of_Lieberkuhn_of_large_intestine, type= Semantic, classPath= [<http://blulab.chpc.utah.edu/ontologies/v2/ConText.owl#Lexicon> -> <http://blulab.chpc.utah.edu/ontologies/v2/ConText.owl#Modifier> -> <http://blulab.chpc.utah.edu/ontologies/v2/ConText.owl#SemanticModifier> -> <http://blulab.chpc.utah.edu/ontologies/v2/ConText.owl#BodySite> -> <http://blulab.chpc.utah.edu/ontologies/schema/endo/colonoscopyQuality.owl#Rectum> -> <http://blulab.chpc.utah.edu/ontologies/schema/endo/colonoscopyQuality.owl#Entire_rectum> -> <http://blulab.chpc.utah.edu/ontologies/schema/endo/colonoscopyQuality.owl#Rectal_mucous_membrane> -> <http://blulab.chpc.utah.edu/ontologies/schema/endo/colonoscopyQuality.owl#Epithelium_of_rectum> -> <http://blulab.chpc.utah.edu/ontologies/schema/endo/colonoscopyQuality.owl#Epithelium_of_crypt_of_Lieberkuhn_of_large_intestine>, <http://blulab.chpc.utah.edu/ontologies/v2/ConText.owl#Lexicon> -> <http://blulab.chpc.utah.edu/ontologies/v2/ConText.owl#Modifier> -> <http://blulab.chpc.utah.edu/ontologies/v2/ConText.owl#SemanticModifier> -> <http://blulab.chpc.utah.edu/ontologies/v2/ConText.owl#BodySite> -> <http://blulab.chpc.utah.edu/ontologies/schema/endo/colonoscopyQuality.owl#Rectum> -> <http://blulab.chpc.utah.edu/ontologies/schema/endo/colonoscopyQuality.owl#Wall_of_rectum> -> <http://blulab.chpc.utah.edu/ontologies/schema/endo/colonoscopyQuality.owl#Rectal_mucous_membrane> -> <http://blulab.chpc.utah.edu/ontologies/schema/endo/colonoscopyQuality.owl#Epithelium_of_rectum> -> <http://blulab.chpc.utah.edu/ontologies/schema/endo/colonoscopyQuality.owl#Epithelium_of_crypt_of_Lieberkuhn_of_large_intestine>]]

	Modifier: Epithelium_proper_of_large_intestine, uri=http://blulab.chpc.utah.edu/ontologies/schema/endo/colonoscopyQuality.owl#Epithelium_proper_of_large_intestine, type= Semantic, classPath= [<http://blulab.chpc.utah.edu/ontologies/v2/ConText.owl#Lexicon> -> <http://blulab.chpc.utah.edu/ontologies/v2/ConText.owl#Modifier> -> <http://blulab.chpc.utah.edu/ontologies/v2/ConText.owl#SemanticModifier> -> <http://blulab.chpc.utah.edu/ontologies/v2/ConText.owl#BodySite> -> <http://blulab.chpc.utah.edu/ontologies/schema/endo/colonoscopyQuality.owl#Rectum> -> <http://blulab.chpc.utah.edu/ontologies/schema/endo/colonoscopyQuality.owl#Entire_rectum> -> <http://blulab.chpc.utah.edu/ontologies/schema/endo/colonoscopyQuality.owl#Rectal_mucous_membrane> -> <http://blulab.chpc.utah.edu/ontologies/schema/endo/colonoscopyQuality.owl#Epithelium_of_rectum> -> <http://blulab.chpc.utah.edu/ontologies/schema/endo/colonoscopyQuality.owl#Epithelium_proper_of_large_intestine>, <http://blulab.chpc.utah.edu/ontologies/v2/ConText.owl#Lexicon> -> <http://blulab.chpc.utah.edu/ontologies/v2/ConText.owl#Modifier> -> <http://blulab.chpc.utah.edu/ontologies/v2/ConText.owl#SemanticModifier> -> <http://blulab.chpc.utah.edu/ontologies/v2/ConText.owl#BodySite> -> <http://blulab.chpc.utah.edu/ontologies/schema/endo/colonoscopyQuality.owl#Rectum> -> <http://blulab.chpc.utah.edu/ontologies/schema/endo/colonoscopyQuality.owl#Wall_of_rectum> -> <http://blulab.chpc.utah.edu/ontologies/schema/endo/colonoscopyQuality.owl#Rectal_mucous_membrane> -> <http://blulab.chpc.utah.edu/ontologies/schema/endo/colonoscopyQuality.owl#Epithelium_of_rectum> -> <http://blulab.chpc.utah.edu/ontologies/schema/endo/colonoscopyQuality.owl#Epithelium_proper_of_large_intestine>]]

	Modifier: Lamina_muscularis_of_rectal_mucous_membrane, uri=http://blulab.chpc.utah.edu/ontologies/schema/endo/colonoscopyQuality.owl#Lamina_muscularis_of_rectal_mucous_membrane, type= Semantic, classPath= [<http://blulab.chpc.utah.edu/ontologies/v2/ConText.owl#Lexicon> -> <http://blulab.chpc.utah.edu/ontologies/v2/ConText.owl#Modifier> -> <http://blulab.chpc.utah.edu/ontologies/v2/ConText.owl#SemanticModifier> -> <http://blulab.chpc.utah.edu/ontologies/v2/ConText.owl#BodySite> -> <http://blulab.chpc.utah.edu/ontologies/schema/endo/colonoscopyQuality.owl#Rectum> -> <http://blulab.chpc.utah.edu/ontologies/schema/endo/colonoscopyQuality.owl#Entire_rectum> -> <http://blulab.chpc.utah.edu/ontologies/schema/endo/colonoscopyQuality.owl#Rectal_mucous_membrane> -> <http://blulab.chpc.utah.edu/ontologies/schema/endo/colonoscopyQuality.owl#Entire_rectal_mucous_membrane> -> <http://blulab.chpc.utah.edu/ontologies/schema/endo/colonoscopyQuality.owl#Lamina_muscularis_of_rectal_mucous_membrane>, <http://blulab.chpc.utah.edu/ontologies/v2/ConText.owl#Lexicon> -> <http://blulab.chpc.utah.edu/ontologies/v2/ConText.owl#Modifier> -> <http://blulab.chpc.utah.edu/ontologies/v2/ConText.owl#SemanticModifier> -> <http://blulab.chpc.utah.edu/ontologies/v2/ConText.owl#BodySite> -> <http://blulab.chpc.utah.edu/ontologies/schema/endo/colonoscopyQuality.owl#Rectum> -> <http://blulab.chpc.utah.edu/ontologies/schema/endo/colonoscopyQuality.owl#Wall_of_rectum> -> <http://blulab.chpc.utah.edu/ontologies/schema/endo/colonoscopyQuality.owl#Rectal_mucous_membrane> -> <http://blulab.chpc.utah.edu/ontologies/schema/endo/colonoscopyQuality.owl#Lamina_muscularis_of_rectal_mucous_membrane>, <http://blulab.chpc.utah.edu/ontologies/v2/ConText.owl#Lexicon> -> <http://blulab.chpc.utah.edu/ontologies/v2/ConText.owl#Modifier> -> <http://blulab.chpc.utah.edu/ontologies/v2/ConText.owl#SemanticModifier> -> <http://blulab.chpc.utah.edu/ontologies/v2/ConText.owl#BodySite> -> <http://blulab.chpc.utah.edu/ontologies/schema/endo/colonoscopyQuality.owl#Rectum> -> <http://blulab.chpc.utah.edu/ontologies/schema/endo/colonoscopyQuality.owl#Entire_rectum> -> <http://blulab.chpc.utah.edu/ontologies/schema/endo/colonoscopyQuality.owl#Rectal_mucous_membrane> -> <http://blulab.chpc.utah.edu/ontologies/schema/endo/colonoscopyQuality.owl#Lamina_muscularis_of_rectal_mucous_membrane>, <http://blulab.chpc.utah.edu/ontologies/v2/ConText.owl#Lexicon> -> <http://blulab.chpc.utah.edu/ontologies/v2/ConText.owl#Modifier> -> <http://blulab.chpc.utah.edu/ontologies/v2/ConText.owl#SemanticModifier> -> <http://blulab.chpc.utah.edu/ontologies/v2/ConText.owl#BodySite> -> <http://blulab.chpc.utah.edu/ontologies/schema/endo/colonoscopyQuality.owl#Rectum> -> <http://blulab.chpc.utah.edu/ontologies/schema/endo/colonoscopyQuality.owl#Wall_of_rectum> -> <http://blulab.chpc.utah.edu/ontologies/schema/endo/colonoscopyQuality.owl#Rectal_mucous_membrane> -> <http://blulab.chpc.utah.edu/ontologies/schema/endo/colonoscopyQuality.owl#Entire_rectal_mucous_membrane> -> <http://blulab.chpc.utah.edu/ontologies/schema/endo/colonoscopyQuality.owl#Lamina_muscularis_of_rectal_mucous_membrane>]]

	Modifier: Lamina_propria_mucosae_of_rectum, uri=http://blulab.chpc.utah.edu/ontologies/schema/endo/colonoscopyQuality.owl#Lamina_propria_mucosae_of_rectum, type= Semantic, classPath= [<http://blulab.chpc.utah.edu/ontologies/v2/ConText.owl#Lexicon> -> <http://blulab.chpc.utah.edu/ontologies/v2/ConText.owl#Modifier> -> <http://blulab.chpc.utah.edu/ontologies/v2/ConText.owl#SemanticModifier> -> <http://blulab.chpc.utah.edu/ontologies/v2/ConText.owl#BodySite> -> <http://blulab.chpc.utah.edu/ontologies/schema/endo/colonoscopyQuality.owl#Rectum> -> <http://blulab.chpc.utah.edu/ontologies/schema/endo/colonoscopyQuality.owl#Entire_rectum> -> <http://blulab.chpc.utah.edu/ontologies/schema/endo/colonoscopyQuality.owl#Rectal_mucous_membrane> -> <http://blulab.chpc.utah.edu/ontologies/schema/endo/colonoscopyQuality.owl#Lamina_propria_mucosae_of_rectum>, <http://blulab.chpc.utah.edu/ontologies/v2/ConText.owl#Lexicon> -> <http://blulab.chpc.utah.edu/ontologies/v2/ConText.owl#Modifier> -> <http://blulab.chpc.utah.edu/ontologies/v2/ConText.owl#SemanticModifier> -> <http://blulab.chpc.utah.edu/ontologies/v2/ConText.owl#BodySite> -> <http://blulab.chpc.utah.edu/ontologies/schema/endo/colonoscopyQuality.owl#Rectum> -> <http://blulab.chpc.utah.edu/ontologies/schema/endo/colonoscopyQuality.owl#Wall_of_rectum> -> <http://blulab.chpc.utah.edu/ontologies/schema/endo/colonoscopyQuality.owl#Rectal_mucous_membrane> -> <http://blulab.chpc.utah.edu/ontologies/schema/endo/colonoscopyQuality.owl#Lamina_propria_mucosae_of_rectum>]]

	Modifier: Areolar_connective_tissue_of_lamina_propria_mucosae_of_rectum, uri=http://blulab.chpc.utah.edu/ontologies/schema/endo/colonoscopyQuality.owl#Areolar_connective_tissue_of_lamina_propria_mucosae_of_rectum, type= Semantic, classPath= [<http://blulab.chpc.utah.edu/ontologies/v2/ConText.owl#Lexicon> -> <http://blulab.chpc.utah.edu/ontologies/v2/ConText.owl#Modifier> -> <http://blulab.chpc.utah.edu/ontologies/v2/ConText.owl#SemanticModifier> -> <http://blulab.chpc.utah.edu/ontologies/v2/ConText.owl#BodySite> -> <http://blulab.chpc.utah.edu/ontologies/schema/endo/colonoscopyQuality.owl#Rectum> -> <http://blulab.chpc.utah.edu/ontologies/schema/endo/colonoscopyQuality.owl#Entire_rectum> -> <http://blulab.chpc.utah.edu/ontologies/schema/endo/colonoscopyQuality.owl#Rectal_mucous_membrane> -> <http://blulab.chpc.utah.edu/ontologies/schema/endo/colonoscopyQuality.owl#Lamina_propria_mucosae_of_rectum> -> <http://blulab.chpc.utah.edu/ontologies/schema/endo/colonoscopyQuality.owl#Areolar_connective_tissue_of_lamina_propria_mucosae_of_rectum>, <http://blulab.chpc.utah.edu/ontologies/v2/ConText.owl#Lexicon> -> <http://blulab.chpc.utah.edu/ontologies/v2/ConText.owl#Modifier> -> <http://blulab.chpc.utah.edu/ontologies/v2/ConText.owl#SemanticModifier> -> <http://blulab.chpc.utah.edu/ontologies/v2/ConText.owl#BodySite> -> <http://blulab.chpc.utah.edu/ontologies/schema/endo/colonoscopyQuality.owl#Rectum> -> <http://blulab.chpc.utah.edu/ontologies/schema/endo/colonoscopyQuality.owl#Wall_of_rectum> -> <http://blulab.chpc.utah.edu/ontologies/schema/endo/colonoscopyQuality.owl#Rectal_mucous_membrane> -> <http://blulab.chpc.utah.edu/ontologies/schema/endo/colonoscopyQuality.owl#Lamina_propria_mucosae_of_rectum> -> <http://blulab.chpc.utah.edu/ontologies/schema/endo/colonoscopyQuality.owl#Areolar_connective_tissue_of_lamina_propria_mucosae_of_rectum>]]

	Modifier: Loose_areolar_connective_tissue, uri=http://blulab.chpc.utah.edu/ontologies/schema/endo/colonoscopyQuality.owl#Loose_areolar_connective_tissue, type= Semantic, classPath= [<http://blulab.chpc.utah.edu/ontologies/v2/ConText.owl#Lexicon> -> <http://blulab.chpc.utah.edu/ontologies/v2/ConText.owl#Modifier> -> <http://blulab.chpc.utah.edu/ontologies/v2/ConText.owl#SemanticModifier> -> <http://blulab.chpc.utah.edu/ontologies/v2/ConText.owl#BodySite> -> <http://blulab.chpc.utah.edu/ontologies/schema/endo/colonoscopyQuality.owl#Rectum> -> <http://blulab.chpc.utah.edu/ontologies/schema/endo/colonoscopyQuality.owl#Entire_rectum> -> <http://blulab.chpc.utah.edu/ontologies/schema/endo/colonoscopyQuality.owl#Rectal_mucous_membrane> -> <http://blulab.chpc.utah.edu/ontologies/schema/endo/colonoscopyQuality.owl#Lamina_propria_mucosae_of_rectum> -> <http://blulab.chpc.utah.edu/ontologies/schema/endo/colonoscopyQuality.owl#Loose_areolar_connective_tissue>, <http://blulab.chpc.utah.edu/ontologies/v2/ConText.owl#Lexicon> -> <http://blulab.chpc.utah.edu/ontologies/v2/ConText.owl#Modifier> -> <http://blulab.chpc.utah.edu/ontologies/v2/ConText.owl#SemanticModifier> -> <http://blulab.chpc.utah.edu/ontologies/v2/ConText.owl#BodySite> -> <http://blulab.chpc.utah.edu/ontologies/schema/endo/colonoscopyQuality.owl#Colon_structure> -> <http://blulab.chpc.utah.edu/ontologies/schema/endo/colonoscopyQuality.owl#Descending_colon> -> <http://blulab.chpc.utah.edu/ontologies/schema/endo/colonoscopyQuality.owl#Wall_of_descending_colon> -> <http://blulab.chpc.utah.edu/ontologies/schema/endo/colonoscopyQuality.owl#Subserosa_of_descending_colon> -> <http://blulab.chpc.utah.edu/ontologies/schema/endo/colonoscopyQuality.owl#Loose_areolar_connective_tissue>, <http://blulab.chpc.utah.edu/ontologies/v2/ConText.owl#Lexicon> -> <http://blulab.chpc.utah.edu/ontologies/v2/ConText.owl#Modifier> -> <http://blulab.chpc.utah.edu/ontologies/v2/ConText.owl#SemanticModifier> -> <http://blulab.chpc.utah.edu/ontologies/v2/ConText.owl#BodySite> -> <http://blulab.chpc.utah.edu/ontologies/schema/endo/colonoscopyQuality.owl#Colon_structure> -> <http://blulab.chpc.utah.edu/ontologies/schema/endo/colonoscopyQuality.owl#Left_colon> -> <http://blulab.chpc.utah.edu/ontologies/schema/endo/colonoscopyQuality.owl#Entire_left_colon> -> <http://blulab.chpc.utah.edu/ontologies/schema/endo/colonoscopyQuality.owl#Descending_colon> -> <http://blulab.chpc.utah.edu/ontologies/schema/endo/colonoscopyQuality.owl#Wall_of_descending_colon> -> <http://blulab.chpc.utah.edu/ontologies/schema/endo/colonoscopyQuality.owl#Subserosa_of_descending_colon> -> <http://blulab.chpc.utah.edu/ontologies/schema/endo/colonoscopyQuality.owl#Loose_areolar_connective_tissue>, <http://blulab.chpc.utah.edu/ontologies/v2/ConText.owl#Lexicon> -> <http://blulab.chpc.utah.edu/ontologies/v2/ConText.owl#Modifier> -> <http://blulab.chpc.utah.edu/ontologies/v2/ConText.owl#SemanticModifier> -> <http://blulab.chpc.utah.edu/ontologies/v2/ConText.owl#BodySite> -> <http://blulab.chpc.utah.edu/ontologies/schema/endo/colonoscopyQuality.owl#Colon_structure> -> <http://blulab.chpc.utah.edu/ontologies/schema/endo/colonoscopyQuality.owl#Entire_colon> -> <http://blulab.chpc.utah.edu/ontologies/schema/endo/colonoscopyQuality.owl#Left_colon> -> <http://blulab.chpc.utah.edu/ontologies/schema/endo/colonoscopyQuality.owl#Entire_left_colon> -> <http://blulab.chpc.utah.edu/ontologies/schema/endo/colonoscopyQuality.owl#Descending_colon> -> <http://blulab.chpc.utah.edu/ontologies/schema/endo/colonoscopyQuality.owl#Wall_of_descending_colon> -> <http://blulab.chpc.utah.edu/ontologies/schema/endo/colonoscopyQuality.owl#Subserosa_of_descending_colon> -> <http://blulab.chpc.utah.edu/ontologies/schema/endo/colonoscopyQuality.owl#Loose_areolar_connective_tissue>, <http://blulab.chpc.utah.edu/ontologies/v2/ConText.owl#Lexicon> -> <http://blulab.chpc.utah.edu/ontologies/v2/ConText.owl#Modifier> -> <http://blulab.chpc.utah.edu/ontologies/v2/ConText.owl#SemanticModifier> -> <http://blulab.chpc.utah.edu/ontologies/v2/ConText.owl#BodySite> -> <http://blulab.chpc.utah.edu/ontologies/schema/endo/colonoscopyQuality.owl#Colon_structure> -> <http://blulab.chpc.utah.edu/ontologies/schema/endo/colonoscopyQuality.owl#Entire_colon> -> <http://blulab.chpc.utah.edu/ontologies/schema/endo/colonoscopyQuality.owl#Left_colon> -> <http://blulab.chpc.utah.edu/ontologies/schema/endo/colonoscopyQuality.owl#Descending_colon> -> <http://blulab.chpc.utah.edu/ontologies/schema/endo/colonoscopyQuality.owl#Wall_of_descending_colon> -> <http://blulab.chpc.utah.edu/ontologies/schema/endo/colonoscopyQuality.owl#Subserosa_of_descending_colon> -> <http://blulab.chpc.utah.edu/ontologies/schema/endo/colonoscopyQuality.owl#Loose_areolar_connective_tissue>, <http://blulab.chpc.utah.edu/ontologies/v2/ConText.owl#Lexicon> -> <http://blulab.chpc.utah.edu/ontologies/v2/ConText.owl#Modifier> -> <http://blulab.chpc.utah.edu/ontologies/v2/ConText.owl#SemanticModifier> -> <http://blulab.chpc.utah.edu/ontologies/v2/ConText.owl#BodySite> -> <http://blulab.chpc.utah.edu/ontologies/schema/endo/colonoscopyQuality.owl#Colon_structure> -> <http://blulab.chpc.utah.edu/ontologies/schema/endo/colonoscopyQuality.owl#Left_colon> -> <http://blulab.chpc.utah.edu/ontologies/schema/endo/colonoscopyQuality.owl#Descending_colon> -> <http://blulab.chpc.utah.edu/ontologies/schema/endo/colonoscopyQuality.owl#Wall_of_descending_colon> -> <http://blulab.chpc.utah.edu/ontologies/schema/endo/colonoscopyQuality.owl#Subserosa_of_descending_colon> -> <http://blulab.chpc.utah.edu/ontologies/schema/endo/colonoscopyQuality.owl#Loose_areolar_connective_tissue>, <http://blulab.chpc.utah.edu/ontologies/v2/ConText.owl#Lexicon> -> <http://blulab.chpc.utah.edu/ontologies/v2/ConText.owl#Modifier> -> <http://blulab.chpc.utah.edu/ontologies/v2/ConText.owl#SemanticModifier> -> <http://blulab.chpc.utah.edu/ontologies/v2/ConText.owl#BodySite> -> <http://blulab.chpc.utah.edu/ontologies/schema/endo/colonoscopyQuality.owl#Colon_structure> -> <http://blulab.chpc.utah.edu/ontologies/schema/endo/colonoscopyQuality.owl#Region_of_colon> -> <http://blulab.chpc.utah.edu/ontologies/schema/endo/colonoscopyQuality.owl#Descending_colon> -> <http://blulab.chpc.utah.edu/ontologies/schema/endo/colonoscopyQuality.owl#Wall_of_descending_colon> -> <http://blulab.chpc.utah.edu/ontologies/schema/endo/colonoscopyQuality.owl#Subserosa_of_descending_colon> -> <http://blulab.chpc.utah.edu/ontologies/schema/endo/colonoscopyQuality.owl#Loose_areolar_connective_tissue>, <http://blulab.chpc.utah.edu/ontologies/v2/ConText.owl#Lexicon> -> <http://blulab.chpc.utah.edu/ontologies/v2/ConText.owl#Modifier> -> <http://blulab.chpc.utah.edu/ontologies/v2/ConText.owl#SemanticModifier> -> <http://blulab.chpc.utah.edu/ontologies/v2/ConText.owl#BodySite> -> <http://blulab.chpc.utah.edu/ontologies/schema/endo/colonoscopyQuality.owl#Colon_structure> -> <http://blulab.chpc.utah.edu/ontologies/schema/endo/colonoscopyQuality.owl#Sigmoid_colon> -> <http://blulab.chpc.utah.edu/ontologies/schema/endo/colonoscopyQuality.owl#Wall_of_sigmoid_colon> -> <http://blulab.chpc.utah.edu/ontologies/schema/endo/colonoscopyQuality.owl#Subserosa_of_sigmoid_colon> -> <http://blulab.chpc.utah.edu/ontologies/schema/endo/colonoscopyQuality.owl#Loose_areolar_connective_tissue>, <http://blulab.chpc.utah.edu/ontologies/v2/ConText.owl#Lexicon> -> <http://blulab.chpc.utah.edu/ontologies/v2/ConText.owl#Modifier> -> <http://blulab.chpc.utah.edu/ontologies/v2/ConText.owl#SemanticModifier> -> <http://blulab.chpc.utah.edu/ontologies/v2/ConText.owl#BodySite> -> <http://blulab.chpc.utah.edu/ontologies/schema/endo/colonoscopyQuality.owl#Colon_structure> -> <http://blulab.chpc.utah.edu/ontologies/schema/endo/colonoscopyQuality.owl#Entire_colon> -> <http://blulab.chpc.utah.edu/ontologies/schema/endo/colonoscopyQuality.owl#Sigmoid_colon> -> <http://blulab.chpc.utah.edu/ontologies/schema/endo/colonoscopyQuality.owl#Wall_of_sigmoid_colon> -> <http://blulab.chpc.utah.edu/ontologies/schema/endo/colonoscopyQuality.owl#Subserosa_of_sigmoid_colon> -> <http://blulab.chpc.utah.edu/ontologies/schema/endo/colonoscopyQuality.owl#Loose_areolar_connective_tissue>, <http://blulab.chpc.utah.edu/ontologies/v2/ConText.owl#Lexicon> -> <http://blulab.chpc.utah.edu/ontologies/v2/ConText.owl#Modifier> -> <http://blulab.chpc.utah.edu/ontologies/v2/ConText.owl#SemanticModifier> -> <http://blulab.chpc.utah.edu/ontologies/v2/ConText.owl#BodySite> -> <http://blulab.chpc.utah.edu/ontologies/schema/endo/colonoscopyQuality.owl#Colon_structure> -> <http://blulab.chpc.utah.edu/ontologies/schema/endo/colonoscopyQuality.owl#Region_of_colon> -> <http://blulab.chpc.utah.edu/ontologies/schema/endo/colonoscopyQuality.owl#Sigmoid_colon> -> <http://blulab.chpc.utah.edu/ontologies/schema/endo/colonoscopyQuality.owl#Wall_of_sigmoid_colon> -> <http://blulab.chpc.utah.edu/ontologies/schema/endo/colonoscopyQuality.owl#Subserosa_of_sigmoid_colon> -> <http://blulab.chpc.utah.edu/ontologies/schema/endo/colonoscopyQuality.owl#Loose_areolar_connective_tissue>, <http://blulab.chpc.utah.edu/ontologies/v2/ConText.owl#Lexicon> -> <http://blulab.chpc.utah.edu/ontologies/v2/ConText.owl#Modifier> -> <http://blulab.chpc.utah.edu/ontologies/v2/ConText.owl#SemanticModifier> -> <http://blulab.chpc.utah.edu/ontologies/v2/ConText.owl#BodySite> -> <http://blulab.chpc.utah.edu/ontologies/schema/endo/colonoscopyQuality.owl#Rectum> -> <http://blulab.chpc.utah.edu/ontologies/schema/endo/colonoscopyQuality.owl#Wall_of_rectum> -> <http://blulab.chpc.utah.edu/ontologies/schema/endo/colonoscopyQuality.owl#Rectal_mucous_membrane> -> <http://blulab.chpc.utah.edu/ontologies/schema/endo/colonoscopyQuality.owl#Lamina_propria_mucosae_of_rectum> -> <http://blulab.chpc.utah.edu/ontologies/schema/endo/colonoscopyQuality.owl#Loose_areolar_connective_tissue>]]

	Modifier: RECTAL_MUCOUS_MEMBRANE_DISCOLORATION_ORANGE, uri=http://blulab.chpc.utah.edu/ontologies/schema/endo/colonoscopyQuality.owl#RECTAL_MUCOUS_MEMBRANE_DISCOLORATION_ORANGE, type= Semantic, classPath= [<http://blulab.chpc.utah.edu/ontologies/v2/ConText.owl#Lexicon> -> <http://blulab.chpc.utah.edu/ontologies/v2/ConText.owl#Modifier> -> <http://blulab.chpc.utah.edu/ontologies/v2/ConText.owl#SemanticModifier> -> <http://blulab.chpc.utah.edu/ontologies/v2/ConText.owl#BodySite> -> <http://blulab.chpc.utah.edu/ontologies/schema/endo/colonoscopyQuality.owl#Rectum> -> <http://blulab.chpc.utah.edu/ontologies/schema/endo/colonoscopyQuality.owl#Entire_rectum> -> <http://blulab.chpc.utah.edu/ontologies/schema/endo/colonoscopyQuality.owl#Rectal_mucous_membrane> -> <http://blulab.chpc.utah.edu/ontologies/schema/endo/colonoscopyQuality.owl#RECTAL_MUCOUS_MEMBRANE_DISCOLORATION_ORANGE>, <http://blulab.chpc.utah.edu/ontologies/v2/ConText.owl#Lexicon> -> <http://blulab.chpc.utah.edu/ontologies/v2/ConText.owl#Modifier> -> <http://blulab.chpc.utah.edu/ontologies/v2/ConText.owl#SemanticModifier> -> <http://blulab.chpc.utah.edu/ontologies/v2/ConText.owl#BodySite> -> <http://blulab.chpc.utah.edu/ontologies/schema/endo/colonoscopyQuality.owl#Rectum> -> <http://blulab.chpc.utah.edu/ontologies/schema/endo/colonoscopyQuality.owl#Wall_of_rectum> -> <http://blulab.chpc.utah.edu/ontologies/schema/endo/colonoscopyQuality.owl#Rectal_mucous_membrane> -> <http://blulab.chpc.utah.edu/ontologies/schema/endo/colonoscopyQuality.owl#RECTAL_MUCOUS_MEMBRANE_DISCOLORATION_ORANGE>]]

	Modifier: Rectal_muscularis_propria, uri=http://blulab.chpc.utah.edu/ontologies/schema/endo/colonoscopyQuality.owl#Rectal_muscularis_propria, type= Semantic, classPath= [<http://blulab.chpc.utah.edu/ontologies/v2/ConText.owl#Lexicon> -> <http://blulab.chpc.utah.edu/ontologies/v2/ConText.owl#Modifier> -> <http://blulab.chpc.utah.edu/ontologies/v2/ConText.owl#SemanticModifier> -> <http://blulab.chpc.utah.edu/ontologies/v2/ConText.owl#BodySite> -> <http://blulab.chpc.utah.edu/ontologies/schema/endo/colonoscopyQuality.owl#Rectum> -> <http://blulab.chpc.utah.edu/ontologies/schema/endo/colonoscopyQuality.owl#Entire_rectum> -> <http://blulab.chpc.utah.edu/ontologies/schema/endo/colonoscopyQuality.owl#Rectal_muscularis_propria>, <http://blulab.chpc.utah.edu/ontologies/v2/ConText.owl#Lexicon> -> <http://blulab.chpc.utah.edu/ontologies/v2/ConText.owl#Modifier> -> <http://blulab.chpc.utah.edu/ontologies/v2/ConText.owl#SemanticModifier> -> <http://blulab.chpc.utah.edu/ontologies/v2/ConText.owl#BodySite> -> <http://blulab.chpc.utah.edu/ontologies/schema/endo/colonoscopyQuality.owl#Rectum> -> <http://blulab.chpc.utah.edu/ontologies/schema/endo/colonoscopyQuality.owl#Wall_of_rectum> -> <http://blulab.chpc.utah.edu/ontologies/schema/endo/colonoscopyQuality.owl#Rectal_muscularis_propria>]]

	Modifier: Circular_layer_of_rectal_muscularis_propria, uri=http://blulab.chpc.utah.edu/ontologies/schema/endo/colonoscopyQuality.owl#Circular_layer_of_rectal_muscularis_propria, type= Semantic, classPath= [<http://blulab.chpc.utah.edu/ontologies/v2/ConText.owl#Lexicon> -> <http://blulab.chpc.utah.edu/ontologies/v2/ConText.owl#Modifier> -> <http://blulab.chpc.utah.edu/ontologies/v2/ConText.owl#SemanticModifier> -> <http://blulab.chpc.utah.edu/ontologies/v2/ConText.owl#BodySite> -> <http://blulab.chpc.utah.edu/ontologies/schema/endo/colonoscopyQuality.owl#Rectum> -> <http://blulab.chpc.utah.edu/ontologies/schema/endo/colonoscopyQuality.owl#Entire_rectum> -> <http://blulab.chpc.utah.edu/ontologies/schema/endo/colonoscopyQuality.owl#Rectal_muscularis_propria> -> <http://blulab.chpc.utah.edu/ontologies/schema/endo/colonoscopyQuality.owl#Circular_layer_of_rectal_muscularis_propria>, <http://blulab.chpc.utah.edu/ontologies/v2/ConText.owl#Lexicon> -> <http://blulab.chpc.utah.edu/ontologies/v2/ConText.owl#Modifier> -> <http://blulab.chpc.utah.edu/ontologies/v2/ConText.owl#SemanticModifier> -> <http://blulab.chpc.utah.edu/ontologies/v2/ConText.owl#BodySite> -> <http://blulab.chpc.utah.edu/ontologies/schema/endo/colonoscopyQuality.owl#Rectum> -> <http://blulab.chpc.utah.edu/ontologies/schema/endo/colonoscopyQuality.owl#Wall_of_rectum> -> <http://blulab.chpc.utah.edu/ontologies/schema/endo/colonoscopyQuality.owl#Rectal_muscularis_propria> -> <http://blulab.chpc.utah.edu/ontologies/schema/endo/colonoscopyQuality.owl#Circular_layer_of_rectal_muscularis_propria>]]

	Modifier: Longitudinal_layer_of_rectal_muscularis_propria, uri=http://blulab.chpc.utah.edu/ontologies/schema/endo/colonoscopyQuality.owl#Longitudinal_layer_of_rectal_muscularis_propria, type= Semantic, classPath= [<http://blulab.chpc.utah.edu/ontologies/v2/ConText.owl#Lexicon> -> <http://blulab.chpc.utah.edu/ontologies/v2/ConText.owl#Modifier> -> <http://blulab.chpc.utah.edu/ontologies/v2/ConText.owl#SemanticModifier> -> <http://blulab.chpc.utah.edu/ontologies/v2/ConText.owl#BodySite> -> <http://blulab.chpc.utah.edu/ontologies/schema/endo/colonoscopyQuality.owl#Rectum> -> <http://blulab.chpc.utah.edu/ontologies/schema/endo/colonoscopyQuality.owl#Entire_rectum> -> <http://blulab.chpc.utah.edu/ontologies/schema/endo/colonoscopyQuality.owl#Rectal_muscularis_propria> -> <http://blulab.chpc.utah.edu/ontologies/schema/endo/colonoscopyQuality.owl#Longitudinal_layer_of_rectal_muscularis_propria>, <http://blulab.chpc.utah.edu/ontologies/v2/ConText.owl#Lexicon> -> <http://blulab.chpc.utah.edu/ontologies/v2/ConText.owl#Modifier> -> <http://blulab.chpc.utah.edu/ontologies/v2/ConText.owl#SemanticModifier> -> <http://blulab.chpc.utah.edu/ontologies/v2/ConText.owl#BodySite> -> <http://blulab.chpc.utah.edu/ontologies/schema/endo/colonoscopyQuality.owl#Rectum> -> <http://blulab.chpc.utah.edu/ontologies/schema/endo/colonoscopyQuality.owl#Wall_of_rectum> -> <http://blulab.chpc.utah.edu/ontologies/schema/endo/colonoscopyQuality.owl#Rectal_muscularis_propria> -> <http://blulab.chpc.utah.edu/ontologies/schema/endo/colonoscopyQuality.owl#Longitudinal_layer_of_rectal_muscularis_propria>]]

	Modifier: Subdivision_of_longitudinal_muscle_layer_of_rectum, uri=http://blulab.chpc.utah.edu/ontologies/schema/endo/colonoscopyQuality.owl#Subdivision_of_longitudinal_muscle_layer_of_rectum, type= Semantic, classPath= [<http://blulab.chpc.utah.edu/ontologies/v2/ConText.owl#Lexicon> -> <http://blulab.chpc.utah.edu/ontologies/v2/ConText.owl#Modifier> -> <http://blulab.chpc.utah.edu/ontologies/v2/ConText.owl#SemanticModifier> -> <http://blulab.chpc.utah.edu/ontologies/v2/ConText.owl#BodySite> -> <http://blulab.chpc.utah.edu/ontologies/schema/endo/colonoscopyQuality.owl#Rectum> -> <http://blulab.chpc.utah.edu/ontologies/schema/endo/colonoscopyQuality.owl#Entire_rectum> -> <http://blulab.chpc.utah.edu/ontologies/schema/endo/colonoscopyQuality.owl#Rectal_muscularis_propria> -> <http://blulab.chpc.utah.edu/ontologies/schema/endo/colonoscopyQuality.owl#Subdivision_of_longitudinal_muscle_layer_of_rectum>, <http://blulab.chpc.utah.edu/ontologies/v2/ConText.owl#Lexicon> -> <http://blulab.chpc.utah.edu/ontologies/v2/ConText.owl#Modifier> -> <http://blulab.chpc.utah.edu/ontologies/v2/ConText.owl#SemanticModifier> -> <http://blulab.chpc.utah.edu/ontologies/v2/ConText.owl#BodySite> -> <http://blulab.chpc.utah.edu/ontologies/schema/endo/colonoscopyQuality.owl#Rectum> -> <http://blulab.chpc.utah.edu/ontologies/schema/endo/colonoscopyQuality.owl#Wall_of_rectum> -> <http://blulab.chpc.utah.edu/ontologies/schema/endo/colonoscopyQuality.owl#Rectal_muscularis_propria> -> <http://blulab.chpc.utah.edu/ontologies/schema/endo/colonoscopyQuality.owl#Subdivision_of_longitudinal_muscle_layer_of_rectum>]]

	Modifier: Anoperinealis, uri=http://blulab.chpc.utah.edu/ontologies/schema/endo/colonoscopyQuality.owl#Anoperinealis, type= Semantic, classPath= [<http://blulab.chpc.utah.edu/ontologies/v2/ConText.owl#Lexicon> -> <http://blulab.chpc.utah.edu/ontologies/v2/ConText.owl#Modifier> -> <http://blulab.chpc.utah.edu/ontologies/v2/ConText.owl#SemanticModifier> -> <http://blulab.chpc.utah.edu/ontologies/v2/ConText.owl#BodySite> -> <http://blulab.chpc.utah.edu/ontologies/schema/endo/colonoscopyQuality.owl#Rectum> -> <http://blulab.chpc.utah.edu/ontologies/schema/endo/colonoscopyQuality.owl#Entire_rectum> -> <http://blulab.chpc.utah.edu/ontologies/schema/endo/colonoscopyQuality.owl#Rectal_muscularis_propria> -> <http://blulab.chpc.utah.edu/ontologies/schema/endo/colonoscopyQuality.owl#Subdivision_of_longitudinal_muscle_layer_of_rectum> -> <http://blulab.chpc.utah.edu/ontologies/schema/endo/colonoscopyQuality.owl#Anoperinealis>, <http://blulab.chpc.utah.edu/ontologies/v2/ConText.owl#Lexicon> -> <http://blulab.chpc.utah.edu/ontologies/v2/ConText.owl#Modifier> -> <http://blulab.chpc.utah.edu/ontologies/v2/ConText.owl#SemanticModifier> -> <http://blulab.chpc.utah.edu/ontologies/v2/ConText.owl#BodySite> -> <http://blulab.chpc.utah.edu/ontologies/schema/endo/colonoscopyQuality.owl#Rectum> -> <http://blulab.chpc.utah.edu/ontologies/schema/endo/colonoscopyQuality.owl#Wall_of_rectum> -> <http://blulab.chpc.utah.edu/ontologies/schema/endo/colonoscopyQuality.owl#Rectal_muscularis_propria> -> <http://blulab.chpc.utah.edu/ontologies/schema/endo/colonoscopyQuality.owl#Subdivision_of_longitudinal_muscle_layer_of_rectum> -> <http://blulab.chpc.utah.edu/ontologies/schema/endo/colonoscopyQuality.owl#Anoperinealis>]]

	Modifier: Recto_urethralis_inferior, uri=http://blulab.chpc.utah.edu/ontologies/schema/endo/colonoscopyQuality.owl#Recto_urethralis_inferior, type= Semantic, classPath= [<http://blulab.chpc.utah.edu/ontologies/v2/ConText.owl#Lexicon> -> <http://blulab.chpc.utah.edu/ontologies/v2/ConText.owl#Modifier> -> <http://blulab.chpc.utah.edu/ontologies/v2/ConText.owl#SemanticModifier> -> <http://blulab.chpc.utah.edu/ontologies/v2/ConText.owl#BodySite> -> <http://blulab.chpc.utah.edu/ontologies/schema/endo/colonoscopyQuality.owl#Rectum> -> <http://blulab.chpc.utah.edu/ontologies/schema/endo/colonoscopyQuality.owl#Entire_rectum> -> <http://blulab.chpc.utah.edu/ontologies/schema/endo/colonoscopyQuality.owl#Rectal_muscularis_propria> -> <http://blulab.chpc.utah.edu/ontologies/schema/endo/colonoscopyQuality.owl#Subdivision_of_longitudinal_muscle_layer_of_rectum> -> <http://blulab.chpc.utah.edu/ontologies/schema/endo/colonoscopyQuality.owl#Recto_urethralis_inferior>, <http://blulab.chpc.utah.edu/ontologies/v2/ConText.owl#Lexicon> -> <http://blulab.chpc.utah.edu/ontologies/v2/ConText.owl#Modifier> -> <http://blulab.chpc.utah.edu/ontologies/v2/ConText.owl#SemanticModifier> -> <http://blulab.chpc.utah.edu/ontologies/v2/ConText.owl#BodySite> -> <http://blulab.chpc.utah.edu/ontologies/schema/endo/colonoscopyQuality.owl#Rectum> -> <http://blulab.chpc.utah.edu/ontologies/schema/endo/colonoscopyQuality.owl#Wall_of_rectum> -> <http://blulab.chpc.utah.edu/ontologies/schema/endo/colonoscopyQuality.owl#Rectal_muscularis_propria> -> <http://blulab.chpc.utah.edu/ontologies/schema/endo/colonoscopyQuality.owl#Subdivision_of_longitudinal_muscle_layer_of_rectum> -> <http://blulab.chpc.utah.edu/ontologies/schema/endo/colonoscopyQuality.owl#Recto_urethralis_inferior>]]

	Modifier: Recto_urethralis_superior, uri=http://blulab.chpc.utah.edu/ontologies/schema/endo/colonoscopyQuality.owl#Recto_urethralis_superior, type= Semantic, classPath= [<http://blulab.chpc.utah.edu/ontologies/v2/ConText.owl#Lexicon> -> <http://blulab.chpc.utah.edu/ontologies/v2/ConText.owl#Modifier> -> <http://blulab.chpc.utah.edu/ontologies/v2/ConText.owl#SemanticModifier> -> <http://blulab.chpc.utah.edu/ontologies/v2/ConText.owl#BodySite> -> <http://blulab.chpc.utah.edu/ontologies/schema/endo/colonoscopyQuality.owl#Rectum> -> <http://blulab.chpc.utah.edu/ontologies/schema/endo/colonoscopyQuality.owl#Entire_rectum> -> <http://blulab.chpc.utah.edu/ontologies/schema/endo/colonoscopyQuality.owl#Rectal_muscularis_propria> -> <http://blulab.chpc.utah.edu/ontologies/schema/endo/colonoscopyQuality.owl#Subdivision_of_longitudinal_muscle_layer_of_rectum> -> <http://blulab.chpc.utah.edu/ontologies/schema/endo/colonoscopyQuality.owl#Recto_urethralis_superior>, <http://blulab.chpc.utah.edu/ontologies/v2/ConText.owl#Lexicon> -> <http://blulab.chpc.utah.edu/ontologies/v2/ConText.owl#Modifier> -> <http://blulab.chpc.utah.edu/ontologies/v2/ConText.owl#SemanticModifier> -> <http://blulab.chpc.utah.edu/ontologies/v2/ConText.owl#BodySite> -> <http://blulab.chpc.utah.edu/ontologies/schema/endo/colonoscopyQuality.owl#Rectum> -> <http://blulab.chpc.utah.edu/ontologies/schema/endo/colonoscopyQuality.owl#Wall_of_rectum> -> <http://blulab.chpc.utah.edu/ontologies/schema/endo/colonoscopyQuality.owl#Rectal_muscularis_propria> -> <http://blulab.chpc.utah.edu/ontologies/schema/endo/colonoscopyQuality.owl#Subdivision_of_longitudinal_muscle_layer_of_rectum> -> <http://blulab.chpc.utah.edu/ontologies/schema/endo/colonoscopyQuality.owl#Recto_urethralis_superior>]]

	Modifier: Rectococcygeus, uri=http://blulab.chpc.utah.edu/ontologies/schema/endo/colonoscopyQuality.owl#Rectococcygeus, type= Semantic, classPath= [<http://blulab.chpc.utah.edu/ontologies/v2/ConText.owl#Lexicon> -> <http://blulab.chpc.utah.edu/ontologies/v2/ConText.owl#Modifier> -> <http://blulab.chpc.utah.edu/ontologies/v2/ConText.owl#SemanticModifier> -> <http://blulab.chpc.utah.edu/ontologies/v2/ConText.owl#BodySite> -> <http://blulab.chpc.utah.edu/ontologies/schema/endo/colonoscopyQuality.owl#Rectum> -> <http://blulab.chpc.utah.edu/ontologies/schema/endo/colonoscopyQuality.owl#Entire_rectum> -> <http://blulab.chpc.utah.edu/ontologies/schema/endo/colonoscopyQuality.owl#Rectal_muscularis_propria> -> <http://blulab.chpc.utah.edu/ontologies/schema/endo/colonoscopyQuality.owl#Subdivision_of_longitudinal_muscle_layer_of_rectum> -> <http://blulab.chpc.utah.edu/ontologies/schema/endo/colonoscopyQuality.owl#Rectococcygeus>, <http://blulab.chpc.utah.edu/ontologies/v2/ConText.owl#Lexicon> -> <http://blulab.chpc.utah.edu/ontologies/v2/ConText.owl#Modifier> -> <http://blulab.chpc.utah.edu/ontologies/v2/ConText.owl#SemanticModifier> -> <http://blulab.chpc.utah.edu/ontologies/v2/ConText.owl#BodySite> -> <http://blulab.chpc.utah.edu/ontologies/schema/endo/colonoscopyQuality.owl#Rectum> -> <http://blulab.chpc.utah.edu/ontologies/schema/endo/colonoscopyQuality.owl#Wall_of_rectum> -> <http://blulab.chpc.utah.edu/ontologies/schema/endo/colonoscopyQuality.owl#Rectal_muscularis_propria> -> <http://blulab.chpc.utah.edu/ontologies/schema/endo/colonoscopyQuality.owl#Subdivision_of_longitudinal_muscle_layer_of_rectum> -> <http://blulab.chpc.utah.edu/ontologies/schema/endo/colonoscopyQuality.owl#Rectococcygeus>]]

	Modifier: Rectoperinealis, uri=http://blulab.chpc.utah.edu/ontologies/schema/endo/colonoscopyQuality.owl#Rectoperinealis, type= Semantic, classPath= [<http://blulab.chpc.utah.edu/ontologies/v2/ConText.owl#Lexicon> -> <http://blulab.chpc.utah.edu/ontologies/v2/ConText.owl#Modifier> -> <http://blulab.chpc.utah.edu/ontologies/v2/ConText.owl#SemanticModifier> -> <http://blulab.chpc.utah.edu/ontologies/v2/ConText.owl#BodySite> -> <http://blulab.chpc.utah.edu/ontologies/schema/endo/colonoscopyQuality.owl#Rectum> -> <http://blulab.chpc.utah.edu/ontologies/schema/endo/colonoscopyQuality.owl#Entire_rectum> -> <http://blulab.chpc.utah.edu/ontologies/schema/endo/colonoscopyQuality.owl#Rectal_muscularis_propria> -> <http://blulab.chpc.utah.edu/ontologies/schema/endo/colonoscopyQuality.owl#Subdivision_of_longitudinal_muscle_layer_of_rectum> -> <http://blulab.chpc.utah.edu/ontologies/schema/endo/colonoscopyQuality.owl#Rectoperinealis>, <http://blulab.chpc.utah.edu/ontologies/v2/ConText.owl#Lexicon> -> <http://blulab.chpc.utah.edu/ontologies/v2/ConText.owl#Modifier> -> <http://blulab.chpc.utah.edu/ontologies/v2/ConText.owl#SemanticModifier> -> <http://blulab.chpc.utah.edu/ontologies/v2/ConText.owl#BodySite> -> <http://blulab.chpc.utah.edu/ontologies/schema/endo/colonoscopyQuality.owl#Rectum> -> <http://blulab.chpc.utah.edu/ontologies/schema/endo/colonoscopyQuality.owl#Wall_of_rectum> -> <http://blulab.chpc.utah.edu/ontologies/schema/endo/colonoscopyQuality.owl#Rectal_muscularis_propria> -> <http://blulab.chpc.utah.edu/ontologies/schema/endo/colonoscopyQuality.owl#Subdivision_of_longitudinal_muscle_layer_of_rectum> -> <http://blulab.chpc.utah.edu/ontologies/schema/endo/colonoscopyQuality.owl#Rectoperinealis>]]

	Modifier: Rectosigmoid_Region, uri=http://blulab.chpc.utah.edu/ontologies/schema/endo/colonoscopyQuality.owl#Rectosigmoid_Region, type= Semantic, classPath= [<http://blulab.chpc.utah.edu/ontologies/v2/ConText.owl#Lexicon> -> <http://blulab.chpc.utah.edu/ontologies/v2/ConText.owl#Modifier> -> <http://blulab.chpc.utah.edu/ontologies/v2/ConText.owl#SemanticModifier> -> <http://blulab.chpc.utah.edu/ontologies/v2/ConText.owl#BodySite> -> <http://blulab.chpc.utah.edu/ontologies/schema/endo/colonoscopyQuality.owl#Rectum> -> <http://blulab.chpc.utah.edu/ontologies/schema/endo/colonoscopyQuality.owl#Entire_rectum> -> <http://blulab.chpc.utah.edu/ontologies/schema/endo/colonoscopyQuality.owl#Rectosigmoid_Region>, <http://blulab.chpc.utah.edu/ontologies/v2/ConText.owl#Lexicon> -> <http://blulab.chpc.utah.edu/ontologies/v2/ConText.owl#Modifier> -> <http://blulab.chpc.utah.edu/ontologies/v2/ConText.owl#SemanticModifier> -> <http://blulab.chpc.utah.edu/ontologies/v2/ConText.owl#BodySite> -> <http://blulab.chpc.utah.edu/ontologies/schema/endo/colonoscopyQuality.owl#Colon_structure> -> <http://blulab.chpc.utah.edu/ontologies/schema/endo/colonoscopyQuality.owl#Sigmoid_colon> -> <http://blulab.chpc.utah.edu/ontologies/schema/endo/colonoscopyQuality.owl#Entire_sigmoid_colon> -> <http://blulab.chpc.utah.edu/ontologies/schema/endo/colonoscopyQuality.owl#Rectosigmoid_Region>, <http://blulab.chpc.utah.edu/ontologies/v2/ConText.owl#Lexicon> -> <http://blulab.chpc.utah.edu/ontologies/v2/ConText.owl#Modifier> -> <http://blulab.chpc.utah.edu/ontologies/v2/ConText.owl#SemanticModifier> -> <http://blulab.chpc.utah.edu/ontologies/v2/ConText.owl#BodySite> -> <http://blulab.chpc.utah.edu/ontologies/schema/endo/colonoscopyQuality.owl#Colon_structure> -> <http://blulab.chpc.utah.edu/ontologies/schema/endo/colonoscopyQuality.owl#Entire_colon> -> <http://blulab.chpc.utah.edu/ontologies/schema/endo/colonoscopyQuality.owl#Sigmoid_colon> -> <http://blulab.chpc.utah.edu/ontologies/schema/endo/colonoscopyQuality.owl#Entire_sigmoid_colon> -> <http://blulab.chpc.utah.edu/ontologies/schema/endo/colonoscopyQuality.owl#Rectosigmoid_Region>, <http://blulab.chpc.utah.edu/ontologies/v2/ConText.owl#Lexicon> -> <http://blulab.chpc.utah.edu/ontologies/v2/ConText.owl#Modifier> -> <http://blulab.chpc.utah.edu/ontologies/v2/ConText.owl#SemanticModifier> -> <http://blulab.chpc.utah.edu/ontologies/v2/ConText.owl#BodySite> -> <http://blulab.chpc.utah.edu/ontologies/schema/endo/colonoscopyQuality.owl#Colon_structure> -> <http://blulab.chpc.utah.edu/ontologies/schema/endo/colonoscopyQuality.owl#Region_of_colon> -> <http://blulab.chpc.utah.edu/ontologies/schema/endo/colonoscopyQuality.owl#Sigmoid_colon> -> <http://blulab.chpc.utah.edu/ontologies/schema/endo/colonoscopyQuality.owl#Entire_sigmoid_colon> -> <http://blulab.chpc.utah.edu/ontologies/schema/endo/colonoscopyQuality.owl#Rectosigmoid_Region>, <http://blulab.chpc.utah.edu/ontologies/v2/ConText.owl#Lexicon> -> <http://blulab.chpc.utah.edu/ontologies/v2/ConText.owl#Modifier> -> <http://blulab.chpc.utah.edu/ontologies/v2/ConText.owl#SemanticModifier> -> <http://blulab.chpc.utah.edu/ontologies/v2/ConText.owl#BodySite> -> <http://blulab.chpc.utah.edu/ontologies/schema/endo/colonoscopyQuality.owl#Rectum> -> <http://blulab.chpc.utah.edu/ontologies/schema/endo/colonoscopyQuality.owl#Rectosigmoid_Region>, <http://blulab.chpc.utah.edu/ontologies/v2/ConText.owl#Lexicon> -> <http://blulab.chpc.utah.edu/ontologies/v2/ConText.owl#Modifier> -> <http://blulab.chpc.utah.edu/ontologies/v2/ConText.owl#SemanticModifier> -> <http://blulab.chpc.utah.edu/ontologies/v2/ConText.owl#BodySite> -> <http://blulab.chpc.utah.edu/ontologies/schema/endo/colonoscopyQuality.owl#Colon_structure> -> <http://blulab.chpc.utah.edu/ontologies/schema/endo/colonoscopyQuality.owl#Entire_colon> -> <http://blulab.chpc.utah.edu/ontologies/schema/endo/colonoscopyQuality.owl#Sigmoid_colon> -> <http://blulab.chpc.utah.edu/ontologies/schema/endo/colonoscopyQuality.owl#Rectosigmoid_Region>, <http://blulab.chpc.utah.edu/ontologies/v2/ConText.owl#Lexicon> -> <http://blulab.chpc.utah.edu/ontologies/v2/ConText.owl#Modifier> -> <http://blulab.chpc.utah.edu/ontologies/v2/ConText.owl#SemanticModifier> -> <http://blulab.chpc.utah.edu/ontologies/v2/ConText.owl#BodySite> -> <http://blulab.chpc.utah.edu/ontologies/schema/endo/colonoscopyQuality.owl#Colon_structure> -> <http://blulab.chpc.utah.edu/ontologies/schema/endo/colonoscopyQuality.owl#Region_of_colon> -> <http://blulab.chpc.utah.edu/ontologies/schema/endo/colonoscopyQuality.owl#Sigmoid_colon> -> <http://blulab.chpc.utah.edu/ontologies/schema/endo/colonoscopyQuality.owl#Rectosigmoid_Region>, <http://blulab.chpc.utah.edu/ontologies/v2/ConText.owl#Lexicon> -> <http://blulab.chpc.utah.edu/ontologies/v2/ConText.owl#Modifier> -> <http://blulab.chpc.utah.edu/ontologies/v2/ConText.owl#SemanticModifier> -> <http://blulab.chpc.utah.edu/ontologies/v2/ConText.owl#BodySite> -> <http://blulab.chpc.utah.edu/ontologies/schema/endo/colonoscopyQuality.owl#Colon_structure> -> <http://blulab.chpc.utah.edu/ontologies/schema/endo/colonoscopyQuality.owl#Sigmoid_colon> -> <http://blulab.chpc.utah.edu/ontologies/schema/endo/colonoscopyQuality.owl#Rectosigmoid_Region>]]

	Modifier: Structure_of_anorectal_junction, uri=http://blulab.chpc.utah.edu/ontologies/schema/endo/colonoscopyQuality.owl#Structure_of_anorectal_junction, type= Semantic, classPath= [<http://blulab.chpc.utah.edu/ontologies/v2/ConText.owl#Lexicon> -> <http://blulab.chpc.utah.edu/ontologies/v2/ConText.owl#Modifier> -> <http://blulab.chpc.utah.edu/ontologies/v2/ConText.owl#SemanticModifier> -> <http://blulab.chpc.utah.edu/ontologies/v2/ConText.owl#BodySite> -> <http://blulab.chpc.utah.edu/ontologies/schema/endo/colonoscopyQuality.owl#Rectum> -> <http://blulab.chpc.utah.edu/ontologies/schema/endo/colonoscopyQuality.owl#Entire_rectum> -> <http://blulab.chpc.utah.edu/ontologies/schema/endo/colonoscopyQuality.owl#Structure_of_anorectal_junction>, <http://blulab.chpc.utah.edu/ontologies/v2/ConText.owl#Lexicon> -> <http://blulab.chpc.utah.edu/ontologies/v2/ConText.owl#Modifier> -> <http://blulab.chpc.utah.edu/ontologies/v2/ConText.owl#SemanticModifier> -> <http://blulab.chpc.utah.edu/ontologies/v2/ConText.owl#BodySite> -> <http://blulab.chpc.utah.edu/ontologies/schema/endo/colonoscopyQuality.owl#Rectum> -> <http://blulab.chpc.utah.edu/ontologies/schema/endo/colonoscopyQuality.owl#Structure_of_anorectal_junction>]]

	Modifier: Entire_anorectal_junction, uri=http://blulab.chpc.utah.edu/ontologies/schema/endo/colonoscopyQuality.owl#Entire_anorectal_junction, type= Semantic, classPath= [<http://blulab.chpc.utah.edu/ontologies/v2/ConText.owl#Lexicon> -> <http://blulab.chpc.utah.edu/ontologies/v2/ConText.owl#Modifier> -> <http://blulab.chpc.utah.edu/ontologies/v2/ConText.owl#SemanticModifier> -> <http://blulab.chpc.utah.edu/ontologies/v2/ConText.owl#BodySite> -> <http://blulab.chpc.utah.edu/ontologies/schema/endo/colonoscopyQuality.owl#Rectum> -> <http://blulab.chpc.utah.edu/ontologies/schema/endo/colonoscopyQuality.owl#Entire_rectum> -> <http://blulab.chpc.utah.edu/ontologies/schema/endo/colonoscopyQuality.owl#Structure_of_anorectal_junction> -> <http://blulab.chpc.utah.edu/ontologies/schema/endo/colonoscopyQuality.owl#Entire_anorectal_junction>, <http://blulab.chpc.utah.edu/ontologies/v2/ConText.owl#Lexicon> -> <http://blulab.chpc.utah.edu/ontologies/v2/ConText.owl#Modifier> -> <http://blulab.chpc.utah.edu/ontologies/v2/ConText.owl#SemanticModifier> -> <http://blulab.chpc.utah.edu/ontologies/v2/ConText.owl#BodySite> -> <http://blulab.chpc.utah.edu/ontologies/schema/endo/colonoscopyQuality.owl#Rectum> -> <http://blulab.chpc.utah.edu/ontologies/schema/endo/colonoscopyQuality.owl#Structure_of_anorectal_junction> -> <http://blulab.chpc.utah.edu/ontologies/schema/endo/colonoscopyQuality.owl#Entire_anorectal_junction>]]

	Modifier: Structure_of_perineal_flexure_of_rectum, uri=http://blulab.chpc.utah.edu/ontologies/schema/endo/colonoscopyQuality.owl#Structure_of_perineal_flexure_of_rectum, type= Semantic, classPath= [<http://blulab.chpc.utah.edu/ontologies/v2/ConText.owl#Lexicon> -> <http://blulab.chpc.utah.edu/ontologies/v2/ConText.owl#Modifier> -> <http://blulab.chpc.utah.edu/ontologies/v2/ConText.owl#SemanticModifier> -> <http://blulab.chpc.utah.edu/ontologies/v2/ConText.owl#BodySite> -> <http://blulab.chpc.utah.edu/ontologies/schema/endo/colonoscopyQuality.owl#Rectum> -> <http://blulab.chpc.utah.edu/ontologies/schema/endo/colonoscopyQuality.owl#Entire_rectum> -> <http://blulab.chpc.utah.edu/ontologies/schema/endo/colonoscopyQuality.owl#Structure_of_perineal_flexure_of_rectum>, <http://blulab.chpc.utah.edu/ontologies/v2/ConText.owl#Lexicon> -> <http://blulab.chpc.utah.edu/ontologies/v2/ConText.owl#Modifier> -> <http://blulab.chpc.utah.edu/ontologies/v2/ConText.owl#SemanticModifier> -> <http://blulab.chpc.utah.edu/ontologies/v2/ConText.owl#BodySite> -> <http://blulab.chpc.utah.edu/ontologies/schema/endo/colonoscopyQuality.owl#Rectum> -> <http://blulab.chpc.utah.edu/ontologies/schema/endo/colonoscopyQuality.owl#Region_of_rectum> -> <http://blulab.chpc.utah.edu/ontologies/schema/endo/colonoscopyQuality.owl#Flexure_of_rectum> -> <http://blulab.chpc.utah.edu/ontologies/schema/endo/colonoscopyQuality.owl#Structure_of_perineal_flexure_of_rectum>]]

	Modifier: Entire_perineal_flexure_of_rectum, uri=http://blulab.chpc.utah.edu/ontologies/schema/endo/colonoscopyQuality.owl#Entire_perineal_flexure_of_rectum, type= Semantic, classPath= [<http://blulab.chpc.utah.edu/ontologies/v2/ConText.owl#Lexicon> -> <http://blulab.chpc.utah.edu/ontologies/v2/ConText.owl#Modifier> -> <http://blulab.chpc.utah.edu/ontologies/v2/ConText.owl#SemanticModifier> -> <http://blulab.chpc.utah.edu/ontologies/v2/ConText.owl#BodySite> -> <http://blulab.chpc.utah.edu/ontologies/schema/endo/colonoscopyQuality.owl#Rectum> -> <http://blulab.chpc.utah.edu/ontologies/schema/endo/colonoscopyQuality.owl#Entire_rectum> -> <http://blulab.chpc.utah.edu/ontologies/schema/endo/colonoscopyQuality.owl#Structure_of_perineal_flexure_of_rectum> -> <http://blulab.chpc.utah.edu/ontologies/schema/endo/colonoscopyQuality.owl#Entire_perineal_flexure_of_rectum>, <http://blulab.chpc.utah.edu/ontologies/v2/ConText.owl#Lexicon> -> <http://blulab.chpc.utah.edu/ontologies/v2/ConText.owl#Modifier> -> <http://blulab.chpc.utah.edu/ontologies/v2/ConText.owl#SemanticModifier> -> <http://blulab.chpc.utah.edu/ontologies/v2/ConText.owl#BodySite> -> <http://blulab.chpc.utah.edu/ontologies/schema/endo/colonoscopyQuality.owl#Rectum> -> <http://blulab.chpc.utah.edu/ontologies/schema/endo/colonoscopyQuality.owl#Region_of_rectum> -> <http://blulab.chpc.utah.edu/ontologies/schema/endo/colonoscopyQuality.owl#Flexure_of_rectum> -> <http://blulab.chpc.utah.edu/ontologies/schema/endo/colonoscopyQuality.owl#Structure_of_perineal_flexure_of_rectum> -> <http://blulab.chpc.utah.edu/ontologies/schema/endo/colonoscopyQuality.owl#Entire_perineal_flexure_of_rectum>]]

	Modifier: Structure_of_rectal_lumen, uri=http://blulab.chpc.utah.edu/ontologies/schema/endo/colonoscopyQuality.owl#Structure_of_rectal_lumen, type= Semantic, classPath= [<http://blulab.chpc.utah.edu/ontologies/v2/ConText.owl#Lexicon> -> <http://blulab.chpc.utah.edu/ontologies/v2/ConText.owl#Modifier> -> <http://blulab.chpc.utah.edu/ontologies/v2/ConText.owl#SemanticModifier> -> <http://blulab.chpc.utah.edu/ontologies/v2/ConText.owl#BodySite> -> <http://blulab.chpc.utah.edu/ontologies/schema/endo/colonoscopyQuality.owl#Rectum> -> <http://blulab.chpc.utah.edu/ontologies/schema/endo/colonoscopyQuality.owl#Entire_rectum> -> <http://blulab.chpc.utah.edu/ontologies/schema/endo/colonoscopyQuality.owl#Structure_of_rectal_lumen>, <http://blulab.chpc.utah.edu/ontologies/v2/ConText.owl#Lexicon> -> <http://blulab.chpc.utah.edu/ontologies/v2/ConText.owl#Modifier> -> <http://blulab.chpc.utah.edu/ontologies/v2/ConText.owl#SemanticModifier> -> <http://blulab.chpc.utah.edu/ontologies/v2/ConText.owl#BodySite> -> <http://blulab.chpc.utah.edu/ontologies/schema/endo/colonoscopyQuality.owl#Rectum> -> <http://blulab.chpc.utah.edu/ontologies/schema/endo/colonoscopyQuality.owl#Structure_of_rectal_lumen>]]

	Modifier: Entire_rectal_lumen, uri=http://blulab.chpc.utah.edu/ontologies/schema/endo/colonoscopyQuality.owl#Entire_rectal_lumen, type= Semantic, classPath= [<http://blulab.chpc.utah.edu/ontologies/v2/ConText.owl#Lexicon> -> <http://blulab.chpc.utah.edu/ontologies/v2/ConText.owl#Modifier> -> <http://blulab.chpc.utah.edu/ontologies/v2/ConText.owl#SemanticModifier> -> <http://blulab.chpc.utah.edu/ontologies/v2/ConText.owl#BodySite> -> <http://blulab.chpc.utah.edu/ontologies/schema/endo/colonoscopyQuality.owl#Rectum> -> <http://blulab.chpc.utah.edu/ontologies/schema/endo/colonoscopyQuality.owl#Entire_rectum> -> <http://blulab.chpc.utah.edu/ontologies/schema/endo/colonoscopyQuality.owl#Structure_of_rectal_lumen> -> <http://blulab.chpc.utah.edu/ontologies/schema/endo/colonoscopyQuality.owl#Entire_rectal_lumen>, <http://blulab.chpc.utah.edu/ontologies/v2/ConText.owl#Lexicon> -> <http://blulab.chpc.utah.edu/ontologies/v2/ConText.owl#Modifier> -> <http://blulab.chpc.utah.edu/ontologies/v2/ConText.owl#SemanticModifier> -> <http://blulab.chpc.utah.edu/ontologies/v2/ConText.owl#BodySite> -> <http://blulab.chpc.utah.edu/ontologies/schema/endo/colonoscopyQuality.owl#Rectum> -> <http://blulab.chpc.utah.edu/ontologies/schema/endo/colonoscopyQuality.owl#Structure_of_rectal_lumen> -> <http://blulab.chpc.utah.edu/ontologies/schema/endo/colonoscopyQuality.owl#Entire_rectal_lumen>]]

	Modifier: Structure_of_sacral_flexure_of_rectum, uri=http://blulab.chpc.utah.edu/ontologies/schema/endo/colonoscopyQuality.owl#Structure_of_sacral_flexure_of_rectum, type= Semantic, classPath= [<http://blulab.chpc.utah.edu/ontologies/v2/ConText.owl#Lexicon> -> <http://blulab.chpc.utah.edu/ontologies/v2/ConText.owl#Modifier> -> <http://blulab.chpc.utah.edu/ontologies/v2/ConText.owl#SemanticModifier> -> <http://blulab.chpc.utah.edu/ontologies/v2/ConText.owl#BodySite> -> <http://blulab.chpc.utah.edu/ontologies/schema/endo/colonoscopyQuality.owl#Rectum> -> <http://blulab.chpc.utah.edu/ontologies/schema/endo/colonoscopyQuality.owl#Entire_rectum> -> <http://blulab.chpc.utah.edu/ontologies/schema/endo/colonoscopyQuality.owl#Structure_of_sacral_flexure_of_rectum>, <http://blulab.chpc.utah.edu/ontologies/v2/ConText.owl#Lexicon> -> <http://blulab.chpc.utah.edu/ontologies/v2/ConText.owl#Modifier> -> <http://blulab.chpc.utah.edu/ontologies/v2/ConText.owl#SemanticModifier> -> <http://blulab.chpc.utah.edu/ontologies/v2/ConText.owl#BodySite> -> <http://blulab.chpc.utah.edu/ontologies/schema/endo/colonoscopyQuality.owl#Rectum> -> <http://blulab.chpc.utah.edu/ontologies/schema/endo/colonoscopyQuality.owl#Region_of_rectum> -> <http://blulab.chpc.utah.edu/ontologies/schema/endo/colonoscopyQuality.owl#Flexure_of_rectum> -> <http://blulab.chpc.utah.edu/ontologies/schema/endo/colonoscopyQuality.owl#Structure_of_sacral_flexure_of_rectum>]]

	Modifier: Entire_sacral_flexure_of_rectum, uri=http://blulab.chpc.utah.edu/ontologies/schema/endo/colonoscopyQuality.owl#Entire_sacral_flexure_of_rectum, type= Semantic, classPath= [<http://blulab.chpc.utah.edu/ontologies/v2/ConText.owl#Lexicon> -> <http://blulab.chpc.utah.edu/ontologies/v2/ConText.owl#Modifier> -> <http://blulab.chpc.utah.edu/ontologies/v2/ConText.owl#SemanticModifier> -> <http://blulab.chpc.utah.edu/ontologies/v2/ConText.owl#BodySite> -> <http://blulab.chpc.utah.edu/ontologies/schema/endo/colonoscopyQuality.owl#Rectum> -> <http://blulab.chpc.utah.edu/ontologies/schema/endo/colonoscopyQuality.owl#Entire_rectum> -> <http://blulab.chpc.utah.edu/ontologies/schema/endo/colonoscopyQuality.owl#Structure_of_sacral_flexure_of_rectum> -> <http://blulab.chpc.utah.edu/ontologies/schema/endo/colonoscopyQuality.owl#Entire_sacral_flexure_of_rectum>, <http://blulab.chpc.utah.edu/ontologies/v2/ConText.owl#Lexicon> -> <http://blulab.chpc.utah.edu/ontologies/v2/ConText.owl#Modifier> -> <http://blulab.chpc.utah.edu/ontologies/v2/ConText.owl#SemanticModifier> -> <http://blulab.chpc.utah.edu/ontologies/v2/ConText.owl#BodySite> -> <http://blulab.chpc.utah.edu/ontologies/schema/endo/colonoscopyQuality.owl#Rectum> -> <http://blulab.chpc.utah.edu/ontologies/schema/endo/colonoscopyQuality.owl#Region_of_rectum> -> <http://blulab.chpc.utah.edu/ontologies/schema/endo/colonoscopyQuality.owl#Flexure_of_rectum> -> <http://blulab.chpc.utah.edu/ontologies/schema/endo/colonoscopyQuality.owl#Structure_of_sacral_flexure_of_rectum> -> <http://blulab.chpc.utah.edu/ontologies/schema/endo/colonoscopyQuality.owl#Entire_sacral_flexure_of_rectum>]]

	Modifier: Structure_of_supporting_tissue_of_rectum, uri=http://blulab.chpc.utah.edu/ontologies/schema/endo/colonoscopyQuality.owl#Structure_of_supporting_tissue_of_rectum, type= Semantic, classPath= [<http://blulab.chpc.utah.edu/ontologies/v2/ConText.owl#Lexicon> -> <http://blulab.chpc.utah.edu/ontologies/v2/ConText.owl#Modifier> -> <http://blulab.chpc.utah.edu/ontologies/v2/ConText.owl#SemanticModifier> -> <http://blulab.chpc.utah.edu/ontologies/v2/ConText.owl#BodySite> -> <http://blulab.chpc.utah.edu/ontologies/schema/endo/colonoscopyQuality.owl#Rectum> -> <http://blulab.chpc.utah.edu/ontologies/schema/endo/colonoscopyQuality.owl#Entire_rectum> -> <http://blulab.chpc.utah.edu/ontologies/schema/endo/colonoscopyQuality.owl#Structure_of_supporting_tissue_of_rectum>, <http://blulab.chpc.utah.edu/ontologies/v2/ConText.owl#Lexicon> -> <http://blulab.chpc.utah.edu/ontologies/v2/ConText.owl#Modifier> -> <http://blulab.chpc.utah.edu/ontologies/v2/ConText.owl#SemanticModifier> -> <http://blulab.chpc.utah.edu/ontologies/v2/ConText.owl#BodySite> -> <http://blulab.chpc.utah.edu/ontologies/schema/endo/colonoscopyQuality.owl#Rectum> -> <http://blulab.chpc.utah.edu/ontologies/schema/endo/colonoscopyQuality.owl#Structure_of_supporting_tissue_of_rectum>]]

	Modifier: Entire_supporting_tissue_of_rectum, uri=http://blulab.chpc.utah.edu/ontologies/schema/endo/colonoscopyQuality.owl#Entire_supporting_tissue_of_rectum, type= Semantic, classPath= [<http://blulab.chpc.utah.edu/ontologies/v2/ConText.owl#Lexicon> -> <http://blulab.chpc.utah.edu/ontologies/v2/ConText.owl#Modifier> -> <http://blulab.chpc.utah.edu/ontologies/v2/ConText.owl#SemanticModifier> -> <http://blulab.chpc.utah.edu/ontologies/v2/ConText.owl#BodySite> -> <http://blulab.chpc.utah.edu/ontologies/schema/endo/colonoscopyQuality.owl#Rectum> -> <http://blulab.chpc.utah.edu/ontologies/schema/endo/colonoscopyQuality.owl#Entire_rectum> -> <http://blulab.chpc.utah.edu/ontologies/schema/endo/colonoscopyQuality.owl#Structure_of_supporting_tissue_of_rectum> -> <http://blulab.chpc.utah.edu/ontologies/schema/endo/colonoscopyQuality.owl#Entire_supporting_tissue_of_rectum>, <http://blulab.chpc.utah.edu/ontologies/v2/ConText.owl#Lexicon> -> <http://blulab.chpc.utah.edu/ontologies/v2/ConText.owl#Modifier> -> <http://blulab.chpc.utah.edu/ontologies/v2/ConText.owl#SemanticModifier> -> <http://blulab.chpc.utah.edu/ontologies/v2/ConText.owl#BodySite> -> <http://blulab.chpc.utah.edu/ontologies/schema/endo/colonoscopyQuality.owl#Rectum> -> <http://blulab.chpc.utah.edu/ontologies/schema/endo/colonoscopyQuality.owl#Structure_of_supporting_tissue_of_rectum> -> <http://blulab.chpc.utah.edu/ontologies/schema/endo/colonoscopyQuality.owl#Entire_supporting_tissue_of_rectum>]]

	Modifier: Structure_of_transverse_fold_of_rectum, uri=http://blulab.chpc.utah.edu/ontologies/schema/endo/colonoscopyQuality.owl#Structure_of_transverse_fold_of_rectum, type= Semantic, classPath= [<http://blulab.chpc.utah.edu/ontologies/v2/ConText.owl#Lexicon> -> <http://blulab.chpc.utah.edu/ontologies/v2/ConText.owl#Modifier> -> <http://blulab.chpc.utah.edu/ontologies/v2/ConText.owl#SemanticModifier> -> <http://blulab.chpc.utah.edu/ontologies/v2/ConText.owl#BodySite> -> <http://blulab.chpc.utah.edu/ontologies/schema/endo/colonoscopyQuality.owl#Rectum> -> <http://blulab.chpc.utah.edu/ontologies/schema/endo/colonoscopyQuality.owl#Entire_rectum> -> <http://blulab.chpc.utah.edu/ontologies/schema/endo/colonoscopyQuality.owl#Structure_of_transverse_fold_of_rectum>, <http://blulab.chpc.utah.edu/ontologies/v2/ConText.owl#Lexicon> -> <http://blulab.chpc.utah.edu/ontologies/v2/ConText.owl#Modifier> -> <http://blulab.chpc.utah.edu/ontologies/v2/ConText.owl#SemanticModifier> -> <http://blulab.chpc.utah.edu/ontologies/v2/ConText.owl#BodySite> -> <http://blulab.chpc.utah.edu/ontologies/schema/endo/colonoscopyQuality.owl#Rectum> -> <http://blulab.chpc.utah.edu/ontologies/schema/endo/colonoscopyQuality.owl#Structure_of_transverse_fold_of_rectum>]]

	Modifier: Entire_transverse_fold_of_rectum, uri=http://blulab.chpc.utah.edu/ontologies/schema/endo/colonoscopyQuality.owl#Entire_transverse_fold_of_rectum, type= Semantic, classPath= [<http://blulab.chpc.utah.edu/ontologies/v2/ConText.owl#Lexicon> -> <http://blulab.chpc.utah.edu/ontologies/v2/ConText.owl#Modifier> -> <http://blulab.chpc.utah.edu/ontologies/v2/ConText.owl#SemanticModifier> -> <http://blulab.chpc.utah.edu/ontologies/v2/ConText.owl#BodySite> -> <http://blulab.chpc.utah.edu/ontologies/schema/endo/colonoscopyQuality.owl#Rectum> -> <http://blulab.chpc.utah.edu/ontologies/schema/endo/colonoscopyQuality.owl#Entire_rectum> -> <http://blulab.chpc.utah.edu/ontologies/schema/endo/colonoscopyQuality.owl#Structure_of_transverse_fold_of_rectum> -> <http://blulab.chpc.utah.edu/ontologies/schema/endo/colonoscopyQuality.owl#Entire_transverse_fold_of_rectum>, <http://blulab.chpc.utah.edu/ontologies/v2/ConText.owl#Lexicon> -> <http://blulab.chpc.utah.edu/ontologies/v2/ConText.owl#Modifier> -> <http://blulab.chpc.utah.edu/ontologies/v2/ConText.owl#SemanticModifier> -> <http://blulab.chpc.utah.edu/ontologies/v2/ConText.owl#BodySite> -> <http://blulab.chpc.utah.edu/ontologies/schema/endo/colonoscopyQuality.owl#Rectum> -> <http://blulab.chpc.utah.edu/ontologies/schema/endo/colonoscopyQuality.owl#Structure_of_transverse_fold_of_rectum> -> <http://blulab.chpc.utah.edu/ontologies/schema/endo/colonoscopyQuality.owl#Entire_transverse_fold_of_rectum>]]

	Modifier: Inferior_transverse_fold_of_rectum, uri=http://blulab.chpc.utah.edu/ontologies/schema/endo/colonoscopyQuality.owl#Inferior_transverse_fold_of_rectum, type= Semantic, classPath= [<http://blulab.chpc.utah.edu/ontologies/v2/ConText.owl#Lexicon> -> <http://blulab.chpc.utah.edu/ontologies/v2/ConText.owl#Modifier> -> <http://blulab.chpc.utah.edu/ontologies/v2/ConText.owl#SemanticModifier> -> <http://blulab.chpc.utah.edu/ontologies/v2/ConText.owl#BodySite> -> <http://blulab.chpc.utah.edu/ontologies/schema/endo/colonoscopyQuality.owl#Rectum> -> <http://blulab.chpc.utah.edu/ontologies/schema/endo/colonoscopyQuality.owl#Entire_rectum> -> <http://blulab.chpc.utah.edu/ontologies/schema/endo/colonoscopyQuality.owl#Structure_of_transverse_fold_of_rectum> -> <http://blulab.chpc.utah.edu/ontologies/schema/endo/colonoscopyQuality.owl#Inferior_transverse_fold_of_rectum>, <http://blulab.chpc.utah.edu/ontologies/v2/ConText.owl#Lexicon> -> <http://blulab.chpc.utah.edu/ontologies/v2/ConText.owl#Modifier> -> <http://blulab.chpc.utah.edu/ontologies/v2/ConText.owl#SemanticModifier> -> <http://blulab.chpc.utah.edu/ontologies/v2/ConText.owl#BodySite> -> <http://blulab.chpc.utah.edu/ontologies/schema/endo/colonoscopyQuality.owl#Rectum> -> <http://blulab.chpc.utah.edu/ontologies/schema/endo/colonoscopyQuality.owl#Structure_of_transverse_fold_of_rectum> -> <http://blulab.chpc.utah.edu/ontologies/schema/endo/colonoscopyQuality.owl#Inferior_transverse_fold_of_rectum>]]

	Modifier: Middle_transverse_fold_of_rectum, uri=http://blulab.chpc.utah.edu/ontologies/schema/endo/colonoscopyQuality.owl#Middle_transverse_fold_of_rectum, type= Semantic, classPath= [<http://blulab.chpc.utah.edu/ontologies/v2/ConText.owl#Lexicon> -> <http://blulab.chpc.utah.edu/ontologies/v2/ConText.owl#Modifier> -> <http://blulab.chpc.utah.edu/ontologies/v2/ConText.owl#SemanticModifier> -> <http://blulab.chpc.utah.edu/ontologies/v2/ConText.owl#BodySite> -> <http://blulab.chpc.utah.edu/ontologies/schema/endo/colonoscopyQuality.owl#Rectum> -> <http://blulab.chpc.utah.edu/ontologies/schema/endo/colonoscopyQuality.owl#Entire_rectum> -> <http://blulab.chpc.utah.edu/ontologies/schema/endo/colonoscopyQuality.owl#Structure_of_transverse_fold_of_rectum> -> <http://blulab.chpc.utah.edu/ontologies/schema/endo/colonoscopyQuality.owl#Middle_transverse_fold_of_rectum>, <http://blulab.chpc.utah.edu/ontologies/v2/ConText.owl#Lexicon> -> <http://blulab.chpc.utah.edu/ontologies/v2/ConText.owl#Modifier> -> <http://blulab.chpc.utah.edu/ontologies/v2/ConText.owl#SemanticModifier> -> <http://blulab.chpc.utah.edu/ontologies/v2/ConText.owl#BodySite> -> <http://blulab.chpc.utah.edu/ontologies/schema/endo/colonoscopyQuality.owl#Rectum> -> <http://blulab.chpc.utah.edu/ontologies/schema/endo/colonoscopyQuality.owl#Structure_of_transverse_fold_of_rectum> -> <http://blulab.chpc.utah.edu/ontologies/schema/endo/colonoscopyQuality.owl#Middle_transverse_fold_of_rectum>]]

	Modifier: Superior_transverse_fold_of_rectum, uri=http://blulab.chpc.utah.edu/ontologies/schema/endo/colonoscopyQuality.owl#Superior_transverse_fold_of_rectum, type= Semantic, classPath= [<http://blulab.chpc.utah.edu/ontologies/v2/ConText.owl#Lexicon> -> <http://blulab.chpc.utah.edu/ontologies/v2/ConText.owl#Modifier> -> <http://blulab.chpc.utah.edu/ontologies/v2/ConText.owl#SemanticModifier> -> <http://blulab.chpc.utah.edu/ontologies/v2/ConText.owl#BodySite> -> <http://blulab.chpc.utah.edu/ontologies/schema/endo/colonoscopyQuality.owl#Rectum> -> <http://blulab.chpc.utah.edu/ontologies/schema/endo/colonoscopyQuality.owl#Entire_rectum> -> <http://blulab.chpc.utah.edu/ontologies/schema/endo/colonoscopyQuality.owl#Structure_of_transverse_fold_of_rectum> -> <http://blulab.chpc.utah.edu/ontologies/schema/endo/colonoscopyQuality.owl#Superior_transverse_fold_of_rectum>, <http://blulab.chpc.utah.edu/ontologies/v2/ConText.owl#Lexicon> -> <http://blulab.chpc.utah.edu/ontologies/v2/ConText.owl#Modifier> -> <http://blulab.chpc.utah.edu/ontologies/v2/ConText.owl#SemanticModifier> -> <http://blulab.chpc.utah.edu/ontologies/v2/ConText.owl#BodySite> -> <http://blulab.chpc.utah.edu/ontologies/schema/endo/colonoscopyQuality.owl#Rectum> -> <http://blulab.chpc.utah.edu/ontologies/schema/endo/colonoscopyQuality.owl#Structure_of_transverse_fold_of_rectum> -> <http://blulab.chpc.utah.edu/ontologies/schema/endo/colonoscopyQuality.owl#Superior_transverse_fold_of_rectum>]]

	Modifier: Rectosigmoid_Region, uri=http://blulab.chpc.utah.edu/ontologies/schema/endo/colonoscopyQuality.owl#Rectosigmoid_Region, type= Semantic, classPath= [<http://blulab.chpc.utah.edu/ontologies/v2/ConText.owl#Lexicon> -> <http://blulab.chpc.utah.edu/ontologies/v2/ConText.owl#Modifier> -> <http://blulab.chpc.utah.edu/ontologies/v2/ConText.owl#SemanticModifier> -> <http://blulab.chpc.utah.edu/ontologies/v2/ConText.owl#BodySite> -> <http://blulab.chpc.utah.edu/ontologies/schema/endo/colonoscopyQuality.owl#Rectum> -> <http://blulab.chpc.utah.edu/ontologies/schema/endo/colonoscopyQuality.owl#Entire_rectum> -> <http://blulab.chpc.utah.edu/ontologies/schema/endo/colonoscopyQuality.owl#Rectosigmoid_Region>, <http://blulab.chpc.utah.edu/ontologies/v2/ConText.owl#Lexicon> -> <http://blulab.chpc.utah.edu/ontologies/v2/ConText.owl#Modifier> -> <http://blulab.chpc.utah.edu/ontologies/v2/ConText.owl#SemanticModifier> -> <http://blulab.chpc.utah.edu/ontologies/v2/ConText.owl#BodySite> -> <http://blulab.chpc.utah.edu/ontologies/schema/endo/colonoscopyQuality.owl#Colon_structure> -> <http://blulab.chpc.utah.edu/ontologies/schema/endo/colonoscopyQuality.owl#Sigmoid_colon> -> <http://blulab.chpc.utah.edu/ontologies/schema/endo/colonoscopyQuality.owl#Entire_sigmoid_colon> -> <http://blulab.chpc.utah.edu/ontologies/schema/endo/colonoscopyQuality.owl#Rectosigmoid_Region>, <http://blulab.chpc.utah.edu/ontologies/v2/ConText.owl#Lexicon> -> <http://blulab.chpc.utah.edu/ontologies/v2/ConText.owl#Modifier> -> <http://blulab.chpc.utah.edu/ontologies/v2/ConText.owl#SemanticModifier> -> <http://blulab.chpc.utah.edu/ontologies/v2/ConText.owl#BodySite> -> <http://blulab.chpc.utah.edu/ontologies/schema/endo/colonoscopyQuality.owl#Colon_structure> -> <http://blulab.chpc.utah.edu/ontologies/schema/endo/colonoscopyQuality.owl#Entire_colon> -> <http://blulab.chpc.utah.edu/ontologies/schema/endo/colonoscopyQuality.owl#Sigmoid_colon> -> <http://blulab.chpc.utah.edu/ontologies/schema/endo/colonoscopyQuality.owl#Entire_sigmoid_colon> -> <http://blulab.chpc.utah.edu/ontologies/schema/endo/colonoscopyQuality.owl#Rectosigmoid_Region>, <http://blulab.chpc.utah.edu/ontologies/v2/ConText.owl#Lexicon> -> <http://blulab.chpc.utah.edu/ontologies/v2/ConText.owl#Modifier> -> <http://blulab.chpc.utah.edu/ontologies/v2/ConText.owl#SemanticModifier> -> <http://blulab.chpc.utah.edu/ontologies/v2/ConText.owl#BodySite> -> <http://blulab.chpc.utah.edu/ontologies/schema/endo/colonoscopyQuality.owl#Colon_structure> -> <http://blulab.chpc.utah.edu/ontologies/schema/endo/colonoscopyQuality.owl#Region_of_colon> -> <http://blulab.chpc.utah.edu/ontologies/schema/endo/colonoscopyQuality.owl#Sigmoid_colon> -> <http://blulab.chpc.utah.edu/ontologies/schema/endo/colonoscopyQuality.owl#Entire_sigmoid_colon> -> <http://blulab.chpc.utah.edu/ontologies/schema/endo/colonoscopyQuality.owl#Rectosigmoid_Region>, <http://blulab.chpc.utah.edu/ontologies/v2/ConText.owl#Lexicon> -> <http://blulab.chpc.utah.edu/ontologies/v2/ConText.owl#Modifier> -> <http://blulab.chpc.utah.edu/ontologies/v2/ConText.owl#SemanticModifier> -> <http://blulab.chpc.utah.edu/ontologies/v2/ConText.owl#BodySite> -> <http://blulab.chpc.utah.edu/ontologies/schema/endo/colonoscopyQuality.owl#Rectum> -> <http://blulab.chpc.utah.edu/ontologies/schema/endo/colonoscopyQuality.owl#Rectosigmoid_Region>, <http://blulab.chpc.utah.edu/ontologies/v2/ConText.owl#Lexicon> -> <http://blulab.chpc.utah.edu/ontologies/v2/ConText.owl#Modifier> -> <http://blulab.chpc.utah.edu/ontologies/v2/ConText.owl#SemanticModifier> -> <http://blulab.chpc.utah.edu/ontologies/v2/ConText.owl#BodySite> -> <http://blulab.chpc.utah.edu/ontologies/schema/endo/colonoscopyQuality.owl#Colon_structure> -> <http://blulab.chpc.utah.edu/ontologies/schema/endo/colonoscopyQuality.owl#Entire_colon> -> <http://blulab.chpc.utah.edu/ontologies/schema/endo/colonoscopyQuality.owl#Sigmoid_colon> -> <http://blulab.chpc.utah.edu/ontologies/schema/endo/colonoscopyQuality.owl#Rectosigmoid_Region>, <http://blulab.chpc.utah.edu/ontologies/v2/ConText.owl#Lexicon> -> <http://blulab.chpc.utah.edu/ontologies/v2/ConText.owl#Modifier> -> <http://blulab.chpc.utah.edu/ontologies/v2/ConText.owl#SemanticModifier> -> <http://blulab.chpc.utah.edu/ontologies/v2/ConText.owl#BodySite> -> <http://blulab.chpc.utah.edu/ontologies/schema/endo/colonoscopyQuality.owl#Colon_structure> -> <http://blulab.chpc.utah.edu/ontologies/schema/endo/colonoscopyQuality.owl#Region_of_colon> -> <http://blulab.chpc.utah.edu/ontologies/schema/endo/colonoscopyQuality.owl#Sigmoid_colon> -> <http://blulab.chpc.utah.edu/ontologies/schema/endo/colonoscopyQuality.owl#Rectosigmoid_Region>, <http://blulab.chpc.utah.edu/ontologies/v2/ConText.owl#Lexicon> -> <http://blulab.chpc.utah.edu/ontologies/v2/ConText.owl#Modifier> -> <http://blulab.chpc.utah.edu/ontologies/v2/ConText.owl#SemanticModifier> -> <http://blulab.chpc.utah.edu/ontologies/v2/ConText.owl#BodySite> -> <http://blulab.chpc.utah.edu/ontologies/schema/endo/colonoscopyQuality.owl#Colon_structure> -> <http://blulab.chpc.utah.edu/ontologies/schema/endo/colonoscopyQuality.owl#Sigmoid_colon> -> <http://blulab.chpc.utah.edu/ontologies/schema/endo/colonoscopyQuality.owl#Rectosigmoid_Region>]]

	Modifier: Region_of_rectum, uri=http://blulab.chpc.utah.edu/ontologies/schema/endo/colonoscopyQuality.owl#Region_of_rectum, type= Semantic, classPath= [<http://blulab.chpc.utah.edu/ontologies/v2/ConText.owl#Lexicon> -> <http://blulab.chpc.utah.edu/ontologies/v2/ConText.owl#Modifier> -> <http://blulab.chpc.utah.edu/ontologies/v2/ConText.owl#SemanticModifier> -> <http://blulab.chpc.utah.edu/ontologies/v2/ConText.owl#BodySite> -> <http://blulab.chpc.utah.edu/ontologies/schema/endo/colonoscopyQuality.owl#Rectum> -> <http://blulab.chpc.utah.edu/ontologies/schema/endo/colonoscopyQuality.owl#Region_of_rectum>]]

	Modifier: Flexure_of_rectum, uri=http://blulab.chpc.utah.edu/ontologies/schema/endo/colonoscopyQuality.owl#Flexure_of_rectum, type= Semantic, classPath= [<http://blulab.chpc.utah.edu/ontologies/v2/ConText.owl#Lexicon> -> <http://blulab.chpc.utah.edu/ontologies/v2/ConText.owl#Modifier> -> <http://blulab.chpc.utah.edu/ontologies/v2/ConText.owl#SemanticModifier> -> <http://blulab.chpc.utah.edu/ontologies/v2/ConText.owl#BodySite> -> <http://blulab.chpc.utah.edu/ontologies/schema/endo/colonoscopyQuality.owl#Rectum> -> <http://blulab.chpc.utah.edu/ontologies/schema/endo/colonoscopyQuality.owl#Region_of_rectum> -> <http://blulab.chpc.utah.edu/ontologies/schema/endo/colonoscopyQuality.owl#Flexure_of_rectum>]]

	Modifier: Lateral_flexure_of_rectum, uri=http://blulab.chpc.utah.edu/ontologies/schema/endo/colonoscopyQuality.owl#Lateral_flexure_of_rectum, type= Semantic, classPath= [<http://blulab.chpc.utah.edu/ontologies/v2/ConText.owl#Lexicon> -> <http://blulab.chpc.utah.edu/ontologies/v2/ConText.owl#Modifier> -> <http://blulab.chpc.utah.edu/ontologies/v2/ConText.owl#SemanticModifier> -> <http://blulab.chpc.utah.edu/ontologies/v2/ConText.owl#BodySite> -> <http://blulab.chpc.utah.edu/ontologies/schema/endo/colonoscopyQuality.owl#Rectum> -> <http://blulab.chpc.utah.edu/ontologies/schema/endo/colonoscopyQuality.owl#Region_of_rectum> -> <http://blulab.chpc.utah.edu/ontologies/schema/endo/colonoscopyQuality.owl#Flexure_of_rectum> -> <http://blulab.chpc.utah.edu/ontologies/schema/endo/colonoscopyQuality.owl#Lateral_flexure_of_rectum>]]

	Modifier: Inferior_lateral_flexure_of_rectum, uri=http://blulab.chpc.utah.edu/ontologies/schema/endo/colonoscopyQuality.owl#Inferior_lateral_flexure_of_rectum, type= Semantic, classPath= [<http://blulab.chpc.utah.edu/ontologies/v2/ConText.owl#Lexicon> -> <http://blulab.chpc.utah.edu/ontologies/v2/ConText.owl#Modifier> -> <http://blulab.chpc.utah.edu/ontologies/v2/ConText.owl#SemanticModifier> -> <http://blulab.chpc.utah.edu/ontologies/v2/ConText.owl#BodySite> -> <http://blulab.chpc.utah.edu/ontologies/schema/endo/colonoscopyQuality.owl#Rectum> -> <http://blulab.chpc.utah.edu/ontologies/schema/endo/colonoscopyQuality.owl#Region_of_rectum> -> <http://blulab.chpc.utah.edu/ontologies/schema/endo/colonoscopyQuality.owl#Flexure_of_rectum> -> <http://blulab.chpc.utah.edu/ontologies/schema/endo/colonoscopyQuality.owl#Lateral_flexure_of_rectum> -> <http://blulab.chpc.utah.edu/ontologies/schema/endo/colonoscopyQuality.owl#Inferior_lateral_flexure_of_rectum>]]

	Modifier: Intermediate_lateral_flexure_of_rectum, uri=http://blulab.chpc.utah.edu/ontologies/schema/endo/colonoscopyQuality.owl#Intermediate_lateral_flexure_of_rectum, type= Semantic, classPath= [<http://blulab.chpc.utah.edu/ontologies/v2/ConText.owl#Lexicon> -> <http://blulab.chpc.utah.edu/ontologies/v2/ConText.owl#Modifier> -> <http://blulab.chpc.utah.edu/ontologies/v2/ConText.owl#SemanticModifier> -> <http://blulab.chpc.utah.edu/ontologies/v2/ConText.owl#BodySite> -> <http://blulab.chpc.utah.edu/ontologies/schema/endo/colonoscopyQuality.owl#Rectum> -> <http://blulab.chpc.utah.edu/ontologies/schema/endo/colonoscopyQuality.owl#Region_of_rectum> -> <http://blulab.chpc.utah.edu/ontologies/schema/endo/colonoscopyQuality.owl#Flexure_of_rectum> -> <http://blulab.chpc.utah.edu/ontologies/schema/endo/colonoscopyQuality.owl#Lateral_flexure_of_rectum> -> <http://blulab.chpc.utah.edu/ontologies/schema/endo/colonoscopyQuality.owl#Intermediate_lateral_flexure_of_rectum>]]

	Modifier: Superior_lateral_flexure_of_rectum, uri=http://blulab.chpc.utah.edu/ontologies/schema/endo/colonoscopyQuality.owl#Superior_lateral_flexure_of_rectum, type= Semantic, classPath= [<http://blulab.chpc.utah.edu/ontologies/v2/ConText.owl#Lexicon> -> <http://blulab.chpc.utah.edu/ontologies/v2/ConText.owl#Modifier> -> <http://blulab.chpc.utah.edu/ontologies/v2/ConText.owl#SemanticModifier> -> <http://blulab.chpc.utah.edu/ontologies/v2/ConText.owl#BodySite> -> <http://blulab.chpc.utah.edu/ontologies/schema/endo/colonoscopyQuality.owl#Rectum> -> <http://blulab.chpc.utah.edu/ontologies/schema/endo/colonoscopyQuality.owl#Region_of_rectum> -> <http://blulab.chpc.utah.edu/ontologies/schema/endo/colonoscopyQuality.owl#Flexure_of_rectum> -> <http://blulab.chpc.utah.edu/ontologies/schema/endo/colonoscopyQuality.owl#Lateral_flexure_of_rectum> -> <http://blulab.chpc.utah.edu/ontologies/schema/endo/colonoscopyQuality.owl#Superior_lateral_flexure_of_rectum>]]

	Modifier: Structure_of_perineal_flexure_of_rectum, uri=http://blulab.chpc.utah.edu/ontologies/schema/endo/colonoscopyQuality.owl#Structure_of_perineal_flexure_of_rectum, type= Semantic, classPath= [<http://blulab.chpc.utah.edu/ontologies/v2/ConText.owl#Lexicon> -> <http://blulab.chpc.utah.edu/ontologies/v2/ConText.owl#Modifier> -> <http://blulab.chpc.utah.edu/ontologies/v2/ConText.owl#SemanticModifier> -> <http://blulab.chpc.utah.edu/ontologies/v2/ConText.owl#BodySite> -> <http://blulab.chpc.utah.edu/ontologies/schema/endo/colonoscopyQuality.owl#Rectum> -> <http://blulab.chpc.utah.edu/ontologies/schema/endo/colonoscopyQuality.owl#Entire_rectum> -> <http://blulab.chpc.utah.edu/ontologies/schema/endo/colonoscopyQuality.owl#Structure_of_perineal_flexure_of_rectum>, <http://blulab.chpc.utah.edu/ontologies/v2/ConText.owl#Lexicon> -> <http://blulab.chpc.utah.edu/ontologies/v2/ConText.owl#Modifier> -> <http://blulab.chpc.utah.edu/ontologies/v2/ConText.owl#SemanticModifier> -> <http://blulab.chpc.utah.edu/ontologies/v2/ConText.owl#BodySite> -> <http://blulab.chpc.utah.edu/ontologies/schema/endo/colonoscopyQuality.owl#Rectum> -> <http://blulab.chpc.utah.edu/ontologies/schema/endo/colonoscopyQuality.owl#Region_of_rectum> -> <http://blulab.chpc.utah.edu/ontologies/schema/endo/colonoscopyQuality.owl#Flexure_of_rectum> -> <http://blulab.chpc.utah.edu/ontologies/schema/endo/colonoscopyQuality.owl#Structure_of_perineal_flexure_of_rectum>]]

	Modifier: Structure_of_sacral_flexure_of_rectum, uri=http://blulab.chpc.utah.edu/ontologies/schema/endo/colonoscopyQuality.owl#Structure_of_sacral_flexure_of_rectum, type= Semantic, classPath= [<http://blulab.chpc.utah.edu/ontologies/v2/ConText.owl#Lexicon> -> <http://blulab.chpc.utah.edu/ontologies/v2/ConText.owl#Modifier> -> <http://blulab.chpc.utah.edu/ontologies/v2/ConText.owl#SemanticModifier> -> <http://blulab.chpc.utah.edu/ontologies/v2/ConText.owl#BodySite> -> <http://blulab.chpc.utah.edu/ontologies/schema/endo/colonoscopyQuality.owl#Rectum> -> <http://blulab.chpc.utah.edu/ontologies/schema/endo/colonoscopyQuality.owl#Entire_rectum> -> <http://blulab.chpc.utah.edu/ontologies/schema/endo/colonoscopyQuality.owl#Structure_of_sacral_flexure_of_rectum>, <http://blulab.chpc.utah.edu/ontologies/v2/ConText.owl#Lexicon> -> <http://blulab.chpc.utah.edu/ontologies/v2/ConText.owl#Modifier> -> <http://blulab.chpc.utah.edu/ontologies/v2/ConText.owl#SemanticModifier> -> <http://blulab.chpc.utah.edu/ontologies/v2/ConText.owl#BodySite> -> <http://blulab.chpc.utah.edu/ontologies/schema/endo/colonoscopyQuality.owl#Rectum> -> <http://blulab.chpc.utah.edu/ontologies/schema/endo/colonoscopyQuality.owl#Region_of_rectum> -> <http://blulab.chpc.utah.edu/ontologies/schema/endo/colonoscopyQuality.owl#Flexure_of_rectum> -> <http://blulab.chpc.utah.edu/ontologies/schema/endo/colonoscopyQuality.owl#Structure_of_sacral_flexure_of_rectum>]]

	Modifier: Rectal_ampulla, uri=http://blulab.chpc.utah.edu/ontologies/schema/endo/colonoscopyQuality.owl#Rectal_ampulla, type= Semantic, classPath= [<http://blulab.chpc.utah.edu/ontologies/v2/ConText.owl#Lexicon> -> <http://blulab.chpc.utah.edu/ontologies/v2/ConText.owl#Modifier> -> <http://blulab.chpc.utah.edu/ontologies/v2/ConText.owl#SemanticModifier> -> <http://blulab.chpc.utah.edu/ontologies/v2/ConText.owl#BodySite> -> <http://blulab.chpc.utah.edu/ontologies/schema/endo/colonoscopyQuality.owl#Rectum> -> <http://blulab.chpc.utah.edu/ontologies/schema/endo/colonoscopyQuality.owl#Entire_rectum> -> <http://blulab.chpc.utah.edu/ontologies/schema/endo/colonoscopyQuality.owl#Rectal_ampulla>, <http://blulab.chpc.utah.edu/ontologies/v2/ConText.owl#Lexicon> -> <http://blulab.chpc.utah.edu/ontologies/v2/ConText.owl#Modifier> -> <http://blulab.chpc.utah.edu/ontologies/v2/ConText.owl#SemanticModifier> -> <http://blulab.chpc.utah.edu/ontologies/v2/ConText.owl#BodySite> -> <http://blulab.chpc.utah.edu/ontologies/schema/endo/colonoscopyQuality.owl#Rectum> -> <http://blulab.chpc.utah.edu/ontologies/schema/endo/colonoscopyQuality.owl#Region_of_rectum> -> <http://blulab.chpc.utah.edu/ontologies/schema/endo/colonoscopyQuality.owl#Rectal_ampulla>]]

	Modifier: Structure_of_cloacogenic_area_of_rectum, uri=http://blulab.chpc.utah.edu/ontologies/schema/endo/colonoscopyQuality.owl#Structure_of_cloacogenic_area_of_rectum, type= Semantic, classPath= [<http://blulab.chpc.utah.edu/ontologies/v2/ConText.owl#Lexicon> -> <http://blulab.chpc.utah.edu/ontologies/v2/ConText.owl#Modifier> -> <http://blulab.chpc.utah.edu/ontologies/v2/ConText.owl#SemanticModifier> -> <http://blulab.chpc.utah.edu/ontologies/v2/ConText.owl#BodySite> -> <http://blulab.chpc.utah.edu/ontologies/schema/endo/colonoscopyQuality.owl#Rectum> -> <http://blulab.chpc.utah.edu/ontologies/schema/endo/colonoscopyQuality.owl#Region_of_rectum> -> <http://blulab.chpc.utah.edu/ontologies/schema/endo/colonoscopyQuality.owl#Structure_of_cloacogenic_area_of_rectum>]]

	Modifier: Entire_cloacogenic_area_of_rectum, uri=http://blulab.chpc.utah.edu/ontologies/schema/endo/colonoscopyQuality.owl#Entire_cloacogenic_area_of_rectum, type= Semantic, classPath= [<http://blulab.chpc.utah.edu/ontologies/v2/ConText.owl#Lexicon> -> <http://blulab.chpc.utah.edu/ontologies/v2/ConText.owl#Modifier> -> <http://blulab.chpc.utah.edu/ontologies/v2/ConText.owl#SemanticModifier> -> <http://blulab.chpc.utah.edu/ontologies/v2/ConText.owl#BodySite> -> <http://blulab.chpc.utah.edu/ontologies/schema/endo/colonoscopyQuality.owl#Rectum> -> <http://blulab.chpc.utah.edu/ontologies/schema/endo/colonoscopyQuality.owl#Region_of_rectum> -> <http://blulab.chpc.utah.edu/ontologies/schema/endo/colonoscopyQuality.owl#Structure_of_cloacogenic_area_of_rectum> -> <http://blulab.chpc.utah.edu/ontologies/schema/endo/colonoscopyQuality.owl#Entire_cloacogenic_area_of_rectum>]]

	Modifier: Supra_ampullary_part_of_rectum, uri=http://blulab.chpc.utah.edu/ontologies/schema/endo/colonoscopyQuality.owl#Supra_ampullary_part_of_rectum, type= Semantic, classPath= [<http://blulab.chpc.utah.edu/ontologies/v2/ConText.owl#Lexicon> -> <http://blulab.chpc.utah.edu/ontologies/v2/ConText.owl#Modifier> -> <http://blulab.chpc.utah.edu/ontologies/v2/ConText.owl#SemanticModifier> -> <http://blulab.chpc.utah.edu/ontologies/v2/ConText.owl#BodySite> -> <http://blulab.chpc.utah.edu/ontologies/schema/endo/colonoscopyQuality.owl#Rectum> -> <http://blulab.chpc.utah.edu/ontologies/schema/endo/colonoscopyQuality.owl#Region_of_rectum> -> <http://blulab.chpc.utah.edu/ontologies/schema/endo/colonoscopyQuality.owl#Supra_ampullary_part_of_rectum>]]

	Modifier: Structure_of_anorectal_junction, uri=http://blulab.chpc.utah.edu/ontologies/schema/endo/colonoscopyQuality.owl#Structure_of_anorectal_junction, type= Semantic, classPath= [<http://blulab.chpc.utah.edu/ontologies/v2/ConText.owl#Lexicon> -> <http://blulab.chpc.utah.edu/ontologies/v2/ConText.owl#Modifier> -> <http://blulab.chpc.utah.edu/ontologies/v2/ConText.owl#SemanticModifier> -> <http://blulab.chpc.utah.edu/ontologies/v2/ConText.owl#BodySite> -> <http://blulab.chpc.utah.edu/ontologies/schema/endo/colonoscopyQuality.owl#Rectum> -> <http://blulab.chpc.utah.edu/ontologies/schema/endo/colonoscopyQuality.owl#Entire_rectum> -> <http://blulab.chpc.utah.edu/ontologies/schema/endo/colonoscopyQuality.owl#Structure_of_anorectal_junction>, <http://blulab.chpc.utah.edu/ontologies/v2/ConText.owl#Lexicon> -> <http://blulab.chpc.utah.edu/ontologies/v2/ConText.owl#Modifier> -> <http://blulab.chpc.utah.edu/ontologies/v2/ConText.owl#SemanticModifier> -> <http://blulab.chpc.utah.edu/ontologies/v2/ConText.owl#BodySite> -> <http://blulab.chpc.utah.edu/ontologies/schema/endo/colonoscopyQuality.owl#Rectum> -> <http://blulab.chpc.utah.edu/ontologies/schema/endo/colonoscopyQuality.owl#Structure_of_anorectal_junction>]]

	Modifier: Structure_of_rectal_lumen, uri=http://blulab.chpc.utah.edu/ontologies/schema/endo/colonoscopyQuality.owl#Structure_of_rectal_lumen, type= Semantic, classPath= [<http://blulab.chpc.utah.edu/ontologies/v2/ConText.owl#Lexicon> -> <http://blulab.chpc.utah.edu/ontologies/v2/ConText.owl#Modifier> -> <http://blulab.chpc.utah.edu/ontologies/v2/ConText.owl#SemanticModifier> -> <http://blulab.chpc.utah.edu/ontologies/v2/ConText.owl#BodySite> -> <http://blulab.chpc.utah.edu/ontologies/schema/endo/colonoscopyQuality.owl#Rectum> -> <http://blulab.chpc.utah.edu/ontologies/schema/endo/colonoscopyQuality.owl#Entire_rectum> -> <http://blulab.chpc.utah.edu/ontologies/schema/endo/colonoscopyQuality.owl#Structure_of_rectal_lumen>, <http://blulab.chpc.utah.edu/ontologies/v2/ConText.owl#Lexicon> -> <http://blulab.chpc.utah.edu/ontologies/v2/ConText.owl#Modifier> -> <http://blulab.chpc.utah.edu/ontologies/v2/ConText.owl#SemanticModifier> -> <http://blulab.chpc.utah.edu/ontologies/v2/ConText.owl#BodySite> -> <http://blulab.chpc.utah.edu/ontologies/schema/endo/colonoscopyQuality.owl#Rectum> -> <http://blulab.chpc.utah.edu/ontologies/schema/endo/colonoscopyQuality.owl#Structure_of_rectal_lumen>]]

	Modifier: Structure_of_supporting_tissue_of_rectum, uri=http://blulab.chpc.utah.edu/ontologies/schema/endo/colonoscopyQuality.owl#Structure_of_supporting_tissue_of_rectum, type= Semantic, classPath= [<http://blulab.chpc.utah.edu/ontologies/v2/ConText.owl#Lexicon> -> <http://blulab.chpc.utah.edu/ontologies/v2/ConText.owl#Modifier> -> <http://blulab.chpc.utah.edu/ontologies/v2/ConText.owl#SemanticModifier> -> <http://blulab.chpc.utah.edu/ontologies/v2/ConText.owl#BodySite> -> <http://blulab.chpc.utah.edu/ontologies/schema/endo/colonoscopyQuality.owl#Rectum> -> <http://blulab.chpc.utah.edu/ontologies/schema/endo/colonoscopyQuality.owl#Entire_rectum> -> <http://blulab.chpc.utah.edu/ontologies/schema/endo/colonoscopyQuality.owl#Structure_of_supporting_tissue_of_rectum>, <http://blulab.chpc.utah.edu/ontologies/v2/ConText.owl#Lexicon> -> <http://blulab.chpc.utah.edu/ontologies/v2/ConText.owl#Modifier> -> <http://blulab.chpc.utah.edu/ontologies/v2/ConText.owl#SemanticModifier> -> <http://blulab.chpc.utah.edu/ontologies/v2/ConText.owl#BodySite> -> <http://blulab.chpc.utah.edu/ontologies/schema/endo/colonoscopyQuality.owl#Rectum> -> <http://blulab.chpc.utah.edu/ontologies/schema/endo/colonoscopyQuality.owl#Structure_of_supporting_tissue_of_rectum>]]

	Modifier: Structure_of_transverse_fold_of_rectum, uri=http://blulab.chpc.utah.edu/ontologies/schema/endo/colonoscopyQuality.owl#Structure_of_transverse_fold_of_rectum, type= Semantic, classPath= [<http://blulab.chpc.utah.edu/ontologies/v2/ConText.owl#Lexicon> -> <http://blulab.chpc.utah.edu/ontologies/v2/ConText.owl#Modifier> -> <http://blulab.chpc.utah.edu/ontologies/v2/ConText.owl#SemanticModifier> -> <http://blulab.chpc.utah.edu/ontologies/v2/ConText.owl#BodySite> -> <http://blulab.chpc.utah.edu/ontologies/schema/endo/colonoscopyQuality.owl#Rectum> -> <http://blulab.chpc.utah.edu/ontologies/schema/endo/colonoscopyQuality.owl#Entire_rectum> -> <http://blulab.chpc.utah.edu/ontologies/schema/endo/colonoscopyQuality.owl#Structure_of_transverse_fold_of_rectum>, <http://blulab.chpc.utah.edu/ontologies/v2/ConText.owl#Lexicon> -> <http://blulab.chpc.utah.edu/ontologies/v2/ConText.owl#Modifier> -> <http://blulab.chpc.utah.edu/ontologies/v2/ConText.owl#SemanticModifier> -> <http://blulab.chpc.utah.edu/ontologies/v2/ConText.owl#BodySite> -> <http://blulab.chpc.utah.edu/ontologies/schema/endo/colonoscopyQuality.owl#Rectum> -> <http://blulab.chpc.utah.edu/ontologies/schema/endo/colonoscopyQuality.owl#Structure_of_transverse_fold_of_rectum>]]

	Modifier: Wall_of_rectum, uri=http://blulab.chpc.utah.edu/ontologies/schema/endo/colonoscopyQuality.owl#Wall_of_rectum, type= Semantic, classPath= [<http://blulab.chpc.utah.edu/ontologies/v2/ConText.owl#Lexicon> -> <http://blulab.chpc.utah.edu/ontologies/v2/ConText.owl#Modifier> -> <http://blulab.chpc.utah.edu/ontologies/v2/ConText.owl#SemanticModifier> -> <http://blulab.chpc.utah.edu/ontologies/v2/ConText.owl#BodySite> -> <http://blulab.chpc.utah.edu/ontologies/schema/endo/colonoscopyQuality.owl#Rectum> -> <http://blulab.chpc.utah.edu/ontologies/schema/endo/colonoscopyQuality.owl#Wall_of_rectum>]]

	Modifier: Anterior_wall_of_rectum, uri=http://blulab.chpc.utah.edu/ontologies/schema/endo/colonoscopyQuality.owl#Anterior_wall_of_rectum, type= Semantic, classPath= [<http://blulab.chpc.utah.edu/ontologies/v2/ConText.owl#Lexicon> -> <http://blulab.chpc.utah.edu/ontologies/v2/ConText.owl#Modifier> -> <http://blulab.chpc.utah.edu/ontologies/v2/ConText.owl#SemanticModifier> -> <http://blulab.chpc.utah.edu/ontologies/v2/ConText.owl#BodySite> -> <http://blulab.chpc.utah.edu/ontologies/schema/endo/colonoscopyQuality.owl#Rectum> -> <http://blulab.chpc.utah.edu/ontologies/schema/endo/colonoscopyQuality.owl#Wall_of_rectum> -> <http://blulab.chpc.utah.edu/ontologies/schema/endo/colonoscopyQuality.owl#Anterior_wall_of_rectum>]]

	Modifier: Posterior_wall_of_rectum, uri=http://blulab.chpc.utah.edu/ontologies/schema/endo/colonoscopyQuality.owl#Posterior_wall_of_rectum, type= Semantic, classPath= [<http://blulab.chpc.utah.edu/ontologies/v2/ConText.owl#Lexicon> -> <http://blulab.chpc.utah.edu/ontologies/v2/ConText.owl#Modifier> -> <http://blulab.chpc.utah.edu/ontologies/v2/ConText.owl#SemanticModifier> -> <http://blulab.chpc.utah.edu/ontologies/v2/ConText.owl#BodySite> -> <http://blulab.chpc.utah.edu/ontologies/schema/endo/colonoscopyQuality.owl#Rectum> -> <http://blulab.chpc.utah.edu/ontologies/schema/endo/colonoscopyQuality.owl#Wall_of_rectum> -> <http://blulab.chpc.utah.edu/ontologies/schema/endo/colonoscopyQuality.owl#Posterior_wall_of_rectum>]]

	Modifier: Rectal_mucous_membrane, uri=http://blulab.chpc.utah.edu/ontologies/schema/endo/colonoscopyQuality.owl#Rectal_mucous_membrane, type= Semantic, classPath= [<http://blulab.chpc.utah.edu/ontologies/v2/ConText.owl#Lexicon> -> <http://blulab.chpc.utah.edu/ontologies/v2/ConText.owl#Modifier> -> <http://blulab.chpc.utah.edu/ontologies/v2/ConText.owl#SemanticModifier> -> <http://blulab.chpc.utah.edu/ontologies/v2/ConText.owl#BodySite> -> <http://blulab.chpc.utah.edu/ontologies/schema/endo/colonoscopyQuality.owl#Rectum> -> <http://blulab.chpc.utah.edu/ontologies/schema/endo/colonoscopyQuality.owl#Entire_rectum> -> <http://blulab.chpc.utah.edu/ontologies/schema/endo/colonoscopyQuality.owl#Rectal_mucous_membrane>, <http://blulab.chpc.utah.edu/ontologies/v2/ConText.owl#Lexicon> -> <http://blulab.chpc.utah.edu/ontologies/v2/ConText.owl#Modifier> -> <http://blulab.chpc.utah.edu/ontologies/v2/ConText.owl#SemanticModifier> -> <http://blulab.chpc.utah.edu/ontologies/v2/ConText.owl#BodySite> -> <http://blulab.chpc.utah.edu/ontologies/schema/endo/colonoscopyQuality.owl#Rectum> -> <http://blulab.chpc.utah.edu/ontologies/schema/endo/colonoscopyQuality.owl#Wall_of_rectum> -> <http://blulab.chpc.utah.edu/ontologies/schema/endo/colonoscopyQuality.owl#Rectal_mucous_membrane>]]

	Modifier: Rectal_muscularis_propria, uri=http://blulab.chpc.utah.edu/ontologies/schema/endo/colonoscopyQuality.owl#Rectal_muscularis_propria, type= Semantic, classPath= [<http://blulab.chpc.utah.edu/ontologies/v2/ConText.owl#Lexicon> -> <http://blulab.chpc.utah.edu/ontologies/v2/ConText.owl#Modifier> -> <http://blulab.chpc.utah.edu/ontologies/v2/ConText.owl#SemanticModifier> -> <http://blulab.chpc.utah.edu/ontologies/v2/ConText.owl#BodySite> -> <http://blulab.chpc.utah.edu/ontologies/schema/endo/colonoscopyQuality.owl#Rectum> -> <http://blulab.chpc.utah.edu/ontologies/schema/endo/colonoscopyQuality.owl#Entire_rectum> -> <http://blulab.chpc.utah.edu/ontologies/schema/endo/colonoscopyQuality.owl#Rectal_muscularis_propria>, <http://blulab.chpc.utah.edu/ontologies/v2/ConText.owl#Lexicon> -> <http://blulab.chpc.utah.edu/ontologies/v2/ConText.owl#Modifier> -> <http://blulab.chpc.utah.edu/ontologies/v2/ConText.owl#SemanticModifier> -> <http://blulab.chpc.utah.edu/ontologies/v2/ConText.owl#BodySite> -> <http://blulab.chpc.utah.edu/ontologies/schema/endo/colonoscopyQuality.owl#Rectum> -> <http://blulab.chpc.utah.edu/ontologies/schema/endo/colonoscopyQuality.owl#Wall_of_rectum> -> <http://blulab.chpc.utah.edu/ontologies/schema/endo/colonoscopyQuality.owl#Rectal_muscularis_propria>]]

	Modifier: Rectal_submucosa, uri=http://blulab.chpc.utah.edu/ontologies/schema/endo/colonoscopyQuality.owl#Rectal_submucosa, type= Semantic, classPath= [<http://blulab.chpc.utah.edu/ontologies/v2/ConText.owl#Lexicon> -> <http://blulab.chpc.utah.edu/ontologies/v2/ConText.owl#Modifier> -> <http://blulab.chpc.utah.edu/ontologies/v2/ConText.owl#SemanticModifier> -> <http://blulab.chpc.utah.edu/ontologies/v2/ConText.owl#BodySite> -> <http://blulab.chpc.utah.edu/ontologies/schema/endo/colonoscopyQuality.owl#Rectum> -> <http://blulab.chpc.utah.edu/ontologies/schema/endo/colonoscopyQuality.owl#Wall_of_rectum> -> <http://blulab.chpc.utah.edu/ontologies/schema/endo/colonoscopyQuality.owl#Rectal_submucosa>]]

	Modifier: Serosa_of_rectum, uri=http://blulab.chpc.utah.edu/ontologies/schema/endo/colonoscopyQuality.owl#Serosa_of_rectum, type= Semantic, classPath= [<http://blulab.chpc.utah.edu/ontologies/v2/ConText.owl#Lexicon> -> <http://blulab.chpc.utah.edu/ontologies/v2/ConText.owl#Modifier> -> <http://blulab.chpc.utah.edu/ontologies/v2/ConText.owl#SemanticModifier> -> <http://blulab.chpc.utah.edu/ontologies/v2/ConText.owl#BodySite> -> <http://blulab.chpc.utah.edu/ontologies/schema/endo/colonoscopyQuality.owl#Rectum> -> <http://blulab.chpc.utah.edu/ontologies/schema/endo/colonoscopyQuality.owl#Wall_of_rectum> -> <http://blulab.chpc.utah.edu/ontologies/schema/endo/colonoscopyQuality.owl#Serosa_of_rectum>]]

	Modifier: Subserosa_of_rectum, uri=http://blulab.chpc.utah.edu/ontologies/schema/endo/colonoscopyQuality.owl#Subserosa_of_rectum, type= Semantic, classPath= [<http://blulab.chpc.utah.edu/ontologies/v2/ConText.owl#Lexicon> -> <http://blulab.chpc.utah.edu/ontologies/v2/ConText.owl#Modifier> -> <http://blulab.chpc.utah.edu/ontologies/v2/ConText.owl#SemanticModifier> -> <http://blulab.chpc.utah.edu/ontologies/v2/ConText.owl#BodySite> -> <http://blulab.chpc.utah.edu/ontologies/schema/endo/colonoscopyQuality.owl#Rectum> -> <http://blulab.chpc.utah.edu/ontologies/schema/endo/colonoscopyQuality.owl#Wall_of_rectum> -> <http://blulab.chpc.utah.edu/ontologies/schema/endo/colonoscopyQuality.owl#Subserosa_of_rectum>]]

	Modifier: ileum, uri=http://blulab.chpc.utah.edu/ontologies/schema/endo/colonoscopyQuality.owl#ileum, type= Semantic, classPath= [<http://blulab.chpc.utah.edu/ontologies/v2/ConText.owl#Lexicon> -> <http://blulab.chpc.utah.edu/ontologies/v2/ConText.owl#Modifier> -> <http://blulab.chpc.utah.edu/ontologies/v2/ConText.owl#SemanticModifier> -> <http://blulab.chpc.utah.edu/ontologies/v2/ConText.owl#BodySite> -> <http://blulab.chpc.utah.edu/ontologies/schema/endo/colonoscopyQuality.owl#ileum>]]

	Modifier: Border_of_ileum, uri=http://blulab.chpc.utah.edu/ontologies/schema/endo/colonoscopyQuality.owl#Border_of_ileum, type= Semantic, classPath= [<http://blulab.chpc.utah.edu/ontologies/v2/ConText.owl#Lexicon> -> <http://blulab.chpc.utah.edu/ontologies/v2/ConText.owl#Modifier> -> <http://blulab.chpc.utah.edu/ontologies/v2/ConText.owl#SemanticModifier> -> <http://blulab.chpc.utah.edu/ontologies/v2/ConText.owl#BodySite> -> <http://blulab.chpc.utah.edu/ontologies/schema/endo/colonoscopyQuality.owl#ileum> -> <http://blulab.chpc.utah.edu/ontologies/schema/endo/colonoscopyQuality.owl#Border_of_ileum>]]

	Modifier: Structure_of_anti_mesenteric_border_of_ileum, uri=http://blulab.chpc.utah.edu/ontologies/schema/endo/colonoscopyQuality.owl#Structure_of_anti_mesenteric_border_of_ileum, type= Semantic, classPath= [<http://blulab.chpc.utah.edu/ontologies/v2/ConText.owl#Lexicon> -> <http://blulab.chpc.utah.edu/ontologies/v2/ConText.owl#Modifier> -> <http://blulab.chpc.utah.edu/ontologies/v2/ConText.owl#SemanticModifier> -> <http://blulab.chpc.utah.edu/ontologies/v2/ConText.owl#BodySite> -> <http://blulab.chpc.utah.edu/ontologies/schema/endo/colonoscopyQuality.owl#ileum> -> <http://blulab.chpc.utah.edu/ontologies/schema/endo/colonoscopyQuality.owl#Border_of_ileum> -> <http://blulab.chpc.utah.edu/ontologies/schema/endo/colonoscopyQuality.owl#Structure_of_anti_mesenteric_border_of_ileum>, <http://blulab.chpc.utah.edu/ontologies/v2/ConText.owl#Lexicon> -> <http://blulab.chpc.utah.edu/ontologies/v2/ConText.owl#Modifier> -> <http://blulab.chpc.utah.edu/ontologies/v2/ConText.owl#SemanticModifier> -> <http://blulab.chpc.utah.edu/ontologies/v2/ConText.owl#BodySite> -> <http://blulab.chpc.utah.edu/ontologies/schema/endo/colonoscopyQuality.owl#ileum> -> <http://blulab.chpc.utah.edu/ontologies/schema/endo/colonoscopyQuality.owl#Entire_ileum> -> <http://blulab.chpc.utah.edu/ontologies/schema/endo/colonoscopyQuality.owl#Structure_of_anti_mesenteric_border_of_ileum>]]

	Modifier: Entire_anti_mesenteric_border_of_ileum, uri=http://blulab.chpc.utah.edu/ontologies/schema/endo/colonoscopyQuality.owl#Entire_anti_mesenteric_border_of_ileum, type= Semantic, classPath= [<http://blulab.chpc.utah.edu/ontologies/v2/ConText.owl#Lexicon> -> <http://blulab.chpc.utah.edu/ontologies/v2/ConText.owl#Modifier> -> <http://blulab.chpc.utah.edu/ontologies/v2/ConText.owl#SemanticModifier> -> <http://blulab.chpc.utah.edu/ontologies/v2/ConText.owl#BodySite> -> <http://blulab.chpc.utah.edu/ontologies/schema/endo/colonoscopyQuality.owl#ileum> -> <http://blulab.chpc.utah.edu/ontologies/schema/endo/colonoscopyQuality.owl#Border_of_ileum> -> <http://blulab.chpc.utah.edu/ontologies/schema/endo/colonoscopyQuality.owl#Structure_of_anti_mesenteric_border_of_ileum> -> <http://blulab.chpc.utah.edu/ontologies/schema/endo/colonoscopyQuality.owl#Entire_anti_mesenteric_border_of_ileum>, <http://blulab.chpc.utah.edu/ontologies/v2/ConText.owl#Lexicon> -> <http://blulab.chpc.utah.edu/ontologies/v2/ConText.owl#Modifier> -> <http://blulab.chpc.utah.edu/ontologies/v2/ConText.owl#SemanticModifier> -> <http://blulab.chpc.utah.edu/ontologies/v2/ConText.owl#BodySite> -> <http://blulab.chpc.utah.edu/ontologies/schema/endo/colonoscopyQuality.owl#ileum> -> <http://blulab.chpc.utah.edu/ontologies/schema/endo/colonoscopyQuality.owl#Entire_ileum> -> <http://blulab.chpc.utah.edu/ontologies/schema/endo/colonoscopyQuality.owl#Structure_of_anti_mesenteric_border_of_ileum> -> <http://blulab.chpc.utah.edu/ontologies/schema/endo/colonoscopyQuality.owl#Entire_anti_mesenteric_border_of_ileum>]]

	Modifier: Structure_of_mesenteric_border_of_ileum, uri=http://blulab.chpc.utah.edu/ontologies/schema/endo/colonoscopyQuality.owl#Structure_of_mesenteric_border_of_ileum, type= Semantic, classPath= [<http://blulab.chpc.utah.edu/ontologies/v2/ConText.owl#Lexicon> -> <http://blulab.chpc.utah.edu/ontologies/v2/ConText.owl#Modifier> -> <http://blulab.chpc.utah.edu/ontologies/v2/ConText.owl#SemanticModifier> -> <http://blulab.chpc.utah.edu/ontologies/v2/ConText.owl#BodySite> -> <http://blulab.chpc.utah.edu/ontologies/schema/endo/colonoscopyQuality.owl#ileum> -> <http://blulab.chpc.utah.edu/ontologies/schema/endo/colonoscopyQuality.owl#Border_of_ileum> -> <http://blulab.chpc.utah.edu/ontologies/schema/endo/colonoscopyQuality.owl#Structure_of_mesenteric_border_of_ileum>, <http://blulab.chpc.utah.edu/ontologies/v2/ConText.owl#Lexicon> -> <http://blulab.chpc.utah.edu/ontologies/v2/ConText.owl#Modifier> -> <http://blulab.chpc.utah.edu/ontologies/v2/ConText.owl#SemanticModifier> -> <http://blulab.chpc.utah.edu/ontologies/v2/ConText.owl#BodySite> -> <http://blulab.chpc.utah.edu/ontologies/schema/endo/colonoscopyQuality.owl#ileum> -> <http://blulab.chpc.utah.edu/ontologies/schema/endo/colonoscopyQuality.owl#Entire_ileum> -> <http://blulab.chpc.utah.edu/ontologies/schema/endo/colonoscopyQuality.owl#Structure_of_mesenteric_border_of_ileum>]]

	Modifier: Entire_mesenteric_border_of_ileum, uri=http://blulab.chpc.utah.edu/ontologies/schema/endo/colonoscopyQuality.owl#Entire_mesenteric_border_of_ileum, type= Semantic, classPath= [<http://blulab.chpc.utah.edu/ontologies/v2/ConText.owl#Lexicon> -> <http://blulab.chpc.utah.edu/ontologies/v2/ConText.owl#Modifier> -> <http://blulab.chpc.utah.edu/ontologies/v2/ConText.owl#SemanticModifier> -> <http://blulab.chpc.utah.edu/ontologies/v2/ConText.owl#BodySite> -> <http://blulab.chpc.utah.edu/ontologies/schema/endo/colonoscopyQuality.owl#ileum> -> <http://blulab.chpc.utah.edu/ontologies/schema/endo/colonoscopyQuality.owl#Border_of_ileum> -> <http://blulab.chpc.utah.edu/ontologies/schema/endo/colonoscopyQuality.owl#Structure_of_mesenteric_border_of_ileum> -> <http://blulab.chpc.utah.edu/ontologies/schema/endo/colonoscopyQuality.owl#Entire_mesenteric_border_of_ileum>, <http://blulab.chpc.utah.edu/ontologies/v2/ConText.owl#Lexicon> -> <http://blulab.chpc.utah.edu/ontologies/v2/ConText.owl#Modifier> -> <http://blulab.chpc.utah.edu/ontologies/v2/ConText.owl#SemanticModifier> -> <http://blulab.chpc.utah.edu/ontologies/v2/ConText.owl#BodySite> -> <http://blulab.chpc.utah.edu/ontologies/schema/endo/colonoscopyQuality.owl#ileum> -> <http://blulab.chpc.utah.edu/ontologies/schema/endo/colonoscopyQuality.owl#Entire_ileum> -> <http://blulab.chpc.utah.edu/ontologies/schema/endo/colonoscopyQuality.owl#Structure_of_mesenteric_border_of_ileum> -> <http://blulab.chpc.utah.edu/ontologies/schema/endo/colonoscopyQuality.owl#Entire_mesenteric_border_of_ileum>]]

	Modifier: Distal_part_of_ileum, uri=http://blulab.chpc.utah.edu/ontologies/schema/endo/colonoscopyQuality.owl#Distal_part_of_ileum, type= Semantic, classPath= [<http://blulab.chpc.utah.edu/ontologies/v2/ConText.owl#Lexicon> -> <http://blulab.chpc.utah.edu/ontologies/v2/ConText.owl#Modifier> -> <http://blulab.chpc.utah.edu/ontologies/v2/ConText.owl#SemanticModifier> -> <http://blulab.chpc.utah.edu/ontologies/v2/ConText.owl#BodySite> -> <http://blulab.chpc.utah.edu/ontologies/schema/endo/colonoscopyQuality.owl#ileum> -> <http://blulab.chpc.utah.edu/ontologies/schema/endo/colonoscopyQuality.owl#Entire_ileum> -> <http://blulab.chpc.utah.edu/ontologies/schema/endo/colonoscopyQuality.owl#Distal_part_of_ileum>, <http://blulab.chpc.utah.edu/ontologies/v2/ConText.owl#Lexicon> -> <http://blulab.chpc.utah.edu/ontologies/v2/ConText.owl#Modifier> -> <http://blulab.chpc.utah.edu/ontologies/v2/ConText.owl#SemanticModifier> -> <http://blulab.chpc.utah.edu/ontologies/v2/ConText.owl#BodySite> -> <http://blulab.chpc.utah.edu/ontologies/schema/endo/colonoscopyQuality.owl#ileum> -> <http://blulab.chpc.utah.edu/ontologies/schema/endo/colonoscopyQuality.owl#Region_of_ileum> -> <http://blulab.chpc.utah.edu/ontologies/schema/endo/colonoscopyQuality.owl#Distal_part_of_ileum>, <http://blulab.chpc.utah.edu/ontologies/v2/ConText.owl#Lexicon> -> <http://blulab.chpc.utah.edu/ontologies/v2/ConText.owl#Modifier> -> <http://blulab.chpc.utah.edu/ontologies/v2/ConText.owl#SemanticModifier> -> <http://blulab.chpc.utah.edu/ontologies/v2/ConText.owl#BodySite> -> <http://blulab.chpc.utah.edu/ontologies/schema/endo/colonoscopyQuality.owl#ileum> -> <http://blulab.chpc.utah.edu/ontologies/schema/endo/colonoscopyQuality.owl#Distal_part_of_ileum>]]

	Modifier: Lumen_of_distal_part_of_ileum, uri=http://blulab.chpc.utah.edu/ontologies/schema/endo/colonoscopyQuality.owl#Lumen_of_distal_part_of_ileum, type= Semantic, classPath= [<http://blulab.chpc.utah.edu/ontologies/v2/ConText.owl#Lexicon> -> <http://blulab.chpc.utah.edu/ontologies/v2/ConText.owl#Modifier> -> <http://blulab.chpc.utah.edu/ontologies/v2/ConText.owl#SemanticModifier> -> <http://blulab.chpc.utah.edu/ontologies/v2/ConText.owl#BodySite> -> <http://blulab.chpc.utah.edu/ontologies/schema/endo/colonoscopyQuality.owl#ileum> -> <http://blulab.chpc.utah.edu/ontologies/schema/endo/colonoscopyQuality.owl#Entire_ileum> -> <http://blulab.chpc.utah.edu/ontologies/schema/endo/colonoscopyQuality.owl#Distal_part_of_ileum> -> <http://blulab.chpc.utah.edu/ontologies/schema/endo/colonoscopyQuality.owl#Lumen_of_distal_part_of_ileum>, <http://blulab.chpc.utah.edu/ontologies/v2/ConText.owl#Lexicon> -> <http://blulab.chpc.utah.edu/ontologies/v2/ConText.owl#Modifier> -> <http://blulab.chpc.utah.edu/ontologies/v2/ConText.owl#SemanticModifier> -> <http://blulab.chpc.utah.edu/ontologies/v2/ConText.owl#BodySite> -> <http://blulab.chpc.utah.edu/ontologies/schema/endo/colonoscopyQuality.owl#ileum> -> <http://blulab.chpc.utah.edu/ontologies/schema/endo/colonoscopyQuality.owl#Structure_of_ileal_lumen> -> <http://blulab.chpc.utah.edu/ontologies/schema/endo/colonoscopyQuality.owl#Lumen_of_distal_part_of_ileum>, <http://blulab.chpc.utah.edu/ontologies/v2/ConText.owl#Lexicon> -> <http://blulab.chpc.utah.edu/ontologies/v2/ConText.owl#Modifier> -> <http://blulab.chpc.utah.edu/ontologies/v2/ConText.owl#SemanticModifier> -> <http://blulab.chpc.utah.edu/ontologies/v2/ConText.owl#BodySite> -> <http://blulab.chpc.utah.edu/ontologies/schema/endo/colonoscopyQuality.owl#ileum> -> <http://blulab.chpc.utah.edu/ontologies/schema/endo/colonoscopyQuality.owl#Entire_ileum> -> <http://blulab.chpc.utah.edu/ontologies/schema/endo/colonoscopyQuality.owl#Structure_of_ileal_lumen> -> <http://blulab.chpc.utah.edu/ontologies/schema/endo/colonoscopyQuality.owl#Lumen_of_distal_part_of_ileum>, <http://blulab.chpc.utah.edu/ontologies/v2/ConText.owl#Lexicon> -> <http://blulab.chpc.utah.edu/ontologies/v2/ConText.owl#Modifier> -> <http://blulab.chpc.utah.edu/ontologies/v2/ConText.owl#SemanticModifier> -> <http://blulab.chpc.utah.edu/ontologies/v2/ConText.owl#BodySite> -> <http://blulab.chpc.utah.edu/ontologies/schema/endo/colonoscopyQuality.owl#ileum> -> <http://blulab.chpc.utah.edu/ontologies/schema/endo/colonoscopyQuality.owl#Region_of_ileum> -> <http://blulab.chpc.utah.edu/ontologies/schema/endo/colonoscopyQuality.owl#Distal_part_of_ileum> -> <http://blulab.chpc.utah.edu/ontologies/schema/endo/colonoscopyQuality.owl#Lumen_of_distal_part_of_ileum>, <http://blulab.chpc.utah.edu/ontologies/v2/ConText.owl#Lexicon> -> <http://blulab.chpc.utah.edu/ontologies/v2/ConText.owl#Modifier> -> <http://blulab.chpc.utah.edu/ontologies/v2/ConText.owl#SemanticModifier> -> <http://blulab.chpc.utah.edu/ontologies/v2/ConText.owl#BodySite> -> <http://blulab.chpc.utah.edu/ontologies/schema/endo/colonoscopyQuality.owl#ileum> -> <http://blulab.chpc.utah.edu/ontologies/schema/endo/colonoscopyQuality.owl#Distal_part_of_ileum> -> <http://blulab.chpc.utah.edu/ontologies/schema/endo/colonoscopyQuality.owl#Lumen_of_distal_part_of_ileum>]]

	Modifier: Orifice_of_ileal_papilla, uri=http://blulab.chpc.utah.edu/ontologies/schema/endo/colonoscopyQuality.owl#Orifice_of_ileal_papilla, type= Semantic, classPath= [<http://blulab.chpc.utah.edu/ontologies/v2/ConText.owl#Lexicon> -> <http://blulab.chpc.utah.edu/ontologies/v2/ConText.owl#Modifier> -> <http://blulab.chpc.utah.edu/ontologies/v2/ConText.owl#SemanticModifier> -> <http://blulab.chpc.utah.edu/ontologies/v2/ConText.owl#BodySite> -> <http://blulab.chpc.utah.edu/ontologies/schema/endo/colonoscopyQuality.owl#ileum> -> <http://blulab.chpc.utah.edu/ontologies/schema/endo/colonoscopyQuality.owl#Entire_ileum> -> <http://blulab.chpc.utah.edu/ontologies/schema/endo/colonoscopyQuality.owl#Distal_part_of_ileum> -> <http://blulab.chpc.utah.edu/ontologies/schema/endo/colonoscopyQuality.owl#Lumen_of_distal_part_of_ileum> -> <http://blulab.chpc.utah.edu/ontologies/schema/endo/colonoscopyQuality.owl#Orifice_of_ileal_papilla>, <http://blulab.chpc.utah.edu/ontologies/v2/ConText.owl#Lexicon> -> <http://blulab.chpc.utah.edu/ontologies/v2/ConText.owl#Modifier> -> <http://blulab.chpc.utah.edu/ontologies/v2/ConText.owl#SemanticModifier> -> <http://blulab.chpc.utah.edu/ontologies/v2/ConText.owl#BodySite> -> <http://blulab.chpc.utah.edu/ontologies/schema/endo/colonoscopyQuality.owl#ileum> -> <http://blulab.chpc.utah.edu/ontologies/schema/endo/colonoscopyQuality.owl#Structure_of_ileal_lumen> -> <http://blulab.chpc.utah.edu/ontologies/schema/endo/colonoscopyQuality.owl#Lumen_of_distal_part_of_ileum> -> <http://blulab.chpc.utah.edu/ontologies/schema/endo/colonoscopyQuality.owl#Orifice_of_ileal_papilla>, <http://blulab.chpc.utah.edu/ontologies/v2/ConText.owl#Lexicon> -> <http://blulab.chpc.utah.edu/ontologies/v2/ConText.owl#Modifier> -> <http://blulab.chpc.utah.edu/ontologies/v2/ConText.owl#SemanticModifier> -> <http://blulab.chpc.utah.edu/ontologies/v2/ConText.owl#BodySite> -> <http://blulab.chpc.utah.edu/ontologies/schema/endo/colonoscopyQuality.owl#ileum> -> <http://blulab.chpc.utah.edu/ontologies/schema/endo/colonoscopyQuality.owl#Entire_ileum> -> <http://blulab.chpc.utah.edu/ontologies/schema/endo/colonoscopyQuality.owl#Structure_of_ileal_lumen> -> <http://blulab.chpc.utah.edu/ontologies/schema/endo/colonoscopyQuality.owl#Lumen_of_distal_part_of_ileum> -> <http://blulab.chpc.utah.edu/ontologies/schema/endo/colonoscopyQuality.owl#Orifice_of_ileal_papilla>, <http://blulab.chpc.utah.edu/ontologies/v2/ConText.owl#Lexicon> -> <http://blulab.chpc.utah.edu/ontologies/v2/ConText.owl#Modifier> -> <http://blulab.chpc.utah.edu/ontologies/v2/ConText.owl#SemanticModifier> -> <http://blulab.chpc.utah.edu/ontologies/v2/ConText.owl#BodySite> -> <http://blulab.chpc.utah.edu/ontologies/schema/endo/colonoscopyQuality.owl#ileum> -> <http://blulab.chpc.utah.edu/ontologies/schema/endo/colonoscopyQuality.owl#Region_of_ileum> -> <http://blulab.chpc.utah.edu/ontologies/schema/endo/colonoscopyQuality.owl#Distal_part_of_ileum> -> <http://blulab.chpc.utah.edu/ontologies/schema/endo/colonoscopyQuality.owl#Lumen_of_distal_part_of_ileum> -> <http://blulab.chpc.utah.edu/ontologies/schema/endo/colonoscopyQuality.owl#Orifice_of_ileal_papilla>, <http://blulab.chpc.utah.edu/ontologies/v2/ConText.owl#Lexicon> -> <http://blulab.chpc.utah.edu/ontologies/v2/ConText.owl#Modifier> -> <http://blulab.chpc.utah.edu/ontologies/v2/ConText.owl#SemanticModifier> -> <http://blulab.chpc.utah.edu/ontologies/v2/ConText.owl#BodySite> -> <http://blulab.chpc.utah.edu/ontologies/schema/endo/colonoscopyQuality.owl#ileum> -> <http://blulab.chpc.utah.edu/ontologies/schema/endo/colonoscopyQuality.owl#Distal_part_of_ileum> -> <http://blulab.chpc.utah.edu/ontologies/schema/endo/colonoscopyQuality.owl#Lumen_of_distal_part_of_ileum> -> <http://blulab.chpc.utah.edu/ontologies/schema/endo/colonoscopyQuality.owl#Orifice_of_ileal_papilla>]]

	Modifier: Meckel_Diverticulum, uri=http://blulab.chpc.utah.edu/ontologies/schema/endo/colonoscopyQuality.owl#Meckel_Diverticulum, type= Semantic, classPath= [<http://blulab.chpc.utah.edu/ontologies/v2/ConText.owl#Lexicon> -> <http://blulab.chpc.utah.edu/ontologies/v2/ConText.owl#Modifier> -> <http://blulab.chpc.utah.edu/ontologies/v2/ConText.owl#SemanticModifier> -> <http://blulab.chpc.utah.edu/ontologies/v2/ConText.owl#BodySite> -> <http://blulab.chpc.utah.edu/ontologies/schema/endo/colonoscopyQuality.owl#ileum> -> <http://blulab.chpc.utah.edu/ontologies/schema/endo/colonoscopyQuality.owl#Entire_ileum> -> <http://blulab.chpc.utah.edu/ontologies/schema/endo/colonoscopyQuality.owl#Distal_part_of_ileum> -> <http://blulab.chpc.utah.edu/ontologies/schema/endo/colonoscopyQuality.owl#Meckel_Diverticulum>, <http://blulab.chpc.utah.edu/ontologies/v2/ConText.owl#Lexicon> -> <http://blulab.chpc.utah.edu/ontologies/v2/ConText.owl#Modifier> -> <http://blulab.chpc.utah.edu/ontologies/v2/ConText.owl#SemanticModifier> -> <http://blulab.chpc.utah.edu/ontologies/v2/ConText.owl#BodySite> -> <http://blulab.chpc.utah.edu/ontologies/schema/endo/colonoscopyQuality.owl#ileum> -> <http://blulab.chpc.utah.edu/ontologies/schema/endo/colonoscopyQuality.owl#Entire_ileum> -> <http://blulab.chpc.utah.edu/ontologies/schema/endo/colonoscopyQuality.owl#Meckel_Diverticulum>, <http://blulab.chpc.utah.edu/ontologies/v2/ConText.owl#Lexicon> -> <http://blulab.chpc.utah.edu/ontologies/v2/ConText.owl#Modifier> -> <http://blulab.chpc.utah.edu/ontologies/v2/ConText.owl#SemanticModifier> -> <http://blulab.chpc.utah.edu/ontologies/v2/ConText.owl#BodySite> -> <http://blulab.chpc.utah.edu/ontologies/schema/endo/colonoscopyQuality.owl#ileum> -> <http://blulab.chpc.utah.edu/ontologies/schema/endo/colonoscopyQuality.owl#Region_of_ileum> -> <http://blulab.chpc.utah.edu/ontologies/schema/endo/colonoscopyQuality.owl#Distal_part_of_ileum> -> <http://blulab.chpc.utah.edu/ontologies/schema/endo/colonoscopyQuality.owl#Meckel_Diverticulum>, <http://blulab.chpc.utah.edu/ontologies/v2/ConText.owl#Lexicon> -> <http://blulab.chpc.utah.edu/ontologies/v2/ConText.owl#Modifier> -> <http://blulab.chpc.utah.edu/ontologies/v2/ConText.owl#SemanticModifier> -> <http://blulab.chpc.utah.edu/ontologies/v2/ConText.owl#BodySite> -> <http://blulab.chpc.utah.edu/ontologies/schema/endo/colonoscopyQuality.owl#ileum> -> <http://blulab.chpc.utah.edu/ontologies/schema/endo/colonoscopyQuality.owl#Distal_part_of_ileum> -> <http://blulab.chpc.utah.edu/ontologies/schema/endo/colonoscopyQuality.owl#Meckel_Diverticulum>]]

	Modifier: Displaced_Meckel_s_diverticulum, uri=http://blulab.chpc.utah.edu/ontologies/schema/endo/colonoscopyQuality.owl#Displaced_Meckel_s_diverticulum, type= Semantic, classPath= [<http://blulab.chpc.utah.edu/ontologies/v2/ConText.owl#Lexicon> -> <http://blulab.chpc.utah.edu/ontologies/v2/ConText.owl#Modifier> -> <http://blulab.chpc.utah.edu/ontologies/v2/ConText.owl#SemanticModifier> -> <http://blulab.chpc.utah.edu/ontologies/v2/ConText.owl#BodySite> -> <http://blulab.chpc.utah.edu/ontologies/schema/endo/colonoscopyQuality.owl#ileum> -> <http://blulab.chpc.utah.edu/ontologies/schema/endo/colonoscopyQuality.owl#Entire_ileum> -> <http://blulab.chpc.utah.edu/ontologies/schema/endo/colonoscopyQuality.owl#Distal_part_of_ileum> -> <http://blulab.chpc.utah.edu/ontologies/schema/endo/colonoscopyQuality.owl#Meckel_Diverticulum> -> <http://blulab.chpc.utah.edu/ontologies/schema/endo/colonoscopyQuality.owl#Displaced_Meckel_s_diverticulum>, <http://blulab.chpc.utah.edu/ontologies/v2/ConText.owl#Lexicon> -> <http://blulab.chpc.utah.edu/ontologies/v2/ConText.owl#Modifier> -> <http://blulab.chpc.utah.edu/ontologies/v2/ConText.owl#SemanticModifier> -> <http://blulab.chpc.utah.edu/ontologies/v2/ConText.owl#BodySite> -> <http://blulab.chpc.utah.edu/ontologies/schema/endo/colonoscopyQuality.owl#ileum> -> <http://blulab.chpc.utah.edu/ontologies/schema/endo/colonoscopyQuality.owl#Entire_ileum> -> <http://blulab.chpc.utah.edu/ontologies/schema/endo/colonoscopyQuality.owl#Meckel_Diverticulum> -> <http://blulab.chpc.utah.edu/ontologies/schema/endo/colonoscopyQuality.owl#Displaced_Meckel_s_diverticulum>, <http://blulab.chpc.utah.edu/ontologies/v2/ConText.owl#Lexicon> -> <http://blulab.chpc.utah.edu/ontologies/v2/ConText.owl#Modifier> -> <http://blulab.chpc.utah.edu/ontologies/v2/ConText.owl#SemanticModifier> -> <http://blulab.chpc.utah.edu/ontologies/v2/ConText.owl#BodySite> -> <http://blulab.chpc.utah.edu/ontologies/schema/endo/colonoscopyQuality.owl#ileum> -> <http://blulab.chpc.utah.edu/ontologies/schema/endo/colonoscopyQuality.owl#Region_of_ileum> -> <http://blulab.chpc.utah.edu/ontologies/schema/endo/colonoscopyQuality.owl#Distal_part_of_ileum> -> <http://blulab.chpc.utah.edu/ontologies/schema/endo/colonoscopyQuality.owl#Meckel_Diverticulum> -> <http://blulab.chpc.utah.edu/ontologies/schema/endo/colonoscopyQuality.owl#Displaced_Meckel_s_diverticulum>, <http://blulab.chpc.utah.edu/ontologies/v2/ConText.owl#Lexicon> -> <http://blulab.chpc.utah.edu/ontologies/v2/ConText.owl#Modifier> -> <http://blulab.chpc.utah.edu/ontologies/v2/ConText.owl#SemanticModifier> -> <http://blulab.chpc.utah.edu/ontologies/v2/ConText.owl#BodySite> -> <http://blulab.chpc.utah.edu/ontologies/schema/endo/colonoscopyQuality.owl#ileum> -> <http://blulab.chpc.utah.edu/ontologies/schema/endo/colonoscopyQuality.owl#Distal_part_of_ileum> -> <http://blulab.chpc.utah.edu/ontologies/schema/endo/colonoscopyQuality.owl#Meckel_Diverticulum> -> <http://blulab.chpc.utah.edu/ontologies/schema/endo/colonoscopyQuality.owl#Displaced_Meckel_s_diverticulum>]]

	Modifier: Wall_of_distal_part_of_ileum, uri=http://blulab.chpc.utah.edu/ontologies/schema/endo/colonoscopyQuality.owl#Wall_of_distal_part_of_ileum, type= Semantic, classPath= [<http://blulab.chpc.utah.edu/ontologies/v2/ConText.owl#Lexicon> -> <http://blulab.chpc.utah.edu/ontologies/v2/ConText.owl#Modifier> -> <http://blulab.chpc.utah.edu/ontologies/v2/ConText.owl#SemanticModifier> -> <http://blulab.chpc.utah.edu/ontologies/v2/ConText.owl#BodySite> -> <http://blulab.chpc.utah.edu/ontologies/schema/endo/colonoscopyQuality.owl#ileum> -> <http://blulab.chpc.utah.edu/ontologies/schema/endo/colonoscopyQuality.owl#Entire_ileum> -> <http://blulab.chpc.utah.edu/ontologies/schema/endo/colonoscopyQuality.owl#Distal_part_of_ileum> -> <http://blulab.chpc.utah.edu/ontologies/schema/endo/colonoscopyQuality.owl#Wall_of_distal_part_of_ileum>, <http://blulab.chpc.utah.edu/ontologies/v2/ConText.owl#Lexicon> -> <http://blulab.chpc.utah.edu/ontologies/v2/ConText.owl#Modifier> -> <http://blulab.chpc.utah.edu/ontologies/v2/ConText.owl#SemanticModifier> -> <http://blulab.chpc.utah.edu/ontologies/v2/ConText.owl#BodySite> -> <http://blulab.chpc.utah.edu/ontologies/schema/endo/colonoscopyQuality.owl#ileum> -> <http://blulab.chpc.utah.edu/ontologies/schema/endo/colonoscopyQuality.owl#Region_of_ileum> -> <http://blulab.chpc.utah.edu/ontologies/schema/endo/colonoscopyQuality.owl#Subdivision_of_wall_of_ileum> -> <http://blulab.chpc.utah.edu/ontologies/schema/endo/colonoscopyQuality.owl#Wall_of_distal_part_of_ileum>, <http://blulab.chpc.utah.edu/ontologies/v2/ConText.owl#Lexicon> -> <http://blulab.chpc.utah.edu/ontologies/v2/ConText.owl#Modifier> -> <http://blulab.chpc.utah.edu/ontologies/v2/ConText.owl#SemanticModifier> -> <http://blulab.chpc.utah.edu/ontologies/v2/ConText.owl#BodySite> -> <http://blulab.chpc.utah.edu/ontologies/schema/endo/colonoscopyQuality.owl#ileum> -> <http://blulab.chpc.utah.edu/ontologies/schema/endo/colonoscopyQuality.owl#Wall_of_ileum> -> <http://blulab.chpc.utah.edu/ontologies/schema/endo/colonoscopyQuality.owl#Wall_of_distal_part_of_ileum>, <http://blulab.chpc.utah.edu/ontologies/v2/ConText.owl#Lexicon> -> <http://blulab.chpc.utah.edu/ontologies/v2/ConText.owl#Modifier> -> <http://blulab.chpc.utah.edu/ontologies/v2/ConText.owl#SemanticModifier> -> <http://blulab.chpc.utah.edu/ontologies/v2/ConText.owl#BodySite> -> <http://blulab.chpc.utah.edu/ontologies/schema/endo/colonoscopyQuality.owl#ileum> -> <http://blulab.chpc.utah.edu/ontologies/schema/endo/colonoscopyQuality.owl#Region_of_ileum> -> <http://blulab.chpc.utah.edu/ontologies/schema/endo/colonoscopyQuality.owl#Wall_of_ileum> -> <http://blulab.chpc.utah.edu/ontologies/schema/endo/colonoscopyQuality.owl#Wall_of_distal_part_of_ileum>, <http://blulab.chpc.utah.edu/ontologies/v2/ConText.owl#Lexicon> -> <http://blulab.chpc.utah.edu/ontologies/v2/ConText.owl#Modifier> -> <http://blulab.chpc.utah.edu/ontologies/v2/ConText.owl#SemanticModifier> -> <http://blulab.chpc.utah.edu/ontologies/v2/ConText.owl#BodySite> -> <http://blulab.chpc.utah.edu/ontologies/schema/endo/colonoscopyQuality.owl#ileum> -> <http://blulab.chpc.utah.edu/ontologies/schema/endo/colonoscopyQuality.owl#Region_of_ileum> -> <http://blulab.chpc.utah.edu/ontologies/schema/endo/colonoscopyQuality.owl#Distal_part_of_ileum> -> <http://blulab.chpc.utah.edu/ontologies/schema/endo/colonoscopyQuality.owl#Wall_of_distal_part_of_ileum>, <http://blulab.chpc.utah.edu/ontologies/v2/ConText.owl#Lexicon> -> <http://blulab.chpc.utah.edu/ontologies/v2/ConText.owl#Modifier> -> <http://blulab.chpc.utah.edu/ontologies/v2/ConText.owl#SemanticModifier> -> <http://blulab.chpc.utah.edu/ontologies/v2/ConText.owl#BodySite> -> <http://blulab.chpc.utah.edu/ontologies/schema/endo/colonoscopyQuality.owl#ileum> -> <http://blulab.chpc.utah.edu/ontologies/schema/endo/colonoscopyQuality.owl#Distal_part_of_ileum> -> <http://blulab.chpc.utah.edu/ontologies/schema/endo/colonoscopyQuality.owl#Wall_of_distal_part_of_ileum>]]

	Modifier: Anterior_wall_of_distal_part_of_ileum, uri=http://blulab.chpc.utah.edu/ontologies/schema/endo/colonoscopyQuality.owl#Anterior_wall_of_distal_part_of_ileum, type= Semantic, classPath= [<http://blulab.chpc.utah.edu/ontologies/v2/ConText.owl#Lexicon> -> <http://blulab.chpc.utah.edu/ontologies/v2/ConText.owl#Modifier> -> <http://blulab.chpc.utah.edu/ontologies/v2/ConText.owl#SemanticModifier> -> <http://blulab.chpc.utah.edu/ontologies/v2/ConText.owl#BodySite> -> <http://blulab.chpc.utah.edu/ontologies/schema/endo/colonoscopyQuality.owl#ileum> -> <http://blulab.chpc.utah.edu/ontologies/schema/endo/colonoscopyQuality.owl#Entire_ileum> -> <http://blulab.chpc.utah.edu/ontologies/schema/endo/colonoscopyQuality.owl#Distal_part_of_ileum> -> <http://blulab.chpc.utah.edu/ontologies/schema/endo/colonoscopyQuality.owl#Wall_of_distal_part_of_ileum> -> <http://blulab.chpc.utah.edu/ontologies/schema/endo/colonoscopyQuality.owl#Anterior_wall_of_distal_part_of_ileum>, <http://blulab.chpc.utah.edu/ontologies/v2/ConText.owl#Lexicon> -> <http://blulab.chpc.utah.edu/ontologies/v2/ConText.owl#Modifier> -> <http://blulab.chpc.utah.edu/ontologies/v2/ConText.owl#SemanticModifier> -> <http://blulab.chpc.utah.edu/ontologies/v2/ConText.owl#BodySite> -> <http://blulab.chpc.utah.edu/ontologies/schema/endo/colonoscopyQuality.owl#ileum> -> <http://blulab.chpc.utah.edu/ontologies/schema/endo/colonoscopyQuality.owl#Region_of_ileum> -> <http://blulab.chpc.utah.edu/ontologies/schema/endo/colonoscopyQuality.owl#Subdivision_of_wall_of_ileum> -> <http://blulab.chpc.utah.edu/ontologies/schema/endo/colonoscopyQuality.owl#Wall_of_distal_part_of_ileum> -> <http://blulab.chpc.utah.edu/ontologies/schema/endo/colonoscopyQuality.owl#Anterior_wall_of_distal_part_of_ileum>, <http://blulab.chpc.utah.edu/ontologies/v2/ConText.owl#Lexicon> -> <http://blulab.chpc.utah.edu/ontologies/v2/ConText.owl#Modifier> -> <http://blulab.chpc.utah.edu/ontologies/v2/ConText.owl#SemanticModifier> -> <http://blulab.chpc.utah.edu/ontologies/v2/ConText.owl#BodySite> -> <http://blulab.chpc.utah.edu/ontologies/schema/endo/colonoscopyQuality.owl#ileum> -> <http://blulab.chpc.utah.edu/ontologies/schema/endo/colonoscopyQuality.owl#Wall_of_ileum> -> <http://blulab.chpc.utah.edu/ontologies/schema/endo/colonoscopyQuality.owl#Wall_of_distal_part_of_ileum> -> <http://blulab.chpc.utah.edu/ontologies/schema/endo/colonoscopyQuality.owl#Anterior_wall_of_distal_part_of_ileum>, <http://blulab.chpc.utah.edu/ontologies/v2/ConText.owl#Lexicon> -> <http://blulab.chpc.utah.edu/ontologies/v2/ConText.owl#Modifier> -> <http://blulab.chpc.utah.edu/ontologies/v2/ConText.owl#SemanticModifier> -> <http://blulab.chpc.utah.edu/ontologies/v2/ConText.owl#BodySite> -> <http://blulab.chpc.utah.edu/ontologies/schema/endo/colonoscopyQuality.owl#ileum> -> <http://blulab.chpc.utah.edu/ontologies/schema/endo/colonoscopyQuality.owl#Region_of_ileum> -> <http://blulab.chpc.utah.edu/ontologies/schema/endo/colonoscopyQuality.owl#Wall_of_ileum> -> <http://blulab.chpc.utah.edu/ontologies/schema/endo/colonoscopyQuality.owl#Wall_of_distal_part_of_ileum> -> <http://blulab.chpc.utah.edu/ontologies/schema/endo/colonoscopyQuality.owl#Anterior_wall_of_distal_part_of_ileum>, <http://blulab.chpc.utah.edu/ontologies/v2/ConText.owl#Lexicon> -> <http://blulab.chpc.utah.edu/ontologies/v2/ConText.owl#Modifier> -> <http://blulab.chpc.utah.edu/ontologies/v2/ConText.owl#SemanticModifier> -> <http://blulab.chpc.utah.edu/ontologies/v2/ConText.owl#BodySite> -> <http://blulab.chpc.utah.edu/ontologies/schema/endo/colonoscopyQuality.owl#ileum> -> <http://blulab.chpc.utah.edu/ontologies/schema/endo/colonoscopyQuality.owl#Region_of_ileum> -> <http://blulab.chpc.utah.edu/ontologies/schema/endo/colonoscopyQuality.owl#Distal_part_of_ileum> -> <http://blulab.chpc.utah.edu/ontologies/schema/endo/colonoscopyQuality.owl#Wall_of_distal_part_of_ileum> -> <http://blulab.chpc.utah.edu/ontologies/schema/endo/colonoscopyQuality.owl#Anterior_wall_of_distal_part_of_ileum>, <http://blulab.chpc.utah.edu/ontologies/v2/ConText.owl#Lexicon> -> <http://blulab.chpc.utah.edu/ontologies/v2/ConText.owl#Modifier> -> <http://blulab.chpc.utah.edu/ontologies/v2/ConText.owl#SemanticModifier> -> <http://blulab.chpc.utah.edu/ontologies/v2/ConText.owl#BodySite> -> <http://blulab.chpc.utah.edu/ontologies/schema/endo/colonoscopyQuality.owl#ileum> -> <http://blulab.chpc.utah.edu/ontologies/schema/endo/colonoscopyQuality.owl#Distal_part_of_ileum> -> <http://blulab.chpc.utah.edu/ontologies/schema/endo/colonoscopyQuality.owl#Wall_of_distal_part_of_ileum> -> <http://blulab.chpc.utah.edu/ontologies/schema/endo/colonoscopyQuality.owl#Anterior_wall_of_distal_part_of_ileum>]]

	Modifier: Mucosa_of_distal_part_of_ileum, uri=http://blulab.chpc.utah.edu/ontologies/schema/endo/colonoscopyQuality.owl#Mucosa_of_distal_part_of_ileum, type= Semantic, classPath= [<http://blulab.chpc.utah.edu/ontologies/v2/ConText.owl#Lexicon> -> <http://blulab.chpc.utah.edu/ontologies/v2/ConText.owl#Modifier> -> <http://blulab.chpc.utah.edu/ontologies/v2/ConText.owl#SemanticModifier> -> <http://blulab.chpc.utah.edu/ontologies/v2/ConText.owl#BodySite> -> <http://blulab.chpc.utah.edu/ontologies/schema/endo/colonoscopyQuality.owl#ileum> -> <http://blulab.chpc.utah.edu/ontologies/schema/endo/colonoscopyQuality.owl#Entire_ileum> -> <http://blulab.chpc.utah.edu/ontologies/schema/endo/colonoscopyQuality.owl#Distal_part_of_ileum> -> <http://blulab.chpc.utah.edu/ontologies/schema/endo/colonoscopyQuality.owl#Wall_of_distal_part_of_ileum> -> <http://blulab.chpc.utah.edu/ontologies/schema/endo/colonoscopyQuality.owl#Mucosa_of_distal_part_of_ileum>, <http://blulab.chpc.utah.edu/ontologies/v2/ConText.owl#Lexicon> -> <http://blulab.chpc.utah.edu/ontologies/v2/ConText.owl#Modifier> -> <http://blulab.chpc.utah.edu/ontologies/v2/ConText.owl#SemanticModifier> -> <http://blulab.chpc.utah.edu/ontologies/v2/ConText.owl#BodySite> -> <http://blulab.chpc.utah.edu/ontologies/schema/endo/colonoscopyQuality.owl#ileum> -> <http://blulab.chpc.utah.edu/ontologies/schema/endo/colonoscopyQuality.owl#Region_of_ileum> -> <http://blulab.chpc.utah.edu/ontologies/schema/endo/colonoscopyQuality.owl#Subdivision_of_wall_of_ileum> -> <http://blulab.chpc.utah.edu/ontologies/schema/endo/colonoscopyQuality.owl#Wall_of_distal_part_of_ileum> -> <http://blulab.chpc.utah.edu/ontologies/schema/endo/colonoscopyQuality.owl#Mucosa_of_distal_part_of_ileum>, <http://blulab.chpc.utah.edu/ontologies/v2/ConText.owl#Lexicon> -> <http://blulab.chpc.utah.edu/ontologies/v2/ConText.owl#Modifier> -> <http://blulab.chpc.utah.edu/ontologies/v2/ConText.owl#SemanticModifier> -> <http://blulab.chpc.utah.edu/ontologies/v2/ConText.owl#BodySite> -> <http://blulab.chpc.utah.edu/ontologies/schema/endo/colonoscopyQuality.owl#ileum> -> <http://blulab.chpc.utah.edu/ontologies/schema/endo/colonoscopyQuality.owl#Wall_of_ileum> -> <http://blulab.chpc.utah.edu/ontologies/schema/endo/colonoscopyQuality.owl#Wall_of_distal_part_of_ileum> -> <http://blulab.chpc.utah.edu/ontologies/schema/endo/colonoscopyQuality.owl#Mucosa_of_distal_part_of_ileum>, <http://blulab.chpc.utah.edu/ontologies/v2/ConText.owl#Lexicon> -> <http://blulab.chpc.utah.edu/ontologies/v2/ConText.owl#Modifier> -> <http://blulab.chpc.utah.edu/ontologies/v2/ConText.owl#SemanticModifier> -> <http://blulab.chpc.utah.edu/ontologies/v2/ConText.owl#BodySite> -> <http://blulab.chpc.utah.edu/ontologies/schema/endo/colonoscopyQuality.owl#ileum> -> <http://blulab.chpc.utah.edu/ontologies/schema/endo/colonoscopyQuality.owl#Region_of_ileum> -> <http://blulab.chpc.utah.edu/ontologies/schema/endo/colonoscopyQuality.owl#Wall_of_ileum> -> <http://blulab.chpc.utah.edu/ontologies/schema/endo/colonoscopyQuality.owl#Wall_of_distal_part_of_ileum> -> <http://blulab.chpc.utah.edu/ontologies/schema/endo/colonoscopyQuality.owl#Mucosa_of_distal_part_of_ileum>, <http://blulab.chpc.utah.edu/ontologies/v2/ConText.owl#Lexicon> -> <http://blulab.chpc.utah.edu/ontologies/v2/ConText.owl#Modifier> -> <http://blulab.chpc.utah.edu/ontologies/v2/ConText.owl#SemanticModifier> -> <http://blulab.chpc.utah.edu/ontologies/v2/ConText.owl#BodySite> -> <http://blulab.chpc.utah.edu/ontologies/schema/endo/colonoscopyQuality.owl#ileum> -> <http://blulab.chpc.utah.edu/ontologies/schema/endo/colonoscopyQuality.owl#Region_of_ileum> -> <http://blulab.chpc.utah.edu/ontologies/schema/endo/colonoscopyQuality.owl#Distal_part_of_ileum> -> <http://blulab.chpc.utah.edu/ontologies/schema/endo/colonoscopyQuality.owl#Wall_of_distal_part_of_ileum> -> <http://blulab.chpc.utah.edu/ontologies/schema/endo/colonoscopyQuality.owl#Mucosa_of_distal_part_of_ileum>, <http://blulab.chpc.utah.edu/ontologies/v2/ConText.owl#Lexicon> -> <http://blulab.chpc.utah.edu/ontologies/v2/ConText.owl#Modifier> -> <http://blulab.chpc.utah.edu/ontologies/v2/ConText.owl#SemanticModifier> -> <http://blulab.chpc.utah.edu/ontologies/v2/ConText.owl#BodySite> -> <http://blulab.chpc.utah.edu/ontologies/schema/endo/colonoscopyQuality.owl#ileum> -> <http://blulab.chpc.utah.edu/ontologies/schema/endo/colonoscopyQuality.owl#Distal_part_of_ileum> -> <http://blulab.chpc.utah.edu/ontologies/schema/endo/colonoscopyQuality.owl#Wall_of_distal_part_of_ileum> -> <http://blulab.chpc.utah.edu/ontologies/schema/endo/colonoscopyQuality.owl#Mucosa_of_distal_part_of_ileum>]]

	Modifier: Muscle_layer_of_distal_part_of_ileum, uri=http://blulab.chpc.utah.edu/ontologies/schema/endo/colonoscopyQuality.owl#Muscle_layer_of_distal_part_of_ileum, type= Semantic, classPath= [<http://blulab.chpc.utah.edu/ontologies/v2/ConText.owl#Lexicon> -> <http://blulab.chpc.utah.edu/ontologies/v2/ConText.owl#Modifier> -> <http://blulab.chpc.utah.edu/ontologies/v2/ConText.owl#SemanticModifier> -> <http://blulab.chpc.utah.edu/ontologies/v2/ConText.owl#BodySite> -> <http://blulab.chpc.utah.edu/ontologies/schema/endo/colonoscopyQuality.owl#ileum> -> <http://blulab.chpc.utah.edu/ontologies/schema/endo/colonoscopyQuality.owl#Entire_ileum> -> <http://blulab.chpc.utah.edu/ontologies/schema/endo/colonoscopyQuality.owl#Distal_part_of_ileum> -> <http://blulab.chpc.utah.edu/ontologies/schema/endo/colonoscopyQuality.owl#Wall_of_distal_part_of_ileum> -> <http://blulab.chpc.utah.edu/ontologies/schema/endo/colonoscopyQuality.owl#Muscle_layer_of_distal_part_of_ileum>, <http://blulab.chpc.utah.edu/ontologies/v2/ConText.owl#Lexicon> -> <http://blulab.chpc.utah.edu/ontologies/v2/ConText.owl#Modifier> -> <http://blulab.chpc.utah.edu/ontologies/v2/ConText.owl#SemanticModifier> -> <http://blulab.chpc.utah.edu/ontologies/v2/ConText.owl#BodySite> -> <http://blulab.chpc.utah.edu/ontologies/schema/endo/colonoscopyQuality.owl#ileum> -> <http://blulab.chpc.utah.edu/ontologies/schema/endo/colonoscopyQuality.owl#Region_of_ileum> -> <http://blulab.chpc.utah.edu/ontologies/schema/endo/colonoscopyQuality.owl#Subdivision_of_wall_of_ileum> -> <http://blulab.chpc.utah.edu/ontologies/schema/endo/colonoscopyQuality.owl#Wall_of_distal_part_of_ileum> -> <http://blulab.chpc.utah.edu/ontologies/schema/endo/colonoscopyQuality.owl#Muscle_layer_of_distal_part_of_ileum>, <http://blulab.chpc.utah.edu/ontologies/v2/ConText.owl#Lexicon> -> <http://blulab.chpc.utah.edu/ontologies/v2/ConText.owl#Modifier> -> <http://blulab.chpc.utah.edu/ontologies/v2/ConText.owl#SemanticModifier> -> <http://blulab.chpc.utah.edu/ontologies/v2/ConText.owl#BodySite> -> <http://blulab.chpc.utah.edu/ontologies/schema/endo/colonoscopyQuality.owl#ileum> -> <http://blulab.chpc.utah.edu/ontologies/schema/endo/colonoscopyQuality.owl#Wall_of_ileum> -> <http://blulab.chpc.utah.edu/ontologies/schema/endo/colonoscopyQuality.owl#Wall_of_distal_part_of_ileum> -> <http://blulab.chpc.utah.edu/ontologies/schema/endo/colonoscopyQuality.owl#Muscle_layer_of_distal_part_of_ileum>, <http://blulab.chpc.utah.edu/ontologies/v2/ConText.owl#Lexicon> -> <http://blulab.chpc.utah.edu/ontologies/v2/ConText.owl#Modifier> -> <http://blulab.chpc.utah.edu/ontologies/v2/ConText.owl#SemanticModifier> -> <http://blulab.chpc.utah.edu/ontologies/v2/ConText.owl#BodySite> -> <http://blulab.chpc.utah.edu/ontologies/schema/endo/colonoscopyQuality.owl#ileum> -> <http://blulab.chpc.utah.edu/ontologies/schema/endo/colonoscopyQuality.owl#Region_of_ileum> -> <http://blulab.chpc.utah.edu/ontologies/schema/endo/colonoscopyQuality.owl#Wall_of_ileum> -> <http://blulab.chpc.utah.edu/ontologies/schema/endo/colonoscopyQuality.owl#Wall_of_distal_part_of_ileum> -> <http://blulab.chpc.utah.edu/ontologies/schema/endo/colonoscopyQuality.owl#Muscle_layer_of_distal_part_of_ileum>, <http://blulab.chpc.utah.edu/ontologies/v2/ConText.owl#Lexicon> -> <http://blulab.chpc.utah.edu/ontologies/v2/ConText.owl#Modifier> -> <http://blulab.chpc.utah.edu/ontologies/v2/ConText.owl#SemanticModifier> -> <http://blulab.chpc.utah.edu/ontologies/v2/ConText.owl#BodySite> -> <http://blulab.chpc.utah.edu/ontologies/schema/endo/colonoscopyQuality.owl#ileum> -> <http://blulab.chpc.utah.edu/ontologies/schema/endo/colonoscopyQuality.owl#Region_of_ileum> -> <http://blulab.chpc.utah.edu/ontologies/schema/endo/colonoscopyQuality.owl#Distal_part_of_ileum> -> <http://blulab.chpc.utah.edu/ontologies/schema/endo/colonoscopyQuality.owl#Wall_of_distal_part_of_ileum> -> <http://blulab.chpc.utah.edu/ontologies/schema/endo/colonoscopyQuality.owl#Muscle_layer_of_distal_part_of_ileum>, <http://blulab.chpc.utah.edu/ontologies/v2/ConText.owl#Lexicon> -> <http://blulab.chpc.utah.edu/ontologies/v2/ConText.owl#Modifier> -> <http://blulab.chpc.utah.edu/ontologies/v2/ConText.owl#SemanticModifier> -> <http://blulab.chpc.utah.edu/ontologies/v2/ConText.owl#BodySite> -> <http://blulab.chpc.utah.edu/ontologies/schema/endo/colonoscopyQuality.owl#ileum> -> <http://blulab.chpc.utah.edu/ontologies/schema/endo/colonoscopyQuality.owl#Distal_part_of_ileum> -> <http://blulab.chpc.utah.edu/ontologies/schema/endo/colonoscopyQuality.owl#Wall_of_distal_part_of_ileum> -> <http://blulab.chpc.utah.edu/ontologies/schema/endo/colonoscopyQuality.owl#Muscle_layer_of_distal_part_of_ileum>]]

	Modifier: Posterior_wall_of_distal_part_of_ileum, uri=http://blulab.chpc.utah.edu/ontologies/schema/endo/colonoscopyQuality.owl#Posterior_wall_of_distal_part_of_ileum, type= Semantic, classPath= [<http://blulab.chpc.utah.edu/ontologies/v2/ConText.owl#Lexicon> -> <http://blulab.chpc.utah.edu/ontologies/v2/ConText.owl#Modifier> -> <http://blulab.chpc.utah.edu/ontologies/v2/ConText.owl#SemanticModifier> -> <http://blulab.chpc.utah.edu/ontologies/v2/ConText.owl#BodySite> -> <http://blulab.chpc.utah.edu/ontologies/schema/endo/colonoscopyQuality.owl#ileum> -> <http://blulab.chpc.utah.edu/ontologies/schema/endo/colonoscopyQuality.owl#Entire_ileum> -> <http://blulab.chpc.utah.edu/ontologies/schema/endo/colonoscopyQuality.owl#Distal_part_of_ileum> -> <http://blulab.chpc.utah.edu/ontologies/schema/endo/colonoscopyQuality.owl#Wall_of_distal_part_of_ileum> -> <http://blulab.chpc.utah.edu/ontologies/schema/endo/colonoscopyQuality.owl#Posterior_wall_of_distal_part_of_ileum>, <http://blulab.chpc.utah.edu/ontologies/v2/ConText.owl#Lexicon> -> <http://blulab.chpc.utah.edu/ontologies/v2/ConText.owl#Modifier> -> <http://blulab.chpc.utah.edu/ontologies/v2/ConText.owl#SemanticModifier> -> <http://blulab.chpc.utah.edu/ontologies/v2/ConText.owl#BodySite> -> <http://blulab.chpc.utah.edu/ontologies/schema/endo/colonoscopyQuality.owl#ileum> -> <http://blulab.chpc.utah.edu/ontologies/schema/endo/colonoscopyQuality.owl#Region_of_ileum> -> <http://blulab.chpc.utah.edu/ontologies/schema/endo/colonoscopyQuality.owl#Subdivision_of_wall_of_ileum> -> <http://blulab.chpc.utah.edu/ontologies/schema/endo/colonoscopyQuality.owl#Wall_of_distal_part_of_ileum> -> <http://blulab.chpc.utah.edu/ontologies/schema/endo/colonoscopyQuality.owl#Posterior_wall_of_distal_part_of_ileum>, <http://blulab.chpc.utah.edu/ontologies/v2/ConText.owl#Lexicon> -> <http://blulab.chpc.utah.edu/ontologies/v2/ConText.owl#Modifier> -> <http://blulab.chpc.utah.edu/ontologies/v2/ConText.owl#SemanticModifier> -> <http://blulab.chpc.utah.edu/ontologies/v2/ConText.owl#BodySite> -> <http://blulab.chpc.utah.edu/ontologies/schema/endo/colonoscopyQuality.owl#ileum> -> <http://blulab.chpc.utah.edu/ontologies/schema/endo/colonoscopyQuality.owl#Wall_of_ileum> -> <http://blulab.chpc.utah.edu/ontologies/schema/endo/colonoscopyQuality.owl#Wall_of_distal_part_of_ileum> -> <http://blulab.chpc.utah.edu/ontologies/schema/endo/colonoscopyQuality.owl#Posterior_wall_of_distal_part_of_ileum>, <http://blulab.chpc.utah.edu/ontologies/v2/ConText.owl#Lexicon> -> <http://blulab.chpc.utah.edu/ontologies/v2/ConText.owl#Modifier> -> <http://blulab.chpc.utah.edu/ontologies/v2/ConText.owl#SemanticModifier> -> <http://blulab.chpc.utah.edu/ontologies/v2/ConText.owl#BodySite> -> <http://blulab.chpc.utah.edu/ontologies/schema/endo/colonoscopyQuality.owl#ileum> -> <http://blulab.chpc.utah.edu/ontologies/schema/endo/colonoscopyQuality.owl#Region_of_ileum> -> <http://blulab.chpc.utah.edu/ontologies/schema/endo/colonoscopyQuality.owl#Wall_of_ileum> -> <http://blulab.chpc.utah.edu/ontologies/schema/endo/colonoscopyQuality.owl#Wall_of_distal_part_of_ileum> -> <http://blulab.chpc.utah.edu/ontologies/schema/endo/colonoscopyQuality.owl#Posterior_wall_of_distal_part_of_ileum>, <http://blulab.chpc.utah.edu/ontologies/v2/ConText.owl#Lexicon> -> <http://blulab.chpc.utah.edu/ontologies/v2/ConText.owl#Modifier> -> <http://blulab.chpc.utah.edu/ontologies/v2/ConText.owl#SemanticModifier> -> <http://blulab.chpc.utah.edu/ontologies/v2/ConText.owl#BodySite> -> <http://blulab.chpc.utah.edu/ontologies/schema/endo/colonoscopyQuality.owl#ileum> -> <http://blulab.chpc.utah.edu/ontologies/schema/endo/colonoscopyQuality.owl#Region_of_ileum> -> <http://blulab.chpc.utah.edu/ontologies/schema/endo/colonoscopyQuality.owl#Distal_part_of_ileum> -> <http://blulab.chpc.utah.edu/ontologies/schema/endo/colonoscopyQuality.owl#Wall_of_distal_part_of_ileum> -> <http://blulab.chpc.utah.edu/ontologies/schema/endo/colonoscopyQuality.owl#Posterior_wall_of_distal_part_of_ileum>, <http://blulab.chpc.utah.edu/ontologies/v2/ConText.owl#Lexicon> -> <http://blulab.chpc.utah.edu/ontologies/v2/ConText.owl#Modifier> -> <http://blulab.chpc.utah.edu/ontologies/v2/ConText.owl#SemanticModifier> -> <http://blulab.chpc.utah.edu/ontologies/v2/ConText.owl#BodySite> -> <http://blulab.chpc.utah.edu/ontologies/schema/endo/colonoscopyQuality.owl#ileum> -> <http://blulab.chpc.utah.edu/ontologies/schema/endo/colonoscopyQuality.owl#Distal_part_of_ileum> -> <http://blulab.chpc.utah.edu/ontologies/schema/endo/colonoscopyQuality.owl#Wall_of_distal_part_of_ileum> -> <http://blulab.chpc.utah.edu/ontologies/schema/endo/colonoscopyQuality.owl#Posterior_wall_of_distal_part_of_ileum>]]

	Modifier: Serosa_of_distal_part_of_ileum, uri=http://blulab.chpc.utah.edu/ontologies/schema/endo/colonoscopyQuality.owl#Serosa_of_distal_part_of_ileum, type= Semantic, classPath= [<http://blulab.chpc.utah.edu/ontologies/v2/ConText.owl#Lexicon> -> <http://blulab.chpc.utah.edu/ontologies/v2/ConText.owl#Modifier> -> <http://blulab.chpc.utah.edu/ontologies/v2/ConText.owl#SemanticModifier> -> <http://blulab.chpc.utah.edu/ontologies/v2/ConText.owl#BodySite> -> <http://blulab.chpc.utah.edu/ontologies/schema/endo/colonoscopyQuality.owl#ileum> -> <http://blulab.chpc.utah.edu/ontologies/schema/endo/colonoscopyQuality.owl#Entire_ileum> -> <http://blulab.chpc.utah.edu/ontologies/schema/endo/colonoscopyQuality.owl#Distal_part_of_ileum> -> <http://blulab.chpc.utah.edu/ontologies/schema/endo/colonoscopyQuality.owl#Wall_of_distal_part_of_ileum> -> <http://blulab.chpc.utah.edu/ontologies/schema/endo/colonoscopyQuality.owl#Serosa_of_distal_part_of_ileum>, <http://blulab.chpc.utah.edu/ontologies/v2/ConText.owl#Lexicon> -> <http://blulab.chpc.utah.edu/ontologies/v2/ConText.owl#Modifier> -> <http://blulab.chpc.utah.edu/ontologies/v2/ConText.owl#SemanticModifier> -> <http://blulab.chpc.utah.edu/ontologies/v2/ConText.owl#BodySite> -> <http://blulab.chpc.utah.edu/ontologies/schema/endo/colonoscopyQuality.owl#ileum> -> <http://blulab.chpc.utah.edu/ontologies/schema/endo/colonoscopyQuality.owl#Region_of_ileum> -> <http://blulab.chpc.utah.edu/ontologies/schema/endo/colonoscopyQuality.owl#Subdivision_of_wall_of_ileum> -> <http://blulab.chpc.utah.edu/ontologies/schema/endo/colonoscopyQuality.owl#Wall_of_distal_part_of_ileum> -> <http://blulab.chpc.utah.edu/ontologies/schema/endo/colonoscopyQuality.owl#Serosa_of_distal_part_of_ileum>, <http://blulab.chpc.utah.edu/ontologies/v2/ConText.owl#Lexicon> -> <http://blulab.chpc.utah.edu/ontologies/v2/ConText.owl#Modifier> -> <http://blulab.chpc.utah.edu/ontologies/v2/ConText.owl#SemanticModifier> -> <http://blulab.chpc.utah.edu/ontologies/v2/ConText.owl#BodySite> -> <http://blulab.chpc.utah.edu/ontologies/schema/endo/colonoscopyQuality.owl#ileum> -> <http://blulab.chpc.utah.edu/ontologies/schema/endo/colonoscopyQuality.owl#Wall_of_ileum> -> <http://blulab.chpc.utah.edu/ontologies/schema/endo/colonoscopyQuality.owl#Wall_of_distal_part_of_ileum> -> <http://blulab.chpc.utah.edu/ontologies/schema/endo/colonoscopyQuality.owl#Serosa_of_distal_part_of_ileum>, <http://blulab.chpc.utah.edu/ontologies/v2/ConText.owl#Lexicon> -> <http://blulab.chpc.utah.edu/ontologies/v2/ConText.owl#Modifier> -> <http://blulab.chpc.utah.edu/ontologies/v2/ConText.owl#SemanticModifier> -> <http://blulab.chpc.utah.edu/ontologies/v2/ConText.owl#BodySite> -> <http://blulab.chpc.utah.edu/ontologies/schema/endo/colonoscopyQuality.owl#ileum> -> <http://blulab.chpc.utah.edu/ontologies/schema/endo/colonoscopyQuality.owl#Region_of_ileum> -> <http://blulab.chpc.utah.edu/ontologies/schema/endo/colonoscopyQuality.owl#Wall_of_ileum> -> <http://blulab.chpc.utah.edu/ontologies/schema/endo/colonoscopyQuality.owl#Wall_of_distal_part_of_ileum> -> <http://blulab.chpc.utah.edu/ontologies/schema/endo/colonoscopyQuality.owl#Serosa_of_distal_part_of_ileum>, <http://blulab.chpc.utah.edu/ontologies/v2/ConText.owl#Lexicon> -> <http://blulab.chpc.utah.edu/ontologies/v2/ConText.owl#Modifier> -> <http://blulab.chpc.utah.edu/ontologies/v2/ConText.owl#SemanticModifier> -> <http://blulab.chpc.utah.edu/ontologies/v2/ConText.owl#BodySite> -> <http://blulab.chpc.utah.edu/ontologies/schema/endo/colonoscopyQuality.owl#ileum> -> <http://blulab.chpc.utah.edu/ontologies/schema/endo/colonoscopyQuality.owl#Region_of_ileum> -> <http://blulab.chpc.utah.edu/ontologies/schema/endo/colonoscopyQuality.owl#Distal_part_of_ileum> -> <http://blulab.chpc.utah.edu/ontologies/schema/endo/colonoscopyQuality.owl#Wall_of_distal_part_of_ileum> -> <http://blulab.chpc.utah.edu/ontologies/schema/endo/colonoscopyQuality.owl#Serosa_of_distal_part_of_ileum>, <http://blulab.chpc.utah.edu/ontologies/v2/ConText.owl#Lexicon> -> <http://blulab.chpc.utah.edu/ontologies/v2/ConText.owl#Modifier> -> <http://blulab.chpc.utah.edu/ontologies/v2/ConText.owl#SemanticModifier> -> <http://blulab.chpc.utah.edu/ontologies/v2/ConText.owl#BodySite> -> <http://blulab.chpc.utah.edu/ontologies/schema/endo/colonoscopyQuality.owl#ileum> -> <http://blulab.chpc.utah.edu/ontologies/schema/endo/colonoscopyQuality.owl#Distal_part_of_ileum> -> <http://blulab.chpc.utah.edu/ontologies/schema/endo/colonoscopyQuality.owl#Wall_of_distal_part_of_ileum> -> <http://blulab.chpc.utah.edu/ontologies/schema/endo/colonoscopyQuality.owl#Serosa_of_distal_part_of_ileum>]]

	Modifier: Submucosa_of_distal_part_of_ileum, uri=http://blulab.chpc.utah.edu/ontologies/schema/endo/colonoscopyQuality.owl#Submucosa_of_distal_part_of_ileum, type= Semantic, classPath= [<http://blulab.chpc.utah.edu/ontologies/v2/ConText.owl#Lexicon> -> <http://blulab.chpc.utah.edu/ontologies/v2/ConText.owl#Modifier> -> <http://blulab.chpc.utah.edu/ontologies/v2/ConText.owl#SemanticModifier> -> <http://blulab.chpc.utah.edu/ontologies/v2/ConText.owl#BodySite> -> <http://blulab.chpc.utah.edu/ontologies/schema/endo/colonoscopyQuality.owl#ileum> -> <http://blulab.chpc.utah.edu/ontologies/schema/endo/colonoscopyQuality.owl#Entire_ileum> -> <http://blulab.chpc.utah.edu/ontologies/schema/endo/colonoscopyQuality.owl#Distal_part_of_ileum> -> <http://blulab.chpc.utah.edu/ontologies/schema/endo/colonoscopyQuality.owl#Wall_of_distal_part_of_ileum> -> <http://blulab.chpc.utah.edu/ontologies/schema/endo/colonoscopyQuality.owl#Submucosa_of_distal_part_of_ileum>, <http://blulab.chpc.utah.edu/ontologies/v2/ConText.owl#Lexicon> -> <http://blulab.chpc.utah.edu/ontologies/v2/ConText.owl#Modifier> -> <http://blulab.chpc.utah.edu/ontologies/v2/ConText.owl#SemanticModifier> -> <http://blulab.chpc.utah.edu/ontologies/v2/ConText.owl#BodySite> -> <http://blulab.chpc.utah.edu/ontologies/schema/endo/colonoscopyQuality.owl#ileum> -> <http://blulab.chpc.utah.edu/ontologies/schema/endo/colonoscopyQuality.owl#Region_of_ileum> -> <http://blulab.chpc.utah.edu/ontologies/schema/endo/colonoscopyQuality.owl#Subdivision_of_wall_of_ileum> -> <http://blulab.chpc.utah.edu/ontologies/schema/endo/colonoscopyQuality.owl#Wall_of_distal_part_of_ileum> -> <http://blulab.chpc.utah.edu/ontologies/schema/endo/colonoscopyQuality.owl#Submucosa_of_distal_part_of_ileum>, <http://blulab.chpc.utah.edu/ontologies/v2/ConText.owl#Lexicon> -> <http://blulab.chpc.utah.edu/ontologies/v2/ConText.owl#Modifier> -> <http://blulab.chpc.utah.edu/ontologies/v2/ConText.owl#SemanticModifier> -> <http://blulab.chpc.utah.edu/ontologies/v2/ConText.owl#BodySite> -> <http://blulab.chpc.utah.edu/ontologies/schema/endo/colonoscopyQuality.owl#ileum> -> <http://blulab.chpc.utah.edu/ontologies/schema/endo/colonoscopyQuality.owl#Wall_of_ileum> -> <http://blulab.chpc.utah.edu/ontologies/schema/endo/colonoscopyQuality.owl#Wall_of_distal_part_of_ileum> -> <http://blulab.chpc.utah.edu/ontologies/schema/endo/colonoscopyQuality.owl#Submucosa_of_distal_part_of_ileum>, <http://blulab.chpc.utah.edu/ontologies/v2/ConText.owl#Lexicon> -> <http://blulab.chpc.utah.edu/ontologies/v2/ConText.owl#Modifier> -> <http://blulab.chpc.utah.edu/ontologies/v2/ConText.owl#SemanticModifier> -> <http://blulab.chpc.utah.edu/ontologies/v2/ConText.owl#BodySite> -> <http://blulab.chpc.utah.edu/ontologies/schema/endo/colonoscopyQuality.owl#ileum> -> <http://blulab.chpc.utah.edu/ontologies/schema/endo/colonoscopyQuality.owl#Region_of_ileum> -> <http://blulab.chpc.utah.edu/ontologies/schema/endo/colonoscopyQuality.owl#Wall_of_ileum> -> <http://blulab.chpc.utah.edu/ontologies/schema/endo/colonoscopyQuality.owl#Wall_of_distal_part_of_ileum> -> <http://blulab.chpc.utah.edu/ontologies/schema/endo/colonoscopyQuality.owl#Submucosa_of_distal_part_of_ileum>, <http://blulab.chpc.utah.edu/ontologies/v2/ConText.owl#Lexicon> -> <http://blulab.chpc.utah.edu/ontologies/v2/ConText.owl#Modifier> -> <http://blulab.chpc.utah.edu/ontologies/v2/ConText.owl#SemanticModifier> -> <http://blulab.chpc.utah.edu/ontologies/v2/ConText.owl#BodySite> -> <http://blulab.chpc.utah.edu/ontologies/schema/endo/colonoscopyQuality.owl#ileum> -> <http://blulab.chpc.utah.edu/ontologies/schema/endo/colonoscopyQuality.owl#Region_of_ileum> -> <http://blulab.chpc.utah.edu/ontologies/schema/endo/colonoscopyQuality.owl#Distal_part_of_ileum> -> <http://blulab.chpc.utah.edu/ontologies/schema/endo/colonoscopyQuality.owl#Wall_of_distal_part_of_ileum> -> <http://blulab.chpc.utah.edu/ontologies/schema/endo/colonoscopyQuality.owl#Submucosa_of_distal_part_of_ileum>, <http://blulab.chpc.utah.edu/ontologies/v2/ConText.owl#Lexicon> -> <http://blulab.chpc.utah.edu/ontologies/v2/ConText.owl#Modifier> -> <http://blulab.chpc.utah.edu/ontologies/v2/ConText.owl#SemanticModifier> -> <http://blulab.chpc.utah.edu/ontologies/v2/ConText.owl#BodySite> -> <http://blulab.chpc.utah.edu/ontologies/schema/endo/colonoscopyQuality.owl#ileum> -> <http://blulab.chpc.utah.edu/ontologies/schema/endo/colonoscopyQuality.owl#Distal_part_of_ileum> -> <http://blulab.chpc.utah.edu/ontologies/schema/endo/colonoscopyQuality.owl#Wall_of_distal_part_of_ileum> -> <http://blulab.chpc.utah.edu/ontologies/schema/endo/colonoscopyQuality.owl#Submucosa_of_distal_part_of_ileum>]]

	Modifier: Subserosa_of_distal_part_of_ileum, uri=http://blulab.chpc.utah.edu/ontologies/schema/endo/colonoscopyQuality.owl#Subserosa_of_distal_part_of_ileum, type= Semantic, classPath= [<http://blulab.chpc.utah.edu/ontologies/v2/ConText.owl#Lexicon> -> <http://blulab.chpc.utah.edu/ontologies/v2/ConText.owl#Modifier> -> <http://blulab.chpc.utah.edu/ontologies/v2/ConText.owl#SemanticModifier> -> <http://blulab.chpc.utah.edu/ontologies/v2/ConText.owl#BodySite> -> <http://blulab.chpc.utah.edu/ontologies/schema/endo/colonoscopyQuality.owl#ileum> -> <http://blulab.chpc.utah.edu/ontologies/schema/endo/colonoscopyQuality.owl#Entire_ileum> -> <http://blulab.chpc.utah.edu/ontologies/schema/endo/colonoscopyQuality.owl#Distal_part_of_ileum> -> <http://blulab.chpc.utah.edu/ontologies/schema/endo/colonoscopyQuality.owl#Wall_of_distal_part_of_ileum> -> <http://blulab.chpc.utah.edu/ontologies/schema/endo/colonoscopyQuality.owl#Subserosa_of_distal_part_of_ileum>, <http://blulab.chpc.utah.edu/ontologies/v2/ConText.owl#Lexicon> -> <http://blulab.chpc.utah.edu/ontologies/v2/ConText.owl#Modifier> -> <http://blulab.chpc.utah.edu/ontologies/v2/ConText.owl#SemanticModifier> -> <http://blulab.chpc.utah.edu/ontologies/v2/ConText.owl#BodySite> -> <http://blulab.chpc.utah.edu/ontologies/schema/endo/colonoscopyQuality.owl#ileum> -> <http://blulab.chpc.utah.edu/ontologies/schema/endo/colonoscopyQuality.owl#Region_of_ileum> -> <http://blulab.chpc.utah.edu/ontologies/schema/endo/colonoscopyQuality.owl#Subdivision_of_wall_of_ileum> -> <http://blulab.chpc.utah.edu/ontologies/schema/endo/colonoscopyQuality.owl#Wall_of_distal_part_of_ileum> -> <http://blulab.chpc.utah.edu/ontologies/schema/endo/colonoscopyQuality.owl#Subserosa_of_distal_part_of_ileum>, <http://blulab.chpc.utah.edu/ontologies/v2/ConText.owl#Lexicon> -> <http://blulab.chpc.utah.edu/ontologies/v2/ConText.owl#Modifier> -> <http://blulab.chpc.utah.edu/ontologies/v2/ConText.owl#SemanticModifier> -> <http://blulab.chpc.utah.edu/ontologies/v2/ConText.owl#BodySite> -> <http://blulab.chpc.utah.edu/ontologies/schema/endo/colonoscopyQuality.owl#ileum> -> <http://blulab.chpc.utah.edu/ontologies/schema/endo/colonoscopyQuality.owl#Wall_of_ileum> -> <http://blulab.chpc.utah.edu/ontologies/schema/endo/colonoscopyQuality.owl#Wall_of_distal_part_of_ileum> -> <http://blulab.chpc.utah.edu/ontologies/schema/endo/colonoscopyQuality.owl#Subserosa_of_distal_part_of_ileum>, <http://blulab.chpc.utah.edu/ontologies/v2/ConText.owl#Lexicon> -> <http://blulab.chpc.utah.edu/ontologies/v2/ConText.owl#Modifier> -> <http://blulab.chpc.utah.edu/ontologies/v2/ConText.owl#SemanticModifier> -> <http://blulab.chpc.utah.edu/ontologies/v2/ConText.owl#BodySite> -> <http://blulab.chpc.utah.edu/ontologies/schema/endo/colonoscopyQuality.owl#ileum> -> <http://blulab.chpc.utah.edu/ontologies/schema/endo/colonoscopyQuality.owl#Region_of_ileum> -> <http://blulab.chpc.utah.edu/ontologies/schema/endo/colonoscopyQuality.owl#Wall_of_ileum> -> <http://blulab.chpc.utah.edu/ontologies/schema/endo/colonoscopyQuality.owl#Wall_of_distal_part_of_ileum> -> <http://blulab.chpc.utah.edu/ontologies/schema/endo/colonoscopyQuality.owl#Subserosa_of_distal_part_of_ileum>, <http://blulab.chpc.utah.edu/ontologies/v2/ConText.owl#Lexicon> -> <http://blulab.chpc.utah.edu/ontologies/v2/ConText.owl#Modifier> -> <http://blulab.chpc.utah.edu/ontologies/v2/ConText.owl#SemanticModifier> -> <http://blulab.chpc.utah.edu/ontologies/v2/ConText.owl#BodySite> -> <http://blulab.chpc.utah.edu/ontologies/schema/endo/colonoscopyQuality.owl#ileum> -> <http://blulab.chpc.utah.edu/ontologies/schema/endo/colonoscopyQuality.owl#Region_of_ileum> -> <http://blulab.chpc.utah.edu/ontologies/schema/endo/colonoscopyQuality.owl#Distal_part_of_ileum> -> <http://blulab.chpc.utah.edu/ontologies/schema/endo/colonoscopyQuality.owl#Wall_of_distal_part_of_ileum> -> <http://blulab.chpc.utah.edu/ontologies/schema/endo/colonoscopyQuality.owl#Subserosa_of_distal_part_of_ileum>, <http://blulab.chpc.utah.edu/ontologies/v2/ConText.owl#Lexicon> -> <http://blulab.chpc.utah.edu/ontologies/v2/ConText.owl#Modifier> -> <http://blulab.chpc.utah.edu/ontologies/v2/ConText.owl#SemanticModifier> -> <http://blulab.chpc.utah.edu/ontologies/v2/ConText.owl#BodySite> -> <http://blulab.chpc.utah.edu/ontologies/schema/endo/colonoscopyQuality.owl#ileum> -> <http://blulab.chpc.utah.edu/ontologies/schema/endo/colonoscopyQuality.owl#Distal_part_of_ileum> -> <http://blulab.chpc.utah.edu/ontologies/schema/endo/colonoscopyQuality.owl#Wall_of_distal_part_of_ileum> -> <http://blulab.chpc.utah.edu/ontologies/schema/endo/colonoscopyQuality.owl#Subserosa_of_distal_part_of_ileum>]]

	Modifier: Entire_ileum, uri=http://blulab.chpc.utah.edu/ontologies/schema/endo/colonoscopyQuality.owl#Entire_ileum, type= Semantic, classPath= [<http://blulab.chpc.utah.edu/ontologies/v2/ConText.owl#Lexicon> -> <http://blulab.chpc.utah.edu/ontologies/v2/ConText.owl#Modifier> -> <http://blulab.chpc.utah.edu/ontologies/v2/ConText.owl#SemanticModifier> -> <http://blulab.chpc.utah.edu/ontologies/v2/ConText.owl#BodySite> -> <http://blulab.chpc.utah.edu/ontologies/schema/endo/colonoscopyQuality.owl#ileum> -> <http://blulab.chpc.utah.edu/ontologies/schema/endo/colonoscopyQuality.owl#Entire_ileum>]]

	Modifier: Distal_part_of_ileum, uri=http://blulab.chpc.utah.edu/ontologies/schema/endo/colonoscopyQuality.owl#Distal_part_of_ileum, type= Semantic, classPath= [<http://blulab.chpc.utah.edu/ontologies/v2/ConText.owl#Lexicon> -> <http://blulab.chpc.utah.edu/ontologies/v2/ConText.owl#Modifier> -> <http://blulab.chpc.utah.edu/ontologies/v2/ConText.owl#SemanticModifier> -> <http://blulab.chpc.utah.edu/ontologies/v2/ConText.owl#BodySite> -> <http://blulab.chpc.utah.edu/ontologies/schema/endo/colonoscopyQuality.owl#ileum> -> <http://blulab.chpc.utah.edu/ontologies/schema/endo/colonoscopyQuality.owl#Entire_ileum> -> <http://blulab.chpc.utah.edu/ontologies/schema/endo/colonoscopyQuality.owl#Distal_part_of_ileum>, <http://blulab.chpc.utah.edu/ontologies/v2/ConText.owl#Lexicon> -> <http://blulab.chpc.utah.edu/ontologies/v2/ConText.owl#Modifier> -> <http://blulab.chpc.utah.edu/ontologies/v2/ConText.owl#SemanticModifier> -> <http://blulab.chpc.utah.edu/ontologies/v2/ConText.owl#BodySite> -> <http://blulab.chpc.utah.edu/ontologies/schema/endo/colonoscopyQuality.owl#ileum> -> <http://blulab.chpc.utah.edu/ontologies/schema/endo/colonoscopyQuality.owl#Region_of_ileum> -> <http://blulab.chpc.utah.edu/ontologies/schema/endo/colonoscopyQuality.owl#Distal_part_of_ileum>, <http://blulab.chpc.utah.edu/ontologies/v2/ConText.owl#Lexicon> -> <http://blulab.chpc.utah.edu/ontologies/v2/ConText.owl#Modifier> -> <http://blulab.chpc.utah.edu/ontologies/v2/ConText.owl#SemanticModifier> -> <http://blulab.chpc.utah.edu/ontologies/v2/ConText.owl#BodySite> -> <http://blulab.chpc.utah.edu/ontologies/schema/endo/colonoscopyQuality.owl#ileum> -> <http://blulab.chpc.utah.edu/ontologies/schema/endo/colonoscopyQuality.owl#Distal_part_of_ileum>]]

	Modifier: Entire_distal_portion_of_ileum, uri=http://blulab.chpc.utah.edu/ontologies/schema/endo/colonoscopyQuality.owl#Entire_distal_portion_of_ileum, type= Semantic, classPath= [<http://blulab.chpc.utah.edu/ontologies/v2/ConText.owl#Lexicon> -> <http://blulab.chpc.utah.edu/ontologies/v2/ConText.owl#Modifier> -> <http://blulab.chpc.utah.edu/ontologies/v2/ConText.owl#SemanticModifier> -> <http://blulab.chpc.utah.edu/ontologies/v2/ConText.owl#BodySite> -> <http://blulab.chpc.utah.edu/ontologies/schema/endo/colonoscopyQuality.owl#ileum> -> <http://blulab.chpc.utah.edu/ontologies/schema/endo/colonoscopyQuality.owl#Entire_ileum> -> <http://blulab.chpc.utah.edu/ontologies/schema/endo/colonoscopyQuality.owl#Entire_distal_portion_of_ileum>, <http://blulab.chpc.utah.edu/ontologies/v2/ConText.owl#Lexicon> -> <http://blulab.chpc.utah.edu/ontologies/v2/ConText.owl#Modifier> -> <http://blulab.chpc.utah.edu/ontologies/v2/ConText.owl#SemanticModifier> -> <http://blulab.chpc.utah.edu/ontologies/v2/ConText.owl#BodySite> -> <http://blulab.chpc.utah.edu/ontologies/schema/endo/colonoscopyQuality.owl#ileum> -> <http://blulab.chpc.utah.edu/ontologies/schema/endo/colonoscopyQuality.owl#Region_of_ileum> -> <http://blulab.chpc.utah.edu/ontologies/schema/endo/colonoscopyQuality.owl#Entire_distal_portion_of_ileum>]]

	Modifier: Ileal_mucous_membrane, uri=http://blulab.chpc.utah.edu/ontologies/schema/endo/colonoscopyQuality.owl#Ileal_mucous_membrane, type= Semantic, classPath= [<http://blulab.chpc.utah.edu/ontologies/v2/ConText.owl#Lexicon> -> <http://blulab.chpc.utah.edu/ontologies/v2/ConText.owl#Modifier> -> <http://blulab.chpc.utah.edu/ontologies/v2/ConText.owl#SemanticModifier> -> <http://blulab.chpc.utah.edu/ontologies/v2/ConText.owl#BodySite> -> <http://blulab.chpc.utah.edu/ontologies/schema/endo/colonoscopyQuality.owl#ileum> -> <http://blulab.chpc.utah.edu/ontologies/schema/endo/colonoscopyQuality.owl#Entire_ileum> -> <http://blulab.chpc.utah.edu/ontologies/schema/endo/colonoscopyQuality.owl#Ileal_mucous_membrane>, <http://blulab.chpc.utah.edu/ontologies/v2/ConText.owl#Lexicon> -> <http://blulab.chpc.utah.edu/ontologies/v2/ConText.owl#Modifier> -> <http://blulab.chpc.utah.edu/ontologies/v2/ConText.owl#SemanticModifier> -> <http://blulab.chpc.utah.edu/ontologies/v2/ConText.owl#BodySite> -> <http://blulab.chpc.utah.edu/ontologies/schema/endo/colonoscopyQuality.owl#ileum> -> <http://blulab.chpc.utah.edu/ontologies/schema/endo/colonoscopyQuality.owl#Wall_of_ileum> -> <http://blulab.chpc.utah.edu/ontologies/schema/endo/colonoscopyQuality.owl#Ileal_mucous_membrane>, <http://blulab.chpc.utah.edu/ontologies/v2/ConText.owl#Lexicon> -> <http://blulab.chpc.utah.edu/ontologies/v2/ConText.owl#Modifier> -> <http://blulab.chpc.utah.edu/ontologies/v2/ConText.owl#SemanticModifier> -> <http://blulab.chpc.utah.edu/ontologies/v2/ConText.owl#BodySite> -> <http://blulab.chpc.utah.edu/ontologies/schema/endo/colonoscopyQuality.owl#ileum> -> <http://blulab.chpc.utah.edu/ontologies/schema/endo/colonoscopyQuality.owl#Region_of_ileum> -> <http://blulab.chpc.utah.edu/ontologies/schema/endo/colonoscopyQuality.owl#Wall_of_ileum> -> <http://blulab.chpc.utah.edu/ontologies/schema/endo/colonoscopyQuality.owl#Ileal_mucous_membrane>]]

	Modifier: Entire_ileal_mucous_membrane, uri=http://blulab.chpc.utah.edu/ontologies/schema/endo/colonoscopyQuality.owl#Entire_ileal_mucous_membrane, type= Semantic, classPath= [<http://blulab.chpc.utah.edu/ontologies/v2/ConText.owl#Lexicon> -> <http://blulab.chpc.utah.edu/ontologies/v2/ConText.owl#Modifier> -> <http://blulab.chpc.utah.edu/ontologies/v2/ConText.owl#SemanticModifier> -> <http://blulab.chpc.utah.edu/ontologies/v2/ConText.owl#BodySite> -> <http://blulab.chpc.utah.edu/ontologies/schema/endo/colonoscopyQuality.owl#ileum> -> <http://blulab.chpc.utah.edu/ontologies/schema/endo/colonoscopyQuality.owl#Entire_ileum> -> <http://blulab.chpc.utah.edu/ontologies/schema/endo/colonoscopyQuality.owl#Ileal_mucous_membrane> -> <http://blulab.chpc.utah.edu/ontologies/schema/endo/colonoscopyQuality.owl#Entire_ileal_mucous_membrane>, <http://blulab.chpc.utah.edu/ontologies/v2/ConText.owl#Lexicon> -> <http://blulab.chpc.utah.edu/ontologies/v2/ConText.owl#Modifier> -> <http://blulab.chpc.utah.edu/ontologies/v2/ConText.owl#SemanticModifier> -> <http://blulab.chpc.utah.edu/ontologies/v2/ConText.owl#BodySite> -> <http://blulab.chpc.utah.edu/ontologies/schema/endo/colonoscopyQuality.owl#ileum> -> <http://blulab.chpc.utah.edu/ontologies/schema/endo/colonoscopyQuality.owl#Wall_of_ileum> -> <http://blulab.chpc.utah.edu/ontologies/schema/endo/colonoscopyQuality.owl#Ileal_mucous_membrane> -> <http://blulab.chpc.utah.edu/ontologies/schema/endo/colonoscopyQuality.owl#Entire_ileal_mucous_membrane>, <http://blulab.chpc.utah.edu/ontologies/v2/ConText.owl#Lexicon> -> <http://blulab.chpc.utah.edu/ontologies/v2/ConText.owl#Modifier> -> <http://blulab.chpc.utah.edu/ontologies/v2/ConText.owl#SemanticModifier> -> <http://blulab.chpc.utah.edu/ontologies/v2/ConText.owl#BodySite> -> <http://blulab.chpc.utah.edu/ontologies/schema/endo/colonoscopyQuality.owl#ileum> -> <http://blulab.chpc.utah.edu/ontologies/schema/endo/colonoscopyQuality.owl#Region_of_ileum> -> <http://blulab.chpc.utah.edu/ontologies/schema/endo/colonoscopyQuality.owl#Wall_of_ileum> -> <http://blulab.chpc.utah.edu/ontologies/schema/endo/colonoscopyQuality.owl#Ileal_mucous_membrane> -> <http://blulab.chpc.utah.edu/ontologies/schema/endo/colonoscopyQuality.owl#Entire_ileal_mucous_membrane>]]

	Modifier: Ileal_epithelium, uri=http://blulab.chpc.utah.edu/ontologies/schema/endo/colonoscopyQuality.owl#Ileal_epithelium, type= Semantic, classPath= [<http://blulab.chpc.utah.edu/ontologies/v2/ConText.owl#Lexicon> -> <http://blulab.chpc.utah.edu/ontologies/v2/ConText.owl#Modifier> -> <http://blulab.chpc.utah.edu/ontologies/v2/ConText.owl#SemanticModifier> -> <http://blulab.chpc.utah.edu/ontologies/v2/ConText.owl#BodySite> -> <http://blulab.chpc.utah.edu/ontologies/schema/endo/colonoscopyQuality.owl#ileum> -> <http://blulab.chpc.utah.edu/ontologies/schema/endo/colonoscopyQuality.owl#Entire_ileum> -> <http://blulab.chpc.utah.edu/ontologies/schema/endo/colonoscopyQuality.owl#Ileal_mucous_membrane> -> <http://blulab.chpc.utah.edu/ontologies/schema/endo/colonoscopyQuality.owl#Entire_ileal_mucous_membrane> -> <http://blulab.chpc.utah.edu/ontologies/schema/endo/colonoscopyQuality.owl#Ileal_epithelium>, <http://blulab.chpc.utah.edu/ontologies/v2/ConText.owl#Lexicon> -> <http://blulab.chpc.utah.edu/ontologies/v2/ConText.owl#Modifier> -> <http://blulab.chpc.utah.edu/ontologies/v2/ConText.owl#SemanticModifier> -> <http://blulab.chpc.utah.edu/ontologies/v2/ConText.owl#BodySite> -> <http://blulab.chpc.utah.edu/ontologies/schema/endo/colonoscopyQuality.owl#ileum> -> <http://blulab.chpc.utah.edu/ontologies/schema/endo/colonoscopyQuality.owl#Entire_ileum> -> <http://blulab.chpc.utah.edu/ontologies/schema/endo/colonoscopyQuality.owl#Ileal_mucous_membrane> -> <http://blulab.chpc.utah.edu/ontologies/schema/endo/colonoscopyQuality.owl#Intestinal_villus_of_ileum> -> <http://blulab.chpc.utah.edu/ontologies/schema/endo/colonoscopyQuality.owl#Ileal_epithelium>, <http://blulab.chpc.utah.edu/ontologies/v2/ConText.owl#Lexicon> -> <http://blulab.chpc.utah.edu/ontologies/v2/ConText.owl#Modifier> -> <http://blulab.chpc.utah.edu/ontologies/v2/ConText.owl#SemanticModifier> -> <http://blulab.chpc.utah.edu/ontologies/v2/ConText.owl#BodySite> -> <http://blulab.chpc.utah.edu/ontologies/schema/endo/colonoscopyQuality.owl#ileum> -> <http://blulab.chpc.utah.edu/ontologies/schema/endo/colonoscopyQuality.owl#Wall_of_ileum> -> <http://blulab.chpc.utah.edu/ontologies/schema/endo/colonoscopyQuality.owl#Ileal_mucous_membrane> -> <http://blulab.chpc.utah.edu/ontologies/schema/endo/colonoscopyQuality.owl#Intestinal_villus_of_ileum> -> <http://blulab.chpc.utah.edu/ontologies/schema/endo/colonoscopyQuality.owl#Ileal_epithelium>, <http://blulab.chpc.utah.edu/ontologies/v2/ConText.owl#Lexicon> -> <http://blulab.chpc.utah.edu/ontologies/v2/ConText.owl#Modifier> -> <http://blulab.chpc.utah.edu/ontologies/v2/ConText.owl#SemanticModifier> -> <http://blulab.chpc.utah.edu/ontologies/v2/ConText.owl#BodySite> -> <http://blulab.chpc.utah.edu/ontologies/schema/endo/colonoscopyQuality.owl#ileum> -> <http://blulab.chpc.utah.edu/ontologies/schema/endo/colonoscopyQuality.owl#Region_of_ileum> -> <http://blulab.chpc.utah.edu/ontologies/schema/endo/colonoscopyQuality.owl#Wall_of_ileum> -> <http://blulab.chpc.utah.edu/ontologies/schema/endo/colonoscopyQuality.owl#Ileal_mucous_membrane> -> <http://blulab.chpc.utah.edu/ontologies/schema/endo/colonoscopyQuality.owl#Intestinal_villus_of_ileum> -> <http://blulab.chpc.utah.edu/ontologies/schema/endo/colonoscopyQuality.owl#Ileal_epithelium>, <http://blulab.chpc.utah.edu/ontologies/v2/ConText.owl#Lexicon> -> <http://blulab.chpc.utah.edu/ontologies/v2/ConText.owl#Modifier> -> <http://blulab.chpc.utah.edu/ontologies/v2/ConText.owl#SemanticModifier> -> <http://blulab.chpc.utah.edu/ontologies/v2/ConText.owl#BodySite> -> <http://blulab.chpc.utah.edu/ontologies/schema/endo/colonoscopyQuality.owl#ileum> -> <http://blulab.chpc.utah.edu/ontologies/schema/endo/colonoscopyQuality.owl#Wall_of_ileum> -> <http://blulab.chpc.utah.edu/ontologies/schema/endo/colonoscopyQuality.owl#Ileal_mucous_membrane> -> <http://blulab.chpc.utah.edu/ontologies/schema/endo/colonoscopyQuality.owl#Entire_ileal_mucous_membrane> -> <http://blulab.chpc.utah.edu/ontologies/schema/endo/colonoscopyQuality.owl#Ileal_epithelium>, <http://blulab.chpc.utah.edu/ontologies/v2/ConText.owl#Lexicon> -> <http://blulab.chpc.utah.edu/ontologies/v2/ConText.owl#Modifier> -> <http://blulab.chpc.utah.edu/ontologies/v2/ConText.owl#SemanticModifier> -> <http://blulab.chpc.utah.edu/ontologies/v2/ConText.owl#BodySite> -> <http://blulab.chpc.utah.edu/ontologies/schema/endo/colonoscopyQuality.owl#ileum> -> <http://blulab.chpc.utah.edu/ontologies/schema/endo/colonoscopyQuality.owl#Region_of_ileum> -> <http://blulab.chpc.utah.edu/ontologies/schema/endo/colonoscopyQuality.owl#Wall_of_ileum> -> <http://blulab.chpc.utah.edu/ontologies/schema/endo/colonoscopyQuality.owl#Ileal_mucous_membrane> -> <http://blulab.chpc.utah.edu/ontologies/schema/endo/colonoscopyQuality.owl#Entire_ileal_mucous_membrane> -> <http://blulab.chpc.utah.edu/ontologies/schema/endo/colonoscopyQuality.owl#Ileal_epithelium>]]

	Modifier: Ileal_lamina_propria, uri=http://blulab.chpc.utah.edu/ontologies/schema/endo/colonoscopyQuality.owl#Ileal_lamina_propria, type= Semantic, classPath= [<http://blulab.chpc.utah.edu/ontologies/v2/ConText.owl#Lexicon> -> <http://blulab.chpc.utah.edu/ontologies/v2/ConText.owl#Modifier> -> <http://blulab.chpc.utah.edu/ontologies/v2/ConText.owl#SemanticModifier> -> <http://blulab.chpc.utah.edu/ontologies/v2/ConText.owl#BodySite> -> <http://blulab.chpc.utah.edu/ontologies/schema/endo/colonoscopyQuality.owl#ileum> -> <http://blulab.chpc.utah.edu/ontologies/schema/endo/colonoscopyQuality.owl#Entire_ileum> -> <http://blulab.chpc.utah.edu/ontologies/schema/endo/colonoscopyQuality.owl#Ileal_mucous_membrane> -> <http://blulab.chpc.utah.edu/ontologies/schema/endo/colonoscopyQuality.owl#Entire_ileal_mucous_membrane> -> <http://blulab.chpc.utah.edu/ontologies/schema/endo/colonoscopyQuality.owl#Ileal_lamina_propria>, <http://blulab.chpc.utah.edu/ontologies/v2/ConText.owl#Lexicon> -> <http://blulab.chpc.utah.edu/ontologies/v2/ConText.owl#Modifier> -> <http://blulab.chpc.utah.edu/ontologies/v2/ConText.owl#SemanticModifier> -> <http://blulab.chpc.utah.edu/ontologies/v2/ConText.owl#BodySite> -> <http://blulab.chpc.utah.edu/ontologies/schema/endo/colonoscopyQuality.owl#ileum> -> <http://blulab.chpc.utah.edu/ontologies/schema/endo/colonoscopyQuality.owl#Entire_ileum> -> <http://blulab.chpc.utah.edu/ontologies/schema/endo/colonoscopyQuality.owl#Ileal_mucous_membrane> -> <http://blulab.chpc.utah.edu/ontologies/schema/endo/colonoscopyQuality.owl#Intestinal_villus_of_ileum> -> <http://blulab.chpc.utah.edu/ontologies/schema/endo/colonoscopyQuality.owl#Ileal_lamina_propria>, <http://blulab.chpc.utah.edu/ontologies/v2/ConText.owl#Lexicon> -> <http://blulab.chpc.utah.edu/ontologies/v2/ConText.owl#Modifier> -> <http://blulab.chpc.utah.edu/ontologies/v2/ConText.owl#SemanticModifier> -> <http://blulab.chpc.utah.edu/ontologies/v2/ConText.owl#BodySite> -> <http://blulab.chpc.utah.edu/ontologies/schema/endo/colonoscopyQuality.owl#ileum> -> <http://blulab.chpc.utah.edu/ontologies/schema/endo/colonoscopyQuality.owl#Wall_of_ileum> -> <http://blulab.chpc.utah.edu/ontologies/schema/endo/colonoscopyQuality.owl#Ileal_mucous_membrane> -> <http://blulab.chpc.utah.edu/ontologies/schema/endo/colonoscopyQuality.owl#Intestinal_villus_of_ileum> -> <http://blulab.chpc.utah.edu/ontologies/schema/endo/colonoscopyQuality.owl#Ileal_lamina_propria>, <http://blulab.chpc.utah.edu/ontologies/v2/ConText.owl#Lexicon> -> <http://blulab.chpc.utah.edu/ontologies/v2/ConText.owl#Modifier> -> <http://blulab.chpc.utah.edu/ontologies/v2/ConText.owl#SemanticModifier> -> <http://blulab.chpc.utah.edu/ontologies/v2/ConText.owl#BodySite> -> <http://blulab.chpc.utah.edu/ontologies/schema/endo/colonoscopyQuality.owl#ileum> -> <http://blulab.chpc.utah.edu/ontologies/schema/endo/colonoscopyQuality.owl#Region_of_ileum> -> <http://blulab.chpc.utah.edu/ontologies/schema/endo/colonoscopyQuality.owl#Wall_of_ileum> -> <http://blulab.chpc.utah.edu/ontologies/schema/endo/colonoscopyQuality.owl#Ileal_mucous_membrane> -> <http://blulab.chpc.utah.edu/ontologies/schema/endo/colonoscopyQuality.owl#Intestinal_villus_of_ileum> -> <http://blulab.chpc.utah.edu/ontologies/schema/endo/colonoscopyQuality.owl#Ileal_lamina_propria>, <http://blulab.chpc.utah.edu/ontologies/v2/ConText.owl#Lexicon> -> <http://blulab.chpc.utah.edu/ontologies/v2/ConText.owl#Modifier> -> <http://blulab.chpc.utah.edu/ontologies/v2/ConText.owl#SemanticModifier> -> <http://blulab.chpc.utah.edu/ontologies/v2/ConText.owl#BodySite> -> <http://blulab.chpc.utah.edu/ontologies/schema/endo/colonoscopyQuality.owl#ileum> -> <http://blulab.chpc.utah.edu/ontologies/schema/endo/colonoscopyQuality.owl#Wall_of_ileum> -> <http://blulab.chpc.utah.edu/ontologies/schema/endo/colonoscopyQuality.owl#Ileal_mucous_membrane> -> <http://blulab.chpc.utah.edu/ontologies/schema/endo/colonoscopyQuality.owl#Entire_ileal_mucous_membrane> -> <http://blulab.chpc.utah.edu/ontologies/schema/endo/colonoscopyQuality.owl#Ileal_lamina_propria>, <http://blulab.chpc.utah.edu/ontologies/v2/ConText.owl#Lexicon> -> <http://blulab.chpc.utah.edu/ontologies/v2/ConText.owl#Modifier> -> <http://blulab.chpc.utah.edu/ontologies/v2/ConText.owl#SemanticModifier> -> <http://blulab.chpc.utah.edu/ontologies/v2/ConText.owl#BodySite> -> <http://blulab.chpc.utah.edu/ontologies/schema/endo/colonoscopyQuality.owl#ileum> -> <http://blulab.chpc.utah.edu/ontologies/schema/endo/colonoscopyQuality.owl#Region_of_ileum> -> <http://blulab.chpc.utah.edu/ontologies/schema/endo/colonoscopyQuality.owl#Wall_of_ileum> -> <http://blulab.chpc.utah.edu/ontologies/schema/endo/colonoscopyQuality.owl#Ileal_mucous_membrane> -> <http://blulab.chpc.utah.edu/ontologies/schema/endo/colonoscopyQuality.owl#Entire_ileal_mucous_membrane> -> <http://blulab.chpc.utah.edu/ontologies/schema/endo/colonoscopyQuality.owl#Ileal_lamina_propria>]]

	Modifier: Ileal_submucosa, uri=http://blulab.chpc.utah.edu/ontologies/schema/endo/colonoscopyQuality.owl#Ileal_submucosa, type= Semantic, classPath= [<http://blulab.chpc.utah.edu/ontologies/v2/ConText.owl#Lexicon> -> <http://blulab.chpc.utah.edu/ontologies/v2/ConText.owl#Modifier> -> <http://blulab.chpc.utah.edu/ontologies/v2/ConText.owl#SemanticModifier> -> <http://blulab.chpc.utah.edu/ontologies/v2/ConText.owl#BodySite> -> <http://blulab.chpc.utah.edu/ontologies/schema/endo/colonoscopyQuality.owl#ileum> -> <http://blulab.chpc.utah.edu/ontologies/schema/endo/colonoscopyQuality.owl#Entire_ileum> -> <http://blulab.chpc.utah.edu/ontologies/schema/endo/colonoscopyQuality.owl#Ileal_mucous_membrane> -> <http://blulab.chpc.utah.edu/ontologies/schema/endo/colonoscopyQuality.owl#Entire_ileal_mucous_membrane> -> <http://blulab.chpc.utah.edu/ontologies/schema/endo/colonoscopyQuality.owl#Ileal_submucosa>, <http://blulab.chpc.utah.edu/ontologies/v2/ConText.owl#Lexicon> -> <http://blulab.chpc.utah.edu/ontologies/v2/ConText.owl#Modifier> -> <http://blulab.chpc.utah.edu/ontologies/v2/ConText.owl#SemanticModifier> -> <http://blulab.chpc.utah.edu/ontologies/v2/ConText.owl#BodySite> -> <http://blulab.chpc.utah.edu/ontologies/schema/endo/colonoscopyQuality.owl#ileum> -> <http://blulab.chpc.utah.edu/ontologies/schema/endo/colonoscopyQuality.owl#Wall_of_ileum> -> <http://blulab.chpc.utah.edu/ontologies/schema/endo/colonoscopyQuality.owl#Ileal_mucous_membrane> -> <http://blulab.chpc.utah.edu/ontologies/schema/endo/colonoscopyQuality.owl#Entire_ileal_mucous_membrane> -> <http://blulab.chpc.utah.edu/ontologies/schema/endo/colonoscopyQuality.owl#Ileal_submucosa>, <http://blulab.chpc.utah.edu/ontologies/v2/ConText.owl#Lexicon> -> <http://blulab.chpc.utah.edu/ontologies/v2/ConText.owl#Modifier> -> <http://blulab.chpc.utah.edu/ontologies/v2/ConText.owl#SemanticModifier> -> <http://blulab.chpc.utah.edu/ontologies/v2/ConText.owl#BodySite> -> <http://blulab.chpc.utah.edu/ontologies/schema/endo/colonoscopyQuality.owl#ileum> -> <http://blulab.chpc.utah.edu/ontologies/schema/endo/colonoscopyQuality.owl#Region_of_ileum> -> <http://blulab.chpc.utah.edu/ontologies/schema/endo/colonoscopyQuality.owl#Wall_of_ileum> -> <http://blulab.chpc.utah.edu/ontologies/schema/endo/colonoscopyQuality.owl#Ileal_mucous_membrane> -> <http://blulab.chpc.utah.edu/ontologies/schema/endo/colonoscopyQuality.owl#Entire_ileal_mucous_membrane> -> <http://blulab.chpc.utah.edu/ontologies/schema/endo/colonoscopyQuality.owl#Ileal_submucosa>]]

	Modifier: Intestinal_villus_of_ileum, uri=http://blulab.chpc.utah.edu/ontologies/schema/endo/colonoscopyQuality.owl#Intestinal_villus_of_ileum, type= Semantic, classPath= [<http://blulab.chpc.utah.edu/ontologies/v2/ConText.owl#Lexicon> -> <http://blulab.chpc.utah.edu/ontologies/v2/ConText.owl#Modifier> -> <http://blulab.chpc.utah.edu/ontologies/v2/ConText.owl#SemanticModifier> -> <http://blulab.chpc.utah.edu/ontologies/v2/ConText.owl#BodySite> -> <http://blulab.chpc.utah.edu/ontologies/schema/endo/colonoscopyQuality.owl#ileum> -> <http://blulab.chpc.utah.edu/ontologies/schema/endo/colonoscopyQuality.owl#Entire_ileum> -> <http://blulab.chpc.utah.edu/ontologies/schema/endo/colonoscopyQuality.owl#Ileal_mucous_membrane> -> <http://blulab.chpc.utah.edu/ontologies/schema/endo/colonoscopyQuality.owl#Intestinal_villus_of_ileum>, <http://blulab.chpc.utah.edu/ontologies/v2/ConText.owl#Lexicon> -> <http://blulab.chpc.utah.edu/ontologies/v2/ConText.owl#Modifier> -> <http://blulab.chpc.utah.edu/ontologies/v2/ConText.owl#SemanticModifier> -> <http://blulab.chpc.utah.edu/ontologies/v2/ConText.owl#BodySite> -> <http://blulab.chpc.utah.edu/ontologies/schema/endo/colonoscopyQuality.owl#ileum> -> <http://blulab.chpc.utah.edu/ontologies/schema/endo/colonoscopyQuality.owl#Wall_of_ileum> -> <http://blulab.chpc.utah.edu/ontologies/schema/endo/colonoscopyQuality.owl#Ileal_mucous_membrane> -> <http://blulab.chpc.utah.edu/ontologies/schema/endo/colonoscopyQuality.owl#Intestinal_villus_of_ileum>, <http://blulab.chpc.utah.edu/ontologies/v2/ConText.owl#Lexicon> -> <http://blulab.chpc.utah.edu/ontologies/v2/ConText.owl#Modifier> -> <http://blulab.chpc.utah.edu/ontologies/v2/ConText.owl#SemanticModifier> -> <http://blulab.chpc.utah.edu/ontologies/v2/ConText.owl#BodySite> -> <http://blulab.chpc.utah.edu/ontologies/schema/endo/colonoscopyQuality.owl#ileum> -> <http://blulab.chpc.utah.edu/ontologies/schema/endo/colonoscopyQuality.owl#Region_of_ileum> -> <http://blulab.chpc.utah.edu/ontologies/schema/endo/colonoscopyQuality.owl#Wall_of_ileum> -> <http://blulab.chpc.utah.edu/ontologies/schema/endo/colonoscopyQuality.owl#Ileal_mucous_membrane> -> <http://blulab.chpc.utah.edu/ontologies/schema/endo/colonoscopyQuality.owl#Intestinal_villus_of_ileum>]]

	Modifier: Crypt_of_Lieberkuhn_of_ileum, uri=http://blulab.chpc.utah.edu/ontologies/schema/endo/colonoscopyQuality.owl#Crypt_of_Lieberkuhn_of_ileum, type= Semantic, classPath= [<http://blulab.chpc.utah.edu/ontologies/v2/ConText.owl#Lexicon> -> <http://blulab.chpc.utah.edu/ontologies/v2/ConText.owl#Modifier> -> <http://blulab.chpc.utah.edu/ontologies/v2/ConText.owl#SemanticModifier> -> <http://blulab.chpc.utah.edu/ontologies/v2/ConText.owl#BodySite> -> <http://blulab.chpc.utah.edu/ontologies/schema/endo/colonoscopyQuality.owl#ileum> -> <http://blulab.chpc.utah.edu/ontologies/schema/endo/colonoscopyQuality.owl#Entire_ileum> -> <http://blulab.chpc.utah.edu/ontologies/schema/endo/colonoscopyQuality.owl#Ileal_mucous_membrane> -> <http://blulab.chpc.utah.edu/ontologies/schema/endo/colonoscopyQuality.owl#Intestinal_villus_of_ileum> -> <http://blulab.chpc.utah.edu/ontologies/schema/endo/colonoscopyQuality.owl#Crypt_of_Lieberkuhn_of_ileum>, <http://blulab.chpc.utah.edu/ontologies/v2/ConText.owl#Lexicon> -> <http://blulab.chpc.utah.edu/ontologies/v2/ConText.owl#Modifier> -> <http://blulab.chpc.utah.edu/ontologies/v2/ConText.owl#SemanticModifier> -> <http://blulab.chpc.utah.edu/ontologies/v2/ConText.owl#BodySite> -> <http://blulab.chpc.utah.edu/ontologies/schema/endo/colonoscopyQuality.owl#ileum> -> <http://blulab.chpc.utah.edu/ontologies/schema/endo/colonoscopyQuality.owl#Wall_of_ileum> -> <http://blulab.chpc.utah.edu/ontologies/schema/endo/colonoscopyQuality.owl#Ileal_mucous_membrane> -> <http://blulab.chpc.utah.edu/ontologies/schema/endo/colonoscopyQuality.owl#Intestinal_villus_of_ileum> -> <http://blulab.chpc.utah.edu/ontologies/schema/endo/colonoscopyQuality.owl#Crypt_of_Lieberkuhn_of_ileum>, <http://blulab.chpc.utah.edu/ontologies/v2/ConText.owl#Lexicon> -> <http://blulab.chpc.utah.edu/ontologies/v2/ConText.owl#Modifier> -> <http://blulab.chpc.utah.edu/ontologies/v2/ConText.owl#SemanticModifier> -> <http://blulab.chpc.utah.edu/ontologies/v2/ConText.owl#BodySite> -> <http://blulab.chpc.utah.edu/ontologies/schema/endo/colonoscopyQuality.owl#ileum> -> <http://blulab.chpc.utah.edu/ontologies/schema/endo/colonoscopyQuality.owl#Region_of_ileum> -> <http://blulab.chpc.utah.edu/ontologies/schema/endo/colonoscopyQuality.owl#Wall_of_ileum> -> <http://blulab.chpc.utah.edu/ontologies/schema/endo/colonoscopyQuality.owl#Ileal_mucous_membrane> -> <http://blulab.chpc.utah.edu/ontologies/schema/endo/colonoscopyQuality.owl#Intestinal_villus_of_ileum> -> <http://blulab.chpc.utah.edu/ontologies/schema/endo/colonoscopyQuality.owl#Crypt_of_Lieberkuhn_of_ileum>]]

	Modifier: Ileal_epithelium, uri=http://blulab.chpc.utah.edu/ontologies/schema/endo/colonoscopyQuality.owl#Ileal_epithelium, type= Semantic, classPath= [<http://blulab.chpc.utah.edu/ontologies/v2/ConText.owl#Lexicon> -> <http://blulab.chpc.utah.edu/ontologies/v2/ConText.owl#Modifier> -> <http://blulab.chpc.utah.edu/ontologies/v2/ConText.owl#SemanticModifier> -> <http://blulab.chpc.utah.edu/ontologies/v2/ConText.owl#BodySite> -> <http://blulab.chpc.utah.edu/ontologies/schema/endo/colonoscopyQuality.owl#ileum> -> <http://blulab.chpc.utah.edu/ontologies/schema/endo/colonoscopyQuality.owl#Entire_ileum> -> <http://blulab.chpc.utah.edu/ontologies/schema/endo/colonoscopyQuality.owl#Ileal_mucous_membrane> -> <http://blulab.chpc.utah.edu/ontologies/schema/endo/colonoscopyQuality.owl#Entire_ileal_mucous_membrane> -> <http://blulab.chpc.utah.edu/ontologies/schema/endo/colonoscopyQuality.owl#Ileal_epithelium>, <http://blulab.chpc.utah.edu/ontologies/v2/ConText.owl#Lexicon> -> <http://blulab.chpc.utah.edu/ontologies/v2/ConText.owl#Modifier> -> <http://blulab.chpc.utah.edu/ontologies/v2/ConText.owl#SemanticModifier> -> <http://blulab.chpc.utah.edu/ontologies/v2/ConText.owl#BodySite> -> <http://blulab.chpc.utah.edu/ontologies/schema/endo/colonoscopyQuality.owl#ileum> -> <http://blulab.chpc.utah.edu/ontologies/schema/endo/colonoscopyQuality.owl#Entire_ileum> -> <http://blulab.chpc.utah.edu/ontologies/schema/endo/colonoscopyQuality.owl#Ileal_mucous_membrane> -> <http://blulab.chpc.utah.edu/ontologies/schema/endo/colonoscopyQuality.owl#Intestinal_villus_of_ileum> -> <http://blulab.chpc.utah.edu/ontologies/schema/endo/colonoscopyQuality.owl#Ileal_epithelium>, <http://blulab.chpc.utah.edu/ontologies/v2/ConText.owl#Lexicon> -> <http://blulab.chpc.utah.edu/ontologies/v2/ConText.owl#Modifier> -> <http://blulab.chpc.utah.edu/ontologies/v2/ConText.owl#SemanticModifier> -> <http://blulab.chpc.utah.edu/ontologies/v2/ConText.owl#BodySite> -> <http://blulab.chpc.utah.edu/ontologies/schema/endo/colonoscopyQuality.owl#ileum> -> <http://blulab.chpc.utah.edu/ontologies/schema/endo/colonoscopyQuality.owl#Wall_of_ileum> -> <http://blulab.chpc.utah.edu/ontologies/schema/endo/colonoscopyQuality.owl#Ileal_mucous_membrane> -> <http://blulab.chpc.utah.edu/ontologies/schema/endo/colonoscopyQuality.owl#Intestinal_villus_of_ileum> -> <http://blulab.chpc.utah.edu/ontologies/schema/endo/colonoscopyQuality.owl#Ileal_epithelium>, <http://blulab.chpc.utah.edu/ontologies/v2/ConText.owl#Lexicon> -> <http://blulab.chpc.utah.edu/ontologies/v2/ConText.owl#Modifier> -> <http://blulab.chpc.utah.edu/ontologies/v2/ConText.owl#SemanticModifier> -> <http://blulab.chpc.utah.edu/ontologies/v2/ConText.owl#BodySite> -> <http://blulab.chpc.utah.edu/ontologies/schema/endo/colonoscopyQuality.owl#ileum> -> <http://blulab.chpc.utah.edu/ontologies/schema/endo/colonoscopyQuality.owl#Region_of_ileum> -> <http://blulab.chpc.utah.edu/ontologies/schema/endo/colonoscopyQuality.owl#Wall_of_ileum> -> <http://blulab.chpc.utah.edu/ontologies/schema/endo/colonoscopyQuality.owl#Ileal_mucous_membrane> -> <http://blulab.chpc.utah.edu/ontologies/schema/endo/colonoscopyQuality.owl#Intestinal_villus_of_ileum> -> <http://blulab.chpc.utah.edu/ontologies/schema/endo/colonoscopyQuality.owl#Ileal_epithelium>, <http://blulab.chpc.utah.edu/ontologies/v2/ConText.owl#Lexicon> -> <http://blulab.chpc.utah.edu/ontologies/v2/ConText.owl#Modifier> -> <http://blulab.chpc.utah.edu/ontologies/v2/ConText.owl#SemanticModifier> -> <http://blulab.chpc.utah.edu/ontologies/v2/ConText.owl#BodySite> -> <http://blulab.chpc.utah.edu/ontologies/schema/endo/colonoscopyQuality.owl#ileum> -> <http://blulab.chpc.utah.edu/ontologies/schema/endo/colonoscopyQuality.owl#Wall_of_ileum> -> <http://blulab.chpc.utah.edu/ontologies/schema/endo/colonoscopyQuality.owl#Ileal_mucous_membrane> -> <http://blulab.chpc.utah.edu/ontologies/schema/endo/colonoscopyQuality.owl#Entire_ileal_mucous_membrane> -> <http://blulab.chpc.utah.edu/ontologies/schema/endo/colonoscopyQuality.owl#Ileal_epithelium>, <http://blulab.chpc.utah.edu/ontologies/v2/ConText.owl#Lexicon> -> <http://blulab.chpc.utah.edu/ontologies/v2/ConText.owl#Modifier> -> <http://blulab.chpc.utah.edu/ontologies/v2/ConText.owl#SemanticModifier> -> <http://blulab.chpc.utah.edu/ontologies/v2/ConText.owl#BodySite> -> <http://blulab.chpc.utah.edu/ontologies/schema/endo/colonoscopyQuality.owl#ileum> -> <http://blulab.chpc.utah.edu/ontologies/schema/endo/colonoscopyQuality.owl#Region_of_ileum> -> <http://blulab.chpc.utah.edu/ontologies/schema/endo/colonoscopyQuality.owl#Wall_of_ileum> -> <http://blulab.chpc.utah.edu/ontologies/schema/endo/colonoscopyQuality.owl#Ileal_mucous_membrane> -> <http://blulab.chpc.utah.edu/ontologies/schema/endo/colonoscopyQuality.owl#Entire_ileal_mucous_membrane> -> <http://blulab.chpc.utah.edu/ontologies/schema/endo/colonoscopyQuality.owl#Ileal_epithelium>]]

	Modifier: Ileal_lamina_propria, uri=http://blulab.chpc.utah.edu/ontologies/schema/endo/colonoscopyQuality.owl#Ileal_lamina_propria, type= Semantic, classPath= [<http://blulab.chpc.utah.edu/ontologies/v2/ConText.owl#Lexicon> -> <http://blulab.chpc.utah.edu/ontologies/v2/ConText.owl#Modifier> -> <http://blulab.chpc.utah.edu/ontologies/v2/ConText.owl#SemanticModifier> -> <http://blulab.chpc.utah.edu/ontologies/v2/ConText.owl#BodySite> -> <http://blulab.chpc.utah.edu/ontologies/schema/endo/colonoscopyQuality.owl#ileum> -> <http://blulab.chpc.utah.edu/ontologies/schema/endo/colonoscopyQuality.owl#Entire_ileum> -> <http://blulab.chpc.utah.edu/ontologies/schema/endo/colonoscopyQuality.owl#Ileal_mucous_membrane> -> <http://blulab.chpc.utah.edu/ontologies/schema/endo/colonoscopyQuality.owl#Entire_ileal_mucous_membrane> -> <http://blulab.chpc.utah.edu/ontologies/schema/endo/colonoscopyQuality.owl#Ileal_lamina_propria>, <http://blulab.chpc.utah.edu/ontologies/v2/ConText.owl#Lexicon> -> <http://blulab.chpc.utah.edu/ontologies/v2/ConText.owl#Modifier> -> <http://blulab.chpc.utah.edu/ontologies/v2/ConText.owl#SemanticModifier> -> <http://blulab.chpc.utah.edu/ontologies/v2/ConText.owl#BodySite> -> <http://blulab.chpc.utah.edu/ontologies/schema/endo/colonoscopyQuality.owl#ileum> -> <http://blulab.chpc.utah.edu/ontologies/schema/endo/colonoscopyQuality.owl#Entire_ileum> -> <http://blulab.chpc.utah.edu/ontologies/schema/endo/colonoscopyQuality.owl#Ileal_mucous_membrane> -> <http://blulab.chpc.utah.edu/ontologies/schema/endo/colonoscopyQuality.owl#Intestinal_villus_of_ileum> -> <http://blulab.chpc.utah.edu/ontologies/schema/endo/colonoscopyQuality.owl#Ileal_lamina_propria>, <http://blulab.chpc.utah.edu/ontologies/v2/ConText.owl#Lexicon> -> <http://blulab.chpc.utah.edu/ontologies/v2/ConText.owl#Modifier> -> <http://blulab.chpc.utah.edu/ontologies/v2/ConText.owl#SemanticModifier> -> <http://blulab.chpc.utah.edu/ontologies/v2/ConText.owl#BodySite> -> <http://blulab.chpc.utah.edu/ontologies/schema/endo/colonoscopyQuality.owl#ileum> -> <http://blulab.chpc.utah.edu/ontologies/schema/endo/colonoscopyQuality.owl#Wall_of_ileum> -> <http://blulab.chpc.utah.edu/ontologies/schema/endo/colonoscopyQuality.owl#Ileal_mucous_membrane> -> <http://blulab.chpc.utah.edu/ontologies/schema/endo/colonoscopyQuality.owl#Intestinal_villus_of_ileum> -> <http://blulab.chpc.utah.edu/ontologies/schema/endo/colonoscopyQuality.owl#Ileal_lamina_propria>, <http://blulab.chpc.utah.edu/ontologies/v2/ConText.owl#Lexicon> -> <http://blulab.chpc.utah.edu/ontologies/v2/ConText.owl#Modifier> -> <http://blulab.chpc.utah.edu/ontologies/v2/ConText.owl#SemanticModifier> -> <http://blulab.chpc.utah.edu/ontologies/v2/ConText.owl#BodySite> -> <http://blulab.chpc.utah.edu/ontologies/schema/endo/colonoscopyQuality.owl#ileum> -> <http://blulab.chpc.utah.edu/ontologies/schema/endo/colonoscopyQuality.owl#Region_of_ileum> -> <http://blulab.chpc.utah.edu/ontologies/schema/endo/colonoscopyQuality.owl#Wall_of_ileum> -> <http://blulab.chpc.utah.edu/ontologies/schema/endo/colonoscopyQuality.owl#Ileal_mucous_membrane> -> <http://blulab.chpc.utah.edu/ontologies/schema/endo/colonoscopyQuality.owl#Intestinal_villus_of_ileum> -> <http://blulab.chpc.utah.edu/ontologies/schema/endo/colonoscopyQuality.owl#Ileal_lamina_propria>, <http://blulab.chpc.utah.edu/ontologies/v2/ConText.owl#Lexicon> -> <http://blulab.chpc.utah.edu/ontologies/v2/ConText.owl#Modifier> -> <http://blulab.chpc.utah.edu/ontologies/v2/ConText.owl#SemanticModifier> -> <http://blulab.chpc.utah.edu/ontologies/v2/ConText.owl#BodySite> -> <http://blulab.chpc.utah.edu/ontologies/schema/endo/colonoscopyQuality.owl#ileum> -> <http://blulab.chpc.utah.edu/ontologies/schema/endo/colonoscopyQuality.owl#Wall_of_ileum> -> <http://blulab.chpc.utah.edu/ontologies/schema/endo/colonoscopyQuality.owl#Ileal_mucous_membrane> -> <http://blulab.chpc.utah.edu/ontologies/schema/endo/colonoscopyQuality.owl#Entire_ileal_mucous_membrane> -> <http://blulab.chpc.utah.edu/ontologies/schema/endo/colonoscopyQuality.owl#Ileal_lamina_propria>, <http://blulab.chpc.utah.edu/ontologies/v2/ConText.owl#Lexicon> -> <http://blulab.chpc.utah.edu/ontologies/v2/ConText.owl#Modifier> -> <http://blulab.chpc.utah.edu/ontologies/v2/ConText.owl#SemanticModifier> -> <http://blulab.chpc.utah.edu/ontologies/v2/ConText.owl#BodySite> -> <http://blulab.chpc.utah.edu/ontologies/schema/endo/colonoscopyQuality.owl#ileum> -> <http://blulab.chpc.utah.edu/ontologies/schema/endo/colonoscopyQuality.owl#Region_of_ileum> -> <http://blulab.chpc.utah.edu/ontologies/schema/endo/colonoscopyQuality.owl#Wall_of_ileum> -> <http://blulab.chpc.utah.edu/ontologies/schema/endo/colonoscopyQuality.owl#Ileal_mucous_membrane> -> <http://blulab.chpc.utah.edu/ontologies/schema/endo/colonoscopyQuality.owl#Entire_ileal_mucous_membrane> -> <http://blulab.chpc.utah.edu/ontologies/schema/endo/colonoscopyQuality.owl#Ileal_lamina_propria>]]

	Modifier: Small_intestinal_crypt_of_Lieberkuhn, uri=http://blulab.chpc.utah.edu/ontologies/schema/endo/colonoscopyQuality.owl#Small_intestinal_crypt_of_Lieberkuhn, type= Semantic, classPath= [<http://blulab.chpc.utah.edu/ontologies/v2/ConText.owl#Lexicon> -> <http://blulab.chpc.utah.edu/ontologies/v2/ConText.owl#Modifier> -> <http://blulab.chpc.utah.edu/ontologies/v2/ConText.owl#SemanticModifier> -> <http://blulab.chpc.utah.edu/ontologies/v2/ConText.owl#BodySite> -> <http://blulab.chpc.utah.edu/ontologies/schema/endo/colonoscopyQuality.owl#ileum> -> <http://blulab.chpc.utah.edu/ontologies/schema/endo/colonoscopyQuality.owl#Entire_ileum> -> <http://blulab.chpc.utah.edu/ontologies/schema/endo/colonoscopyQuality.owl#Ileal_mucous_membrane> -> <http://blulab.chpc.utah.edu/ontologies/schema/endo/colonoscopyQuality.owl#Intestinal_villus_of_ileum> -> <http://blulab.chpc.utah.edu/ontologies/schema/endo/colonoscopyQuality.owl#Small_intestinal_crypt_of_Lieberkuhn>, <http://blulab.chpc.utah.edu/ontologies/v2/ConText.owl#Lexicon> -> <http://blulab.chpc.utah.edu/ontologies/v2/ConText.owl#Modifier> -> <http://blulab.chpc.utah.edu/ontologies/v2/ConText.owl#SemanticModifier> -> <http://blulab.chpc.utah.edu/ontologies/v2/ConText.owl#BodySite> -> <http://blulab.chpc.utah.edu/ontologies/schema/endo/colonoscopyQuality.owl#ileum> -> <http://blulab.chpc.utah.edu/ontologies/schema/endo/colonoscopyQuality.owl#Wall_of_ileum> -> <http://blulab.chpc.utah.edu/ontologies/schema/endo/colonoscopyQuality.owl#Ileal_mucous_membrane> -> <http://blulab.chpc.utah.edu/ontologies/schema/endo/colonoscopyQuality.owl#Intestinal_villus_of_ileum> -> <http://blulab.chpc.utah.edu/ontologies/schema/endo/colonoscopyQuality.owl#Small_intestinal_crypt_of_Lieberkuhn>, <http://blulab.chpc.utah.edu/ontologies/v2/ConText.owl#Lexicon> -> <http://blulab.chpc.utah.edu/ontologies/v2/ConText.owl#Modifier> -> <http://blulab.chpc.utah.edu/ontologies/v2/ConText.owl#SemanticModifier> -> <http://blulab.chpc.utah.edu/ontologies/v2/ConText.owl#BodySite> -> <http://blulab.chpc.utah.edu/ontologies/schema/endo/colonoscopyQuality.owl#ileum> -> <http://blulab.chpc.utah.edu/ontologies/schema/endo/colonoscopyQuality.owl#Region_of_ileum> -> <http://blulab.chpc.utah.edu/ontologies/schema/endo/colonoscopyQuality.owl#Wall_of_ileum> -> <http://blulab.chpc.utah.edu/ontologies/schema/endo/colonoscopyQuality.owl#Ileal_mucous_membrane> -> <http://blulab.chpc.utah.edu/ontologies/schema/endo/colonoscopyQuality.owl#Intestinal_villus_of_ileum> -> <http://blulab.chpc.utah.edu/ontologies/schema/endo/colonoscopyQuality.owl#Small_intestinal_crypt_of_Lieberkuhn>]]

	Modifier: Muscularis_mucosae_of_ileum, uri=http://blulab.chpc.utah.edu/ontologies/schema/endo/colonoscopyQuality.owl#Muscularis_mucosae_of_ileum, type= Semantic, classPath= [<http://blulab.chpc.utah.edu/ontologies/v2/ConText.owl#Lexicon> -> <http://blulab.chpc.utah.edu/ontologies/v2/ConText.owl#Modifier> -> <http://blulab.chpc.utah.edu/ontologies/v2/ConText.owl#SemanticModifier> -> <http://blulab.chpc.utah.edu/ontologies/v2/ConText.owl#BodySite> -> <http://blulab.chpc.utah.edu/ontologies/schema/endo/colonoscopyQuality.owl#ileum> -> <http://blulab.chpc.utah.edu/ontologies/schema/endo/colonoscopyQuality.owl#Entire_ileum> -> <http://blulab.chpc.utah.edu/ontologies/schema/endo/colonoscopyQuality.owl#Ileal_mucous_membrane> -> <http://blulab.chpc.utah.edu/ontologies/schema/endo/colonoscopyQuality.owl#Muscularis_mucosae_of_ileum>, <http://blulab.chpc.utah.edu/ontologies/v2/ConText.owl#Lexicon> -> <http://blulab.chpc.utah.edu/ontologies/v2/ConText.owl#Modifier> -> <http://blulab.chpc.utah.edu/ontologies/v2/ConText.owl#SemanticModifier> -> <http://blulab.chpc.utah.edu/ontologies/v2/ConText.owl#BodySite> -> <http://blulab.chpc.utah.edu/ontologies/schema/endo/colonoscopyQuality.owl#ileum> -> <http://blulab.chpc.utah.edu/ontologies/schema/endo/colonoscopyQuality.owl#Wall_of_ileum> -> <http://blulab.chpc.utah.edu/ontologies/schema/endo/colonoscopyQuality.owl#Ileal_mucous_membrane> -> <http://blulab.chpc.utah.edu/ontologies/schema/endo/colonoscopyQuality.owl#Muscularis_mucosae_of_ileum>, <http://blulab.chpc.utah.edu/ontologies/v2/ConText.owl#Lexicon> -> <http://blulab.chpc.utah.edu/ontologies/v2/ConText.owl#Modifier> -> <http://blulab.chpc.utah.edu/ontologies/v2/ConText.owl#SemanticModifier> -> <http://blulab.chpc.utah.edu/ontologies/v2/ConText.owl#BodySite> -> <http://blulab.chpc.utah.edu/ontologies/schema/endo/colonoscopyQuality.owl#ileum> -> <http://blulab.chpc.utah.edu/ontologies/schema/endo/colonoscopyQuality.owl#Region_of_ileum> -> <http://blulab.chpc.utah.edu/ontologies/schema/endo/colonoscopyQuality.owl#Wall_of_ileum> -> <http://blulab.chpc.utah.edu/ontologies/schema/endo/colonoscopyQuality.owl#Ileal_mucous_membrane> -> <http://blulab.chpc.utah.edu/ontologies/schema/endo/colonoscopyQuality.owl#Muscularis_mucosae_of_ileum>]]

	Modifier: Meckel_Diverticulum, uri=http://blulab.chpc.utah.edu/ontologies/schema/endo/colonoscopyQuality.owl#Meckel_Diverticulum, type= Semantic, classPath= [<http://blulab.chpc.utah.edu/ontologies/v2/ConText.owl#Lexicon> -> <http://blulab.chpc.utah.edu/ontologies/v2/ConText.owl#Modifier> -> <http://blulab.chpc.utah.edu/ontologies/v2/ConText.owl#SemanticModifier> -> <http://blulab.chpc.utah.edu/ontologies/v2/ConText.owl#BodySite> -> <http://blulab.chpc.utah.edu/ontologies/schema/endo/colonoscopyQuality.owl#ileum> -> <http://blulab.chpc.utah.edu/ontologies/schema/endo/colonoscopyQuality.owl#Entire_ileum> -> <http://blulab.chpc.utah.edu/ontologies/schema/endo/colonoscopyQuality.owl#Distal_part_of_ileum> -> <http://blulab.chpc.utah.edu/ontologies/schema/endo/colonoscopyQuality.owl#Meckel_Diverticulum>, <http://blulab.chpc.utah.edu/ontologies/v2/ConText.owl#Lexicon> -> <http://blulab.chpc.utah.edu/ontologies/v2/ConText.owl#Modifier> -> <http://blulab.chpc.utah.edu/ontologies/v2/ConText.owl#SemanticModifier> -> <http://blulab.chpc.utah.edu/ontologies/v2/ConText.owl#BodySite> -> <http://blulab.chpc.utah.edu/ontologies/schema/endo/colonoscopyQuality.owl#ileum> -> <http://blulab.chpc.utah.edu/ontologies/schema/endo/colonoscopyQuality.owl#Entire_ileum> -> <http://blulab.chpc.utah.edu/ontologies/schema/endo/colonoscopyQuality.owl#Meckel_Diverticulum>, <http://blulab.chpc.utah.edu/ontologies/v2/ConText.owl#Lexicon> -> <http://blulab.chpc.utah.edu/ontologies/v2/ConText.owl#Modifier> -> <http://blulab.chpc.utah.edu/ontologies/v2/ConText.owl#SemanticModifier> -> <http://blulab.chpc.utah.edu/ontologies/v2/ConText.owl#BodySite> -> <http://blulab.chpc.utah.edu/ontologies/schema/endo/colonoscopyQuality.owl#ileum> -> <http://blulab.chpc.utah.edu/ontologies/schema/endo/colonoscopyQuality.owl#Region_of_ileum> -> <http://blulab.chpc.utah.edu/ontologies/schema/endo/colonoscopyQuality.owl#Distal_part_of_ileum> -> <http://blulab.chpc.utah.edu/ontologies/schema/endo/colonoscopyQuality.owl#Meckel_Diverticulum>, <http://blulab.chpc.utah.edu/ontologies/v2/ConText.owl#Lexicon> -> <http://blulab.chpc.utah.edu/ontologies/v2/ConText.owl#Modifier> -> <http://blulab.chpc.utah.edu/ontologies/v2/ConText.owl#SemanticModifier> -> <http://blulab.chpc.utah.edu/ontologies/v2/ConText.owl#BodySite> -> <http://blulab.chpc.utah.edu/ontologies/schema/endo/colonoscopyQuality.owl#ileum> -> <http://blulab.chpc.utah.edu/ontologies/schema/endo/colonoscopyQuality.owl#Distal_part_of_ileum> -> <http://blulab.chpc.utah.edu/ontologies/schema/endo/colonoscopyQuality.owl#Meckel_Diverticulum>]]

	Modifier: Structure_of_anti_mesenteric_border_of_ileum, uri=http://blulab.chpc.utah.edu/ontologies/schema/endo/colonoscopyQuality.owl#Structure_of_anti_mesenteric_border_of_ileum, type= Semantic, classPath= [<http://blulab.chpc.utah.edu/ontologies/v2/ConText.owl#Lexicon> -> <http://blulab.chpc.utah.edu/ontologies/v2/ConText.owl#Modifier> -> <http://blulab.chpc.utah.edu/ontologies/v2/ConText.owl#SemanticModifier> -> <http://blulab.chpc.utah.edu/ontologies/v2/ConText.owl#BodySite> -> <http://blulab.chpc.utah.edu/ontologies/schema/endo/colonoscopyQuality.owl#ileum> -> <http://blulab.chpc.utah.edu/ontologies/schema/endo/colonoscopyQuality.owl#Border_of_ileum> -> <http://blulab.chpc.utah.edu/ontologies/schema/endo/colonoscopyQuality.owl#Structure_of_anti_mesenteric_border_of_ileum>, <http://blulab.chpc.utah.edu/ontologies/v2/ConText.owl#Lexicon> -> <http://blulab.chpc.utah.edu/ontologies/v2/ConText.owl#Modifier> -> <http://blulab.chpc.utah.edu/ontologies/v2/ConText.owl#SemanticModifier> -> <http://blulab.chpc.utah.edu/ontologies/v2/ConText.owl#BodySite> -> <http://blulab.chpc.utah.edu/ontologies/schema/endo/colonoscopyQuality.owl#ileum> -> <http://blulab.chpc.utah.edu/ontologies/schema/endo/colonoscopyQuality.owl#Entire_ileum> -> <http://blulab.chpc.utah.edu/ontologies/schema/endo/colonoscopyQuality.owl#Structure_of_anti_mesenteric_border_of_ileum>]]

	Modifier: Structure_of_ileal_lumen, uri=http://blulab.chpc.utah.edu/ontologies/schema/endo/colonoscopyQuality.owl#Structure_of_ileal_lumen, type= Semantic, classPath= [<http://blulab.chpc.utah.edu/ontologies/v2/ConText.owl#Lexicon> -> <http://blulab.chpc.utah.edu/ontologies/v2/ConText.owl#Modifier> -> <http://blulab.chpc.utah.edu/ontologies/v2/ConText.owl#SemanticModifier> -> <http://blulab.chpc.utah.edu/ontologies/v2/ConText.owl#BodySite> -> <http://blulab.chpc.utah.edu/ontologies/schema/endo/colonoscopyQuality.owl#ileum> -> <http://blulab.chpc.utah.edu/ontologies/schema/endo/colonoscopyQuality.owl#Entire_ileum> -> <http://blulab.chpc.utah.edu/ontologies/schema/endo/colonoscopyQuality.owl#Structure_of_ileal_lumen>, <http://blulab.chpc.utah.edu/ontologies/v2/ConText.owl#Lexicon> -> <http://blulab.chpc.utah.edu/ontologies/v2/ConText.owl#Modifier> -> <http://blulab.chpc.utah.edu/ontologies/v2/ConText.owl#SemanticModifier> -> <http://blulab.chpc.utah.edu/ontologies/v2/ConText.owl#BodySite> -> <http://blulab.chpc.utah.edu/ontologies/schema/endo/colonoscopyQuality.owl#ileum> -> <http://blulab.chpc.utah.edu/ontologies/schema/endo/colonoscopyQuality.owl#Structure_of_ileal_lumen>]]

	Modifier: Entire_ileal_lumen, uri=http://blulab.chpc.utah.edu/ontologies/schema/endo/colonoscopyQuality.owl#Entire_ileal_lumen, type= Semantic, classPath= [<http://blulab.chpc.utah.edu/ontologies/v2/ConText.owl#Lexicon> -> <http://blulab.chpc.utah.edu/ontologies/v2/ConText.owl#Modifier> -> <http://blulab.chpc.utah.edu/ontologies/v2/ConText.owl#SemanticModifier> -> <http://blulab.chpc.utah.edu/ontologies/v2/ConText.owl#BodySite> -> <http://blulab.chpc.utah.edu/ontologies/schema/endo/colonoscopyQuality.owl#ileum> -> <http://blulab.chpc.utah.edu/ontologies/schema/endo/colonoscopyQuality.owl#Entire_ileum> -> <http://blulab.chpc.utah.edu/ontologies/schema/endo/colonoscopyQuality.owl#Structure_of_ileal_lumen> -> <http://blulab.chpc.utah.edu/ontologies/schema/endo/colonoscopyQuality.owl#Entire_ileal_lumen>, <http://blulab.chpc.utah.edu/ontologies/v2/ConText.owl#Lexicon> -> <http://blulab.chpc.utah.edu/ontologies/v2/ConText.owl#Modifier> -> <http://blulab.chpc.utah.edu/ontologies/v2/ConText.owl#SemanticModifier> -> <http://blulab.chpc.utah.edu/ontologies/v2/ConText.owl#BodySite> -> <http://blulab.chpc.utah.edu/ontologies/schema/endo/colonoscopyQuality.owl#ileum> -> <http://blulab.chpc.utah.edu/ontologies/schema/endo/colonoscopyQuality.owl#Structure_of_ileal_lumen> -> <http://blulab.chpc.utah.edu/ontologies/schema/endo/colonoscopyQuality.owl#Entire_ileal_lumen>]]

	Modifier: Lumen_of_distal_part_of_ileum, uri=http://blulab.chpc.utah.edu/ontologies/schema/endo/colonoscopyQuality.owl#Lumen_of_distal_part_of_ileum, type= Semantic, classPath= [<http://blulab.chpc.utah.edu/ontologies/v2/ConText.owl#Lexicon> -> <http://blulab.chpc.utah.edu/ontologies/v2/ConText.owl#Modifier> -> <http://blulab.chpc.utah.edu/ontologies/v2/ConText.owl#SemanticModifier> -> <http://blulab.chpc.utah.edu/ontologies/v2/ConText.owl#BodySite> -> <http://blulab.chpc.utah.edu/ontologies/schema/endo/colonoscopyQuality.owl#ileum> -> <http://blulab.chpc.utah.edu/ontologies/schema/endo/colonoscopyQuality.owl#Entire_ileum> -> <http://blulab.chpc.utah.edu/ontologies/schema/endo/colonoscopyQuality.owl#Distal_part_of_ileum> -> <http://blulab.chpc.utah.edu/ontologies/schema/endo/colonoscopyQuality.owl#Lumen_of_distal_part_of_ileum>, <http://blulab.chpc.utah.edu/ontologies/v2/ConText.owl#Lexicon> -> <http://blulab.chpc.utah.edu/ontologies/v2/ConText.owl#Modifier> -> <http://blulab.chpc.utah.edu/ontologies/v2/ConText.owl#SemanticModifier> -> <http://blulab.chpc.utah.edu/ontologies/v2/ConText.owl#BodySite> -> <http://blulab.chpc.utah.edu/ontologies/schema/endo/colonoscopyQuality.owl#ileum> -> <http://blulab.chpc.utah.edu/ontologies/schema/endo/colonoscopyQuality.owl#Structure_of_ileal_lumen> -> <http://blulab.chpc.utah.edu/ontologies/schema/endo/colonoscopyQuality.owl#Lumen_of_distal_part_of_ileum>, <http://blulab.chpc.utah.edu/ontologies/v2/ConText.owl#Lexicon> -> <http://blulab.chpc.utah.edu/ontologies/v2/ConText.owl#Modifier> -> <http://blulab.chpc.utah.edu/ontologies/v2/ConText.owl#SemanticModifier> -> <http://blulab.chpc.utah.edu/ontologies/v2/ConText.owl#BodySite> -> <http://blulab.chpc.utah.edu/ontologies/schema/endo/colonoscopyQuality.owl#ileum> -> <http://blulab.chpc.utah.edu/ontologies/schema/endo/colonoscopyQuality.owl#Entire_ileum> -> <http://blulab.chpc.utah.edu/ontologies/schema/endo/colonoscopyQuality.owl#Structure_of_ileal_lumen> -> <http://blulab.chpc.utah.edu/ontologies/schema/endo/colonoscopyQuality.owl#Lumen_of_distal_part_of_ileum>, <http://blulab.chpc.utah.edu/ontologies/v2/ConText.owl#Lexicon> -> <http://blulab.chpc.utah.edu/ontologies/v2/ConText.owl#Modifier> -> <http://blulab.chpc.utah.edu/ontologies/v2/ConText.owl#SemanticModifier> -> <http://blulab.chpc.utah.edu/ontologies/v2/ConText.owl#BodySite> -> <http://blulab.chpc.utah.edu/ontologies/schema/endo/colonoscopyQuality.owl#ileum> -> <http://blulab.chpc.utah.edu/ontologies/schema/endo/colonoscopyQuality.owl#Region_of_ileum> -> <http://blulab.chpc.utah.edu/ontologies/schema/endo/colonoscopyQuality.owl#Distal_part_of_ileum> -> <http://blulab.chpc.utah.edu/ontologies/schema/endo/colonoscopyQuality.owl#Lumen_of_distal_part_of_ileum>, <http://blulab.chpc.utah.edu/ontologies/v2/ConText.owl#Lexicon> -> <http://blulab.chpc.utah.edu/ontologies/v2/ConText.owl#Modifier> -> <http://blulab.chpc.utah.edu/ontologies/v2/ConText.owl#SemanticModifier> -> <http://blulab.chpc.utah.edu/ontologies/v2/ConText.owl#BodySite> -> <http://blulab.chpc.utah.edu/ontologies/schema/endo/colonoscopyQuality.owl#ileum> -> <http://blulab.chpc.utah.edu/ontologies/schema/endo/colonoscopyQuality.owl#Distal_part_of_ileum> -> <http://blulab.chpc.utah.edu/ontologies/schema/endo/colonoscopyQuality.owl#Lumen_of_distal_part_of_ileum>]]

	Modifier: Lumen_of_middle_part_of_ileum, uri=http://blulab.chpc.utah.edu/ontologies/schema/endo/colonoscopyQuality.owl#Lumen_of_middle_part_of_ileum, type= Semantic, classPath= [<http://blulab.chpc.utah.edu/ontologies/v2/ConText.owl#Lexicon> -> <http://blulab.chpc.utah.edu/ontologies/v2/ConText.owl#Modifier> -> <http://blulab.chpc.utah.edu/ontologies/v2/ConText.owl#SemanticModifier> -> <http://blulab.chpc.utah.edu/ontologies/v2/ConText.owl#BodySite> -> <http://blulab.chpc.utah.edu/ontologies/schema/endo/colonoscopyQuality.owl#ileum> -> <http://blulab.chpc.utah.edu/ontologies/schema/endo/colonoscopyQuality.owl#Entire_ileum> -> <http://blulab.chpc.utah.edu/ontologies/schema/endo/colonoscopyQuality.owl#Structure_of_ileal_lumen> -> <http://blulab.chpc.utah.edu/ontologies/schema/endo/colonoscopyQuality.owl#Lumen_of_middle_part_of_ileum>, <http://blulab.chpc.utah.edu/ontologies/v2/ConText.owl#Lexicon> -> <http://blulab.chpc.utah.edu/ontologies/v2/ConText.owl#Modifier> -> <http://blulab.chpc.utah.edu/ontologies/v2/ConText.owl#SemanticModifier> -> <http://blulab.chpc.utah.edu/ontologies/v2/ConText.owl#BodySite> -> <http://blulab.chpc.utah.edu/ontologies/schema/endo/colonoscopyQuality.owl#ileum> -> <http://blulab.chpc.utah.edu/ontologies/schema/endo/colonoscopyQuality.owl#Region_of_ileum> -> <http://blulab.chpc.utah.edu/ontologies/schema/endo/colonoscopyQuality.owl#Structure_of_middle_portion_of_ileum> -> <http://blulab.chpc.utah.edu/ontologies/schema/endo/colonoscopyQuality.owl#Lumen_of_middle_part_of_ileum>, <http://blulab.chpc.utah.edu/ontologies/v2/ConText.owl#Lexicon> -> <http://blulab.chpc.utah.edu/ontologies/v2/ConText.owl#Modifier> -> <http://blulab.chpc.utah.edu/ontologies/v2/ConText.owl#SemanticModifier> -> <http://blulab.chpc.utah.edu/ontologies/v2/ConText.owl#BodySite> -> <http://blulab.chpc.utah.edu/ontologies/schema/endo/colonoscopyQuality.owl#ileum> -> <http://blulab.chpc.utah.edu/ontologies/schema/endo/colonoscopyQuality.owl#Structure_of_middle_portion_of_ileum> -> <http://blulab.chpc.utah.edu/ontologies/schema/endo/colonoscopyQuality.owl#Lumen_of_middle_part_of_ileum>, <http://blulab.chpc.utah.edu/ontologies/v2/ConText.owl#Lexicon> -> <http://blulab.chpc.utah.edu/ontologies/v2/ConText.owl#Modifier> -> <http://blulab.chpc.utah.edu/ontologies/v2/ConText.owl#SemanticModifier> -> <http://blulab.chpc.utah.edu/ontologies/v2/ConText.owl#BodySite> -> <http://blulab.chpc.utah.edu/ontologies/schema/endo/colonoscopyQuality.owl#ileum> -> <http://blulab.chpc.utah.edu/ontologies/schema/endo/colonoscopyQuality.owl#Entire_ileum> -> <http://blulab.chpc.utah.edu/ontologies/schema/endo/colonoscopyQuality.owl#Structure_of_middle_portion_of_ileum> -> <http://blulab.chpc.utah.edu/ontologies/schema/endo/colonoscopyQuality.owl#Lumen_of_middle_part_of_ileum>, <http://blulab.chpc.utah.edu/ontologies/v2/ConText.owl#Lexicon> -> <http://blulab.chpc.utah.edu/ontologies/v2/ConText.owl#Modifier> -> <http://blulab.chpc.utah.edu/ontologies/v2/ConText.owl#SemanticModifier> -> <http://blulab.chpc.utah.edu/ontologies/v2/ConText.owl#BodySite> -> <http://blulab.chpc.utah.edu/ontologies/schema/endo/colonoscopyQuality.owl#ileum> -> <http://blulab.chpc.utah.edu/ontologies/schema/endo/colonoscopyQuality.owl#Structure_of_ileal_lumen> -> <http://blulab.chpc.utah.edu/ontologies/schema/endo/colonoscopyQuality.owl#Lumen_of_middle_part_of_ileum>]]

	Modifier: Lumen_of_proximal_part_of_ileum, uri=http://blulab.chpc.utah.edu/ontologies/schema/endo/colonoscopyQuality.owl#Lumen_of_proximal_part_of_ileum, type= Semantic, classPath= [<http://blulab.chpc.utah.edu/ontologies/v2/ConText.owl#Lexicon> -> <http://blulab.chpc.utah.edu/ontologies/v2/ConText.owl#Modifier> -> <http://blulab.chpc.utah.edu/ontologies/v2/ConText.owl#SemanticModifier> -> <http://blulab.chpc.utah.edu/ontologies/v2/ConText.owl#BodySite> -> <http://blulab.chpc.utah.edu/ontologies/schema/endo/colonoscopyQuality.owl#ileum> -> <http://blulab.chpc.utah.edu/ontologies/schema/endo/colonoscopyQuality.owl#Entire_ileum> -> <http://blulab.chpc.utah.edu/ontologies/schema/endo/colonoscopyQuality.owl#Structure_of_ileal_lumen> -> <http://blulab.chpc.utah.edu/ontologies/schema/endo/colonoscopyQuality.owl#Lumen_of_proximal_part_of_ileum>, <http://blulab.chpc.utah.edu/ontologies/v2/ConText.owl#Lexicon> -> <http://blulab.chpc.utah.edu/ontologies/v2/ConText.owl#Modifier> -> <http://blulab.chpc.utah.edu/ontologies/v2/ConText.owl#SemanticModifier> -> <http://blulab.chpc.utah.edu/ontologies/v2/ConText.owl#BodySite> -> <http://blulab.chpc.utah.edu/ontologies/schema/endo/colonoscopyQuality.owl#ileum> -> <http://blulab.chpc.utah.edu/ontologies/schema/endo/colonoscopyQuality.owl#Region_of_ileum> -> <http://blulab.chpc.utah.edu/ontologies/schema/endo/colonoscopyQuality.owl#Structure_of_proximal_portion_of_ileum> -> <http://blulab.chpc.utah.edu/ontologies/schema/endo/colonoscopyQuality.owl#Lumen_of_proximal_part_of_ileum>, <http://blulab.chpc.utah.edu/ontologies/v2/ConText.owl#Lexicon> -> <http://blulab.chpc.utah.edu/ontologies/v2/ConText.owl#Modifier> -> <http://blulab.chpc.utah.edu/ontologies/v2/ConText.owl#SemanticModifier> -> <http://blulab.chpc.utah.edu/ontologies/v2/ConText.owl#BodySite> -> <http://blulab.chpc.utah.edu/ontologies/schema/endo/colonoscopyQuality.owl#ileum> -> <http://blulab.chpc.utah.edu/ontologies/schema/endo/colonoscopyQuality.owl#Structure_of_proximal_portion_of_ileum> -> <http://blulab.chpc.utah.edu/ontologies/schema/endo/colonoscopyQuality.owl#Lumen_of_proximal_part_of_ileum>, <http://blulab.chpc.utah.edu/ontologies/v2/ConText.owl#Lexicon> -> <http://blulab.chpc.utah.edu/ontologies/v2/ConText.owl#Modifier> -> <http://blulab.chpc.utah.edu/ontologies/v2/ConText.owl#SemanticModifier> -> <http://blulab.chpc.utah.edu/ontologies/v2/ConText.owl#BodySite> -> <http://blulab.chpc.utah.edu/ontologies/schema/endo/colonoscopyQuality.owl#ileum> -> <http://blulab.chpc.utah.edu/ontologies/schema/endo/colonoscopyQuality.owl#Entire_ileum> -> <http://blulab.chpc.utah.edu/ontologies/schema/endo/colonoscopyQuality.owl#Structure_of_proximal_portion_of_ileum> -> <http://blulab.chpc.utah.edu/ontologies/schema/endo/colonoscopyQuality.owl#Lumen_of_proximal_part_of_ileum>, <http://blulab.chpc.utah.edu/ontologies/v2/ConText.owl#Lexicon> -> <http://blulab.chpc.utah.edu/ontologies/v2/ConText.owl#Modifier> -> <http://blulab.chpc.utah.edu/ontologies/v2/ConText.owl#SemanticModifier> -> <http://blulab.chpc.utah.edu/ontologies/v2/ConText.owl#BodySite> -> <http://blulab.chpc.utah.edu/ontologies/schema/endo/colonoscopyQuality.owl#ileum> -> <http://blulab.chpc.utah.edu/ontologies/schema/endo/colonoscopyQuality.owl#Structure_of_ileal_lumen> -> <http://blulab.chpc.utah.edu/ontologies/schema/endo/colonoscopyQuality.owl#Lumen_of_proximal_part_of_ileum>]]

	Modifier: Structure_of_mesenteric_border_of_ileum, uri=http://blulab.chpc.utah.edu/ontologies/schema/endo/colonoscopyQuality.owl#Structure_of_mesenteric_border_of_ileum, type= Semantic, classPath= [<http://blulab.chpc.utah.edu/ontologies/v2/ConText.owl#Lexicon> -> <http://blulab.chpc.utah.edu/ontologies/v2/ConText.owl#Modifier> -> <http://blulab.chpc.utah.edu/ontologies/v2/ConText.owl#SemanticModifier> -> <http://blulab.chpc.utah.edu/ontologies/v2/ConText.owl#BodySite> -> <http://blulab.chpc.utah.edu/ontologies/schema/endo/colonoscopyQuality.owl#ileum> -> <http://blulab.chpc.utah.edu/ontologies/schema/endo/colonoscopyQuality.owl#Border_of_ileum> -> <http://blulab.chpc.utah.edu/ontologies/schema/endo/colonoscopyQuality.owl#Structure_of_mesenteric_border_of_ileum>, <http://blulab.chpc.utah.edu/ontologies/v2/ConText.owl#Lexicon> -> <http://blulab.chpc.utah.edu/ontologies/v2/ConText.owl#Modifier> -> <http://blulab.chpc.utah.edu/ontologies/v2/ConText.owl#SemanticModifier> -> <http://blulab.chpc.utah.edu/ontologies/v2/ConText.owl#BodySite> -> <http://blulab.chpc.utah.edu/ontologies/schema/endo/colonoscopyQuality.owl#ileum> -> <http://blulab.chpc.utah.edu/ontologies/schema/endo/colonoscopyQuality.owl#Entire_ileum> -> <http://blulab.chpc.utah.edu/ontologies/schema/endo/colonoscopyQuality.owl#Structure_of_mesenteric_border_of_ileum>]]

	Modifier: Structure_of_middle_portion_of_ileum, uri=http://blulab.chpc.utah.edu/ontologies/schema/endo/colonoscopyQuality.owl#Structure_of_middle_portion_of_ileum, type= Semantic, classPath= [<http://blulab.chpc.utah.edu/ontologies/v2/ConText.owl#Lexicon> -> <http://blulab.chpc.utah.edu/ontologies/v2/ConText.owl#Modifier> -> <http://blulab.chpc.utah.edu/ontologies/v2/ConText.owl#SemanticModifier> -> <http://blulab.chpc.utah.edu/ontologies/v2/ConText.owl#BodySite> -> <http://blulab.chpc.utah.edu/ontologies/schema/endo/colonoscopyQuality.owl#ileum> -> <http://blulab.chpc.utah.edu/ontologies/schema/endo/colonoscopyQuality.owl#Entire_ileum> -> <http://blulab.chpc.utah.edu/ontologies/schema/endo/colonoscopyQuality.owl#Structure_of_middle_portion_of_ileum>, <http://blulab.chpc.utah.edu/ontologies/v2/ConText.owl#Lexicon> -> <http://blulab.chpc.utah.edu/ontologies/v2/ConText.owl#Modifier> -> <http://blulab.chpc.utah.edu/ontologies/v2/ConText.owl#SemanticModifier> -> <http://blulab.chpc.utah.edu/ontologies/v2/ConText.owl#BodySite> -> <http://blulab.chpc.utah.edu/ontologies/schema/endo/colonoscopyQuality.owl#ileum> -> <http://blulab.chpc.utah.edu/ontologies/schema/endo/colonoscopyQuality.owl#Region_of_ileum> -> <http://blulab.chpc.utah.edu/ontologies/schema/endo/colonoscopyQuality.owl#Structure_of_middle_portion_of_ileum>, <http://blulab.chpc.utah.edu/ontologies/v2/ConText.owl#Lexicon> -> <http://blulab.chpc.utah.edu/ontologies/v2/ConText.owl#Modifier> -> <http://blulab.chpc.utah.edu/ontologies/v2/ConText.owl#SemanticModifier> -> <http://blulab.chpc.utah.edu/ontologies/v2/ConText.owl#BodySite> -> <http://blulab.chpc.utah.edu/ontologies/schema/endo/colonoscopyQuality.owl#ileum> -> <http://blulab.chpc.utah.edu/ontologies/schema/endo/colonoscopyQuality.owl#Structure_of_middle_portion_of_ileum>]]

	Modifier: Entire_middle_portion_of_ileum, uri=http://blulab.chpc.utah.edu/ontologies/schema/endo/colonoscopyQuality.owl#Entire_middle_portion_of_ileum, type= Semantic, classPath= [<http://blulab.chpc.utah.edu/ontologies/v2/ConText.owl#Lexicon> -> <http://blulab.chpc.utah.edu/ontologies/v2/ConText.owl#Modifier> -> <http://blulab.chpc.utah.edu/ontologies/v2/ConText.owl#SemanticModifier> -> <http://blulab.chpc.utah.edu/ontologies/v2/ConText.owl#BodySite> -> <http://blulab.chpc.utah.edu/ontologies/schema/endo/colonoscopyQuality.owl#ileum> -> <http://blulab.chpc.utah.edu/ontologies/schema/endo/colonoscopyQuality.owl#Entire_ileum> -> <http://blulab.chpc.utah.edu/ontologies/schema/endo/colonoscopyQuality.owl#Structure_of_middle_portion_of_ileum> -> <http://blulab.chpc.utah.edu/ontologies/schema/endo/colonoscopyQuality.owl#Entire_middle_portion_of_ileum>, <http://blulab.chpc.utah.edu/ontologies/v2/ConText.owl#Lexicon> -> <http://blulab.chpc.utah.edu/ontologies/v2/ConText.owl#Modifier> -> <http://blulab.chpc.utah.edu/ontologies/v2/ConText.owl#SemanticModifier> -> <http://blulab.chpc.utah.edu/ontologies/v2/ConText.owl#BodySite> -> <http://blulab.chpc.utah.edu/ontologies/schema/endo/colonoscopyQuality.owl#ileum> -> <http://blulab.chpc.utah.edu/ontologies/schema/endo/colonoscopyQuality.owl#Region_of_ileum> -> <http://blulab.chpc.utah.edu/ontologies/schema/endo/colonoscopyQuality.owl#Structure_of_middle_portion_of_ileum> -> <http://blulab.chpc.utah.edu/ontologies/schema/endo/colonoscopyQuality.owl#Entire_middle_portion_of_ileum>, <http://blulab.chpc.utah.edu/ontologies/v2/ConText.owl#Lexicon> -> <http://blulab.chpc.utah.edu/ontologies/v2/ConText.owl#Modifier> -> <http://blulab.chpc.utah.edu/ontologies/v2/ConText.owl#SemanticModifier> -> <http://blulab.chpc.utah.edu/ontologies/v2/ConText.owl#BodySite> -> <http://blulab.chpc.utah.edu/ontologies/schema/endo/colonoscopyQuality.owl#ileum> -> <http://blulab.chpc.utah.edu/ontologies/schema/endo/colonoscopyQuality.owl#Structure_of_middle_portion_of_ileum> -> <http://blulab.chpc.utah.edu/ontologies/schema/endo/colonoscopyQuality.owl#Entire_middle_portion_of_ileum>]]

	Modifier: Lumen_of_middle_part_of_ileum, uri=http://blulab.chpc.utah.edu/ontologies/schema/endo/colonoscopyQuality.owl#Lumen_of_middle_part_of_ileum, type= Semantic, classPath= [<http://blulab.chpc.utah.edu/ontologies/v2/ConText.owl#Lexicon> -> <http://blulab.chpc.utah.edu/ontologies/v2/ConText.owl#Modifier> -> <http://blulab.chpc.utah.edu/ontologies/v2/ConText.owl#SemanticModifier> -> <http://blulab.chpc.utah.edu/ontologies/v2/ConText.owl#BodySite> -> <http://blulab.chpc.utah.edu/ontologies/schema/endo/colonoscopyQuality.owl#ileum> -> <http://blulab.chpc.utah.edu/ontologies/schema/endo/colonoscopyQuality.owl#Entire_ileum> -> <http://blulab.chpc.utah.edu/ontologies/schema/endo/colonoscopyQuality.owl#Structure_of_ileal_lumen> -> <http://blulab.chpc.utah.edu/ontologies/schema/endo/colonoscopyQuality.owl#Lumen_of_middle_part_of_ileum>, <http://blulab.chpc.utah.edu/ontologies/v2/ConText.owl#Lexicon> -> <http://blulab.chpc.utah.edu/ontologies/v2/ConText.owl#Modifier> -> <http://blulab.chpc.utah.edu/ontologies/v2/ConText.owl#SemanticModifier> -> <http://blulab.chpc.utah.edu/ontologies/v2/ConText.owl#BodySite> -> <http://blulab.chpc.utah.edu/ontologies/schema/endo/colonoscopyQuality.owl#ileum> -> <http://blulab.chpc.utah.edu/ontologies/schema/endo/colonoscopyQuality.owl#Region_of_ileum> -> <http://blulab.chpc.utah.edu/ontologies/schema/endo/colonoscopyQuality.owl#Structure_of_middle_portion_of_ileum> -> <http://blulab.chpc.utah.edu/ontologies/schema/endo/colonoscopyQuality.owl#Lumen_of_middle_part_of_ileum>, <http://blulab.chpc.utah.edu/ontologies/v2/ConText.owl#Lexicon> -> <http://blulab.chpc.utah.edu/ontologies/v2/ConText.owl#Modifier> -> <http://blulab.chpc.utah.edu/ontologies/v2/ConText.owl#SemanticModifier> -> <http://blulab.chpc.utah.edu/ontologies/v2/ConText.owl#BodySite> -> <http://blulab.chpc.utah.edu/ontologies/schema/endo/colonoscopyQuality.owl#ileum> -> <http://blulab.chpc.utah.edu/ontologies/schema/endo/colonoscopyQuality.owl#Structure_of_middle_portion_of_ileum> -> <http://blulab.chpc.utah.edu/ontologies/schema/endo/colonoscopyQuality.owl#Lumen_of_middle_part_of_ileum>, <http://blulab.chpc.utah.edu/ontologies/v2/ConText.owl#Lexicon> -> <http://blulab.chpc.utah.edu/ontologies/v2/ConText.owl#Modifier> -> <http://blulab.chpc.utah.edu/ontologies/v2/ConText.owl#SemanticModifier> -> <http://blulab.chpc.utah.edu/ontologies/v2/ConText.owl#BodySite> -> <http://blulab.chpc.utah.edu/ontologies/schema/endo/colonoscopyQuality.owl#ileum> -> <http://blulab.chpc.utah.edu/ontologies/schema/endo/colonoscopyQuality.owl#Entire_ileum> -> <http://blulab.chpc.utah.edu/ontologies/schema/endo/colonoscopyQuality.owl#Structure_of_middle_portion_of_ileum> -> <http://blulab.chpc.utah.edu/ontologies/schema/endo/colonoscopyQuality.owl#Lumen_of_middle_part_of_ileum>, <http://blulab.chpc.utah.edu/ontologies/v2/ConText.owl#Lexicon> -> <http://blulab.chpc.utah.edu/ontologies/v2/ConText.owl#Modifier> -> <http://blulab.chpc.utah.edu/ontologies/v2/ConText.owl#SemanticModifier> -> <http://blulab.chpc.utah.edu/ontologies/v2/ConText.owl#BodySite> -> <http://blulab.chpc.utah.edu/ontologies/schema/endo/colonoscopyQuality.owl#ileum> -> <http://blulab.chpc.utah.edu/ontologies/schema/endo/colonoscopyQuality.owl#Structure_of_ileal_lumen> -> <http://blulab.chpc.utah.edu/ontologies/schema/endo/colonoscopyQuality.owl#Lumen_of_middle_part_of_ileum>]]

	Modifier: Wall_of_middle_part_of_ileum, uri=http://blulab.chpc.utah.edu/ontologies/schema/endo/colonoscopyQuality.owl#Wall_of_middle_part_of_ileum, type= Semantic, classPath= [<http://blulab.chpc.utah.edu/ontologies/v2/ConText.owl#Lexicon> -> <http://blulab.chpc.utah.edu/ontologies/v2/ConText.owl#Modifier> -> <http://blulab.chpc.utah.edu/ontologies/v2/ConText.owl#SemanticModifier> -> <http://blulab.chpc.utah.edu/ontologies/v2/ConText.owl#BodySite> -> <http://blulab.chpc.utah.edu/ontologies/schema/endo/colonoscopyQuality.owl#ileum> -> <http://blulab.chpc.utah.edu/ontologies/schema/endo/colonoscopyQuality.owl#Entire_ileum> -> <http://blulab.chpc.utah.edu/ontologies/schema/endo/colonoscopyQuality.owl#Structure_of_middle_portion_of_ileum> -> <http://blulab.chpc.utah.edu/ontologies/schema/endo/colonoscopyQuality.owl#Wall_of_middle_part_of_ileum>, <http://blulab.chpc.utah.edu/ontologies/v2/ConText.owl#Lexicon> -> <http://blulab.chpc.utah.edu/ontologies/v2/ConText.owl#Modifier> -> <http://blulab.chpc.utah.edu/ontologies/v2/ConText.owl#SemanticModifier> -> <http://blulab.chpc.utah.edu/ontologies/v2/ConText.owl#BodySite> -> <http://blulab.chpc.utah.edu/ontologies/schema/endo/colonoscopyQuality.owl#ileum> -> <http://blulab.chpc.utah.edu/ontologies/schema/endo/colonoscopyQuality.owl#Region_of_ileum> -> <http://blulab.chpc.utah.edu/ontologies/schema/endo/colonoscopyQuality.owl#Subdivision_of_wall_of_ileum> -> <http://blulab.chpc.utah.edu/ontologies/schema/endo/colonoscopyQuality.owl#Wall_of_middle_part_of_ileum>, <http://blulab.chpc.utah.edu/ontologies/v2/ConText.owl#Lexicon> -> <http://blulab.chpc.utah.edu/ontologies/v2/ConText.owl#Modifier> -> <http://blulab.chpc.utah.edu/ontologies/v2/ConText.owl#SemanticModifier> -> <http://blulab.chpc.utah.edu/ontologies/v2/ConText.owl#BodySite> -> <http://blulab.chpc.utah.edu/ontologies/schema/endo/colonoscopyQuality.owl#ileum> -> <http://blulab.chpc.utah.edu/ontologies/schema/endo/colonoscopyQuality.owl#Wall_of_ileum> -> <http://blulab.chpc.utah.edu/ontologies/schema/endo/colonoscopyQuality.owl#Wall_of_middle_part_of_ileum>, <http://blulab.chpc.utah.edu/ontologies/v2/ConText.owl#Lexicon> -> <http://blulab.chpc.utah.edu/ontologies/v2/ConText.owl#Modifier> -> <http://blulab.chpc.utah.edu/ontologies/v2/ConText.owl#SemanticModifier> -> <http://blulab.chpc.utah.edu/ontologies/v2/ConText.owl#BodySite> -> <http://blulab.chpc.utah.edu/ontologies/schema/endo/colonoscopyQuality.owl#ileum> -> <http://blulab.chpc.utah.edu/ontologies/schema/endo/colonoscopyQuality.owl#Region_of_ileum> -> <http://blulab.chpc.utah.edu/ontologies/schema/endo/colonoscopyQuality.owl#Wall_of_ileum> -> <http://blulab.chpc.utah.edu/ontologies/schema/endo/colonoscopyQuality.owl#Wall_of_middle_part_of_ileum>, <http://blulab.chpc.utah.edu/ontologies/v2/ConText.owl#Lexicon> -> <http://blulab.chpc.utah.edu/ontologies/v2/ConText.owl#Modifier> -> <http://blulab.chpc.utah.edu/ontologies/v2/ConText.owl#SemanticModifier> -> <http://blulab.chpc.utah.edu/ontologies/v2/ConText.owl#BodySite> -> <http://blulab.chpc.utah.edu/ontologies/schema/endo/colonoscopyQuality.owl#ileum> -> <http://blulab.chpc.utah.edu/ontologies/schema/endo/colonoscopyQuality.owl#Region_of_ileum> -> <http://blulab.chpc.utah.edu/ontologies/schema/endo/colonoscopyQuality.owl#Structure_of_middle_portion_of_ileum> -> <http://blulab.chpc.utah.edu/ontologies/schema/endo/colonoscopyQuality.owl#Wall_of_middle_part_of_ileum>, <http://blulab.chpc.utah.edu/ontologies/v2/ConText.owl#Lexicon> -> <http://blulab.chpc.utah.edu/ontologies/v2/ConText.owl#Modifier> -> <http://blulab.chpc.utah.edu/ontologies/v2/ConText.owl#SemanticModifier> -> <http://blulab.chpc.utah.edu/ontologies/v2/ConText.owl#BodySite> -> <http://blulab.chpc.utah.edu/ontologies/schema/endo/colonoscopyQuality.owl#ileum> -> <http://blulab.chpc.utah.edu/ontologies/schema/endo/colonoscopyQuality.owl#Structure_of_middle_portion_of_ileum> -> <http://blulab.chpc.utah.edu/ontologies/schema/endo/colonoscopyQuality.owl#Wall_of_middle_part_of_ileum>]]

	Modifier: Anterior_wall_of_middle_part_of_ileum, uri=http://blulab.chpc.utah.edu/ontologies/schema/endo/colonoscopyQuality.owl#Anterior_wall_of_middle_part_of_ileum, type= Semantic, classPath= [<http://blulab.chpc.utah.edu/ontologies/v2/ConText.owl#Lexicon> -> <http://blulab.chpc.utah.edu/ontologies/v2/ConText.owl#Modifier> -> <http://blulab.chpc.utah.edu/ontologies/v2/ConText.owl#SemanticModifier> -> <http://blulab.chpc.utah.edu/ontologies/v2/ConText.owl#BodySite> -> <http://blulab.chpc.utah.edu/ontologies/schema/endo/colonoscopyQuality.owl#ileum> -> <http://blulab.chpc.utah.edu/ontologies/schema/endo/colonoscopyQuality.owl#Entire_ileum> -> <http://blulab.chpc.utah.edu/ontologies/schema/endo/colonoscopyQuality.owl#Structure_of_middle_portion_of_ileum> -> <http://blulab.chpc.utah.edu/ontologies/schema/endo/colonoscopyQuality.owl#Wall_of_middle_part_of_ileum> -> <http://blulab.chpc.utah.edu/ontologies/schema/endo/colonoscopyQuality.owl#Anterior_wall_of_middle_part_of_ileum>, <http://blulab.chpc.utah.edu/ontologies/v2/ConText.owl#Lexicon> -> <http://blulab.chpc.utah.edu/ontologies/v2/ConText.owl#Modifier> -> <http://blulab.chpc.utah.edu/ontologies/v2/ConText.owl#SemanticModifier> -> <http://blulab.chpc.utah.edu/ontologies/v2/ConText.owl#BodySite> -> <http://blulab.chpc.utah.edu/ontologies/schema/endo/colonoscopyQuality.owl#ileum> -> <http://blulab.chpc.utah.edu/ontologies/schema/endo/colonoscopyQuality.owl#Region_of_ileum> -> <http://blulab.chpc.utah.edu/ontologies/schema/endo/colonoscopyQuality.owl#Subdivision_of_wall_of_ileum> -> <http://blulab.chpc.utah.edu/ontologies/schema/endo/colonoscopyQuality.owl#Wall_of_middle_part_of_ileum> -> <http://blulab.chpc.utah.edu/ontologies/schema/endo/colonoscopyQuality.owl#Anterior_wall_of_middle_part_of_ileum>, <http://blulab.chpc.utah.edu/ontologies/v2/ConText.owl#Lexicon> -> <http://blulab.chpc.utah.edu/ontologies/v2/ConText.owl#Modifier> -> <http://blulab.chpc.utah.edu/ontologies/v2/ConText.owl#SemanticModifier> -> <http://blulab.chpc.utah.edu/ontologies/v2/ConText.owl#BodySite> -> <http://blulab.chpc.utah.edu/ontologies/schema/endo/colonoscopyQuality.owl#ileum> -> <http://blulab.chpc.utah.edu/ontologies/schema/endo/colonoscopyQuality.owl#Wall_of_ileum> -> <http://blulab.chpc.utah.edu/ontologies/schema/endo/colonoscopyQuality.owl#Wall_of_middle_part_of_ileum> -> <http://blulab.chpc.utah.edu/ontologies/schema/endo/colonoscopyQuality.owl#Anterior_wall_of_middle_part_of_ileum>, <http://blulab.chpc.utah.edu/ontologies/v2/ConText.owl#Lexicon> -> <http://blulab.chpc.utah.edu/ontologies/v2/ConText.owl#Modifier> -> <http://blulab.chpc.utah.edu/ontologies/v2/ConText.owl#SemanticModifier> -> <http://blulab.chpc.utah.edu/ontologies/v2/ConText.owl#BodySite> -> <http://blulab.chpc.utah.edu/ontologies/schema/endo/colonoscopyQuality.owl#ileum> -> <http://blulab.chpc.utah.edu/ontologies/schema/endo/colonoscopyQuality.owl#Region_of_ileum> -> <http://blulab.chpc.utah.edu/ontologies/schema/endo/colonoscopyQuality.owl#Wall_of_ileum> -> <http://blulab.chpc.utah.edu/ontologies/schema/endo/colonoscopyQuality.owl#Wall_of_middle_part_of_ileum> -> <http://blulab.chpc.utah.edu/ontologies/schema/endo/colonoscopyQuality.owl#Anterior_wall_of_middle_part_of_ileum>, <http://blulab.chpc.utah.edu/ontologies/v2/ConText.owl#Lexicon> -> <http://blulab.chpc.utah.edu/ontologies/v2/ConText.owl#Modifier> -> <http://blulab.chpc.utah.edu/ontologies/v2/ConText.owl#SemanticModifier> -> <http://blulab.chpc.utah.edu/ontologies/v2/ConText.owl#BodySite> -> <http://blulab.chpc.utah.edu/ontologies/schema/endo/colonoscopyQuality.owl#ileum> -> <http://blulab.chpc.utah.edu/ontologies/schema/endo/colonoscopyQuality.owl#Region_of_ileum> -> <http://blulab.chpc.utah.edu/ontologies/schema/endo/colonoscopyQuality.owl#Structure_of_middle_portion_of_ileum> -> <http://blulab.chpc.utah.edu/ontologies/schema/endo/colonoscopyQuality.owl#Wall_of_middle_part_of_ileum> -> <http://blulab.chpc.utah.edu/ontologies/schema/endo/colonoscopyQuality.owl#Anterior_wall_of_middle_part_of_ileum>, <http://blulab.chpc.utah.edu/ontologies/v2/ConText.owl#Lexicon> -> <http://blulab.chpc.utah.edu/ontologies/v2/ConText.owl#Modifier> -> <http://blulab.chpc.utah.edu/ontologies/v2/ConText.owl#SemanticModifier> -> <http://blulab.chpc.utah.edu/ontologies/v2/ConText.owl#BodySite> -> <http://blulab.chpc.utah.edu/ontologies/schema/endo/colonoscopyQuality.owl#ileum> -> <http://blulab.chpc.utah.edu/ontologies/schema/endo/colonoscopyQuality.owl#Structure_of_middle_portion_of_ileum> -> <http://blulab.chpc.utah.edu/ontologies/schema/endo/colonoscopyQuality.owl#Wall_of_middle_part_of_ileum> -> <http://blulab.chpc.utah.edu/ontologies/schema/endo/colonoscopyQuality.owl#Anterior_wall_of_middle_part_of_ileum>]]

	Modifier: Mucosa_of_middle_part_of_ileum, uri=http://blulab.chpc.utah.edu/ontologies/schema/endo/colonoscopyQuality.owl#Mucosa_of_middle_part_of_ileum, type= Semantic, classPath= [<http://blulab.chpc.utah.edu/ontologies/v2/ConText.owl#Lexicon> -> <http://blulab.chpc.utah.edu/ontologies/v2/ConText.owl#Modifier> -> <http://blulab.chpc.utah.edu/ontologies/v2/ConText.owl#SemanticModifier> -> <http://blulab.chpc.utah.edu/ontologies/v2/ConText.owl#BodySite> -> <http://blulab.chpc.utah.edu/ontologies/schema/endo/colonoscopyQuality.owl#ileum> -> <http://blulab.chpc.utah.edu/ontologies/schema/endo/colonoscopyQuality.owl#Entire_ileum> -> <http://blulab.chpc.utah.edu/ontologies/schema/endo/colonoscopyQuality.owl#Structure_of_middle_portion_of_ileum> -> <http://blulab.chpc.utah.edu/ontologies/schema/endo/colonoscopyQuality.owl#Wall_of_middle_part_of_ileum> -> <http://blulab.chpc.utah.edu/ontologies/schema/endo/colonoscopyQuality.owl#Mucosa_of_middle_part_of_ileum>, <http://blulab.chpc.utah.edu/ontologies/v2/ConText.owl#Lexicon> -> <http://blulab.chpc.utah.edu/ontologies/v2/ConText.owl#Modifier> -> <http://blulab.chpc.utah.edu/ontologies/v2/ConText.owl#SemanticModifier> -> <http://blulab.chpc.utah.edu/ontologies/v2/ConText.owl#BodySite> -> <http://blulab.chpc.utah.edu/ontologies/schema/endo/colonoscopyQuality.owl#ileum> -> <http://blulab.chpc.utah.edu/ontologies/schema/endo/colonoscopyQuality.owl#Region_of_ileum> -> <http://blulab.chpc.utah.edu/ontologies/schema/endo/colonoscopyQuality.owl#Subdivision_of_wall_of_ileum> -> <http://blulab.chpc.utah.edu/ontologies/schema/endo/colonoscopyQuality.owl#Wall_of_middle_part_of_ileum> -> <http://blulab.chpc.utah.edu/ontologies/schema/endo/colonoscopyQuality.owl#Mucosa_of_middle_part_of_ileum>, <http://blulab.chpc.utah.edu/ontologies/v2/ConText.owl#Lexicon> -> <http://blulab.chpc.utah.edu/ontologies/v2/ConText.owl#Modifier> -> <http://blulab.chpc.utah.edu/ontologies/v2/ConText.owl#SemanticModifier> -> <http://blulab.chpc.utah.edu/ontologies/v2/ConText.owl#BodySite> -> <http://blulab.chpc.utah.edu/ontologies/schema/endo/colonoscopyQuality.owl#ileum> -> <http://blulab.chpc.utah.edu/ontologies/schema/endo/colonoscopyQuality.owl#Wall_of_ileum> -> <http://blulab.chpc.utah.edu/ontologies/schema/endo/colonoscopyQuality.owl#Wall_of_middle_part_of_ileum> -> <http://blulab.chpc.utah.edu/ontologies/schema/endo/colonoscopyQuality.owl#Mucosa_of_middle_part_of_ileum>, <http://blulab.chpc.utah.edu/ontologies/v2/ConText.owl#Lexicon> -> <http://blulab.chpc.utah.edu/ontologies/v2/ConText.owl#Modifier> -> <http://blulab.chpc.utah.edu/ontologies/v2/ConText.owl#SemanticModifier> -> <http://blulab.chpc.utah.edu/ontologies/v2/ConText.owl#BodySite> -> <http://blulab.chpc.utah.edu/ontologies/schema/endo/colonoscopyQuality.owl#ileum> -> <http://blulab.chpc.utah.edu/ontologies/schema/endo/colonoscopyQuality.owl#Region_of_ileum> -> <http://blulab.chpc.utah.edu/ontologies/schema/endo/colonoscopyQuality.owl#Wall_of_ileum> -> <http://blulab.chpc.utah.edu/ontologies/schema/endo/colonoscopyQuality.owl#Wall_of_middle_part_of_ileum> -> <http://blulab.chpc.utah.edu/ontologies/schema/endo/colonoscopyQuality.owl#Mucosa_of_middle_part_of_ileum>, <http://blulab.chpc.utah.edu/ontologies/v2/ConText.owl#Lexicon> -> <http://blulab.chpc.utah.edu/ontologies/v2/ConText.owl#Modifier> -> <http://blulab.chpc.utah.edu/ontologies/v2/ConText.owl#SemanticModifier> -> <http://blulab.chpc.utah.edu/ontologies/v2/ConText.owl#BodySite> -> <http://blulab.chpc.utah.edu/ontologies/schema/endo/colonoscopyQuality.owl#ileum> -> <http://blulab.chpc.utah.edu/ontologies/schema/endo/colonoscopyQuality.owl#Region_of_ileum> -> <http://blulab.chpc.utah.edu/ontologies/schema/endo/colonoscopyQuality.owl#Structure_of_middle_portion_of_ileum> -> <http://blulab.chpc.utah.edu/ontologies/schema/endo/colonoscopyQuality.owl#Wall_of_middle_part_of_ileum> -> <http://blulab.chpc.utah.edu/ontologies/schema/endo/colonoscopyQuality.owl#Mucosa_of_middle_part_of_ileum>, <http://blulab.chpc.utah.edu/ontologies/v2/ConText.owl#Lexicon> -> <http://blulab.chpc.utah.edu/ontologies/v2/ConText.owl#Modifier> -> <http://blulab.chpc.utah.edu/ontologies/v2/ConText.owl#SemanticModifier> -> <http://blulab.chpc.utah.edu/ontologies/v2/ConText.owl#BodySite> -> <http://blulab.chpc.utah.edu/ontologies/schema/endo/colonoscopyQuality.owl#ileum> -> <http://blulab.chpc.utah.edu/ontologies/schema/endo/colonoscopyQuality.owl#Structure_of_middle_portion_of_ileum> -> <http://blulab.chpc.utah.edu/ontologies/schema/endo/colonoscopyQuality.owl#Wall_of_middle_part_of_ileum> -> <http://blulab.chpc.utah.edu/ontologies/schema/endo/colonoscopyQuality.owl#Mucosa_of_middle_part_of_ileum>]]

	Modifier: Muscle_layer_of_middle_part_of_ileum, uri=http://blulab.chpc.utah.edu/ontologies/schema/endo/colonoscopyQuality.owl#Muscle_layer_of_middle_part_of_ileum, type= Semantic, classPath= [<http://blulab.chpc.utah.edu/ontologies/v2/ConText.owl#Lexicon> -> <http://blulab.chpc.utah.edu/ontologies/v2/ConText.owl#Modifier> -> <http://blulab.chpc.utah.edu/ontologies/v2/ConText.owl#SemanticModifier> -> <http://blulab.chpc.utah.edu/ontologies/v2/ConText.owl#BodySite> -> <http://blulab.chpc.utah.edu/ontologies/schema/endo/colonoscopyQuality.owl#ileum> -> <http://blulab.chpc.utah.edu/ontologies/schema/endo/colonoscopyQuality.owl#Entire_ileum> -> <http://blulab.chpc.utah.edu/ontologies/schema/endo/colonoscopyQuality.owl#Structure_of_middle_portion_of_ileum> -> <http://blulab.chpc.utah.edu/ontologies/schema/endo/colonoscopyQuality.owl#Wall_of_middle_part_of_ileum> -> <http://blulab.chpc.utah.edu/ontologies/schema/endo/colonoscopyQuality.owl#Muscle_layer_of_middle_part_of_ileum>, <http://blulab.chpc.utah.edu/ontologies/v2/ConText.owl#Lexicon> -> <http://blulab.chpc.utah.edu/ontologies/v2/ConText.owl#Modifier> -> <http://blulab.chpc.utah.edu/ontologies/v2/ConText.owl#SemanticModifier> -> <http://blulab.chpc.utah.edu/ontologies/v2/ConText.owl#BodySite> -> <http://blulab.chpc.utah.edu/ontologies/schema/endo/colonoscopyQuality.owl#ileum> -> <http://blulab.chpc.utah.edu/ontologies/schema/endo/colonoscopyQuality.owl#Region_of_ileum> -> <http://blulab.chpc.utah.edu/ontologies/schema/endo/colonoscopyQuality.owl#Subdivision_of_wall_of_ileum> -> <http://blulab.chpc.utah.edu/ontologies/schema/endo/colonoscopyQuality.owl#Wall_of_middle_part_of_ileum> -> <http://blulab.chpc.utah.edu/ontologies/schema/endo/colonoscopyQuality.owl#Muscle_layer_of_middle_part_of_ileum>, <http://blulab.chpc.utah.edu/ontologies/v2/ConText.owl#Lexicon> -> <http://blulab.chpc.utah.edu/ontologies/v2/ConText.owl#Modifier> -> <http://blulab.chpc.utah.edu/ontologies/v2/ConText.owl#SemanticModifier> -> <http://blulab.chpc.utah.edu/ontologies/v2/ConText.owl#BodySite> -> <http://blulab.chpc.utah.edu/ontologies/schema/endo/colonoscopyQuality.owl#ileum> -> <http://blulab.chpc.utah.edu/ontologies/schema/endo/colonoscopyQuality.owl#Wall_of_ileum> -> <http://blulab.chpc.utah.edu/ontologies/schema/endo/colonoscopyQuality.owl#Wall_of_middle_part_of_ileum> -> <http://blulab.chpc.utah.edu/ontologies/schema/endo/colonoscopyQuality.owl#Muscle_layer_of_middle_part_of_ileum>, <http://blulab.chpc.utah.edu/ontologies/v2/ConText.owl#Lexicon> -> <http://blulab.chpc.utah.edu/ontologies/v2/ConText.owl#Modifier> -> <http://blulab.chpc.utah.edu/ontologies/v2/ConText.owl#SemanticModifier> -> <http://blulab.chpc.utah.edu/ontologies/v2/ConText.owl#BodySite> -> <http://blulab.chpc.utah.edu/ontologies/schema/endo/colonoscopyQuality.owl#ileum> -> <http://blulab.chpc.utah.edu/ontologies/schema/endo/colonoscopyQuality.owl#Region_of_ileum> -> <http://blulab.chpc.utah.edu/ontologies/schema/endo/colonoscopyQuality.owl#Wall_of_ileum> -> <http://blulab.chpc.utah.edu/ontologies/schema/endo/colonoscopyQuality.owl#Wall_of_middle_part_of_ileum> -> <http://blulab.chpc.utah.edu/ontologies/schema/endo/colonoscopyQuality.owl#Muscle_layer_of_middle_part_of_ileum>, <http://blulab.chpc.utah.edu/ontologies/v2/ConText.owl#Lexicon> -> <http://blulab.chpc.utah.edu/ontologies/v2/ConText.owl#Modifier> -> <http://blulab.chpc.utah.edu/ontologies/v2/ConText.owl#SemanticModifier> -> <http://blulab.chpc.utah.edu/ontologies/v2/ConText.owl#BodySite> -> <http://blulab.chpc.utah.edu/ontologies/schema/endo/colonoscopyQuality.owl#ileum> -> <http://blulab.chpc.utah.edu/ontologies/schema/endo/colonoscopyQuality.owl#Region_of_ileum> -> <http://blulab.chpc.utah.edu/ontologies/schema/endo/colonoscopyQuality.owl#Structure_of_middle_portion_of_ileum> -> <http://blulab.chpc.utah.edu/ontologies/schema/endo/colonoscopyQuality.owl#Wall_of_middle_part_of_ileum> -> <http://blulab.chpc.utah.edu/ontologies/schema/endo/colonoscopyQuality.owl#Muscle_layer_of_middle_part_of_ileum>, <http://blulab.chpc.utah.edu/ontologies/v2/ConText.owl#Lexicon> -> <http://blulab.chpc.utah.edu/ontologies/v2/ConText.owl#Modifier> -> <http://blulab.chpc.utah.edu/ontologies/v2/ConText.owl#SemanticModifier> -> <http://blulab.chpc.utah.edu/ontologies/v2/ConText.owl#BodySite> -> <http://blulab.chpc.utah.edu/ontologies/schema/endo/colonoscopyQuality.owl#ileum> -> <http://blulab.chpc.utah.edu/ontologies/schema/endo/colonoscopyQuality.owl#Structure_of_middle_portion_of_ileum> -> <http://blulab.chpc.utah.edu/ontologies/schema/endo/colonoscopyQuality.owl#Wall_of_middle_part_of_ileum> -> <http://blulab.chpc.utah.edu/ontologies/schema/endo/colonoscopyQuality.owl#Muscle_layer_of_middle_part_of_ileum>]]

	Modifier: Posterior_wall_of_middle_part_of_ileum, uri=http://blulab.chpc.utah.edu/ontologies/schema/endo/colonoscopyQuality.owl#Posterior_wall_of_middle_part_of_ileum, type= Semantic, classPath= [<http://blulab.chpc.utah.edu/ontologies/v2/ConText.owl#Lexicon> -> <http://blulab.chpc.utah.edu/ontologies/v2/ConText.owl#Modifier> -> <http://blulab.chpc.utah.edu/ontologies/v2/ConText.owl#SemanticModifier> -> <http://blulab.chpc.utah.edu/ontologies/v2/ConText.owl#BodySite> -> <http://blulab.chpc.utah.edu/ontologies/schema/endo/colonoscopyQuality.owl#ileum> -> <http://blulab.chpc.utah.edu/ontologies/schema/endo/colonoscopyQuality.owl#Entire_ileum> -> <http://blulab.chpc.utah.edu/ontologies/schema/endo/colonoscopyQuality.owl#Structure_of_middle_portion_of_ileum> -> <http://blulab.chpc.utah.edu/ontologies/schema/endo/colonoscopyQuality.owl#Wall_of_middle_part_of_ileum> -> <http://blulab.chpc.utah.edu/ontologies/schema/endo/colonoscopyQuality.owl#Posterior_wall_of_middle_part_of_ileum>, <http://blulab.chpc.utah.edu/ontologies/v2/ConText.owl#Lexicon> -> <http://blulab.chpc.utah.edu/ontologies/v2/ConText.owl#Modifier> -> <http://blulab.chpc.utah.edu/ontologies/v2/ConText.owl#SemanticModifier> -> <http://blulab.chpc.utah.edu/ontologies/v2/ConText.owl#BodySite> -> <http://blulab.chpc.utah.edu/ontologies/schema/endo/colonoscopyQuality.owl#ileum> -> <http://blulab.chpc.utah.edu/ontologies/schema/endo/colonoscopyQuality.owl#Region_of_ileum> -> <http://blulab.chpc.utah.edu/ontologies/schema/endo/colonoscopyQuality.owl#Subdivision_of_wall_of_ileum> -> <http://blulab.chpc.utah.edu/ontologies/schema/endo/colonoscopyQuality.owl#Wall_of_middle_part_of_ileum> -> <http://blulab.chpc.utah.edu/ontologies/schema/endo/colonoscopyQuality.owl#Posterior_wall_of_middle_part_of_ileum>, <http://blulab.chpc.utah.edu/ontologies/v2/ConText.owl#Lexicon> -> <http://blulab.chpc.utah.edu/ontologies/v2/ConText.owl#Modifier> -> <http://blulab.chpc.utah.edu/ontologies/v2/ConText.owl#SemanticModifier> -> <http://blulab.chpc.utah.edu/ontologies/v2/ConText.owl#BodySite> -> <http://blulab.chpc.utah.edu/ontologies/schema/endo/colonoscopyQuality.owl#ileum> -> <http://blulab.chpc.utah.edu/ontologies/schema/endo/colonoscopyQuality.owl#Wall_of_ileum> -> <http://blulab.chpc.utah.edu/ontologies/schema/endo/colonoscopyQuality.owl#Wall_of_middle_part_of_ileum> -> <http://blulab.chpc.utah.edu/ontologies/schema/endo/colonoscopyQuality.owl#Posterior_wall_of_middle_part_of_ileum>, <http://blulab.chpc.utah.edu/ontologies/v2/ConText.owl#Lexicon> -> <http://blulab.chpc.utah.edu/ontologies/v2/ConText.owl#Modifier> -> <http://blulab.chpc.utah.edu/ontologies/v2/ConText.owl#SemanticModifier> -> <http://blulab.chpc.utah.edu/ontologies/v2/ConText.owl#BodySite> -> <http://blulab.chpc.utah.edu/ontologies/schema/endo/colonoscopyQuality.owl#ileum> -> <http://blulab.chpc.utah.edu/ontologies/schema/endo/colonoscopyQuality.owl#Region_of_ileum> -> <http://blulab.chpc.utah.edu/ontologies/schema/endo/colonoscopyQuality.owl#Wall_of_ileum> -> <http://blulab.chpc.utah.edu/ontologies/schema/endo/colonoscopyQuality.owl#Wall_of_middle_part_of_ileum> -> <http://blulab.chpc.utah.edu/ontologies/schema/endo/colonoscopyQuality.owl#Posterior_wall_of_middle_part_of_ileum>, <http://blulab.chpc.utah.edu/ontologies/v2/ConText.owl#Lexicon> -> <http://blulab.chpc.utah.edu/ontologies/v2/ConText.owl#Modifier> -> <http://blulab.chpc.utah.edu/ontologies/v2/ConText.owl#SemanticModifier> -> <http://blulab.chpc.utah.edu/ontologies/v2/ConText.owl#BodySite> -> <http://blulab.chpc.utah.edu/ontologies/schema/endo/colonoscopyQuality.owl#ileum> -> <http://blulab.chpc.utah.edu/ontologies/schema/endo/colonoscopyQuality.owl#Region_of_ileum> -> <http://blulab.chpc.utah.edu/ontologies/schema/endo/colonoscopyQuality.owl#Structure_of_middle_portion_of_ileum> -> <http://blulab.chpc.utah.edu/ontologies/schema/endo/colonoscopyQuality.owl#Wall_of_middle_part_of_ileum> -> <http://blulab.chpc.utah.edu/ontologies/schema/endo/colonoscopyQuality.owl#Posterior_wall_of_middle_part_of_ileum>, <http://blulab.chpc.utah.edu/ontologies/v2/ConText.owl#Lexicon> -> <http://blulab.chpc.utah.edu/ontologies/v2/ConText.owl#Modifier> -> <http://blulab.chpc.utah.edu/ontologies/v2/ConText.owl#SemanticModifier> -> <http://blulab.chpc.utah.edu/ontologies/v2/ConText.owl#BodySite> -> <http://blulab.chpc.utah.edu/ontologies/schema/endo/colonoscopyQuality.owl#ileum> -> <http://blulab.chpc.utah.edu/ontologies/schema/endo/colonoscopyQuality.owl#Structure_of_middle_portion_of_ileum> -> <http://blulab.chpc.utah.edu/ontologies/schema/endo/colonoscopyQuality.owl#Wall_of_middle_part_of_ileum> -> <http://blulab.chpc.utah.edu/ontologies/schema/endo/colonoscopyQuality.owl#Posterior_wall_of_middle_part_of_ileum>]]

	Modifier: Serosa_of_middle_part_of_ileum, uri=http://blulab.chpc.utah.edu/ontologies/schema/endo/colonoscopyQuality.owl#Serosa_of_middle_part_of_ileum, type= Semantic, classPath= [<http://blulab.chpc.utah.edu/ontologies/v2/ConText.owl#Lexicon> -> <http://blulab.chpc.utah.edu/ontologies/v2/ConText.owl#Modifier> -> <http://blulab.chpc.utah.edu/ontologies/v2/ConText.owl#SemanticModifier> -> <http://blulab.chpc.utah.edu/ontologies/v2/ConText.owl#BodySite> -> <http://blulab.chpc.utah.edu/ontologies/schema/endo/colonoscopyQuality.owl#ileum> -> <http://blulab.chpc.utah.edu/ontologies/schema/endo/colonoscopyQuality.owl#Entire_ileum> -> <http://blulab.chpc.utah.edu/ontologies/schema/endo/colonoscopyQuality.owl#Structure_of_middle_portion_of_ileum> -> <http://blulab.chpc.utah.edu/ontologies/schema/endo/colonoscopyQuality.owl#Wall_of_middle_part_of_ileum> -> <http://blulab.chpc.utah.edu/ontologies/schema/endo/colonoscopyQuality.owl#Serosa_of_middle_part_of_ileum>, <http://blulab.chpc.utah.edu/ontologies/v2/ConText.owl#Lexicon> -> <http://blulab.chpc.utah.edu/ontologies/v2/ConText.owl#Modifier> -> <http://blulab.chpc.utah.edu/ontologies/v2/ConText.owl#SemanticModifier> -> <http://blulab.chpc.utah.edu/ontologies/v2/ConText.owl#BodySite> -> <http://blulab.chpc.utah.edu/ontologies/schema/endo/colonoscopyQuality.owl#ileum> -> <http://blulab.chpc.utah.edu/ontologies/schema/endo/colonoscopyQuality.owl#Region_of_ileum> -> <http://blulab.chpc.utah.edu/ontologies/schema/endo/colonoscopyQuality.owl#Subdivision_of_wall_of_ileum> -> <http://blulab.chpc.utah.edu/ontologies/schema/endo/colonoscopyQuality.owl#Wall_of_middle_part_of_ileum> -> <http://blulab.chpc.utah.edu/ontologies/schema/endo/colonoscopyQuality.owl#Serosa_of_middle_part_of_ileum>, <http://blulab.chpc.utah.edu/ontologies/v2/ConText.owl#Lexicon> -> <http://blulab.chpc.utah.edu/ontologies/v2/ConText.owl#Modifier> -> <http://blulab.chpc.utah.edu/ontologies/v2/ConText.owl#SemanticModifier> -> <http://blulab.chpc.utah.edu/ontologies/v2/ConText.owl#BodySite> -> <http://blulab.chpc.utah.edu/ontologies/schema/endo/colonoscopyQuality.owl#ileum> -> <http://blulab.chpc.utah.edu/ontologies/schema/endo/colonoscopyQuality.owl#Wall_of_ileum> -> <http://blulab.chpc.utah.edu/ontologies/schema/endo/colonoscopyQuality.owl#Wall_of_middle_part_of_ileum> -> <http://blulab.chpc.utah.edu/ontologies/schema/endo/colonoscopyQuality.owl#Serosa_of_middle_part_of_ileum>, <http://blulab.chpc.utah.edu/ontologies/v2/ConText.owl#Lexicon> -> <http://blulab.chpc.utah.edu/ontologies/v2/ConText.owl#Modifier> -> <http://blulab.chpc.utah.edu/ontologies/v2/ConText.owl#SemanticModifier> -> <http://blulab.chpc.utah.edu/ontologies/v2/ConText.owl#BodySite> -> <http://blulab.chpc.utah.edu/ontologies/schema/endo/colonoscopyQuality.owl#ileum> -> <http://blulab.chpc.utah.edu/ontologies/schema/endo/colonoscopyQuality.owl#Region_of_ileum> -> <http://blulab.chpc.utah.edu/ontologies/schema/endo/colonoscopyQuality.owl#Wall_of_ileum> -> <http://blulab.chpc.utah.edu/ontologies/schema/endo/colonoscopyQuality.owl#Wall_of_middle_part_of_ileum> -> <http://blulab.chpc.utah.edu/ontologies/schema/endo/colonoscopyQuality.owl#Serosa_of_middle_part_of_ileum>, <http://blulab.chpc.utah.edu/ontologies/v2/ConText.owl#Lexicon> -> <http://blulab.chpc.utah.edu/ontologies/v2/ConText.owl#Modifier> -> <http://blulab.chpc.utah.edu/ontologies/v2/ConText.owl#SemanticModifier> -> <http://blulab.chpc.utah.edu/ontologies/v2/ConText.owl#BodySite> -> <http://blulab.chpc.utah.edu/ontologies/schema/endo/colonoscopyQuality.owl#ileum> -> <http://blulab.chpc.utah.edu/ontologies/schema/endo/colonoscopyQuality.owl#Region_of_ileum> -> <http://blulab.chpc.utah.edu/ontologies/schema/endo/colonoscopyQuality.owl#Structure_of_middle_portion_of_ileum> -> <http://blulab.chpc.utah.edu/ontologies/schema/endo/colonoscopyQuality.owl#Wall_of_middle_part_of_ileum> -> <http://blulab.chpc.utah.edu/ontologies/schema/endo/colonoscopyQuality.owl#Serosa_of_middle_part_of_ileum>, <http://blulab.chpc.utah.edu/ontologies/v2/ConText.owl#Lexicon> -> <http://blulab.chpc.utah.edu/ontologies/v2/ConText.owl#Modifier> -> <http://blulab.chpc.utah.edu/ontologies/v2/ConText.owl#SemanticModifier> -> <http://blulab.chpc.utah.edu/ontologies/v2/ConText.owl#BodySite> -> <http://blulab.chpc.utah.edu/ontologies/schema/endo/colonoscopyQuality.owl#ileum> -> <http://blulab.chpc.utah.edu/ontologies/schema/endo/colonoscopyQuality.owl#Structure_of_middle_portion_of_ileum> -> <http://blulab.chpc.utah.edu/ontologies/schema/endo/colonoscopyQuality.owl#Wall_of_middle_part_of_ileum> -> <http://blulab.chpc.utah.edu/ontologies/schema/endo/colonoscopyQuality.owl#Serosa_of_middle_part_of_ileum>]]

	Modifier: Submucosa_of_middle_part_of_ileum, uri=http://blulab.chpc.utah.edu/ontologies/schema/endo/colonoscopyQuality.owl#Submucosa_of_middle_part_of_ileum, type= Semantic, classPath= [<http://blulab.chpc.utah.edu/ontologies/v2/ConText.owl#Lexicon> -> <http://blulab.chpc.utah.edu/ontologies/v2/ConText.owl#Modifier> -> <http://blulab.chpc.utah.edu/ontologies/v2/ConText.owl#SemanticModifier> -> <http://blulab.chpc.utah.edu/ontologies/v2/ConText.owl#BodySite> -> <http://blulab.chpc.utah.edu/ontologies/schema/endo/colonoscopyQuality.owl#ileum> -> <http://blulab.chpc.utah.edu/ontologies/schema/endo/colonoscopyQuality.owl#Entire_ileum> -> <http://blulab.chpc.utah.edu/ontologies/schema/endo/colonoscopyQuality.owl#Structure_of_middle_portion_of_ileum> -> <http://blulab.chpc.utah.edu/ontologies/schema/endo/colonoscopyQuality.owl#Wall_of_middle_part_of_ileum> -> <http://blulab.chpc.utah.edu/ontologies/schema/endo/colonoscopyQuality.owl#Submucosa_of_middle_part_of_ileum>, <http://blulab.chpc.utah.edu/ontologies/v2/ConText.owl#Lexicon> -> <http://blulab.chpc.utah.edu/ontologies/v2/ConText.owl#Modifier> -> <http://blulab.chpc.utah.edu/ontologies/v2/ConText.owl#SemanticModifier> -> <http://blulab.chpc.utah.edu/ontologies/v2/ConText.owl#BodySite> -> <http://blulab.chpc.utah.edu/ontologies/schema/endo/colonoscopyQuality.owl#ileum> -> <http://blulab.chpc.utah.edu/ontologies/schema/endo/colonoscopyQuality.owl#Region_of_ileum> -> <http://blulab.chpc.utah.edu/ontologies/schema/endo/colonoscopyQuality.owl#Subdivision_of_wall_of_ileum> -> <http://blulab.chpc.utah.edu/ontologies/schema/endo/colonoscopyQuality.owl#Wall_of_middle_part_of_ileum> -> <http://blulab.chpc.utah.edu/ontologies/schema/endo/colonoscopyQuality.owl#Submucosa_of_middle_part_of_ileum>, <http://blulab.chpc.utah.edu/ontologies/v2/ConText.owl#Lexicon> -> <http://blulab.chpc.utah.edu/ontologies/v2/ConText.owl#Modifier> -> <http://blulab.chpc.utah.edu/ontologies/v2/ConText.owl#SemanticModifier> -> <http://blulab.chpc.utah.edu/ontologies/v2/ConText.owl#BodySite> -> <http://blulab.chpc.utah.edu/ontologies/schema/endo/colonoscopyQuality.owl#ileum> -> <http://blulab.chpc.utah.edu/ontologies/schema/endo/colonoscopyQuality.owl#Wall_of_ileum> -> <http://blulab.chpc.utah.edu/ontologies/schema/endo/colonoscopyQuality.owl#Wall_of_middle_part_of_ileum> -> <http://blulab.chpc.utah.edu/ontologies/schema/endo/colonoscopyQuality.owl#Submucosa_of_middle_part_of_ileum>, <http://blulab.chpc.utah.edu/ontologies/v2/ConText.owl#Lexicon> -> <http://blulab.chpc.utah.edu/ontologies/v2/ConText.owl#Modifier> -> <http://blulab.chpc.utah.edu/ontologies/v2/ConText.owl#SemanticModifier> -> <http://blulab.chpc.utah.edu/ontologies/v2/ConText.owl#BodySite> -> <http://blulab.chpc.utah.edu/ontologies/schema/endo/colonoscopyQuality.owl#ileum> -> <http://blulab.chpc.utah.edu/ontologies/schema/endo/colonoscopyQuality.owl#Region_of_ileum> -> <http://blulab.chpc.utah.edu/ontologies/schema/endo/colonoscopyQuality.owl#Wall_of_ileum> -> <http://blulab.chpc.utah.edu/ontologies/schema/endo/colonoscopyQuality.owl#Wall_of_middle_part_of_ileum> -> <http://blulab.chpc.utah.edu/ontologies/schema/endo/colonoscopyQuality.owl#Submucosa_of_middle_part_of_ileum>, <http://blulab.chpc.utah.edu/ontologies/v2/ConText.owl#Lexicon> -> <http://blulab.chpc.utah.edu/ontologies/v2/ConText.owl#Modifier> -> <http://blulab.chpc.utah.edu/ontologies/v2/ConText.owl#SemanticModifier> -> <http://blulab.chpc.utah.edu/ontologies/v2/ConText.owl#BodySite> -> <http://blulab.chpc.utah.edu/ontologies/schema/endo/colonoscopyQuality.owl#ileum> -> <http://blulab.chpc.utah.edu/ontologies/schema/endo/colonoscopyQuality.owl#Region_of_ileum> -> <http://blulab.chpc.utah.edu/ontologies/schema/endo/colonoscopyQuality.owl#Structure_of_middle_portion_of_ileum> -> <http://blulab.chpc.utah.edu/ontologies/schema/endo/colonoscopyQuality.owl#Wall_of_middle_part_of_ileum> -> <http://blulab.chpc.utah.edu/ontologies/schema/endo/colonoscopyQuality.owl#Submucosa_of_middle_part_of_ileum>, <http://blulab.chpc.utah.edu/ontologies/v2/ConText.owl#Lexicon> -> <http://blulab.chpc.utah.edu/ontologies/v2/ConText.owl#Modifier> -> <http://blulab.chpc.utah.edu/ontologies/v2/ConText.owl#SemanticModifier> -> <http://blulab.chpc.utah.edu/ontologies/v2/ConText.owl#BodySite> -> <http://blulab.chpc.utah.edu/ontologies/schema/endo/colonoscopyQuality.owl#ileum> -> <http://blulab.chpc.utah.edu/ontologies/schema/endo/colonoscopyQuality.owl#Structure_of_middle_portion_of_ileum> -> <http://blulab.chpc.utah.edu/ontologies/schema/endo/colonoscopyQuality.owl#Wall_of_middle_part_of_ileum> -> <http://blulab.chpc.utah.edu/ontologies/schema/endo/colonoscopyQuality.owl#Submucosa_of_middle_part_of_ileum>]]

	Modifier: Subserosa_of_middle_part_of_ileum, uri=http://blulab.chpc.utah.edu/ontologies/schema/endo/colonoscopyQuality.owl#Subserosa_of_middle_part_of_ileum, type= Semantic, classPath= [<http://blulab.chpc.utah.edu/ontologies/v2/ConText.owl#Lexicon> -> <http://blulab.chpc.utah.edu/ontologies/v2/ConText.owl#Modifier> -> <http://blulab.chpc.utah.edu/ontologies/v2/ConText.owl#SemanticModifier> -> <http://blulab.chpc.utah.edu/ontologies/v2/ConText.owl#BodySite> -> <http://blulab.chpc.utah.edu/ontologies/schema/endo/colonoscopyQuality.owl#ileum> -> <http://blulab.chpc.utah.edu/ontologies/schema/endo/colonoscopyQuality.owl#Entire_ileum> -> <http://blulab.chpc.utah.edu/ontologies/schema/endo/colonoscopyQuality.owl#Structure_of_middle_portion_of_ileum> -> <http://blulab.chpc.utah.edu/ontologies/schema/endo/colonoscopyQuality.owl#Wall_of_middle_part_of_ileum> -> <http://blulab.chpc.utah.edu/ontologies/schema/endo/colonoscopyQuality.owl#Subserosa_of_middle_part_of_ileum>, <http://blulab.chpc.utah.edu/ontologies/v2/ConText.owl#Lexicon> -> <http://blulab.chpc.utah.edu/ontologies/v2/ConText.owl#Modifier> -> <http://blulab.chpc.utah.edu/ontologies/v2/ConText.owl#SemanticModifier> -> <http://blulab.chpc.utah.edu/ontologies/v2/ConText.owl#BodySite> -> <http://blulab.chpc.utah.edu/ontologies/schema/endo/colonoscopyQuality.owl#ileum> -> <http://blulab.chpc.utah.edu/ontologies/schema/endo/colonoscopyQuality.owl#Region_of_ileum> -> <http://blulab.chpc.utah.edu/ontologies/schema/endo/colonoscopyQuality.owl#Subdivision_of_wall_of_ileum> -> <http://blulab.chpc.utah.edu/ontologies/schema/endo/colonoscopyQuality.owl#Wall_of_middle_part_of_ileum> -> <http://blulab.chpc.utah.edu/ontologies/schema/endo/colonoscopyQuality.owl#Subserosa_of_middle_part_of_ileum>, <http://blulab.chpc.utah.edu/ontologies/v2/ConText.owl#Lexicon> -> <http://blulab.chpc.utah.edu/ontologies/v2/ConText.owl#Modifier> -> <http://blulab.chpc.utah.edu/ontologies/v2/ConText.owl#SemanticModifier> -> <http://blulab.chpc.utah.edu/ontologies/v2/ConText.owl#BodySite> -> <http://blulab.chpc.utah.edu/ontologies/schema/endo/colonoscopyQuality.owl#ileum> -> <http://blulab.chpc.utah.edu/ontologies/schema/endo/colonoscopyQuality.owl#Wall_of_ileum> -> <http://blulab.chpc.utah.edu/ontologies/schema/endo/colonoscopyQuality.owl#Wall_of_middle_part_of_ileum> -> <http://blulab.chpc.utah.edu/ontologies/schema/endo/colonoscopyQuality.owl#Subserosa_of_middle_part_of_ileum>, <http://blulab.chpc.utah.edu/ontologies/v2/ConText.owl#Lexicon> -> <http://blulab.chpc.utah.edu/ontologies/v2/ConText.owl#Modifier> -> <http://blulab.chpc.utah.edu/ontologies/v2/ConText.owl#SemanticModifier> -> <http://blulab.chpc.utah.edu/ontologies/v2/ConText.owl#BodySite> -> <http://blulab.chpc.utah.edu/ontologies/schema/endo/colonoscopyQuality.owl#ileum> -> <http://blulab.chpc.utah.edu/ontologies/schema/endo/colonoscopyQuality.owl#Region_of_ileum> -> <http://blulab.chpc.utah.edu/ontologies/schema/endo/colonoscopyQuality.owl#Wall_of_ileum> -> <http://blulab.chpc.utah.edu/ontologies/schema/endo/colonoscopyQuality.owl#Wall_of_middle_part_of_ileum> -> <http://blulab.chpc.utah.edu/ontologies/schema/endo/colonoscopyQuality.owl#Subserosa_of_middle_part_of_ileum>, <http://blulab.chpc.utah.edu/ontologies/v2/ConText.owl#Lexicon> -> <http://blulab.chpc.utah.edu/ontologies/v2/ConText.owl#Modifier> -> <http://blulab.chpc.utah.edu/ontologies/v2/ConText.owl#SemanticModifier> -> <http://blulab.chpc.utah.edu/ontologies/v2/ConText.owl#BodySite> -> <http://blulab.chpc.utah.edu/ontologies/schema/endo/colonoscopyQuality.owl#ileum> -> <http://blulab.chpc.utah.edu/ontologies/schema/endo/colonoscopyQuality.owl#Region_of_ileum> -> <http://blulab.chpc.utah.edu/ontologies/schema/endo/colonoscopyQuality.owl#Structure_of_middle_portion_of_ileum> -> <http://blulab.chpc.utah.edu/ontologies/schema/endo/colonoscopyQuality.owl#Wall_of_middle_part_of_ileum> -> <http://blulab.chpc.utah.edu/ontologies/schema/endo/colonoscopyQuality.owl#Subserosa_of_middle_part_of_ileum>, <http://blulab.chpc.utah.edu/ontologies/v2/ConText.owl#Lexicon> -> <http://blulab.chpc.utah.edu/ontologies/v2/ConText.owl#Modifier> -> <http://blulab.chpc.utah.edu/ontologies/v2/ConText.owl#SemanticModifier> -> <http://blulab.chpc.utah.edu/ontologies/v2/ConText.owl#BodySite> -> <http://blulab.chpc.utah.edu/ontologies/schema/endo/colonoscopyQuality.owl#ileum> -> <http://blulab.chpc.utah.edu/ontologies/schema/endo/colonoscopyQuality.owl#Structure_of_middle_portion_of_ileum> -> <http://blulab.chpc.utah.edu/ontologies/schema/endo/colonoscopyQuality.owl#Wall_of_middle_part_of_ileum> -> <http://blulab.chpc.utah.edu/ontologies/schema/endo/colonoscopyQuality.owl#Subserosa_of_middle_part_of_ileum>]]

	Modifier: Structure_of_proximal_portion_of_ileum, uri=http://blulab.chpc.utah.edu/ontologies/schema/endo/colonoscopyQuality.owl#Structure_of_proximal_portion_of_ileum, type= Semantic, classPath= [<http://blulab.chpc.utah.edu/ontologies/v2/ConText.owl#Lexicon> -> <http://blulab.chpc.utah.edu/ontologies/v2/ConText.owl#Modifier> -> <http://blulab.chpc.utah.edu/ontologies/v2/ConText.owl#SemanticModifier> -> <http://blulab.chpc.utah.edu/ontologies/v2/ConText.owl#BodySite> -> <http://blulab.chpc.utah.edu/ontologies/schema/endo/colonoscopyQuality.owl#ileum> -> <http://blulab.chpc.utah.edu/ontologies/schema/endo/colonoscopyQuality.owl#Entire_ileum> -> <http://blulab.chpc.utah.edu/ontologies/schema/endo/colonoscopyQuality.owl#Structure_of_proximal_portion_of_ileum>, <http://blulab.chpc.utah.edu/ontologies/v2/ConText.owl#Lexicon> -> <http://blulab.chpc.utah.edu/ontologies/v2/ConText.owl#Modifier> -> <http://blulab.chpc.utah.edu/ontologies/v2/ConText.owl#SemanticModifier> -> <http://blulab.chpc.utah.edu/ontologies/v2/ConText.owl#BodySite> -> <http://blulab.chpc.utah.edu/ontologies/schema/endo/colonoscopyQuality.owl#ileum> -> <http://blulab.chpc.utah.edu/ontologies/schema/endo/colonoscopyQuality.owl#Region_of_ileum> -> <http://blulab.chpc.utah.edu/ontologies/schema/endo/colonoscopyQuality.owl#Structure_of_proximal_portion_of_ileum>, <http://blulab.chpc.utah.edu/ontologies/v2/ConText.owl#Lexicon> -> <http://blulab.chpc.utah.edu/ontologies/v2/ConText.owl#Modifier> -> <http://blulab.chpc.utah.edu/ontologies/v2/ConText.owl#SemanticModifier> -> <http://blulab.chpc.utah.edu/ontologies/v2/ConText.owl#BodySite> -> <http://blulab.chpc.utah.edu/ontologies/schema/endo/colonoscopyQuality.owl#ileum> -> <http://blulab.chpc.utah.edu/ontologies/schema/endo/colonoscopyQuality.owl#Structure_of_proximal_portion_of_ileum>]]

	Modifier: Entire_proximal_portion_of_ileum, uri=http://blulab.chpc.utah.edu/ontologies/schema/endo/colonoscopyQuality.owl#Entire_proximal_portion_of_ileum, type= Semantic, classPath= [<http://blulab.chpc.utah.edu/ontologies/v2/ConText.owl#Lexicon> -> <http://blulab.chpc.utah.edu/ontologies/v2/ConText.owl#Modifier> -> <http://blulab.chpc.utah.edu/ontologies/v2/ConText.owl#SemanticModifier> -> <http://blulab.chpc.utah.edu/ontologies/v2/ConText.owl#BodySite> -> <http://blulab.chpc.utah.edu/ontologies/schema/endo/colonoscopyQuality.owl#ileum> -> <http://blulab.chpc.utah.edu/ontologies/schema/endo/colonoscopyQuality.owl#Entire_ileum> -> <http://blulab.chpc.utah.edu/ontologies/schema/endo/colonoscopyQuality.owl#Structure_of_proximal_portion_of_ileum> -> <http://blulab.chpc.utah.edu/ontologies/schema/endo/colonoscopyQuality.owl#Entire_proximal_portion_of_ileum>, <http://blulab.chpc.utah.edu/ontologies/v2/ConText.owl#Lexicon> -> <http://blulab.chpc.utah.edu/ontologies/v2/ConText.owl#Modifier> -> <http://blulab.chpc.utah.edu/ontologies/v2/ConText.owl#SemanticModifier> -> <http://blulab.chpc.utah.edu/ontologies/v2/ConText.owl#BodySite> -> <http://blulab.chpc.utah.edu/ontologies/schema/endo/colonoscopyQuality.owl#ileum> -> <http://blulab.chpc.utah.edu/ontologies/schema/endo/colonoscopyQuality.owl#Region_of_ileum> -> <http://blulab.chpc.utah.edu/ontologies/schema/endo/colonoscopyQuality.owl#Structure_of_proximal_portion_of_ileum> -> <http://blulab.chpc.utah.edu/ontologies/schema/endo/colonoscopyQuality.owl#Entire_proximal_portion_of_ileum>, <http://blulab.chpc.utah.edu/ontologies/v2/ConText.owl#Lexicon> -> <http://blulab.chpc.utah.edu/ontologies/v2/ConText.owl#Modifier> -> <http://blulab.chpc.utah.edu/ontologies/v2/ConText.owl#SemanticModifier> -> <http://blulab.chpc.utah.edu/ontologies/v2/ConText.owl#BodySite> -> <http://blulab.chpc.utah.edu/ontologies/schema/endo/colonoscopyQuality.owl#ileum> -> <http://blulab.chpc.utah.edu/ontologies/schema/endo/colonoscopyQuality.owl#Structure_of_proximal_portion_of_ileum> -> <http://blulab.chpc.utah.edu/ontologies/schema/endo/colonoscopyQuality.owl#Entire_proximal_portion_of_ileum>]]

	Modifier: Lumen_of_proximal_part_of_ileum, uri=http://blulab.chpc.utah.edu/ontologies/schema/endo/colonoscopyQuality.owl#Lumen_of_proximal_part_of_ileum, type= Semantic, classPath= [<http://blulab.chpc.utah.edu/ontologies/v2/ConText.owl#Lexicon> -> <http://blulab.chpc.utah.edu/ontologies/v2/ConText.owl#Modifier> -> <http://blulab.chpc.utah.edu/ontologies/v2/ConText.owl#SemanticModifier> -> <http://blulab.chpc.utah.edu/ontologies/v2/ConText.owl#BodySite> -> <http://blulab.chpc.utah.edu/ontologies/schema/endo/colonoscopyQuality.owl#ileum> -> <http://blulab.chpc.utah.edu/ontologies/schema/endo/colonoscopyQuality.owl#Entire_ileum> -> <http://blulab.chpc.utah.edu/ontologies/schema/endo/colonoscopyQuality.owl#Structure_of_ileal_lumen> -> <http://blulab.chpc.utah.edu/ontologies/schema/endo/colonoscopyQuality.owl#Lumen_of_proximal_part_of_ileum>, <http://blulab.chpc.utah.edu/ontologies/v2/ConText.owl#Lexicon> -> <http://blulab.chpc.utah.edu/ontologies/v2/ConText.owl#Modifier> -> <http://blulab.chpc.utah.edu/ontologies/v2/ConText.owl#SemanticModifier> -> <http://blulab.chpc.utah.edu/ontologies/v2/ConText.owl#BodySite> -> <http://blulab.chpc.utah.edu/ontologies/schema/endo/colonoscopyQuality.owl#ileum> -> <http://blulab.chpc.utah.edu/ontologies/schema/endo/colonoscopyQuality.owl#Region_of_ileum> -> <http://blulab.chpc.utah.edu/ontologies/schema/endo/colonoscopyQuality.owl#Structure_of_proximal_portion_of_ileum> -> <http://blulab.chpc.utah.edu/ontologies/schema/endo/colonoscopyQuality.owl#Lumen_of_proximal_part_of_ileum>, <http://blulab.chpc.utah.edu/ontologies/v2/ConText.owl#Lexicon> -> <http://blulab.chpc.utah.edu/ontologies/v2/ConText.owl#Modifier> -> <http://blulab.chpc.utah.edu/ontologies/v2/ConText.owl#SemanticModifier> -> <http://blulab.chpc.utah.edu/ontologies/v2/ConText.owl#BodySite> -> <http://blulab.chpc.utah.edu/ontologies/schema/endo/colonoscopyQuality.owl#ileum> -> <http://blulab.chpc.utah.edu/ontologies/schema/endo/colonoscopyQuality.owl#Structure_of_proximal_portion_of_ileum> -> <http://blulab.chpc.utah.edu/ontologies/schema/endo/colonoscopyQuality.owl#Lumen_of_proximal_part_of_ileum>, <http://blulab.chpc.utah.edu/ontologies/v2/ConText.owl#Lexicon> -> <http://blulab.chpc.utah.edu/ontologies/v2/ConText.owl#Modifier> -> <http://blulab.chpc.utah.edu/ontologies/v2/ConText.owl#SemanticModifier> -> <http://blulab.chpc.utah.edu/ontologies/v2/ConText.owl#BodySite> -> <http://blulab.chpc.utah.edu/ontologies/schema/endo/colonoscopyQuality.owl#ileum> -> <http://blulab.chpc.utah.edu/ontologies/schema/endo/colonoscopyQuality.owl#Entire_ileum> -> <http://blulab.chpc.utah.edu/ontologies/schema/endo/colonoscopyQuality.owl#Structure_of_proximal_portion_of_ileum> -> <http://blulab.chpc.utah.edu/ontologies/schema/endo/colonoscopyQuality.owl#Lumen_of_proximal_part_of_ileum>, <http://blulab.chpc.utah.edu/ontologies/v2/ConText.owl#Lexicon> -> <http://blulab.chpc.utah.edu/ontologies/v2/ConText.owl#Modifier> -> <http://blulab.chpc.utah.edu/ontologies/v2/ConText.owl#SemanticModifier> -> <http://blulab.chpc.utah.edu/ontologies/v2/ConText.owl#BodySite> -> <http://blulab.chpc.utah.edu/ontologies/schema/endo/colonoscopyQuality.owl#ileum> -> <http://blulab.chpc.utah.edu/ontologies/schema/endo/colonoscopyQuality.owl#Structure_of_ileal_lumen> -> <http://blulab.chpc.utah.edu/ontologies/schema/endo/colonoscopyQuality.owl#Lumen_of_proximal_part_of_ileum>]]

	Modifier: Wall_of_proximal_part_of_ileum, uri=http://blulab.chpc.utah.edu/ontologies/schema/endo/colonoscopyQuality.owl#Wall_of_proximal_part_of_ileum, type= Semantic, classPath= [<http://blulab.chpc.utah.edu/ontologies/v2/ConText.owl#Lexicon> -> <http://blulab.chpc.utah.edu/ontologies/v2/ConText.owl#Modifier> -> <http://blulab.chpc.utah.edu/ontologies/v2/ConText.owl#SemanticModifier> -> <http://blulab.chpc.utah.edu/ontologies/v2/ConText.owl#BodySite> -> <http://blulab.chpc.utah.edu/ontologies/schema/endo/colonoscopyQuality.owl#ileum> -> <http://blulab.chpc.utah.edu/ontologies/schema/endo/colonoscopyQuality.owl#Entire_ileum> -> <http://blulab.chpc.utah.edu/ontologies/schema/endo/colonoscopyQuality.owl#Structure_of_proximal_portion_of_ileum> -> <http://blulab.chpc.utah.edu/ontologies/schema/endo/colonoscopyQuality.owl#Wall_of_proximal_part_of_ileum>, <http://blulab.chpc.utah.edu/ontologies/v2/ConText.owl#Lexicon> -> <http://blulab.chpc.utah.edu/ontologies/v2/ConText.owl#Modifier> -> <http://blulab.chpc.utah.edu/ontologies/v2/ConText.owl#SemanticModifier> -> <http://blulab.chpc.utah.edu/ontologies/v2/ConText.owl#BodySite> -> <http://blulab.chpc.utah.edu/ontologies/schema/endo/colonoscopyQuality.owl#ileum> -> <http://blulab.chpc.utah.edu/ontologies/schema/endo/colonoscopyQuality.owl#Region_of_ileum> -> <http://blulab.chpc.utah.edu/ontologies/schema/endo/colonoscopyQuality.owl#Subdivision_of_wall_of_ileum> -> <http://blulab.chpc.utah.edu/ontologies/schema/endo/colonoscopyQuality.owl#Wall_of_proximal_part_of_ileum>, <http://blulab.chpc.utah.edu/ontologies/v2/ConText.owl#Lexicon> -> <http://blulab.chpc.utah.edu/ontologies/v2/ConText.owl#Modifier> -> <http://blulab.chpc.utah.edu/ontologies/v2/ConText.owl#SemanticModifier> -> <http://blulab.chpc.utah.edu/ontologies/v2/ConText.owl#BodySite> -> <http://blulab.chpc.utah.edu/ontologies/schema/endo/colonoscopyQuality.owl#ileum> -> <http://blulab.chpc.utah.edu/ontologies/schema/endo/colonoscopyQuality.owl#Wall_of_ileum> -> <http://blulab.chpc.utah.edu/ontologies/schema/endo/colonoscopyQuality.owl#Wall_of_proximal_part_of_ileum>, <http://blulab.chpc.utah.edu/ontologies/v2/ConText.owl#Lexicon> -> <http://blulab.chpc.utah.edu/ontologies/v2/ConText.owl#Modifier> -> <http://blulab.chpc.utah.edu/ontologies/v2/ConText.owl#SemanticModifier> -> <http://blulab.chpc.utah.edu/ontologies/v2/ConText.owl#BodySite> -> <http://blulab.chpc.utah.edu/ontologies/schema/endo/colonoscopyQuality.owl#ileum> -> <http://blulab.chpc.utah.edu/ontologies/schema/endo/colonoscopyQuality.owl#Region_of_ileum> -> <http://blulab.chpc.utah.edu/ontologies/schema/endo/colonoscopyQuality.owl#Wall_of_ileum> -> <http://blulab.chpc.utah.edu/ontologies/schema/endo/colonoscopyQuality.owl#Wall_of_proximal_part_of_ileum>, <http://blulab.chpc.utah.edu/ontologies/v2/ConText.owl#Lexicon> -> <http://blulab.chpc.utah.edu/ontologies/v2/ConText.owl#Modifier> -> <http://blulab.chpc.utah.edu/ontologies/v2/ConText.owl#SemanticModifier> -> <http://blulab.chpc.utah.edu/ontologies/v2/ConText.owl#BodySite> -> <http://blulab.chpc.utah.edu/ontologies/schema/endo/colonoscopyQuality.owl#ileum> -> <http://blulab.chpc.utah.edu/ontologies/schema/endo/colonoscopyQuality.owl#Region_of_ileum> -> <http://blulab.chpc.utah.edu/ontologies/schema/endo/colonoscopyQuality.owl#Structure_of_proximal_portion_of_ileum> -> <http://blulab.chpc.utah.edu/ontologies/schema/endo/colonoscopyQuality.owl#Wall_of_proximal_part_of_ileum>, <http://blulab.chpc.utah.edu/ontologies/v2/ConText.owl#Lexicon> -> <http://blulab.chpc.utah.edu/ontologies/v2/ConText.owl#Modifier> -> <http://blulab.chpc.utah.edu/ontologies/v2/ConText.owl#SemanticModifier> -> <http://blulab.chpc.utah.edu/ontologies/v2/ConText.owl#BodySite> -> <http://blulab.chpc.utah.edu/ontologies/schema/endo/colonoscopyQuality.owl#ileum> -> <http://blulab.chpc.utah.edu/ontologies/schema/endo/colonoscopyQuality.owl#Structure_of_proximal_portion_of_ileum> -> <http://blulab.chpc.utah.edu/ontologies/schema/endo/colonoscopyQuality.owl#Wall_of_proximal_part_of_ileum>]]

	Modifier: Anterior_wall_of_proximal_part_of_ileum, uri=http://blulab.chpc.utah.edu/ontologies/schema/endo/colonoscopyQuality.owl#Anterior_wall_of_proximal_part_of_ileum, type= Semantic, classPath= [<http://blulab.chpc.utah.edu/ontologies/v2/ConText.owl#Lexicon> -> <http://blulab.chpc.utah.edu/ontologies/v2/ConText.owl#Modifier> -> <http://blulab.chpc.utah.edu/ontologies/v2/ConText.owl#SemanticModifier> -> <http://blulab.chpc.utah.edu/ontologies/v2/ConText.owl#BodySite> -> <http://blulab.chpc.utah.edu/ontologies/schema/endo/colonoscopyQuality.owl#ileum> -> <http://blulab.chpc.utah.edu/ontologies/schema/endo/colonoscopyQuality.owl#Entire_ileum> -> <http://blulab.chpc.utah.edu/ontologies/schema/endo/colonoscopyQuality.owl#Structure_of_proximal_portion_of_ileum> -> <http://blulab.chpc.utah.edu/ontologies/schema/endo/colonoscopyQuality.owl#Wall_of_proximal_part_of_ileum> -> <http://blulab.chpc.utah.edu/ontologies/schema/endo/colonoscopyQuality.owl#Anterior_wall_of_proximal_part_of_ileum>, <http://blulab.chpc.utah.edu/ontologies/v2/ConText.owl#Lexicon> -> <http://blulab.chpc.utah.edu/ontologies/v2/ConText.owl#Modifier> -> <http://blulab.chpc.utah.edu/ontologies/v2/ConText.owl#SemanticModifier> -> <http://blulab.chpc.utah.edu/ontologies/v2/ConText.owl#BodySite> -> <http://blulab.chpc.utah.edu/ontologies/schema/endo/colonoscopyQuality.owl#ileum> -> <http://blulab.chpc.utah.edu/ontologies/schema/endo/colonoscopyQuality.owl#Region_of_ileum> -> <http://blulab.chpc.utah.edu/ontologies/schema/endo/colonoscopyQuality.owl#Subdivision_of_wall_of_ileum> -> <http://blulab.chpc.utah.edu/ontologies/schema/endo/colonoscopyQuality.owl#Wall_of_proximal_part_of_ileum> -> <http://blulab.chpc.utah.edu/ontologies/schema/endo/colonoscopyQuality.owl#Anterior_wall_of_proximal_part_of_ileum>, <http://blulab.chpc.utah.edu/ontologies/v2/ConText.owl#Lexicon> -> <http://blulab.chpc.utah.edu/ontologies/v2/ConText.owl#Modifier> -> <http://blulab.chpc.utah.edu/ontologies/v2/ConText.owl#SemanticModifier> -> <http://blulab.chpc.utah.edu/ontologies/v2/ConText.owl#BodySite> -> <http://blulab.chpc.utah.edu/ontologies/schema/endo/colonoscopyQuality.owl#ileum> -> <http://blulab.chpc.utah.edu/ontologies/schema/endo/colonoscopyQuality.owl#Wall_of_ileum> -> <http://blulab.chpc.utah.edu/ontologies/schema/endo/colonoscopyQuality.owl#Wall_of_proximal_part_of_ileum> -> <http://blulab.chpc.utah.edu/ontologies/schema/endo/colonoscopyQuality.owl#Anterior_wall_of_proximal_part_of_ileum>, <http://blulab.chpc.utah.edu/ontologies/v2/ConText.owl#Lexicon> -> <http://blulab.chpc.utah.edu/ontologies/v2/ConText.owl#Modifier> -> <http://blulab.chpc.utah.edu/ontologies/v2/ConText.owl#SemanticModifier> -> <http://blulab.chpc.utah.edu/ontologies/v2/ConText.owl#BodySite> -> <http://blulab.chpc.utah.edu/ontologies/schema/endo/colonoscopyQuality.owl#ileum> -> <http://blulab.chpc.utah.edu/ontologies/schema/endo/colonoscopyQuality.owl#Region_of_ileum> -> <http://blulab.chpc.utah.edu/ontologies/schema/endo/colonoscopyQuality.owl#Wall_of_ileum> -> <http://blulab.chpc.utah.edu/ontologies/schema/endo/colonoscopyQuality.owl#Wall_of_proximal_part_of_ileum> -> <http://blulab.chpc.utah.edu/ontologies/schema/endo/colonoscopyQuality.owl#Anterior_wall_of_proximal_part_of_ileum>, <http://blulab.chpc.utah.edu/ontologies/v2/ConText.owl#Lexicon> -> <http://blulab.chpc.utah.edu/ontologies/v2/ConText.owl#Modifier> -> <http://blulab.chpc.utah.edu/ontologies/v2/ConText.owl#SemanticModifier> -> <http://blulab.chpc.utah.edu/ontologies/v2/ConText.owl#BodySite> -> <http://blulab.chpc.utah.edu/ontologies/schema/endo/colonoscopyQuality.owl#ileum> -> <http://blulab.chpc.utah.edu/ontologies/schema/endo/colonoscopyQuality.owl#Region_of_ileum> -> <http://blulab.chpc.utah.edu/ontologies/schema/endo/colonoscopyQuality.owl#Structure_of_proximal_portion_of_ileum> -> <http://blulab.chpc.utah.edu/ontologies/schema/endo/colonoscopyQuality.owl#Wall_of_proximal_part_of_ileum> -> <http://blulab.chpc.utah.edu/ontologies/schema/endo/colonoscopyQuality.owl#Anterior_wall_of_proximal_part_of_ileum>, <http://blulab.chpc.utah.edu/ontologies/v2/ConText.owl#Lexicon> -> <http://blulab.chpc.utah.edu/ontologies/v2/ConText.owl#Modifier> -> <http://blulab.chpc.utah.edu/ontologies/v2/ConText.owl#SemanticModifier> -> <http://blulab.chpc.utah.edu/ontologies/v2/ConText.owl#BodySite> -> <http://blulab.chpc.utah.edu/ontologies/schema/endo/colonoscopyQuality.owl#ileum> -> <http://blulab.chpc.utah.edu/ontologies/schema/endo/colonoscopyQuality.owl#Structure_of_proximal_portion_of_ileum> -> <http://blulab.chpc.utah.edu/ontologies/schema/endo/colonoscopyQuality.owl#Wall_of_proximal_part_of_ileum> -> <http://blulab.chpc.utah.edu/ontologies/schema/endo/colonoscopyQuality.owl#Anterior_wall_of_proximal_part_of_ileum>]]

	Modifier: Mucosa_of_proximal_part_of_ileum, uri=http://blulab.chpc.utah.edu/ontologies/schema/endo/colonoscopyQuality.owl#Mucosa_of_proximal_part_of_ileum, type= Semantic, classPath= [<http://blulab.chpc.utah.edu/ontologies/v2/ConText.owl#Lexicon> -> <http://blulab.chpc.utah.edu/ontologies/v2/ConText.owl#Modifier> -> <http://blulab.chpc.utah.edu/ontologies/v2/ConText.owl#SemanticModifier> -> <http://blulab.chpc.utah.edu/ontologies/v2/ConText.owl#BodySite> -> <http://blulab.chpc.utah.edu/ontologies/schema/endo/colonoscopyQuality.owl#ileum> -> <http://blulab.chpc.utah.edu/ontologies/schema/endo/colonoscopyQuality.owl#Entire_ileum> -> <http://blulab.chpc.utah.edu/ontologies/schema/endo/colonoscopyQuality.owl#Structure_of_proximal_portion_of_ileum> -> <http://blulab.chpc.utah.edu/ontologies/schema/endo/colonoscopyQuality.owl#Wall_of_proximal_part_of_ileum> -> <http://blulab.chpc.utah.edu/ontologies/schema/endo/colonoscopyQuality.owl#Mucosa_of_proximal_part_of_ileum>, <http://blulab.chpc.utah.edu/ontologies/v2/ConText.owl#Lexicon> -> <http://blulab.chpc.utah.edu/ontologies/v2/ConText.owl#Modifier> -> <http://blulab.chpc.utah.edu/ontologies/v2/ConText.owl#SemanticModifier> -> <http://blulab.chpc.utah.edu/ontologies/v2/ConText.owl#BodySite> -> <http://blulab.chpc.utah.edu/ontologies/schema/endo/colonoscopyQuality.owl#ileum> -> <http://blulab.chpc.utah.edu/ontologies/schema/endo/colonoscopyQuality.owl#Region_of_ileum> -> <http://blulab.chpc.utah.edu/ontologies/schema/endo/colonoscopyQuality.owl#Subdivision_of_wall_of_ileum> -> <http://blulab.chpc.utah.edu/ontologies/schema/endo/colonoscopyQuality.owl#Wall_of_proximal_part_of_ileum> -> <http://blulab.chpc.utah.edu/ontologies/schema/endo/colonoscopyQuality.owl#Mucosa_of_proximal_part_of_ileum>, <http://blulab.chpc.utah.edu/ontologies/v2/ConText.owl#Lexicon> -> <http://blulab.chpc.utah.edu/ontologies/v2/ConText.owl#Modifier> -> <http://blulab.chpc.utah.edu/ontologies/v2/ConText.owl#SemanticModifier> -> <http://blulab.chpc.utah.edu/ontologies/v2/ConText.owl#BodySite> -> <http://blulab.chpc.utah.edu/ontologies/schema/endo/colonoscopyQuality.owl#ileum> -> <http://blulab.chpc.utah.edu/ontologies/schema/endo/colonoscopyQuality.owl#Wall_of_ileum> -> <http://blulab.chpc.utah.edu/ontologies/schema/endo/colonoscopyQuality.owl#Wall_of_proximal_part_of_ileum> -> <http://blulab.chpc.utah.edu/ontologies/schema/endo/colonoscopyQuality.owl#Mucosa_of_proximal_part_of_ileum>, <http://blulab.chpc.utah.edu/ontologies/v2/ConText.owl#Lexicon> -> <http://blulab.chpc.utah.edu/ontologies/v2/ConText.owl#Modifier> -> <http://blulab.chpc.utah.edu/ontologies/v2/ConText.owl#SemanticModifier> -> <http://blulab.chpc.utah.edu/ontologies/v2/ConText.owl#BodySite> -> <http://blulab.chpc.utah.edu/ontologies/schema/endo/colonoscopyQuality.owl#ileum> -> <http://blulab.chpc.utah.edu/ontologies/schema/endo/colonoscopyQuality.owl#Region_of_ileum> -> <http://blulab.chpc.utah.edu/ontologies/schema/endo/colonoscopyQuality.owl#Wall_of_ileum> -> <http://blulab.chpc.utah.edu/ontologies/schema/endo/colonoscopyQuality.owl#Wall_of_proximal_part_of_ileum> -> <http://blulab.chpc.utah.edu/ontologies/schema/endo/colonoscopyQuality.owl#Mucosa_of_proximal_part_of_ileum>, <http://blulab.chpc.utah.edu/ontologies/v2/ConText.owl#Lexicon> -> <http://blulab.chpc.utah.edu/ontologies/v2/ConText.owl#Modifier> -> <http://blulab.chpc.utah.edu/ontologies/v2/ConText.owl#SemanticModifier> -> <http://blulab.chpc.utah.edu/ontologies/v2/ConText.owl#BodySite> -> <http://blulab.chpc.utah.edu/ontologies/schema/endo/colonoscopyQuality.owl#ileum> -> <http://blulab.chpc.utah.edu/ontologies/schema/endo/colonoscopyQuality.owl#Region_of_ileum> -> <http://blulab.chpc.utah.edu/ontologies/schema/endo/colonoscopyQuality.owl#Structure_of_proximal_portion_of_ileum> -> <http://blulab.chpc.utah.edu/ontologies/schema/endo/colonoscopyQuality.owl#Wall_of_proximal_part_of_ileum> -> <http://blulab.chpc.utah.edu/ontologies/schema/endo/colonoscopyQuality.owl#Mucosa_of_proximal_part_of_ileum>, <http://blulab.chpc.utah.edu/ontologies/v2/ConText.owl#Lexicon> -> <http://blulab.chpc.utah.edu/ontologies/v2/ConText.owl#Modifier> -> <http://blulab.chpc.utah.edu/ontologies/v2/ConText.owl#SemanticModifier> -> <http://blulab.chpc.utah.edu/ontologies/v2/ConText.owl#BodySite> -> <http://blulab.chpc.utah.edu/ontologies/schema/endo/colonoscopyQuality.owl#ileum> -> <http://blulab.chpc.utah.edu/ontologies/schema/endo/colonoscopyQuality.owl#Structure_of_proximal_portion_of_ileum> -> <http://blulab.chpc.utah.edu/ontologies/schema/endo/colonoscopyQuality.owl#Wall_of_proximal_part_of_ileum> -> <http://blulab.chpc.utah.edu/ontologies/schema/endo/colonoscopyQuality.owl#Mucosa_of_proximal_part_of_ileum>]]

	Modifier: Muscle_layer_of_proximal_part_of_ileum, uri=http://blulab.chpc.utah.edu/ontologies/schema/endo/colonoscopyQuality.owl#Muscle_layer_of_proximal_part_of_ileum, type= Semantic, classPath= [<http://blulab.chpc.utah.edu/ontologies/v2/ConText.owl#Lexicon> -> <http://blulab.chpc.utah.edu/ontologies/v2/ConText.owl#Modifier> -> <http://blulab.chpc.utah.edu/ontologies/v2/ConText.owl#SemanticModifier> -> <http://blulab.chpc.utah.edu/ontologies/v2/ConText.owl#BodySite> -> <http://blulab.chpc.utah.edu/ontologies/schema/endo/colonoscopyQuality.owl#ileum> -> <http://blulab.chpc.utah.edu/ontologies/schema/endo/colonoscopyQuality.owl#Entire_ileum> -> <http://blulab.chpc.utah.edu/ontologies/schema/endo/colonoscopyQuality.owl#Structure_of_proximal_portion_of_ileum> -> <http://blulab.chpc.utah.edu/ontologies/schema/endo/colonoscopyQuality.owl#Wall_of_proximal_part_of_ileum> -> <http://blulab.chpc.utah.edu/ontologies/schema/endo/colonoscopyQuality.owl#Muscle_layer_of_proximal_part_of_ileum>, <http://blulab.chpc.utah.edu/ontologies/v2/ConText.owl#Lexicon> -> <http://blulab.chpc.utah.edu/ontologies/v2/ConText.owl#Modifier> -> <http://blulab.chpc.utah.edu/ontologies/v2/ConText.owl#SemanticModifier> -> <http://blulab.chpc.utah.edu/ontologies/v2/ConText.owl#BodySite> -> <http://blulab.chpc.utah.edu/ontologies/schema/endo/colonoscopyQuality.owl#ileum> -> <http://blulab.chpc.utah.edu/ontologies/schema/endo/colonoscopyQuality.owl#Region_of_ileum> -> <http://blulab.chpc.utah.edu/ontologies/schema/endo/colonoscopyQuality.owl#Subdivision_of_wall_of_ileum> -> <http://blulab.chpc.utah.edu/ontologies/schema/endo/colonoscopyQuality.owl#Wall_of_proximal_part_of_ileum> -> <http://blulab.chpc.utah.edu/ontologies/schema/endo/colonoscopyQuality.owl#Muscle_layer_of_proximal_part_of_ileum>, <http://blulab.chpc.utah.edu/ontologies/v2/ConText.owl#Lexicon> -> <http://blulab.chpc.utah.edu/ontologies/v2/ConText.owl#Modifier> -> <http://blulab.chpc.utah.edu/ontologies/v2/ConText.owl#SemanticModifier> -> <http://blulab.chpc.utah.edu/ontologies/v2/ConText.owl#BodySite> -> <http://blulab.chpc.utah.edu/ontologies/schema/endo/colonoscopyQuality.owl#ileum> -> <http://blulab.chpc.utah.edu/ontologies/schema/endo/colonoscopyQuality.owl#Wall_of_ileum> -> <http://blulab.chpc.utah.edu/ontologies/schema/endo/colonoscopyQuality.owl#Wall_of_proximal_part_of_ileum> -> <http://blulab.chpc.utah.edu/ontologies/schema/endo/colonoscopyQuality.owl#Muscle_layer_of_proximal_part_of_ileum>, <http://blulab.chpc.utah.edu/ontologies/v2/ConText.owl#Lexicon> -> <http://blulab.chpc.utah.edu/ontologies/v2/ConText.owl#Modifier> -> <http://blulab.chpc.utah.edu/ontologies/v2/ConText.owl#SemanticModifier> -> <http://blulab.chpc.utah.edu/ontologies/v2/ConText.owl#BodySite> -> <http://blulab.chpc.utah.edu/ontologies/schema/endo/colonoscopyQuality.owl#ileum> -> <http://blulab.chpc.utah.edu/ontologies/schema/endo/colonoscopyQuality.owl#Region_of_ileum> -> <http://blulab.chpc.utah.edu/ontologies/schema/endo/colonoscopyQuality.owl#Wall_of_ileum> -> <http://blulab.chpc.utah.edu/ontologies/schema/endo/colonoscopyQuality.owl#Wall_of_proximal_part_of_ileum> -> <http://blulab.chpc.utah.edu/ontologies/schema/endo/colonoscopyQuality.owl#Muscle_layer_of_proximal_part_of_ileum>, <http://blulab.chpc.utah.edu/ontologies/v2/ConText.owl#Lexicon> -> <http://blulab.chpc.utah.edu/ontologies/v2/ConText.owl#Modifier> -> <http://blulab.chpc.utah.edu/ontologies/v2/ConText.owl#SemanticModifier> -> <http://blulab.chpc.utah.edu/ontologies/v2/ConText.owl#BodySite> -> <http://blulab.chpc.utah.edu/ontologies/schema/endo/colonoscopyQuality.owl#ileum> -> <http://blulab.chpc.utah.edu/ontologies/schema/endo/colonoscopyQuality.owl#Region_of_ileum> -> <http://blulab.chpc.utah.edu/ontologies/schema/endo/colonoscopyQuality.owl#Structure_of_proximal_portion_of_ileum> -> <http://blulab.chpc.utah.edu/ontologies/schema/endo/colonoscopyQuality.owl#Wall_of_proximal_part_of_ileum> -> <http://blulab.chpc.utah.edu/ontologies/schema/endo/colonoscopyQuality.owl#Muscle_layer_of_proximal_part_of_ileum>, <http://blulab.chpc.utah.edu/ontologies/v2/ConText.owl#Lexicon> -> <http://blulab.chpc.utah.edu/ontologies/v2/ConText.owl#Modifier> -> <http://blulab.chpc.utah.edu/ontologies/v2/ConText.owl#SemanticModifier> -> <http://blulab.chpc.utah.edu/ontologies/v2/ConText.owl#BodySite> -> <http://blulab.chpc.utah.edu/ontologies/schema/endo/colonoscopyQuality.owl#ileum> -> <http://blulab.chpc.utah.edu/ontologies/schema/endo/colonoscopyQuality.owl#Structure_of_proximal_portion_of_ileum> -> <http://blulab.chpc.utah.edu/ontologies/schema/endo/colonoscopyQuality.owl#Wall_of_proximal_part_of_ileum> -> <http://blulab.chpc.utah.edu/ontologies/schema/endo/colonoscopyQuality.owl#Muscle_layer_of_proximal_part_of_ileum>]]

	Modifier: Posterior_wall_of_proximal_part_of_ileum, uri=http://blulab.chpc.utah.edu/ontologies/schema/endo/colonoscopyQuality.owl#Posterior_wall_of_proximal_part_of_ileum, type= Semantic, classPath= [<http://blulab.chpc.utah.edu/ontologies/v2/ConText.owl#Lexicon> -> <http://blulab.chpc.utah.edu/ontologies/v2/ConText.owl#Modifier> -> <http://blulab.chpc.utah.edu/ontologies/v2/ConText.owl#SemanticModifier> -> <http://blulab.chpc.utah.edu/ontologies/v2/ConText.owl#BodySite> -> <http://blulab.chpc.utah.edu/ontologies/schema/endo/colonoscopyQuality.owl#ileum> -> <http://blulab.chpc.utah.edu/ontologies/schema/endo/colonoscopyQuality.owl#Entire_ileum> -> <http://blulab.chpc.utah.edu/ontologies/schema/endo/colonoscopyQuality.owl#Structure_of_proximal_portion_of_ileum> -> <http://blulab.chpc.utah.edu/ontologies/schema/endo/colonoscopyQuality.owl#Wall_of_proximal_part_of_ileum> -> <http://blulab.chpc.utah.edu/ontologies/schema/endo/colonoscopyQuality.owl#Posterior_wall_of_proximal_part_of_ileum>, <http://blulab.chpc.utah.edu/ontologies/v2/ConText.owl#Lexicon> -> <http://blulab.chpc.utah.edu/ontologies/v2/ConText.owl#Modifier> -> <http://blulab.chpc.utah.edu/ontologies/v2/ConText.owl#SemanticModifier> -> <http://blulab.chpc.utah.edu/ontologies/v2/ConText.owl#BodySite> -> <http://blulab.chpc.utah.edu/ontologies/schema/endo/colonoscopyQuality.owl#ileum> -> <http://blulab.chpc.utah.edu/ontologies/schema/endo/colonoscopyQuality.owl#Region_of_ileum> -> <http://blulab.chpc.utah.edu/ontologies/schema/endo/colonoscopyQuality.owl#Subdivision_of_wall_of_ileum> -> <http://blulab.chpc.utah.edu/ontologies/schema/endo/colonoscopyQuality.owl#Wall_of_proximal_part_of_ileum> -> <http://blulab.chpc.utah.edu/ontologies/schema/endo/colonoscopyQuality.owl#Posterior_wall_of_proximal_part_of_ileum>, <http://blulab.chpc.utah.edu/ontologies/v2/ConText.owl#Lexicon> -> <http://blulab.chpc.utah.edu/ontologies/v2/ConText.owl#Modifier> -> <http://blulab.chpc.utah.edu/ontologies/v2/ConText.owl#SemanticModifier> -> <http://blulab.chpc.utah.edu/ontologies/v2/ConText.owl#BodySite> -> <http://blulab.chpc.utah.edu/ontologies/schema/endo/colonoscopyQuality.owl#ileum> -> <http://blulab.chpc.utah.edu/ontologies/schema/endo/colonoscopyQuality.owl#Wall_of_ileum> -> <http://blulab.chpc.utah.edu/ontologies/schema/endo/colonoscopyQuality.owl#Wall_of_proximal_part_of_ileum> -> <http://blulab.chpc.utah.edu/ontologies/schema/endo/colonoscopyQuality.owl#Posterior_wall_of_proximal_part_of_ileum>, <http://blulab.chpc.utah.edu/ontologies/v2/ConText.owl#Lexicon> -> <http://blulab.chpc.utah.edu/ontologies/v2/ConText.owl#Modifier> -> <http://blulab.chpc.utah.edu/ontologies/v2/ConText.owl#SemanticModifier> -> <http://blulab.chpc.utah.edu/ontologies/v2/ConText.owl#BodySite> -> <http://blulab.chpc.utah.edu/ontologies/schema/endo/colonoscopyQuality.owl#ileum> -> <http://blulab.chpc.utah.edu/ontologies/schema/endo/colonoscopyQuality.owl#Region_of_ileum> -> <http://blulab.chpc.utah.edu/ontologies/schema/endo/colonoscopyQuality.owl#Wall_of_ileum> -> <http://blulab.chpc.utah.edu/ontologies/schema/endo/colonoscopyQuality.owl#Wall_of_proximal_part_of_ileum> -> <http://blulab.chpc.utah.edu/ontologies/schema/endo/colonoscopyQuality.owl#Posterior_wall_of_proximal_part_of_ileum>, <http://blulab.chpc.utah.edu/ontologies/v2/ConText.owl#Lexicon> -> <http://blulab.chpc.utah.edu/ontologies/v2/ConText.owl#Modifier> -> <http://blulab.chpc.utah.edu/ontologies/v2/ConText.owl#SemanticModifier> -> <http://blulab.chpc.utah.edu/ontologies/v2/ConText.owl#BodySite> -> <http://blulab.chpc.utah.edu/ontologies/schema/endo/colonoscopyQuality.owl#ileum> -> <http://blulab.chpc.utah.edu/ontologies/schema/endo/colonoscopyQuality.owl#Region_of_ileum> -> <http://blulab.chpc.utah.edu/ontologies/schema/endo/colonoscopyQuality.owl#Structure_of_proximal_portion_of_ileum> -> <http://blulab.chpc.utah.edu/ontologies/schema/endo/colonoscopyQuality.owl#Wall_of_proximal_part_of_ileum> -> <http://blulab.chpc.utah.edu/ontologies/schema/endo/colonoscopyQuality.owl#Posterior_wall_of_proximal_part_of_ileum>, <http://blulab.chpc.utah.edu/ontologies/v2/ConText.owl#Lexicon> -> <http://blulab.chpc.utah.edu/ontologies/v2/ConText.owl#Modifier> -> <http://blulab.chpc.utah.edu/ontologies/v2/ConText.owl#SemanticModifier> -> <http://blulab.chpc.utah.edu/ontologies/v2/ConText.owl#BodySite> -> <http://blulab.chpc.utah.edu/ontologies/schema/endo/colonoscopyQuality.owl#ileum> -> <http://blulab.chpc.utah.edu/ontologies/schema/endo/colonoscopyQuality.owl#Structure_of_proximal_portion_of_ileum> -> <http://blulab.chpc.utah.edu/ontologies/schema/endo/colonoscopyQuality.owl#Wall_of_proximal_part_of_ileum> -> <http://blulab.chpc.utah.edu/ontologies/schema/endo/colonoscopyQuality.owl#Posterior_wall_of_proximal_part_of_ileum>]]

	Modifier: Serosa_of_proximal_part_of_ileum, uri=http://blulab.chpc.utah.edu/ontologies/schema/endo/colonoscopyQuality.owl#Serosa_of_proximal_part_of_ileum, type= Semantic, classPath= [<http://blulab.chpc.utah.edu/ontologies/v2/ConText.owl#Lexicon> -> <http://blulab.chpc.utah.edu/ontologies/v2/ConText.owl#Modifier> -> <http://blulab.chpc.utah.edu/ontologies/v2/ConText.owl#SemanticModifier> -> <http://blulab.chpc.utah.edu/ontologies/v2/ConText.owl#BodySite> -> <http://blulab.chpc.utah.edu/ontologies/schema/endo/colonoscopyQuality.owl#ileum> -> <http://blulab.chpc.utah.edu/ontologies/schema/endo/colonoscopyQuality.owl#Entire_ileum> -> <http://blulab.chpc.utah.edu/ontologies/schema/endo/colonoscopyQuality.owl#Structure_of_proximal_portion_of_ileum> -> <http://blulab.chpc.utah.edu/ontologies/schema/endo/colonoscopyQuality.owl#Wall_of_proximal_part_of_ileum> -> <http://blulab.chpc.utah.edu/ontologies/schema/endo/colonoscopyQuality.owl#Serosa_of_proximal_part_of_ileum>, <http://blulab.chpc.utah.edu/ontologies/v2/ConText.owl#Lexicon> -> <http://blulab.chpc.utah.edu/ontologies/v2/ConText.owl#Modifier> -> <http://blulab.chpc.utah.edu/ontologies/v2/ConText.owl#SemanticModifier> -> <http://blulab.chpc.utah.edu/ontologies/v2/ConText.owl#BodySite> -> <http://blulab.chpc.utah.edu/ontologies/schema/endo/colonoscopyQuality.owl#ileum> -> <http://blulab.chpc.utah.edu/ontologies/schema/endo/colonoscopyQuality.owl#Region_of_ileum> -> <http://blulab.chpc.utah.edu/ontologies/schema/endo/colonoscopyQuality.owl#Subdivision_of_wall_of_ileum> -> <http://blulab.chpc.utah.edu/ontologies/schema/endo/colonoscopyQuality.owl#Wall_of_proximal_part_of_ileum> -> <http://blulab.chpc.utah.edu/ontologies/schema/endo/colonoscopyQuality.owl#Serosa_of_proximal_part_of_ileum>, <http://blulab.chpc.utah.edu/ontologies/v2/ConText.owl#Lexicon> -> <http://blulab.chpc.utah.edu/ontologies/v2/ConText.owl#Modifier> -> <http://blulab.chpc.utah.edu/ontologies/v2/ConText.owl#SemanticModifier> -> <http://blulab.chpc.utah.edu/ontologies/v2/ConText.owl#BodySite> -> <http://blulab.chpc.utah.edu/ontologies/schema/endo/colonoscopyQuality.owl#ileum> -> <http://blulab.chpc.utah.edu/ontologies/schema/endo/colonoscopyQuality.owl#Wall_of_ileum> -> <http://blulab.chpc.utah.edu/ontologies/schema/endo/colonoscopyQuality.owl#Wall_of_proximal_part_of_ileum> -> <http://blulab.chpc.utah.edu/ontologies/schema/endo/colonoscopyQuality.owl#Serosa_of_proximal_part_of_ileum>, <http://blulab.chpc.utah.edu/ontologies/v2/ConText.owl#Lexicon> -> <http://blulab.chpc.utah.edu/ontologies/v2/ConText.owl#Modifier> -> <http://blulab.chpc.utah.edu/ontologies/v2/ConText.owl#SemanticModifier> -> <http://blulab.chpc.utah.edu/ontologies/v2/ConText.owl#BodySite> -> <http://blulab.chpc.utah.edu/ontologies/schema/endo/colonoscopyQuality.owl#ileum> -> <http://blulab.chpc.utah.edu/ontologies/schema/endo/colonoscopyQuality.owl#Region_of_ileum> -> <http://blulab.chpc.utah.edu/ontologies/schema/endo/colonoscopyQuality.owl#Wall_of_ileum> -> <http://blulab.chpc.utah.edu/ontologies/schema/endo/colonoscopyQuality.owl#Wall_of_proximal_part_of_ileum> -> <http://blulab.chpc.utah.edu/ontologies/schema/endo/colonoscopyQuality.owl#Serosa_of_proximal_part_of_ileum>, <http://blulab.chpc.utah.edu/ontologies/v2/ConText.owl#Lexicon> -> <http://blulab.chpc.utah.edu/ontologies/v2/ConText.owl#Modifier> -> <http://blulab.chpc.utah.edu/ontologies/v2/ConText.owl#SemanticModifier> -> <http://blulab.chpc.utah.edu/ontologies/v2/ConText.owl#BodySite> -> <http://blulab.chpc.utah.edu/ontologies/schema/endo/colonoscopyQuality.owl#ileum> -> <http://blulab.chpc.utah.edu/ontologies/schema/endo/colonoscopyQuality.owl#Region_of_ileum> -> <http://blulab.chpc.utah.edu/ontologies/schema/endo/colonoscopyQuality.owl#Structure_of_proximal_portion_of_ileum> -> <http://blulab.chpc.utah.edu/ontologies/schema/endo/colonoscopyQuality.owl#Wall_of_proximal_part_of_ileum> -> <http://blulab.chpc.utah.edu/ontologies/schema/endo/colonoscopyQuality.owl#Serosa_of_proximal_part_of_ileum>, <http://blulab.chpc.utah.edu/ontologies/v2/ConText.owl#Lexicon> -> <http://blulab.chpc.utah.edu/ontologies/v2/ConText.owl#Modifier> -> <http://blulab.chpc.utah.edu/ontologies/v2/ConText.owl#SemanticModifier> -> <http://blulab.chpc.utah.edu/ontologies/v2/ConText.owl#BodySite> -> <http://blulab.chpc.utah.edu/ontologies/schema/endo/colonoscopyQuality.owl#ileum> -> <http://blulab.chpc.utah.edu/ontologies/schema/endo/colonoscopyQuality.owl#Structure_of_proximal_portion_of_ileum> -> <http://blulab.chpc.utah.edu/ontologies/schema/endo/colonoscopyQuality.owl#Wall_of_proximal_part_of_ileum> -> <http://blulab.chpc.utah.edu/ontologies/schema/endo/colonoscopyQuality.owl#Serosa_of_proximal_part_of_ileum>]]

	Modifier: Submucosa_of_proximal_part_of_ileum, uri=http://blulab.chpc.utah.edu/ontologies/schema/endo/colonoscopyQuality.owl#Submucosa_of_proximal_part_of_ileum, type= Semantic, classPath= [<http://blulab.chpc.utah.edu/ontologies/v2/ConText.owl#Lexicon> -> <http://blulab.chpc.utah.edu/ontologies/v2/ConText.owl#Modifier> -> <http://blulab.chpc.utah.edu/ontologies/v2/ConText.owl#SemanticModifier> -> <http://blulab.chpc.utah.edu/ontologies/v2/ConText.owl#BodySite> -> <http://blulab.chpc.utah.edu/ontologies/schema/endo/colonoscopyQuality.owl#ileum> -> <http://blulab.chpc.utah.edu/ontologies/schema/endo/colonoscopyQuality.owl#Entire_ileum> -> <http://blulab.chpc.utah.edu/ontologies/schema/endo/colonoscopyQuality.owl#Structure_of_proximal_portion_of_ileum> -> <http://blulab.chpc.utah.edu/ontologies/schema/endo/colonoscopyQuality.owl#Wall_of_proximal_part_of_ileum> -> <http://blulab.chpc.utah.edu/ontologies/schema/endo/colonoscopyQuality.owl#Submucosa_of_proximal_part_of_ileum>, <http://blulab.chpc.utah.edu/ontologies/v2/ConText.owl#Lexicon> -> <http://blulab.chpc.utah.edu/ontologies/v2/ConText.owl#Modifier> -> <http://blulab.chpc.utah.edu/ontologies/v2/ConText.owl#SemanticModifier> -> <http://blulab.chpc.utah.edu/ontologies/v2/ConText.owl#BodySite> -> <http://blulab.chpc.utah.edu/ontologies/schema/endo/colonoscopyQuality.owl#ileum> -> <http://blulab.chpc.utah.edu/ontologies/schema/endo/colonoscopyQuality.owl#Region_of_ileum> -> <http://blulab.chpc.utah.edu/ontologies/schema/endo/colonoscopyQuality.owl#Subdivision_of_wall_of_ileum> -> <http://blulab.chpc.utah.edu/ontologies/schema/endo/colonoscopyQuality.owl#Wall_of_proximal_part_of_ileum> -> <http://blulab.chpc.utah.edu/ontologies/schema/endo/colonoscopyQuality.owl#Submucosa_of_proximal_part_of_ileum>, <http://blulab.chpc.utah.edu/ontologies/v2/ConText.owl#Lexicon> -> <http://blulab.chpc.utah.edu/ontologies/v2/ConText.owl#Modifier> -> <http://blulab.chpc.utah.edu/ontologies/v2/ConText.owl#SemanticModifier> -> <http://blulab.chpc.utah.edu/ontologies/v2/ConText.owl#BodySite> -> <http://blulab.chpc.utah.edu/ontologies/schema/endo/colonoscopyQuality.owl#ileum> -> <http://blulab.chpc.utah.edu/ontologies/schema/endo/colonoscopyQuality.owl#Wall_of_ileum> -> <http://blulab.chpc.utah.edu/ontologies/schema/endo/colonoscopyQuality.owl#Wall_of_proximal_part_of_ileum> -> <http://blulab.chpc.utah.edu/ontologies/schema/endo/colonoscopyQuality.owl#Submucosa_of_proximal_part_of_ileum>, <http://blulab.chpc.utah.edu/ontologies/v2/ConText.owl#Lexicon> -> <http://blulab.chpc.utah.edu/ontologies/v2/ConText.owl#Modifier> -> <http://blulab.chpc.utah.edu/ontologies/v2/ConText.owl#SemanticModifier> -> <http://blulab.chpc.utah.edu/ontologies/v2/ConText.owl#BodySite> -> <http://blulab.chpc.utah.edu/ontologies/schema/endo/colonoscopyQuality.owl#ileum> -> <http://blulab.chpc.utah.edu/ontologies/schema/endo/colonoscopyQuality.owl#Region_of_ileum> -> <http://blulab.chpc.utah.edu/ontologies/schema/endo/colonoscopyQuality.owl#Wall_of_ileum> -> <http://blulab.chpc.utah.edu/ontologies/schema/endo/colonoscopyQuality.owl#Wall_of_proximal_part_of_ileum> -> <http://blulab.chpc.utah.edu/ontologies/schema/endo/colonoscopyQuality.owl#Submucosa_of_proximal_part_of_ileum>, <http://blulab.chpc.utah.edu/ontologies/v2/ConText.owl#Lexicon> -> <http://blulab.chpc.utah.edu/ontologies/v2/ConText.owl#Modifier> -> <http://blulab.chpc.utah.edu/ontologies/v2/ConText.owl#SemanticModifier> -> <http://blulab.chpc.utah.edu/ontologies/v2/ConText.owl#BodySite> -> <http://blulab.chpc.utah.edu/ontologies/schema/endo/colonoscopyQuality.owl#ileum> -> <http://blulab.chpc.utah.edu/ontologies/schema/endo/colonoscopyQuality.owl#Region_of_ileum> -> <http://blulab.chpc.utah.edu/ontologies/schema/endo/colonoscopyQuality.owl#Structure_of_proximal_portion_of_ileum> -> <http://blulab.chpc.utah.edu/ontologies/schema/endo/colonoscopyQuality.owl#Wall_of_proximal_part_of_ileum> -> <http://blulab.chpc.utah.edu/ontologies/schema/endo/colonoscopyQuality.owl#Submucosa_of_proximal_part_of_ileum>, <http://blulab.chpc.utah.edu/ontologies/v2/ConText.owl#Lexicon> -> <http://blulab.chpc.utah.edu/ontologies/v2/ConText.owl#Modifier> -> <http://blulab.chpc.utah.edu/ontologies/v2/ConText.owl#SemanticModifier> -> <http://blulab.chpc.utah.edu/ontologies/v2/ConText.owl#BodySite> -> <http://blulab.chpc.utah.edu/ontologies/schema/endo/colonoscopyQuality.owl#ileum> -> <http://blulab.chpc.utah.edu/ontologies/schema/endo/colonoscopyQuality.owl#Structure_of_proximal_portion_of_ileum> -> <http://blulab.chpc.utah.edu/ontologies/schema/endo/colonoscopyQuality.owl#Wall_of_proximal_part_of_ileum> -> <http://blulab.chpc.utah.edu/ontologies/schema/endo/colonoscopyQuality.owl#Submucosa_of_proximal_part_of_ileum>]]

	Modifier: Subserosa_of_proximal_part_of_ileum, uri=http://blulab.chpc.utah.edu/ontologies/schema/endo/colonoscopyQuality.owl#Subserosa_of_proximal_part_of_ileum, type= Semantic, classPath= [<http://blulab.chpc.utah.edu/ontologies/v2/ConText.owl#Lexicon> -> <http://blulab.chpc.utah.edu/ontologies/v2/ConText.owl#Modifier> -> <http://blulab.chpc.utah.edu/ontologies/v2/ConText.owl#SemanticModifier> -> <http://blulab.chpc.utah.edu/ontologies/v2/ConText.owl#BodySite> -> <http://blulab.chpc.utah.edu/ontologies/schema/endo/colonoscopyQuality.owl#ileum> -> <http://blulab.chpc.utah.edu/ontologies/schema/endo/colonoscopyQuality.owl#Entire_ileum> -> <http://blulab.chpc.utah.edu/ontologies/schema/endo/colonoscopyQuality.owl#Structure_of_proximal_portion_of_ileum> -> <http://blulab.chpc.utah.edu/ontologies/schema/endo/colonoscopyQuality.owl#Wall_of_proximal_part_of_ileum> -> <http://blulab.chpc.utah.edu/ontologies/schema/endo/colonoscopyQuality.owl#Subserosa_of_proximal_part_of_ileum>, <http://blulab.chpc.utah.edu/ontologies/v2/ConText.owl#Lexicon> -> <http://blulab.chpc.utah.edu/ontologies/v2/ConText.owl#Modifier> -> <http://blulab.chpc.utah.edu/ontologies/v2/ConText.owl#SemanticModifier> -> <http://blulab.chpc.utah.edu/ontologies/v2/ConText.owl#BodySite> -> <http://blulab.chpc.utah.edu/ontologies/schema/endo/colonoscopyQuality.owl#ileum> -> <http://blulab.chpc.utah.edu/ontologies/schema/endo/colonoscopyQuality.owl#Region_of_ileum> -> <http://blulab.chpc.utah.edu/ontologies/schema/endo/colonoscopyQuality.owl#Subdivision_of_wall_of_ileum> -> <http://blulab.chpc.utah.edu/ontologies/schema/endo/colonoscopyQuality.owl#Wall_of_proximal_part_of_ileum> -> <http://blulab.chpc.utah.edu/ontologies/schema/endo/colonoscopyQuality.owl#Subserosa_of_proximal_part_of_ileum>, <http://blulab.chpc.utah.edu/ontologies/v2/ConText.owl#Lexicon> -> <http://blulab.chpc.utah.edu/ontologies/v2/ConText.owl#Modifier> -> <http://blulab.chpc.utah.edu/ontologies/v2/ConText.owl#SemanticModifier> -> <http://blulab.chpc.utah.edu/ontologies/v2/ConText.owl#BodySite> -> <http://blulab.chpc.utah.edu/ontologies/schema/endo/colonoscopyQuality.owl#ileum> -> <http://blulab.chpc.utah.edu/ontologies/schema/endo/colonoscopyQuality.owl#Wall_of_ileum> -> <http://blulab.chpc.utah.edu/ontologies/schema/endo/colonoscopyQuality.owl#Wall_of_proximal_part_of_ileum> -> <http://blulab.chpc.utah.edu/ontologies/schema/endo/colonoscopyQuality.owl#Subserosa_of_proximal_part_of_ileum>, <http://blulab.chpc.utah.edu/ontologies/v2/ConText.owl#Lexicon> -> <http://blulab.chpc.utah.edu/ontologies/v2/ConText.owl#Modifier> -> <http://blulab.chpc.utah.edu/ontologies/v2/ConText.owl#SemanticModifier> -> <http://blulab.chpc.utah.edu/ontologies/v2/ConText.owl#BodySite> -> <http://blulab.chpc.utah.edu/ontologies/schema/endo/colonoscopyQuality.owl#ileum> -> <http://blulab.chpc.utah.edu/ontologies/schema/endo/colonoscopyQuality.owl#Region_of_ileum> -> <http://blulab.chpc.utah.edu/ontologies/schema/endo/colonoscopyQuality.owl#Wall_of_ileum> -> <http://blulab.chpc.utah.edu/ontologies/schema/endo/colonoscopyQuality.owl#Wall_of_proximal_part_of_ileum> -> <http://blulab.chpc.utah.edu/ontologies/schema/endo/colonoscopyQuality.owl#Subserosa_of_proximal_part_of_ileum>, <http://blulab.chpc.utah.edu/ontologies/v2/ConText.owl#Lexicon> -> <http://blulab.chpc.utah.edu/ontologies/v2/ConText.owl#Modifier> -> <http://blulab.chpc.utah.edu/ontologies/v2/ConText.owl#SemanticModifier> -> <http://blulab.chpc.utah.edu/ontologies/v2/ConText.owl#BodySite> -> <http://blulab.chpc.utah.edu/ontologies/schema/endo/colonoscopyQuality.owl#ileum> -> <http://blulab.chpc.utah.edu/ontologies/schema/endo/colonoscopyQuality.owl#Region_of_ileum> -> <http://blulab.chpc.utah.edu/ontologies/schema/endo/colonoscopyQuality.owl#Structure_of_proximal_portion_of_ileum> -> <http://blulab.chpc.utah.edu/ontologies/schema/endo/colonoscopyQuality.owl#Wall_of_proximal_part_of_ileum> -> <http://blulab.chpc.utah.edu/ontologies/schema/endo/colonoscopyQuality.owl#Subserosa_of_proximal_part_of_ileum>, <http://blulab.chpc.utah.edu/ontologies/v2/ConText.owl#Lexicon> -> <http://blulab.chpc.utah.edu/ontologies/v2/ConText.owl#Modifier> -> <http://blulab.chpc.utah.edu/ontologies/v2/ConText.owl#SemanticModifier> -> <http://blulab.chpc.utah.edu/ontologies/v2/ConText.owl#BodySite> -> <http://blulab.chpc.utah.edu/ontologies/schema/endo/colonoscopyQuality.owl#ileum> -> <http://blulab.chpc.utah.edu/ontologies/schema/endo/colonoscopyQuality.owl#Structure_of_proximal_portion_of_ileum> -> <http://blulab.chpc.utah.edu/ontologies/schema/endo/colonoscopyQuality.owl#Wall_of_proximal_part_of_ileum> -> <http://blulab.chpc.utah.edu/ontologies/schema/endo/colonoscopyQuality.owl#Subserosa_of_proximal_part_of_ileum>]]

	Modifier: Ileostomy_stoma, uri=http://blulab.chpc.utah.edu/ontologies/schema/endo/colonoscopyQuality.owl#Ileostomy_stoma, type= Semantic, classPath= [<http://blulab.chpc.utah.edu/ontologies/v2/ConText.owl#Lexicon> -> <http://blulab.chpc.utah.edu/ontologies/v2/ConText.owl#Modifier> -> <http://blulab.chpc.utah.edu/ontologies/v2/ConText.owl#SemanticModifier> -> <http://blulab.chpc.utah.edu/ontologies/v2/ConText.owl#BodySite> -> <http://blulab.chpc.utah.edu/ontologies/schema/endo/colonoscopyQuality.owl#ileum> -> <http://blulab.chpc.utah.edu/ontologies/schema/endo/colonoscopyQuality.owl#Ileostomy_stoma>]]

	Modifier: End_ileostomy_stoma, uri=http://blulab.chpc.utah.edu/ontologies/schema/endo/colonoscopyQuality.owl#End_ileostomy_stoma, type= Semantic, classPath= [<http://blulab.chpc.utah.edu/ontologies/v2/ConText.owl#Lexicon> -> <http://blulab.chpc.utah.edu/ontologies/v2/ConText.owl#Modifier> -> <http://blulab.chpc.utah.edu/ontologies/v2/ConText.owl#SemanticModifier> -> <http://blulab.chpc.utah.edu/ontologies/v2/ConText.owl#BodySite> -> <http://blulab.chpc.utah.edu/ontologies/schema/endo/colonoscopyQuality.owl#ileum> -> <http://blulab.chpc.utah.edu/ontologies/schema/endo/colonoscopyQuality.owl#Ileostomy_stoma> -> <http://blulab.chpc.utah.edu/ontologies/schema/endo/colonoscopyQuality.owl#End_ileostomy_stoma>]]

	Modifier: Pouch_Kock, uri=http://blulab.chpc.utah.edu/ontologies/schema/endo/colonoscopyQuality.owl#Pouch_Kock, type= Semantic, classPath= [<http://blulab.chpc.utah.edu/ontologies/v2/ConText.owl#Lexicon> -> <http://blulab.chpc.utah.edu/ontologies/v2/ConText.owl#Modifier> -> <http://blulab.chpc.utah.edu/ontologies/v2/ConText.owl#SemanticModifier> -> <http://blulab.chpc.utah.edu/ontologies/v2/ConText.owl#BodySite> -> <http://blulab.chpc.utah.edu/ontologies/schema/endo/colonoscopyQuality.owl#ileum> -> <http://blulab.chpc.utah.edu/ontologies/schema/endo/colonoscopyQuality.owl#Ileostomy_stoma> -> <http://blulab.chpc.utah.edu/ontologies/schema/endo/colonoscopyQuality.owl#End_ileostomy_stoma> -> <http://blulab.chpc.utah.edu/ontologies/schema/endo/colonoscopyQuality.owl#Pouch_Kock>]]

	Modifier: Loop_ileostomy_stoma, uri=http://blulab.chpc.utah.edu/ontologies/schema/endo/colonoscopyQuality.owl#Loop_ileostomy_stoma, type= Semantic, classPath= [<http://blulab.chpc.utah.edu/ontologies/v2/ConText.owl#Lexicon> -> <http://blulab.chpc.utah.edu/ontologies/v2/ConText.owl#Modifier> -> <http://blulab.chpc.utah.edu/ontologies/v2/ConText.owl#SemanticModifier> -> <http://blulab.chpc.utah.edu/ontologies/v2/ConText.owl#BodySite> -> <http://blulab.chpc.utah.edu/ontologies/schema/endo/colonoscopyQuality.owl#ileum> -> <http://blulab.chpc.utah.edu/ontologies/schema/endo/colonoscopyQuality.owl#Ileostomy_stoma> -> <http://blulab.chpc.utah.edu/ontologies/schema/endo/colonoscopyQuality.owl#Loop_ileostomy_stoma>]]

	Modifier: Region_of_ileum, uri=http://blulab.chpc.utah.edu/ontologies/schema/endo/colonoscopyQuality.owl#Region_of_ileum, type= Semantic, classPath= [<http://blulab.chpc.utah.edu/ontologies/v2/ConText.owl#Lexicon> -> <http://blulab.chpc.utah.edu/ontologies/v2/ConText.owl#Modifier> -> <http://blulab.chpc.utah.edu/ontologies/v2/ConText.owl#SemanticModifier> -> <http://blulab.chpc.utah.edu/ontologies/v2/ConText.owl#BodySite> -> <http://blulab.chpc.utah.edu/ontologies/schema/endo/colonoscopyQuality.owl#ileum> -> <http://blulab.chpc.utah.edu/ontologies/schema/endo/colonoscopyQuality.owl#Region_of_ileum>]]

	Modifier: Circular_fold_of_ileum, uri=http://blulab.chpc.utah.edu/ontologies/schema/endo/colonoscopyQuality.owl#Circular_fold_of_ileum, type= Semantic, classPath= [<http://blulab.chpc.utah.edu/ontologies/v2/ConText.owl#Lexicon> -> <http://blulab.chpc.utah.edu/ontologies/v2/ConText.owl#Modifier> -> <http://blulab.chpc.utah.edu/ontologies/v2/ConText.owl#SemanticModifier> -> <http://blulab.chpc.utah.edu/ontologies/v2/ConText.owl#BodySite> -> <http://blulab.chpc.utah.edu/ontologies/schema/endo/colonoscopyQuality.owl#ileum> -> <http://blulab.chpc.utah.edu/ontologies/schema/endo/colonoscopyQuality.owl#Region_of_ileum> -> <http://blulab.chpc.utah.edu/ontologies/schema/endo/colonoscopyQuality.owl#Circular_fold_of_ileum>]]

	Modifier: Distal_part_of_ileum, uri=http://blulab.chpc.utah.edu/ontologies/schema/endo/colonoscopyQuality.owl#Distal_part_of_ileum, type= Semantic, classPath= [<http://blulab.chpc.utah.edu/ontologies/v2/ConText.owl#Lexicon> -> <http://blulab.chpc.utah.edu/ontologies/v2/ConText.owl#Modifier> -> <http://blulab.chpc.utah.edu/ontologies/v2/ConText.owl#SemanticModifier> -> <http://blulab.chpc.utah.edu/ontologies/v2/ConText.owl#BodySite> -> <http://blulab.chpc.utah.edu/ontologies/schema/endo/colonoscopyQuality.owl#ileum> -> <http://blulab.chpc.utah.edu/ontologies/schema/endo/colonoscopyQuality.owl#Entire_ileum> -> <http://blulab.chpc.utah.edu/ontologies/schema/endo/colonoscopyQuality.owl#Distal_part_of_ileum>, <http://blulab.chpc.utah.edu/ontologies/v2/ConText.owl#Lexicon> -> <http://blulab.chpc.utah.edu/ontologies/v2/ConText.owl#Modifier> -> <http://blulab.chpc.utah.edu/ontologies/v2/ConText.owl#SemanticModifier> -> <http://blulab.chpc.utah.edu/ontologies/v2/ConText.owl#BodySite> -> <http://blulab.chpc.utah.edu/ontologies/schema/endo/colonoscopyQuality.owl#ileum> -> <http://blulab.chpc.utah.edu/ontologies/schema/endo/colonoscopyQuality.owl#Region_of_ileum> -> <http://blulab.chpc.utah.edu/ontologies/schema/endo/colonoscopyQuality.owl#Distal_part_of_ileum>, <http://blulab.chpc.utah.edu/ontologies/v2/ConText.owl#Lexicon> -> <http://blulab.chpc.utah.edu/ontologies/v2/ConText.owl#Modifier> -> <http://blulab.chpc.utah.edu/ontologies/v2/ConText.owl#SemanticModifier> -> <http://blulab.chpc.utah.edu/ontologies/v2/ConText.owl#BodySite> -> <http://blulab.chpc.utah.edu/ontologies/schema/endo/colonoscopyQuality.owl#ileum> -> <http://blulab.chpc.utah.edu/ontologies/schema/endo/colonoscopyQuality.owl#Distal_part_of_ileum>]]

	Modifier: Entire_distal_portion_of_ileum, uri=http://blulab.chpc.utah.edu/ontologies/schema/endo/colonoscopyQuality.owl#Entire_distal_portion_of_ileum, type= Semantic, classPath= [<http://blulab.chpc.utah.edu/ontologies/v2/ConText.owl#Lexicon> -> <http://blulab.chpc.utah.edu/ontologies/v2/ConText.owl#Modifier> -> <http://blulab.chpc.utah.edu/ontologies/v2/ConText.owl#SemanticModifier> -> <http://blulab.chpc.utah.edu/ontologies/v2/ConText.owl#BodySite> -> <http://blulab.chpc.utah.edu/ontologies/schema/endo/colonoscopyQuality.owl#ileum> -> <http://blulab.chpc.utah.edu/ontologies/schema/endo/colonoscopyQuality.owl#Entire_ileum> -> <http://blulab.chpc.utah.edu/ontologies/schema/endo/colonoscopyQuality.owl#Entire_distal_portion_of_ileum>, <http://blulab.chpc.utah.edu/ontologies/v2/ConText.owl#Lexicon> -> <http://blulab.chpc.utah.edu/ontologies/v2/ConText.owl#Modifier> -> <http://blulab.chpc.utah.edu/ontologies/v2/ConText.owl#SemanticModifier> -> <http://blulab.chpc.utah.edu/ontologies/v2/ConText.owl#BodySite> -> <http://blulab.chpc.utah.edu/ontologies/schema/endo/colonoscopyQuality.owl#ileum> -> <http://blulab.chpc.utah.edu/ontologies/schema/endo/colonoscopyQuality.owl#Region_of_ileum> -> <http://blulab.chpc.utah.edu/ontologies/schema/endo/colonoscopyQuality.owl#Entire_distal_portion_of_ileum>]]

	Modifier: Structure_of_middle_portion_of_ileum, uri=http://blulab.chpc.utah.edu/ontologies/schema/endo/colonoscopyQuality.owl#Structure_of_middle_portion_of_ileum, type= Semantic, classPath= [<http://blulab.chpc.utah.edu/ontologies/v2/ConText.owl#Lexicon> -> <http://blulab.chpc.utah.edu/ontologies/v2/ConText.owl#Modifier> -> <http://blulab.chpc.utah.edu/ontologies/v2/ConText.owl#SemanticModifier> -> <http://blulab.chpc.utah.edu/ontologies/v2/ConText.owl#BodySite> -> <http://blulab.chpc.utah.edu/ontologies/schema/endo/colonoscopyQuality.owl#ileum> -> <http://blulab.chpc.utah.edu/ontologies/schema/endo/colonoscopyQuality.owl#Entire_ileum> -> <http://blulab.chpc.utah.edu/ontologies/schema/endo/colonoscopyQuality.owl#Structure_of_middle_portion_of_ileum>, <http://blulab.chpc.utah.edu/ontologies/v2/ConText.owl#Lexicon> -> <http://blulab.chpc.utah.edu/ontologies/v2/ConText.owl#Modifier> -> <http://blulab.chpc.utah.edu/ontologies/v2/ConText.owl#SemanticModifier> -> <http://blulab.chpc.utah.edu/ontologies/v2/ConText.owl#BodySite> -> <http://blulab.chpc.utah.edu/ontologies/schema/endo/colonoscopyQuality.owl#ileum> -> <http://blulab.chpc.utah.edu/ontologies/schema/endo/colonoscopyQuality.owl#Region_of_ileum> -> <http://blulab.chpc.utah.edu/ontologies/schema/endo/colonoscopyQuality.owl#Structure_of_middle_portion_of_ileum>, <http://blulab.chpc.utah.edu/ontologies/v2/ConText.owl#Lexicon> -> <http://blulab.chpc.utah.edu/ontologies/v2/ConText.owl#Modifier> -> <http://blulab.chpc.utah.edu/ontologies/v2/ConText.owl#SemanticModifier> -> <http://blulab.chpc.utah.edu/ontologies/v2/ConText.owl#BodySite> -> <http://blulab.chpc.utah.edu/ontologies/schema/endo/colonoscopyQuality.owl#ileum> -> <http://blulab.chpc.utah.edu/ontologies/schema/endo/colonoscopyQuality.owl#Structure_of_middle_portion_of_ileum>]]

	Modifier: Structure_of_proximal_portion_of_ileum, uri=http://blulab.chpc.utah.edu/ontologies/schema/endo/colonoscopyQuality.owl#Structure_of_proximal_portion_of_ileum, type= Semantic, classPath= [<http://blulab.chpc.utah.edu/ontologies/v2/ConText.owl#Lexicon> -> <http://blulab.chpc.utah.edu/ontologies/v2/ConText.owl#Modifier> -> <http://blulab.chpc.utah.edu/ontologies/v2/ConText.owl#SemanticModifier> -> <http://blulab.chpc.utah.edu/ontologies/v2/ConText.owl#BodySite> -> <http://blulab.chpc.utah.edu/ontologies/schema/endo/colonoscopyQuality.owl#ileum> -> <http://blulab.chpc.utah.edu/ontologies/schema/endo/colonoscopyQuality.owl#Entire_ileum> -> <http://blulab.chpc.utah.edu/ontologies/schema/endo/colonoscopyQuality.owl#Structure_of_proximal_portion_of_ileum>, <http://blulab.chpc.utah.edu/ontologies/v2/ConText.owl#Lexicon> -> <http://blulab.chpc.utah.edu/ontologies/v2/ConText.owl#Modifier> -> <http://blulab.chpc.utah.edu/ontologies/v2/ConText.owl#SemanticModifier> -> <http://blulab.chpc.utah.edu/ontologies/v2/ConText.owl#BodySite> -> <http://blulab.chpc.utah.edu/ontologies/schema/endo/colonoscopyQuality.owl#ileum> -> <http://blulab.chpc.utah.edu/ontologies/schema/endo/colonoscopyQuality.owl#Region_of_ileum> -> <http://blulab.chpc.utah.edu/ontologies/schema/endo/colonoscopyQuality.owl#Structure_of_proximal_portion_of_ileum>, <http://blulab.chpc.utah.edu/ontologies/v2/ConText.owl#Lexicon> -> <http://blulab.chpc.utah.edu/ontologies/v2/ConText.owl#Modifier> -> <http://blulab.chpc.utah.edu/ontologies/v2/ConText.owl#SemanticModifier> -> <http://blulab.chpc.utah.edu/ontologies/v2/ConText.owl#BodySite> -> <http://blulab.chpc.utah.edu/ontologies/schema/endo/colonoscopyQuality.owl#ileum> -> <http://blulab.chpc.utah.edu/ontologies/schema/endo/colonoscopyQuality.owl#Structure_of_proximal_portion_of_ileum>]]

	Modifier: Subdivision_of_wall_of_ileum, uri=http://blulab.chpc.utah.edu/ontologies/schema/endo/colonoscopyQuality.owl#Subdivision_of_wall_of_ileum, type= Semantic, classPath= [<http://blulab.chpc.utah.edu/ontologies/v2/ConText.owl#Lexicon> -> <http://blulab.chpc.utah.edu/ontologies/v2/ConText.owl#Modifier> -> <http://blulab.chpc.utah.edu/ontologies/v2/ConText.owl#SemanticModifier> -> <http://blulab.chpc.utah.edu/ontologies/v2/ConText.owl#BodySite> -> <http://blulab.chpc.utah.edu/ontologies/schema/endo/colonoscopyQuality.owl#ileum> -> <http://blulab.chpc.utah.edu/ontologies/schema/endo/colonoscopyQuality.owl#Region_of_ileum> -> <http://blulab.chpc.utah.edu/ontologies/schema/endo/colonoscopyQuality.owl#Subdivision_of_wall_of_ileum>]]

	Modifier: Wall_of_distal_part_of_ileum, uri=http://blulab.chpc.utah.edu/ontologies/schema/endo/colonoscopyQuality.owl#Wall_of_distal_part_of_ileum, type= Semantic, classPath= [<http://blulab.chpc.utah.edu/ontologies/v2/ConText.owl#Lexicon> -> <http://blulab.chpc.utah.edu/ontologies/v2/ConText.owl#Modifier> -> <http://blulab.chpc.utah.edu/ontologies/v2/ConText.owl#SemanticModifier> -> <http://blulab.chpc.utah.edu/ontologies/v2/ConText.owl#BodySite> -> <http://blulab.chpc.utah.edu/ontologies/schema/endo/colonoscopyQuality.owl#ileum> -> <http://blulab.chpc.utah.edu/ontologies/schema/endo/colonoscopyQuality.owl#Entire_ileum> -> <http://blulab.chpc.utah.edu/ontologies/schema/endo/colonoscopyQuality.owl#Distal_part_of_ileum> -> <http://blulab.chpc.utah.edu/ontologies/schema/endo/colonoscopyQuality.owl#Wall_of_distal_part_of_ileum>, <http://blulab.chpc.utah.edu/ontologies/v2/ConText.owl#Lexicon> -> <http://blulab.chpc.utah.edu/ontologies/v2/ConText.owl#Modifier> -> <http://blulab.chpc.utah.edu/ontologies/v2/ConText.owl#SemanticModifier> -> <http://blulab.chpc.utah.edu/ontologies/v2/ConText.owl#BodySite> -> <http://blulab.chpc.utah.edu/ontologies/schema/endo/colonoscopyQuality.owl#ileum> -> <http://blulab.chpc.utah.edu/ontologies/schema/endo/colonoscopyQuality.owl#Region_of_ileum> -> <http://blulab.chpc.utah.edu/ontologies/schema/endo/colonoscopyQuality.owl#Subdivision_of_wall_of_ileum> -> <http://blulab.chpc.utah.edu/ontologies/schema/endo/colonoscopyQuality.owl#Wall_of_distal_part_of_ileum>, <http://blulab.chpc.utah.edu/ontologies/v2/ConText.owl#Lexicon> -> <http://blulab.chpc.utah.edu/ontologies/v2/ConText.owl#Modifier> -> <http://blulab.chpc.utah.edu/ontologies/v2/ConText.owl#SemanticModifier> -> <http://blulab.chpc.utah.edu/ontologies/v2/ConText.owl#BodySite> -> <http://blulab.chpc.utah.edu/ontologies/schema/endo/colonoscopyQuality.owl#ileum> -> <http://blulab.chpc.utah.edu/ontologies/schema/endo/colonoscopyQuality.owl#Wall_of_ileum> -> <http://blulab.chpc.utah.edu/ontologies/schema/endo/colonoscopyQuality.owl#Wall_of_distal_part_of_ileum>, <http://blulab.chpc.utah.edu/ontologies/v2/ConText.owl#Lexicon> -> <http://blulab.chpc.utah.edu/ontologies/v2/ConText.owl#Modifier> -> <http://blulab.chpc.utah.edu/ontologies/v2/ConText.owl#SemanticModifier> -> <http://blulab.chpc.utah.edu/ontologies/v2/ConText.owl#BodySite> -> <http://blulab.chpc.utah.edu/ontologies/schema/endo/colonoscopyQuality.owl#ileum> -> <http://blulab.chpc.utah.edu/ontologies/schema/endo/colonoscopyQuality.owl#Region_of_ileum> -> <http://blulab.chpc.utah.edu/ontologies/schema/endo/colonoscopyQuality.owl#Wall_of_ileum> -> <http://blulab.chpc.utah.edu/ontologies/schema/endo/colonoscopyQuality.owl#Wall_of_distal_part_of_ileum>, <http://blulab.chpc.utah.edu/ontologies/v2/ConText.owl#Lexicon> -> <http://blulab.chpc.utah.edu/ontologies/v2/ConText.owl#Modifier> -> <http://blulab.chpc.utah.edu/ontologies/v2/ConText.owl#SemanticModifier> -> <http://blulab.chpc.utah.edu/ontologies/v2/ConText.owl#BodySite> -> <http://blulab.chpc.utah.edu/ontologies/schema/endo/colonoscopyQuality.owl#ileum> -> <http://blulab.chpc.utah.edu/ontologies/schema/endo/colonoscopyQuality.owl#Region_of_ileum> -> <http://blulab.chpc.utah.edu/ontologies/schema/endo/colonoscopyQuality.owl#Distal_part_of_ileum> -> <http://blulab.chpc.utah.edu/ontologies/schema/endo/colonoscopyQuality.owl#Wall_of_distal_part_of_ileum>, <http://blulab.chpc.utah.edu/ontologies/v2/ConText.owl#Lexicon> -> <http://blulab.chpc.utah.edu/ontologies/v2/ConText.owl#Modifier> -> <http://blulab.chpc.utah.edu/ontologies/v2/ConText.owl#SemanticModifier> -> <http://blulab.chpc.utah.edu/ontologies/v2/ConText.owl#BodySite> -> <http://blulab.chpc.utah.edu/ontologies/schema/endo/colonoscopyQuality.owl#ileum> -> <http://blulab.chpc.utah.edu/ontologies/schema/endo/colonoscopyQuality.owl#Distal_part_of_ileum> -> <http://blulab.chpc.utah.edu/ontologies/schema/endo/colonoscopyQuality.owl#Wall_of_distal_part_of_ileum>]]

	Modifier: Wall_of_middle_part_of_ileum, uri=http://blulab.chpc.utah.edu/ontologies/schema/endo/colonoscopyQuality.owl#Wall_of_middle_part_of_ileum, type= Semantic, classPath= [<http://blulab.chpc.utah.edu/ontologies/v2/ConText.owl#Lexicon> -> <http://blulab.chpc.utah.edu/ontologies/v2/ConText.owl#Modifier> -> <http://blulab.chpc.utah.edu/ontologies/v2/ConText.owl#SemanticModifier> -> <http://blulab.chpc.utah.edu/ontologies/v2/ConText.owl#BodySite> -> <http://blulab.chpc.utah.edu/ontologies/schema/endo/colonoscopyQuality.owl#ileum> -> <http://blulab.chpc.utah.edu/ontologies/schema/endo/colonoscopyQuality.owl#Entire_ileum> -> <http://blulab.chpc.utah.edu/ontologies/schema/endo/colonoscopyQuality.owl#Structure_of_middle_portion_of_ileum> -> <http://blulab.chpc.utah.edu/ontologies/schema/endo/colonoscopyQuality.owl#Wall_of_middle_part_of_ileum>, <http://blulab.chpc.utah.edu/ontologies/v2/ConText.owl#Lexicon> -> <http://blulab.chpc.utah.edu/ontologies/v2/ConText.owl#Modifier> -> <http://blulab.chpc.utah.edu/ontologies/v2/ConText.owl#SemanticModifier> -> <http://blulab.chpc.utah.edu/ontologies/v2/ConText.owl#BodySite> -> <http://blulab.chpc.utah.edu/ontologies/schema/endo/colonoscopyQuality.owl#ileum> -> <http://blulab.chpc.utah.edu/ontologies/schema/endo/colonoscopyQuality.owl#Region_of_ileum> -> <http://blulab.chpc.utah.edu/ontologies/schema/endo/colonoscopyQuality.owl#Subdivision_of_wall_of_ileum> -> <http://blulab.chpc.utah.edu/ontologies/schema/endo/colonoscopyQuality.owl#Wall_of_middle_part_of_ileum>, <http://blulab.chpc.utah.edu/ontologies/v2/ConText.owl#Lexicon> -> <http://blulab.chpc.utah.edu/ontologies/v2/ConText.owl#Modifier> -> <http://blulab.chpc.utah.edu/ontologies/v2/ConText.owl#SemanticModifier> -> <http://blulab.chpc.utah.edu/ontologies/v2/ConText.owl#BodySite> -> <http://blulab.chpc.utah.edu/ontologies/schema/endo/colonoscopyQuality.owl#ileum> -> <http://blulab.chpc.utah.edu/ontologies/schema/endo/colonoscopyQuality.owl#Wall_of_ileum> -> <http://blulab.chpc.utah.edu/ontologies/schema/endo/colonoscopyQuality.owl#Wall_of_middle_part_of_ileum>, <http://blulab.chpc.utah.edu/ontologies/v2/ConText.owl#Lexicon> -> <http://blulab.chpc.utah.edu/ontologies/v2/ConText.owl#Modifier> -> <http://blulab.chpc.utah.edu/ontologies/v2/ConText.owl#SemanticModifier> -> <http://blulab.chpc.utah.edu/ontologies/v2/ConText.owl#BodySite> -> <http://blulab.chpc.utah.edu/ontologies/schema/endo/colonoscopyQuality.owl#ileum> -> <http://blulab.chpc.utah.edu/ontologies/schema/endo/colonoscopyQuality.owl#Region_of_ileum> -> <http://blulab.chpc.utah.edu/ontologies/schema/endo/colonoscopyQuality.owl#Wall_of_ileum> -> <http://blulab.chpc.utah.edu/ontologies/schema/endo/colonoscopyQuality.owl#Wall_of_middle_part_of_ileum>, <http://blulab.chpc.utah.edu/ontologies/v2/ConText.owl#Lexicon> -> <http://blulab.chpc.utah.edu/ontologies/v2/ConText.owl#Modifier> -> <http://blulab.chpc.utah.edu/ontologies/v2/ConText.owl#SemanticModifier> -> <http://blulab.chpc.utah.edu/ontologies/v2/ConText.owl#BodySite> -> <http://blulab.chpc.utah.edu/ontologies/schema/endo/colonoscopyQuality.owl#ileum> -> <http://blulab.chpc.utah.edu/ontologies/schema/endo/colonoscopyQuality.owl#Region_of_ileum> -> <http://blulab.chpc.utah.edu/ontologies/schema/endo/colonoscopyQuality.owl#Structure_of_middle_portion_of_ileum> -> <http://blulab.chpc.utah.edu/ontologies/schema/endo/colonoscopyQuality.owl#Wall_of_middle_part_of_ileum>, <http://blulab.chpc.utah.edu/ontologies/v2/ConText.owl#Lexicon> -> <http://blulab.chpc.utah.edu/ontologies/v2/ConText.owl#Modifier> -> <http://blulab.chpc.utah.edu/ontologies/v2/ConText.owl#SemanticModifier> -> <http://blulab.chpc.utah.edu/ontologies/v2/ConText.owl#BodySite> -> <http://blulab.chpc.utah.edu/ontologies/schema/endo/colonoscopyQuality.owl#ileum> -> <http://blulab.chpc.utah.edu/ontologies/schema/endo/colonoscopyQuality.owl#Structure_of_middle_portion_of_ileum> -> <http://blulab.chpc.utah.edu/ontologies/schema/endo/colonoscopyQuality.owl#Wall_of_middle_part_of_ileum>]]

	Modifier: Wall_of_proximal_part_of_ileum, uri=http://blulab.chpc.utah.edu/ontologies/schema/endo/colonoscopyQuality.owl#Wall_of_proximal_part_of_ileum, type= Semantic, classPath= [<http://blulab.chpc.utah.edu/ontologies/v2/ConText.owl#Lexicon> -> <http://blulab.chpc.utah.edu/ontologies/v2/ConText.owl#Modifier> -> <http://blulab.chpc.utah.edu/ontologies/v2/ConText.owl#SemanticModifier> -> <http://blulab.chpc.utah.edu/ontologies/v2/ConText.owl#BodySite> -> <http://blulab.chpc.utah.edu/ontologies/schema/endo/colonoscopyQuality.owl#ileum> -> <http://blulab.chpc.utah.edu/ontologies/schema/endo/colonoscopyQuality.owl#Entire_ileum> -> <http://blulab.chpc.utah.edu/ontologies/schema/endo/colonoscopyQuality.owl#Structure_of_proximal_portion_of_ileum> -> <http://blulab.chpc.utah.edu/ontologies/schema/endo/colonoscopyQuality.owl#Wall_of_proximal_part_of_ileum>, <http://blulab.chpc.utah.edu/ontologies/v2/ConText.owl#Lexicon> -> <http://blulab.chpc.utah.edu/ontologies/v2/ConText.owl#Modifier> -> <http://blulab.chpc.utah.edu/ontologies/v2/ConText.owl#SemanticModifier> -> <http://blulab.chpc.utah.edu/ontologies/v2/ConText.owl#BodySite> -> <http://blulab.chpc.utah.edu/ontologies/schema/endo/colonoscopyQuality.owl#ileum> -> <http://blulab.chpc.utah.edu/ontologies/schema/endo/colonoscopyQuality.owl#Region_of_ileum> -> <http://blulab.chpc.utah.edu/ontologies/schema/endo/colonoscopyQuality.owl#Subdivision_of_wall_of_ileum> -> <http://blulab.chpc.utah.edu/ontologies/schema/endo/colonoscopyQuality.owl#Wall_of_proximal_part_of_ileum>, <http://blulab.chpc.utah.edu/ontologies/v2/ConText.owl#Lexicon> -> <http://blulab.chpc.utah.edu/ontologies/v2/ConText.owl#Modifier> -> <http://blulab.chpc.utah.edu/ontologies/v2/ConText.owl#SemanticModifier> -> <http://blulab.chpc.utah.edu/ontologies/v2/ConText.owl#BodySite> -> <http://blulab.chpc.utah.edu/ontologies/schema/endo/colonoscopyQuality.owl#ileum> -> <http://blulab.chpc.utah.edu/ontologies/schema/endo/colonoscopyQuality.owl#Wall_of_ileum> -> <http://blulab.chpc.utah.edu/ontologies/schema/endo/colonoscopyQuality.owl#Wall_of_proximal_part_of_ileum>, <http://blulab.chpc.utah.edu/ontologies/v2/ConText.owl#Lexicon> -> <http://blulab.chpc.utah.edu/ontologies/v2/ConText.owl#Modifier> -> <http://blulab.chpc.utah.edu/ontologies/v2/ConText.owl#SemanticModifier> -> <http://blulab.chpc.utah.edu/ontologies/v2/ConText.owl#BodySite> -> <http://blulab.chpc.utah.edu/ontologies/schema/endo/colonoscopyQuality.owl#ileum> -> <http://blulab.chpc.utah.edu/ontologies/schema/endo/colonoscopyQuality.owl#Region_of_ileum> -> <http://blulab.chpc.utah.edu/ontologies/schema/endo/colonoscopyQuality.owl#Wall_of_ileum> -> <http://blulab.chpc.utah.edu/ontologies/schema/endo/colonoscopyQuality.owl#Wall_of_proximal_part_of_ileum>, <http://blulab.chpc.utah.edu/ontologies/v2/ConText.owl#Lexicon> -> <http://blulab.chpc.utah.edu/ontologies/v2/ConText.owl#Modifier> -> <http://blulab.chpc.utah.edu/ontologies/v2/ConText.owl#SemanticModifier> -> <http://blulab.chpc.utah.edu/ontologies/v2/ConText.owl#BodySite> -> <http://blulab.chpc.utah.edu/ontologies/schema/endo/colonoscopyQuality.owl#ileum> -> <http://blulab.chpc.utah.edu/ontologies/schema/endo/colonoscopyQuality.owl#Region_of_ileum> -> <http://blulab.chpc.utah.edu/ontologies/schema/endo/colonoscopyQuality.owl#Structure_of_proximal_portion_of_ileum> -> <http://blulab.chpc.utah.edu/ontologies/schema/endo/colonoscopyQuality.owl#Wall_of_proximal_part_of_ileum>, <http://blulab.chpc.utah.edu/ontologies/v2/ConText.owl#Lexicon> -> <http://blulab.chpc.utah.edu/ontologies/v2/ConText.owl#Modifier> -> <http://blulab.chpc.utah.edu/ontologies/v2/ConText.owl#SemanticModifier> -> <http://blulab.chpc.utah.edu/ontologies/v2/ConText.owl#BodySite> -> <http://blulab.chpc.utah.edu/ontologies/schema/endo/colonoscopyQuality.owl#ileum> -> <http://blulab.chpc.utah.edu/ontologies/schema/endo/colonoscopyQuality.owl#Structure_of_proximal_portion_of_ileum> -> <http://blulab.chpc.utah.edu/ontologies/schema/endo/colonoscopyQuality.owl#Wall_of_proximal_part_of_ileum>]]

	Modifier: Wall_of_ileum, uri=http://blulab.chpc.utah.edu/ontologies/schema/endo/colonoscopyQuality.owl#Wall_of_ileum, type= Semantic, classPath= [<http://blulab.chpc.utah.edu/ontologies/v2/ConText.owl#Lexicon> -> <http://blulab.chpc.utah.edu/ontologies/v2/ConText.owl#Modifier> -> <http://blulab.chpc.utah.edu/ontologies/v2/ConText.owl#SemanticModifier> -> <http://blulab.chpc.utah.edu/ontologies/v2/ConText.owl#BodySite> -> <http://blulab.chpc.utah.edu/ontologies/schema/endo/colonoscopyQuality.owl#ileum> -> <http://blulab.chpc.utah.edu/ontologies/schema/endo/colonoscopyQuality.owl#Region_of_ileum> -> <http://blulab.chpc.utah.edu/ontologies/schema/endo/colonoscopyQuality.owl#Wall_of_ileum>, <http://blulab.chpc.utah.edu/ontologies/v2/ConText.owl#Lexicon> -> <http://blulab.chpc.utah.edu/ontologies/v2/ConText.owl#Modifier> -> <http://blulab.chpc.utah.edu/ontologies/v2/ConText.owl#SemanticModifier> -> <http://blulab.chpc.utah.edu/ontologies/v2/ConText.owl#BodySite> -> <http://blulab.chpc.utah.edu/ontologies/schema/endo/colonoscopyQuality.owl#ileum> -> <http://blulab.chpc.utah.edu/ontologies/schema/endo/colonoscopyQuality.owl#Wall_of_ileum>]]

	Modifier: Ileal_mucous_membrane, uri=http://blulab.chpc.utah.edu/ontologies/schema/endo/colonoscopyQuality.owl#Ileal_mucous_membrane, type= Semantic, classPath= [<http://blulab.chpc.utah.edu/ontologies/v2/ConText.owl#Lexicon> -> <http://blulab.chpc.utah.edu/ontologies/v2/ConText.owl#Modifier> -> <http://blulab.chpc.utah.edu/ontologies/v2/ConText.owl#SemanticModifier> -> <http://blulab.chpc.utah.edu/ontologies/v2/ConText.owl#BodySite> -> <http://blulab.chpc.utah.edu/ontologies/schema/endo/colonoscopyQuality.owl#ileum> -> <http://blulab.chpc.utah.edu/ontologies/schema/endo/colonoscopyQuality.owl#Entire_ileum> -> <http://blulab.chpc.utah.edu/ontologies/schema/endo/colonoscopyQuality.owl#Ileal_mucous_membrane>, <http://blulab.chpc.utah.edu/ontologies/v2/ConText.owl#Lexicon> -> <http://blulab.chpc.utah.edu/ontologies/v2/ConText.owl#Modifier> -> <http://blulab.chpc.utah.edu/ontologies/v2/ConText.owl#SemanticModifier> -> <http://blulab.chpc.utah.edu/ontologies/v2/ConText.owl#BodySite> -> <http://blulab.chpc.utah.edu/ontologies/schema/endo/colonoscopyQuality.owl#ileum> -> <http://blulab.chpc.utah.edu/ontologies/schema/endo/colonoscopyQuality.owl#Wall_of_ileum> -> <http://blulab.chpc.utah.edu/ontologies/schema/endo/colonoscopyQuality.owl#Ileal_mucous_membrane>, <http://blulab.chpc.utah.edu/ontologies/v2/ConText.owl#Lexicon> -> <http://blulab.chpc.utah.edu/ontologies/v2/ConText.owl#Modifier> -> <http://blulab.chpc.utah.edu/ontologies/v2/ConText.owl#SemanticModifier> -> <http://blulab.chpc.utah.edu/ontologies/v2/ConText.owl#BodySite> -> <http://blulab.chpc.utah.edu/ontologies/schema/endo/colonoscopyQuality.owl#ileum> -> <http://blulab.chpc.utah.edu/ontologies/schema/endo/colonoscopyQuality.owl#Region_of_ileum> -> <http://blulab.chpc.utah.edu/ontologies/schema/endo/colonoscopyQuality.owl#Wall_of_ileum> -> <http://blulab.chpc.utah.edu/ontologies/schema/endo/colonoscopyQuality.owl#Ileal_mucous_membrane>]]

	Modifier: Muscle_layer_of_ileum, uri=http://blulab.chpc.utah.edu/ontologies/schema/endo/colonoscopyQuality.owl#Muscle_layer_of_ileum, type= Semantic, classPath= [<http://blulab.chpc.utah.edu/ontologies/v2/ConText.owl#Lexicon> -> <http://blulab.chpc.utah.edu/ontologies/v2/ConText.owl#Modifier> -> <http://blulab.chpc.utah.edu/ontologies/v2/ConText.owl#SemanticModifier> -> <http://blulab.chpc.utah.edu/ontologies/v2/ConText.owl#BodySite> -> <http://blulab.chpc.utah.edu/ontologies/schema/endo/colonoscopyQuality.owl#ileum> -> <http://blulab.chpc.utah.edu/ontologies/schema/endo/colonoscopyQuality.owl#Region_of_ileum> -> <http://blulab.chpc.utah.edu/ontologies/schema/endo/colonoscopyQuality.owl#Wall_of_ileum> -> <http://blulab.chpc.utah.edu/ontologies/schema/endo/colonoscopyQuality.owl#Muscle_layer_of_ileum>, <http://blulab.chpc.utah.edu/ontologies/v2/ConText.owl#Lexicon> -> <http://blulab.chpc.utah.edu/ontologies/v2/ConText.owl#Modifier> -> <http://blulab.chpc.utah.edu/ontologies/v2/ConText.owl#SemanticModifier> -> <http://blulab.chpc.utah.edu/ontologies/v2/ConText.owl#BodySite> -> <http://blulab.chpc.utah.edu/ontologies/schema/endo/colonoscopyQuality.owl#ileum> -> <http://blulab.chpc.utah.edu/ontologies/schema/endo/colonoscopyQuality.owl#Wall_of_ileum> -> <http://blulab.chpc.utah.edu/ontologies/schema/endo/colonoscopyQuality.owl#Muscle_layer_of_ileum>]]

	Modifier: Circular_muscle_layer_of_ileum, uri=http://blulab.chpc.utah.edu/ontologies/schema/endo/colonoscopyQuality.owl#Circular_muscle_layer_of_ileum, type= Semantic, classPath= [<http://blulab.chpc.utah.edu/ontologies/v2/ConText.owl#Lexicon> -> <http://blulab.chpc.utah.edu/ontologies/v2/ConText.owl#Modifier> -> <http://blulab.chpc.utah.edu/ontologies/v2/ConText.owl#SemanticModifier> -> <http://blulab.chpc.utah.edu/ontologies/v2/ConText.owl#BodySite> -> <http://blulab.chpc.utah.edu/ontologies/schema/endo/colonoscopyQuality.owl#ileum> -> <http://blulab.chpc.utah.edu/ontologies/schema/endo/colonoscopyQuality.owl#Region_of_ileum> -> <http://blulab.chpc.utah.edu/ontologies/schema/endo/colonoscopyQuality.owl#Wall_of_ileum> -> <http://blulab.chpc.utah.edu/ontologies/schema/endo/colonoscopyQuality.owl#Muscle_layer_of_ileum> -> <http://blulab.chpc.utah.edu/ontologies/schema/endo/colonoscopyQuality.owl#Circular_muscle_layer_of_ileum>, <http://blulab.chpc.utah.edu/ontologies/v2/ConText.owl#Lexicon> -> <http://blulab.chpc.utah.edu/ontologies/v2/ConText.owl#Modifier> -> <http://blulab.chpc.utah.edu/ontologies/v2/ConText.owl#SemanticModifier> -> <http://blulab.chpc.utah.edu/ontologies/v2/ConText.owl#BodySite> -> <http://blulab.chpc.utah.edu/ontologies/schema/endo/colonoscopyQuality.owl#ileum> -> <http://blulab.chpc.utah.edu/ontologies/schema/endo/colonoscopyQuality.owl#Wall_of_ileum> -> <http://blulab.chpc.utah.edu/ontologies/schema/endo/colonoscopyQuality.owl#Muscle_layer_of_ileum> -> <http://blulab.chpc.utah.edu/ontologies/schema/endo/colonoscopyQuality.owl#Circular_muscle_layer_of_ileum>]]

	Modifier: Longitudinal_muscle_layer_of_ileum, uri=http://blulab.chpc.utah.edu/ontologies/schema/endo/colonoscopyQuality.owl#Longitudinal_muscle_layer_of_ileum, type= Semantic, classPath= [<http://blulab.chpc.utah.edu/ontologies/v2/ConText.owl#Lexicon> -> <http://blulab.chpc.utah.edu/ontologies/v2/ConText.owl#Modifier> -> <http://blulab.chpc.utah.edu/ontologies/v2/ConText.owl#SemanticModifier> -> <http://blulab.chpc.utah.edu/ontologies/v2/ConText.owl#BodySite> -> <http://blulab.chpc.utah.edu/ontologies/schema/endo/colonoscopyQuality.owl#ileum> -> <http://blulab.chpc.utah.edu/ontologies/schema/endo/colonoscopyQuality.owl#Region_of_ileum> -> <http://blulab.chpc.utah.edu/ontologies/schema/endo/colonoscopyQuality.owl#Wall_of_ileum> -> <http://blulab.chpc.utah.edu/ontologies/schema/endo/colonoscopyQuality.owl#Muscle_layer_of_ileum> -> <http://blulab.chpc.utah.edu/ontologies/schema/endo/colonoscopyQuality.owl#Longitudinal_muscle_layer_of_ileum>, <http://blulab.chpc.utah.edu/ontologies/v2/ConText.owl#Lexicon> -> <http://blulab.chpc.utah.edu/ontologies/v2/ConText.owl#Modifier> -> <http://blulab.chpc.utah.edu/ontologies/v2/ConText.owl#SemanticModifier> -> <http://blulab.chpc.utah.edu/ontologies/v2/ConText.owl#BodySite> -> <http://blulab.chpc.utah.edu/ontologies/schema/endo/colonoscopyQuality.owl#ileum> -> <http://blulab.chpc.utah.edu/ontologies/schema/endo/colonoscopyQuality.owl#Wall_of_ileum> -> <http://blulab.chpc.utah.edu/ontologies/schema/endo/colonoscopyQuality.owl#Muscle_layer_of_ileum> -> <http://blulab.chpc.utah.edu/ontologies/schema/endo/colonoscopyQuality.owl#Longitudinal_muscle_layer_of_ileum>]]

	Modifier: Serosa_of_ileum, uri=http://blulab.chpc.utah.edu/ontologies/schema/endo/colonoscopyQuality.owl#Serosa_of_ileum, type= Semantic, classPath= [<http://blulab.chpc.utah.edu/ontologies/v2/ConText.owl#Lexicon> -> <http://blulab.chpc.utah.edu/ontologies/v2/ConText.owl#Modifier> -> <http://blulab.chpc.utah.edu/ontologies/v2/ConText.owl#SemanticModifier> -> <http://blulab.chpc.utah.edu/ontologies/v2/ConText.owl#BodySite> -> <http://blulab.chpc.utah.edu/ontologies/schema/endo/colonoscopyQuality.owl#ileum> -> <http://blulab.chpc.utah.edu/ontologies/schema/endo/colonoscopyQuality.owl#Region_of_ileum> -> <http://blulab.chpc.utah.edu/ontologies/schema/endo/colonoscopyQuality.owl#Wall_of_ileum> -> <http://blulab.chpc.utah.edu/ontologies/schema/endo/colonoscopyQuality.owl#Serosa_of_ileum>, <http://blulab.chpc.utah.edu/ontologies/v2/ConText.owl#Lexicon> -> <http://blulab.chpc.utah.edu/ontologies/v2/ConText.owl#Modifier> -> <http://blulab.chpc.utah.edu/ontologies/v2/ConText.owl#SemanticModifier> -> <http://blulab.chpc.utah.edu/ontologies/v2/ConText.owl#BodySite> -> <http://blulab.chpc.utah.edu/ontologies/schema/endo/colonoscopyQuality.owl#ileum> -> <http://blulab.chpc.utah.edu/ontologies/schema/endo/colonoscopyQuality.owl#Wall_of_ileum> -> <http://blulab.chpc.utah.edu/ontologies/schema/endo/colonoscopyQuality.owl#Serosa_of_ileum>]]

	Modifier: Connective_tissue_of_serosa_of_ileum, uri=http://blulab.chpc.utah.edu/ontologies/schema/endo/colonoscopyQuality.owl#Connective_tissue_of_serosa_of_ileum, type= Semantic, classPath= [<http://blulab.chpc.utah.edu/ontologies/v2/ConText.owl#Lexicon> -> <http://blulab.chpc.utah.edu/ontologies/v2/ConText.owl#Modifier> -> <http://blulab.chpc.utah.edu/ontologies/v2/ConText.owl#SemanticModifier> -> <http://blulab.chpc.utah.edu/ontologies/v2/ConText.owl#BodySite> -> <http://blulab.chpc.utah.edu/ontologies/schema/endo/colonoscopyQuality.owl#ileum> -> <http://blulab.chpc.utah.edu/ontologies/schema/endo/colonoscopyQuality.owl#Region_of_ileum> -> <http://blulab.chpc.utah.edu/ontologies/schema/endo/colonoscopyQuality.owl#Wall_of_ileum> -> <http://blulab.chpc.utah.edu/ontologies/schema/endo/colonoscopyQuality.owl#Serosa_of_ileum> -> <http://blulab.chpc.utah.edu/ontologies/schema/endo/colonoscopyQuality.owl#Connective_tissue_of_serosa_of_ileum>, <http://blulab.chpc.utah.edu/ontologies/v2/ConText.owl#Lexicon> -> <http://blulab.chpc.utah.edu/ontologies/v2/ConText.owl#Modifier> -> <http://blulab.chpc.utah.edu/ontologies/v2/ConText.owl#SemanticModifier> -> <http://blulab.chpc.utah.edu/ontologies/v2/ConText.owl#BodySite> -> <http://blulab.chpc.utah.edu/ontologies/schema/endo/colonoscopyQuality.owl#ileum> -> <http://blulab.chpc.utah.edu/ontologies/schema/endo/colonoscopyQuality.owl#Wall_of_ileum> -> <http://blulab.chpc.utah.edu/ontologies/schema/endo/colonoscopyQuality.owl#Serosa_of_ileum> -> <http://blulab.chpc.utah.edu/ontologies/schema/endo/colonoscopyQuality.owl#Connective_tissue_of_serosa_of_ileum>]]

	Modifier: Connective_tissue_of_visceral_peritoneum, uri=http://blulab.chpc.utah.edu/ontologies/schema/endo/colonoscopyQuality.owl#Connective_tissue_of_visceral_peritoneum, type= Semantic, classPath= [<http://blulab.chpc.utah.edu/ontologies/v2/ConText.owl#Lexicon> -> <http://blulab.chpc.utah.edu/ontologies/v2/ConText.owl#Modifier> -> <http://blulab.chpc.utah.edu/ontologies/v2/ConText.owl#SemanticModifier> -> <http://blulab.chpc.utah.edu/ontologies/v2/ConText.owl#BodySite> -> <http://blulab.chpc.utah.edu/ontologies/schema/endo/colonoscopyQuality.owl#Colon_structure> -> <http://blulab.chpc.utah.edu/ontologies/schema/endo/colonoscopyQuality.owl#Cecum> -> <http://blulab.chpc.utah.edu/ontologies/schema/endo/colonoscopyQuality.owl#Appendix> -> <http://blulab.chpc.utah.edu/ontologies/schema/endo/colonoscopyQuality.owl#Entire_appendix> -> <http://blulab.chpc.utah.edu/ontologies/schema/endo/colonoscopyQuality.owl#Appendiceal_serosa> -> <http://blulab.chpc.utah.edu/ontologies/schema/endo/colonoscopyQuality.owl#Connective_tissue_of_visceral_peritoneum>, <http://blulab.chpc.utah.edu/ontologies/v2/ConText.owl#Lexicon> -> <http://blulab.chpc.utah.edu/ontologies/v2/ConText.owl#Modifier> -> <http://blulab.chpc.utah.edu/ontologies/v2/ConText.owl#SemanticModifier> -> <http://blulab.chpc.utah.edu/ontologies/v2/ConText.owl#BodySite> -> <http://blulab.chpc.utah.edu/ontologies/schema/endo/colonoscopyQuality.owl#Colon_structure> -> <http://blulab.chpc.utah.edu/ontologies/schema/endo/colonoscopyQuality.owl#Wall_of_colon> -> <http://blulab.chpc.utah.edu/ontologies/schema/endo/colonoscopyQuality.owl#Colonic_serosa> -> <http://blulab.chpc.utah.edu/ontologies/schema/endo/colonoscopyQuality.owl#Connective_tissue_of_visceral_peritoneum>, <http://blulab.chpc.utah.edu/ontologies/v2/ConText.owl#Lexicon> -> <http://blulab.chpc.utah.edu/ontologies/v2/ConText.owl#Modifier> -> <http://blulab.chpc.utah.edu/ontologies/v2/ConText.owl#SemanticModifier> -> <http://blulab.chpc.utah.edu/ontologies/v2/ConText.owl#BodySite> -> <http://blulab.chpc.utah.edu/ontologies/schema/endo/colonoscopyQuality.owl#Colon_structure> -> <http://blulab.chpc.utah.edu/ontologies/schema/endo/colonoscopyQuality.owl#Entire_colon> -> <http://blulab.chpc.utah.edu/ontologies/schema/endo/colonoscopyQuality.owl#Colonic_serosa> -> <http://blulab.chpc.utah.edu/ontologies/schema/endo/colonoscopyQuality.owl#Connective_tissue_of_visceral_peritoneum>, <http://blulab.chpc.utah.edu/ontologies/v2/ConText.owl#Lexicon> -> <http://blulab.chpc.utah.edu/ontologies/v2/ConText.owl#Modifier> -> <http://blulab.chpc.utah.edu/ontologies/v2/ConText.owl#SemanticModifier> -> <http://blulab.chpc.utah.edu/ontologies/v2/ConText.owl#BodySite> -> <http://blulab.chpc.utah.edu/ontologies/schema/endo/colonoscopyQuality.owl#Colon_structure> -> <http://blulab.chpc.utah.edu/ontologies/schema/endo/colonoscopyQuality.owl#Cecum> -> <http://blulab.chpc.utah.edu/ontologies/schema/endo/colonoscopyQuality.owl#Wall_of_cecum> -> <http://blulab.chpc.utah.edu/ontologies/schema/endo/colonoscopyQuality.owl#Serosa_of_cecum> -> <http://blulab.chpc.utah.edu/ontologies/schema/endo/colonoscopyQuality.owl#Connective_tissue_of_visceral_peritoneum>, <http://blulab.chpc.utah.edu/ontologies/v2/ConText.owl#Lexicon> -> <http://blulab.chpc.utah.edu/ontologies/v2/ConText.owl#Modifier> -> <http://blulab.chpc.utah.edu/ontologies/v2/ConText.owl#SemanticModifier> -> <http://blulab.chpc.utah.edu/ontologies/v2/ConText.owl#BodySite> -> <http://blulab.chpc.utah.edu/ontologies/schema/endo/colonoscopyQuality.owl#Colon_structure> -> <http://blulab.chpc.utah.edu/ontologies/schema/endo/colonoscopyQuality.owl#Descending_colon> -> <http://blulab.chpc.utah.edu/ontologies/schema/endo/colonoscopyQuality.owl#Wall_of_descending_colon> -> <http://blulab.chpc.utah.edu/ontologies/schema/endo/colonoscopyQuality.owl#Serosa_of_descending_colon> -> <http://blulab.chpc.utah.edu/ontologies/schema/endo/colonoscopyQuality.owl#Connective_tissue_of_visceral_peritoneum>, <http://blulab.chpc.utah.edu/ontologies/v2/ConText.owl#Lexicon> -> <http://blulab.chpc.utah.edu/ontologies/v2/ConText.owl#Modifier> -> <http://blulab.chpc.utah.edu/ontologies/v2/ConText.owl#SemanticModifier> -> <http://blulab.chpc.utah.edu/ontologies/v2/ConText.owl#BodySite> -> <http://blulab.chpc.utah.edu/ontologies/schema/endo/colonoscopyQuality.owl#Colon_structure> -> <http://blulab.chpc.utah.edu/ontologies/schema/endo/colonoscopyQuality.owl#Left_colon> -> <http://blulab.chpc.utah.edu/ontologies/schema/endo/colonoscopyQuality.owl#Entire_left_colon> -> <http://blulab.chpc.utah.edu/ontologies/schema/endo/colonoscopyQuality.owl#Descending_colon> -> <http://blulab.chpc.utah.edu/ontologies/schema/endo/colonoscopyQuality.owl#Wall_of_descending_colon> -> <http://blulab.chpc.utah.edu/ontologies/schema/endo/colonoscopyQuality.owl#Serosa_of_descending_colon> -> <http://blulab.chpc.utah.edu/ontologies/schema/endo/colonoscopyQuality.owl#Connective_tissue_of_visceral_peritoneum>, <http://blulab.chpc.utah.edu/ontologies/v2/ConText.owl#Lexicon> -> <http://blulab.chpc.utah.edu/ontologies/v2/ConText.owl#Modifier> -> <http://blulab.chpc.utah.edu/ontologies/v2/ConText.owl#SemanticModifier> -> <http://blulab.chpc.utah.edu/ontologies/v2/ConText.owl#BodySite> -> <http://blulab.chpc.utah.edu/ontologies/schema/endo/colonoscopyQuality.owl#Colon_structure> -> <http://blulab.chpc.utah.edu/ontologies/schema/endo/colonoscopyQuality.owl#Entire_colon> -> <http://blulab.chpc.utah.edu/ontologies/schema/endo/colonoscopyQuality.owl#Left_colon> -> <http://blulab.chpc.utah.edu/ontologies/schema/endo/colonoscopyQuality.owl#Entire_left_colon> -> <http://blulab.chpc.utah.edu/ontologies/schema/endo/colonoscopyQuality.owl#Descending_colon> -> <http://blulab.chpc.utah.edu/ontologies/schema/endo/colonoscopyQuality.owl#Wall_of_descending_colon> -> <http://blulab.chpc.utah.edu/ontologies/schema/endo/colonoscopyQuality.owl#Serosa_of_descending_colon> -> <http://blulab.chpc.utah.edu/ontologies/schema/endo/colonoscopyQuality.owl#Connective_tissue_of_visceral_peritoneum>, <http://blulab.chpc.utah.edu/ontologies/v2/ConText.owl#Lexicon> -> <http://blulab.chpc.utah.edu/ontologies/v2/ConText.owl#Modifier> -> <http://blulab.chpc.utah.edu/ontologies/v2/ConText.owl#SemanticModifier> -> <http://blulab.chpc.utah.edu/ontologies/v2/ConText.owl#BodySite> -> <http://blulab.chpc.utah.edu/ontologies/schema/endo/colonoscopyQuality.owl#Colon_structure> -> <http://blulab.chpc.utah.edu/ontologies/schema/endo/colonoscopyQuality.owl#Entire_colon> -> <http://blulab.chpc.utah.edu/ontologies/schema/endo/colonoscopyQuality.owl#Left_colon> -> <http://blulab.chpc.utah.edu/ontologies/schema/endo/colonoscopyQuality.owl#Descending_colon> -> <http://blulab.chpc.utah.edu/ontologies/schema/endo/colonoscopyQuality.owl#Wall_of_descending_colon> -> <http://blulab.chpc.utah.edu/ontologies/schema/endo/colonoscopyQuality.owl#Serosa_of_descending_colon> -> <http://blulab.chpc.utah.edu/ontologies/schema/endo/colonoscopyQuality.owl#Connective_tissue_of_visceral_peritoneum>, <http://blulab.chpc.utah.edu/ontologies/v2/ConText.owl#Lexicon> -> <http://blulab.chpc.utah.edu/ontologies/v2/ConText.owl#Modifier> -> <http://blulab.chpc.utah.edu/ontologies/v2/ConText.owl#SemanticModifier> -> <http://blulab.chpc.utah.edu/ontologies/v2/ConText.owl#BodySite> -> <http://blulab.chpc.utah.edu/ontologies/schema/endo/colonoscopyQuality.owl#Colon_structure> -> <http://blulab.chpc.utah.edu/ontologies/schema/endo/colonoscopyQuality.owl#Left_colon> -> <http://blulab.chpc.utah.edu/ontologies/schema/endo/colonoscopyQuality.owl#Descending_colon> -> <http://blulab.chpc.utah.edu/ontologies/schema/endo/colonoscopyQuality.owl#Wall_of_descending_colon> -> <http://blulab.chpc.utah.edu/ontologies/schema/endo/colonoscopyQuality.owl#Serosa_of_descending_colon> -> <http://blulab.chpc.utah.edu/ontologies/schema/endo/colonoscopyQuality.owl#Connective_tissue_of_visceral_peritoneum>, <http://blulab.chpc.utah.edu/ontologies/v2/ConText.owl#Lexicon> -> <http://blulab.chpc.utah.edu/ontologies/v2/ConText.owl#Modifier> -> <http://blulab.chpc.utah.edu/ontologies/v2/ConText.owl#SemanticModifier> -> <http://blulab.chpc.utah.edu/ontologies/v2/ConText.owl#BodySite> -> <http://blulab.chpc.utah.edu/ontologies/schema/endo/colonoscopyQuality.owl#Colon_structure> -> <http://blulab.chpc.utah.edu/ontologies/schema/endo/colonoscopyQuality.owl#Region_of_colon> -> <http://blulab.chpc.utah.edu/ontologies/schema/endo/colonoscopyQuality.owl#Descending_colon> -> <http://blulab.chpc.utah.edu/ontologies/schema/endo/colonoscopyQuality.owl#Wall_of_descending_colon> -> <http://blulab.chpc.utah.edu/ontologies/schema/endo/colonoscopyQuality.owl#Serosa_of_descending_colon> -> <http://blulab.chpc.utah.edu/ontologies/schema/endo/colonoscopyQuality.owl#Connective_tissue_of_visceral_peritoneum>, <http://blulab.chpc.utah.edu/ontologies/v2/ConText.owl#Lexicon> -> <http://blulab.chpc.utah.edu/ontologies/v2/ConText.owl#Modifier> -> <http://blulab.chpc.utah.edu/ontologies/v2/ConText.owl#SemanticModifier> -> <http://blulab.chpc.utah.edu/ontologies/v2/ConText.owl#BodySite> -> <http://blulab.chpc.utah.edu/ontologies/schema/endo/colonoscopyQuality.owl#ileum> -> <http://blulab.chpc.utah.edu/ontologies/schema/endo/colonoscopyQuality.owl#Region_of_ileum> -> <http://blulab.chpc.utah.edu/ontologies/schema/endo/colonoscopyQuality.owl#Wall_of_ileum> -> <http://blulab.chpc.utah.edu/ontologies/schema/endo/colonoscopyQuality.owl#Serosa_of_ileum> -> <http://blulab.chpc.utah.edu/ontologies/schema/endo/colonoscopyQuality.owl#Connective_tissue_of_visceral_peritoneum>, <http://blulab.chpc.utah.edu/ontologies/v2/ConText.owl#Lexicon> -> <http://blulab.chpc.utah.edu/ontologies/v2/ConText.owl#Modifier> -> <http://blulab.chpc.utah.edu/ontologies/v2/ConText.owl#SemanticModifier> -> <http://blulab.chpc.utah.edu/ontologies/v2/ConText.owl#BodySite> -> <http://blulab.chpc.utah.edu/ontologies/schema/endo/colonoscopyQuality.owl#ileum> -> <http://blulab.chpc.utah.edu/ontologies/schema/endo/colonoscopyQuality.owl#Wall_of_ileum> -> <http://blulab.chpc.utah.edu/ontologies/schema/endo/colonoscopyQuality.owl#Serosa_of_ileum> -> <http://blulab.chpc.utah.edu/ontologies/schema/endo/colonoscopyQuality.owl#Connective_tissue_of_visceral_peritoneum>, <http://blulab.chpc.utah.edu/ontologies/v2/ConText.owl#Lexicon> -> <http://blulab.chpc.utah.edu/ontologies/v2/ConText.owl#Modifier> -> <http://blulab.chpc.utah.edu/ontologies/v2/ConText.owl#SemanticModifier> -> <http://blulab.chpc.utah.edu/ontologies/v2/ConText.owl#BodySite> -> <http://blulab.chpc.utah.edu/ontologies/schema/endo/colonoscopyQuality.owl#Colon_structure> -> <http://blulab.chpc.utah.edu/ontologies/schema/endo/colonoscopyQuality.owl#Sigmoid_colon> -> <http://blulab.chpc.utah.edu/ontologies/schema/endo/colonoscopyQuality.owl#Wall_of_sigmoid_colon> -> <http://blulab.chpc.utah.edu/ontologies/schema/endo/colonoscopyQuality.owl#Serosa_of_sigmoid_colon> -> <http://blulab.chpc.utah.edu/ontologies/schema/endo/colonoscopyQuality.owl#Connective_tissue_of_visceral_peritoneum>, <http://blulab.chpc.utah.edu/ontologies/v2/ConText.owl#Lexicon> -> <http://blulab.chpc.utah.edu/ontologies/v2/ConText.owl#Modifier> -> <http://blulab.chpc.utah.edu/ontologies/v2/ConText.owl#SemanticModifier> -> <http://blulab.chpc.utah.edu/ontologies/v2/ConText.owl#BodySite> -> <http://blulab.chpc.utah.edu/ontologies/schema/endo/colonoscopyQuality.owl#Colon_structure> -> <http://blulab.chpc.utah.edu/ontologies/schema/endo/colonoscopyQuality.owl#Entire_colon> -> <http://blulab.chpc.utah.edu/ontologies/schema/endo/colonoscopyQuality.owl#Sigmoid_colon> -> <http://blulab.chpc.utah.edu/ontologies/schema/endo/colonoscopyQuality.owl#Wall_of_sigmoid_colon> -> <http://blulab.chpc.utah.edu/ontologies/schema/endo/colonoscopyQuality.owl#Serosa_of_sigmoid_colon> -> <http://blulab.chpc.utah.edu/ontologies/schema/endo/colonoscopyQuality.owl#Connective_tissue_of_visceral_peritoneum>, <http://blulab.chpc.utah.edu/ontologies/v2/ConText.owl#Lexicon> -> <http://blulab.chpc.utah.edu/ontologies/v2/ConText.owl#Modifier> -> <http://blulab.chpc.utah.edu/ontologies/v2/ConText.owl#SemanticModifier> -> <http://blulab.chpc.utah.edu/ontologies/v2/ConText.owl#BodySite> -> <http://blulab.chpc.utah.edu/ontologies/schema/endo/colonoscopyQuality.owl#Colon_structure> -> <http://blulab.chpc.utah.edu/ontologies/schema/endo/colonoscopyQuality.owl#Region_of_colon> -> <http://blulab.chpc.utah.edu/ontologies/schema/endo/colonoscopyQuality.owl#Sigmoid_colon> -> <http://blulab.chpc.utah.edu/ontologies/schema/endo/colonoscopyQuality.owl#Wall_of_sigmoid_colon> -> <http://blulab.chpc.utah.edu/ontologies/schema/endo/colonoscopyQuality.owl#Serosa_of_sigmoid_colon> -> <http://blulab.chpc.utah.edu/ontologies/schema/endo/colonoscopyQuality.owl#Connective_tissue_of_visceral_peritoneum>, <http://blulab.chpc.utah.edu/ontologies/v2/ConText.owl#Lexicon> -> <http://blulab.chpc.utah.edu/ontologies/v2/ConText.owl#Modifier> -> <http://blulab.chpc.utah.edu/ontologies/v2/ConText.owl#SemanticModifier> -> <http://blulab.chpc.utah.edu/ontologies/v2/ConText.owl#BodySite> -> <http://blulab.chpc.utah.edu/ontologies/schema/endo/colonoscopyQuality.owl#Colon_structure> -> <http://blulab.chpc.utah.edu/ontologies/schema/endo/colonoscopyQuality.owl#Transverse_colon> -> <http://blulab.chpc.utah.edu/ontologies/schema/endo/colonoscopyQuality.owl#Wall_of_transverse_colon> -> <http://blulab.chpc.utah.edu/ontologies/schema/endo/colonoscopyQuality.owl#Serosa_of_transverse_colon> -> <http://blulab.chpc.utah.edu/ontologies/schema/endo/colonoscopyQuality.owl#Connective_tissue_of_visceral_peritoneum>, <http://blulab.chpc.utah.edu/ontologies/v2/ConText.owl#Lexicon> -> <http://blulab.chpc.utah.edu/ontologies/v2/ConText.owl#Modifier> -> <http://blulab.chpc.utah.edu/ontologies/v2/ConText.owl#SemanticModifier> -> <http://blulab.chpc.utah.edu/ontologies/v2/ConText.owl#BodySite> -> <http://blulab.chpc.utah.edu/ontologies/schema/endo/colonoscopyQuality.owl#Colon_structure> -> <http://blulab.chpc.utah.edu/ontologies/schema/endo/colonoscopyQuality.owl#Entire_colon> -> <http://blulab.chpc.utah.edu/ontologies/schema/endo/colonoscopyQuality.owl#Transverse_colon> -> <http://blulab.chpc.utah.edu/ontologies/schema/endo/colonoscopyQuality.owl#Wall_of_transverse_colon> -> <http://blulab.chpc.utah.edu/ontologies/schema/endo/colonoscopyQuality.owl#Serosa_of_transverse_colon> -> <http://blulab.chpc.utah.edu/ontologies/schema/endo/colonoscopyQuality.owl#Connective_tissue_of_visceral_peritoneum>, <http://blulab.chpc.utah.edu/ontologies/v2/ConText.owl#Lexicon> -> <http://blulab.chpc.utah.edu/ontologies/v2/ConText.owl#Modifier> -> <http://blulab.chpc.utah.edu/ontologies/v2/ConText.owl#SemanticModifier> -> <http://blulab.chpc.utah.edu/ontologies/v2/ConText.owl#BodySite> -> <http://blulab.chpc.utah.edu/ontologies/schema/endo/colonoscopyQuality.owl#Colon_structure> -> <http://blulab.chpc.utah.edu/ontologies/schema/endo/colonoscopyQuality.owl#Region_of_colon> -> <http://blulab.chpc.utah.edu/ontologies/schema/endo/colonoscopyQuality.owl#Transverse_colon> -> <http://blulab.chpc.utah.edu/ontologies/schema/endo/colonoscopyQuality.owl#Wall_of_transverse_colon> -> <http://blulab.chpc.utah.edu/ontologies/schema/endo/colonoscopyQuality.owl#Serosa_of_transverse_colon> -> <http://blulab.chpc.utah.edu/ontologies/schema/endo/colonoscopyQuality.owl#Connective_tissue_of_visceral_peritoneum>, <http://blulab.chpc.utah.edu/ontologies/v2/ConText.owl#Lexicon> -> <http://blulab.chpc.utah.edu/ontologies/v2/ConText.owl#Modifier> -> <http://blulab.chpc.utah.edu/ontologies/v2/ConText.owl#SemanticModifier> -> <http://blulab.chpc.utah.edu/ontologies/v2/ConText.owl#BodySite> -> <http://blulab.chpc.utah.edu/ontologies/schema/endo/colonoscopyQuality.owl#Colon_structure> -> <http://blulab.chpc.utah.edu/ontologies/schema/endo/colonoscopyQuality.owl#Cecum> -> <http://blulab.chpc.utah.edu/ontologies/schema/endo/colonoscopyQuality.owl#Appendix> -> <http://blulab.chpc.utah.edu/ontologies/schema/endo/colonoscopyQuality.owl#Wall_of_appendix> -> <http://blulab.chpc.utah.edu/ontologies/schema/endo/colonoscopyQuality.owl#Appendiceal_serosa> -> <http://blulab.chpc.utah.edu/ontologies/schema/endo/colonoscopyQuality.owl#Connective_tissue_of_visceral_peritoneum>, <http://blulab.chpc.utah.edu/ontologies/v2/ConText.owl#Lexicon> -> <http://blulab.chpc.utah.edu/ontologies/v2/ConText.owl#Modifier> -> <http://blulab.chpc.utah.edu/ontologies/v2/ConText.owl#SemanticModifier> -> <http://blulab.chpc.utah.edu/ontologies/v2/ConText.owl#BodySite> -> <http://blulab.chpc.utah.edu/ontologies/schema/endo/colonoscopyQuality.owl#Colon_structure> -> <http://blulab.chpc.utah.edu/ontologies/schema/endo/colonoscopyQuality.owl#Appendix> -> <http://blulab.chpc.utah.edu/ontologies/schema/endo/colonoscopyQuality.owl#Wall_of_appendix> -> <http://blulab.chpc.utah.edu/ontologies/schema/endo/colonoscopyQuality.owl#Appendiceal_serosa> -> <http://blulab.chpc.utah.edu/ontologies/schema/endo/colonoscopyQuality.owl#Connective_tissue_of_visceral_peritoneum>, <http://blulab.chpc.utah.edu/ontologies/v2/ConText.owl#Lexicon> -> <http://blulab.chpc.utah.edu/ontologies/v2/ConText.owl#Modifier> -> <http://blulab.chpc.utah.edu/ontologies/v2/ConText.owl#SemanticModifier> -> <http://blulab.chpc.utah.edu/ontologies/v2/ConText.owl#BodySite> -> <http://blulab.chpc.utah.edu/ontologies/schema/endo/colonoscopyQuality.owl#Colon_structure> -> <http://blulab.chpc.utah.edu/ontologies/schema/endo/colonoscopyQuality.owl#Appendix> -> <http://blulab.chpc.utah.edu/ontologies/schema/endo/colonoscopyQuality.owl#Entire_appendix> -> <http://blulab.chpc.utah.edu/ontologies/schema/endo/colonoscopyQuality.owl#Appendiceal_serosa> -> <http://blulab.chpc.utah.edu/ontologies/schema/endo/colonoscopyQuality.owl#Connective_tissue_of_visceral_peritoneum>]]

	Modifier: Mesothelium_of_serosa_of_ileum, uri=http://blulab.chpc.utah.edu/ontologies/schema/endo/colonoscopyQuality.owl#Mesothelium_of_serosa_of_ileum, type= Semantic, classPath= [<http://blulab.chpc.utah.edu/ontologies/v2/ConText.owl#Lexicon> -> <http://blulab.chpc.utah.edu/ontologies/v2/ConText.owl#Modifier> -> <http://blulab.chpc.utah.edu/ontologies/v2/ConText.owl#SemanticModifier> -> <http://blulab.chpc.utah.edu/ontologies/v2/ConText.owl#BodySite> -> <http://blulab.chpc.utah.edu/ontologies/schema/endo/colonoscopyQuality.owl#ileum> -> <http://blulab.chpc.utah.edu/ontologies/schema/endo/colonoscopyQuality.owl#Region_of_ileum> -> <http://blulab.chpc.utah.edu/ontologies/schema/endo/colonoscopyQuality.owl#Wall_of_ileum> -> <http://blulab.chpc.utah.edu/ontologies/schema/endo/colonoscopyQuality.owl#Serosa_of_ileum> -> <http://blulab.chpc.utah.edu/ontologies/schema/endo/colonoscopyQuality.owl#Mesothelium_of_serosa_of_ileum>, <http://blulab.chpc.utah.edu/ontologies/v2/ConText.owl#Lexicon> -> <http://blulab.chpc.utah.edu/ontologies/v2/ConText.owl#Modifier> -> <http://blulab.chpc.utah.edu/ontologies/v2/ConText.owl#SemanticModifier> -> <http://blulab.chpc.utah.edu/ontologies/v2/ConText.owl#BodySite> -> <http://blulab.chpc.utah.edu/ontologies/schema/endo/colonoscopyQuality.owl#ileum> -> <http://blulab.chpc.utah.edu/ontologies/schema/endo/colonoscopyQuality.owl#Wall_of_ileum> -> <http://blulab.chpc.utah.edu/ontologies/schema/endo/colonoscopyQuality.owl#Serosa_of_ileum> -> <http://blulab.chpc.utah.edu/ontologies/schema/endo/colonoscopyQuality.owl#Mesothelium_of_serosa_of_ileum>]]

	Modifier: Mesothelium_of_visceral_peritoneum, uri=http://blulab.chpc.utah.edu/ontologies/schema/endo/colonoscopyQuality.owl#Mesothelium_of_visceral_peritoneum, type= Semantic, classPath= [<http://blulab.chpc.utah.edu/ontologies/v2/ConText.owl#Lexicon> -> <http://blulab.chpc.utah.edu/ontologies/v2/ConText.owl#Modifier> -> <http://blulab.chpc.utah.edu/ontologies/v2/ConText.owl#SemanticModifier> -> <http://blulab.chpc.utah.edu/ontologies/v2/ConText.owl#BodySite> -> <http://blulab.chpc.utah.edu/ontologies/schema/endo/colonoscopyQuality.owl#Colon_structure> -> <http://blulab.chpc.utah.edu/ontologies/schema/endo/colonoscopyQuality.owl#Cecum> -> <http://blulab.chpc.utah.edu/ontologies/schema/endo/colonoscopyQuality.owl#Appendix> -> <http://blulab.chpc.utah.edu/ontologies/schema/endo/colonoscopyQuality.owl#Entire_appendix> -> <http://blulab.chpc.utah.edu/ontologies/schema/endo/colonoscopyQuality.owl#Appendiceal_serosa> -> <http://blulab.chpc.utah.edu/ontologies/schema/endo/colonoscopyQuality.owl#Mesothelium_of_visceral_peritoneum>, <http://blulab.chpc.utah.edu/ontologies/v2/ConText.owl#Lexicon> -> <http://blulab.chpc.utah.edu/ontologies/v2/ConText.owl#Modifier> -> <http://blulab.chpc.utah.edu/ontologies/v2/ConText.owl#SemanticModifier> -> <http://blulab.chpc.utah.edu/ontologies/v2/ConText.owl#BodySite> -> <http://blulab.chpc.utah.edu/ontologies/schema/endo/colonoscopyQuality.owl#Colon_structure> -> <http://blulab.chpc.utah.edu/ontologies/schema/endo/colonoscopyQuality.owl#Wall_of_colon> -> <http://blulab.chpc.utah.edu/ontologies/schema/endo/colonoscopyQuality.owl#Colonic_serosa> -> <http://blulab.chpc.utah.edu/ontologies/schema/endo/colonoscopyQuality.owl#Mesothelium_of_visceral_peritoneum>, <http://blulab.chpc.utah.edu/ontologies/v2/ConText.owl#Lexicon> -> <http://blulab.chpc.utah.edu/ontologies/v2/ConText.owl#Modifier> -> <http://blulab.chpc.utah.edu/ontologies/v2/ConText.owl#SemanticModifier> -> <http://blulab.chpc.utah.edu/ontologies/v2/ConText.owl#BodySite> -> <http://blulab.chpc.utah.edu/ontologies/schema/endo/colonoscopyQuality.owl#Colon_structure> -> <http://blulab.chpc.utah.edu/ontologies/schema/endo/colonoscopyQuality.owl#Entire_colon> -> <http://blulab.chpc.utah.edu/ontologies/schema/endo/colonoscopyQuality.owl#Colonic_serosa> -> <http://blulab.chpc.utah.edu/ontologies/schema/endo/colonoscopyQuality.owl#Mesothelium_of_visceral_peritoneum>, <http://blulab.chpc.utah.edu/ontologies/v2/ConText.owl#Lexicon> -> <http://blulab.chpc.utah.edu/ontologies/v2/ConText.owl#Modifier> -> <http://blulab.chpc.utah.edu/ontologies/v2/ConText.owl#SemanticModifier> -> <http://blulab.chpc.utah.edu/ontologies/v2/ConText.owl#BodySite> -> <http://blulab.chpc.utah.edu/ontologies/schema/endo/colonoscopyQuality.owl#Colon_structure> -> <http://blulab.chpc.utah.edu/ontologies/schema/endo/colonoscopyQuality.owl#Cecum> -> <http://blulab.chpc.utah.edu/ontologies/schema/endo/colonoscopyQuality.owl#Wall_of_cecum> -> <http://blulab.chpc.utah.edu/ontologies/schema/endo/colonoscopyQuality.owl#Serosa_of_cecum> -> <http://blulab.chpc.utah.edu/ontologies/schema/endo/colonoscopyQuality.owl#Mesothelium_of_visceral_peritoneum>, <http://blulab.chpc.utah.edu/ontologies/v2/ConText.owl#Lexicon> -> <http://blulab.chpc.utah.edu/ontologies/v2/ConText.owl#Modifier> -> <http://blulab.chpc.utah.edu/ontologies/v2/ConText.owl#SemanticModifier> -> <http://blulab.chpc.utah.edu/ontologies/v2/ConText.owl#BodySite> -> <http://blulab.chpc.utah.edu/ontologies/schema/endo/colonoscopyQuality.owl#Colon_structure> -> <http://blulab.chpc.utah.edu/ontologies/schema/endo/colonoscopyQuality.owl#Descending_colon> -> <http://blulab.chpc.utah.edu/ontologies/schema/endo/colonoscopyQuality.owl#Wall_of_descending_colon> -> <http://blulab.chpc.utah.edu/ontologies/schema/endo/colonoscopyQuality.owl#Serosa_of_descending_colon> -> <http://blulab.chpc.utah.edu/ontologies/schema/endo/colonoscopyQuality.owl#Mesothelium_of_visceral_peritoneum>, <http://blulab.chpc.utah.edu/ontologies/v2/ConText.owl#Lexicon> -> <http://blulab.chpc.utah.edu/ontologies/v2/ConText.owl#Modifier> -> <http://blulab.chpc.utah.edu/ontologies/v2/ConText.owl#SemanticModifier> -> <http://blulab.chpc.utah.edu/ontologies/v2/ConText.owl#BodySite> -> <http://blulab.chpc.utah.edu/ontologies/schema/endo/colonoscopyQuality.owl#Colon_structure> -> <http://blulab.chpc.utah.edu/ontologies/schema/endo/colonoscopyQuality.owl#Left_colon> -> <http://blulab.chpc.utah.edu/ontologies/schema/endo/colonoscopyQuality.owl#Entire_left_colon> -> <http://blulab.chpc.utah.edu/ontologies/schema/endo/colonoscopyQuality.owl#Descending_colon> -> <http://blulab.chpc.utah.edu/ontologies/schema/endo/colonoscopyQuality.owl#Wall_of_descending_colon> -> <http://blulab.chpc.utah.edu/ontologies/schema/endo/colonoscopyQuality.owl#Serosa_of_descending_colon> -> <http://blulab.chpc.utah.edu/ontologies/schema/endo/colonoscopyQuality.owl#Mesothelium_of_visceral_peritoneum>, <http://blulab.chpc.utah.edu/ontologies/v2/ConText.owl#Lexicon> -> <http://blulab.chpc.utah.edu/ontologies/v2/ConText.owl#Modifier> -> <http://blulab.chpc.utah.edu/ontologies/v2/ConText.owl#SemanticModifier> -> <http://blulab.chpc.utah.edu/ontologies/v2/ConText.owl#BodySite> -> <http://blulab.chpc.utah.edu/ontologies/schema/endo/colonoscopyQuality.owl#Colon_structure> -> <http://blulab.chpc.utah.edu/ontologies/schema/endo/colonoscopyQuality.owl#Entire_colon> -> <http://blulab.chpc.utah.edu/ontologies/schema/endo/colonoscopyQuality.owl#Left_colon> -> <http://blulab.chpc.utah.edu/ontologies/schema/endo/colonoscopyQuality.owl#Entire_left_colon> -> <http://blulab.chpc.utah.edu/ontologies/schema/endo/colonoscopyQuality.owl#Descending_colon> -> <http://blulab.chpc.utah.edu/ontologies/schema/endo/colonoscopyQuality.owl#Wall_of_descending_colon> -> <http://blulab.chpc.utah.edu/ontologies/schema/endo/colonoscopyQuality.owl#Serosa_of_descending_colon> -> <http://blulab.chpc.utah.edu/ontologies/schema/endo/colonoscopyQuality.owl#Mesothelium_of_visceral_peritoneum>, <http://blulab.chpc.utah.edu/ontologies/v2/ConText.owl#Lexicon> -> <http://blulab.chpc.utah.edu/ontologies/v2/ConText.owl#Modifier> -> <http://blulab.chpc.utah.edu/ontologies/v2/ConText.owl#SemanticModifier> -> <http://blulab.chpc.utah.edu/ontologies/v2/ConText.owl#BodySite> -> <http://blulab.chpc.utah.edu/ontologies/schema/endo/colonoscopyQuality.owl#Colon_structure> -> <http://blulab.chpc.utah.edu/ontologies/schema/endo/colonoscopyQuality.owl#Entire_colon> -> <http://blulab.chpc.utah.edu/ontologies/schema/endo/colonoscopyQuality.owl#Left_colon> -> <http://blulab.chpc.utah.edu/ontologies/schema/endo/colonoscopyQuality.owl#Descending_colon> -> <http://blulab.chpc.utah.edu/ontologies/schema/endo/colonoscopyQuality.owl#Wall_of_descending_colon> -> <http://blulab.chpc.utah.edu/ontologies/schema/endo/colonoscopyQuality.owl#Serosa_of_descending_colon> -> <http://blulab.chpc.utah.edu/ontologies/schema/endo/colonoscopyQuality.owl#Mesothelium_of_visceral_peritoneum>, <http://blulab.chpc.utah.edu/ontologies/v2/ConText.owl#Lexicon> -> <http://blulab.chpc.utah.edu/ontologies/v2/ConText.owl#Modifier> -> <http://blulab.chpc.utah.edu/ontologies/v2/ConText.owl#SemanticModifier> -> <http://blulab.chpc.utah.edu/ontologies/v2/ConText.owl#BodySite> -> <http://blulab.chpc.utah.edu/ontologies/schema/endo/colonoscopyQuality.owl#Colon_structure> -> <http://blulab.chpc.utah.edu/ontologies/schema/endo/colonoscopyQuality.owl#Left_colon> -> <http://blulab.chpc.utah.edu/ontologies/schema/endo/colonoscopyQuality.owl#Descending_colon> -> <http://blulab.chpc.utah.edu/ontologies/schema/endo/colonoscopyQuality.owl#Wall_of_descending_colon> -> <http://blulab.chpc.utah.edu/ontologies/schema/endo/colonoscopyQuality.owl#Serosa_of_descending_colon> -> <http://blulab.chpc.utah.edu/ontologies/schema/endo/colonoscopyQuality.owl#Mesothelium_of_visceral_peritoneum>, <http://blulab.chpc.utah.edu/ontologies/v2/ConText.owl#Lexicon> -> <http://blulab.chpc.utah.edu/ontologies/v2/ConText.owl#Modifier> -> <http://blulab.chpc.utah.edu/ontologies/v2/ConText.owl#SemanticModifier> -> <http://blulab.chpc.utah.edu/ontologies/v2/ConText.owl#BodySite> -> <http://blulab.chpc.utah.edu/ontologies/schema/endo/colonoscopyQuality.owl#Colon_structure> -> <http://blulab.chpc.utah.edu/ontologies/schema/endo/colonoscopyQuality.owl#Region_of_colon> -> <http://blulab.chpc.utah.edu/ontologies/schema/endo/colonoscopyQuality.owl#Descending_colon> -> <http://blulab.chpc.utah.edu/ontologies/schema/endo/colonoscopyQuality.owl#Wall_of_descending_colon> -> <http://blulab.chpc.utah.edu/ontologies/schema/endo/colonoscopyQuality.owl#Serosa_of_descending_colon> -> <http://blulab.chpc.utah.edu/ontologies/schema/endo/colonoscopyQuality.owl#Mesothelium_of_visceral_peritoneum>, <http://blulab.chpc.utah.edu/ontologies/v2/ConText.owl#Lexicon> -> <http://blulab.chpc.utah.edu/ontologies/v2/ConText.owl#Modifier> -> <http://blulab.chpc.utah.edu/ontologies/v2/ConText.owl#SemanticModifier> -> <http://blulab.chpc.utah.edu/ontologies/v2/ConText.owl#BodySite> -> <http://blulab.chpc.utah.edu/ontologies/schema/endo/colonoscopyQuality.owl#ileum> -> <http://blulab.chpc.utah.edu/ontologies/schema/endo/colonoscopyQuality.owl#Region_of_ileum> -> <http://blulab.chpc.utah.edu/ontologies/schema/endo/colonoscopyQuality.owl#Wall_of_ileum> -> <http://blulab.chpc.utah.edu/ontologies/schema/endo/colonoscopyQuality.owl#Serosa_of_ileum> -> <http://blulab.chpc.utah.edu/ontologies/schema/endo/colonoscopyQuality.owl#Mesothelium_of_visceral_peritoneum>, <http://blulab.chpc.utah.edu/ontologies/v2/ConText.owl#Lexicon> -> <http://blulab.chpc.utah.edu/ontologies/v2/ConText.owl#Modifier> -> <http://blulab.chpc.utah.edu/ontologies/v2/ConText.owl#SemanticModifier> -> <http://blulab.chpc.utah.edu/ontologies/v2/ConText.owl#BodySite> -> <http://blulab.chpc.utah.edu/ontologies/schema/endo/colonoscopyQuality.owl#ileum> -> <http://blulab.chpc.utah.edu/ontologies/schema/endo/colonoscopyQuality.owl#Wall_of_ileum> -> <http://blulab.chpc.utah.edu/ontologies/schema/endo/colonoscopyQuality.owl#Serosa_of_ileum> -> <http://blulab.chpc.utah.edu/ontologies/schema/endo/colonoscopyQuality.owl#Mesothelium_of_visceral_peritoneum>, <http://blulab.chpc.utah.edu/ontologies/v2/ConText.owl#Lexicon> -> <http://blulab.chpc.utah.edu/ontologies/v2/ConText.owl#Modifier> -> <http://blulab.chpc.utah.edu/ontologies/v2/ConText.owl#SemanticModifier> -> <http://blulab.chpc.utah.edu/ontologies/v2/ConText.owl#BodySite> -> <http://blulab.chpc.utah.edu/ontologies/schema/endo/colonoscopyQuality.owl#Colon_structure> -> <http://blulab.chpc.utah.edu/ontologies/schema/endo/colonoscopyQuality.owl#Sigmoid_colon> -> <http://blulab.chpc.utah.edu/ontologies/schema/endo/colonoscopyQuality.owl#Wall_of_sigmoid_colon> -> <http://blulab.chpc.utah.edu/ontologies/schema/endo/colonoscopyQuality.owl#Serosa_of_sigmoid_colon> -> <http://blulab.chpc.utah.edu/ontologies/schema/endo/colonoscopyQuality.owl#Mesothelium_of_visceral_peritoneum>, <http://blulab.chpc.utah.edu/ontologies/v2/ConText.owl#Lexicon> -> <http://blulab.chpc.utah.edu/ontologies/v2/ConText.owl#Modifier> -> <http://blulab.chpc.utah.edu/ontologies/v2/ConText.owl#SemanticModifier> -> <http://blulab.chpc.utah.edu/ontologies/v2/ConText.owl#BodySite> -> <http://blulab.chpc.utah.edu/ontologies/schema/endo/colonoscopyQuality.owl#Colon_structure> -> <http://blulab.chpc.utah.edu/ontologies/schema/endo/colonoscopyQuality.owl#Entire_colon> -> <http://blulab.chpc.utah.edu/ontologies/schema/endo/colonoscopyQuality.owl#Sigmoid_colon> -> <http://blulab.chpc.utah.edu/ontologies/schema/endo/colonoscopyQuality.owl#Wall_of_sigmoid_colon> -> <http://blulab.chpc.utah.edu/ontologies/schema/endo/colonoscopyQuality.owl#Serosa_of_sigmoid_colon> -> <http://blulab.chpc.utah.edu/ontologies/schema/endo/colonoscopyQuality.owl#Mesothelium_of_visceral_peritoneum>, <http://blulab.chpc.utah.edu/ontologies/v2/ConText.owl#Lexicon> -> <http://blulab.chpc.utah.edu/ontologies/v2/ConText.owl#Modifier> -> <http://blulab.chpc.utah.edu/ontologies/v2/ConText.owl#SemanticModifier> -> <http://blulab.chpc.utah.edu/ontologies/v2/ConText.owl#BodySite> -> <http://blulab.chpc.utah.edu/ontologies/schema/endo/colonoscopyQuality.owl#Colon_structure> -> <http://blulab.chpc.utah.edu/ontologies/schema/endo/colonoscopyQuality.owl#Region_of_colon> -> <http://blulab.chpc.utah.edu/ontologies/schema/endo/colonoscopyQuality.owl#Sigmoid_colon> -> <http://blulab.chpc.utah.edu/ontologies/schema/endo/colonoscopyQuality.owl#Wall_of_sigmoid_colon> -> <http://blulab.chpc.utah.edu/ontologies/schema/endo/colonoscopyQuality.owl#Serosa_of_sigmoid_colon> -> <http://blulab.chpc.utah.edu/ontologies/schema/endo/colonoscopyQuality.owl#Mesothelium_of_visceral_peritoneum>, <http://blulab.chpc.utah.edu/ontologies/v2/ConText.owl#Lexicon> -> <http://blulab.chpc.utah.edu/ontologies/v2/ConText.owl#Modifier> -> <http://blulab.chpc.utah.edu/ontologies/v2/ConText.owl#SemanticModifier> -> <http://blulab.chpc.utah.edu/ontologies/v2/ConText.owl#BodySite> -> <http://blulab.chpc.utah.edu/ontologies/schema/endo/colonoscopyQuality.owl#Colon_structure> -> <http://blulab.chpc.utah.edu/ontologies/schema/endo/colonoscopyQuality.owl#Transverse_colon> -> <http://blulab.chpc.utah.edu/ontologies/schema/endo/colonoscopyQuality.owl#Wall_of_transverse_colon> -> <http://blulab.chpc.utah.edu/ontologies/schema/endo/colonoscopyQuality.owl#Serosa_of_transverse_colon> -> <http://blulab.chpc.utah.edu/ontologies/schema/endo/colonoscopyQuality.owl#Mesothelium_of_visceral_peritoneum>, <http://blulab.chpc.utah.edu/ontologies/v2/ConText.owl#Lexicon> -> <http://blulab.chpc.utah.edu/ontologies/v2/ConText.owl#Modifier> -> <http://blulab.chpc.utah.edu/ontologies/v2/ConText.owl#SemanticModifier> -> <http://blulab.chpc.utah.edu/ontologies/v2/ConText.owl#BodySite> -> <http://blulab.chpc.utah.edu/ontologies/schema/endo/colonoscopyQuality.owl#Colon_structure> -> <http://blulab.chpc.utah.edu/ontologies/schema/endo/colonoscopyQuality.owl#Entire_colon> -> <http://blulab.chpc.utah.edu/ontologies/schema/endo/colonoscopyQuality.owl#Transverse_colon> -> <http://blulab.chpc.utah.edu/ontologies/schema/endo/colonoscopyQuality.owl#Wall_of_transverse_colon> -> <http://blulab.chpc.utah.edu/ontologies/schema/endo/colonoscopyQuality.owl#Serosa_of_transverse_colon> -> <http://blulab.chpc.utah.edu/ontologies/schema/endo/colonoscopyQuality.owl#Mesothelium_of_visceral_peritoneum>, <http://blulab.chpc.utah.edu/ontologies/v2/ConText.owl#Lexicon> -> <http://blulab.chpc.utah.edu/ontologies/v2/ConText.owl#Modifier> -> <http://blulab.chpc.utah.edu/ontologies/v2/ConText.owl#SemanticModifier> -> <http://blulab.chpc.utah.edu/ontologies/v2/ConText.owl#BodySite> -> <http://blulab.chpc.utah.edu/ontologies/schema/endo/colonoscopyQuality.owl#Colon_structure> -> <http://blulab.chpc.utah.edu/ontologies/schema/endo/colonoscopyQuality.owl#Region_of_colon> -> <http://blulab.chpc.utah.edu/ontologies/schema/endo/colonoscopyQuality.owl#Transverse_colon> -> <http://blulab.chpc.utah.edu/ontologies/schema/endo/colonoscopyQuality.owl#Wall_of_transverse_colon> -> <http://blulab.chpc.utah.edu/ontologies/schema/endo/colonoscopyQuality.owl#Serosa_of_transverse_colon> -> <http://blulab.chpc.utah.edu/ontologies/schema/endo/colonoscopyQuality.owl#Mesothelium_of_visceral_peritoneum>, <http://blulab.chpc.utah.edu/ontologies/v2/ConText.owl#Lexicon> -> <http://blulab.chpc.utah.edu/ontologies/v2/ConText.owl#Modifier> -> <http://blulab.chpc.utah.edu/ontologies/v2/ConText.owl#SemanticModifier> -> <http://blulab.chpc.utah.edu/ontologies/v2/ConText.owl#BodySite> -> <http://blulab.chpc.utah.edu/ontologies/schema/endo/colonoscopyQuality.owl#Colon_structure> -> <http://blulab.chpc.utah.edu/ontologies/schema/endo/colonoscopyQuality.owl#Cecum> -> <http://blulab.chpc.utah.edu/ontologies/schema/endo/colonoscopyQuality.owl#Appendix> -> <http://blulab.chpc.utah.edu/ontologies/schema/endo/colonoscopyQuality.owl#Wall_of_appendix> -> <http://blulab.chpc.utah.edu/ontologies/schema/endo/colonoscopyQuality.owl#Appendiceal_serosa> -> <http://blulab.chpc.utah.edu/ontologies/schema/endo/colonoscopyQuality.owl#Mesothelium_of_visceral_peritoneum>, <http://blulab.chpc.utah.edu/ontologies/v2/ConText.owl#Lexicon> -> <http://blulab.chpc.utah.edu/ontologies/v2/ConText.owl#Modifier> -> <http://blulab.chpc.utah.edu/ontologies/v2/ConText.owl#SemanticModifier> -> <http://blulab.chpc.utah.edu/ontologies/v2/ConText.owl#BodySite> -> <http://blulab.chpc.utah.edu/ontologies/schema/endo/colonoscopyQuality.owl#Colon_structure> -> <http://blulab.chpc.utah.edu/ontologies/schema/endo/colonoscopyQuality.owl#Appendix> -> <http://blulab.chpc.utah.edu/ontologies/schema/endo/colonoscopyQuality.owl#Wall_of_appendix> -> <http://blulab.chpc.utah.edu/ontologies/schema/endo/colonoscopyQuality.owl#Appendiceal_serosa> -> <http://blulab.chpc.utah.edu/ontologies/schema/endo/colonoscopyQuality.owl#Mesothelium_of_visceral_peritoneum>, <http://blulab.chpc.utah.edu/ontologies/v2/ConText.owl#Lexicon> -> <http://blulab.chpc.utah.edu/ontologies/v2/ConText.owl#Modifier> -> <http://blulab.chpc.utah.edu/ontologies/v2/ConText.owl#SemanticModifier> -> <http://blulab.chpc.utah.edu/ontologies/v2/ConText.owl#BodySite> -> <http://blulab.chpc.utah.edu/ontologies/schema/endo/colonoscopyQuality.owl#Colon_structure> -> <http://blulab.chpc.utah.edu/ontologies/schema/endo/colonoscopyQuality.owl#Appendix> -> <http://blulab.chpc.utah.edu/ontologies/schema/endo/colonoscopyQuality.owl#Entire_appendix> -> <http://blulab.chpc.utah.edu/ontologies/schema/endo/colonoscopyQuality.owl#Appendiceal_serosa> -> <http://blulab.chpc.utah.edu/ontologies/schema/endo/colonoscopyQuality.owl#Mesothelium_of_visceral_peritoneum>]]

	Modifier: Subserosa_of_ileum, uri=http://blulab.chpc.utah.edu/ontologies/schema/endo/colonoscopyQuality.owl#Subserosa_of_ileum, type= Semantic, classPath= [<http://blulab.chpc.utah.edu/ontologies/v2/ConText.owl#Lexicon> -> <http://blulab.chpc.utah.edu/ontologies/v2/ConText.owl#Modifier> -> <http://blulab.chpc.utah.edu/ontologies/v2/ConText.owl#SemanticModifier> -> <http://blulab.chpc.utah.edu/ontologies/v2/ConText.owl#BodySite> -> <http://blulab.chpc.utah.edu/ontologies/schema/endo/colonoscopyQuality.owl#ileum> -> <http://blulab.chpc.utah.edu/ontologies/schema/endo/colonoscopyQuality.owl#Region_of_ileum> -> <http://blulab.chpc.utah.edu/ontologies/schema/endo/colonoscopyQuality.owl#Wall_of_ileum> -> <http://blulab.chpc.utah.edu/ontologies/schema/endo/colonoscopyQuality.owl#Subserosa_of_ileum>, <http://blulab.chpc.utah.edu/ontologies/v2/ConText.owl#Lexicon> -> <http://blulab.chpc.utah.edu/ontologies/v2/ConText.owl#Modifier> -> <http://blulab.chpc.utah.edu/ontologies/v2/ConText.owl#SemanticModifier> -> <http://blulab.chpc.utah.edu/ontologies/v2/ConText.owl#BodySite> -> <http://blulab.chpc.utah.edu/ontologies/schema/endo/colonoscopyQuality.owl#ileum> -> <http://blulab.chpc.utah.edu/ontologies/schema/endo/colonoscopyQuality.owl#Wall_of_ileum> -> <http://blulab.chpc.utah.edu/ontologies/schema/endo/colonoscopyQuality.owl#Subserosa_of_ileum>]]

	Modifier: Wall_of_distal_part_of_ileum, uri=http://blulab.chpc.utah.edu/ontologies/schema/endo/colonoscopyQuality.owl#Wall_of_distal_part_of_ileum, type= Semantic, classPath= [<http://blulab.chpc.utah.edu/ontologies/v2/ConText.owl#Lexicon> -> <http://blulab.chpc.utah.edu/ontologies/v2/ConText.owl#Modifier> -> <http://blulab.chpc.utah.edu/ontologies/v2/ConText.owl#SemanticModifier> -> <http://blulab.chpc.utah.edu/ontologies/v2/ConText.owl#BodySite> -> <http://blulab.chpc.utah.edu/ontologies/schema/endo/colonoscopyQuality.owl#ileum> -> <http://blulab.chpc.utah.edu/ontologies/schema/endo/colonoscopyQuality.owl#Entire_ileum> -> <http://blulab.chpc.utah.edu/ontologies/schema/endo/colonoscopyQuality.owl#Distal_part_of_ileum> -> <http://blulab.chpc.utah.edu/ontologies/schema/endo/colonoscopyQuality.owl#Wall_of_distal_part_of_ileum>, <http://blulab.chpc.utah.edu/ontologies/v2/ConText.owl#Lexicon> -> <http://blulab.chpc.utah.edu/ontologies/v2/ConText.owl#Modifier> -> <http://blulab.chpc.utah.edu/ontologies/v2/ConText.owl#SemanticModifier> -> <http://blulab.chpc.utah.edu/ontologies/v2/ConText.owl#BodySite> -> <http://blulab.chpc.utah.edu/ontologies/schema/endo/colonoscopyQuality.owl#ileum> -> <http://blulab.chpc.utah.edu/ontologies/schema/endo/colonoscopyQuality.owl#Region_of_ileum> -> <http://blulab.chpc.utah.edu/ontologies/schema/endo/colonoscopyQuality.owl#Subdivision_of_wall_of_ileum> -> <http://blulab.chpc.utah.edu/ontologies/schema/endo/colonoscopyQuality.owl#Wall_of_distal_part_of_ileum>, <http://blulab.chpc.utah.edu/ontologies/v2/ConText.owl#Lexicon> -> <http://blulab.chpc.utah.edu/ontologies/v2/ConText.owl#Modifier> -> <http://blulab.chpc.utah.edu/ontologies/v2/ConText.owl#SemanticModifier> -> <http://blulab.chpc.utah.edu/ontologies/v2/ConText.owl#BodySite> -> <http://blulab.chpc.utah.edu/ontologies/schema/endo/colonoscopyQuality.owl#ileum> -> <http://blulab.chpc.utah.edu/ontologies/schema/endo/colonoscopyQuality.owl#Wall_of_ileum> -> <http://blulab.chpc.utah.edu/ontologies/schema/endo/colonoscopyQuality.owl#Wall_of_distal_part_of_ileum>, <http://blulab.chpc.utah.edu/ontologies/v2/ConText.owl#Lexicon> -> <http://blulab.chpc.utah.edu/ontologies/v2/ConText.owl#Modifier> -> <http://blulab.chpc.utah.edu/ontologies/v2/ConText.owl#SemanticModifier> -> <http://blulab.chpc.utah.edu/ontologies/v2/ConText.owl#BodySite> -> <http://blulab.chpc.utah.edu/ontologies/schema/endo/colonoscopyQuality.owl#ileum> -> <http://blulab.chpc.utah.edu/ontologies/schema/endo/colonoscopyQuality.owl#Region_of_ileum> -> <http://blulab.chpc.utah.edu/ontologies/schema/endo/colonoscopyQuality.owl#Wall_of_ileum> -> <http://blulab.chpc.utah.edu/ontologies/schema/endo/colonoscopyQuality.owl#Wall_of_distal_part_of_ileum>, <http://blulab.chpc.utah.edu/ontologies/v2/ConText.owl#Lexicon> -> <http://blulab.chpc.utah.edu/ontologies/v2/ConText.owl#Modifier> -> <http://blulab.chpc.utah.edu/ontologies/v2/ConText.owl#SemanticModifier> -> <http://blulab.chpc.utah.edu/ontologies/v2/ConText.owl#BodySite> -> <http://blulab.chpc.utah.edu/ontologies/schema/endo/colonoscopyQuality.owl#ileum> -> <http://blulab.chpc.utah.edu/ontologies/schema/endo/colonoscopyQuality.owl#Region_of_ileum> -> <http://blulab.chpc.utah.edu/ontologies/schema/endo/colonoscopyQuality.owl#Distal_part_of_ileum> -> <http://blulab.chpc.utah.edu/ontologies/schema/endo/colonoscopyQuality.owl#Wall_of_distal_part_of_ileum>, <http://blulab.chpc.utah.edu/ontologies/v2/ConText.owl#Lexicon> -> <http://blulab.chpc.utah.edu/ontologies/v2/ConText.owl#Modifier> -> <http://blulab.chpc.utah.edu/ontologies/v2/ConText.owl#SemanticModifier> -> <http://blulab.chpc.utah.edu/ontologies/v2/ConText.owl#BodySite> -> <http://blulab.chpc.utah.edu/ontologies/schema/endo/colonoscopyQuality.owl#ileum> -> <http://blulab.chpc.utah.edu/ontologies/schema/endo/colonoscopyQuality.owl#Distal_part_of_ileum> -> <http://blulab.chpc.utah.edu/ontologies/schema/endo/colonoscopyQuality.owl#Wall_of_distal_part_of_ileum>]]

	Modifier: Wall_of_middle_part_of_ileum, uri=http://blulab.chpc.utah.edu/ontologies/schema/endo/colonoscopyQuality.owl#Wall_of_middle_part_of_ileum, type= Semantic, classPath= [<http://blulab.chpc.utah.edu/ontologies/v2/ConText.owl#Lexicon> -> <http://blulab.chpc.utah.edu/ontologies/v2/ConText.owl#Modifier> -> <http://blulab.chpc.utah.edu/ontologies/v2/ConText.owl#SemanticModifier> -> <http://blulab.chpc.utah.edu/ontologies/v2/ConText.owl#BodySite> -> <http://blulab.chpc.utah.edu/ontologies/schema/endo/colonoscopyQuality.owl#ileum> -> <http://blulab.chpc.utah.edu/ontologies/schema/endo/colonoscopyQuality.owl#Entire_ileum> -> <http://blulab.chpc.utah.edu/ontologies/schema/endo/colonoscopyQuality.owl#Structure_of_middle_portion_of_ileum> -> <http://blulab.chpc.utah.edu/ontologies/schema/endo/colonoscopyQuality.owl#Wall_of_middle_part_of_ileum>, <http://blulab.chpc.utah.edu/ontologies/v2/ConText.owl#Lexicon> -> <http://blulab.chpc.utah.edu/ontologies/v2/ConText.owl#Modifier> -> <http://blulab.chpc.utah.edu/ontologies/v2/ConText.owl#SemanticModifier> -> <http://blulab.chpc.utah.edu/ontologies/v2/ConText.owl#BodySite> -> <http://blulab.chpc.utah.edu/ontologies/schema/endo/colonoscopyQuality.owl#ileum> -> <http://blulab.chpc.utah.edu/ontologies/schema/endo/colonoscopyQuality.owl#Region_of_ileum> -> <http://blulab.chpc.utah.edu/ontologies/schema/endo/colonoscopyQuality.owl#Subdivision_of_wall_of_ileum> -> <http://blulab.chpc.utah.edu/ontologies/schema/endo/colonoscopyQuality.owl#Wall_of_middle_part_of_ileum>, <http://blulab.chpc.utah.edu/ontologies/v2/ConText.owl#Lexicon> -> <http://blulab.chpc.utah.edu/ontologies/v2/ConText.owl#Modifier> -> <http://blulab.chpc.utah.edu/ontologies/v2/ConText.owl#SemanticModifier> -> <http://blulab.chpc.utah.edu/ontologies/v2/ConText.owl#BodySite> -> <http://blulab.chpc.utah.edu/ontologies/schema/endo/colonoscopyQuality.owl#ileum> -> <http://blulab.chpc.utah.edu/ontologies/schema/endo/colonoscopyQuality.owl#Wall_of_ileum> -> <http://blulab.chpc.utah.edu/ontologies/schema/endo/colonoscopyQuality.owl#Wall_of_middle_part_of_ileum>, <http://blulab.chpc.utah.edu/ontologies/v2/ConText.owl#Lexicon> -> <http://blulab.chpc.utah.edu/ontologies/v2/ConText.owl#Modifier> -> <http://blulab.chpc.utah.edu/ontologies/v2/ConText.owl#SemanticModifier> -> <http://blulab.chpc.utah.edu/ontologies/v2/ConText.owl#BodySite> -> <http://blulab.chpc.utah.edu/ontologies/schema/endo/colonoscopyQuality.owl#ileum> -> <http://blulab.chpc.utah.edu/ontologies/schema/endo/colonoscopyQuality.owl#Region_of_ileum> -> <http://blulab.chpc.utah.edu/ontologies/schema/endo/colonoscopyQuality.owl#Wall_of_ileum> -> <http://blulab.chpc.utah.edu/ontologies/schema/endo/colonoscopyQuality.owl#Wall_of_middle_part_of_ileum>, <http://blulab.chpc.utah.edu/ontologies/v2/ConText.owl#Lexicon> -> <http://blulab.chpc.utah.edu/ontologies/v2/ConText.owl#Modifier> -> <http://blulab.chpc.utah.edu/ontologies/v2/ConText.owl#SemanticModifier> -> <http://blulab.chpc.utah.edu/ontologies/v2/ConText.owl#BodySite> -> <http://blulab.chpc.utah.edu/ontologies/schema/endo/colonoscopyQuality.owl#ileum> -> <http://blulab.chpc.utah.edu/ontologies/schema/endo/colonoscopyQuality.owl#Region_of_ileum> -> <http://blulab.chpc.utah.edu/ontologies/schema/endo/colonoscopyQuality.owl#Structure_of_middle_portion_of_ileum> -> <http://blulab.chpc.utah.edu/ontologies/schema/endo/colonoscopyQuality.owl#Wall_of_middle_part_of_ileum>, <http://blulab.chpc.utah.edu/ontologies/v2/ConText.owl#Lexicon> -> <http://blulab.chpc.utah.edu/ontologies/v2/ConText.owl#Modifier> -> <http://blulab.chpc.utah.edu/ontologies/v2/ConText.owl#SemanticModifier> -> <http://blulab.chpc.utah.edu/ontologies/v2/ConText.owl#BodySite> -> <http://blulab.chpc.utah.edu/ontologies/schema/endo/colonoscopyQuality.owl#ileum> -> <http://blulab.chpc.utah.edu/ontologies/schema/endo/colonoscopyQuality.owl#Structure_of_middle_portion_of_ileum> -> <http://blulab.chpc.utah.edu/ontologies/schema/endo/colonoscopyQuality.owl#Wall_of_middle_part_of_ileum>]]

	Modifier: Wall_of_proximal_part_of_ileum, uri=http://blulab.chpc.utah.edu/ontologies/schema/endo/colonoscopyQuality.owl#Wall_of_proximal_part_of_ileum, type= Semantic, classPath= [<http://blulab.chpc.utah.edu/ontologies/v2/ConText.owl#Lexicon> -> <http://blulab.chpc.utah.edu/ontologies/v2/ConText.owl#Modifier> -> <http://blulab.chpc.utah.edu/ontologies/v2/ConText.owl#SemanticModifier> -> <http://blulab.chpc.utah.edu/ontologies/v2/ConText.owl#BodySite> -> <http://blulab.chpc.utah.edu/ontologies/schema/endo/colonoscopyQuality.owl#ileum> -> <http://blulab.chpc.utah.edu/ontologies/schema/endo/colonoscopyQuality.owl#Entire_ileum> -> <http://blulab.chpc.utah.edu/ontologies/schema/endo/colonoscopyQuality.owl#Structure_of_proximal_portion_of_ileum> -> <http://blulab.chpc.utah.edu/ontologies/schema/endo/colonoscopyQuality.owl#Wall_of_proximal_part_of_ileum>, <http://blulab.chpc.utah.edu/ontologies/v2/ConText.owl#Lexicon> -> <http://blulab.chpc.utah.edu/ontologies/v2/ConText.owl#Modifier> -> <http://blulab.chpc.utah.edu/ontologies/v2/ConText.owl#SemanticModifier> -> <http://blulab.chpc.utah.edu/ontologies/v2/ConText.owl#BodySite> -> <http://blulab.chpc.utah.edu/ontologies/schema/endo/colonoscopyQuality.owl#ileum> -> <http://blulab.chpc.utah.edu/ontologies/schema/endo/colonoscopyQuality.owl#Region_of_ileum> -> <http://blulab.chpc.utah.edu/ontologies/schema/endo/colonoscopyQuality.owl#Subdivision_of_wall_of_ileum> -> <http://blulab.chpc.utah.edu/ontologies/schema/endo/colonoscopyQuality.owl#Wall_of_proximal_part_of_ileum>, <http://blulab.chpc.utah.edu/ontologies/v2/ConText.owl#Lexicon> -> <http://blulab.chpc.utah.edu/ontologies/v2/ConText.owl#Modifier> -> <http://blulab.chpc.utah.edu/ontologies/v2/ConText.owl#SemanticModifier> -> <http://blulab.chpc.utah.edu/ontologies/v2/ConText.owl#BodySite> -> <http://blulab.chpc.utah.edu/ontologies/schema/endo/colonoscopyQuality.owl#ileum> -> <http://blulab.chpc.utah.edu/ontologies/schema/endo/colonoscopyQuality.owl#Wall_of_ileum> -> <http://blulab.chpc.utah.edu/ontologies/schema/endo/colonoscopyQuality.owl#Wall_of_proximal_part_of_ileum>, <http://blulab.chpc.utah.edu/ontologies/v2/ConText.owl#Lexicon> -> <http://blulab.chpc.utah.edu/ontologies/v2/ConText.owl#Modifier> -> <http://blulab.chpc.utah.edu/ontologies/v2/ConText.owl#SemanticModifier> -> <http://blulab.chpc.utah.edu/ontologies/v2/ConText.owl#BodySite> -> <http://blulab.chpc.utah.edu/ontologies/schema/endo/colonoscopyQuality.owl#ileum> -> <http://blulab.chpc.utah.edu/ontologies/schema/endo/colonoscopyQuality.owl#Region_of_ileum> -> <http://blulab.chpc.utah.edu/ontologies/schema/endo/colonoscopyQuality.owl#Wall_of_ileum> -> <http://blulab.chpc.utah.edu/ontologies/schema/endo/colonoscopyQuality.owl#Wall_of_proximal_part_of_ileum>, <http://blulab.chpc.utah.edu/ontologies/v2/ConText.owl#Lexicon> -> <http://blulab.chpc.utah.edu/ontologies/v2/ConText.owl#Modifier> -> <http://blulab.chpc.utah.edu/ontologies/v2/ConText.owl#SemanticModifier> -> <http://blulab.chpc.utah.edu/ontologies/v2/ConText.owl#BodySite> -> <http://blulab.chpc.utah.edu/ontologies/schema/endo/colonoscopyQuality.owl#ileum> -> <http://blulab.chpc.utah.edu/ontologies/schema/endo/colonoscopyQuality.owl#Region_of_ileum> -> <http://blulab.chpc.utah.edu/ontologies/schema/endo/colonoscopyQuality.owl#Structure_of_proximal_portion_of_ileum> -> <http://blulab.chpc.utah.edu/ontologies/schema/endo/colonoscopyQuality.owl#Wall_of_proximal_part_of_ileum>, <http://blulab.chpc.utah.edu/ontologies/v2/ConText.owl#Lexicon> -> <http://blulab.chpc.utah.edu/ontologies/v2/ConText.owl#Modifier> -> <http://blulab.chpc.utah.edu/ontologies/v2/ConText.owl#SemanticModifier> -> <http://blulab.chpc.utah.edu/ontologies/v2/ConText.owl#BodySite> -> <http://blulab.chpc.utah.edu/ontologies/schema/endo/colonoscopyQuality.owl#ileum> -> <http://blulab.chpc.utah.edu/ontologies/schema/endo/colonoscopyQuality.owl#Structure_of_proximal_portion_of_ileum> -> <http://blulab.chpc.utah.edu/ontologies/schema/endo/colonoscopyQuality.owl#Wall_of_proximal_part_of_ileum>]]

	Modifier: Structure_of_ileal_lumen, uri=http://blulab.chpc.utah.edu/ontologies/schema/endo/colonoscopyQuality.owl#Structure_of_ileal_lumen, type= Semantic, classPath= [<http://blulab.chpc.utah.edu/ontologies/v2/ConText.owl#Lexicon> -> <http://blulab.chpc.utah.edu/ontologies/v2/ConText.owl#Modifier> -> <http://blulab.chpc.utah.edu/ontologies/v2/ConText.owl#SemanticModifier> -> <http://blulab.chpc.utah.edu/ontologies/v2/ConText.owl#BodySite> -> <http://blulab.chpc.utah.edu/ontologies/schema/endo/colonoscopyQuality.owl#ileum> -> <http://blulab.chpc.utah.edu/ontologies/schema/endo/colonoscopyQuality.owl#Entire_ileum> -> <http://blulab.chpc.utah.edu/ontologies/schema/endo/colonoscopyQuality.owl#Structure_of_ileal_lumen>, <http://blulab.chpc.utah.edu/ontologies/v2/ConText.owl#Lexicon> -> <http://blulab.chpc.utah.edu/ontologies/v2/ConText.owl#Modifier> -> <http://blulab.chpc.utah.edu/ontologies/v2/ConText.owl#SemanticModifier> -> <http://blulab.chpc.utah.edu/ontologies/v2/ConText.owl#BodySite> -> <http://blulab.chpc.utah.edu/ontologies/schema/endo/colonoscopyQuality.owl#ileum> -> <http://blulab.chpc.utah.edu/ontologies/schema/endo/colonoscopyQuality.owl#Structure_of_ileal_lumen>]]

	Modifier: Structure_of_middle_portion_of_ileum, uri=http://blulab.chpc.utah.edu/ontologies/schema/endo/colonoscopyQuality.owl#Structure_of_middle_portion_of_ileum, type= Semantic, classPath= [<http://blulab.chpc.utah.edu/ontologies/v2/ConText.owl#Lexicon> -> <http://blulab.chpc.utah.edu/ontologies/v2/ConText.owl#Modifier> -> <http://blulab.chpc.utah.edu/ontologies/v2/ConText.owl#SemanticModifier> -> <http://blulab.chpc.utah.edu/ontologies/v2/ConText.owl#BodySite> -> <http://blulab.chpc.utah.edu/ontologies/schema/endo/colonoscopyQuality.owl#ileum> -> <http://blulab.chpc.utah.edu/ontologies/schema/endo/colonoscopyQuality.owl#Entire_ileum> -> <http://blulab.chpc.utah.edu/ontologies/schema/endo/colonoscopyQuality.owl#Structure_of_middle_portion_of_ileum>, <http://blulab.chpc.utah.edu/ontologies/v2/ConText.owl#Lexicon> -> <http://blulab.chpc.utah.edu/ontologies/v2/ConText.owl#Modifier> -> <http://blulab.chpc.utah.edu/ontologies/v2/ConText.owl#SemanticModifier> -> <http://blulab.chpc.utah.edu/ontologies/v2/ConText.owl#BodySite> -> <http://blulab.chpc.utah.edu/ontologies/schema/endo/colonoscopyQuality.owl#ileum> -> <http://blulab.chpc.utah.edu/ontologies/schema/endo/colonoscopyQuality.owl#Region_of_ileum> -> <http://blulab.chpc.utah.edu/ontologies/schema/endo/colonoscopyQuality.owl#Structure_of_middle_portion_of_ileum>, <http://blulab.chpc.utah.edu/ontologies/v2/ConText.owl#Lexicon> -> <http://blulab.chpc.utah.edu/ontologies/v2/ConText.owl#Modifier> -> <http://blulab.chpc.utah.edu/ontologies/v2/ConText.owl#SemanticModifier> -> <http://blulab.chpc.utah.edu/ontologies/v2/ConText.owl#BodySite> -> <http://blulab.chpc.utah.edu/ontologies/schema/endo/colonoscopyQuality.owl#ileum> -> <http://blulab.chpc.utah.edu/ontologies/schema/endo/colonoscopyQuality.owl#Structure_of_middle_portion_of_ileum>]]

	Modifier: Structure_of_peri_ileal_tissue, uri=http://blulab.chpc.utah.edu/ontologies/schema/endo/colonoscopyQuality.owl#Structure_of_peri_ileal_tissue, type= Semantic, classPath= [<http://blulab.chpc.utah.edu/ontologies/v2/ConText.owl#Lexicon> -> <http://blulab.chpc.utah.edu/ontologies/v2/ConText.owl#Modifier> -> <http://blulab.chpc.utah.edu/ontologies/v2/ConText.owl#SemanticModifier> -> <http://blulab.chpc.utah.edu/ontologies/v2/ConText.owl#BodySite> -> <http://blulab.chpc.utah.edu/ontologies/schema/endo/colonoscopyQuality.owl#ileum> -> <http://blulab.chpc.utah.edu/ontologies/schema/endo/colonoscopyQuality.owl#Structure_of_peri_ileal_tissue>]]

	Modifier: Entire_peri_ileal_tissue, uri=http://blulab.chpc.utah.edu/ontologies/schema/endo/colonoscopyQuality.owl#Entire_peri_ileal_tissue, type= Semantic, classPath= [<http://blulab.chpc.utah.edu/ontologies/v2/ConText.owl#Lexicon> -> <http://blulab.chpc.utah.edu/ontologies/v2/ConText.owl#Modifier> -> <http://blulab.chpc.utah.edu/ontologies/v2/ConText.owl#SemanticModifier> -> <http://blulab.chpc.utah.edu/ontologies/v2/ConText.owl#BodySite> -> <http://blulab.chpc.utah.edu/ontologies/schema/endo/colonoscopyQuality.owl#ileum> -> <http://blulab.chpc.utah.edu/ontologies/schema/endo/colonoscopyQuality.owl#Structure_of_peri_ileal_tissue> -> <http://blulab.chpc.utah.edu/ontologies/schema/endo/colonoscopyQuality.owl#Entire_peri_ileal_tissue>]]

	Modifier: Structure_of_proximal_portion_of_ileum, uri=http://blulab.chpc.utah.edu/ontologies/schema/endo/colonoscopyQuality.owl#Structure_of_proximal_portion_of_ileum, type= Semantic, classPath= [<http://blulab.chpc.utah.edu/ontologies/v2/ConText.owl#Lexicon> -> <http://blulab.chpc.utah.edu/ontologies/v2/ConText.owl#Modifier> -> <http://blulab.chpc.utah.edu/ontologies/v2/ConText.owl#SemanticModifier> -> <http://blulab.chpc.utah.edu/ontologies/v2/ConText.owl#BodySite> -> <http://blulab.chpc.utah.edu/ontologies/schema/endo/colonoscopyQuality.owl#ileum> -> <http://blulab.chpc.utah.edu/ontologies/schema/endo/colonoscopyQuality.owl#Entire_ileum> -> <http://blulab.chpc.utah.edu/ontologies/schema/endo/colonoscopyQuality.owl#Structure_of_proximal_portion_of_ileum>, <http://blulab.chpc.utah.edu/ontologies/v2/ConText.owl#Lexicon> -> <http://blulab.chpc.utah.edu/ontologies/v2/ConText.owl#Modifier> -> <http://blulab.chpc.utah.edu/ontologies/v2/ConText.owl#SemanticModifier> -> <http://blulab.chpc.utah.edu/ontologies/v2/ConText.owl#BodySite> -> <http://blulab.chpc.utah.edu/ontologies/schema/endo/colonoscopyQuality.owl#ileum> -> <http://blulab.chpc.utah.edu/ontologies/schema/endo/colonoscopyQuality.owl#Region_of_ileum> -> <http://blulab.chpc.utah.edu/ontologies/schema/endo/colonoscopyQuality.owl#Structure_of_proximal_portion_of_ileum>, <http://blulab.chpc.utah.edu/ontologies/v2/ConText.owl#Lexicon> -> <http://blulab.chpc.utah.edu/ontologies/v2/ConText.owl#Modifier> -> <http://blulab.chpc.utah.edu/ontologies/v2/ConText.owl#SemanticModifier> -> <http://blulab.chpc.utah.edu/ontologies/v2/ConText.owl#BodySite> -> <http://blulab.chpc.utah.edu/ontologies/schema/endo/colonoscopyQuality.owl#ileum> -> <http://blulab.chpc.utah.edu/ontologies/schema/endo/colonoscopyQuality.owl#Structure_of_proximal_portion_of_ileum>]]

	Modifier: Wall_of_ileum, uri=http://blulab.chpc.utah.edu/ontologies/schema/endo/colonoscopyQuality.owl#Wall_of_ileum, type= Semantic, classPath= [<http://blulab.chpc.utah.edu/ontologies/v2/ConText.owl#Lexicon> -> <http://blulab.chpc.utah.edu/ontologies/v2/ConText.owl#Modifier> -> <http://blulab.chpc.utah.edu/ontologies/v2/ConText.owl#SemanticModifier> -> <http://blulab.chpc.utah.edu/ontologies/v2/ConText.owl#BodySite> -> <http://blulab.chpc.utah.edu/ontologies/schema/endo/colonoscopyQuality.owl#ileum> -> <http://blulab.chpc.utah.edu/ontologies/schema/endo/colonoscopyQuality.owl#Region_of_ileum> -> <http://blulab.chpc.utah.edu/ontologies/schema/endo/colonoscopyQuality.owl#Wall_of_ileum>, <http://blulab.chpc.utah.edu/ontologies/v2/ConText.owl#Lexicon> -> <http://blulab.chpc.utah.edu/ontologies/v2/ConText.owl#Modifier> -> <http://blulab.chpc.utah.edu/ontologies/v2/ConText.owl#SemanticModifier> -> <http://blulab.chpc.utah.edu/ontologies/v2/ConText.owl#BodySite> -> <http://blulab.chpc.utah.edu/ontologies/schema/endo/colonoscopyQuality.owl#ileum> -> <http://blulab.chpc.utah.edu/ontologies/schema/endo/colonoscopyQuality.owl#Wall_of_ileum>]]

	Modifier: Adequate, uri=http://blulab.chpc.utah.edu/ontologies/schema/endo/colonoscopyQuality.owl#Adequate, type= Semantic, classPath= [<http://blulab.chpc.utah.edu/ontologies/v2/ConText.owl#Lexicon> -> <http://blulab.chpc.utah.edu/ontologies/v2/ConText.owl#Modifier> -> <http://blulab.chpc.utah.edu/ontologies/v2/ConText.owl#SemanticModifier> -> <http://blulab.chpc.utah.edu/ontologies/v2/ConText.owl#OrdinalInterpretation> -> <http://blulab.chpc.utah.edu/ontologies/schema/endo/colonoscopyQuality.owl#Adequate>]]

	Modifier: Excellent, uri=http://blulab.chpc.utah.edu/ontologies/schema/endo/colonoscopyQuality.owl#Excellent, type= Semantic, classPath= [<http://blulab.chpc.utah.edu/ontologies/v2/ConText.owl#Lexicon> -> <http://blulab.chpc.utah.edu/ontologies/v2/ConText.owl#Modifier> -> <http://blulab.chpc.utah.edu/ontologies/v2/ConText.owl#SemanticModifier> -> <http://blulab.chpc.utah.edu/ontologies/v2/ConText.owl#OrdinalInterpretation> -> <http://blulab.chpc.utah.edu/ontologies/schema/endo/colonoscopyQuality.owl#Excellent>]]

	Modifier: Fair, uri=http://blulab.chpc.utah.edu/ontologies/schema/endo/colonoscopyQuality.owl#Fair, type= Semantic, classPath= [<http://blulab.chpc.utah.edu/ontologies/v2/ConText.owl#Lexicon> -> <http://blulab.chpc.utah.edu/ontologies/v2/ConText.owl#Modifier> -> <http://blulab.chpc.utah.edu/ontologies/v2/ConText.owl#SemanticModifier> -> <http://blulab.chpc.utah.edu/ontologies/v2/ConText.owl#OrdinalInterpretation> -> <http://blulab.chpc.utah.edu/ontologies/schema/endo/colonoscopyQuality.owl#Fair>]]

	Modifier: Good, uri=http://blulab.chpc.utah.edu/ontologies/schema/endo/colonoscopyQuality.owl#Good, type= Semantic, classPath= [<http://blulab.chpc.utah.edu/ontologies/v2/ConText.owl#Lexicon> -> <http://blulab.chpc.utah.edu/ontologies/v2/ConText.owl#Modifier> -> <http://blulab.chpc.utah.edu/ontologies/v2/ConText.owl#SemanticModifier> -> <http://blulab.chpc.utah.edu/ontologies/v2/ConText.owl#OrdinalInterpretation> -> <http://blulab.chpc.utah.edu/ontologies/schema/endo/colonoscopyQuality.owl#Good>]]

	Modifier: Inadequate, uri=http://blulab.chpc.utah.edu/ontologies/schema/endo/colonoscopyQuality.owl#Inadequate, type= Semantic, classPath= [<http://blulab.chpc.utah.edu/ontologies/v2/ConText.owl#Lexicon> -> <http://blulab.chpc.utah.edu/ontologies/v2/ConText.owl#Modifier> -> <http://blulab.chpc.utah.edu/ontologies/v2/ConText.owl#SemanticModifier> -> <http://blulab.chpc.utah.edu/ontologies/v2/ConText.owl#OrdinalInterpretation> -> <http://blulab.chpc.utah.edu/ontologies/schema/endo/colonoscopyQuality.owl#Inadequate>]]

	Modifier: Optimum, uri=http://blulab.chpc.utah.edu/ontologies/schema/endo/colonoscopyQuality.owl#Optimum, type= Semantic, classPath= [<http://blulab.chpc.utah.edu/ontologies/v2/ConText.owl#Lexicon> -> <http://blulab.chpc.utah.edu/ontologies/v2/ConText.owl#Modifier> -> <http://blulab.chpc.utah.edu/ontologies/v2/ConText.owl#SemanticModifier> -> <http://blulab.chpc.utah.edu/ontologies/v2/ConText.owl#OrdinalInterpretation> -> <http://blulab.chpc.utah.edu/ontologies/schema/endo/colonoscopyQuality.owl#Optimum>]]

	Modifier: Poor_qualifier, uri=http://blulab.chpc.utah.edu/ontologies/schema/endo/colonoscopyQuality.owl#Poor_qualifier, type= Semantic, classPath= [<http://blulab.chpc.utah.edu/ontologies/v2/ConText.owl#Lexicon> -> <http://blulab.chpc.utah.edu/ontologies/v2/ConText.owl#Modifier> -> <http://blulab.chpc.utah.edu/ontologies/v2/ConText.owl#SemanticModifier> -> <http://blulab.chpc.utah.edu/ontologies/v2/ConText.owl#OrdinalInterpretation> -> <http://blulab.chpc.utah.edu/ontologies/schema/endo/colonoscopyQuality.owl#Poor_qualifier>]]

	Modifier: Suboptimal, uri=http://blulab.chpc.utah.edu/ontologies/schema/endo/colonoscopyQuality.owl#Suboptimal, type= Semantic, classPath= [<http://blulab.chpc.utah.edu/ontologies/v2/ConText.owl#Lexicon> -> <http://blulab.chpc.utah.edu/ontologies/v2/ConText.owl#Modifier> -> <http://blulab.chpc.utah.edu/ontologies/v2/ConText.owl#SemanticModifier> -> <http://blulab.chpc.utah.edu/ontologies/v2/ConText.owl#OrdinalInterpretation> -> <http://blulab.chpc.utah.edu/ontologies/schema/endo/colonoscopyQuality.owl#Suboptimal>]]

	Modifier: Unspecified, uri=http://blulab.chpc.utah.edu/ontologies/schema/endo/colonoscopyQuality.owl#Unspecified, type= Semantic, classPath= [<http://blulab.chpc.utah.edu/ontologies/v2/ConText.owl#Lexicon> -> <http://blulab.chpc.utah.edu/ontologies/v2/ConText.owl#Modifier> -> <http://blulab.chpc.utah.edu/ontologies/v2/ConText.owl#SemanticModifier> -> <http://blulab.chpc.utah.edu/ontologies/v2/ConText.owl#OrdinalInterpretation> -> <http://blulab.chpc.utah.edu/ontologies/schema/endo/colonoscopyQuality.owl#Unspecified>]]

	Modifier: Completed_ProcedureCompletion, uri=http://blulab.chpc.utah.edu/ontologies/schema/endo/colonoscopyQuality.owl#Completed_ProcedureCompletion, type= Semantic, classPath= [<http://blulab.chpc.utah.edu/ontologies/v2/ConText.owl#Lexicon> -> <http://blulab.chpc.utah.edu/ontologies/v2/ConText.owl#Modifier> -> <http://blulab.chpc.utah.edu/ontologies/v2/ConText.owl#SemanticModifier> -> <http://blulab.chpc.utah.edu/ontologies/v2/ConText.owl#ProcedureCompletionStatus> -> <http://blulab.chpc.utah.edu/ontologies/schema/endo/colonoscopyQuality.owl#Completed_ProcedureCompletion>]]

	Modifier: Incomplete_ProcedureCompletion, uri=http://blulab.chpc.utah.edu/ontologies/schema/endo/colonoscopyQuality.owl#Incomplete_ProcedureCompletion, type= Semantic, classPath= [<http://blulab.chpc.utah.edu/ontologies/v2/ConText.owl#Lexicon> -> <http://blulab.chpc.utah.edu/ontologies/v2/ConText.owl#Modifier> -> <http://blulab.chpc.utah.edu/ontologies/v2/ConText.owl#SemanticModifier> -> <http://blulab.chpc.utah.edu/ontologies/v2/ConText.owl#ProcedureCompletionStatus> -> <http://blulab.chpc.utah.edu/ontologies/schema/endo/colonoscopyQuality.owl#Incomplete_ProcedureCompletion>]]

	Modifier: NotAvailable_ProcedureCompletion, uri=http://blulab.chpc.utah.edu/ontologies/schema/endo/colonoscopyQuality.owl#NotAvailable_ProcedureCompletion, type= Semantic, classPath= [<http://blulab.chpc.utah.edu/ontologies/v2/ConText.owl#Lexicon> -> <http://blulab.chpc.utah.edu/ontologies/v2/ConText.owl#Modifier> -> <http://blulab.chpc.utah.edu/ontologies/v2/ConText.owl#SemanticModifier> -> <http://blulab.chpc.utah.edu/ontologies/v2/ConText.owl#ProcedureCompletionStatus> -> <http://blulab.chpc.utah.edu/ontologies/schema/endo/colonoscopyQuality.owl#NotAvailable_ProcedureCompletion>]]

	Modifier: Fatal_Severity, uri=http://blulab.chpc.utah.edu/ontologies/schema/endo/colonoscopyQuality.owl#Fatal_Severity, type= Semantic, classPath= [<http://blulab.chpc.utah.edu/ontologies/v2/ConText.owl#Lexicon> -> <http://blulab.chpc.utah.edu/ontologies/v2/ConText.owl#Modifier> -> <http://blulab.chpc.utah.edu/ontologies/v2/ConText.owl#SemanticModifier> -> <http://blulab.chpc.utah.edu/ontologies/v2/ConText.owl#Severity> -> <http://blulab.chpc.utah.edu/ontologies/schema/endo/colonoscopyQuality.owl#Fatal_Severity>]]

	Modifier: LifeThreatening_Severity, uri=http://blulab.chpc.utah.edu/ontologies/schema/endo/colonoscopyQuality.owl#LifeThreatening_Severity, type= Semantic, classPath= [<http://blulab.chpc.utah.edu/ontologies/v2/ConText.owl#Lexicon> -> <http://blulab.chpc.utah.edu/ontologies/v2/ConText.owl#Modifier> -> <http://blulab.chpc.utah.edu/ontologies/v2/ConText.owl#SemanticModifier> -> <http://blulab.chpc.utah.edu/ontologies/v2/ConText.owl#Severity> -> <http://blulab.chpc.utah.edu/ontologies/schema/endo/colonoscopyQuality.owl#LifeThreatening_Severity>]]

	Modifier: MildToModerate_Severity, uri=http://blulab.chpc.utah.edu/ontologies/schema/endo/colonoscopyQuality.owl#MildToModerate_Severity, type= Semantic, classPath= [<http://blulab.chpc.utah.edu/ontologies/v2/ConText.owl#Lexicon> -> <http://blulab.chpc.utah.edu/ontologies/v2/ConText.owl#Modifier> -> <http://blulab.chpc.utah.edu/ontologies/v2/ConText.owl#SemanticModifier> -> <http://blulab.chpc.utah.edu/ontologies/v2/ConText.owl#Severity> -> <http://blulab.chpc.utah.edu/ontologies/schema/endo/colonoscopyQuality.owl#MildToModerate_Severity>]]

	Modifier: Mild_Severity, uri=http://blulab.chpc.utah.edu/ontologies/schema/endo/colonoscopyQuality.owl#Mild_Severity, type= Semantic, classPath= [<http://blulab.chpc.utah.edu/ontologies/v2/ConText.owl#Lexicon> -> <http://blulab.chpc.utah.edu/ontologies/v2/ConText.owl#Modifier> -> <http://blulab.chpc.utah.edu/ontologies/v2/ConText.owl#SemanticModifier> -> <http://blulab.chpc.utah.edu/ontologies/v2/ConText.owl#Severity> -> <http://blulab.chpc.utah.edu/ontologies/schema/endo/colonoscopyQuality.owl#Mild_Severity>]]

	Modifier: ModerateToSevere_Severity, uri=http://blulab.chpc.utah.edu/ontologies/schema/endo/colonoscopyQuality.owl#ModerateToSevere_Severity, type= Semantic, classPath= [<http://blulab.chpc.utah.edu/ontologies/v2/ConText.owl#Lexicon> -> <http://blulab.chpc.utah.edu/ontologies/v2/ConText.owl#Modifier> -> <http://blulab.chpc.utah.edu/ontologies/v2/ConText.owl#SemanticModifier> -> <http://blulab.chpc.utah.edu/ontologies/v2/ConText.owl#Severity> -> <http://blulab.chpc.utah.edu/ontologies/schema/endo/colonoscopyQuality.owl#ModerateToSevere_Severity>]]

	Modifier: Moderate_Severity, uri=http://blulab.chpc.utah.edu/ontologies/schema/endo/colonoscopyQuality.owl#Moderate_Severity, type= Semantic, classPath= [<http://blulab.chpc.utah.edu/ontologies/v2/ConText.owl#Lexicon> -> <http://blulab.chpc.utah.edu/ontologies/v2/ConText.owl#Modifier> -> <http://blulab.chpc.utah.edu/ontologies/v2/ConText.owl#SemanticModifier> -> <http://blulab.chpc.utah.edu/ontologies/v2/ConText.owl#Severity> -> <http://blulab.chpc.utah.edu/ontologies/schema/endo/colonoscopyQuality.owl#Moderate_Severity>]]

	Modifier: Severe_Severity, uri=http://blulab.chpc.utah.edu/ontologies/schema/endo/colonoscopyQuality.owl#Severe_Severity, type= Semantic, classPath= [<http://blulab.chpc.utah.edu/ontologies/v2/ConText.owl#Lexicon> -> <http://blulab.chpc.utah.edu/ontologies/v2/ConText.owl#Modifier> -> <http://blulab.chpc.utah.edu/ontologies/v2/ConText.owl#SemanticModifier> -> <http://blulab.chpc.utah.edu/ontologies/v2/ConText.owl#Severity> -> <http://blulab.chpc.utah.edu/ontologies/schema/endo/colonoscopyQuality.owl#Severe_Severity>]]

	Modifier: ExamExtentDistance, uri=http://blulab.chpc.utah.edu/ontologies/schema/endo/colonoscopyQuality.owl#ExamExtentDistance, type= Numeric, classPath= [<http://blulab.chpc.utah.edu/ontologies/v2/ConText.owl#Lexicon> -> <http://blulab.chpc.utah.edu/ontologies/v2/ConText.owl#Modifier> -> <http://blulab.chpc.utah.edu/ontologies/v2/ConText.owl#NumericModifier> -> <http://blulab.chpc.utah.edu/ontologies/v2/ConText.owl#Quantity> -> <http://blulab.chpc.utah.edu/ontologies/schema/endo/colonoscopyQuality.owl#ExamExtentDistance>]]

	Modifier: LocationDistance, uri=http://blulab.chpc.utah.edu/ontologies/schema/endo/colonoscopyQuality.owl#LocationDistance, type= Numeric, classPath= [<http://blulab.chpc.utah.edu/ontologies/v2/ConText.owl#Lexicon> -> <http://blulab.chpc.utah.edu/ontologies/v2/ConText.owl#Modifier> -> <http://blulab.chpc.utah.edu/ontologies/v2/ConText.owl#NumericModifier> -> <http://blulab.chpc.utah.edu/ontologies/v2/ConText.owl#Quantity> -> <http://blulab.chpc.utah.edu/ontologies/schema/endo/colonoscopyQuality.owl#LocationDistance>]]

	Modifier: SizeInCM, uri=http://blulab.chpc.utah.edu/ontologies/schema/endo/colonoscopyQuality.owl#SizeInCM, type= Numeric, classPath= [<http://blulab.chpc.utah.edu/ontologies/v2/ConText.owl#Lexicon> -> <http://blulab.chpc.utah.edu/ontologies/v2/ConText.owl#Modifier> -> <http://blulab.chpc.utah.edu/ontologies/v2/ConText.owl#NumericModifier> -> <http://blulab.chpc.utah.edu/ontologies/v2/ConText.owl#Quantity> -> <http://blulab.chpc.utah.edu/ontologies/schema/endo/colonoscopyQuality.owl#SizeInCM>]]

	Modifier: SizeInMM, uri=http://blulab.chpc.utah.edu/ontologies/schema/endo/colonoscopyQuality.owl#SizeInMM, type= Numeric, classPath= [<http://blulab.chpc.utah.edu/ontologies/v2/ConText.owl#Lexicon> -> <http://blulab.chpc.utah.edu/ontologies/v2/ConText.owl#Modifier> -> <http://blulab.chpc.utah.edu/ontologies/v2/ConText.owl#NumericModifier> -> <http://blulab.chpc.utah.edu/ontologies/v2/ConText.owl#Quantity> -> <http://blulab.chpc.utah.edu/ontologies/schema/endo/colonoscopyQuality.owl#SizeInMM>]]
]]></system-out>
  <system-err><![CDATA[Numeric modifier is not type Quantity
Numeric modifier is not type Quantity
Numeric modifier is not type Quantity
]]></system-err>
</testsuite>
